<?xml version="1.0" encoding="UTF-8"?><TestSessionContainer xmlns="http://www.codecover.org/xml/testsession-container" Date="1414001204430" TestSessionContainerId="58812236-66d7-48d0-b5a2-2368f5504eb7" version="1.0">
<SrcFileList>
<SrcFile Content="package test;&#10;&#10;import static org.junit.Assert.*;&#10;&#10;import org.junit.After;&#10;import org.junit.AfterClass;&#10;import org.junit.Before;&#10;import org.junit.BeforeClass;&#10;import org.junit.Test;&#10;&#10;import bill.CorrectedBill;&#10;&#10;public class BillTest {&#10;&#10;&#9;@BeforeClass&#10;&#9;public static void setUpBeforeClass() throws Exception {&#10;&#9;}&#10;&#10;&#9;@AfterClass&#10;&#9;public static void tearDownAfterClass() throws Exception {&#10;&#9;}&#10;&#10;&#9;@Before&#10;&#9;public void setUp() throws Exception {&#10;&#9;}&#10;&#10;&#9;@After&#10;&#9;public void tearDown() throws Exception {&#10;&#9;}&#10;&#9;&#10;&#9;@Test&#10;&#9;public void testcase1() {&#10;&#9;&#9;//Conformance Test&#10;&#9;&#9;CorrectedBill aBill = new CorrectedBill();&#10;&#9;&#9;assertEquals(&quot;inPreparation&quot;, aBill.getBillState());&#10;&#9;&#9;aBill.introduceInHouse();&#10;&#9;&#9;assertEquals(&quot;firstReading&quot;, aBill.getBillStateInHouseOfCommons());&#10;&#9;&#9;aBill.withdraw();&#10;&#9;&#9;assertEquals(&quot;withdrawn&quot;, aBill.getBillState());&#10;&#9;&#9;aBill.modify();&#10;&#9;&#9;assertEquals(&quot;inPreparation&quot;, aBill.getBillState());&#10;&#9;&#9;&#10;&#9;&#9;//Sneak Paths&#10;&#9;&#9;//Test ID 1.1&#10;&#9;&#9;aBill.votePasses();&#10;&#9;&#9;assertEquals(&quot;inPreparation&quot;, aBill.getBillState());&#10;&#9;&#9;//Test ID 1.2&#10;&#9;&#9;aBill.voteFails();&#10;&#9;&#9;//Test ID 1.3&#10;&#9;&#9;assertEquals(&quot;inPreparation&quot;, aBill.getBillState());&#10;&#9;&#9;//Test ID 1.4&#10;&#9;&#9;aBill.withdraw();&#10;&#9;&#9;assertEquals(&quot;inPreparation&quot;, aBill.getBillState());&#10;&#9;&#9;//Test ID 1.5&#10;&#9;&#9;aBill.royalAssent();&#10;&#9;&#9;assertEquals(&quot;inPreparation&quot;, aBill.getBillState());&#10;&#9;&#9;//Test ID 1.6&#10;&#9;&#9;aBill.modify();&#10;&#9;&#9;assertEquals(&quot;inPreparation&quot;, aBill.getBillState());&#10;&#9;}&#10;&#9;&#10;&#9;@Test&#10;&#9;public void testcase2() {&#10;&#9;&#9;//Conformance Test&#10;&#9;&#9;CorrectedBill aBill = new CorrectedBill();&#10;&#9;&#9;assertEquals(&quot;inPreparation&quot;, aBill.getBillState());&#10;&#9;&#9;aBill.introduceInHouse();&#10;&#9;&#9;assertEquals(&quot;firstReading&quot;, aBill.getBillStateInHouseOfCommons());&#10;&#9;&#9;System.out.println(aBill.getBillState());&#10;&#9;&#9;aBill.voteFails();&#10;&#9;&#9;//error: should go to withdrawn state, but enters secondReading instead&#10;&#9;&#9;assertEquals(&quot;withdrawn&quot;, aBill.getBillState());&#10;&#10;&#9;&#9;//Sneak Paths&#10;&#9;&#9;//Test ID 2.1&#10;&#9;&#9;aBill.votePasses();&#10;&#9;&#9;assertEquals(&quot;withdrawn&quot;, aBill.getBillState());&#10;&#9;&#9;//Test ID 2.2&#10;&#9;&#9;aBill.voteFails();&#10;&#9;&#9;assertEquals(&quot;withdrawn&quot;, aBill.getBillState());&#10;&#9;&#9;//Test ID 2.3&#10;&#9;&#9;aBill.withdraw();&#10;&#9;&#9;assertEquals(&quot;withdrawn&quot;, aBill.getBillState());&#10;&#9;&#9;//Test ID 2.4&#10;&#9;&#9;aBill.introduceInHouse();&#10;&#9;&#9;assertEquals(&quot;withdrawn&quot;, aBill.getBillState());&#10;&#9;&#9;//Test ID 2.5&#10;&#9;&#9;aBill.introduceInSenate();&#10;&#9;&#9;assertEquals(&quot;withdrawn&quot;, aBill.getBillState());&#10;&#9;&#9;//Test ID 2.6&#10;&#9;&#9;aBill.royalAssent();&#10;&#9;&#9;assertEquals(&quot;withdrawn&quot;, aBill.getBillState());&#10;&#9;}&#10;&#9;&#10;&#9;@Test&#10;&#9;public void testcase3() {&#10;&#9;&#9;//Conformance Test&#10;&#9;&#9;CorrectedBill aBill = new CorrectedBill();&#10;&#9;&#9;assertEquals(&quot;inPreparation&quot;, aBill.getBillState());&#10;&#9;&#9;aBill.introduceInHouse();&#10;&#9;&#9;assertEquals(&quot;firstReading&quot;, aBill.getBillStateInHouseOfCommons());&#10;&#9;&#9;aBill.votePasses();&#10;&#9;&#9;assertEquals(&quot;secondReading&quot;, aBill.getBillStateInHouseOfCommons());&#10;&#9;&#9;aBill.withdraw();&#10;&#9;&#9;assertEquals(&quot;withdrawn&quot;, aBill.getBillState());&#10;&#9;}&#10;&#9;&#10;&#9;@Test&#10;&#9;public void testcase4() {&#10;&#9;&#9;//Conformance Test&#10;&#9;&#9;CorrectedBill aBill = new CorrectedBill();&#10;&#9;&#9;assertEquals(&quot;inPreparation&quot;, aBill.getBillState());&#10;&#9;&#9;aBill.introduceInHouse();&#10;&#9;&#9;assertEquals(&quot;firstReading&quot;, aBill.getBillStateInHouseOfCommons());&#10;&#9;&#9;aBill.votePasses();&#10;&#9;&#9;assertEquals(&quot;secondReading&quot;, aBill.getBillStateInHouseOfCommons());&#10;&#9;&#9;aBill.voteFails();&#10;&#9;&#9;//error&#10;&#9;&#9;assertEquals(&quot;withdrawn&quot;, aBill.getBillState());&#10;&#9;}&#10;&#9;&#10;&#9;@Test&#10;&#9;public void testcase5() {&#10;&#9;&#9;//Conformance Test&#10;&#9;&#9;CorrectedBill aBill = new CorrectedBill();&#10;&#9;&#9;assertEquals(&quot;inPreparation&quot;, aBill.getBillState());&#10;&#9;&#9;aBill.introduceInHouse();&#10;&#9;&#9;assertEquals(&quot;firstReading&quot;, aBill.getBillStateInHouseOfCommons());&#10;&#9;&#9;aBill.votePasses();&#10;&#9;&#9;assertEquals(&quot;secondReading&quot;, aBill.getBillStateInHouseOfCommons());&#10;&#9;&#9;aBill.votePasses();&#10;&#9;&#9;assertEquals(&quot;committeeConsideration&quot;, aBill.getBillStateInHouseOfCommons());&#10;&#9;&#9;aBill.withdraw();&#10;&#9;&#9;assertEquals(&quot;withdrawn&quot;, aBill.getBillState());&#10;&#9;}&#10;&#9;&#10;&#9;@Test&#10;&#9;public void testcase6() {&#10;&#9;&#9;//Conformance Test&#10;&#9;&#9;CorrectedBill aBill = new CorrectedBill();&#10;&#9;&#9;assertEquals(&quot;inPreparation&quot;, aBill.getBillState());&#10;&#9;&#9;aBill.introduceInHouse();&#10;&#9;&#9;assertEquals(&quot;firstReading&quot;, aBill.getBillStateInHouseOfCommons());&#10;&#9;&#9;aBill.votePasses();&#10;&#9;&#9;assertEquals(&quot;secondReading&quot;, aBill.getBillStateInHouseOfCommons());&#10;&#9;&#9;aBill.votePasses();&#10;&#9;&#9;assertEquals(&quot;committeeConsideration&quot;, aBill.getBillStateInHouseOfCommons());&#10;&#9;&#9;aBill.voteFails();&#10;&#9;&#9;//error&#10;&#9;&#9;assertEquals(&quot;withdrawn&quot;, aBill.getBillState());&#10;&#9;}&#10;&#9;&#10;&#9;@Test&#10;&#9;public void testcase7() {&#10;&#9;&#9;//Conformance Test&#10;&#9;&#9;CorrectedBill aBill = new CorrectedBill();&#10;&#9;&#9;assertEquals(&quot;inPreparation&quot;, aBill.getBillState());&#10;&#9;&#9;aBill.introduceInHouse();&#10;&#9;&#9;assertEquals(&quot;firstReading&quot;, aBill.getBillStateInHouseOfCommons());&#10;&#9;&#9;aBill.votePasses();&#10;&#9;&#9;assertEquals(&quot;secondReading&quot;, aBill.getBillStateInHouseOfCommons());&#10;&#9;&#9;aBill.votePasses();&#10;&#9;&#9;assertEquals(&quot;committeeConsideration&quot;, aBill.getBillStateInHouseOfCommons());&#10;&#9;&#9;aBill.votePasses();&#10;&#9;&#9;assertEquals(&quot;thirdReading&quot;, aBill.getBillStateInHouseOfCommons());&#10;&#9;&#9;aBill.withdraw();&#10;&#9;&#9;assertEquals(&quot;withdrawn&quot;, aBill.getBillState());&#10;&#9;}&#10;&#9;&#10;&#9;@Test&#10;&#9;public void testcase8() {&#10;&#9;&#9;//Conformance Test&#10;&#9;&#9;CorrectedBill aBill = new CorrectedBill();&#10;&#9;&#9;assertEquals(&quot;inPreparation&quot;, aBill.getBillState());&#10;&#9;&#9;aBill.introduceInHouse();&#10;&#9;&#9;assertEquals(&quot;firstReading&quot;, aBill.getBillStateInHouseOfCommons());&#10;&#9;&#9;aBill.votePasses();&#10;&#9;&#9;assertEquals(&quot;secondReading&quot;, aBill.getBillStateInHouseOfCommons());&#10;&#9;&#9;aBill.votePasses();&#10;&#9;&#9;assertEquals(&quot;committeeConsideration&quot;, aBill.getBillStateInHouseOfCommons());&#10;&#9;&#9;aBill.votePasses();&#10;&#9;&#9;assertEquals(&quot;thirdReading&quot;, aBill.getBillStateInHouseOfCommons());&#10;&#9;&#9;aBill.voteFails();&#10;&#9;&#9;//error&#10;&#9;&#9;assertEquals(&quot;withdrawn&quot;, aBill.getBillState());&#10;&#9;}&#10;&#9;&#10;&#9;@Test&#10;&#9;public void testcase9() {&#10;&#9;&#9;//Conformance Test&#10;&#9;&#9;CorrectedBill aBill = new CorrectedBill();&#10;&#9;&#9;assertEquals(&quot;inPreparation&quot;, aBill.getBillState());&#10;&#9;&#9;aBill.introduceInHouse();&#10;&#9;&#9;assertEquals(&quot;firstReading&quot;, aBill.getBillStateInHouseOfCommons());&#10;&#9;&#9;aBill.votePasses();&#10;&#9;&#9;assertEquals(&quot;secondReading&quot;, aBill.getBillStateInHouseOfCommons());&#10;&#9;&#9;aBill.votePasses();&#10;&#9;&#9;assertEquals(&quot;committeeConsideration&quot;, aBill.getBillStateInHouseOfCommons());&#10;&#9;&#9;aBill.votePasses();&#10;&#9;&#9;assertEquals(&quot;thirdReading&quot;, aBill.getBillStateInHouseOfCommons());&#10;&#9;&#9;aBill.votePasses();&#10;&#9;&#9;assertEquals(&quot;firstReadingS&quot;, aBill.getBillStateInSenate());&#10;&#9;}&#10;&#9;&#10;&#9;@Test&#10;&#9;public void testcase10() {&#10;&#9;&#9;//Conformance Test&#10;&#9;&#9;CorrectedBill aBill = new CorrectedBill();&#10;&#9;&#9;aBill.setIsCommonsBill(false);&#10;&#9;&#9;assertEquals(&quot;inPreparation&quot;, aBill.getBillState());&#10;&#9;&#9;aBill.introduceInHouse();&#10;&#9;&#9;assertEquals(&quot;firstReading&quot;, aBill.getBillStateInHouseOfCommons());&#10;&#9;&#9;aBill.votePasses();&#10;&#9;&#9;assertEquals(&quot;secondReading&quot;, aBill.getBillStateInHouseOfCommons());&#10;&#9;&#9;aBill.votePasses();&#10;&#9;&#9;assertEquals(&quot;committeeConsideration&quot;, aBill.getBillStateInHouseOfCommons());&#10;&#9;&#9;aBill.votePasses();&#10;&#9;&#9;assertEquals(&quot;thirdReading&quot;, aBill.getBillStateInHouseOfCommons());&#10;&#9;&#9;aBill.votePasses();&#10;&#9;&#9;//error&#10;&#9;&#9;assertEquals(&quot;awaitingRoyalAssent&quot;, aBill.getBillState());&#10;&#9;&#9;aBill.royalAssent();&#10;&#9;&#9;assertEquals(&quot;actOfParliament&quot;, aBill.getBillState());&#10;&#9;}&#10;&#9;&#10;&#9;@Test&#10;&#9;public void testcase11() {&#10;&#9;&#9;//Conformance Test&#10;&#9;&#9;CorrectedBill aBill = new CorrectedBill();&#10;&#9;&#9;assertEquals(&quot;inPreparation&quot;, aBill.getBillState());&#10;&#9;&#9;aBill.introduceInSenate();&#10;&#9;&#9;assertEquals(&quot;firstReadingS&quot;, aBill.getBillStateInSenate());&#10;&#9;&#9;aBill.withdraw();&#10;&#9;&#9;assertEquals(&quot;withdrawn&quot;, aBill.getBillState());&#10;&#9;}&#10;&#9;&#10;&#9;@Test&#10;&#9;public void testcase12() {&#10;&#9;&#9;//Conformance Test&#10;&#9;&#9;CorrectedBill aBill = new CorrectedBill();&#10;&#9;&#9;assertEquals(&quot;inPreparation&quot;, aBill.getBillState());&#10;&#9;&#9;aBill.introduceInSenate();&#10;&#9;&#9;assertEquals(&quot;firstReadingS&quot;, aBill.getBillStateInSenate());&#10;&#9;&#9;aBill.voteFails();&#10;&#9;&#9;assertEquals(&quot;withdrawn&quot;, aBill.getBillState());&#10;&#9;}&#10;&#9;&#10;&#9;@Test&#10;&#9;public void testcase13() {&#10;&#9;&#9;//Conformance Test&#10;&#9;&#9;CorrectedBill aBill = new CorrectedBill();&#10;&#9;&#9;assertEquals(&quot;inPreparation&quot;, aBill.getBillState());&#10;&#9;&#9;aBill.introduceInSenate();&#10;&#9;&#9;assertEquals(&quot;firstReadingS&quot;, aBill.getBillStateInSenate());&#10;&#9;&#9;aBill.votePasses();&#10;&#9;&#9;assertEquals(&quot;secondReadingS&quot;, aBill.getBillStateInSenate());&#10;&#9;&#9;aBill.withdraw();&#10;&#9;&#9;assertEquals(&quot;withdrawn&quot;, aBill.getBillState());&#10;&#9;}&#10;&#9;&#10;&#9;@Test&#10;&#9;public void testcase14() {&#10;&#9;&#9;//Conformance Test&#10;&#9;&#9;CorrectedBill aBill = new CorrectedBill();&#10;&#9;&#9;assertEquals(&quot;inPreparation&quot;, aBill.getBillState());&#10;&#9;&#9;aBill.introduceInSenate();&#10;&#9;&#9;assertEquals(&quot;firstReadingS&quot;, aBill.getBillStateInSenate());&#10;&#9;&#9;aBill.votePasses();&#10;&#9;&#9;assertEquals(&quot;secondReadingS&quot;, aBill.getBillStateInSenate());&#10;&#9;&#9;aBill.voteFails();&#10;&#9;&#9;assertEquals(&quot;withdrawn&quot;, aBill.getBillState());&#10;&#9;}&#10;&#9;&#10;&#9;@Test&#10;&#9;public void testcase15() {&#10;&#9;&#9;//Conformance Test&#10;&#9;&#9;CorrectedBill aBill = new CorrectedBill();&#10;&#9;&#9;assertEquals(&quot;inPreparation&quot;, aBill.getBillState());&#10;&#9;&#9;aBill.introduceInSenate();&#10;&#9;&#9;assertEquals(&quot;firstReadingS&quot;, aBill.getBillStateInSenate());&#10;&#9;&#9;aBill.votePasses();&#10;&#9;&#9;assertEquals(&quot;secondReadingS&quot;, aBill.getBillStateInSenate());&#10;&#9;&#9;aBill.votePasses();&#10;&#9;&#9;assertEquals(&quot;committeeConsiderationS&quot;, aBill.getBillStateInSenate());&#10;&#9;&#9;aBill.withdraw();&#10;&#9;&#9;assertEquals(&quot;withdrawn&quot;, aBill.getBillState());&#10;&#9;}&#10;&#9;@Test&#10;&#9;public void testcase16() {&#10;&#9;&#9;//Conformance Test&#10;&#9;&#9;CorrectedBill aBill = new CorrectedBill();&#10;&#9;&#9;assertEquals(&quot;inPreparation&quot;, aBill.getBillState());&#10;&#9;&#9;aBill.introduceInSenate();&#10;&#9;&#9;assertEquals(&quot;firstReadingS&quot;, aBill.getBillStateInSenate());&#10;&#9;&#9;aBill.votePasses();&#10;&#9;&#9;assertEquals(&quot;secondReadingS&quot;, aBill.getBillStateInSenate());&#10;&#9;&#9;aBill.votePasses();&#10;&#9;&#9;assertEquals(&quot;committeeConsiderationS&quot;, aBill.getBillStateInSenate());&#10;&#9;&#9;aBill.voteFails();&#10;&#9;&#9;assertEquals(&quot;withdrawn&quot;, aBill.getBillState());&#10;&#9;}&#10;&#9;@Test&#10;&#9;public void testcase17() {&#10;&#9;&#9;//Conformance Test&#10;&#9;&#9;CorrectedBill aBill = new CorrectedBill();&#10;&#9;&#9;assertEquals(&quot;inPreparation&quot;, aBill.getBillState());&#10;&#9;&#9;aBill.introduceInSenate();&#10;&#9;&#9;assertEquals(&quot;firstReadingS&quot;, aBill.getBillStateInSenate());&#10;&#9;&#9;aBill.votePasses();&#10;&#9;&#9;assertEquals(&quot;secondReadingS&quot;, aBill.getBillStateInSenate());&#10;&#9;&#9;aBill.votePasses();&#10;&#9;&#9;assertEquals(&quot;committeeConsiderationS&quot;, aBill.getBillStateInSenate());&#10;&#9;&#9;aBill.votePasses();&#10;&#9;&#9;assertEquals(&quot;thirdReadingS&quot;, aBill.getBillStateInSenate());&#10;&#9;&#9;aBill.withdraw();&#10;&#9;&#9;assertEquals(&quot;withdrawn&quot;, aBill.getBillState());&#10;&#10;&#9;}&#10;&#9;&#10;&#9;@Test&#10;&#9;public void testcase18() {&#10;&#9;&#9;//Conformance Test&#10;&#9;&#9;CorrectedBill aBill = new CorrectedBill();&#10;&#9;&#9;assertEquals(&quot;inPreparation&quot;, aBill.getBillState());&#10;&#9;&#9;aBill.introduceInSenate();&#10;&#9;&#9;assertEquals(&quot;firstReadingS&quot;, aBill.getBillStateInSenate());&#10;&#9;&#9;aBill.votePasses();&#10;&#9;&#9;assertEquals(&quot;secondReadingS&quot;, aBill.getBillStateInSenate());&#10;&#9;&#9;aBill.votePasses();&#10;&#9;&#9;assertEquals(&quot;committeeConsiderationS&quot;, aBill.getBillStateInSenate());&#10;&#9;&#9;aBill.votePasses();&#10;&#9;&#9;assertEquals(&quot;thirdReadingS&quot;, aBill.getBillStateInSenate());&#10;&#9;&#9;aBill.voteFails();&#10;&#9;&#9;assertEquals(&quot;withdrawn&quot;, aBill.getBillState());&#10;&#10;&#9;}&#10;&#9;@Test&#10;&#9;public void testcase19() {&#10;&#9;&#9;//Conformance Test&#10;&#9;&#9;CorrectedBill aBill = new CorrectedBill();&#10;&#9;&#9;aBill.setIsCommonsBill(false);&#10;&#9;&#9;assertEquals(&quot;inPreparation&quot;, aBill.getBillState());&#10;&#9;&#9;aBill.introduceInSenate();&#10;&#9;&#9;assertEquals(&quot;firstReadingS&quot;, aBill.getBillStateInSenate());&#10;&#9;&#9;aBill.votePasses();&#10;&#9;&#9;assertEquals(&quot;secondReadingS&quot;, aBill.getBillStateInSenate());&#10;&#9;&#9;aBill.votePasses();&#10;&#9;&#9;assertEquals(&quot;committeeConsiderationS&quot;, aBill.getBillStateInSenate());&#10;&#9;&#9;aBill.votePasses();&#10;&#9;&#9;assertEquals(&quot;thirdReadingS&quot;, aBill.getBillStateInSenate());&#10;&#9;&#9;aBill.votePasses();&#10;&#9;&#9;//error&#10;&#9;&#9;assertEquals(&quot;firstReading&quot;, aBill.getBillStateInHouseOfCommons());&#10;&#10;&#9;}&#10;&#9;@Test&#10;&#9;public void testcase20() {&#10;&#9;&#9;//Conformance Test&#10;&#9;&#9;CorrectedBill aBill = new CorrectedBill();&#10;&#9;&#9;assertEquals(&quot;inPreparation&quot;, aBill.getBillState());&#10;&#9;&#9;aBill.introduceInSenate();&#10;&#9;&#9;assertEquals(&quot;firstReadingS&quot;, aBill.getBillStateInSenate());&#10;&#9;&#9;aBill.votePasses();&#10;&#9;&#9;assertEquals(&quot;secondReadingS&quot;, aBill.getBillStateInSenate());&#10;&#9;&#9;aBill.votePasses();&#10;&#9;&#9;assertEquals(&quot;committeeConsiderationS&quot;, aBill.getBillStateInSenate());&#10;&#9;&#9;aBill.votePasses();&#10;&#9;&#9;assertEquals(&quot;thirdReadingS&quot;, aBill.getBillStateInSenate());&#10;&#9;&#9;aBill.votePasses();&#10;&#9;&#9;//error&#10;&#9;&#9;assertEquals(&quot;awaitingRoyalAssent&quot;, aBill.getBillState());&#10;&#10;&#9;}&#10;&#9;@Test&#10;&#9;public void testcase21() {&#10;&#9;&#9;//Sneak Test&#10;&#9;&#9;CorrectedBill aBill = new CorrectedBill();&#10;&#9;&#9;assertEquals(&quot;inPreparation&quot;, aBill.getBillState());&#10;&#9;&#9;aBill.introduceInHouse();&#10;&#9;&#9;assertEquals(&quot;firstReading&quot;, aBill.getBillStateInHouseOfCommons());&#10;&#9;&#9;aBill.introduceInHouse();&#10;&#9;&#9;assertEquals(&quot;firstReading&quot;, aBill.getBillStateInHouseOfCommons());&#10;&#9;&#9;&#10;&#9;&#9;aBill.introduceInSenate();&#10;&#9;&#9;assertEquals(&quot;firstReading&quot;, aBill.getBillStateInHouseOfCommons());&#10;&#9;&#9;&#10;&#9;&#9;aBill.royalAssent();&#10;&#9;&#9;assertEquals(&quot;firstReading&quot;, aBill.getBillStateInHouseOfCommons());&#10;&#10;&#9;&#9;aBill.modify();&#10;&#9;&#9;assertEquals(&quot;firstReading&quot;, aBill.getBillStateInHouseOfCommons());&#10;&#10;&#9;&#9;&#10;&#9;}&#10;&#9;&#10;&#9;@Test&#10;&#9;public void testcase22() {&#10;&#9;&#9;//Sneak Test&#10;&#9;&#9;CorrectedBill aBill = new CorrectedBill();&#10;&#9;&#9;assertEquals(&quot;inPreparation&quot;, aBill.getBillState());&#10;&#9;&#9;aBill.introduceInHouse();&#10;&#9;&#9;assertEquals(&quot;firstReading&quot;, aBill.getBillStateInHouseOfCommons());&#10;&#9;&#9;aBill.votePasses();&#10;&#9;&#9;assertEquals(&quot;secondReading&quot;, aBill.getBillStateInHouseOfCommons());&#10;&#9;&#9;aBill.introduceInHouse();&#10;&#9;&#9;assertEquals(&quot;secondReading&quot;, aBill.getBillStateInHouseOfCommons());&#10;&#9;&#9;&#10;&#9;&#9;aBill.introduceInSenate();&#10;&#9;&#9;assertEquals(&quot;secondReading&quot;, aBill.getBillStateInHouseOfCommons());&#10;&#9;&#9;&#10;&#9;&#9;aBill.royalAssent();&#10;&#9;&#9;assertEquals(&quot;secondReading&quot;, aBill.getBillStateInHouseOfCommons());&#10;&#10;&#9;&#9;aBill.modify();&#10;&#9;&#9;assertEquals(&quot;secondReading&quot;, aBill.getBillStateInHouseOfCommons());&#10;&#10;&#9;}&#10;&#9;@Test&#10;&#9;public void testcase23() {&#10;&#9;&#9;//Sneak Test&#10;&#9;&#9;CorrectedBill aBill = new CorrectedBill();&#10;&#9;&#9;assertEquals(&quot;inPreparation&quot;, aBill.getBillState());&#10;&#9;&#9;aBill.introduceInHouse();&#10;&#9;&#9;assertEquals(&quot;firstReading&quot;, aBill.getBillStateInHouseOfCommons());&#10;&#9;&#9;aBill.votePasses();&#10;&#9;&#9;assertEquals(&quot;secondReading&quot;, aBill.getBillStateInHouseOfCommons());&#10;&#9;&#9;aBill.votePasses();&#10;&#9;&#9;assertEquals(&quot;committeeConsideration&quot;, aBill.getBillStateInHouseOfCommons());&#10;&#9;&#9;&#10;&#9;&#9;aBill.introduceInSenate();&#10;&#9;&#9;assertEquals(&quot;committeeConsideration&quot;, aBill.getBillStateInHouseOfCommons());&#10;&#9;&#9;&#10;&#9;&#9;aBill.royalAssent();&#10;&#9;&#9;assertEquals(&quot;committeeConsideration&quot;, aBill.getBillStateInHouseOfCommons());&#10;&#10;&#9;&#9;aBill.modify();&#10;&#9;&#9;assertEquals(&quot;committeeConsideration&quot;, aBill.getBillStateInHouseOfCommons());&#10;&#10;&#9;}&#10;&#9;&#10;&#9;@Test&#10;&#9;public void testcase24() {&#10;&#9;&#9;//Sneak Test&#10;&#9;&#9;CorrectedBill aBill = new CorrectedBill();&#10;&#9;&#9;assertEquals(&quot;inPreparation&quot;, aBill.getBillState());&#10;&#9;&#9;aBill.introduceInHouse();&#10;&#9;&#9;assertEquals(&quot;firstReading&quot;, aBill.getBillStateInHouseOfCommons());&#10;&#9;&#9;aBill.votePasses();&#10;&#9;&#9;assertEquals(&quot;secondReading&quot;, aBill.getBillStateInHouseOfCommons());&#10;&#9;&#9;aBill.votePasses();&#10;&#9;&#9;assertEquals(&quot;committeeConsideration&quot;, aBill.getBillStateInHouseOfCommons());&#10;&#9;&#9;aBill.votePasses();&#10;&#9;&#9;assertEquals(&quot;thirdReading&quot;, aBill.getBillStateInHouseOfCommons());&#10;&#10;&#9;&#9;aBill.introduceInSenate();&#10;&#9;&#9;assertEquals(&quot;thirdReading&quot;, aBill.getBillStateInHouseOfCommons());&#10;&#9;&#9;&#10;&#9;&#9;aBill.royalAssent();&#10;&#9;&#9;assertEquals(&quot;thirdReading&quot;, aBill.getBillStateInHouseOfCommons());&#10;&#10;&#9;&#9;aBill.modify();&#10;&#9;&#9;assertEquals(&quot;thirdReading&quot;, aBill.getBillStateInHouseOfCommons());&#10;&#10;&#9;}&#10;&#9;&#10;&#9;@Test&#10;&#9;public void testcase25() {&#10;&#9;&#9;//Sneak Test&#10;&#9;&#9;CorrectedBill aBill = new CorrectedBill();&#10;&#9;&#9;aBill.setIsCommonsBill(false);&#10;&#9;&#9;assertEquals(&quot;inPreparation&quot;, aBill.getBillState());&#10;&#9;&#9;aBill.introduceInHouse();&#10;&#9;&#9;assertEquals(&quot;firstReading&quot;, aBill.getBillStateInHouseOfCommons());&#10;&#9;&#9;aBill.votePasses();&#10;&#9;&#9;assertEquals(&quot;secondReading&quot;, aBill.getBillStateInHouseOfCommons());&#10;&#9;&#9;aBill.votePasses();&#10;&#9;&#9;assertEquals(&quot;committeeConsideration&quot;, aBill.getBillStateInHouseOfCommons());&#10;&#9;&#9;aBill.votePasses();&#10;&#9;&#9;assertEquals(&quot;thirdReading&quot;, aBill.getBillStateInHouseOfCommons());&#10;&#9;&#9;aBill.votePasses();&#10;&#9;&#9;assertEquals(&quot;awaitingRoyalAssent&quot;, aBill.getBillState());&#10;&#10;&#9;&#9;aBill.votePasses();&#10;&#9;&#9;assertEquals(&quot;awaitingRoyalAssent&quot;, aBill.getBillState());&#10;&#9;&#9;&#10;&#9;&#9;aBill.voteFails();&#10;&#9;&#9;assertEquals(&quot;awaitingRoyalAssent&quot;, aBill.getBillState());&#10;&#10;&#9;&#9;aBill.withdraw();&#10;&#9;&#9;assertEquals(&quot;awaitingRoyalAssent&quot;, aBill.getBillState());&#10;&#10;&#9;&#9;aBill.introduceInHouse();&#10;&#9;&#9;assertEquals(&quot;awaitingRoyalAssent&quot;, aBill.getBillState());&#10;&#10;&#9;&#9;aBill.introduceInSenate();&#10;&#9;&#9;assertEquals(&quot;awaitingRoyalAssent&quot;, aBill.getBillState());&#10;&#10;&#9;&#9;aBill.modify();&#10;&#9;&#9;assertEquals(&quot;awaitingRoyalAssent&quot;, aBill.getBillState());&#10;&#10;&#9;}&#10;&#9;&#10;&#9;@Test&#10;&#9;public void testcase26() {&#10;&#9;&#9;//Sneak Test&#10;&#9;&#9;CorrectedBill aBill = new CorrectedBill();&#10;&#9;&#9;assertEquals(&quot;inPreparation&quot;, aBill.getBillState());&#10;&#9;&#9;aBill.introduceInSenate();&#10;&#9;&#9;assertEquals(&quot;firstReadingS&quot;, aBill.getBillStateInSenate());&#10;&#9;&#9;aBill.introduceInHouse();&#10;&#9;&#9;assertEquals(&quot;firstReadingS&quot;, aBill.getBillStateInSenate());&#10;&#10;&#9;&#9;aBill.introduceInSenate();&#10;&#9;&#9;assertEquals(&quot;firstReadingS&quot;, aBill.getBillStateInSenate());&#10;&#10;&#9;&#9;aBill.royalAssent();&#10;&#9;&#9;assertEquals(&quot;firstReadingS&quot;, aBill.getBillStateInSenate());&#10;&#10;&#9;&#9;aBill.modify();&#10;&#9;&#9;assertEquals(&quot;firstReadingS&quot;, aBill.getBillStateInSenate());&#10;&#10;&#9;&#9;&#10;&#9;}&#10;&#9;@Test&#10;&#9;public void testcase27() {&#10;&#9;&#9;//Sneak Test&#10;&#9;&#9;CorrectedBill aBill = new CorrectedBill();&#10;&#9;&#9;assertEquals(&quot;inPreparation&quot;, aBill.getBillState());&#10;&#9;&#9;aBill.introduceInSenate();&#10;&#9;&#9;assertEquals(&quot;firstReadingS&quot;, aBill.getBillStateInSenate());&#10;&#9;&#9;aBill.votePasses();&#10;&#9;&#9;assertEquals(&quot;secondReadingS&quot;, aBill.getBillStateInSenate());&#10;&#9;&#9;aBill.introduceInHouse();&#10;&#9;&#9;assertEquals(&quot;secondReadingS&quot;, aBill.getBillStateInSenate());&#10;&#10;&#9;&#9;aBill.introduceInSenate();&#10;&#9;&#9;assertEquals(&quot;secondReadingS&quot;, aBill.getBillStateInSenate());&#10;&#10;&#9;&#9;aBill.royalAssent();&#10;&#9;&#9;assertEquals(&quot;secondReadingS&quot;, aBill.getBillStateInSenate());&#10;&#10;&#9;&#9;aBill.modify();&#10;&#9;&#9;assertEquals(&quot;secondReadingS&quot;, aBill.getBillStateInSenate());&#10;&#10;&#9;}&#10;&#9;&#10;&#9;@Test&#10;&#9;public void testcase28() {&#10;&#9;&#9;//Sneak Test&#10;&#9;&#9;CorrectedBill aBill = new CorrectedBill();&#10;&#9;&#9;assertEquals(&quot;inPreparation&quot;, aBill.getBillState());&#10;&#9;&#9;aBill.introduceInSenate();&#10;&#9;&#9;assertEquals(&quot;firstReadingS&quot;, aBill.getBillStateInSenate());&#10;&#9;&#9;aBill.votePasses();&#10;&#9;&#9;assertEquals(&quot;secondReadingS&quot;, aBill.getBillStateInSenate());&#10;&#9;&#9;aBill.votePasses();&#10;&#9;&#9;assertEquals(&quot;committeeConsiderationS&quot;, aBill.getBillStateInSenate());&#10;&#9;&#9;aBill.introduceInHouse();&#10;&#9;&#9;assertEquals(&quot;committeeConsiderationS&quot;, aBill.getBillStateInSenate());&#10;&#10;&#9;&#9;aBill.introduceInSenate();&#10;&#9;&#9;assertEquals(&quot;committeeConsiderationS&quot;, aBill.getBillStateInSenate());&#10;&#10;&#9;&#9;aBill.royalAssent();&#10;&#9;&#9;assertEquals(&quot;committeeConsiderationS&quot;, aBill.getBillStateInSenate());&#10;&#10;&#9;&#9;aBill.modify();&#10;&#9;&#9;assertEquals(&quot;committeeConsiderationS&quot;, aBill.getBillStateInSenate());&#10;&#10;&#9;}&#10;&#9;&#10;&#9;@Test&#10;&#9;public void testcase29() {&#10;&#9;&#9;//Sneak Test&#10;&#9;&#9;CorrectedBill aBill = new CorrectedBill();&#10;&#9;&#9;assertEquals(&quot;inPreparation&quot;, aBill.getBillState());&#10;&#9;&#9;aBill.introduceInSenate();&#10;&#9;&#9;assertEquals(&quot;firstReadingS&quot;, aBill.getBillStateInSenate());&#10;&#9;&#9;aBill.votePasses();&#10;&#9;&#9;assertEquals(&quot;secondReadingS&quot;, aBill.getBillStateInSenate());&#10;&#9;&#9;aBill.votePasses();&#10;&#9;&#9;assertEquals(&quot;committeeConsiderationS&quot;, aBill.getBillStateInSenate());&#10;&#9;&#9;aBill.votePasses();&#10;&#9;&#9;assertEquals(&quot;thirdReadingS&quot;, aBill.getBillStateInSenate());&#10;&#9;&#9;aBill.introduceInHouse();&#10;&#9;&#9;assertEquals(&quot;thirdReadingS&quot;, aBill.getBillStateInSenate());&#10;&#10;&#9;&#9;&#10;&#9;&#9;aBill.introduceInSenate();&#10;&#9;&#9;assertEquals(&quot;thirdReadingS&quot;, aBill.getBillStateInSenate());&#10;&#10;&#9;&#9;aBill.royalAssent();&#10;&#9;&#9;assertEquals(&quot;thirdReadingS&quot;, aBill.getBillStateInSenate());&#10;&#10;&#9;&#9;aBill.modify();&#10;&#9;&#9;assertEquals(&quot;thirdReadingS&quot;, aBill.getBillStateInSenate());&#10;&#10;&#9;}&#10;&#9;&#10;&#9;&#10;}" Filename="BillTest.java" Intrnl_Id="1"/>
</SrcFileList>
<CritList>
<CritListEntry Name="org.codecover.model.utils.criteria.LoopCoverage" PluginName="org.codecover"/>
<CritListEntry Name="org.codecover.model.utils.criteria.BranchCoverage" PluginName="org.codecover"/>
<CritListEntry Name="org.codecover.model.utils.criteria.ConditionCoverage" PluginName="org.codecover"/>
<CritListEntry Name="org.codecover.model.utils.criteria.SynchronizedStatementCoverage" PluginName="org.codecover"/>
<CritListEntry Name="org.codecover.model.utils.criteria.QMOCoverage" PluginName="org.codecover"/>
<CritListEntry Name="org.codecover.model.utils.criteria.StatementCoverage" PluginName="org.codecover"/>
</CritList>
<BoolOpList/>
<HierarchyLvlTypeList>
<HierarchyLvlType EnglishName="package" IntrnlName="package" Intrnl_Id="2"/>
<HierarchyLvlType EnglishName="class" IntrnlName="class" Intrnl_Id="3"/>
<HierarchyLvlType EnglishName="method" IntrnlName="method" Intrnl_Id="4"/>
<HierarchyLvlType EnglishName="default package" IntrnlName="default package" Intrnl_Id="5"/>
</HierarchyLvlTypeList>
<MASTRoot>
<HierarchyLvl HierarchyLvlId="1032" HierarchyLvlTypeId="5" Intrnl_Id="6" Name="default package">
<Header/>
<LocList/>
<HierarchyLvl HierarchyLvlId="1031" HierarchyLvlTypeId="2" Intrnl_Id="7" Name="test">
<Header/>
<LocList/>
<HierarchyLvl HierarchyLvlId="1030" HierarchyLvlTypeId="3" Intrnl_Id="8" Name="BillTest">
<Header>
<Loc EndOffset="231" SrcFileId="1" StartOffset="210"/>
</Header>
<LocList>
<Loc EndOffset="18989" SrcFileId="1" StartOffset="210"/>
</LocList>
<HierarchyLvl HierarchyLvlId="997" HierarchyLvlTypeId="4" Intrnl_Id="9" Name="setUpBeforeClass">
<Header>
<Loc EndOffset="304" SrcFileId="1" StartOffset="236"/>
</Header>
<LocList>
<Loc EndOffset="309" SrcFileId="1" StartOffset="236"/>
</LocList>
</HierarchyLvl>
<HierarchyLvl HierarchyLvlId="998" HierarchyLvlTypeId="4" Intrnl_Id="10" Name="tearDownAfterClass">
<Header>
<Loc EndOffset="381" SrcFileId="1" StartOffset="312"/>
</Header>
<LocList>
<Loc EndOffset="386" SrcFileId="1" StartOffset="312"/>
</LocList>
</HierarchyLvl>
<HierarchyLvl HierarchyLvlId="999" HierarchyLvlTypeId="4" Intrnl_Id="11" Name="setUp">
<Header>
<Loc EndOffset="434" SrcFileId="1" StartOffset="389"/>
</Header>
<LocList>
<Loc EndOffset="439" SrcFileId="1" StartOffset="389"/>
</LocList>
</HierarchyLvl>
<HierarchyLvl HierarchyLvlId="1000" HierarchyLvlTypeId="4" Intrnl_Id="12" Name="tearDown">
<Header>
<Loc EndOffset="489" SrcFileId="1" StartOffset="442"/>
</Header>
<LocList>
<Loc EndOffset="494" SrcFileId="1" StartOffset="442"/>
</LocList>
</HierarchyLvl>
<HierarchyLvl HierarchyLvlId="1001" HierarchyLvlTypeId="4" Intrnl_Id="13" Name="testcase1">
<Header>
<Loc EndOffset="528" SrcFileId="1" StartOffset="498"/>
</Header>
<LocList>
<Loc EndOffset="1390" SrcFileId="1" StartOffset="498"/>
</LocList>
<StmntSeq Intrnl_Id="14">
<LocList>
<Loc EndOffset="596" SrcFileId="1" StartOffset="554"/>
<Loc EndOffset="651" SrcFileId="1" StartOffset="599"/>
<Loc EndOffset="679" SrcFileId="1" StartOffset="654"/>
<Loc EndOffset="749" SrcFileId="1" StartOffset="682"/>
<Loc EndOffset="769" SrcFileId="1" StartOffset="752"/>
<Loc EndOffset="820" SrcFileId="1" StartOffset="772"/>
<Loc EndOffset="838" SrcFileId="1" StartOffset="823"/>
<Loc EndOffset="893" SrcFileId="1" StartOffset="841"/>
<Loc EndOffset="950" SrcFileId="1" StartOffset="931"/>
<Loc EndOffset="1005" SrcFileId="1" StartOffset="953"/>
<Loc EndOffset="1042" SrcFileId="1" StartOffset="1024"/>
<Loc EndOffset="1113" SrcFileId="1" StartOffset="1061"/>
<Loc EndOffset="1149" SrcFileId="1" StartOffset="1132"/>
<Loc EndOffset="1204" SrcFileId="1" StartOffset="1152"/>
<Loc EndOffset="1243" SrcFileId="1" StartOffset="1223"/>
<Loc EndOffset="1298" SrcFileId="1" StartOffset="1246"/>
<Loc EndOffset="1332" SrcFileId="1" StartOffset="1317"/>
<Loc EndOffset="1387" SrcFileId="1" StartOffset="1335"/>
</LocList>
<BasicStmnt CovItemId="S1" CovItemPrefix="test.BillTest.java" Intrnl_Id="15">
<LocList>
<Loc EndOffset="596" SrcFileId="1" StartOffset="554"/>
</LocList>
</BasicStmnt>
<BasicStmnt CovItemId="S2" CovItemPrefix="test.BillTest.java" Intrnl_Id="16">
<LocList>
<Loc EndOffset="651" SrcFileId="1" StartOffset="599"/>
</LocList>
</BasicStmnt>
<BasicStmnt CovItemId="S3" CovItemPrefix="test.BillTest.java" Intrnl_Id="17">
<LocList>
<Loc EndOffset="679" SrcFileId="1" StartOffset="654"/>
</LocList>
</BasicStmnt>
<BasicStmnt CovItemId="S4" CovItemPrefix="test.BillTest.java" Intrnl_Id="18">
<LocList>
<Loc EndOffset="749" SrcFileId="1" StartOffset="682"/>
</LocList>
</BasicStmnt>
<BasicStmnt CovItemId="S5" CovItemPrefix="test.BillTest.java" Intrnl_Id="19">
<LocList>
<Loc EndOffset="769" SrcFileId="1" StartOffset="752"/>
</LocList>
</BasicStmnt>
<BasicStmnt CovItemId="S6" CovItemPrefix="test.BillTest.java" Intrnl_Id="20">
<LocList>
<Loc EndOffset="820" SrcFileId="1" StartOffset="772"/>
</LocList>
</BasicStmnt>
<BasicStmnt CovItemId="S7" CovItemPrefix="test.BillTest.java" Intrnl_Id="21">
<LocList>
<Loc EndOffset="838" SrcFileId="1" StartOffset="823"/>
</LocList>
</BasicStmnt>
<BasicStmnt CovItemId="S8" CovItemPrefix="test.BillTest.java" Intrnl_Id="22">
<LocList>
<Loc EndOffset="893" SrcFileId="1" StartOffset="841"/>
</LocList>
</BasicStmnt>
<BasicStmnt CovItemId="S9" CovItemPrefix="test.BillTest.java" Intrnl_Id="23">
<LocList>
<Loc EndOffset="950" SrcFileId="1" StartOffset="931"/>
</LocList>
</BasicStmnt>
<BasicStmnt CovItemId="S10" CovItemPrefix="test.BillTest.java" Intrnl_Id="24">
<LocList>
<Loc EndOffset="1005" SrcFileId="1" StartOffset="953"/>
</LocList>
</BasicStmnt>
<BasicStmnt CovItemId="S11" CovItemPrefix="test.BillTest.java" Intrnl_Id="25">
<LocList>
<Loc EndOffset="1042" SrcFileId="1" StartOffset="1024"/>
</LocList>
</BasicStmnt>
<BasicStmnt CovItemId="S12" CovItemPrefix="test.BillTest.java" Intrnl_Id="26">
<LocList>
<Loc EndOffset="1113" SrcFileId="1" StartOffset="1061"/>
</LocList>
</BasicStmnt>
<BasicStmnt CovItemId="S13" CovItemPrefix="test.BillTest.java" Intrnl_Id="27">
<LocList>
<Loc EndOffset="1149" SrcFileId="1" StartOffset="1132"/>
</LocList>
</BasicStmnt>
<BasicStmnt CovItemId="S14" CovItemPrefix="test.BillTest.java" Intrnl_Id="28">
<LocList>
<Loc EndOffset="1204" SrcFileId="1" StartOffset="1152"/>
</LocList>
</BasicStmnt>
<BasicStmnt CovItemId="S15" CovItemPrefix="test.BillTest.java" Intrnl_Id="29">
<LocList>
<Loc EndOffset="1243" SrcFileId="1" StartOffset="1223"/>
</LocList>
</BasicStmnt>
<BasicStmnt CovItemId="S16" CovItemPrefix="test.BillTest.java" Intrnl_Id="30">
<LocList>
<Loc EndOffset="1298" SrcFileId="1" StartOffset="1246"/>
</LocList>
</BasicStmnt>
<BasicStmnt CovItemId="S17" CovItemPrefix="test.BillTest.java" Intrnl_Id="31">
<LocList>
<Loc EndOffset="1332" SrcFileId="1" StartOffset="1317"/>
</LocList>
</BasicStmnt>
<BasicStmnt CovItemId="S18" CovItemPrefix="test.BillTest.java" Intrnl_Id="32">
<LocList>
<Loc EndOffset="1387" SrcFileId="1" StartOffset="1335"/>
</LocList>
</BasicStmnt>
</StmntSeq>
</HierarchyLvl>
<HierarchyLvl HierarchyLvlId="1002" HierarchyLvlTypeId="4" Intrnl_Id="33" Name="testcase2">
<Header>
<Loc EndOffset="1424" SrcFileId="1" StartOffset="1394"/>
</Header>
<LocList>
<Loc EndOffset="2400" SrcFileId="1" StartOffset="1394"/>
</LocList>
<StmntSeq Intrnl_Id="34">
<LocList>
<Loc EndOffset="1492" SrcFileId="1" StartOffset="1450"/>
<Loc EndOffset="1547" SrcFileId="1" StartOffset="1495"/>
<Loc EndOffset="1575" SrcFileId="1" StartOffset="1550"/>
<Loc EndOffset="1645" SrcFileId="1" StartOffset="1578"/>
<Loc EndOffset="1689" SrcFileId="1" StartOffset="1648"/>
<Loc EndOffset="1710" SrcFileId="1" StartOffset="1692"/>
<Loc EndOffset="1835" SrcFileId="1" StartOffset="1787"/>
<Loc EndOffset="1890" SrcFileId="1" StartOffset="1871"/>
<Loc EndOffset="1941" SrcFileId="1" StartOffset="1893"/>
<Loc EndOffset="1978" SrcFileId="1" StartOffset="1960"/>
<Loc EndOffset="2029" SrcFileId="1" StartOffset="1981"/>
<Loc EndOffset="2065" SrcFileId="1" StartOffset="2048"/>
<Loc EndOffset="2116" SrcFileId="1" StartOffset="2068"/>
<Loc EndOffset="2160" SrcFileId="1" StartOffset="2135"/>
<Loc EndOffset="2211" SrcFileId="1" StartOffset="2163"/>
<Loc EndOffset="2256" SrcFileId="1" StartOffset="2230"/>
<Loc EndOffset="2307" SrcFileId="1" StartOffset="2259"/>
<Loc EndOffset="2346" SrcFileId="1" StartOffset="2326"/>
<Loc EndOffset="2397" SrcFileId="1" StartOffset="2349"/>
</LocList>
<BasicStmnt CovItemId="S19" CovItemPrefix="test.BillTest.java" Intrnl_Id="35">
<LocList>
<Loc EndOffset="1492" SrcFileId="1" StartOffset="1450"/>
</LocList>
</BasicStmnt>
<BasicStmnt CovItemId="S20" CovItemPrefix="test.BillTest.java" Intrnl_Id="36">
<LocList>
<Loc EndOffset="1547" SrcFileId="1" StartOffset="1495"/>
</LocList>
</BasicStmnt>
<BasicStmnt CovItemId="S21" CovItemPrefix="test.BillTest.java" Intrnl_Id="37">
<LocList>
<Loc EndOffset="1575" SrcFileId="1" StartOffset="1550"/>
</LocList>
</BasicStmnt>
<BasicStmnt CovItemId="S22" CovItemPrefix="test.BillTest.java" Intrnl_Id="38">
<LocList>
<Loc EndOffset="1645" SrcFileId="1" StartOffset="1578"/>
</LocList>
</BasicStmnt>
<BasicStmnt CovItemId="S23" CovItemPrefix="test.BillTest.java" Intrnl_Id="39">
<LocList>
<Loc EndOffset="1689" SrcFileId="1" StartOffset="1648"/>
</LocList>
</BasicStmnt>
<BasicStmnt CovItemId="S24" CovItemPrefix="test.BillTest.java" Intrnl_Id="40">
<LocList>
<Loc EndOffset="1710" SrcFileId="1" StartOffset="1692"/>
</LocList>
</BasicStmnt>
<BasicStmnt CovItemId="S25" CovItemPrefix="test.BillTest.java" Intrnl_Id="41">
<LocList>
<Loc EndOffset="1835" SrcFileId="1" StartOffset="1787"/>
</LocList>
</BasicStmnt>
<BasicStmnt CovItemId="S26" CovItemPrefix="test.BillTest.java" Intrnl_Id="42">
<LocList>
<Loc EndOffset="1890" SrcFileId="1" StartOffset="1871"/>
</LocList>
</BasicStmnt>
<BasicStmnt CovItemId="S27" CovItemPrefix="test.BillTest.java" Intrnl_Id="43">
<LocList>
<Loc EndOffset="1941" SrcFileId="1" StartOffset="1893"/>
</LocList>
</BasicStmnt>
<BasicStmnt CovItemId="S28" CovItemPrefix="test.BillTest.java" Intrnl_Id="44">
<LocList>
<Loc EndOffset="1978" SrcFileId="1" StartOffset="1960"/>
</LocList>
</BasicStmnt>
<BasicStmnt CovItemId="S29" CovItemPrefix="test.BillTest.java" Intrnl_Id="45">
<LocList>
<Loc EndOffset="2029" SrcFileId="1" StartOffset="1981"/>
</LocList>
</BasicStmnt>
<BasicStmnt CovItemId="S30" CovItemPrefix="test.BillTest.java" Intrnl_Id="46">
<LocList>
<Loc EndOffset="2065" SrcFileId="1" StartOffset="2048"/>
</LocList>
</BasicStmnt>
<BasicStmnt CovItemId="S31" CovItemPrefix="test.BillTest.java" Intrnl_Id="47">
<LocList>
<Loc EndOffset="2116" SrcFileId="1" StartOffset="2068"/>
</LocList>
</BasicStmnt>
<BasicStmnt CovItemId="S32" CovItemPrefix="test.BillTest.java" Intrnl_Id="48">
<LocList>
<Loc EndOffset="2160" SrcFileId="1" StartOffset="2135"/>
</LocList>
</BasicStmnt>
<BasicStmnt CovItemId="S33" CovItemPrefix="test.BillTest.java" Intrnl_Id="49">
<LocList>
<Loc EndOffset="2211" SrcFileId="1" StartOffset="2163"/>
</LocList>
</BasicStmnt>
<BasicStmnt CovItemId="S34" CovItemPrefix="test.BillTest.java" Intrnl_Id="50">
<LocList>
<Loc EndOffset="2256" SrcFileId="1" StartOffset="2230"/>
</LocList>
</BasicStmnt>
<BasicStmnt CovItemId="S35" CovItemPrefix="test.BillTest.java" Intrnl_Id="51">
<LocList>
<Loc EndOffset="2307" SrcFileId="1" StartOffset="2259"/>
</LocList>
</BasicStmnt>
<BasicStmnt CovItemId="S36" CovItemPrefix="test.BillTest.java" Intrnl_Id="52">
<LocList>
<Loc EndOffset="2346" SrcFileId="1" StartOffset="2326"/>
</LocList>
</BasicStmnt>
<BasicStmnt CovItemId="S37" CovItemPrefix="test.BillTest.java" Intrnl_Id="53">
<LocList>
<Loc EndOffset="2397" SrcFileId="1" StartOffset="2349"/>
</LocList>
</BasicStmnt>
</StmntSeq>
</HierarchyLvl>
<HierarchyLvl HierarchyLvlId="1003" HierarchyLvlTypeId="4" Intrnl_Id="54" Name="testcase3">
<Header>
<Loc EndOffset="2434" SrcFileId="1" StartOffset="2404"/>
</Header>
<LocList>
<Loc EndOffset="2822" SrcFileId="1" StartOffset="2404"/>
</LocList>
<StmntSeq Intrnl_Id="55">
<LocList>
<Loc EndOffset="2502" SrcFileId="1" StartOffset="2460"/>
<Loc EndOffset="2557" SrcFileId="1" StartOffset="2505"/>
<Loc EndOffset="2585" SrcFileId="1" StartOffset="2560"/>
<Loc EndOffset="2655" SrcFileId="1" StartOffset="2588"/>
<Loc EndOffset="2677" SrcFileId="1" StartOffset="2658"/>
<Loc EndOffset="2748" SrcFileId="1" StartOffset="2680"/>
<Loc EndOffset="2768" SrcFileId="1" StartOffset="2751"/>
<Loc EndOffset="2819" SrcFileId="1" StartOffset="2771"/>
</LocList>
<BasicStmnt CovItemId="S38" CovItemPrefix="test.BillTest.java" Intrnl_Id="56">
<LocList>
<Loc EndOffset="2502" SrcFileId="1" StartOffset="2460"/>
</LocList>
</BasicStmnt>
<BasicStmnt CovItemId="S39" CovItemPrefix="test.BillTest.java" Intrnl_Id="57">
<LocList>
<Loc EndOffset="2557" SrcFileId="1" StartOffset="2505"/>
</LocList>
</BasicStmnt>
<BasicStmnt CovItemId="S40" CovItemPrefix="test.BillTest.java" Intrnl_Id="58">
<LocList>
<Loc EndOffset="2585" SrcFileId="1" StartOffset="2560"/>
</LocList>
</BasicStmnt>
<BasicStmnt CovItemId="S41" CovItemPrefix="test.BillTest.java" Intrnl_Id="59">
<LocList>
<Loc EndOffset="2655" SrcFileId="1" StartOffset="2588"/>
</LocList>
</BasicStmnt>
<BasicStmnt CovItemId="S42" CovItemPrefix="test.BillTest.java" Intrnl_Id="60">
<LocList>
<Loc EndOffset="2677" SrcFileId="1" StartOffset="2658"/>
</LocList>
</BasicStmnt>
<BasicStmnt CovItemId="S43" CovItemPrefix="test.BillTest.java" Intrnl_Id="61">
<LocList>
<Loc EndOffset="2748" SrcFileId="1" StartOffset="2680"/>
</LocList>
</BasicStmnt>
<BasicStmnt CovItemId="S44" CovItemPrefix="test.BillTest.java" Intrnl_Id="62">
<LocList>
<Loc EndOffset="2768" SrcFileId="1" StartOffset="2751"/>
</LocList>
</BasicStmnt>
<BasicStmnt CovItemId="S45" CovItemPrefix="test.BillTest.java" Intrnl_Id="63">
<LocList>
<Loc EndOffset="2819" SrcFileId="1" StartOffset="2771"/>
</LocList>
</BasicStmnt>
</StmntSeq>
</HierarchyLvl>
<HierarchyLvl HierarchyLvlId="1004" HierarchyLvlTypeId="4" Intrnl_Id="64" Name="testcase4">
<Header>
<Loc EndOffset="2856" SrcFileId="1" StartOffset="2826"/>
</Header>
<LocList>
<Loc EndOffset="3255" SrcFileId="1" StartOffset="2826"/>
</LocList>
<StmntSeq Intrnl_Id="65">
<LocList>
<Loc EndOffset="2924" SrcFileId="1" StartOffset="2882"/>
<Loc EndOffset="2979" SrcFileId="1" StartOffset="2927"/>
<Loc EndOffset="3007" SrcFileId="1" StartOffset="2982"/>
<Loc EndOffset="3077" SrcFileId="1" StartOffset="3010"/>
<Loc EndOffset="3099" SrcFileId="1" StartOffset="3080"/>
<Loc EndOffset="3170" SrcFileId="1" StartOffset="3102"/>
<Loc EndOffset="3191" SrcFileId="1" StartOffset="3173"/>
<Loc EndOffset="3252" SrcFileId="1" StartOffset="3204"/>
</LocList>
<BasicStmnt CovItemId="S46" CovItemPrefix="test.BillTest.java" Intrnl_Id="66">
<LocList>
<Loc EndOffset="2924" SrcFileId="1" StartOffset="2882"/>
</LocList>
</BasicStmnt>
<BasicStmnt CovItemId="S47" CovItemPrefix="test.BillTest.java" Intrnl_Id="67">
<LocList>
<Loc EndOffset="2979" SrcFileId="1" StartOffset="2927"/>
</LocList>
</BasicStmnt>
<BasicStmnt CovItemId="S48" CovItemPrefix="test.BillTest.java" Intrnl_Id="68">
<LocList>
<Loc EndOffset="3007" SrcFileId="1" StartOffset="2982"/>
</LocList>
</BasicStmnt>
<BasicStmnt CovItemId="S49" CovItemPrefix="test.BillTest.java" Intrnl_Id="69">
<LocList>
<Loc EndOffset="3077" SrcFileId="1" StartOffset="3010"/>
</LocList>
</BasicStmnt>
<BasicStmnt CovItemId="S50" CovItemPrefix="test.BillTest.java" Intrnl_Id="70">
<LocList>
<Loc EndOffset="3099" SrcFileId="1" StartOffset="3080"/>
</LocList>
</BasicStmnt>
<BasicStmnt CovItemId="S51" CovItemPrefix="test.BillTest.java" Intrnl_Id="71">
<LocList>
<Loc EndOffset="3170" SrcFileId="1" StartOffset="3102"/>
</LocList>
</BasicStmnt>
<BasicStmnt CovItemId="S52" CovItemPrefix="test.BillTest.java" Intrnl_Id="72">
<LocList>
<Loc EndOffset="3191" SrcFileId="1" StartOffset="3173"/>
</LocList>
</BasicStmnt>
<BasicStmnt CovItemId="S53" CovItemPrefix="test.BillTest.java" Intrnl_Id="73">
<LocList>
<Loc EndOffset="3252" SrcFileId="1" StartOffset="3204"/>
</LocList>
</BasicStmnt>
</StmntSeq>
</HierarchyLvl>
<HierarchyLvl HierarchyLvlId="1005" HierarchyLvlTypeId="4" Intrnl_Id="74" Name="testcase5">
<Header>
<Loc EndOffset="3289" SrcFileId="1" StartOffset="3259"/>
</Header>
<LocList>
<Loc EndOffset="3779" SrcFileId="1" StartOffset="3259"/>
</LocList>
<StmntSeq Intrnl_Id="75">
<LocList>
<Loc EndOffset="3357" SrcFileId="1" StartOffset="3315"/>
<Loc EndOffset="3412" SrcFileId="1" StartOffset="3360"/>
<Loc EndOffset="3440" SrcFileId="1" StartOffset="3415"/>
<Loc EndOffset="3510" SrcFileId="1" StartOffset="3443"/>
<Loc EndOffset="3532" SrcFileId="1" StartOffset="3513"/>
<Loc EndOffset="3603" SrcFileId="1" StartOffset="3535"/>
<Loc EndOffset="3625" SrcFileId="1" StartOffset="3606"/>
<Loc EndOffset="3705" SrcFileId="1" StartOffset="3628"/>
<Loc EndOffset="3725" SrcFileId="1" StartOffset="3708"/>
<Loc EndOffset="3776" SrcFileId="1" StartOffset="3728"/>
</LocList>
<BasicStmnt CovItemId="S54" CovItemPrefix="test.BillTest.java" Intrnl_Id="76">
<LocList>
<Loc EndOffset="3357" SrcFileId="1" StartOffset="3315"/>
</LocList>
</BasicStmnt>
<BasicStmnt CovItemId="S55" CovItemPrefix="test.BillTest.java" Intrnl_Id="77">
<LocList>
<Loc EndOffset="3412" SrcFileId="1" StartOffset="3360"/>
</LocList>
</BasicStmnt>
<BasicStmnt CovItemId="S56" CovItemPrefix="test.BillTest.java" Intrnl_Id="78">
<LocList>
<Loc EndOffset="3440" SrcFileId="1" StartOffset="3415"/>
</LocList>
</BasicStmnt>
<BasicStmnt CovItemId="S57" CovItemPrefix="test.BillTest.java" Intrnl_Id="79">
<LocList>
<Loc EndOffset="3510" SrcFileId="1" StartOffset="3443"/>
</LocList>
</BasicStmnt>
<BasicStmnt CovItemId="S58" CovItemPrefix="test.BillTest.java" Intrnl_Id="80">
<LocList>
<Loc EndOffset="3532" SrcFileId="1" StartOffset="3513"/>
</LocList>
</BasicStmnt>
<BasicStmnt CovItemId="S59" CovItemPrefix="test.BillTest.java" Intrnl_Id="81">
<LocList>
<Loc EndOffset="3603" SrcFileId="1" StartOffset="3535"/>
</LocList>
</BasicStmnt>
<BasicStmnt CovItemId="S60" CovItemPrefix="test.BillTest.java" Intrnl_Id="82">
<LocList>
<Loc EndOffset="3625" SrcFileId="1" StartOffset="3606"/>
</LocList>
</BasicStmnt>
<BasicStmnt CovItemId="S61" CovItemPrefix="test.BillTest.java" Intrnl_Id="83">
<LocList>
<Loc EndOffset="3705" SrcFileId="1" StartOffset="3628"/>
</LocList>
</BasicStmnt>
<BasicStmnt CovItemId="S62" CovItemPrefix="test.BillTest.java" Intrnl_Id="84">
<LocList>
<Loc EndOffset="3725" SrcFileId="1" StartOffset="3708"/>
</LocList>
</BasicStmnt>
<BasicStmnt CovItemId="S63" CovItemPrefix="test.BillTest.java" Intrnl_Id="85">
<LocList>
<Loc EndOffset="3776" SrcFileId="1" StartOffset="3728"/>
</LocList>
</BasicStmnt>
</StmntSeq>
</HierarchyLvl>
<HierarchyLvl HierarchyLvlId="1006" HierarchyLvlTypeId="4" Intrnl_Id="86" Name="testcase6">
<Header>
<Loc EndOffset="3813" SrcFileId="1" StartOffset="3783"/>
</Header>
<LocList>
<Loc EndOffset="4314" SrcFileId="1" StartOffset="3783"/>
</LocList>
<StmntSeq Intrnl_Id="87">
<LocList>
<Loc EndOffset="3881" SrcFileId="1" StartOffset="3839"/>
<Loc EndOffset="3936" SrcFileId="1" StartOffset="3884"/>
<Loc EndOffset="3964" SrcFileId="1" StartOffset="3939"/>
<Loc EndOffset="4034" SrcFileId="1" StartOffset="3967"/>
<Loc EndOffset="4056" SrcFileId="1" StartOffset="4037"/>
<Loc EndOffset="4127" SrcFileId="1" StartOffset="4059"/>
<Loc EndOffset="4149" SrcFileId="1" StartOffset="4130"/>
<Loc EndOffset="4229" SrcFileId="1" StartOffset="4152"/>
<Loc EndOffset="4250" SrcFileId="1" StartOffset="4232"/>
<Loc EndOffset="4311" SrcFileId="1" StartOffset="4263"/>
</LocList>
<BasicStmnt CovItemId="S64" CovItemPrefix="test.BillTest.java" Intrnl_Id="88">
<LocList>
<Loc EndOffset="3881" SrcFileId="1" StartOffset="3839"/>
</LocList>
</BasicStmnt>
<BasicStmnt CovItemId="S65" CovItemPrefix="test.BillTest.java" Intrnl_Id="89">
<LocList>
<Loc EndOffset="3936" SrcFileId="1" StartOffset="3884"/>
</LocList>
</BasicStmnt>
<BasicStmnt CovItemId="S66" CovItemPrefix="test.BillTest.java" Intrnl_Id="90">
<LocList>
<Loc EndOffset="3964" SrcFileId="1" StartOffset="3939"/>
</LocList>
</BasicStmnt>
<BasicStmnt CovItemId="S67" CovItemPrefix="test.BillTest.java" Intrnl_Id="91">
<LocList>
<Loc EndOffset="4034" SrcFileId="1" StartOffset="3967"/>
</LocList>
</BasicStmnt>
<BasicStmnt CovItemId="S68" CovItemPrefix="test.BillTest.java" Intrnl_Id="92">
<LocList>
<Loc EndOffset="4056" SrcFileId="1" StartOffset="4037"/>
</LocList>
</BasicStmnt>
<BasicStmnt CovItemId="S69" CovItemPrefix="test.BillTest.java" Intrnl_Id="93">
<LocList>
<Loc EndOffset="4127" SrcFileId="1" StartOffset="4059"/>
</LocList>
</BasicStmnt>
<BasicStmnt CovItemId="S70" CovItemPrefix="test.BillTest.java" Intrnl_Id="94">
<LocList>
<Loc EndOffset="4149" SrcFileId="1" StartOffset="4130"/>
</LocList>
</BasicStmnt>
<BasicStmnt CovItemId="S71" CovItemPrefix="test.BillTest.java" Intrnl_Id="95">
<LocList>
<Loc EndOffset="4229" SrcFileId="1" StartOffset="4152"/>
</LocList>
</BasicStmnt>
<BasicStmnt CovItemId="S72" CovItemPrefix="test.BillTest.java" Intrnl_Id="96">
<LocList>
<Loc EndOffset="4250" SrcFileId="1" StartOffset="4232"/>
</LocList>
</BasicStmnt>
<BasicStmnt CovItemId="S73" CovItemPrefix="test.BillTest.java" Intrnl_Id="97">
<LocList>
<Loc EndOffset="4311" SrcFileId="1" StartOffset="4263"/>
</LocList>
</BasicStmnt>
</StmntSeq>
</HierarchyLvl>
<HierarchyLvl HierarchyLvlId="1007" HierarchyLvlTypeId="4" Intrnl_Id="98" Name="testcase7">
<Header>
<Loc EndOffset="4348" SrcFileId="1" StartOffset="4318"/>
</Header>
<LocList>
<Loc EndOffset="4930" SrcFileId="1" StartOffset="4318"/>
</LocList>
<StmntSeq Intrnl_Id="99">
<LocList>
<Loc EndOffset="4416" SrcFileId="1" StartOffset="4374"/>
<Loc EndOffset="4471" SrcFileId="1" StartOffset="4419"/>
<Loc EndOffset="4499" SrcFileId="1" StartOffset="4474"/>
<Loc EndOffset="4569" SrcFileId="1" StartOffset="4502"/>
<Loc EndOffset="4591" SrcFileId="1" StartOffset="4572"/>
<Loc EndOffset="4662" SrcFileId="1" StartOffset="4594"/>
<Loc EndOffset="4684" SrcFileId="1" StartOffset="4665"/>
<Loc EndOffset="4764" SrcFileId="1" StartOffset="4687"/>
<Loc EndOffset="4786" SrcFileId="1" StartOffset="4767"/>
<Loc EndOffset="4856" SrcFileId="1" StartOffset="4789"/>
<Loc EndOffset="4876" SrcFileId="1" StartOffset="4859"/>
<Loc EndOffset="4927" SrcFileId="1" StartOffset="4879"/>
</LocList>
<BasicStmnt CovItemId="S74" CovItemPrefix="test.BillTest.java" Intrnl_Id="100">
<LocList>
<Loc EndOffset="4416" SrcFileId="1" StartOffset="4374"/>
</LocList>
</BasicStmnt>
<BasicStmnt CovItemId="S75" CovItemPrefix="test.BillTest.java" Intrnl_Id="101">
<LocList>
<Loc EndOffset="4471" SrcFileId="1" StartOffset="4419"/>
</LocList>
</BasicStmnt>
<BasicStmnt CovItemId="S76" CovItemPrefix="test.BillTest.java" Intrnl_Id="102">
<LocList>
<Loc EndOffset="4499" SrcFileId="1" StartOffset="4474"/>
</LocList>
</BasicStmnt>
<BasicStmnt CovItemId="S77" CovItemPrefix="test.BillTest.java" Intrnl_Id="103">
<LocList>
<Loc EndOffset="4569" SrcFileId="1" StartOffset="4502"/>
</LocList>
</BasicStmnt>
<BasicStmnt CovItemId="S78" CovItemPrefix="test.BillTest.java" Intrnl_Id="104">
<LocList>
<Loc EndOffset="4591" SrcFileId="1" StartOffset="4572"/>
</LocList>
</BasicStmnt>
<BasicStmnt CovItemId="S79" CovItemPrefix="test.BillTest.java" Intrnl_Id="105">
<LocList>
<Loc EndOffset="4662" SrcFileId="1" StartOffset="4594"/>
</LocList>
</BasicStmnt>
<BasicStmnt CovItemId="S80" CovItemPrefix="test.BillTest.java" Intrnl_Id="106">
<LocList>
<Loc EndOffset="4684" SrcFileId="1" StartOffset="4665"/>
</LocList>
</BasicStmnt>
<BasicStmnt CovItemId="S81" CovItemPrefix="test.BillTest.java" Intrnl_Id="107">
<LocList>
<Loc EndOffset="4764" SrcFileId="1" StartOffset="4687"/>
</LocList>
</BasicStmnt>
<BasicStmnt CovItemId="S82" CovItemPrefix="test.BillTest.java" Intrnl_Id="108">
<LocList>
<Loc EndOffset="4786" SrcFileId="1" StartOffset="4767"/>
</LocList>
</BasicStmnt>
<BasicStmnt CovItemId="S83" CovItemPrefix="test.BillTest.java" Intrnl_Id="109">
<LocList>
<Loc EndOffset="4856" SrcFileId="1" StartOffset="4789"/>
</LocList>
</BasicStmnt>
<BasicStmnt CovItemId="S84" CovItemPrefix="test.BillTest.java" Intrnl_Id="110">
<LocList>
<Loc EndOffset="4876" SrcFileId="1" StartOffset="4859"/>
</LocList>
</BasicStmnt>
<BasicStmnt CovItemId="S85" CovItemPrefix="test.BillTest.java" Intrnl_Id="111">
<LocList>
<Loc EndOffset="4927" SrcFileId="1" StartOffset="4879"/>
</LocList>
</BasicStmnt>
</StmntSeq>
</HierarchyLvl>
<HierarchyLvl HierarchyLvlId="1008" HierarchyLvlTypeId="4" Intrnl_Id="112" Name="testcase8">
<Header>
<Loc EndOffset="4964" SrcFileId="1" StartOffset="4934"/>
</Header>
<LocList>
<Loc EndOffset="5557" SrcFileId="1" StartOffset="4934"/>
</LocList>
<StmntSeq Intrnl_Id="113">
<LocList>
<Loc EndOffset="5032" SrcFileId="1" StartOffset="4990"/>
<Loc EndOffset="5087" SrcFileId="1" StartOffset="5035"/>
<Loc EndOffset="5115" SrcFileId="1" StartOffset="5090"/>
<Loc EndOffset="5185" SrcFileId="1" StartOffset="5118"/>
<Loc EndOffset="5207" SrcFileId="1" StartOffset="5188"/>
<Loc EndOffset="5278" SrcFileId="1" StartOffset="5210"/>
<Loc EndOffset="5300" SrcFileId="1" StartOffset="5281"/>
<Loc EndOffset="5380" SrcFileId="1" StartOffset="5303"/>
<Loc EndOffset="5402" SrcFileId="1" StartOffset="5383"/>
<Loc EndOffset="5472" SrcFileId="1" StartOffset="5405"/>
<Loc EndOffset="5493" SrcFileId="1" StartOffset="5475"/>
<Loc EndOffset="5554" SrcFileId="1" StartOffset="5506"/>
</LocList>
<BasicStmnt CovItemId="S86" CovItemPrefix="test.BillTest.java" Intrnl_Id="114">
<LocList>
<Loc EndOffset="5032" SrcFileId="1" StartOffset="4990"/>
</LocList>
</BasicStmnt>
<BasicStmnt CovItemId="S87" CovItemPrefix="test.BillTest.java" Intrnl_Id="115">
<LocList>
<Loc EndOffset="5087" SrcFileId="1" StartOffset="5035"/>
</LocList>
</BasicStmnt>
<BasicStmnt CovItemId="S88" CovItemPrefix="test.BillTest.java" Intrnl_Id="116">
<LocList>
<Loc EndOffset="5115" SrcFileId="1" StartOffset="5090"/>
</LocList>
</BasicStmnt>
<BasicStmnt CovItemId="S89" CovItemPrefix="test.BillTest.java" Intrnl_Id="117">
<LocList>
<Loc EndOffset="5185" SrcFileId="1" StartOffset="5118"/>
</LocList>
</BasicStmnt>
<BasicStmnt CovItemId="S90" CovItemPrefix="test.BillTest.java" Intrnl_Id="118">
<LocList>
<Loc EndOffset="5207" SrcFileId="1" StartOffset="5188"/>
</LocList>
</BasicStmnt>
<BasicStmnt CovItemId="S91" CovItemPrefix="test.BillTest.java" Intrnl_Id="119">
<LocList>
<Loc EndOffset="5278" SrcFileId="1" StartOffset="5210"/>
</LocList>
</BasicStmnt>
<BasicStmnt CovItemId="S92" CovItemPrefix="test.BillTest.java" Intrnl_Id="120">
<LocList>
<Loc EndOffset="5300" SrcFileId="1" StartOffset="5281"/>
</LocList>
</BasicStmnt>
<BasicStmnt CovItemId="S93" CovItemPrefix="test.BillTest.java" Intrnl_Id="121">
<LocList>
<Loc EndOffset="5380" SrcFileId="1" StartOffset="5303"/>
</LocList>
</BasicStmnt>
<BasicStmnt CovItemId="S94" CovItemPrefix="test.BillTest.java" Intrnl_Id="122">
<LocList>
<Loc EndOffset="5402" SrcFileId="1" StartOffset="5383"/>
</LocList>
</BasicStmnt>
<BasicStmnt CovItemId="S95" CovItemPrefix="test.BillTest.java" Intrnl_Id="123">
<LocList>
<Loc EndOffset="5472" SrcFileId="1" StartOffset="5405"/>
</LocList>
</BasicStmnt>
<BasicStmnt CovItemId="S96" CovItemPrefix="test.BillTest.java" Intrnl_Id="124">
<LocList>
<Loc EndOffset="5493" SrcFileId="1" StartOffset="5475"/>
</LocList>
</BasicStmnt>
<BasicStmnt CovItemId="S97" CovItemPrefix="test.BillTest.java" Intrnl_Id="125">
<LocList>
<Loc EndOffset="5554" SrcFileId="1" StartOffset="5506"/>
</LocList>
</BasicStmnt>
</StmntSeq>
</HierarchyLvl>
<HierarchyLvl HierarchyLvlId="1009" HierarchyLvlTypeId="4" Intrnl_Id="126" Name="testcase9">
<Header>
<Loc EndOffset="5591" SrcFileId="1" StartOffset="5561"/>
</Header>
<LocList>
<Loc EndOffset="6187" SrcFileId="1" StartOffset="5561"/>
</LocList>
<StmntSeq Intrnl_Id="127">
<LocList>
<Loc EndOffset="5659" SrcFileId="1" StartOffset="5617"/>
<Loc EndOffset="5714" SrcFileId="1" StartOffset="5662"/>
<Loc EndOffset="5742" SrcFileId="1" StartOffset="5717"/>
<Loc EndOffset="5812" SrcFileId="1" StartOffset="5745"/>
<Loc EndOffset="5834" SrcFileId="1" StartOffset="5815"/>
<Loc EndOffset="5905" SrcFileId="1" StartOffset="5837"/>
<Loc EndOffset="5927" SrcFileId="1" StartOffset="5908"/>
<Loc EndOffset="6007" SrcFileId="1" StartOffset="5930"/>
<Loc EndOffset="6029" SrcFileId="1" StartOffset="6010"/>
<Loc EndOffset="6099" SrcFileId="1" StartOffset="6032"/>
<Loc EndOffset="6121" SrcFileId="1" StartOffset="6102"/>
<Loc EndOffset="6184" SrcFileId="1" StartOffset="6124"/>
</LocList>
<BasicStmnt CovItemId="S98" CovItemPrefix="test.BillTest.java" Intrnl_Id="128">
<LocList>
<Loc EndOffset="5659" SrcFileId="1" StartOffset="5617"/>
</LocList>
</BasicStmnt>
<BasicStmnt CovItemId="S99" CovItemPrefix="test.BillTest.java" Intrnl_Id="129">
<LocList>
<Loc EndOffset="5714" SrcFileId="1" StartOffset="5662"/>
</LocList>
</BasicStmnt>
<BasicStmnt CovItemId="S100" CovItemPrefix="test.BillTest.java" Intrnl_Id="130">
<LocList>
<Loc EndOffset="5742" SrcFileId="1" StartOffset="5717"/>
</LocList>
</BasicStmnt>
<BasicStmnt CovItemId="S101" CovItemPrefix="test.BillTest.java" Intrnl_Id="131">
<LocList>
<Loc EndOffset="5812" SrcFileId="1" StartOffset="5745"/>
</LocList>
</BasicStmnt>
<BasicStmnt CovItemId="S102" CovItemPrefix="test.BillTest.java" Intrnl_Id="132">
<LocList>
<Loc EndOffset="5834" SrcFileId="1" StartOffset="5815"/>
</LocList>
</BasicStmnt>
<BasicStmnt CovItemId="S103" CovItemPrefix="test.BillTest.java" Intrnl_Id="133">
<LocList>
<Loc EndOffset="5905" SrcFileId="1" StartOffset="5837"/>
</LocList>
</BasicStmnt>
<BasicStmnt CovItemId="S104" CovItemPrefix="test.BillTest.java" Intrnl_Id="134">
<LocList>
<Loc EndOffset="5927" SrcFileId="1" StartOffset="5908"/>
</LocList>
</BasicStmnt>
<BasicStmnt CovItemId="S105" CovItemPrefix="test.BillTest.java" Intrnl_Id="135">
<LocList>
<Loc EndOffset="6007" SrcFileId="1" StartOffset="5930"/>
</LocList>
</BasicStmnt>
<BasicStmnt CovItemId="S106" CovItemPrefix="test.BillTest.java" Intrnl_Id="136">
<LocList>
<Loc EndOffset="6029" SrcFileId="1" StartOffset="6010"/>
</LocList>
</BasicStmnt>
<BasicStmnt CovItemId="S107" CovItemPrefix="test.BillTest.java" Intrnl_Id="137">
<LocList>
<Loc EndOffset="6099" SrcFileId="1" StartOffset="6032"/>
</LocList>
</BasicStmnt>
<BasicStmnt CovItemId="S108" CovItemPrefix="test.BillTest.java" Intrnl_Id="138">
<LocList>
<Loc EndOffset="6121" SrcFileId="1" StartOffset="6102"/>
</LocList>
</BasicStmnt>
<BasicStmnt CovItemId="S109" CovItemPrefix="test.BillTest.java" Intrnl_Id="139">
<LocList>
<Loc EndOffset="6184" SrcFileId="1" StartOffset="6124"/>
</LocList>
</BasicStmnt>
</StmntSeq>
</HierarchyLvl>
<HierarchyLvl HierarchyLvlId="1010" HierarchyLvlTypeId="4" Intrnl_Id="140" Name="testcase10">
<Header>
<Loc EndOffset="6222" SrcFileId="1" StartOffset="6191"/>
</Header>
<LocList>
<Loc EndOffset="6939" SrcFileId="1" StartOffset="6191"/>
</LocList>
<StmntSeq Intrnl_Id="141">
<LocList>
<Loc EndOffset="6290" SrcFileId="1" StartOffset="6248"/>
<Loc EndOffset="6323" SrcFileId="1" StartOffset="6293"/>
<Loc EndOffset="6378" SrcFileId="1" StartOffset="6326"/>
<Loc EndOffset="6406" SrcFileId="1" StartOffset="6381"/>
<Loc EndOffset="6476" SrcFileId="1" StartOffset="6409"/>
<Loc EndOffset="6498" SrcFileId="1" StartOffset="6479"/>
<Loc EndOffset="6569" SrcFileId="1" StartOffset="6501"/>
<Loc EndOffset="6591" SrcFileId="1" StartOffset="6572"/>
<Loc EndOffset="6671" SrcFileId="1" StartOffset="6594"/>
<Loc EndOffset="6693" SrcFileId="1" StartOffset="6674"/>
<Loc EndOffset="6763" SrcFileId="1" StartOffset="6696"/>
<Loc EndOffset="6785" SrcFileId="1" StartOffset="6766"/>
<Loc EndOffset="6856" SrcFileId="1" StartOffset="6798"/>
<Loc EndOffset="6879" SrcFileId="1" StartOffset="6859"/>
<Loc EndOffset="6936" SrcFileId="1" StartOffset="6882"/>
</LocList>
<BasicStmnt CovItemId="S110" CovItemPrefix="test.BillTest.java" Intrnl_Id="142">
<LocList>
<Loc EndOffset="6290" SrcFileId="1" StartOffset="6248"/>
</LocList>
</BasicStmnt>
<BasicStmnt CovItemId="S111" CovItemPrefix="test.BillTest.java" Intrnl_Id="143">
<LocList>
<Loc EndOffset="6323" SrcFileId="1" StartOffset="6293"/>
</LocList>
</BasicStmnt>
<BasicStmnt CovItemId="S112" CovItemPrefix="test.BillTest.java" Intrnl_Id="144">
<LocList>
<Loc EndOffset="6378" SrcFileId="1" StartOffset="6326"/>
</LocList>
</BasicStmnt>
<BasicStmnt CovItemId="S113" CovItemPrefix="test.BillTest.java" Intrnl_Id="145">
<LocList>
<Loc EndOffset="6406" SrcFileId="1" StartOffset="6381"/>
</LocList>
</BasicStmnt>
<BasicStmnt CovItemId="S114" CovItemPrefix="test.BillTest.java" Intrnl_Id="146">
<LocList>
<Loc EndOffset="6476" SrcFileId="1" StartOffset="6409"/>
</LocList>
</BasicStmnt>
<BasicStmnt CovItemId="S115" CovItemPrefix="test.BillTest.java" Intrnl_Id="147">
<LocList>
<Loc EndOffset="6498" SrcFileId="1" StartOffset="6479"/>
</LocList>
</BasicStmnt>
<BasicStmnt CovItemId="S116" CovItemPrefix="test.BillTest.java" Intrnl_Id="148">
<LocList>
<Loc EndOffset="6569" SrcFileId="1" StartOffset="6501"/>
</LocList>
</BasicStmnt>
<BasicStmnt CovItemId="S117" CovItemPrefix="test.BillTest.java" Intrnl_Id="149">
<LocList>
<Loc EndOffset="6591" SrcFileId="1" StartOffset="6572"/>
</LocList>
</BasicStmnt>
<BasicStmnt CovItemId="S118" CovItemPrefix="test.BillTest.java" Intrnl_Id="150">
<LocList>
<Loc EndOffset="6671" SrcFileId="1" StartOffset="6594"/>
</LocList>
</BasicStmnt>
<BasicStmnt CovItemId="S119" CovItemPrefix="test.BillTest.java" Intrnl_Id="151">
<LocList>
<Loc EndOffset="6693" SrcFileId="1" StartOffset="6674"/>
</LocList>
</BasicStmnt>
<BasicStmnt CovItemId="S120" CovItemPrefix="test.BillTest.java" Intrnl_Id="152">
<LocList>
<Loc EndOffset="6763" SrcFileId="1" StartOffset="6696"/>
</LocList>
</BasicStmnt>
<BasicStmnt CovItemId="S121" CovItemPrefix="test.BillTest.java" Intrnl_Id="153">
<LocList>
<Loc EndOffset="6785" SrcFileId="1" StartOffset="6766"/>
</LocList>
</BasicStmnt>
<BasicStmnt CovItemId="S122" CovItemPrefix="test.BillTest.java" Intrnl_Id="154">
<LocList>
<Loc EndOffset="6856" SrcFileId="1" StartOffset="6798"/>
</LocList>
</BasicStmnt>
<BasicStmnt CovItemId="S123" CovItemPrefix="test.BillTest.java" Intrnl_Id="155">
<LocList>
<Loc EndOffset="6879" SrcFileId="1" StartOffset="6859"/>
</LocList>
</BasicStmnt>
<BasicStmnt CovItemId="S124" CovItemPrefix="test.BillTest.java" Intrnl_Id="156">
<LocList>
<Loc EndOffset="6936" SrcFileId="1" StartOffset="6882"/>
</LocList>
</BasicStmnt>
</StmntSeq>
</HierarchyLvl>
<HierarchyLvl HierarchyLvlId="1011" HierarchyLvlTypeId="4" Intrnl_Id="157" Name="testcase11">
<Header>
<Loc EndOffset="6974" SrcFileId="1" StartOffset="6943"/>
</Header>
<LocList>
<Loc EndOffset="7263" SrcFileId="1" StartOffset="6943"/>
</LocList>
<StmntSeq Intrnl_Id="158">
<LocList>
<Loc EndOffset="7042" SrcFileId="1" StartOffset="7000"/>
<Loc EndOffset="7097" SrcFileId="1" StartOffset="7045"/>
<Loc EndOffset="7126" SrcFileId="1" StartOffset="7100"/>
<Loc EndOffset="7189" SrcFileId="1" StartOffset="7129"/>
<Loc EndOffset="7209" SrcFileId="1" StartOffset="7192"/>
<Loc EndOffset="7260" SrcFileId="1" StartOffset="7212"/>
</LocList>
<BasicStmnt CovItemId="S125" CovItemPrefix="test.BillTest.java" Intrnl_Id="159">
<LocList>
<Loc EndOffset="7042" SrcFileId="1" StartOffset="7000"/>
</LocList>
</BasicStmnt>
<BasicStmnt CovItemId="S126" CovItemPrefix="test.BillTest.java" Intrnl_Id="160">
<LocList>
<Loc EndOffset="7097" SrcFileId="1" StartOffset="7045"/>
</LocList>
</BasicStmnt>
<BasicStmnt CovItemId="S127" CovItemPrefix="test.BillTest.java" Intrnl_Id="161">
<LocList>
<Loc EndOffset="7126" SrcFileId="1" StartOffset="7100"/>
</LocList>
</BasicStmnt>
<BasicStmnt CovItemId="S128" CovItemPrefix="test.BillTest.java" Intrnl_Id="162">
<LocList>
<Loc EndOffset="7189" SrcFileId="1" StartOffset="7129"/>
</LocList>
</BasicStmnt>
<BasicStmnt CovItemId="S129" CovItemPrefix="test.BillTest.java" Intrnl_Id="163">
<LocList>
<Loc EndOffset="7209" SrcFileId="1" StartOffset="7192"/>
</LocList>
</BasicStmnt>
<BasicStmnt CovItemId="S130" CovItemPrefix="test.BillTest.java" Intrnl_Id="164">
<LocList>
<Loc EndOffset="7260" SrcFileId="1" StartOffset="7212"/>
</LocList>
</BasicStmnt>
</StmntSeq>
</HierarchyLvl>
<HierarchyLvl HierarchyLvlId="1012" HierarchyLvlTypeId="4" Intrnl_Id="165" Name="testcase12">
<Header>
<Loc EndOffset="7298" SrcFileId="1" StartOffset="7267"/>
</Header>
<LocList>
<Loc EndOffset="7588" SrcFileId="1" StartOffset="7267"/>
</LocList>
<StmntSeq Intrnl_Id="166">
<LocList>
<Loc EndOffset="7366" SrcFileId="1" StartOffset="7324"/>
<Loc EndOffset="7421" SrcFileId="1" StartOffset="7369"/>
<Loc EndOffset="7450" SrcFileId="1" StartOffset="7424"/>
<Loc EndOffset="7513" SrcFileId="1" StartOffset="7453"/>
<Loc EndOffset="7534" SrcFileId="1" StartOffset="7516"/>
<Loc EndOffset="7585" SrcFileId="1" StartOffset="7537"/>
</LocList>
<BasicStmnt CovItemId="S131" CovItemPrefix="test.BillTest.java" Intrnl_Id="167">
<LocList>
<Loc EndOffset="7366" SrcFileId="1" StartOffset="7324"/>
</LocList>
</BasicStmnt>
<BasicStmnt CovItemId="S132" CovItemPrefix="test.BillTest.java" Intrnl_Id="168">
<LocList>
<Loc EndOffset="7421" SrcFileId="1" StartOffset="7369"/>
</LocList>
</BasicStmnt>
<BasicStmnt CovItemId="S133" CovItemPrefix="test.BillTest.java" Intrnl_Id="169">
<LocList>
<Loc EndOffset="7450" SrcFileId="1" StartOffset="7424"/>
</LocList>
</BasicStmnt>
<BasicStmnt CovItemId="S134" CovItemPrefix="test.BillTest.java" Intrnl_Id="170">
<LocList>
<Loc EndOffset="7513" SrcFileId="1" StartOffset="7453"/>
</LocList>
</BasicStmnt>
<BasicStmnt CovItemId="S135" CovItemPrefix="test.BillTest.java" Intrnl_Id="171">
<LocList>
<Loc EndOffset="7534" SrcFileId="1" StartOffset="7516"/>
</LocList>
</BasicStmnt>
<BasicStmnt CovItemId="S136" CovItemPrefix="test.BillTest.java" Intrnl_Id="172">
<LocList>
<Loc EndOffset="7585" SrcFileId="1" StartOffset="7537"/>
</LocList>
</BasicStmnt>
</StmntSeq>
</HierarchyLvl>
<HierarchyLvl HierarchyLvlId="1013" HierarchyLvlTypeId="4" Intrnl_Id="173" Name="testcase13">
<Header>
<Loc EndOffset="7623" SrcFileId="1" StartOffset="7592"/>
</Header>
<LocList>
<Loc EndOffset="7998" SrcFileId="1" StartOffset="7592"/>
</LocList>
<StmntSeq Intrnl_Id="174">
<LocList>
<Loc EndOffset="7691" SrcFileId="1" StartOffset="7649"/>
<Loc EndOffset="7746" SrcFileId="1" StartOffset="7694"/>
<Loc EndOffset="7775" SrcFileId="1" StartOffset="7749"/>
<Loc EndOffset="7838" SrcFileId="1" StartOffset="7778"/>
<Loc EndOffset="7860" SrcFileId="1" StartOffset="7841"/>
<Loc EndOffset="7924" SrcFileId="1" StartOffset="7863"/>
<Loc EndOffset="7944" SrcFileId="1" StartOffset="7927"/>
<Loc EndOffset="7995" SrcFileId="1" StartOffset="7947"/>
</LocList>
<BasicStmnt CovItemId="S137" CovItemPrefix="test.BillTest.java" Intrnl_Id="175">
<LocList>
<Loc EndOffset="7691" SrcFileId="1" StartOffset="7649"/>
</LocList>
</BasicStmnt>
<BasicStmnt CovItemId="S138" CovItemPrefix="test.BillTest.java" Intrnl_Id="176">
<LocList>
<Loc EndOffset="7746" SrcFileId="1" StartOffset="7694"/>
</LocList>
</BasicStmnt>
<BasicStmnt CovItemId="S139" CovItemPrefix="test.BillTest.java" Intrnl_Id="177">
<LocList>
<Loc EndOffset="7775" SrcFileId="1" StartOffset="7749"/>
</LocList>
</BasicStmnt>
<BasicStmnt CovItemId="S140" CovItemPrefix="test.BillTest.java" Intrnl_Id="178">
<LocList>
<Loc EndOffset="7838" SrcFileId="1" StartOffset="7778"/>
</LocList>
</BasicStmnt>
<BasicStmnt CovItemId="S141" CovItemPrefix="test.BillTest.java" Intrnl_Id="179">
<LocList>
<Loc EndOffset="7860" SrcFileId="1" StartOffset="7841"/>
</LocList>
</BasicStmnt>
<BasicStmnt CovItemId="S142" CovItemPrefix="test.BillTest.java" Intrnl_Id="180">
<LocList>
<Loc EndOffset="7924" SrcFileId="1" StartOffset="7863"/>
</LocList>
</BasicStmnt>
<BasicStmnt CovItemId="S143" CovItemPrefix="test.BillTest.java" Intrnl_Id="181">
<LocList>
<Loc EndOffset="7944" SrcFileId="1" StartOffset="7927"/>
</LocList>
</BasicStmnt>
<BasicStmnt CovItemId="S144" CovItemPrefix="test.BillTest.java" Intrnl_Id="182">
<LocList>
<Loc EndOffset="7995" SrcFileId="1" StartOffset="7947"/>
</LocList>
</BasicStmnt>
</StmntSeq>
</HierarchyLvl>
<HierarchyLvl HierarchyLvlId="1014" HierarchyLvlTypeId="4" Intrnl_Id="183" Name="testcase14">
<Header>
<Loc EndOffset="8033" SrcFileId="1" StartOffset="8002"/>
</Header>
<LocList>
<Loc EndOffset="8409" SrcFileId="1" StartOffset="8002"/>
</LocList>
<StmntSeq Intrnl_Id="184">
<LocList>
<Loc EndOffset="8101" SrcFileId="1" StartOffset="8059"/>
<Loc EndOffset="8156" SrcFileId="1" StartOffset="8104"/>
<Loc EndOffset="8185" SrcFileId="1" StartOffset="8159"/>
<Loc EndOffset="8248" SrcFileId="1" StartOffset="8188"/>
<Loc EndOffset="8270" SrcFileId="1" StartOffset="8251"/>
<Loc EndOffset="8334" SrcFileId="1" StartOffset="8273"/>
<Loc EndOffset="8355" SrcFileId="1" StartOffset="8337"/>
<Loc EndOffset="8406" SrcFileId="1" StartOffset="8358"/>
</LocList>
<BasicStmnt CovItemId="S145" CovItemPrefix="test.BillTest.java" Intrnl_Id="185">
<LocList>
<Loc EndOffset="8101" SrcFileId="1" StartOffset="8059"/>
</LocList>
</BasicStmnt>
<BasicStmnt CovItemId="S146" CovItemPrefix="test.BillTest.java" Intrnl_Id="186">
<LocList>
<Loc EndOffset="8156" SrcFileId="1" StartOffset="8104"/>
</LocList>
</BasicStmnt>
<BasicStmnt CovItemId="S147" CovItemPrefix="test.BillTest.java" Intrnl_Id="187">
<LocList>
<Loc EndOffset="8185" SrcFileId="1" StartOffset="8159"/>
</LocList>
</BasicStmnt>
<BasicStmnt CovItemId="S148" CovItemPrefix="test.BillTest.java" Intrnl_Id="188">
<LocList>
<Loc EndOffset="8248" SrcFileId="1" StartOffset="8188"/>
</LocList>
</BasicStmnt>
<BasicStmnt CovItemId="S149" CovItemPrefix="test.BillTest.java" Intrnl_Id="189">
<LocList>
<Loc EndOffset="8270" SrcFileId="1" StartOffset="8251"/>
</LocList>
</BasicStmnt>
<BasicStmnt CovItemId="S150" CovItemPrefix="test.BillTest.java" Intrnl_Id="190">
<LocList>
<Loc EndOffset="8334" SrcFileId="1" StartOffset="8273"/>
</LocList>
</BasicStmnt>
<BasicStmnt CovItemId="S151" CovItemPrefix="test.BillTest.java" Intrnl_Id="191">
<LocList>
<Loc EndOffset="8355" SrcFileId="1" StartOffset="8337"/>
</LocList>
</BasicStmnt>
<BasicStmnt CovItemId="S152" CovItemPrefix="test.BillTest.java" Intrnl_Id="192">
<LocList>
<Loc EndOffset="8406" SrcFileId="1" StartOffset="8358"/>
</LocList>
</BasicStmnt>
</StmntSeq>
</HierarchyLvl>
<HierarchyLvl HierarchyLvlId="1015" HierarchyLvlTypeId="4" Intrnl_Id="193" Name="testcase15">
<Header>
<Loc EndOffset="8444" SrcFileId="1" StartOffset="8413"/>
</Header>
<LocList>
<Loc EndOffset="8914" SrcFileId="1" StartOffset="8413"/>
</LocList>
<StmntSeq Intrnl_Id="194">
<LocList>
<Loc EndOffset="8512" SrcFileId="1" StartOffset="8470"/>
<Loc EndOffset="8567" SrcFileId="1" StartOffset="8515"/>
<Loc EndOffset="8596" SrcFileId="1" StartOffset="8570"/>
<Loc EndOffset="8659" SrcFileId="1" StartOffset="8599"/>
<Loc EndOffset="8681" SrcFileId="1" StartOffset="8662"/>
<Loc EndOffset="8745" SrcFileId="1" StartOffset="8684"/>
<Loc EndOffset="8767" SrcFileId="1" StartOffset="8748"/>
<Loc EndOffset="8840" SrcFileId="1" StartOffset="8770"/>
<Loc EndOffset="8860" SrcFileId="1" StartOffset="8843"/>
<Loc EndOffset="8911" SrcFileId="1" StartOffset="8863"/>
</LocList>
<BasicStmnt CovItemId="S153" CovItemPrefix="test.BillTest.java" Intrnl_Id="195">
<LocList>
<Loc EndOffset="8512" SrcFileId="1" StartOffset="8470"/>
</LocList>
</BasicStmnt>
<BasicStmnt CovItemId="S154" CovItemPrefix="test.BillTest.java" Intrnl_Id="196">
<LocList>
<Loc EndOffset="8567" SrcFileId="1" StartOffset="8515"/>
</LocList>
</BasicStmnt>
<BasicStmnt CovItemId="S155" CovItemPrefix="test.BillTest.java" Intrnl_Id="197">
<LocList>
<Loc EndOffset="8596" SrcFileId="1" StartOffset="8570"/>
</LocList>
</BasicStmnt>
<BasicStmnt CovItemId="S156" CovItemPrefix="test.BillTest.java" Intrnl_Id="198">
<LocList>
<Loc EndOffset="8659" SrcFileId="1" StartOffset="8599"/>
</LocList>
</BasicStmnt>
<BasicStmnt CovItemId="S157" CovItemPrefix="test.BillTest.java" Intrnl_Id="199">
<LocList>
<Loc EndOffset="8681" SrcFileId="1" StartOffset="8662"/>
</LocList>
</BasicStmnt>
<BasicStmnt CovItemId="S158" CovItemPrefix="test.BillTest.java" Intrnl_Id="200">
<LocList>
<Loc EndOffset="8745" SrcFileId="1" StartOffset="8684"/>
</LocList>
</BasicStmnt>
<BasicStmnt CovItemId="S159" CovItemPrefix="test.BillTest.java" Intrnl_Id="201">
<LocList>
<Loc EndOffset="8767" SrcFileId="1" StartOffset="8748"/>
</LocList>
</BasicStmnt>
<BasicStmnt CovItemId="S160" CovItemPrefix="test.BillTest.java" Intrnl_Id="202">
<LocList>
<Loc EndOffset="8840" SrcFileId="1" StartOffset="8770"/>
</LocList>
</BasicStmnt>
<BasicStmnt CovItemId="S161" CovItemPrefix="test.BillTest.java" Intrnl_Id="203">
<LocList>
<Loc EndOffset="8860" SrcFileId="1" StartOffset="8843"/>
</LocList>
</BasicStmnt>
<BasicStmnt CovItemId="S162" CovItemPrefix="test.BillTest.java" Intrnl_Id="204">
<LocList>
<Loc EndOffset="8911" SrcFileId="1" StartOffset="8863"/>
</LocList>
</BasicStmnt>
</StmntSeq>
</HierarchyLvl>
<HierarchyLvl HierarchyLvlId="1016" HierarchyLvlTypeId="4" Intrnl_Id="205" Name="testcase16">
<Header>
<Loc EndOffset="8947" SrcFileId="1" StartOffset="8916"/>
</Header>
<LocList>
<Loc EndOffset="9418" SrcFileId="1" StartOffset="8916"/>
</LocList>
<StmntSeq Intrnl_Id="206">
<LocList>
<Loc EndOffset="9015" SrcFileId="1" StartOffset="8973"/>
<Loc EndOffset="9070" SrcFileId="1" StartOffset="9018"/>
<Loc EndOffset="9099" SrcFileId="1" StartOffset="9073"/>
<Loc EndOffset="9162" SrcFileId="1" StartOffset="9102"/>
<Loc EndOffset="9184" SrcFileId="1" StartOffset="9165"/>
<Loc EndOffset="9248" SrcFileId="1" StartOffset="9187"/>
<Loc EndOffset="9270" SrcFileId="1" StartOffset="9251"/>
<Loc EndOffset="9343" SrcFileId="1" StartOffset="9273"/>
<Loc EndOffset="9364" SrcFileId="1" StartOffset="9346"/>
<Loc EndOffset="9415" SrcFileId="1" StartOffset="9367"/>
</LocList>
<BasicStmnt CovItemId="S163" CovItemPrefix="test.BillTest.java" Intrnl_Id="207">
<LocList>
<Loc EndOffset="9015" SrcFileId="1" StartOffset="8973"/>
</LocList>
</BasicStmnt>
<BasicStmnt CovItemId="S164" CovItemPrefix="test.BillTest.java" Intrnl_Id="208">
<LocList>
<Loc EndOffset="9070" SrcFileId="1" StartOffset="9018"/>
</LocList>
</BasicStmnt>
<BasicStmnt CovItemId="S165" CovItemPrefix="test.BillTest.java" Intrnl_Id="209">
<LocList>
<Loc EndOffset="9099" SrcFileId="1" StartOffset="9073"/>
</LocList>
</BasicStmnt>
<BasicStmnt CovItemId="S166" CovItemPrefix="test.BillTest.java" Intrnl_Id="210">
<LocList>
<Loc EndOffset="9162" SrcFileId="1" StartOffset="9102"/>
</LocList>
</BasicStmnt>
<BasicStmnt CovItemId="S167" CovItemPrefix="test.BillTest.java" Intrnl_Id="211">
<LocList>
<Loc EndOffset="9184" SrcFileId="1" StartOffset="9165"/>
</LocList>
</BasicStmnt>
<BasicStmnt CovItemId="S168" CovItemPrefix="test.BillTest.java" Intrnl_Id="212">
<LocList>
<Loc EndOffset="9248" SrcFileId="1" StartOffset="9187"/>
</LocList>
</BasicStmnt>
<BasicStmnt CovItemId="S169" CovItemPrefix="test.BillTest.java" Intrnl_Id="213">
<LocList>
<Loc EndOffset="9270" SrcFileId="1" StartOffset="9251"/>
</LocList>
</BasicStmnt>
<BasicStmnt CovItemId="S170" CovItemPrefix="test.BillTest.java" Intrnl_Id="214">
<LocList>
<Loc EndOffset="9343" SrcFileId="1" StartOffset="9273"/>
</LocList>
</BasicStmnt>
<BasicStmnt CovItemId="S171" CovItemPrefix="test.BillTest.java" Intrnl_Id="215">
<LocList>
<Loc EndOffset="9364" SrcFileId="1" StartOffset="9346"/>
</LocList>
</BasicStmnt>
<BasicStmnt CovItemId="S172" CovItemPrefix="test.BillTest.java" Intrnl_Id="216">
<LocList>
<Loc EndOffset="9415" SrcFileId="1" StartOffset="9367"/>
</LocList>
</BasicStmnt>
</StmntSeq>
</HierarchyLvl>
<HierarchyLvl HierarchyLvlId="1017" HierarchyLvlTypeId="4" Intrnl_Id="217" Name="testcase17">
<Header>
<Loc EndOffset="9451" SrcFileId="1" StartOffset="9420"/>
</Header>
<LocList>
<Loc EndOffset="10007" SrcFileId="1" StartOffset="9420"/>
</LocList>
<StmntSeq Intrnl_Id="218">
<LocList>
<Loc EndOffset="9519" SrcFileId="1" StartOffset="9477"/>
<Loc EndOffset="9574" SrcFileId="1" StartOffset="9522"/>
<Loc EndOffset="9603" SrcFileId="1" StartOffset="9577"/>
<Loc EndOffset="9666" SrcFileId="1" StartOffset="9606"/>
<Loc EndOffset="9688" SrcFileId="1" StartOffset="9669"/>
<Loc EndOffset="9752" SrcFileId="1" StartOffset="9691"/>
<Loc EndOffset="9774" SrcFileId="1" StartOffset="9755"/>
<Loc EndOffset="9847" SrcFileId="1" StartOffset="9777"/>
<Loc EndOffset="9869" SrcFileId="1" StartOffset="9850"/>
<Loc EndOffset="9932" SrcFileId="1" StartOffset="9872"/>
<Loc EndOffset="9952" SrcFileId="1" StartOffset="9935"/>
<Loc EndOffset="10003" SrcFileId="1" StartOffset="9955"/>
</LocList>
<BasicStmnt CovItemId="S173" CovItemPrefix="test.BillTest.java" Intrnl_Id="219">
<LocList>
<Loc EndOffset="9519" SrcFileId="1" StartOffset="9477"/>
</LocList>
</BasicStmnt>
<BasicStmnt CovItemId="S174" CovItemPrefix="test.BillTest.java" Intrnl_Id="220">
<LocList>
<Loc EndOffset="9574" SrcFileId="1" StartOffset="9522"/>
</LocList>
</BasicStmnt>
<BasicStmnt CovItemId="S175" CovItemPrefix="test.BillTest.java" Intrnl_Id="221">
<LocList>
<Loc EndOffset="9603" SrcFileId="1" StartOffset="9577"/>
</LocList>
</BasicStmnt>
<BasicStmnt CovItemId="S176" CovItemPrefix="test.BillTest.java" Intrnl_Id="222">
<LocList>
<Loc EndOffset="9666" SrcFileId="1" StartOffset="9606"/>
</LocList>
</BasicStmnt>
<BasicStmnt CovItemId="S177" CovItemPrefix="test.BillTest.java" Intrnl_Id="223">
<LocList>
<Loc EndOffset="9688" SrcFileId="1" StartOffset="9669"/>
</LocList>
</BasicStmnt>
<BasicStmnt CovItemId="S178" CovItemPrefix="test.BillTest.java" Intrnl_Id="224">
<LocList>
<Loc EndOffset="9752" SrcFileId="1" StartOffset="9691"/>
</LocList>
</BasicStmnt>
<BasicStmnt CovItemId="S179" CovItemPrefix="test.BillTest.java" Intrnl_Id="225">
<LocList>
<Loc EndOffset="9774" SrcFileId="1" StartOffset="9755"/>
</LocList>
</BasicStmnt>
<BasicStmnt CovItemId="S180" CovItemPrefix="test.BillTest.java" Intrnl_Id="226">
<LocList>
<Loc EndOffset="9847" SrcFileId="1" StartOffset="9777"/>
</LocList>
</BasicStmnt>
<BasicStmnt CovItemId="S181" CovItemPrefix="test.BillTest.java" Intrnl_Id="227">
<LocList>
<Loc EndOffset="9869" SrcFileId="1" StartOffset="9850"/>
</LocList>
</BasicStmnt>
<BasicStmnt CovItemId="S182" CovItemPrefix="test.BillTest.java" Intrnl_Id="228">
<LocList>
<Loc EndOffset="9932" SrcFileId="1" StartOffset="9872"/>
</LocList>
</BasicStmnt>
<BasicStmnt CovItemId="S183" CovItemPrefix="test.BillTest.java" Intrnl_Id="229">
<LocList>
<Loc EndOffset="9952" SrcFileId="1" StartOffset="9935"/>
</LocList>
</BasicStmnt>
<BasicStmnt CovItemId="S184" CovItemPrefix="test.BillTest.java" Intrnl_Id="230">
<LocList>
<Loc EndOffset="10003" SrcFileId="1" StartOffset="9955"/>
</LocList>
</BasicStmnt>
</StmntSeq>
</HierarchyLvl>
<HierarchyLvl HierarchyLvlId="1018" HierarchyLvlTypeId="4" Intrnl_Id="231" Name="testcase18">
<Header>
<Loc EndOffset="10042" SrcFileId="1" StartOffset="10011"/>
</Header>
<LocList>
<Loc EndOffset="10599" SrcFileId="1" StartOffset="10011"/>
</LocList>
<StmntSeq Intrnl_Id="232">
<LocList>
<Loc EndOffset="10110" SrcFileId="1" StartOffset="10068"/>
<Loc EndOffset="10165" SrcFileId="1" StartOffset="10113"/>
<Loc EndOffset="10194" SrcFileId="1" StartOffset="10168"/>
<Loc EndOffset="10257" SrcFileId="1" StartOffset="10197"/>
<Loc EndOffset="10279" SrcFileId="1" StartOffset="10260"/>
<Loc EndOffset="10343" SrcFileId="1" StartOffset="10282"/>
<Loc EndOffset="10365" SrcFileId="1" StartOffset="10346"/>
<Loc EndOffset="10438" SrcFileId="1" StartOffset="10368"/>
<Loc EndOffset="10460" SrcFileId="1" StartOffset="10441"/>
<Loc EndOffset="10523" SrcFileId="1" StartOffset="10463"/>
<Loc EndOffset="10544" SrcFileId="1" StartOffset="10526"/>
<Loc EndOffset="10595" SrcFileId="1" StartOffset="10547"/>
</LocList>
<BasicStmnt CovItemId="S185" CovItemPrefix="test.BillTest.java" Intrnl_Id="233">
<LocList>
<Loc EndOffset="10110" SrcFileId="1" StartOffset="10068"/>
</LocList>
</BasicStmnt>
<BasicStmnt CovItemId="S186" CovItemPrefix="test.BillTest.java" Intrnl_Id="234">
<LocList>
<Loc EndOffset="10165" SrcFileId="1" StartOffset="10113"/>
</LocList>
</BasicStmnt>
<BasicStmnt CovItemId="S187" CovItemPrefix="test.BillTest.java" Intrnl_Id="235">
<LocList>
<Loc EndOffset="10194" SrcFileId="1" StartOffset="10168"/>
</LocList>
</BasicStmnt>
<BasicStmnt CovItemId="S188" CovItemPrefix="test.BillTest.java" Intrnl_Id="236">
<LocList>
<Loc EndOffset="10257" SrcFileId="1" StartOffset="10197"/>
</LocList>
</BasicStmnt>
<BasicStmnt CovItemId="S189" CovItemPrefix="test.BillTest.java" Intrnl_Id="237">
<LocList>
<Loc EndOffset="10279" SrcFileId="1" StartOffset="10260"/>
</LocList>
</BasicStmnt>
<BasicStmnt CovItemId="S190" CovItemPrefix="test.BillTest.java" Intrnl_Id="238">
<LocList>
<Loc EndOffset="10343" SrcFileId="1" StartOffset="10282"/>
</LocList>
</BasicStmnt>
<BasicStmnt CovItemId="S191" CovItemPrefix="test.BillTest.java" Intrnl_Id="239">
<LocList>
<Loc EndOffset="10365" SrcFileId="1" StartOffset="10346"/>
</LocList>
</BasicStmnt>
<BasicStmnt CovItemId="S192" CovItemPrefix="test.BillTest.java" Intrnl_Id="240">
<LocList>
<Loc EndOffset="10438" SrcFileId="1" StartOffset="10368"/>
</LocList>
</BasicStmnt>
<BasicStmnt CovItemId="S193" CovItemPrefix="test.BillTest.java" Intrnl_Id="241">
<LocList>
<Loc EndOffset="10460" SrcFileId="1" StartOffset="10441"/>
</LocList>
</BasicStmnt>
<BasicStmnt CovItemId="S194" CovItemPrefix="test.BillTest.java" Intrnl_Id="242">
<LocList>
<Loc EndOffset="10523" SrcFileId="1" StartOffset="10463"/>
</LocList>
</BasicStmnt>
<BasicStmnt CovItemId="S195" CovItemPrefix="test.BillTest.java" Intrnl_Id="243">
<LocList>
<Loc EndOffset="10544" SrcFileId="1" StartOffset="10526"/>
</LocList>
</BasicStmnt>
<BasicStmnt CovItemId="S196" CovItemPrefix="test.BillTest.java" Intrnl_Id="244">
<LocList>
<Loc EndOffset="10595" SrcFileId="1" StartOffset="10547"/>
</LocList>
</BasicStmnt>
</StmntSeq>
</HierarchyLvl>
<HierarchyLvl HierarchyLvlId="1019" HierarchyLvlTypeId="4" Intrnl_Id="245" Name="testcase19">
<Header>
<Loc EndOffset="10632" SrcFileId="1" StartOffset="10601"/>
</Header>
<LocList>
<Loc EndOffset="11252" SrcFileId="1" StartOffset="10601"/>
</LocList>
<StmntSeq Intrnl_Id="246">
<LocList>
<Loc EndOffset="10700" SrcFileId="1" StartOffset="10658"/>
<Loc EndOffset="10733" SrcFileId="1" StartOffset="10703"/>
<Loc EndOffset="10788" SrcFileId="1" StartOffset="10736"/>
<Loc EndOffset="10817" SrcFileId="1" StartOffset="10791"/>
<Loc EndOffset="10880" SrcFileId="1" StartOffset="10820"/>
<Loc EndOffset="10902" SrcFileId="1" StartOffset="10883"/>
<Loc EndOffset="10966" SrcFileId="1" StartOffset="10905"/>
<Loc EndOffset="10988" SrcFileId="1" StartOffset="10969"/>
<Loc EndOffset="11061" SrcFileId="1" StartOffset="10991"/>
<Loc EndOffset="11083" SrcFileId="1" StartOffset="11064"/>
<Loc EndOffset="11146" SrcFileId="1" StartOffset="11086"/>
<Loc EndOffset="11168" SrcFileId="1" StartOffset="11149"/>
<Loc EndOffset="11248" SrcFileId="1" StartOffset="11181"/>
</LocList>
<BasicStmnt CovItemId="S197" CovItemPrefix="test.BillTest.java" Intrnl_Id="247">
<LocList>
<Loc EndOffset="10700" SrcFileId="1" StartOffset="10658"/>
</LocList>
</BasicStmnt>
<BasicStmnt CovItemId="S198" CovItemPrefix="test.BillTest.java" Intrnl_Id="248">
<LocList>
<Loc EndOffset="10733" SrcFileId="1" StartOffset="10703"/>
</LocList>
</BasicStmnt>
<BasicStmnt CovItemId="S199" CovItemPrefix="test.BillTest.java" Intrnl_Id="249">
<LocList>
<Loc EndOffset="10788" SrcFileId="1" StartOffset="10736"/>
</LocList>
</BasicStmnt>
<BasicStmnt CovItemId="S200" CovItemPrefix="test.BillTest.java" Intrnl_Id="250">
<LocList>
<Loc EndOffset="10817" SrcFileId="1" StartOffset="10791"/>
</LocList>
</BasicStmnt>
<BasicStmnt CovItemId="S201" CovItemPrefix="test.BillTest.java" Intrnl_Id="251">
<LocList>
<Loc EndOffset="10880" SrcFileId="1" StartOffset="10820"/>
</LocList>
</BasicStmnt>
<BasicStmnt CovItemId="S202" CovItemPrefix="test.BillTest.java" Intrnl_Id="252">
<LocList>
<Loc EndOffset="10902" SrcFileId="1" StartOffset="10883"/>
</LocList>
</BasicStmnt>
<BasicStmnt CovItemId="S203" CovItemPrefix="test.BillTest.java" Intrnl_Id="253">
<LocList>
<Loc EndOffset="10966" SrcFileId="1" StartOffset="10905"/>
</LocList>
</BasicStmnt>
<BasicStmnt CovItemId="S204" CovItemPrefix="test.BillTest.java" Intrnl_Id="254">
<LocList>
<Loc EndOffset="10988" SrcFileId="1" StartOffset="10969"/>
</LocList>
</BasicStmnt>
<BasicStmnt CovItemId="S205" CovItemPrefix="test.BillTest.java" Intrnl_Id="255">
<LocList>
<Loc EndOffset="11061" SrcFileId="1" StartOffset="10991"/>
</LocList>
</BasicStmnt>
<BasicStmnt CovItemId="S206" CovItemPrefix="test.BillTest.java" Intrnl_Id="256">
<LocList>
<Loc EndOffset="11083" SrcFileId="1" StartOffset="11064"/>
</LocList>
</BasicStmnt>
<BasicStmnt CovItemId="S207" CovItemPrefix="test.BillTest.java" Intrnl_Id="257">
<LocList>
<Loc EndOffset="11146" SrcFileId="1" StartOffset="11086"/>
</LocList>
</BasicStmnt>
<BasicStmnt CovItemId="S208" CovItemPrefix="test.BillTest.java" Intrnl_Id="258">
<LocList>
<Loc EndOffset="11168" SrcFileId="1" StartOffset="11149"/>
</LocList>
</BasicStmnt>
<BasicStmnt CovItemId="S209" CovItemPrefix="test.BillTest.java" Intrnl_Id="259">
<LocList>
<Loc EndOffset="11248" SrcFileId="1" StartOffset="11181"/>
</LocList>
</BasicStmnt>
</StmntSeq>
</HierarchyLvl>
<HierarchyLvl HierarchyLvlId="1020" HierarchyLvlTypeId="4" Intrnl_Id="260" Name="testcase20">
<Header>
<Loc EndOffset="11285" SrcFileId="1" StartOffset="11254"/>
</Header>
<LocList>
<Loc EndOffset="11863" SrcFileId="1" StartOffset="11254"/>
</LocList>
<StmntSeq Intrnl_Id="261">
<LocList>
<Loc EndOffset="11353" SrcFileId="1" StartOffset="11311"/>
<Loc EndOffset="11408" SrcFileId="1" StartOffset="11356"/>
<Loc EndOffset="11437" SrcFileId="1" StartOffset="11411"/>
<Loc EndOffset="11500" SrcFileId="1" StartOffset="11440"/>
<Loc EndOffset="11522" SrcFileId="1" StartOffset="11503"/>
<Loc EndOffset="11586" SrcFileId="1" StartOffset="11525"/>
<Loc EndOffset="11608" SrcFileId="1" StartOffset="11589"/>
<Loc EndOffset="11681" SrcFileId="1" StartOffset="11611"/>
<Loc EndOffset="11703" SrcFileId="1" StartOffset="11684"/>
<Loc EndOffset="11766" SrcFileId="1" StartOffset="11706"/>
<Loc EndOffset="11788" SrcFileId="1" StartOffset="11769"/>
<Loc EndOffset="11859" SrcFileId="1" StartOffset="11801"/>
</LocList>
<BasicStmnt CovItemId="S210" CovItemPrefix="test.BillTest.java" Intrnl_Id="262">
<LocList>
<Loc EndOffset="11353" SrcFileId="1" StartOffset="11311"/>
</LocList>
</BasicStmnt>
<BasicStmnt CovItemId="S211" CovItemPrefix="test.BillTest.java" Intrnl_Id="263">
<LocList>
<Loc EndOffset="11408" SrcFileId="1" StartOffset="11356"/>
</LocList>
</BasicStmnt>
<BasicStmnt CovItemId="S212" CovItemPrefix="test.BillTest.java" Intrnl_Id="264">
<LocList>
<Loc EndOffset="11437" SrcFileId="1" StartOffset="11411"/>
</LocList>
</BasicStmnt>
<BasicStmnt CovItemId="S213" CovItemPrefix="test.BillTest.java" Intrnl_Id="265">
<LocList>
<Loc EndOffset="11500" SrcFileId="1" StartOffset="11440"/>
</LocList>
</BasicStmnt>
<BasicStmnt CovItemId="S214" CovItemPrefix="test.BillTest.java" Intrnl_Id="266">
<LocList>
<Loc EndOffset="11522" SrcFileId="1" StartOffset="11503"/>
</LocList>
</BasicStmnt>
<BasicStmnt CovItemId="S215" CovItemPrefix="test.BillTest.java" Intrnl_Id="267">
<LocList>
<Loc EndOffset="11586" SrcFileId="1" StartOffset="11525"/>
</LocList>
</BasicStmnt>
<BasicStmnt CovItemId="S216" CovItemPrefix="test.BillTest.java" Intrnl_Id="268">
<LocList>
<Loc EndOffset="11608" SrcFileId="1" StartOffset="11589"/>
</LocList>
</BasicStmnt>
<BasicStmnt CovItemId="S217" CovItemPrefix="test.BillTest.java" Intrnl_Id="269">
<LocList>
<Loc EndOffset="11681" SrcFileId="1" StartOffset="11611"/>
</LocList>
</BasicStmnt>
<BasicStmnt CovItemId="S218" CovItemPrefix="test.BillTest.java" Intrnl_Id="270">
<LocList>
<Loc EndOffset="11703" SrcFileId="1" StartOffset="11684"/>
</LocList>
</BasicStmnt>
<BasicStmnt CovItemId="S219" CovItemPrefix="test.BillTest.java" Intrnl_Id="271">
<LocList>
<Loc EndOffset="11766" SrcFileId="1" StartOffset="11706"/>
</LocList>
</BasicStmnt>
<BasicStmnt CovItemId="S220" CovItemPrefix="test.BillTest.java" Intrnl_Id="272">
<LocList>
<Loc EndOffset="11788" SrcFileId="1" StartOffset="11769"/>
</LocList>
</BasicStmnt>
<BasicStmnt CovItemId="S221" CovItemPrefix="test.BillTest.java" Intrnl_Id="273">
<LocList>
<Loc EndOffset="11859" SrcFileId="1" StartOffset="11801"/>
</LocList>
</BasicStmnt>
</StmntSeq>
</HierarchyLvl>
<HierarchyLvl HierarchyLvlId="1021" HierarchyLvlTypeId="4" Intrnl_Id="274" Name="testcase21">
<Header>
<Loc EndOffset="11896" SrcFileId="1" StartOffset="11865"/>
</Header>
<LocList>
<Loc EndOffset="12503" SrcFileId="1" StartOffset="11865"/>
</LocList>
<StmntSeq Intrnl_Id="275">
<LocList>
<Loc EndOffset="11958" SrcFileId="1" StartOffset="11916"/>
<Loc EndOffset="12013" SrcFileId="1" StartOffset="11961"/>
<Loc EndOffset="12041" SrcFileId="1" StartOffset="12016"/>
<Loc EndOffset="12111" SrcFileId="1" StartOffset="12044"/>
<Loc EndOffset="12139" SrcFileId="1" StartOffset="12114"/>
<Loc EndOffset="12209" SrcFileId="1" StartOffset="12142"/>
<Loc EndOffset="12241" SrcFileId="1" StartOffset="12215"/>
<Loc EndOffset="12311" SrcFileId="1" StartOffset="12244"/>
<Loc EndOffset="12337" SrcFileId="1" StartOffset="12317"/>
<Loc EndOffset="12407" SrcFileId="1" StartOffset="12340"/>
<Loc EndOffset="12426" SrcFileId="1" StartOffset="12411"/>
<Loc EndOffset="12496" SrcFileId="1" StartOffset="12429"/>
</LocList>
<BasicStmnt CovItemId="S222" CovItemPrefix="test.BillTest.java" Intrnl_Id="276">
<LocList>
<Loc EndOffset="11958" SrcFileId="1" StartOffset="11916"/>
</LocList>
</BasicStmnt>
<BasicStmnt CovItemId="S223" CovItemPrefix="test.BillTest.java" Intrnl_Id="277">
<LocList>
<Loc EndOffset="12013" SrcFileId="1" StartOffset="11961"/>
</LocList>
</BasicStmnt>
<BasicStmnt CovItemId="S224" CovItemPrefix="test.BillTest.java" Intrnl_Id="278">
<LocList>
<Loc EndOffset="12041" SrcFileId="1" StartOffset="12016"/>
</LocList>
</BasicStmnt>
<BasicStmnt CovItemId="S225" CovItemPrefix="test.BillTest.java" Intrnl_Id="279">
<LocList>
<Loc EndOffset="12111" SrcFileId="1" StartOffset="12044"/>
</LocList>
</BasicStmnt>
<BasicStmnt CovItemId="S226" CovItemPrefix="test.BillTest.java" Intrnl_Id="280">
<LocList>
<Loc EndOffset="12139" SrcFileId="1" StartOffset="12114"/>
</LocList>
</BasicStmnt>
<BasicStmnt CovItemId="S227" CovItemPrefix="test.BillTest.java" Intrnl_Id="281">
<LocList>
<Loc EndOffset="12209" SrcFileId="1" StartOffset="12142"/>
</LocList>
</BasicStmnt>
<BasicStmnt CovItemId="S228" CovItemPrefix="test.BillTest.java" Intrnl_Id="282">
<LocList>
<Loc EndOffset="12241" SrcFileId="1" StartOffset="12215"/>
</LocList>
</BasicStmnt>
<BasicStmnt CovItemId="S229" CovItemPrefix="test.BillTest.java" Intrnl_Id="283">
<LocList>
<Loc EndOffset="12311" SrcFileId="1" StartOffset="12244"/>
</LocList>
</BasicStmnt>
<BasicStmnt CovItemId="S230" CovItemPrefix="test.BillTest.java" Intrnl_Id="284">
<LocList>
<Loc EndOffset="12337" SrcFileId="1" StartOffset="12317"/>
</LocList>
</BasicStmnt>
<BasicStmnt CovItemId="S231" CovItemPrefix="test.BillTest.java" Intrnl_Id="285">
<LocList>
<Loc EndOffset="12407" SrcFileId="1" StartOffset="12340"/>
</LocList>
</BasicStmnt>
<BasicStmnt CovItemId="S232" CovItemPrefix="test.BillTest.java" Intrnl_Id="286">
<LocList>
<Loc EndOffset="12426" SrcFileId="1" StartOffset="12411"/>
</LocList>
</BasicStmnt>
<BasicStmnt CovItemId="S233" CovItemPrefix="test.BillTest.java" Intrnl_Id="287">
<LocList>
<Loc EndOffset="12496" SrcFileId="1" StartOffset="12429"/>
</LocList>
</BasicStmnt>
</StmntSeq>
</HierarchyLvl>
<HierarchyLvl HierarchyLvlId="1022" HierarchyLvlTypeId="4" Intrnl_Id="288" Name="testcase22">
<Header>
<Loc EndOffset="12538" SrcFileId="1" StartOffset="12507"/>
</Header>
<LocList>
<Loc EndOffset="13239" SrcFileId="1" StartOffset="12507"/>
</LocList>
<StmntSeq Intrnl_Id="289">
<LocList>
<Loc EndOffset="12600" SrcFileId="1" StartOffset="12558"/>
<Loc EndOffset="12655" SrcFileId="1" StartOffset="12603"/>
<Loc EndOffset="12683" SrcFileId="1" StartOffset="12658"/>
<Loc EndOffset="12753" SrcFileId="1" StartOffset="12686"/>
<Loc EndOffset="12775" SrcFileId="1" StartOffset="12756"/>
<Loc EndOffset="12846" SrcFileId="1" StartOffset="12778"/>
<Loc EndOffset="12874" SrcFileId="1" StartOffset="12849"/>
<Loc EndOffset="12945" SrcFileId="1" StartOffset="12877"/>
<Loc EndOffset="12977" SrcFileId="1" StartOffset="12951"/>
<Loc EndOffset="13048" SrcFileId="1" StartOffset="12980"/>
<Loc EndOffset="13074" SrcFileId="1" StartOffset="13054"/>
<Loc EndOffset="13145" SrcFileId="1" StartOffset="13077"/>
<Loc EndOffset="13164" SrcFileId="1" StartOffset="13149"/>
<Loc EndOffset="13235" SrcFileId="1" StartOffset="13167"/>
</LocList>
<BasicStmnt CovItemId="S234" CovItemPrefix="test.BillTest.java" Intrnl_Id="290">
<LocList>
<Loc EndOffset="12600" SrcFileId="1" StartOffset="12558"/>
</LocList>
</BasicStmnt>
<BasicStmnt CovItemId="S235" CovItemPrefix="test.BillTest.java" Intrnl_Id="291">
<LocList>
<Loc EndOffset="12655" SrcFileId="1" StartOffset="12603"/>
</LocList>
</BasicStmnt>
<BasicStmnt CovItemId="S236" CovItemPrefix="test.BillTest.java" Intrnl_Id="292">
<LocList>
<Loc EndOffset="12683" SrcFileId="1" StartOffset="12658"/>
</LocList>
</BasicStmnt>
<BasicStmnt CovItemId="S237" CovItemPrefix="test.BillTest.java" Intrnl_Id="293">
<LocList>
<Loc EndOffset="12753" SrcFileId="1" StartOffset="12686"/>
</LocList>
</BasicStmnt>
<BasicStmnt CovItemId="S238" CovItemPrefix="test.BillTest.java" Intrnl_Id="294">
<LocList>
<Loc EndOffset="12775" SrcFileId="1" StartOffset="12756"/>
</LocList>
</BasicStmnt>
<BasicStmnt CovItemId="S239" CovItemPrefix="test.BillTest.java" Intrnl_Id="295">
<LocList>
<Loc EndOffset="12846" SrcFileId="1" StartOffset="12778"/>
</LocList>
</BasicStmnt>
<BasicStmnt CovItemId="S240" CovItemPrefix="test.BillTest.java" Intrnl_Id="296">
<LocList>
<Loc EndOffset="12874" SrcFileId="1" StartOffset="12849"/>
</LocList>
</BasicStmnt>
<BasicStmnt CovItemId="S241" CovItemPrefix="test.BillTest.java" Intrnl_Id="297">
<LocList>
<Loc EndOffset="12945" SrcFileId="1" StartOffset="12877"/>
</LocList>
</BasicStmnt>
<BasicStmnt CovItemId="S242" CovItemPrefix="test.BillTest.java" Intrnl_Id="298">
<LocList>
<Loc EndOffset="12977" SrcFileId="1" StartOffset="12951"/>
</LocList>
</BasicStmnt>
<BasicStmnt CovItemId="S243" CovItemPrefix="test.BillTest.java" Intrnl_Id="299">
<LocList>
<Loc EndOffset="13048" SrcFileId="1" StartOffset="12980"/>
</LocList>
</BasicStmnt>
<BasicStmnt CovItemId="S244" CovItemPrefix="test.BillTest.java" Intrnl_Id="300">
<LocList>
<Loc EndOffset="13074" SrcFileId="1" StartOffset="13054"/>
</LocList>
</BasicStmnt>
<BasicStmnt CovItemId="S245" CovItemPrefix="test.BillTest.java" Intrnl_Id="301">
<LocList>
<Loc EndOffset="13145" SrcFileId="1" StartOffset="13077"/>
</LocList>
</BasicStmnt>
<BasicStmnt CovItemId="S246" CovItemPrefix="test.BillTest.java" Intrnl_Id="302">
<LocList>
<Loc EndOffset="13164" SrcFileId="1" StartOffset="13149"/>
</LocList>
</BasicStmnt>
<BasicStmnt CovItemId="S247" CovItemPrefix="test.BillTest.java" Intrnl_Id="303">
<LocList>
<Loc EndOffset="13235" SrcFileId="1" StartOffset="13167"/>
</LocList>
</BasicStmnt>
</StmntSeq>
</HierarchyLvl>
<HierarchyLvl HierarchyLvlId="1023" HierarchyLvlTypeId="4" Intrnl_Id="304" Name="testcase23">
<Header>
<Loc EndOffset="13272" SrcFileId="1" StartOffset="13241"/>
</Header>
<LocList>
<Loc EndOffset="14003" SrcFileId="1" StartOffset="13241"/>
</LocList>
<StmntSeq Intrnl_Id="305">
<LocList>
<Loc EndOffset="13334" SrcFileId="1" StartOffset="13292"/>
<Loc EndOffset="13389" SrcFileId="1" StartOffset="13337"/>
<Loc EndOffset="13417" SrcFileId="1" StartOffset="13392"/>
<Loc EndOffset="13487" SrcFileId="1" StartOffset="13420"/>
<Loc EndOffset="13509" SrcFileId="1" StartOffset="13490"/>
<Loc EndOffset="13580" SrcFileId="1" StartOffset="13512"/>
<Loc EndOffset="13602" SrcFileId="1" StartOffset="13583"/>
<Loc EndOffset="13682" SrcFileId="1" StartOffset="13605"/>
<Loc EndOffset="13714" SrcFileId="1" StartOffset="13688"/>
<Loc EndOffset="13794" SrcFileId="1" StartOffset="13717"/>
<Loc EndOffset="13820" SrcFileId="1" StartOffset="13800"/>
<Loc EndOffset="13900" SrcFileId="1" StartOffset="13823"/>
<Loc EndOffset="13919" SrcFileId="1" StartOffset="13904"/>
<Loc EndOffset="13999" SrcFileId="1" StartOffset="13922"/>
</LocList>
<BasicStmnt CovItemId="S248" CovItemPrefix="test.BillTest.java" Intrnl_Id="306">
<LocList>
<Loc EndOffset="13334" SrcFileId="1" StartOffset="13292"/>
</LocList>
</BasicStmnt>
<BasicStmnt CovItemId="S249" CovItemPrefix="test.BillTest.java" Intrnl_Id="307">
<LocList>
<Loc EndOffset="13389" SrcFileId="1" StartOffset="13337"/>
</LocList>
</BasicStmnt>
<BasicStmnt CovItemId="S250" CovItemPrefix="test.BillTest.java" Intrnl_Id="308">
<LocList>
<Loc EndOffset="13417" SrcFileId="1" StartOffset="13392"/>
</LocList>
</BasicStmnt>
<BasicStmnt CovItemId="S251" CovItemPrefix="test.BillTest.java" Intrnl_Id="309">
<LocList>
<Loc EndOffset="13487" SrcFileId="1" StartOffset="13420"/>
</LocList>
</BasicStmnt>
<BasicStmnt CovItemId="S252" CovItemPrefix="test.BillTest.java" Intrnl_Id="310">
<LocList>
<Loc EndOffset="13509" SrcFileId="1" StartOffset="13490"/>
</LocList>
</BasicStmnt>
<BasicStmnt CovItemId="S253" CovItemPrefix="test.BillTest.java" Intrnl_Id="311">
<LocList>
<Loc EndOffset="13580" SrcFileId="1" StartOffset="13512"/>
</LocList>
</BasicStmnt>
<BasicStmnt CovItemId="S254" CovItemPrefix="test.BillTest.java" Intrnl_Id="312">
<LocList>
<Loc EndOffset="13602" SrcFileId="1" StartOffset="13583"/>
</LocList>
</BasicStmnt>
<BasicStmnt CovItemId="S255" CovItemPrefix="test.BillTest.java" Intrnl_Id="313">
<LocList>
<Loc EndOffset="13682" SrcFileId="1" StartOffset="13605"/>
</LocList>
</BasicStmnt>
<BasicStmnt CovItemId="S256" CovItemPrefix="test.BillTest.java" Intrnl_Id="314">
<LocList>
<Loc EndOffset="13714" SrcFileId="1" StartOffset="13688"/>
</LocList>
</BasicStmnt>
<BasicStmnt CovItemId="S257" CovItemPrefix="test.BillTest.java" Intrnl_Id="315">
<LocList>
<Loc EndOffset="13794" SrcFileId="1" StartOffset="13717"/>
</LocList>
</BasicStmnt>
<BasicStmnt CovItemId="S258" CovItemPrefix="test.BillTest.java" Intrnl_Id="316">
<LocList>
<Loc EndOffset="13820" SrcFileId="1" StartOffset="13800"/>
</LocList>
</BasicStmnt>
<BasicStmnt CovItemId="S259" CovItemPrefix="test.BillTest.java" Intrnl_Id="317">
<LocList>
<Loc EndOffset="13900" SrcFileId="1" StartOffset="13823"/>
</LocList>
</BasicStmnt>
<BasicStmnt CovItemId="S260" CovItemPrefix="test.BillTest.java" Intrnl_Id="318">
<LocList>
<Loc EndOffset="13919" SrcFileId="1" StartOffset="13904"/>
</LocList>
</BasicStmnt>
<BasicStmnt CovItemId="S261" CovItemPrefix="test.BillTest.java" Intrnl_Id="319">
<LocList>
<Loc EndOffset="13999" SrcFileId="1" StartOffset="13922"/>
</LocList>
</BasicStmnt>
</StmntSeq>
</HierarchyLvl>
<HierarchyLvl HierarchyLvlId="1024" HierarchyLvlTypeId="4" Intrnl_Id="320" Name="testcase24">
<Header>
<Loc EndOffset="14038" SrcFileId="1" StartOffset="14007"/>
</Header>
<LocList>
<Loc EndOffset="14829" SrcFileId="1" StartOffset="14007"/>
</LocList>
<StmntSeq Intrnl_Id="321">
<LocList>
<Loc EndOffset="14100" SrcFileId="1" StartOffset="14058"/>
<Loc EndOffset="14155" SrcFileId="1" StartOffset="14103"/>
<Loc EndOffset="14183" SrcFileId="1" StartOffset="14158"/>
<Loc EndOffset="14253" SrcFileId="1" StartOffset="14186"/>
<Loc EndOffset="14275" SrcFileId="1" StartOffset="14256"/>
<Loc EndOffset="14346" SrcFileId="1" StartOffset="14278"/>
<Loc EndOffset="14368" SrcFileId="1" StartOffset="14349"/>
<Loc EndOffset="14448" SrcFileId="1" StartOffset="14371"/>
<Loc EndOffset="14470" SrcFileId="1" StartOffset="14451"/>
<Loc EndOffset="14540" SrcFileId="1" StartOffset="14473"/>
<Loc EndOffset="14570" SrcFileId="1" StartOffset="14544"/>
<Loc EndOffset="14640" SrcFileId="1" StartOffset="14573"/>
<Loc EndOffset="14666" SrcFileId="1" StartOffset="14646"/>
<Loc EndOffset="14736" SrcFileId="1" StartOffset="14669"/>
<Loc EndOffset="14755" SrcFileId="1" StartOffset="14740"/>
<Loc EndOffset="14825" SrcFileId="1" StartOffset="14758"/>
</LocList>
<BasicStmnt CovItemId="S262" CovItemPrefix="test.BillTest.java" Intrnl_Id="322">
<LocList>
<Loc EndOffset="14100" SrcFileId="1" StartOffset="14058"/>
</LocList>
</BasicStmnt>
<BasicStmnt CovItemId="S263" CovItemPrefix="test.BillTest.java" Intrnl_Id="323">
<LocList>
<Loc EndOffset="14155" SrcFileId="1" StartOffset="14103"/>
</LocList>
</BasicStmnt>
<BasicStmnt CovItemId="S264" CovItemPrefix="test.BillTest.java" Intrnl_Id="324">
<LocList>
<Loc EndOffset="14183" SrcFileId="1" StartOffset="14158"/>
</LocList>
</BasicStmnt>
<BasicStmnt CovItemId="S265" CovItemPrefix="test.BillTest.java" Intrnl_Id="325">
<LocList>
<Loc EndOffset="14253" SrcFileId="1" StartOffset="14186"/>
</LocList>
</BasicStmnt>
<BasicStmnt CovItemId="S266" CovItemPrefix="test.BillTest.java" Intrnl_Id="326">
<LocList>
<Loc EndOffset="14275" SrcFileId="1" StartOffset="14256"/>
</LocList>
</BasicStmnt>
<BasicStmnt CovItemId="S267" CovItemPrefix="test.BillTest.java" Intrnl_Id="327">
<LocList>
<Loc EndOffset="14346" SrcFileId="1" StartOffset="14278"/>
</LocList>
</BasicStmnt>
<BasicStmnt CovItemId="S268" CovItemPrefix="test.BillTest.java" Intrnl_Id="328">
<LocList>
<Loc EndOffset="14368" SrcFileId="1" StartOffset="14349"/>
</LocList>
</BasicStmnt>
<BasicStmnt CovItemId="S269" CovItemPrefix="test.BillTest.java" Intrnl_Id="329">
<LocList>
<Loc EndOffset="14448" SrcFileId="1" StartOffset="14371"/>
</LocList>
</BasicStmnt>
<BasicStmnt CovItemId="S270" CovItemPrefix="test.BillTest.java" Intrnl_Id="330">
<LocList>
<Loc EndOffset="14470" SrcFileId="1" StartOffset="14451"/>
</LocList>
</BasicStmnt>
<BasicStmnt CovItemId="S271" CovItemPrefix="test.BillTest.java" Intrnl_Id="331">
<LocList>
<Loc EndOffset="14540" SrcFileId="1" StartOffset="14473"/>
</LocList>
</BasicStmnt>
<BasicStmnt CovItemId="S272" CovItemPrefix="test.BillTest.java" Intrnl_Id="332">
<LocList>
<Loc EndOffset="14570" SrcFileId="1" StartOffset="14544"/>
</LocList>
</BasicStmnt>
<BasicStmnt CovItemId="S273" CovItemPrefix="test.BillTest.java" Intrnl_Id="333">
<LocList>
<Loc EndOffset="14640" SrcFileId="1" StartOffset="14573"/>
</LocList>
</BasicStmnt>
<BasicStmnt CovItemId="S274" CovItemPrefix="test.BillTest.java" Intrnl_Id="334">
<LocList>
<Loc EndOffset="14666" SrcFileId="1" StartOffset="14646"/>
</LocList>
</BasicStmnt>
<BasicStmnt CovItemId="S275" CovItemPrefix="test.BillTest.java" Intrnl_Id="335">
<LocList>
<Loc EndOffset="14736" SrcFileId="1" StartOffset="14669"/>
</LocList>
</BasicStmnt>
<BasicStmnt CovItemId="S276" CovItemPrefix="test.BillTest.java" Intrnl_Id="336">
<LocList>
<Loc EndOffset="14755" SrcFileId="1" StartOffset="14740"/>
</LocList>
</BasicStmnt>
<BasicStmnt CovItemId="S277" CovItemPrefix="test.BillTest.java" Intrnl_Id="337">
<LocList>
<Loc EndOffset="14825" SrcFileId="1" StartOffset="14758"/>
</LocList>
</BasicStmnt>
</StmntSeq>
</HierarchyLvl>
<HierarchyLvl HierarchyLvlId="1025" HierarchyLvlTypeId="4" Intrnl_Id="338" Name="testcase25">
<Header>
<Loc EndOffset="14864" SrcFileId="1" StartOffset="14833"/>
</Header>
<LocList>
<Loc EndOffset="15998" SrcFileId="1" StartOffset="14833"/>
</LocList>
<StmntSeq Intrnl_Id="339">
<LocList>
<Loc EndOffset="14926" SrcFileId="1" StartOffset="14884"/>
<Loc EndOffset="14959" SrcFileId="1" StartOffset="14929"/>
<Loc EndOffset="15014" SrcFileId="1" StartOffset="14962"/>
<Loc EndOffset="15042" SrcFileId="1" StartOffset="15017"/>
<Loc EndOffset="15112" SrcFileId="1" StartOffset="15045"/>
<Loc EndOffset="15134" SrcFileId="1" StartOffset="15115"/>
<Loc EndOffset="15205" SrcFileId="1" StartOffset="15137"/>
<Loc EndOffset="15227" SrcFileId="1" StartOffset="15208"/>
<Loc EndOffset="15307" SrcFileId="1" StartOffset="15230"/>
<Loc EndOffset="15329" SrcFileId="1" StartOffset="15310"/>
<Loc EndOffset="15399" SrcFileId="1" StartOffset="15332"/>
<Loc EndOffset="15421" SrcFileId="1" StartOffset="15402"/>
<Loc EndOffset="15482" SrcFileId="1" StartOffset="15424"/>
<Loc EndOffset="15505" SrcFileId="1" StartOffset="15486"/>
<Loc EndOffset="15566" SrcFileId="1" StartOffset="15508"/>
<Loc EndOffset="15590" SrcFileId="1" StartOffset="15572"/>
<Loc EndOffset="15651" SrcFileId="1" StartOffset="15593"/>
<Loc EndOffset="15672" SrcFileId="1" StartOffset="15655"/>
<Loc EndOffset="15733" SrcFileId="1" StartOffset="15675"/>
<Loc EndOffset="15762" SrcFileId="1" StartOffset="15737"/>
<Loc EndOffset="15823" SrcFileId="1" StartOffset="15765"/>
<Loc EndOffset="15853" SrcFileId="1" StartOffset="15827"/>
<Loc EndOffset="15914" SrcFileId="1" StartOffset="15856"/>
<Loc EndOffset="15933" SrcFileId="1" StartOffset="15918"/>
<Loc EndOffset="15994" SrcFileId="1" StartOffset="15936"/>
</LocList>
<BasicStmnt CovItemId="S278" CovItemPrefix="test.BillTest.java" Intrnl_Id="340">
<LocList>
<Loc EndOffset="14926" SrcFileId="1" StartOffset="14884"/>
</LocList>
</BasicStmnt>
<BasicStmnt CovItemId="S279" CovItemPrefix="test.BillTest.java" Intrnl_Id="341">
<LocList>
<Loc EndOffset="14959" SrcFileId="1" StartOffset="14929"/>
</LocList>
</BasicStmnt>
<BasicStmnt CovItemId="S280" CovItemPrefix="test.BillTest.java" Intrnl_Id="342">
<LocList>
<Loc EndOffset="15014" SrcFileId="1" StartOffset="14962"/>
</LocList>
</BasicStmnt>
<BasicStmnt CovItemId="S281" CovItemPrefix="test.BillTest.java" Intrnl_Id="343">
<LocList>
<Loc EndOffset="15042" SrcFileId="1" StartOffset="15017"/>
</LocList>
</BasicStmnt>
<BasicStmnt CovItemId="S282" CovItemPrefix="test.BillTest.java" Intrnl_Id="344">
<LocList>
<Loc EndOffset="15112" SrcFileId="1" StartOffset="15045"/>
</LocList>
</BasicStmnt>
<BasicStmnt CovItemId="S283" CovItemPrefix="test.BillTest.java" Intrnl_Id="345">
<LocList>
<Loc EndOffset="15134" SrcFileId="1" StartOffset="15115"/>
</LocList>
</BasicStmnt>
<BasicStmnt CovItemId="S284" CovItemPrefix="test.BillTest.java" Intrnl_Id="346">
<LocList>
<Loc EndOffset="15205" SrcFileId="1" StartOffset="15137"/>
</LocList>
</BasicStmnt>
<BasicStmnt CovItemId="S285" CovItemPrefix="test.BillTest.java" Intrnl_Id="347">
<LocList>
<Loc EndOffset="15227" SrcFileId="1" StartOffset="15208"/>
</LocList>
</BasicStmnt>
<BasicStmnt CovItemId="S286" CovItemPrefix="test.BillTest.java" Intrnl_Id="348">
<LocList>
<Loc EndOffset="15307" SrcFileId="1" StartOffset="15230"/>
</LocList>
</BasicStmnt>
<BasicStmnt CovItemId="S287" CovItemPrefix="test.BillTest.java" Intrnl_Id="349">
<LocList>
<Loc EndOffset="15329" SrcFileId="1" StartOffset="15310"/>
</LocList>
</BasicStmnt>
<BasicStmnt CovItemId="S288" CovItemPrefix="test.BillTest.java" Intrnl_Id="350">
<LocList>
<Loc EndOffset="15399" SrcFileId="1" StartOffset="15332"/>
</LocList>
</BasicStmnt>
<BasicStmnt CovItemId="S289" CovItemPrefix="test.BillTest.java" Intrnl_Id="351">
<LocList>
<Loc EndOffset="15421" SrcFileId="1" StartOffset="15402"/>
</LocList>
</BasicStmnt>
<BasicStmnt CovItemId="S290" CovItemPrefix="test.BillTest.java" Intrnl_Id="352">
<LocList>
<Loc EndOffset="15482" SrcFileId="1" StartOffset="15424"/>
</LocList>
</BasicStmnt>
<BasicStmnt CovItemId="S291" CovItemPrefix="test.BillTest.java" Intrnl_Id="353">
<LocList>
<Loc EndOffset="15505" SrcFileId="1" StartOffset="15486"/>
</LocList>
</BasicStmnt>
<BasicStmnt CovItemId="S292" CovItemPrefix="test.BillTest.java" Intrnl_Id="354">
<LocList>
<Loc EndOffset="15566" SrcFileId="1" StartOffset="15508"/>
</LocList>
</BasicStmnt>
<BasicStmnt CovItemId="S293" CovItemPrefix="test.BillTest.java" Intrnl_Id="355">
<LocList>
<Loc EndOffset="15590" SrcFileId="1" StartOffset="15572"/>
</LocList>
</BasicStmnt>
<BasicStmnt CovItemId="S294" CovItemPrefix="test.BillTest.java" Intrnl_Id="356">
<LocList>
<Loc EndOffset="15651" SrcFileId="1" StartOffset="15593"/>
</LocList>
</BasicStmnt>
<BasicStmnt CovItemId="S295" CovItemPrefix="test.BillTest.java" Intrnl_Id="357">
<LocList>
<Loc EndOffset="15672" SrcFileId="1" StartOffset="15655"/>
</LocList>
</BasicStmnt>
<BasicStmnt CovItemId="S296" CovItemPrefix="test.BillTest.java" Intrnl_Id="358">
<LocList>
<Loc EndOffset="15733" SrcFileId="1" StartOffset="15675"/>
</LocList>
</BasicStmnt>
<BasicStmnt CovItemId="S297" CovItemPrefix="test.BillTest.java" Intrnl_Id="359">
<LocList>
<Loc EndOffset="15762" SrcFileId="1" StartOffset="15737"/>
</LocList>
</BasicStmnt>
<BasicStmnt CovItemId="S298" CovItemPrefix="test.BillTest.java" Intrnl_Id="360">
<LocList>
<Loc EndOffset="15823" SrcFileId="1" StartOffset="15765"/>
</LocList>
</BasicStmnt>
<BasicStmnt CovItemId="S299" CovItemPrefix="test.BillTest.java" Intrnl_Id="361">
<LocList>
<Loc EndOffset="15853" SrcFileId="1" StartOffset="15827"/>
</LocList>
</BasicStmnt>
<BasicStmnt CovItemId="S300" CovItemPrefix="test.BillTest.java" Intrnl_Id="362">
<LocList>
<Loc EndOffset="15914" SrcFileId="1" StartOffset="15856"/>
</LocList>
</BasicStmnt>
<BasicStmnt CovItemId="S301" CovItemPrefix="test.BillTest.java" Intrnl_Id="363">
<LocList>
<Loc EndOffset="15933" SrcFileId="1" StartOffset="15918"/>
</LocList>
</BasicStmnt>
<BasicStmnt CovItemId="S302" CovItemPrefix="test.BillTest.java" Intrnl_Id="364">
<LocList>
<Loc EndOffset="15994" SrcFileId="1" StartOffset="15936"/>
</LocList>
</BasicStmnt>
</StmntSeq>
</HierarchyLvl>
<HierarchyLvl HierarchyLvlId="1026" HierarchyLvlTypeId="4" Intrnl_Id="365" Name="testcase26">
<Header>
<Loc EndOffset="16033" SrcFileId="1" StartOffset="16002"/>
</Header>
<LocList>
<Loc EndOffset="16602" SrcFileId="1" StartOffset="16002"/>
</LocList>
<StmntSeq Intrnl_Id="366">
<LocList>
<Loc EndOffset="16095" SrcFileId="1" StartOffset="16053"/>
<Loc EndOffset="16150" SrcFileId="1" StartOffset="16098"/>
<Loc EndOffset="16179" SrcFileId="1" StartOffset="16153"/>
<Loc EndOffset="16242" SrcFileId="1" StartOffset="16182"/>
<Loc EndOffset="16270" SrcFileId="1" StartOffset="16245"/>
<Loc EndOffset="16333" SrcFileId="1" StartOffset="16273"/>
<Loc EndOffset="16363" SrcFileId="1" StartOffset="16337"/>
<Loc EndOffset="16426" SrcFileId="1" StartOffset="16366"/>
<Loc EndOffset="16450" SrcFileId="1" StartOffset="16430"/>
<Loc EndOffset="16513" SrcFileId="1" StartOffset="16453"/>
<Loc EndOffset="16532" SrcFileId="1" StartOffset="16517"/>
<Loc EndOffset="16595" SrcFileId="1" StartOffset="16535"/>
</LocList>
<BasicStmnt CovItemId="S303" CovItemPrefix="test.BillTest.java" Intrnl_Id="367">
<LocList>
<Loc EndOffset="16095" SrcFileId="1" StartOffset="16053"/>
</LocList>
</BasicStmnt>
<BasicStmnt CovItemId="S304" CovItemPrefix="test.BillTest.java" Intrnl_Id="368">
<LocList>
<Loc EndOffset="16150" SrcFileId="1" StartOffset="16098"/>
</LocList>
</BasicStmnt>
<BasicStmnt CovItemId="S305" CovItemPrefix="test.BillTest.java" Intrnl_Id="369">
<LocList>
<Loc EndOffset="16179" SrcFileId="1" StartOffset="16153"/>
</LocList>
</BasicStmnt>
<BasicStmnt CovItemId="S306" CovItemPrefix="test.BillTest.java" Intrnl_Id="370">
<LocList>
<Loc EndOffset="16242" SrcFileId="1" StartOffset="16182"/>
</LocList>
</BasicStmnt>
<BasicStmnt CovItemId="S307" CovItemPrefix="test.BillTest.java" Intrnl_Id="371">
<LocList>
<Loc EndOffset="16270" SrcFileId="1" StartOffset="16245"/>
</LocList>
</BasicStmnt>
<BasicStmnt CovItemId="S308" CovItemPrefix="test.BillTest.java" Intrnl_Id="372">
<LocList>
<Loc EndOffset="16333" SrcFileId="1" StartOffset="16273"/>
</LocList>
</BasicStmnt>
<BasicStmnt CovItemId="S309" CovItemPrefix="test.BillTest.java" Intrnl_Id="373">
<LocList>
<Loc EndOffset="16363" SrcFileId="1" StartOffset="16337"/>
</LocList>
</BasicStmnt>
<BasicStmnt CovItemId="S310" CovItemPrefix="test.BillTest.java" Intrnl_Id="374">
<LocList>
<Loc EndOffset="16426" SrcFileId="1" StartOffset="16366"/>
</LocList>
</BasicStmnt>
<BasicStmnt CovItemId="S311" CovItemPrefix="test.BillTest.java" Intrnl_Id="375">
<LocList>
<Loc EndOffset="16450" SrcFileId="1" StartOffset="16430"/>
</LocList>
</BasicStmnt>
<BasicStmnt CovItemId="S312" CovItemPrefix="test.BillTest.java" Intrnl_Id="376">
<LocList>
<Loc EndOffset="16513" SrcFileId="1" StartOffset="16453"/>
</LocList>
</BasicStmnt>
<BasicStmnt CovItemId="S313" CovItemPrefix="test.BillTest.java" Intrnl_Id="377">
<LocList>
<Loc EndOffset="16532" SrcFileId="1" StartOffset="16517"/>
</LocList>
</BasicStmnt>
<BasicStmnt CovItemId="S314" CovItemPrefix="test.BillTest.java" Intrnl_Id="378">
<LocList>
<Loc EndOffset="16595" SrcFileId="1" StartOffset="16535"/>
</LocList>
</BasicStmnt>
</StmntSeq>
</HierarchyLvl>
<HierarchyLvl HierarchyLvlId="1027" HierarchyLvlTypeId="4" Intrnl_Id="379" Name="testcase27">
<Header>
<Loc EndOffset="16635" SrcFileId="1" StartOffset="16604"/>
</Header>
<LocList>
<Loc EndOffset="17291" SrcFileId="1" StartOffset="16604"/>
</LocList>
<StmntSeq Intrnl_Id="380">
<LocList>
<Loc EndOffset="16697" SrcFileId="1" StartOffset="16655"/>
<Loc EndOffset="16752" SrcFileId="1" StartOffset="16700"/>
<Loc EndOffset="16781" SrcFileId="1" StartOffset="16755"/>
<Loc EndOffset="16844" SrcFileId="1" StartOffset="16784"/>
<Loc EndOffset="16866" SrcFileId="1" StartOffset="16847"/>
<Loc EndOffset="16930" SrcFileId="1" StartOffset="16869"/>
<Loc EndOffset="16958" SrcFileId="1" StartOffset="16933"/>
<Loc EndOffset="17022" SrcFileId="1" StartOffset="16961"/>
<Loc EndOffset="17052" SrcFileId="1" StartOffset="17026"/>
<Loc EndOffset="17116" SrcFileId="1" StartOffset="17055"/>
<Loc EndOffset="17140" SrcFileId="1" StartOffset="17120"/>
<Loc EndOffset="17204" SrcFileId="1" StartOffset="17143"/>
<Loc EndOffset="17223" SrcFileId="1" StartOffset="17208"/>
<Loc EndOffset="17287" SrcFileId="1" StartOffset="17226"/>
</LocList>
<BasicStmnt CovItemId="S315" CovItemPrefix="test.BillTest.java" Intrnl_Id="381">
<LocList>
<Loc EndOffset="16697" SrcFileId="1" StartOffset="16655"/>
</LocList>
</BasicStmnt>
<BasicStmnt CovItemId="S316" CovItemPrefix="test.BillTest.java" Intrnl_Id="382">
<LocList>
<Loc EndOffset="16752" SrcFileId="1" StartOffset="16700"/>
</LocList>
</BasicStmnt>
<BasicStmnt CovItemId="S317" CovItemPrefix="test.BillTest.java" Intrnl_Id="383">
<LocList>
<Loc EndOffset="16781" SrcFileId="1" StartOffset="16755"/>
</LocList>
</BasicStmnt>
<BasicStmnt CovItemId="S318" CovItemPrefix="test.BillTest.java" Intrnl_Id="384">
<LocList>
<Loc EndOffset="16844" SrcFileId="1" StartOffset="16784"/>
</LocList>
</BasicStmnt>
<BasicStmnt CovItemId="S319" CovItemPrefix="test.BillTest.java" Intrnl_Id="385">
<LocList>
<Loc EndOffset="16866" SrcFileId="1" StartOffset="16847"/>
</LocList>
</BasicStmnt>
<BasicStmnt CovItemId="S320" CovItemPrefix="test.BillTest.java" Intrnl_Id="386">
<LocList>
<Loc EndOffset="16930" SrcFileId="1" StartOffset="16869"/>
</LocList>
</BasicStmnt>
<BasicStmnt CovItemId="S321" CovItemPrefix="test.BillTest.java" Intrnl_Id="387">
<LocList>
<Loc EndOffset="16958" SrcFileId="1" StartOffset="16933"/>
</LocList>
</BasicStmnt>
<BasicStmnt CovItemId="S322" CovItemPrefix="test.BillTest.java" Intrnl_Id="388">
<LocList>
<Loc EndOffset="17022" SrcFileId="1" StartOffset="16961"/>
</LocList>
</BasicStmnt>
<BasicStmnt CovItemId="S323" CovItemPrefix="test.BillTest.java" Intrnl_Id="389">
<LocList>
<Loc EndOffset="17052" SrcFileId="1" StartOffset="17026"/>
</LocList>
</BasicStmnt>
<BasicStmnt CovItemId="S324" CovItemPrefix="test.BillTest.java" Intrnl_Id="390">
<LocList>
<Loc EndOffset="17116" SrcFileId="1" StartOffset="17055"/>
</LocList>
</BasicStmnt>
<BasicStmnt CovItemId="S325" CovItemPrefix="test.BillTest.java" Intrnl_Id="391">
<LocList>
<Loc EndOffset="17140" SrcFileId="1" StartOffset="17120"/>
</LocList>
</BasicStmnt>
<BasicStmnt CovItemId="S326" CovItemPrefix="test.BillTest.java" Intrnl_Id="392">
<LocList>
<Loc EndOffset="17204" SrcFileId="1" StartOffset="17143"/>
</LocList>
</BasicStmnt>
<BasicStmnt CovItemId="S327" CovItemPrefix="test.BillTest.java" Intrnl_Id="393">
<LocList>
<Loc EndOffset="17223" SrcFileId="1" StartOffset="17208"/>
</LocList>
</BasicStmnt>
<BasicStmnt CovItemId="S328" CovItemPrefix="test.BillTest.java" Intrnl_Id="394">
<LocList>
<Loc EndOffset="17287" SrcFileId="1" StartOffset="17226"/>
</LocList>
</BasicStmnt>
</StmntSeq>
</HierarchyLvl>
<HierarchyLvl HierarchyLvlId="1028" HierarchyLvlTypeId="4" Intrnl_Id="395" Name="testcase28">
<Header>
<Loc EndOffset="17326" SrcFileId="1" StartOffset="17295"/>
</Header>
<LocList>
<Loc EndOffset="18113" SrcFileId="1" StartOffset="17295"/>
</LocList>
<StmntSeq Intrnl_Id="396">
<LocList>
<Loc EndOffset="17388" SrcFileId="1" StartOffset="17346"/>
<Loc EndOffset="17443" SrcFileId="1" StartOffset="17391"/>
<Loc EndOffset="17472" SrcFileId="1" StartOffset="17446"/>
<Loc EndOffset="17535" SrcFileId="1" StartOffset="17475"/>
<Loc EndOffset="17557" SrcFileId="1" StartOffset="17538"/>
<Loc EndOffset="17621" SrcFileId="1" StartOffset="17560"/>
<Loc EndOffset="17643" SrcFileId="1" StartOffset="17624"/>
<Loc EndOffset="17716" SrcFileId="1" StartOffset="17646"/>
<Loc EndOffset="17744" SrcFileId="1" StartOffset="17719"/>
<Loc EndOffset="17817" SrcFileId="1" StartOffset="17747"/>
<Loc EndOffset="17847" SrcFileId="1" StartOffset="17821"/>
<Loc EndOffset="17920" SrcFileId="1" StartOffset="17850"/>
<Loc EndOffset="17944" SrcFileId="1" StartOffset="17924"/>
<Loc EndOffset="18017" SrcFileId="1" StartOffset="17947"/>
<Loc EndOffset="18036" SrcFileId="1" StartOffset="18021"/>
<Loc EndOffset="18109" SrcFileId="1" StartOffset="18039"/>
</LocList>
<BasicStmnt CovItemId="S329" CovItemPrefix="test.BillTest.java" Intrnl_Id="397">
<LocList>
<Loc EndOffset="17388" SrcFileId="1" StartOffset="17346"/>
</LocList>
</BasicStmnt>
<BasicStmnt CovItemId="S330" CovItemPrefix="test.BillTest.java" Intrnl_Id="398">
<LocList>
<Loc EndOffset="17443" SrcFileId="1" StartOffset="17391"/>
</LocList>
</BasicStmnt>
<BasicStmnt CovItemId="S331" CovItemPrefix="test.BillTest.java" Intrnl_Id="399">
<LocList>
<Loc EndOffset="17472" SrcFileId="1" StartOffset="17446"/>
</LocList>
</BasicStmnt>
<BasicStmnt CovItemId="S332" CovItemPrefix="test.BillTest.java" Intrnl_Id="400">
<LocList>
<Loc EndOffset="17535" SrcFileId="1" StartOffset="17475"/>
</LocList>
</BasicStmnt>
<BasicStmnt CovItemId="S333" CovItemPrefix="test.BillTest.java" Intrnl_Id="401">
<LocList>
<Loc EndOffset="17557" SrcFileId="1" StartOffset="17538"/>
</LocList>
</BasicStmnt>
<BasicStmnt CovItemId="S334" CovItemPrefix="test.BillTest.java" Intrnl_Id="402">
<LocList>
<Loc EndOffset="17621" SrcFileId="1" StartOffset="17560"/>
</LocList>
</BasicStmnt>
<BasicStmnt CovItemId="S335" CovItemPrefix="test.BillTest.java" Intrnl_Id="403">
<LocList>
<Loc EndOffset="17643" SrcFileId="1" StartOffset="17624"/>
</LocList>
</BasicStmnt>
<BasicStmnt CovItemId="S336" CovItemPrefix="test.BillTest.java" Intrnl_Id="404">
<LocList>
<Loc EndOffset="17716" SrcFileId="1" StartOffset="17646"/>
</LocList>
</BasicStmnt>
<BasicStmnt CovItemId="S337" CovItemPrefix="test.BillTest.java" Intrnl_Id="405">
<LocList>
<Loc EndOffset="17744" SrcFileId="1" StartOffset="17719"/>
</LocList>
</BasicStmnt>
<BasicStmnt CovItemId="S338" CovItemPrefix="test.BillTest.java" Intrnl_Id="406">
<LocList>
<Loc EndOffset="17817" SrcFileId="1" StartOffset="17747"/>
</LocList>
</BasicStmnt>
<BasicStmnt CovItemId="S339" CovItemPrefix="test.BillTest.java" Intrnl_Id="407">
<LocList>
<Loc EndOffset="17847" SrcFileId="1" StartOffset="17821"/>
</LocList>
</BasicStmnt>
<BasicStmnt CovItemId="S340" CovItemPrefix="test.BillTest.java" Intrnl_Id="408">
<LocList>
<Loc EndOffset="17920" SrcFileId="1" StartOffset="17850"/>
</LocList>
</BasicStmnt>
<BasicStmnt CovItemId="S341" CovItemPrefix="test.BillTest.java" Intrnl_Id="409">
<LocList>
<Loc EndOffset="17944" SrcFileId="1" StartOffset="17924"/>
</LocList>
</BasicStmnt>
<BasicStmnt CovItemId="S342" CovItemPrefix="test.BillTest.java" Intrnl_Id="410">
<LocList>
<Loc EndOffset="18017" SrcFileId="1" StartOffset="17947"/>
</LocList>
</BasicStmnt>
<BasicStmnt CovItemId="S343" CovItemPrefix="test.BillTest.java" Intrnl_Id="411">
<LocList>
<Loc EndOffset="18036" SrcFileId="1" StartOffset="18021"/>
</LocList>
</BasicStmnt>
<BasicStmnt CovItemId="S344" CovItemPrefix="test.BillTest.java" Intrnl_Id="412">
<LocList>
<Loc EndOffset="18109" SrcFileId="1" StartOffset="18039"/>
</LocList>
</BasicStmnt>
</StmntSeq>
</HierarchyLvl>
<HierarchyLvl HierarchyLvlId="1029" HierarchyLvlTypeId="4" Intrnl_Id="413" Name="testcase29">
<Header>
<Loc EndOffset="18148" SrcFileId="1" StartOffset="18117"/>
</Header>
<LocList>
<Loc EndOffset="18983" SrcFileId="1" StartOffset="18117"/>
</LocList>
<StmntSeq Intrnl_Id="414">
<LocList>
<Loc EndOffset="18210" SrcFileId="1" StartOffset="18168"/>
<Loc EndOffset="18265" SrcFileId="1" StartOffset="18213"/>
<Loc EndOffset="18294" SrcFileId="1" StartOffset="18268"/>
<Loc EndOffset="18357" SrcFileId="1" StartOffset="18297"/>
<Loc EndOffset="18379" SrcFileId="1" StartOffset="18360"/>
<Loc EndOffset="18443" SrcFileId="1" StartOffset="18382"/>
<Loc EndOffset="18465" SrcFileId="1" StartOffset="18446"/>
<Loc EndOffset="18538" SrcFileId="1" StartOffset="18468"/>
<Loc EndOffset="18560" SrcFileId="1" StartOffset="18541"/>
<Loc EndOffset="18623" SrcFileId="1" StartOffset="18563"/>
<Loc EndOffset="18651" SrcFileId="1" StartOffset="18626"/>
<Loc EndOffset="18714" SrcFileId="1" StartOffset="18654"/>
<Loc EndOffset="18747" SrcFileId="1" StartOffset="18721"/>
<Loc EndOffset="18810" SrcFileId="1" StartOffset="18750"/>
<Loc EndOffset="18834" SrcFileId="1" StartOffset="18814"/>
<Loc EndOffset="18897" SrcFileId="1" StartOffset="18837"/>
<Loc EndOffset="18916" SrcFileId="1" StartOffset="18901"/>
<Loc EndOffset="18979" SrcFileId="1" StartOffset="18919"/>
</LocList>
<BasicStmnt CovItemId="S345" CovItemPrefix="test.BillTest.java" Intrnl_Id="415">
<LocList>
<Loc EndOffset="18210" SrcFileId="1" StartOffset="18168"/>
</LocList>
</BasicStmnt>
<BasicStmnt CovItemId="S346" CovItemPrefix="test.BillTest.java" Intrnl_Id="416">
<LocList>
<Loc EndOffset="18265" SrcFileId="1" StartOffset="18213"/>
</LocList>
</BasicStmnt>
<BasicStmnt CovItemId="S347" CovItemPrefix="test.BillTest.java" Intrnl_Id="417">
<LocList>
<Loc EndOffset="18294" SrcFileId="1" StartOffset="18268"/>
</LocList>
</BasicStmnt>
<BasicStmnt CovItemId="S348" CovItemPrefix="test.BillTest.java" Intrnl_Id="418">
<LocList>
<Loc EndOffset="18357" SrcFileId="1" StartOffset="18297"/>
</LocList>
</BasicStmnt>
<BasicStmnt CovItemId="S349" CovItemPrefix="test.BillTest.java" Intrnl_Id="419">
<LocList>
<Loc EndOffset="18379" SrcFileId="1" StartOffset="18360"/>
</LocList>
</BasicStmnt>
<BasicStmnt CovItemId="S350" CovItemPrefix="test.BillTest.java" Intrnl_Id="420">
<LocList>
<Loc EndOffset="18443" SrcFileId="1" StartOffset="18382"/>
</LocList>
</BasicStmnt>
<BasicStmnt CovItemId="S351" CovItemPrefix="test.BillTest.java" Intrnl_Id="421">
<LocList>
<Loc EndOffset="18465" SrcFileId="1" StartOffset="18446"/>
</LocList>
</BasicStmnt>
<BasicStmnt CovItemId="S352" CovItemPrefix="test.BillTest.java" Intrnl_Id="422">
<LocList>
<Loc EndOffset="18538" SrcFileId="1" StartOffset="18468"/>
</LocList>
</BasicStmnt>
<BasicStmnt CovItemId="S353" CovItemPrefix="test.BillTest.java" Intrnl_Id="423">
<LocList>
<Loc EndOffset="18560" SrcFileId="1" StartOffset="18541"/>
</LocList>
</BasicStmnt>
<BasicStmnt CovItemId="S354" CovItemPrefix="test.BillTest.java" Intrnl_Id="424">
<LocList>
<Loc EndOffset="18623" SrcFileId="1" StartOffset="18563"/>
</LocList>
</BasicStmnt>
<BasicStmnt CovItemId="S355" CovItemPrefix="test.BillTest.java" Intrnl_Id="425">
<LocList>
<Loc EndOffset="18651" SrcFileId="1" StartOffset="18626"/>
</LocList>
</BasicStmnt>
<BasicStmnt CovItemId="S356" CovItemPrefix="test.BillTest.java" Intrnl_Id="426">
<LocList>
<Loc EndOffset="18714" SrcFileId="1" StartOffset="18654"/>
</LocList>
</BasicStmnt>
<BasicStmnt CovItemId="S357" CovItemPrefix="test.BillTest.java" Intrnl_Id="427">
<LocList>
<Loc EndOffset="18747" SrcFileId="1" StartOffset="18721"/>
</LocList>
</BasicStmnt>
<BasicStmnt CovItemId="S358" CovItemPrefix="test.BillTest.java" Intrnl_Id="428">
<LocList>
<Loc EndOffset="18810" SrcFileId="1" StartOffset="18750"/>
</LocList>
</BasicStmnt>
<BasicStmnt CovItemId="S359" CovItemPrefix="test.BillTest.java" Intrnl_Id="429">
<LocList>
<Loc EndOffset="18834" SrcFileId="1" StartOffset="18814"/>
</LocList>
</BasicStmnt>
<BasicStmnt CovItemId="S360" CovItemPrefix="test.BillTest.java" Intrnl_Id="430">
<LocList>
<Loc EndOffset="18897" SrcFileId="1" StartOffset="18837"/>
</LocList>
</BasicStmnt>
<BasicStmnt CovItemId="S361" CovItemPrefix="test.BillTest.java" Intrnl_Id="431">
<LocList>
<Loc EndOffset="18916" SrcFileId="1" StartOffset="18901"/>
</LocList>
</BasicStmnt>
<BasicStmnt CovItemId="S362" CovItemPrefix="test.BillTest.java" Intrnl_Id="432">
<LocList>
<Loc EndOffset="18979" SrcFileId="1" StartOffset="18919"/>
</LocList>
</BasicStmnt>
</StmntSeq>
</HierarchyLvl>
</HierarchyLvl>
</HierarchyLvl>
</HierarchyLvl>
</MASTRoot>
</TestSessionContainer>
