<?xml version="1.0" encoding="UTF-8"?><TestSessionContainer xmlns="http://www.codecover.org/xml/testsession-container" Date="1413999739992" TestSessionContainerId="559d0976-0453-4d8a-83fe-3e74396babeb" version="1.0">
<SrcFileList>
<SrcFile Content="package test;&#10;&#10;import static org.junit.Assert.*;&#10;&#10;import org.junit.After;&#10;import org.junit.AfterClass;&#10;import org.junit.Before;&#10;import org.junit.BeforeClass;&#10;import org.junit.Test;&#10;&#10;import bill.Bill;&#10;&#10;public class BillTest {&#10;&#10;&#9;@BeforeClass&#10;&#9;public static void setUpBeforeClass() throws Exception {&#10;&#9;}&#10;&#10;&#9;@AfterClass&#10;&#9;public static void tearDownAfterClass() throws Exception {&#10;&#9;}&#10;&#10;&#9;@Before&#10;&#9;public void setUp() throws Exception {&#10;&#9;}&#10;&#10;&#9;@After&#10;&#9;public void tearDown() throws Exception {&#10;&#9;}&#10;&#9;&#10;&#9;@Test&#10;&#9;public void testcase1() {&#10;&#9;&#9;//Conformance Test&#10;&#9;&#9;Bill aBill = new Bill();&#10;&#9;&#9;assertEquals(&quot;inPreparation&quot;, aBill.getBillState());&#10;&#9;&#9;aBill.introduceInHouse();&#10;&#9;&#9;assertEquals(&quot;firstReading&quot;, aBill.getBillStateInHouseOfCommons());&#10;&#9;&#9;aBill.withdraw();&#10;&#9;&#9;assertEquals(&quot;withdrawn&quot;, aBill.getBillState());&#10;&#9;&#9;aBill.modify();&#10;&#9;&#9;assertEquals(&quot;inPreparation&quot;, aBill.getBillState());&#10;&#9;&#9;&#10;&#9;&#9;//Sneak Paths&#10;&#9;&#9;//Test ID 1.1&#10;&#9;&#9;aBill.votePasses();&#10;&#9;&#9;assertEquals(&quot;inPreparation&quot;, aBill.getBillState());&#10;&#9;&#9;//Test ID 1.2&#10;&#9;&#9;aBill.voteFails();&#10;&#9;&#9;//Test ID 1.3&#10;&#9;&#9;assertEquals(&quot;inPreparation&quot;, aBill.getBillState());&#10;&#9;&#9;//Test ID 1.4&#10;&#9;&#9;aBill.withdraw();&#10;&#9;&#9;assertEquals(&quot;inPreparation&quot;, aBill.getBillState());&#10;&#9;&#9;//Test ID 1.5&#10;&#9;&#9;aBill.royalAssent();&#10;&#9;&#9;assertEquals(&quot;inPreparation&quot;, aBill.getBillState());&#10;&#9;&#9;//Test ID 1.6&#10;&#9;&#9;aBill.modify();&#10;&#9;&#9;assertEquals(&quot;inPreparation&quot;, aBill.getBillState());&#10;&#9;}&#10;&#9;&#10;&#9;@Test&#10;&#9;public void testcase2() {&#10;&#9;&#9;//Conformance Test&#10;&#9;&#9;Bill aBill = new Bill();&#10;&#9;&#9;assertEquals(&quot;inPreparation&quot;, aBill.getBillState());&#10;&#9;&#9;aBill.introduceInHouse();&#10;&#9;&#9;assertEquals(&quot;firstReading&quot;, aBill.getBillStateInHouseOfCommons());&#10;&#9;&#9;System.out.println(aBill.getBillState());&#10;&#9;&#9;aBill.voteFails();&#10;&#9;&#9;//error: should go to withdrawn state, but enters secondReading instead&#10;&#9;&#9;assertEquals(&quot;withdrawn&quot;, aBill.getBillState());&#10;&#10;&#9;&#9;//Sneak Paths&#10;&#9;&#9;//Test ID 2.1&#10;&#9;&#9;aBill.votePasses();&#10;&#9;&#9;assertEquals(&quot;withdrawn&quot;, aBill.getBillState());&#10;&#9;&#9;//Test ID 2.2&#10;&#9;&#9;aBill.voteFails();&#10;&#9;&#9;assertEquals(&quot;withdrawn&quot;, aBill.getBillState());&#10;&#9;&#9;//Test ID 2.3&#10;&#9;&#9;aBill.withdraw();&#10;&#9;&#9;assertEquals(&quot;withdrawn&quot;, aBill.getBillState());&#10;&#9;&#9;//Test ID 2.4&#10;&#9;&#9;aBill.introduceInHouse();&#10;&#9;&#9;assertEquals(&quot;withdrawn&quot;, aBill.getBillState());&#10;&#9;&#9;//Test ID 2.5&#10;&#9;&#9;aBill.introduceInSenate();&#10;&#9;&#9;assertEquals(&quot;withdrawn&quot;, aBill.getBillState());&#10;&#9;&#9;//Test ID 2.6&#10;&#9;&#9;aBill.royalAssent();&#10;&#9;&#9;assertEquals(&quot;withdrawn&quot;, aBill.getBillState());&#10;&#9;}&#10;&#9;&#10;&#9;@Test&#10;&#9;public void testcase3() {&#10;&#9;&#9;//Conformance Test&#10;&#9;&#9;Bill aBill = new Bill();&#10;&#9;&#9;assertEquals(&quot;inPreparation&quot;, aBill.getBillState());&#10;&#9;&#9;aBill.introduceInHouse();&#10;&#9;&#9;assertEquals(&quot;firstReading&quot;, aBill.getBillStateInHouseOfCommons());&#10;&#9;&#9;aBill.votePasses();&#10;&#9;&#9;assertEquals(&quot;secondReading&quot;, aBill.getBillStateInHouseOfCommons());&#10;&#9;&#9;aBill.withdraw();&#10;&#9;&#9;assertEquals(&quot;withdrawn&quot;, aBill.getBillState());&#10;&#9;}&#10;&#9;&#10;&#9;@Test&#10;&#9;public void testcase4() {&#10;&#9;&#9;//Conformance Test&#10;&#9;&#9;Bill aBill = new Bill();&#10;&#9;&#9;assertEquals(&quot;inPreparation&quot;, aBill.getBillState());&#10;&#9;&#9;aBill.introduceInHouse();&#10;&#9;&#9;assertEquals(&quot;firstReading&quot;, aBill.getBillStateInHouseOfCommons());&#10;&#9;&#9;aBill.votePasses();&#10;&#9;&#9;assertEquals(&quot;secondReading&quot;, aBill.getBillStateInHouseOfCommons());&#10;&#9;&#9;aBill.voteFails();&#10;&#9;&#9;//error&#10;&#9;&#9;assertEquals(&quot;withdrawn&quot;, aBill.getBillState());&#10;&#9;}&#10;&#9;&#10;&#9;@Test&#10;&#9;public void testcase5() {&#10;&#9;&#9;//Conformance Test&#10;&#9;&#9;Bill aBill = new Bill();&#10;&#9;&#9;assertEquals(&quot;inPreparation&quot;, aBill.getBillState());&#10;&#9;&#9;aBill.introduceInHouse();&#10;&#9;&#9;assertEquals(&quot;firstReading&quot;, aBill.getBillStateInHouseOfCommons());&#10;&#9;&#9;aBill.votePasses();&#10;&#9;&#9;assertEquals(&quot;secondReading&quot;, aBill.getBillStateInHouseOfCommons());&#10;&#9;&#9;aBill.votePasses();&#10;&#9;&#9;assertEquals(&quot;committeeConsideration&quot;, aBill.getBillStateInHouseOfCommons());&#10;&#9;&#9;aBill.withdraw();&#10;&#9;&#9;assertEquals(&quot;withdrawn&quot;, aBill.getBillState());&#10;&#9;}&#10;&#9;&#10;&#9;@Test&#10;&#9;public void testcase6() {&#10;&#9;&#9;//Conformance Test&#10;&#9;&#9;Bill aBill = new Bill();&#10;&#9;&#9;assertEquals(&quot;inPreparation&quot;, aBill.getBillState());&#10;&#9;&#9;aBill.introduceInHouse();&#10;&#9;&#9;assertEquals(&quot;firstReading&quot;, aBill.getBillStateInHouseOfCommons());&#10;&#9;&#9;aBill.votePasses();&#10;&#9;&#9;assertEquals(&quot;secondReading&quot;, aBill.getBillStateInHouseOfCommons());&#10;&#9;&#9;aBill.votePasses();&#10;&#9;&#9;assertEquals(&quot;committeeConsideration&quot;, aBill.getBillStateInHouseOfCommons());&#10;&#9;&#9;aBill.voteFails();&#10;&#9;&#9;//error&#10;&#9;&#9;assertEquals(&quot;withdrawn&quot;, aBill.getBillState());&#10;&#9;}&#10;&#9;&#10;&#9;@Test&#10;&#9;public void testcase7() {&#10;&#9;&#9;//Conformance Test&#10;&#9;&#9;Bill aBill = new Bill();&#10;&#9;&#9;assertEquals(&quot;inPreparation&quot;, aBill.getBillState());&#10;&#9;&#9;aBill.introduceInHouse();&#10;&#9;&#9;assertEquals(&quot;firstReading&quot;, aBill.getBillStateInHouseOfCommons());&#10;&#9;&#9;aBill.votePasses();&#10;&#9;&#9;assertEquals(&quot;secondReading&quot;, aBill.getBillStateInHouseOfCommons());&#10;&#9;&#9;aBill.votePasses();&#10;&#9;&#9;assertEquals(&quot;committeeConsideration&quot;, aBill.getBillStateInHouseOfCommons());&#10;&#9;&#9;aBill.votePasses();&#10;&#9;&#9;assertEquals(&quot;thirdReading&quot;, aBill.getBillStateInHouseOfCommons());&#10;&#9;&#9;aBill.withdraw();&#10;&#9;&#9;assertEquals(&quot;withdrawn&quot;, aBill.getBillState());&#10;&#9;}&#10;&#9;&#10;&#9;@Test&#10;&#9;public void testcase8() {&#10;&#9;&#9;//Conformance Test&#10;&#9;&#9;Bill aBill = new Bill();&#10;&#9;&#9;assertEquals(&quot;inPreparation&quot;, aBill.getBillState());&#10;&#9;&#9;aBill.introduceInHouse();&#10;&#9;&#9;assertEquals(&quot;firstReading&quot;, aBill.getBillStateInHouseOfCommons());&#10;&#9;&#9;aBill.votePasses();&#10;&#9;&#9;assertEquals(&quot;secondReading&quot;, aBill.getBillStateInHouseOfCommons());&#10;&#9;&#9;aBill.votePasses();&#10;&#9;&#9;assertEquals(&quot;committeeConsideration&quot;, aBill.getBillStateInHouseOfCommons());&#10;&#9;&#9;aBill.votePasses();&#10;&#9;&#9;assertEquals(&quot;thirdReading&quot;, aBill.getBillStateInHouseOfCommons());&#10;&#9;&#9;aBill.voteFails();&#10;&#9;&#9;//error&#10;&#9;&#9;assertEquals(&quot;withdrawn&quot;, aBill.getBillState());&#10;&#9;}&#10;&#9;&#10;&#9;@Test&#10;&#9;public void testcase9() {&#10;&#9;&#9;//Conformance Test&#10;&#9;&#9;Bill aBill = new Bill();&#10;&#9;&#9;assertEquals(&quot;inPreparation&quot;, aBill.getBillState());&#10;&#9;&#9;aBill.introduceInHouse();&#10;&#9;&#9;assertEquals(&quot;firstReading&quot;, aBill.getBillStateInHouseOfCommons());&#10;&#9;&#9;aBill.votePasses();&#10;&#9;&#9;assertEquals(&quot;secondReading&quot;, aBill.getBillStateInHouseOfCommons());&#10;&#9;&#9;aBill.votePasses();&#10;&#9;&#9;assertEquals(&quot;committeeConsideration&quot;, aBill.getBillStateInHouseOfCommons());&#10;&#9;&#9;aBill.votePasses();&#10;&#9;&#9;assertEquals(&quot;thirdReading&quot;, aBill.getBillStateInHouseOfCommons());&#10;&#9;&#9;aBill.votePasses();&#10;&#9;&#9;assertEquals(&quot;firstReadingS&quot;, aBill.getBillStateInSenate());&#10;&#9;}&#10;&#9;&#10;&#9;@Test&#10;&#9;public void testcase10() {&#10;&#9;&#9;//Conformance Test&#10;&#9;&#9;Bill aBill = new Bill();&#10;&#9;&#9;aBill.setIsCommonsBill(true);&#10;&#9;&#9;assertEquals(&quot;inPreparation&quot;, aBill.getBillState());&#10;&#9;&#9;aBill.introduceInHouse();&#10;&#9;&#9;assertEquals(&quot;firstReading&quot;, aBill.getBillStateInHouseOfCommons());&#10;&#9;&#9;aBill.votePasses();&#10;&#9;&#9;assertEquals(&quot;secondReading&quot;, aBill.getBillStateInHouseOfCommons());&#10;&#9;&#9;aBill.votePasses();&#10;&#9;&#9;assertEquals(&quot;committeeConsideration&quot;, aBill.getBillStateInHouseOfCommons());&#10;&#9;&#9;aBill.votePasses();&#10;&#9;&#9;assertEquals(&quot;thirdReading&quot;, aBill.getBillStateInHouseOfCommons());&#10;&#9;&#9;aBill.votePasses();&#10;&#9;&#9;//error&#10;&#9;&#9;assertEquals(&quot;awaitingRoyalAssent&quot;, aBill.getBillState());&#10;&#9;&#9;aBill.royalAssent();&#10;&#9;&#9;assertEquals(&quot;actOfParliament&quot;, aBill.getBillState());&#10;&#9;}&#10;&#9;&#10;&#9;@Test&#10;&#9;public void testcase11() {&#10;&#9;&#9;//Conformance Test&#10;&#9;&#9;Bill aBill = new Bill();&#10;&#9;&#9;assertEquals(&quot;inPreparation&quot;, aBill.getBillState());&#10;&#9;&#9;aBill.introduceInSenate();&#10;&#9;&#9;assertEquals(&quot;firstReadingS&quot;, aBill.getBillStateInSenate());&#10;&#9;&#9;aBill.withdraw();&#10;&#9;&#9;assertEquals(&quot;withdrawn&quot;, aBill.getBillState());&#10;&#9;}&#10;&#9;&#10;&#9;@Test&#10;&#9;public void testcase12() {&#10;&#9;&#9;//Conformance Test&#10;&#9;&#9;Bill aBill = new Bill();&#10;&#9;&#9;assertEquals(&quot;inPreparation&quot;, aBill.getBillState());&#10;&#9;&#9;aBill.introduceInSenate();&#10;&#9;&#9;assertEquals(&quot;firstReadingS&quot;, aBill.getBillStateInSenate());&#10;&#9;&#9;aBill.voteFails();&#10;&#9;&#9;assertEquals(&quot;withdrawn&quot;, aBill.getBillState());&#10;&#9;}&#10;&#9;&#10;&#9;@Test&#10;&#9;public void testcase13() {&#10;&#9;&#9;//Conformance Test&#10;&#9;&#9;Bill aBill = new Bill();&#10;&#9;&#9;assertEquals(&quot;inPreparation&quot;, aBill.getBillState());&#10;&#9;&#9;aBill.introduceInSenate();&#10;&#9;&#9;assertEquals(&quot;firstReadingS&quot;, aBill.getBillStateInSenate());&#10;&#9;&#9;aBill.votePasses();&#10;&#9;&#9;assertEquals(&quot;secondReadingS&quot;, aBill.getBillStateInSenate());&#10;&#9;&#9;aBill.withdraw();&#10;&#9;&#9;assertEquals(&quot;withdrawn&quot;, aBill.getBillState());&#10;&#9;}&#10;&#9;&#10;&#9;@Test&#10;&#9;public void testcase14() {&#10;&#9;&#9;//Conformance Test&#10;&#9;&#9;Bill aBill = new Bill();&#10;&#9;&#9;assertEquals(&quot;inPreparation&quot;, aBill.getBillState());&#10;&#9;&#9;aBill.introduceInSenate();&#10;&#9;&#9;assertEquals(&quot;firstReadingS&quot;, aBill.getBillStateInSenate());&#10;&#9;&#9;aBill.votePasses();&#10;&#9;&#9;assertEquals(&quot;secondReadingS&quot;, aBill.getBillStateInSenate());&#10;&#9;&#9;aBill.voteFails();&#10;&#9;&#9;assertEquals(&quot;withdrawn&quot;, aBill.getBillState());&#10;&#9;}&#10;&#9;&#10;&#9;@Test&#10;&#9;public void testcase15() {&#10;&#9;&#9;//Conformance Test&#10;&#9;&#9;Bill aBill = new Bill();&#10;&#9;&#9;assertEquals(&quot;inPreparation&quot;, aBill.getBillState());&#10;&#9;&#9;aBill.introduceInSenate();&#10;&#9;&#9;assertEquals(&quot;firstReadingS&quot;, aBill.getBillStateInSenate());&#10;&#9;&#9;aBill.votePasses();&#10;&#9;&#9;assertEquals(&quot;secondReadingS&quot;, aBill.getBillStateInSenate());&#10;&#9;&#9;aBill.votePasses();&#10;&#9;&#9;assertEquals(&quot;committeeConsiderationS&quot;, aBill.getBillStateInSenate());&#10;&#9;&#9;aBill.withdraw();&#10;&#9;&#9;assertEquals(&quot;withdrawn&quot;, aBill.getBillState());&#10;&#9;}&#10;&#9;@Test&#10;&#9;public void testcase16() {&#10;&#9;&#9;//Conformance Test&#10;&#9;&#9;Bill aBill = new Bill();&#10;&#9;&#9;assertEquals(&quot;inPreparation&quot;, aBill.getBillState());&#10;&#9;&#9;aBill.introduceInSenate();&#10;&#9;&#9;assertEquals(&quot;firstReadingS&quot;, aBill.getBillStateInSenate());&#10;&#9;&#9;aBill.votePasses();&#10;&#9;&#9;assertEquals(&quot;secondReadingS&quot;, aBill.getBillStateInSenate());&#10;&#9;&#9;aBill.votePasses();&#10;&#9;&#9;assertEquals(&quot;committeeConsiderationS&quot;, aBill.getBillStateInSenate());&#10;&#9;&#9;aBill.voteFails();&#10;&#9;&#9;assertEquals(&quot;withdrawn&quot;, aBill.getBillState());&#10;&#9;}&#10;&#9;@Test&#10;&#9;public void testcase17() {&#10;&#9;&#9;//Conformance Test&#10;&#9;&#9;Bill aBill = new Bill();&#10;&#9;&#9;assertEquals(&quot;inPreparation&quot;, aBill.getBillState());&#10;&#9;&#9;aBill.introduceInSenate();&#10;&#9;&#9;assertEquals(&quot;firstReadingS&quot;, aBill.getBillStateInSenate());&#10;&#9;&#9;aBill.votePasses();&#10;&#9;&#9;assertEquals(&quot;secondReadingS&quot;, aBill.getBillStateInSenate());&#10;&#9;&#9;aBill.votePasses();&#10;&#9;&#9;assertEquals(&quot;committeeConsiderationS&quot;, aBill.getBillStateInSenate());&#10;&#9;&#9;aBill.votePasses();&#10;&#9;&#9;assertEquals(&quot;thirdReadingS&quot;, aBill.getBillStateInSenate());&#10;&#9;&#9;aBill.withdraw();&#10;&#9;&#9;assertEquals(&quot;withdrawn&quot;, aBill.getBillState());&#10;&#10;&#9;}&#10;&#9;&#10;&#9;@Test&#10;&#9;public void testcase18() {&#10;&#9;&#9;//Conformance Test&#10;&#9;&#9;Bill aBill = new Bill();&#10;&#9;&#9;assertEquals(&quot;inPreparation&quot;, aBill.getBillState());&#10;&#9;&#9;aBill.introduceInSenate();&#10;&#9;&#9;assertEquals(&quot;firstReadingS&quot;, aBill.getBillStateInSenate());&#10;&#9;&#9;aBill.votePasses();&#10;&#9;&#9;assertEquals(&quot;secondReadingS&quot;, aBill.getBillStateInSenate());&#10;&#9;&#9;aBill.votePasses();&#10;&#9;&#9;assertEquals(&quot;committeeConsiderationS&quot;, aBill.getBillStateInSenate());&#10;&#9;&#9;aBill.votePasses();&#10;&#9;&#9;assertEquals(&quot;thirdReadingS&quot;, aBill.getBillStateInSenate());&#10;&#9;&#9;aBill.voteFails();&#10;&#9;&#9;assertEquals(&quot;withdrawn&quot;, aBill.getBillState());&#10;&#10;&#9;}&#10;&#9;@Test&#10;&#9;public void testcase19() {&#10;&#9;&#9;//Conformance Test&#10;&#9;&#9;Bill aBill = new Bill();&#10;&#9;&#9;assertEquals(&quot;inPreparation&quot;, aBill.getBillState());&#10;&#9;&#9;aBill.introduceInSenate();&#10;&#9;&#9;assertEquals(&quot;firstReadingS&quot;, aBill.getBillStateInSenate());&#10;&#9;&#9;aBill.votePasses();&#10;&#9;&#9;assertEquals(&quot;secondReadingS&quot;, aBill.getBillStateInSenate());&#10;&#9;&#9;aBill.votePasses();&#10;&#9;&#9;assertEquals(&quot;committeeConsiderationS&quot;, aBill.getBillStateInSenate());&#10;&#9;&#9;aBill.votePasses();&#10;&#9;&#9;assertEquals(&quot;thirdReadingS&quot;, aBill.getBillStateInSenate());&#10;&#9;&#9;aBill.votePasses();&#10;&#9;&#9;//error&#10;&#9;&#9;assertEquals(&quot;firstReading&quot;, aBill.getBillState());&#10;&#10;&#9;}&#10;&#9;@Test&#10;&#9;public void testcase20() {&#10;&#9;&#9;//Conformance Test&#10;&#9;&#9;Bill aBill = new Bill();&#10;&#9;&#9;assertEquals(&quot;inPreparation&quot;, aBill.getBillState());&#10;&#9;&#9;aBill.introduceInSenate();&#10;&#9;&#9;assertEquals(&quot;firstReadingS&quot;, aBill.getBillStateInSenate());&#10;&#9;&#9;aBill.votePasses();&#10;&#9;&#9;assertEquals(&quot;secondReadingS&quot;, aBill.getBillStateInSenate());&#10;&#9;&#9;aBill.votePasses();&#10;&#9;&#9;assertEquals(&quot;committeeConsiderationS&quot;, aBill.getBillStateInSenate());&#10;&#9;&#9;aBill.votePasses();&#10;&#9;&#9;assertEquals(&quot;thirdReadingS&quot;, aBill.getBillStateInSenate());&#10;&#9;&#9;aBill.votePasses();&#10;&#9;&#9;//error&#10;&#9;&#9;assertEquals(&quot;awaitingRoyalAssent&quot;, aBill.getBillState());&#10;&#10;&#9;}&#10;&#9;@Test&#10;&#9;public void testcase21() {&#10;&#9;&#9;//Sneak Test&#10;&#9;&#9;Bill aBill = new Bill();&#10;&#9;&#9;assertEquals(&quot;inPreparation&quot;, aBill.getBillState());&#10;&#9;&#9;aBill.introduceInHouse();&#10;&#9;&#9;assertEquals(&quot;firstReading&quot;, aBill.getBillStateInHouseOfCommons());&#10;&#9;&#9;aBill.introduceInHouse();&#10;&#9;&#9;assertEquals(&quot;firstReading&quot;, aBill.getBillStateInHouseOfCommons());&#10;&#9;&#9;&#10;&#9;&#9;aBill.introduceInSenate();&#10;&#9;&#9;assertEquals(&quot;firstReading&quot;, aBill.getBillStateInHouseOfCommons());&#10;&#9;&#9;&#10;&#9;&#9;aBill.royalAssent();&#10;&#9;&#9;assertEquals(&quot;firstReading&quot;, aBill.getBillStateInHouseOfCommons());&#10;&#10;&#9;&#9;aBill.modify();&#10;&#9;&#9;assertEquals(&quot;firstReading&quot;, aBill.getBillStateInHouseOfCommons());&#10;&#10;&#9;&#9;&#10;&#9;}&#10;&#9;&#10;&#9;@Test&#10;&#9;public void testcase22() {&#10;&#9;&#9;//Sneak Test&#10;&#9;&#9;Bill aBill = new Bill();&#10;&#9;&#9;assertEquals(&quot;inPreparation&quot;, aBill.getBillState());&#10;&#9;&#9;aBill.introduceInHouse();&#10;&#9;&#9;assertEquals(&quot;firstReading&quot;, aBill.getBillStateInHouseOfCommons());&#10;&#9;&#9;aBill.votePasses();&#10;&#9;&#9;assertEquals(&quot;secondReading&quot;, aBill.getBillStateInHouseOfCommons());&#10;&#9;&#9;aBill.introduceInHouse();&#10;&#9;&#9;assertEquals(&quot;secondReading&quot;, aBill.getBillStateInHouseOfCommons());&#10;&#9;&#9;&#10;&#9;&#9;aBill.introduceInSenate();&#10;&#9;&#9;assertEquals(&quot;secondReading&quot;, aBill.getBillStateInHouseOfCommons());&#10;&#9;&#9;&#10;&#9;&#9;aBill.royalAssent();&#10;&#9;&#9;assertEquals(&quot;secondReading&quot;, aBill.getBillStateInHouseOfCommons());&#10;&#10;&#9;&#9;aBill.modify();&#10;&#9;&#9;assertEquals(&quot;secondReading&quot;, aBill.getBillStateInHouseOfCommons());&#10;&#10;&#9;}&#10;&#9;@Test&#10;&#9;public void testcase23() {&#10;&#9;&#9;//Sneak Test&#10;&#9;&#9;Bill aBill = new Bill();&#10;&#9;&#9;assertEquals(&quot;inPreparation&quot;, aBill.getBillState());&#10;&#9;&#9;aBill.introduceInHouse();&#10;&#9;&#9;assertEquals(&quot;firstReading&quot;, aBill.getBillStateInHouseOfCommons());&#10;&#9;&#9;aBill.votePasses();&#10;&#9;&#9;assertEquals(&quot;secondReading&quot;, aBill.getBillStateInHouseOfCommons());&#10;&#9;&#9;aBill.votePasses();&#10;&#9;&#9;assertEquals(&quot;committeeConsideration&quot;, aBill.getBillStateInHouseOfCommons());&#10;&#9;&#9;&#10;&#9;&#9;aBill.introduceInSenate();&#10;&#9;&#9;assertEquals(&quot;committeeConsideration&quot;, aBill.getBillStateInHouseOfCommons());&#10;&#9;&#9;&#10;&#9;&#9;aBill.royalAssent();&#10;&#9;&#9;assertEquals(&quot;committeeConsideration&quot;, aBill.getBillStateInHouseOfCommons());&#10;&#10;&#9;&#9;aBill.modify();&#10;&#9;&#9;assertEquals(&quot;committeeConsideration&quot;, aBill.getBillStateInHouseOfCommons());&#10;&#10;&#9;}&#10;&#9;&#10;&#9;@Test&#10;&#9;public void testcase24() {&#10;&#9;&#9;//Sneak Test&#10;&#9;&#9;Bill aBill = new Bill();&#10;&#9;&#9;assertEquals(&quot;inPreparation&quot;, aBill.getBillState());&#10;&#9;&#9;aBill.introduceInHouse();&#10;&#9;&#9;assertEquals(&quot;firstReading&quot;, aBill.getBillStateInHouseOfCommons());&#10;&#9;&#9;aBill.votePasses();&#10;&#9;&#9;assertEquals(&quot;secondReading&quot;, aBill.getBillStateInHouseOfCommons());&#10;&#9;&#9;aBill.votePasses();&#10;&#9;&#9;assertEquals(&quot;committeeConsideration&quot;, aBill.getBillStateInHouseOfCommons());&#10;&#9;&#9;aBill.votePasses();&#10;&#9;&#9;assertEquals(&quot;thirdReading&quot;, aBill.getBillStateInHouseOfCommons());&#10;&#10;&#9;&#9;aBill.introduceInSenate();&#10;&#9;&#9;assertEquals(&quot;thirdReading&quot;, aBill.getBillStateInHouseOfCommons());&#10;&#9;&#9;&#10;&#9;&#9;aBill.royalAssent();&#10;&#9;&#9;assertEquals(&quot;thirdReading&quot;, aBill.getBillStateInHouseOfCommons());&#10;&#10;&#9;&#9;aBill.modify();&#10;&#9;&#9;assertEquals(&quot;thirdReading&quot;, aBill.getBillStateInHouseOfCommons());&#10;&#10;&#9;}&#10;&#9;&#10;&#9;@Test&#10;&#9;public void testcase25() {&#10;&#9;&#9;//Sneak Test&#10;&#9;&#9;Bill aBill = new Bill();&#10;&#9;&#9;assertEquals(&quot;inPreparation&quot;, aBill.getBillState());&#10;&#9;&#9;aBill.introduceInHouse();&#10;&#9;&#9;assertEquals(&quot;firstReading&quot;, aBill.getBillStateInHouseOfCommons());&#10;&#9;&#9;aBill.votePasses();&#10;&#9;&#9;assertEquals(&quot;secondReading&quot;, aBill.getBillStateInHouseOfCommons());&#10;&#9;&#9;aBill.votePasses();&#10;&#9;&#9;assertEquals(&quot;committeeConsideration&quot;, aBill.getBillStateInHouseOfCommons());&#10;&#9;&#9;aBill.votePasses();&#10;&#9;&#9;assertEquals(&quot;thirdReading&quot;, aBill.getBillStateInHouseOfCommons());&#10;&#9;&#9;aBill.votePasses();&#10;&#9;&#9;assertEquals(&quot;awaitingRoyalAssent&quot;, aBill.getBillStateInHouseOfCommons());&#10;&#10;&#9;&#9;aBill.votePasses();&#10;&#9;&#9;assertEquals(&quot;awaitingRoyalAssent&quot;, aBill.getBillStateInHouseOfCommons());&#10;&#9;&#9;&#10;&#9;&#9;aBill.voteFails();&#10;&#9;&#9;assertEquals(&quot;awaitingRoyalAssent&quot;, aBill.getBillStateInHouseOfCommons());&#10;&#10;&#9;&#9;aBill.withdraw();&#10;&#9;&#9;assertEquals(&quot;awaitingRoyalAssent&quot;, aBill.getBillStateInHouseOfCommons());&#10;&#10;&#9;&#9;aBill.introduceInHouse();&#10;&#9;&#9;assertEquals(&quot;awaitingRoyalAssent&quot;, aBill.getBillStateInHouseOfCommons());&#10;&#10;&#9;&#9;aBill.introduceInSenate();&#10;&#9;&#9;assertEquals(&quot;awaitingRoyalAssent&quot;, aBill.getBillStateInHouseOfCommons());&#10;&#10;&#9;&#9;aBill.modify();&#10;&#9;&#9;assertEquals(&quot;awaitingRoyalAssent&quot;, aBill.getBillStateInHouseOfCommons());&#10;&#10;&#9;}&#10;&#9;&#10;&#9;@Test&#10;&#9;public void testcase26() {&#10;&#9;&#9;//Sneak Test&#10;&#9;&#9;Bill aBill = new Bill();&#10;&#9;&#9;assertEquals(&quot;inPreparation&quot;, aBill.getBillState());&#10;&#9;&#9;aBill.introduceInSenate();&#10;&#9;&#9;assertEquals(&quot;firstReadingS&quot;, aBill.getBillStateInSenate());&#10;&#9;&#9;aBill.introduceInHouse();&#10;&#9;&#9;assertEquals(&quot;firstReadingS&quot;, aBill.getBillStateInSenate());&#10;&#10;&#9;&#9;aBill.introduceInSenate();&#10;&#9;&#9;assertEquals(&quot;firstReadingS&quot;, aBill.getBillStateInSenate());&#10;&#10;&#9;&#9;aBill.royalAssent();&#10;&#9;&#9;assertEquals(&quot;firstReadingS&quot;, aBill.getBillStateInSenate());&#10;&#10;&#9;&#9;aBill.modify();&#10;&#9;&#9;assertEquals(&quot;firstReadingS&quot;, aBill.getBillStateInSenate());&#10;&#10;&#9;&#9;&#10;&#9;}&#10;&#9;@Test&#10;&#9;public void testcase27() {&#10;&#9;&#9;//Sneak Test&#10;&#9;&#9;Bill aBill = new Bill();&#10;&#9;&#9;assertEquals(&quot;inPreparation&quot;, aBill.getBillState());&#10;&#9;&#9;aBill.introduceInSenate();&#10;&#9;&#9;assertEquals(&quot;firstReadingS&quot;, aBill.getBillStateInSenate());&#10;&#9;&#9;aBill.votePasses();&#10;&#9;&#9;assertEquals(&quot;secondReadingS&quot;, aBill.getBillStateInSenate());&#10;&#9;&#9;aBill.introduceInHouse();&#10;&#9;&#9;assertEquals(&quot;secondReadingS&quot;, aBill.getBillStateInSenate());&#10;&#10;&#9;&#9;aBill.introduceInSenate();&#10;&#9;&#9;assertEquals(&quot;secondReadingS&quot;, aBill.getBillStateInSenate());&#10;&#10;&#9;&#9;aBill.royalAssent();&#10;&#9;&#9;assertEquals(&quot;secondReadingS&quot;, aBill.getBillStateInSenate());&#10;&#10;&#9;&#9;aBill.modify();&#10;&#9;&#9;assertEquals(&quot;secondReadingS&quot;, aBill.getBillStateInSenate());&#10;&#10;&#9;}&#10;&#9;&#10;&#9;@Test&#10;&#9;public void testcase28() {&#10;&#9;&#9;//Sneak Test&#10;&#9;&#9;Bill aBill = new Bill();&#10;&#9;&#9;assertEquals(&quot;inPreparation&quot;, aBill.getBillState());&#10;&#9;&#9;aBill.introduceInSenate();&#10;&#9;&#9;assertEquals(&quot;firstReadingS&quot;, aBill.getBillStateInSenate());&#10;&#9;&#9;aBill.votePasses();&#10;&#9;&#9;assertEquals(&quot;secondReadingS&quot;, aBill.getBillStateInSenate());&#10;&#9;&#9;aBill.votePasses();&#10;&#9;&#9;assertEquals(&quot;committeeConsiderationS&quot;, aBill.getBillStateInSenate());&#10;&#9;&#9;aBill.introduceInHouse();&#10;&#9;&#9;assertEquals(&quot;committeeConsiderationS&quot;, aBill.getBillStateInSenate());&#10;&#10;&#9;&#9;aBill.introduceInSenate();&#10;&#9;&#9;assertEquals(&quot;committeeConsiderationS&quot;, aBill.getBillStateInSenate());&#10;&#10;&#9;&#9;aBill.royalAssent();&#10;&#9;&#9;assertEquals(&quot;committeeConsiderationS&quot;, aBill.getBillStateInSenate());&#10;&#10;&#9;&#9;aBill.modify();&#10;&#9;&#9;assertEquals(&quot;committeeConsiderationS&quot;, aBill.getBillStateInSenate());&#10;&#10;&#9;}&#10;&#9;&#10;&#9;@Test&#10;&#9;public void testcase29() {&#10;&#9;&#9;//Sneak Test&#10;&#9;&#9;Bill aBill = new Bill();&#10;&#9;&#9;assertEquals(&quot;inPreparation&quot;, aBill.getBillState());&#10;&#9;&#9;aBill.introduceInSenate();&#10;&#9;&#9;assertEquals(&quot;firstReadingS&quot;, aBill.getBillStateInSenate());&#10;&#9;&#9;aBill.votePasses();&#10;&#9;&#9;assertEquals(&quot;secondReadingS&quot;, aBill.getBillStateInSenate());&#10;&#9;&#9;aBill.votePasses();&#10;&#9;&#9;assertEquals(&quot;committeeConsiderationS&quot;, aBill.getBillStateInSenate());&#10;&#9;&#9;aBill.votePasses();&#10;&#9;&#9;assertEquals(&quot;thirdReadingS&quot;, aBill.getBillStateInSenate());&#10;&#9;&#9;aBill.introduceInHouse();&#10;&#9;&#9;assertEquals(&quot;thirdReadingS&quot;, aBill.getBillStateInSenate());&#10;&#10;&#9;&#9;&#10;&#9;&#9;aBill.introduceInSenate();&#10;&#9;&#9;assertEquals(&quot;thirdReadingS&quot;, aBill.getBillStateInSenate());&#10;&#10;&#9;&#9;aBill.royalAssent();&#10;&#9;&#9;assertEquals(&quot;thirdReadingS&quot;, aBill.getBillStateInSenate());&#10;&#10;&#9;&#9;aBill.modify();&#10;&#9;&#9;assertEquals(&quot;thirdReadingS&quot;, aBill.getBillStateInSenate());&#10;&#10;&#9;}&#10;&#9;&#10;&#9;&#10;}" Filename="BillTest.java" Intrnl_Id="1"/>
<SrcFile Content="package bill;&#10;&#10;/**&#10; * State machine of a bill in Canadian parliament&#10; */&#10;public class Bill&#10;{&#10;&#10;  //------------------------&#10;  // MEMBER VARIABLES&#10;  //------------------------&#10;&#10;  //Bill Attributes&#10;  private boolean isCommonsBill;&#10;&#10;  //Bill State Machines&#10;  enum BillState { inPreparation, inHouseOfCommons, inSenate, awaitingRoyalAssent, actOfParliament, withdrawn }&#10;  enum BillStateInHouseOfCommons { Null, firstReading, secondReading, committeeConsideration, thirdReading, lastReading }&#10;  enum BillStateInSenate { Null, firstReadingS, secondReadingS, committeeConsiderationS, thirdReadingS }&#10;  private BillState billState;&#10;  private BillStateInHouseOfCommons billStateInHouseOfCommons;&#10;  private BillStateInSenate billStateInSenate;&#10;&#10;  //------------------------&#10;  // CONSTRUCTOR&#10;  //------------------------&#10;&#10;  public Bill()&#10;  {&#10;    isCommonsBill = true;&#10;    setBillStateInHouseOfCommons(BillStateInHouseOfCommons.Null);&#10;    setBillStateInSenate(BillStateInSenate.Null);&#10;    setBillState(BillState.inPreparation);&#10;  }&#10;&#10;  //------------------------&#10;  // INTERFACE&#10;  //------------------------&#10;&#10;  public boolean setIsCommonsBill(boolean aIsCommonsBill)&#10;  {&#10;    boolean wasSet = false;&#10;    isCommonsBill = aIsCommonsBill;&#10;    wasSet = true;&#10;    return wasSet;&#10;  }&#10;&#10;  public boolean getIsCommonsBill()&#10;  {&#10;    return isCommonsBill;&#10;  }&#10;&#10;  public boolean isIsCommonsBill()&#10;  {&#10;    return isCommonsBill;&#10;  }&#10;&#10;  public boolean introduceInHouse()&#10;  {&#10;    boolean wasEventProcessed = false;&#10;    &#10;    BillState aBillState = billState;&#10;    switch (aBillState)&#10;    {&#10;      case inPreparation:&#10;        setBillState(BillState.inHouseOfCommons);&#10;        wasEventProcessed = true;&#10;        break;&#10;      default:&#10;        // Other states do respond to this event&#10;    }&#10;&#10;    return wasEventProcessed;&#10;  }&#10;&#10;  public boolean introduceInSenate()&#10;  {&#10;    boolean wasEventProcessed = false;&#10;    &#10;    BillState aBillState = billState;&#10;    switch (aBillState)&#10;    {&#10;      case inPreparation:&#10;        isCommonsBill = false;&#10;        setBillState(BillState.inSenate);&#10;        wasEventProcessed = true;&#10;        break;&#10;      default:&#10;        // Other states do respond to this event&#10;    }&#10;&#10;    return wasEventProcessed;&#10;  }&#10;&#10;  public boolean withdraw()&#10;  {&#10;    boolean wasEventProcessed = false;&#10;    &#10;    BillState aBillState = billState;&#10;    switch (aBillState)&#10;    {&#10;      case inHouseOfCommons:&#10;        exitBillState();&#10;        setBillState(BillState.withdrawn);&#10;        wasEventProcessed = true;&#10;        break;&#10;      case inSenate:&#10;        exitBillState();&#10;        setBillState(BillState.withdrawn);&#10;        wasEventProcessed = true;&#10;        break;&#10;      default:&#10;        // Other states do respond to this event&#10;    }&#10;&#10;    return wasEventProcessed;&#10;  }&#10;&#10;  public boolean voteFails()&#10;  {&#10;    boolean wasEventProcessed = false;&#10;    &#10;    BillState aBillState = billState;&#10;    switch (aBillState)&#10;    {&#10;      case inHouseOfCommons:&#10;//        setBillStateInHouseOfCommons(BillStateInHouseOfCommons.secondReading);&#10;        exitBillState();&#10;    &#9;  setBillState(BillState.withdrawn);&#10;        wasEventProcessed = true;&#10;        break;&#10;      case inSenate:&#10;        exitBillState();&#10;        setBillState(BillState.withdrawn);&#10;        wasEventProcessed = true;&#10;        break;&#10;      default:&#10;        // Other states do respond to this event&#10;    }&#10;&#10;    return wasEventProcessed;&#10;  }&#10;&#10;  public boolean royalAssent()&#10;  {&#10;    boolean wasEventProcessed = false;&#10;    &#10;    BillState aBillState = billState;&#10;    switch (aBillState)&#10;    {&#10;      case awaitingRoyalAssent:&#10;        setBillState(BillState.actOfParliament);&#10;        wasEventProcessed = true;&#10;        break;&#10;      default:&#10;        // Other states do respond to this event&#10;    }&#10;&#10;    return wasEventProcessed;&#10;  }&#10;&#10;  public boolean voteDenied()&#10;  {&#10;    boolean wasEventProcessed = false;&#10;    &#10;    BillState aBillState = billState;&#10;    switch (aBillState)&#10;    {&#10;      case inHouseOfCommons:    &#9;  &#10;        setBillStateInHouseOfCommons(BillStateInHouseOfCommons.lastReading);&#10;        wasEventProcessed = true;&#10;        break;&#10;      case inSenate:&#10;        setBillStateInSenate(BillStateInSenate.firstReadingS);&#10;        wasEventProcessed = true;&#10;        break;&#10;      default:&#10;        // Other states do respond to this event&#10;    }&#10;&#10;    return wasEventProcessed;&#10;  }&#10;  &#10;  public boolean modify()&#10;  {&#10;    boolean wasEventProcessed = false;&#10;    &#10;    BillState aBillState = billState;&#10;    switch (aBillState)&#10;    {&#10;      case withdrawn:&#10;        setBillState(BillState.inPreparation);&#10;        wasEventProcessed = true;&#10;        break;&#10;      default:&#10;        // Other states do respond to this event&#10;    }&#10;&#10;    return wasEventProcessed;&#10;  }&#10;&#10;  private boolean exitInHouseOfCommons()&#10;  {&#10;    boolean wasEventProcessed = false;&#10;    &#10;    BillStateInHouseOfCommons aBillStateInHouseOfCommons = billStateInHouseOfCommons;&#10;    switch (aBillStateInHouseOfCommons)&#10;    {&#10;      case firstReading:&#10;        setBillStateInHouseOfCommons(BillStateInHouseOfCommons.Null);&#10;        wasEventProcessed = true;&#10;        break;&#10;      case secondReading:&#10;        setBillStateInHouseOfCommons(BillStateInHouseOfCommons.Null);&#10;        wasEventProcessed = true;&#10;        break;&#10;      case committeeConsideration:&#10;        setBillStateInHouseOfCommons(BillStateInHouseOfCommons.Null);&#10;        wasEventProcessed = true;&#10;        break;&#10;      case thirdReading:&#10;        setBillStateInHouseOfCommons(BillStateInHouseOfCommons.Null);&#10;        wasEventProcessed = true;&#10;        break;&#10;      default:&#10;        // Other states do respond to this event&#10;    }&#10;&#10;    return wasEventProcessed;&#10;  }&#10;&#10;  public boolean votePasses()&#10;  {&#10;    boolean wasEventProcessed = false;&#10;    &#10;    BillStateInHouseOfCommons aBillStateInHouseOfCommons = billStateInHouseOfCommons;&#10;    BillStateInSenate aBillStateInSenate = billStateInSenate;&#10;    switch (aBillStateInHouseOfCommons)&#10;    {&#10;      case firstReading:&#10;        setBillStateInHouseOfCommons(BillStateInHouseOfCommons.secondReading);&#10;        wasEventProcessed = true;&#10;        break;&#10;      case secondReading:&#10;        setBillStateInHouseOfCommons(BillStateInHouseOfCommons.committeeConsideration);&#10;        wasEventProcessed = true;&#10;        break;&#10;      case committeeConsideration:&#10;        setBillStateInHouseOfCommons(BillStateInHouseOfCommons.thirdReading);&#10;        wasEventProcessed = true;&#10;        break;&#10;      case thirdReading:&#10;        if (getIsCommonsBill())&#10;        {&#10;          exitBillState();&#10;          setBillState(BillState.inSenate);&#10;          wasEventProcessed = true;&#10;          break;&#10;        }&#10;        if (!getIsCommonsBill())&#10;        {&#10;          exitBillState();&#10;          setBillState(BillState.awaitingRoyalAssent);&#10;          wasEventProcessed = true;&#10;          break;&#10;        }&#10;        break;&#10;      default:&#10;        // Other states do respond to this event&#10;    }&#10;&#10;    switch (aBillStateInSenate)&#10;    {&#10;      case firstReadingS:&#10;        setBillStateInSenate(BillStateInSenate.secondReadingS);&#10;        wasEventProcessed = true;&#10;        break;&#10;      case secondReadingS:&#10;        setBillStateInSenate(BillStateInSenate.committeeConsiderationS);&#10;        wasEventProcessed = true;&#10;        break;&#10;      case committeeConsiderationS:&#10;        setBillStateInSenate(BillStateInSenate.thirdReadingS);&#10;        isCommonsBill = true;&#10;        wasEventProcessed = true;&#10;        break;&#10;      case thirdReadingS:&#10;        if (getIsCommonsBill())&#10;        {&#10;          exitBillState();&#10;          setBillState(BillState.awaitingRoyalAssent);&#10;          wasEventProcessed = true;&#10;          break;&#10;        }&#10;        if (!getIsCommonsBill())&#10;        {&#10;          exitBillState();&#10;          setBillState(BillState.inHouseOfCommons);&#10;          wasEventProcessed = true;&#10;          break;&#10;        }&#10;        break;&#10;      default:&#10;        // Other states do respond to this event&#10;    }&#10;&#10;    return wasEventProcessed;&#10;  }&#10;&#10;  private boolean exitInSenate()&#10;  {&#10;    boolean wasEventProcessed = false;&#10;    &#10;    BillStateInSenate aBillStateInSenate = billStateInSenate;&#10;    switch (aBillStateInSenate)&#10;    {&#10;      case firstReadingS:&#10;        setBillStateInSenate(BillStateInSenate.Null);&#10;        wasEventProcessed = true;&#10;        break;&#10;      case secondReadingS:&#10;        setBillStateInSenate(BillStateInSenate.Null);&#10;        wasEventProcessed = true;&#10;        break;&#10;      case committeeConsiderationS:&#10;        setBillStateInSenate(BillStateInSenate.Null);&#10;        wasEventProcessed = true;&#10;        break;&#10;      case thirdReadingS:&#10;        setBillStateInSenate(BillStateInSenate.Null);&#10;        wasEventProcessed = true;&#10;        break;&#10;      default:&#10;        // Other states do respond to this event&#10;    }&#10;&#10;    return wasEventProcessed;&#10;  }&#10;&#10;  private void exitBillState()&#10;  {&#10;    switch(billState)&#10;    {&#10;      case inHouseOfCommons:&#10;        exitInHouseOfCommons();&#10;        break;&#10;      case inSenate:&#10;        exitInSenate();&#10;        break;&#10;    }&#10;  }&#10;&#10;  private void setBillState(BillState aBillState)&#10;  {&#10;    billState = aBillState;&#10;&#10;    // entry actions and do activities&#10;    switch(billState)&#10;    {&#10;      case inHouseOfCommons:&#10;        if (billStateInHouseOfCommons == BillStateInHouseOfCommons.Null) { setBillStateInHouseOfCommons(BillStateInHouseOfCommons.firstReading); }&#10;        break;&#10;      case inSenate:&#10;        if (billStateInSenate == BillStateInSenate.Null) { setBillStateInSenate(BillStateInSenate.firstReadingS); }&#10;        break;&#10;    }&#10;  }&#10;&#10;  private void setBillStateInHouseOfCommons(BillStateInHouseOfCommons aBillStateInHouseOfCommons)&#10;  {&#10;    billStateInHouseOfCommons = aBillStateInHouseOfCommons;&#10;    if (billState != BillState.inHouseOfCommons &amp;&amp; aBillStateInHouseOfCommons != BillStateInHouseOfCommons.Null) { setBillState(BillState.inHouseOfCommons); }&#10;  }&#10;&#10;  private void setBillStateInSenate(BillStateInSenate aBillStateInSenate)&#10;  {&#10;    billStateInSenate = aBillStateInSenate;&#10;    if (billState != BillState.inSenate &amp;&amp; aBillStateInSenate != BillStateInSenate.Null) { setBillState(BillState.inSenate); }&#10;  }&#10;&#10;  public void delete()&#10;  {}&#10;&#10;&#10;  public String toString()&#10;  {&#10;&#9;  String outputString = &quot;&quot;;&#10;    return super.toString() + &quot;[&quot;+&#10;            &quot;isCommonsBill&quot; + &quot;:&quot; + getIsCommonsBill()+ &quot;]&quot;&#10;     + outputString;&#10;  }&#10;  &#10;// Additional test support methods  &#10;//  enum BillState { inPreparation, inHouseOfCommons, inSenate, awaitingRoyalAssent, actOfParliament, withdrawn }&#10;//  enum BillStateInHouseOfCommons { Null, firstReading, secondReading, committeeConsideration, thirdReading, lastReading }&#10;//  enum BillStateInSenate { Null, firstReadingS, secondReadingS, committeeConsiderationS, thirdReadingS }&#10;//  private BillState billState;&#10;//  private BillStateInHouseOfCommons billStateInHouseOfCommons;&#10;//  private BillStateInSenate billStateInSenate;&#10;  &#10;  // Returns the BillState state as a string&#10;  public String getBillState()&#10;  {&#10;    return billState.toString();&#10;  }&#10;  &#10;  // Returns the BillStateInHouseOfCommons state as a string&#10;  public String getBillStateInHouseOfCommons()&#10;  {&#10;&#9;  return billStateInHouseOfCommons.toString();&#10;  }&#10;  &#10;  // Returns the BillStateInSenate state as a string&#10;  public String getBillStateInSenate()&#10;  {&#10;&#9;  return billStateInSenate.toString();&#10;  }&#10;&#10;  // main method&#10;//  public static void main(String[] args) {&#10;//&#9;Bill abill = new Bill();&#10;//&#9;System.out.println(abill.getBillState());&#10;//  }&#10;}" Filename="Bill.java" Intrnl_Id="2"/>
</SrcFileList>
<CritList>
<CritListEntry Name="org.codecover.model.utils.criteria.LoopCoverage" PluginName="org.codecover"/>
<CritListEntry Name="org.codecover.model.utils.criteria.BranchCoverage" PluginName="org.codecover"/>
<CritListEntry Name="org.codecover.model.utils.criteria.ConditionCoverage" PluginName="org.codecover"/>
<CritListEntry Name="org.codecover.model.utils.criteria.SynchronizedStatementCoverage" PluginName="org.codecover"/>
<CritListEntry Name="org.codecover.model.utils.criteria.QMOCoverage" PluginName="org.codecover"/>
<CritListEntry Name="org.codecover.model.utils.criteria.StatementCoverage" PluginName="org.codecover"/>
</CritList>
<BoolOpList>
<BoolOp Arity="1" Intrnl_Id="3" Name="not (!)">
<BoolAssgnmntBoolMapList>
<MapEntry BoolAssgnmnt="0" Value="true"/>
<MapEntry BoolAssgnmnt="1" Value="false"/>
</BoolAssgnmntBoolMapList>
</BoolOp>
<BoolOp Arity="2" Intrnl_Id="4" Name="conditional and (&amp;&amp;)">
<BoolAssgnmntBoolMapList>
<MapEntry BoolAssgnmnt="10" Value="false"/>
<MapEntry BoolAssgnmnt="02" Value="false"/>
<MapEntry BoolAssgnmnt="11" Value="true"/>
</BoolAssgnmntBoolMapList>
</BoolOp>
</BoolOpList>
<HierarchyLvlTypeList>
<HierarchyLvlType EnglishName="enumeration" IntrnlName="enum" Intrnl_Id="5"/>
<HierarchyLvlType EnglishName="package" IntrnlName="package" Intrnl_Id="6"/>
<HierarchyLvlType EnglishName="class" IntrnlName="class" Intrnl_Id="7"/>
<HierarchyLvlType EnglishName="method" IntrnlName="method" Intrnl_Id="8"/>
<HierarchyLvlType EnglishName="default package" IntrnlName="default package" Intrnl_Id="9"/>
</HierarchyLvlTypeList>
<MASTRoot>
<HierarchyLvl HierarchyLvlId="320" HierarchyLvlTypeId="9" Intrnl_Id="10" Name="default package">
<Header/>
<LocList/>
<HierarchyLvl HierarchyLvlId="318" HierarchyLvlTypeId="6" Intrnl_Id="11" Name="test">
<Header/>
<LocList/>
<HierarchyLvl HierarchyLvlId="290" HierarchyLvlTypeId="7" Intrnl_Id="12" Name="BillTest">
<Header>
<Loc EndOffset="222" SrcFileId="1" StartOffset="201"/>
</Header>
<LocList>
<Loc EndOffset="18487" SrcFileId="1" StartOffset="201"/>
</LocList>
<HierarchyLvl HierarchyLvlId="257" HierarchyLvlTypeId="8" Intrnl_Id="13" Name="setUpBeforeClass">
<Header>
<Loc EndOffset="295" SrcFileId="1" StartOffset="227"/>
</Header>
<LocList>
<Loc EndOffset="300" SrcFileId="1" StartOffset="227"/>
</LocList>
</HierarchyLvl>
<HierarchyLvl HierarchyLvlId="258" HierarchyLvlTypeId="8" Intrnl_Id="14" Name="tearDownAfterClass">
<Header>
<Loc EndOffset="372" SrcFileId="1" StartOffset="303"/>
</Header>
<LocList>
<Loc EndOffset="377" SrcFileId="1" StartOffset="303"/>
</LocList>
</HierarchyLvl>
<HierarchyLvl HierarchyLvlId="259" HierarchyLvlTypeId="8" Intrnl_Id="15" Name="setUp">
<Header>
<Loc EndOffset="425" SrcFileId="1" StartOffset="380"/>
</Header>
<LocList>
<Loc EndOffset="430" SrcFileId="1" StartOffset="380"/>
</LocList>
</HierarchyLvl>
<HierarchyLvl HierarchyLvlId="260" HierarchyLvlTypeId="8" Intrnl_Id="16" Name="tearDown">
<Header>
<Loc EndOffset="480" SrcFileId="1" StartOffset="433"/>
</Header>
<LocList>
<Loc EndOffset="485" SrcFileId="1" StartOffset="433"/>
</LocList>
</HierarchyLvl>
<HierarchyLvl HierarchyLvlId="261" HierarchyLvlTypeId="8" Intrnl_Id="17" Name="testcase1">
<Header>
<Loc EndOffset="519" SrcFileId="1" StartOffset="489"/>
</Header>
<LocList>
<Loc EndOffset="1363" SrcFileId="1" StartOffset="489"/>
</LocList>
<StmntSeq Intrnl_Id="18">
<LocList>
<Loc EndOffset="569" SrcFileId="1" StartOffset="545"/>
<Loc EndOffset="624" SrcFileId="1" StartOffset="572"/>
<Loc EndOffset="652" SrcFileId="1" StartOffset="627"/>
<Loc EndOffset="722" SrcFileId="1" StartOffset="655"/>
<Loc EndOffset="742" SrcFileId="1" StartOffset="725"/>
<Loc EndOffset="793" SrcFileId="1" StartOffset="745"/>
<Loc EndOffset="811" SrcFileId="1" StartOffset="796"/>
<Loc EndOffset="866" SrcFileId="1" StartOffset="814"/>
<Loc EndOffset="923" SrcFileId="1" StartOffset="904"/>
<Loc EndOffset="978" SrcFileId="1" StartOffset="926"/>
<Loc EndOffset="1015" SrcFileId="1" StartOffset="997"/>
<Loc EndOffset="1086" SrcFileId="1" StartOffset="1034"/>
<Loc EndOffset="1122" SrcFileId="1" StartOffset="1105"/>
<Loc EndOffset="1177" SrcFileId="1" StartOffset="1125"/>
<Loc EndOffset="1216" SrcFileId="1" StartOffset="1196"/>
<Loc EndOffset="1271" SrcFileId="1" StartOffset="1219"/>
<Loc EndOffset="1305" SrcFileId="1" StartOffset="1290"/>
<Loc EndOffset="1360" SrcFileId="1" StartOffset="1308"/>
</LocList>
<BasicStmnt CovItemId="S1" CovItemPrefix="test.BillTest.java" Intrnl_Id="19">
<LocList>
<Loc EndOffset="569" SrcFileId="1" StartOffset="545"/>
</LocList>
</BasicStmnt>
<BasicStmnt CovItemId="S2" CovItemPrefix="test.BillTest.java" Intrnl_Id="20">
<LocList>
<Loc EndOffset="624" SrcFileId="1" StartOffset="572"/>
</LocList>
</BasicStmnt>
<BasicStmnt CovItemId="S3" CovItemPrefix="test.BillTest.java" Intrnl_Id="21">
<LocList>
<Loc EndOffset="652" SrcFileId="1" StartOffset="627"/>
</LocList>
</BasicStmnt>
<BasicStmnt CovItemId="S4" CovItemPrefix="test.BillTest.java" Intrnl_Id="22">
<LocList>
<Loc EndOffset="722" SrcFileId="1" StartOffset="655"/>
</LocList>
</BasicStmnt>
<BasicStmnt CovItemId="S5" CovItemPrefix="test.BillTest.java" Intrnl_Id="23">
<LocList>
<Loc EndOffset="742" SrcFileId="1" StartOffset="725"/>
</LocList>
</BasicStmnt>
<BasicStmnt CovItemId="S6" CovItemPrefix="test.BillTest.java" Intrnl_Id="24">
<LocList>
<Loc EndOffset="793" SrcFileId="1" StartOffset="745"/>
</LocList>
</BasicStmnt>
<BasicStmnt CovItemId="S7" CovItemPrefix="test.BillTest.java" Intrnl_Id="25">
<LocList>
<Loc EndOffset="811" SrcFileId="1" StartOffset="796"/>
</LocList>
</BasicStmnt>
<BasicStmnt CovItemId="S8" CovItemPrefix="test.BillTest.java" Intrnl_Id="26">
<LocList>
<Loc EndOffset="866" SrcFileId="1" StartOffset="814"/>
</LocList>
</BasicStmnt>
<BasicStmnt CovItemId="S9" CovItemPrefix="test.BillTest.java" Intrnl_Id="27">
<LocList>
<Loc EndOffset="923" SrcFileId="1" StartOffset="904"/>
</LocList>
</BasicStmnt>
<BasicStmnt CovItemId="S10" CovItemPrefix="test.BillTest.java" Intrnl_Id="28">
<LocList>
<Loc EndOffset="978" SrcFileId="1" StartOffset="926"/>
</LocList>
</BasicStmnt>
<BasicStmnt CovItemId="S11" CovItemPrefix="test.BillTest.java" Intrnl_Id="29">
<LocList>
<Loc EndOffset="1015" SrcFileId="1" StartOffset="997"/>
</LocList>
</BasicStmnt>
<BasicStmnt CovItemId="S12" CovItemPrefix="test.BillTest.java" Intrnl_Id="30">
<LocList>
<Loc EndOffset="1086" SrcFileId="1" StartOffset="1034"/>
</LocList>
</BasicStmnt>
<BasicStmnt CovItemId="S13" CovItemPrefix="test.BillTest.java" Intrnl_Id="31">
<LocList>
<Loc EndOffset="1122" SrcFileId="1" StartOffset="1105"/>
</LocList>
</BasicStmnt>
<BasicStmnt CovItemId="S14" CovItemPrefix="test.BillTest.java" Intrnl_Id="32">
<LocList>
<Loc EndOffset="1177" SrcFileId="1" StartOffset="1125"/>
</LocList>
</BasicStmnt>
<BasicStmnt CovItemId="S15" CovItemPrefix="test.BillTest.java" Intrnl_Id="33">
<LocList>
<Loc EndOffset="1216" SrcFileId="1" StartOffset="1196"/>
</LocList>
</BasicStmnt>
<BasicStmnt CovItemId="S16" CovItemPrefix="test.BillTest.java" Intrnl_Id="34">
<LocList>
<Loc EndOffset="1271" SrcFileId="1" StartOffset="1219"/>
</LocList>
</BasicStmnt>
<BasicStmnt CovItemId="S17" CovItemPrefix="test.BillTest.java" Intrnl_Id="35">
<LocList>
<Loc EndOffset="1305" SrcFileId="1" StartOffset="1290"/>
</LocList>
</BasicStmnt>
<BasicStmnt CovItemId="S18" CovItemPrefix="test.BillTest.java" Intrnl_Id="36">
<LocList>
<Loc EndOffset="1360" SrcFileId="1" StartOffset="1308"/>
</LocList>
</BasicStmnt>
</StmntSeq>
</HierarchyLvl>
<HierarchyLvl HierarchyLvlId="262" HierarchyLvlTypeId="8" Intrnl_Id="37" Name="testcase2">
<Header>
<Loc EndOffset="1397" SrcFileId="1" StartOffset="1367"/>
</Header>
<LocList>
<Loc EndOffset="2355" SrcFileId="1" StartOffset="1367"/>
</LocList>
<StmntSeq Intrnl_Id="38">
<LocList>
<Loc EndOffset="1447" SrcFileId="1" StartOffset="1423"/>
<Loc EndOffset="1502" SrcFileId="1" StartOffset="1450"/>
<Loc EndOffset="1530" SrcFileId="1" StartOffset="1505"/>
<Loc EndOffset="1600" SrcFileId="1" StartOffset="1533"/>
<Loc EndOffset="1644" SrcFileId="1" StartOffset="1603"/>
<Loc EndOffset="1665" SrcFileId="1" StartOffset="1647"/>
<Loc EndOffset="1790" SrcFileId="1" StartOffset="1742"/>
<Loc EndOffset="1845" SrcFileId="1" StartOffset="1826"/>
<Loc EndOffset="1896" SrcFileId="1" StartOffset="1848"/>
<Loc EndOffset="1933" SrcFileId="1" StartOffset="1915"/>
<Loc EndOffset="1984" SrcFileId="1" StartOffset="1936"/>
<Loc EndOffset="2020" SrcFileId="1" StartOffset="2003"/>
<Loc EndOffset="2071" SrcFileId="1" StartOffset="2023"/>
<Loc EndOffset="2115" SrcFileId="1" StartOffset="2090"/>
<Loc EndOffset="2166" SrcFileId="1" StartOffset="2118"/>
<Loc EndOffset="2211" SrcFileId="1" StartOffset="2185"/>
<Loc EndOffset="2262" SrcFileId="1" StartOffset="2214"/>
<Loc EndOffset="2301" SrcFileId="1" StartOffset="2281"/>
<Loc EndOffset="2352" SrcFileId="1" StartOffset="2304"/>
</LocList>
<BasicStmnt CovItemId="S19" CovItemPrefix="test.BillTest.java" Intrnl_Id="39">
<LocList>
<Loc EndOffset="1447" SrcFileId="1" StartOffset="1423"/>
</LocList>
</BasicStmnt>
<BasicStmnt CovItemId="S20" CovItemPrefix="test.BillTest.java" Intrnl_Id="40">
<LocList>
<Loc EndOffset="1502" SrcFileId="1" StartOffset="1450"/>
</LocList>
</BasicStmnt>
<BasicStmnt CovItemId="S21" CovItemPrefix="test.BillTest.java" Intrnl_Id="41">
<LocList>
<Loc EndOffset="1530" SrcFileId="1" StartOffset="1505"/>
</LocList>
</BasicStmnt>
<BasicStmnt CovItemId="S22" CovItemPrefix="test.BillTest.java" Intrnl_Id="42">
<LocList>
<Loc EndOffset="1600" SrcFileId="1" StartOffset="1533"/>
</LocList>
</BasicStmnt>
<BasicStmnt CovItemId="S23" CovItemPrefix="test.BillTest.java" Intrnl_Id="43">
<LocList>
<Loc EndOffset="1644" SrcFileId="1" StartOffset="1603"/>
</LocList>
</BasicStmnt>
<BasicStmnt CovItemId="S24" CovItemPrefix="test.BillTest.java" Intrnl_Id="44">
<LocList>
<Loc EndOffset="1665" SrcFileId="1" StartOffset="1647"/>
</LocList>
</BasicStmnt>
<BasicStmnt CovItemId="S25" CovItemPrefix="test.BillTest.java" Intrnl_Id="45">
<LocList>
<Loc EndOffset="1790" SrcFileId="1" StartOffset="1742"/>
</LocList>
</BasicStmnt>
<BasicStmnt CovItemId="S26" CovItemPrefix="test.BillTest.java" Intrnl_Id="46">
<LocList>
<Loc EndOffset="1845" SrcFileId="1" StartOffset="1826"/>
</LocList>
</BasicStmnt>
<BasicStmnt CovItemId="S27" CovItemPrefix="test.BillTest.java" Intrnl_Id="47">
<LocList>
<Loc EndOffset="1896" SrcFileId="1" StartOffset="1848"/>
</LocList>
</BasicStmnt>
<BasicStmnt CovItemId="S28" CovItemPrefix="test.BillTest.java" Intrnl_Id="48">
<LocList>
<Loc EndOffset="1933" SrcFileId="1" StartOffset="1915"/>
</LocList>
</BasicStmnt>
<BasicStmnt CovItemId="S29" CovItemPrefix="test.BillTest.java" Intrnl_Id="49">
<LocList>
<Loc EndOffset="1984" SrcFileId="1" StartOffset="1936"/>
</LocList>
</BasicStmnt>
<BasicStmnt CovItemId="S30" CovItemPrefix="test.BillTest.java" Intrnl_Id="50">
<LocList>
<Loc EndOffset="2020" SrcFileId="1" StartOffset="2003"/>
</LocList>
</BasicStmnt>
<BasicStmnt CovItemId="S31" CovItemPrefix="test.BillTest.java" Intrnl_Id="51">
<LocList>
<Loc EndOffset="2071" SrcFileId="1" StartOffset="2023"/>
</LocList>
</BasicStmnt>
<BasicStmnt CovItemId="S32" CovItemPrefix="test.BillTest.java" Intrnl_Id="52">
<LocList>
<Loc EndOffset="2115" SrcFileId="1" StartOffset="2090"/>
</LocList>
</BasicStmnt>
<BasicStmnt CovItemId="S33" CovItemPrefix="test.BillTest.java" Intrnl_Id="53">
<LocList>
<Loc EndOffset="2166" SrcFileId="1" StartOffset="2118"/>
</LocList>
</BasicStmnt>
<BasicStmnt CovItemId="S34" CovItemPrefix="test.BillTest.java" Intrnl_Id="54">
<LocList>
<Loc EndOffset="2211" SrcFileId="1" StartOffset="2185"/>
</LocList>
</BasicStmnt>
<BasicStmnt CovItemId="S35" CovItemPrefix="test.BillTest.java" Intrnl_Id="55">
<LocList>
<Loc EndOffset="2262" SrcFileId="1" StartOffset="2214"/>
</LocList>
</BasicStmnt>
<BasicStmnt CovItemId="S36" CovItemPrefix="test.BillTest.java" Intrnl_Id="56">
<LocList>
<Loc EndOffset="2301" SrcFileId="1" StartOffset="2281"/>
</LocList>
</BasicStmnt>
<BasicStmnt CovItemId="S37" CovItemPrefix="test.BillTest.java" Intrnl_Id="57">
<LocList>
<Loc EndOffset="2352" SrcFileId="1" StartOffset="2304"/>
</LocList>
</BasicStmnt>
</StmntSeq>
</HierarchyLvl>
<HierarchyLvl HierarchyLvlId="263" HierarchyLvlTypeId="8" Intrnl_Id="58" Name="testcase3">
<Header>
<Loc EndOffset="2389" SrcFileId="1" StartOffset="2359"/>
</Header>
<LocList>
<Loc EndOffset="2759" SrcFileId="1" StartOffset="2359"/>
</LocList>
<StmntSeq Intrnl_Id="59">
<LocList>
<Loc EndOffset="2439" SrcFileId="1" StartOffset="2415"/>
<Loc EndOffset="2494" SrcFileId="1" StartOffset="2442"/>
<Loc EndOffset="2522" SrcFileId="1" StartOffset="2497"/>
<Loc EndOffset="2592" SrcFileId="1" StartOffset="2525"/>
<Loc EndOffset="2614" SrcFileId="1" StartOffset="2595"/>
<Loc EndOffset="2685" SrcFileId="1" StartOffset="2617"/>
<Loc EndOffset="2705" SrcFileId="1" StartOffset="2688"/>
<Loc EndOffset="2756" SrcFileId="1" StartOffset="2708"/>
</LocList>
<BasicStmnt CovItemId="S38" CovItemPrefix="test.BillTest.java" Intrnl_Id="60">
<LocList>
<Loc EndOffset="2439" SrcFileId="1" StartOffset="2415"/>
</LocList>
</BasicStmnt>
<BasicStmnt CovItemId="S39" CovItemPrefix="test.BillTest.java" Intrnl_Id="61">
<LocList>
<Loc EndOffset="2494" SrcFileId="1" StartOffset="2442"/>
</LocList>
</BasicStmnt>
<BasicStmnt CovItemId="S40" CovItemPrefix="test.BillTest.java" Intrnl_Id="62">
<LocList>
<Loc EndOffset="2522" SrcFileId="1" StartOffset="2497"/>
</LocList>
</BasicStmnt>
<BasicStmnt CovItemId="S41" CovItemPrefix="test.BillTest.java" Intrnl_Id="63">
<LocList>
<Loc EndOffset="2592" SrcFileId="1" StartOffset="2525"/>
</LocList>
</BasicStmnt>
<BasicStmnt CovItemId="S42" CovItemPrefix="test.BillTest.java" Intrnl_Id="64">
<LocList>
<Loc EndOffset="2614" SrcFileId="1" StartOffset="2595"/>
</LocList>
</BasicStmnt>
<BasicStmnt CovItemId="S43" CovItemPrefix="test.BillTest.java" Intrnl_Id="65">
<LocList>
<Loc EndOffset="2685" SrcFileId="1" StartOffset="2617"/>
</LocList>
</BasicStmnt>
<BasicStmnt CovItemId="S44" CovItemPrefix="test.BillTest.java" Intrnl_Id="66">
<LocList>
<Loc EndOffset="2705" SrcFileId="1" StartOffset="2688"/>
</LocList>
</BasicStmnt>
<BasicStmnt CovItemId="S45" CovItemPrefix="test.BillTest.java" Intrnl_Id="67">
<LocList>
<Loc EndOffset="2756" SrcFileId="1" StartOffset="2708"/>
</LocList>
</BasicStmnt>
</StmntSeq>
</HierarchyLvl>
<HierarchyLvl HierarchyLvlId="264" HierarchyLvlTypeId="8" Intrnl_Id="68" Name="testcase4">
<Header>
<Loc EndOffset="2793" SrcFileId="1" StartOffset="2763"/>
</Header>
<LocList>
<Loc EndOffset="3174" SrcFileId="1" StartOffset="2763"/>
</LocList>
<StmntSeq Intrnl_Id="69">
<LocList>
<Loc EndOffset="2843" SrcFileId="1" StartOffset="2819"/>
<Loc EndOffset="2898" SrcFileId="1" StartOffset="2846"/>
<Loc EndOffset="2926" SrcFileId="1" StartOffset="2901"/>
<Loc EndOffset="2996" SrcFileId="1" StartOffset="2929"/>
<Loc EndOffset="3018" SrcFileId="1" StartOffset="2999"/>
<Loc EndOffset="3089" SrcFileId="1" StartOffset="3021"/>
<Loc EndOffset="3110" SrcFileId="1" StartOffset="3092"/>
<Loc EndOffset="3171" SrcFileId="1" StartOffset="3123"/>
</LocList>
<BasicStmnt CovItemId="S46" CovItemPrefix="test.BillTest.java" Intrnl_Id="70">
<LocList>
<Loc EndOffset="2843" SrcFileId="1" StartOffset="2819"/>
</LocList>
</BasicStmnt>
<BasicStmnt CovItemId="S47" CovItemPrefix="test.BillTest.java" Intrnl_Id="71">
<LocList>
<Loc EndOffset="2898" SrcFileId="1" StartOffset="2846"/>
</LocList>
</BasicStmnt>
<BasicStmnt CovItemId="S48" CovItemPrefix="test.BillTest.java" Intrnl_Id="72">
<LocList>
<Loc EndOffset="2926" SrcFileId="1" StartOffset="2901"/>
</LocList>
</BasicStmnt>
<BasicStmnt CovItemId="S49" CovItemPrefix="test.BillTest.java" Intrnl_Id="73">
<LocList>
<Loc EndOffset="2996" SrcFileId="1" StartOffset="2929"/>
</LocList>
</BasicStmnt>
<BasicStmnt CovItemId="S50" CovItemPrefix="test.BillTest.java" Intrnl_Id="74">
<LocList>
<Loc EndOffset="3018" SrcFileId="1" StartOffset="2999"/>
</LocList>
</BasicStmnt>
<BasicStmnt CovItemId="S51" CovItemPrefix="test.BillTest.java" Intrnl_Id="75">
<LocList>
<Loc EndOffset="3089" SrcFileId="1" StartOffset="3021"/>
</LocList>
</BasicStmnt>
<BasicStmnt CovItemId="S52" CovItemPrefix="test.BillTest.java" Intrnl_Id="76">
<LocList>
<Loc EndOffset="3110" SrcFileId="1" StartOffset="3092"/>
</LocList>
</BasicStmnt>
<BasicStmnt CovItemId="S53" CovItemPrefix="test.BillTest.java" Intrnl_Id="77">
<LocList>
<Loc EndOffset="3171" SrcFileId="1" StartOffset="3123"/>
</LocList>
</BasicStmnt>
</StmntSeq>
</HierarchyLvl>
<HierarchyLvl HierarchyLvlId="265" HierarchyLvlTypeId="8" Intrnl_Id="78" Name="testcase5">
<Header>
<Loc EndOffset="3208" SrcFileId="1" StartOffset="3178"/>
</Header>
<LocList>
<Loc EndOffset="3680" SrcFileId="1" StartOffset="3178"/>
</LocList>
<StmntSeq Intrnl_Id="79">
<LocList>
<Loc EndOffset="3258" SrcFileId="1" StartOffset="3234"/>
<Loc EndOffset="3313" SrcFileId="1" StartOffset="3261"/>
<Loc EndOffset="3341" SrcFileId="1" StartOffset="3316"/>
<Loc EndOffset="3411" SrcFileId="1" StartOffset="3344"/>
<Loc EndOffset="3433" SrcFileId="1" StartOffset="3414"/>
<Loc EndOffset="3504" SrcFileId="1" StartOffset="3436"/>
<Loc EndOffset="3526" SrcFileId="1" StartOffset="3507"/>
<Loc EndOffset="3606" SrcFileId="1" StartOffset="3529"/>
<Loc EndOffset="3626" SrcFileId="1" StartOffset="3609"/>
<Loc EndOffset="3677" SrcFileId="1" StartOffset="3629"/>
</LocList>
<BasicStmnt CovItemId="S54" CovItemPrefix="test.BillTest.java" Intrnl_Id="80">
<LocList>
<Loc EndOffset="3258" SrcFileId="1" StartOffset="3234"/>
</LocList>
</BasicStmnt>
<BasicStmnt CovItemId="S55" CovItemPrefix="test.BillTest.java" Intrnl_Id="81">
<LocList>
<Loc EndOffset="3313" SrcFileId="1" StartOffset="3261"/>
</LocList>
</BasicStmnt>
<BasicStmnt CovItemId="S56" CovItemPrefix="test.BillTest.java" Intrnl_Id="82">
<LocList>
<Loc EndOffset="3341" SrcFileId="1" StartOffset="3316"/>
</LocList>
</BasicStmnt>
<BasicStmnt CovItemId="S57" CovItemPrefix="test.BillTest.java" Intrnl_Id="83">
<LocList>
<Loc EndOffset="3411" SrcFileId="1" StartOffset="3344"/>
</LocList>
</BasicStmnt>
<BasicStmnt CovItemId="S58" CovItemPrefix="test.BillTest.java" Intrnl_Id="84">
<LocList>
<Loc EndOffset="3433" SrcFileId="1" StartOffset="3414"/>
</LocList>
</BasicStmnt>
<BasicStmnt CovItemId="S59" CovItemPrefix="test.BillTest.java" Intrnl_Id="85">
<LocList>
<Loc EndOffset="3504" SrcFileId="1" StartOffset="3436"/>
</LocList>
</BasicStmnt>
<BasicStmnt CovItemId="S60" CovItemPrefix="test.BillTest.java" Intrnl_Id="86">
<LocList>
<Loc EndOffset="3526" SrcFileId="1" StartOffset="3507"/>
</LocList>
</BasicStmnt>
<BasicStmnt CovItemId="S61" CovItemPrefix="test.BillTest.java" Intrnl_Id="87">
<LocList>
<Loc EndOffset="3606" SrcFileId="1" StartOffset="3529"/>
</LocList>
</BasicStmnt>
<BasicStmnt CovItemId="S62" CovItemPrefix="test.BillTest.java" Intrnl_Id="88">
<LocList>
<Loc EndOffset="3626" SrcFileId="1" StartOffset="3609"/>
</LocList>
</BasicStmnt>
<BasicStmnt CovItemId="S63" CovItemPrefix="test.BillTest.java" Intrnl_Id="89">
<LocList>
<Loc EndOffset="3677" SrcFileId="1" StartOffset="3629"/>
</LocList>
</BasicStmnt>
</StmntSeq>
</HierarchyLvl>
<HierarchyLvl HierarchyLvlId="266" HierarchyLvlTypeId="8" Intrnl_Id="90" Name="testcase6">
<Header>
<Loc EndOffset="3714" SrcFileId="1" StartOffset="3684"/>
</Header>
<LocList>
<Loc EndOffset="4197" SrcFileId="1" StartOffset="3684"/>
</LocList>
<StmntSeq Intrnl_Id="91">
<LocList>
<Loc EndOffset="3764" SrcFileId="1" StartOffset="3740"/>
<Loc EndOffset="3819" SrcFileId="1" StartOffset="3767"/>
<Loc EndOffset="3847" SrcFileId="1" StartOffset="3822"/>
<Loc EndOffset="3917" SrcFileId="1" StartOffset="3850"/>
<Loc EndOffset="3939" SrcFileId="1" StartOffset="3920"/>
<Loc EndOffset="4010" SrcFileId="1" StartOffset="3942"/>
<Loc EndOffset="4032" SrcFileId="1" StartOffset="4013"/>
<Loc EndOffset="4112" SrcFileId="1" StartOffset="4035"/>
<Loc EndOffset="4133" SrcFileId="1" StartOffset="4115"/>
<Loc EndOffset="4194" SrcFileId="1" StartOffset="4146"/>
</LocList>
<BasicStmnt CovItemId="S64" CovItemPrefix="test.BillTest.java" Intrnl_Id="92">
<LocList>
<Loc EndOffset="3764" SrcFileId="1" StartOffset="3740"/>
</LocList>
</BasicStmnt>
<BasicStmnt CovItemId="S65" CovItemPrefix="test.BillTest.java" Intrnl_Id="93">
<LocList>
<Loc EndOffset="3819" SrcFileId="1" StartOffset="3767"/>
</LocList>
</BasicStmnt>
<BasicStmnt CovItemId="S66" CovItemPrefix="test.BillTest.java" Intrnl_Id="94">
<LocList>
<Loc EndOffset="3847" SrcFileId="1" StartOffset="3822"/>
</LocList>
</BasicStmnt>
<BasicStmnt CovItemId="S67" CovItemPrefix="test.BillTest.java" Intrnl_Id="95">
<LocList>
<Loc EndOffset="3917" SrcFileId="1" StartOffset="3850"/>
</LocList>
</BasicStmnt>
<BasicStmnt CovItemId="S68" CovItemPrefix="test.BillTest.java" Intrnl_Id="96">
<LocList>
<Loc EndOffset="3939" SrcFileId="1" StartOffset="3920"/>
</LocList>
</BasicStmnt>
<BasicStmnt CovItemId="S69" CovItemPrefix="test.BillTest.java" Intrnl_Id="97">
<LocList>
<Loc EndOffset="4010" SrcFileId="1" StartOffset="3942"/>
</LocList>
</BasicStmnt>
<BasicStmnt CovItemId="S70" CovItemPrefix="test.BillTest.java" Intrnl_Id="98">
<LocList>
<Loc EndOffset="4032" SrcFileId="1" StartOffset="4013"/>
</LocList>
</BasicStmnt>
<BasicStmnt CovItemId="S71" CovItemPrefix="test.BillTest.java" Intrnl_Id="99">
<LocList>
<Loc EndOffset="4112" SrcFileId="1" StartOffset="4035"/>
</LocList>
</BasicStmnt>
<BasicStmnt CovItemId="S72" CovItemPrefix="test.BillTest.java" Intrnl_Id="100">
<LocList>
<Loc EndOffset="4133" SrcFileId="1" StartOffset="4115"/>
</LocList>
</BasicStmnt>
<BasicStmnt CovItemId="S73" CovItemPrefix="test.BillTest.java" Intrnl_Id="101">
<LocList>
<Loc EndOffset="4194" SrcFileId="1" StartOffset="4146"/>
</LocList>
</BasicStmnt>
</StmntSeq>
</HierarchyLvl>
<HierarchyLvl HierarchyLvlId="267" HierarchyLvlTypeId="8" Intrnl_Id="102" Name="testcase7">
<Header>
<Loc EndOffset="4231" SrcFileId="1" StartOffset="4201"/>
</Header>
<LocList>
<Loc EndOffset="4795" SrcFileId="1" StartOffset="4201"/>
</LocList>
<StmntSeq Intrnl_Id="103">
<LocList>
<Loc EndOffset="4281" SrcFileId="1" StartOffset="4257"/>
<Loc EndOffset="4336" SrcFileId="1" StartOffset="4284"/>
<Loc EndOffset="4364" SrcFileId="1" StartOffset="4339"/>
<Loc EndOffset="4434" SrcFileId="1" StartOffset="4367"/>
<Loc EndOffset="4456" SrcFileId="1" StartOffset="4437"/>
<Loc EndOffset="4527" SrcFileId="1" StartOffset="4459"/>
<Loc EndOffset="4549" SrcFileId="1" StartOffset="4530"/>
<Loc EndOffset="4629" SrcFileId="1" StartOffset="4552"/>
<Loc EndOffset="4651" SrcFileId="1" StartOffset="4632"/>
<Loc EndOffset="4721" SrcFileId="1" StartOffset="4654"/>
<Loc EndOffset="4741" SrcFileId="1" StartOffset="4724"/>
<Loc EndOffset="4792" SrcFileId="1" StartOffset="4744"/>
</LocList>
<BasicStmnt CovItemId="S74" CovItemPrefix="test.BillTest.java" Intrnl_Id="104">
<LocList>
<Loc EndOffset="4281" SrcFileId="1" StartOffset="4257"/>
</LocList>
</BasicStmnt>
<BasicStmnt CovItemId="S75" CovItemPrefix="test.BillTest.java" Intrnl_Id="105">
<LocList>
<Loc EndOffset="4336" SrcFileId="1" StartOffset="4284"/>
</LocList>
</BasicStmnt>
<BasicStmnt CovItemId="S76" CovItemPrefix="test.BillTest.java" Intrnl_Id="106">
<LocList>
<Loc EndOffset="4364" SrcFileId="1" StartOffset="4339"/>
</LocList>
</BasicStmnt>
<BasicStmnt CovItemId="S77" CovItemPrefix="test.BillTest.java" Intrnl_Id="107">
<LocList>
<Loc EndOffset="4434" SrcFileId="1" StartOffset="4367"/>
</LocList>
</BasicStmnt>
<BasicStmnt CovItemId="S78" CovItemPrefix="test.BillTest.java" Intrnl_Id="108">
<LocList>
<Loc EndOffset="4456" SrcFileId="1" StartOffset="4437"/>
</LocList>
</BasicStmnt>
<BasicStmnt CovItemId="S79" CovItemPrefix="test.BillTest.java" Intrnl_Id="109">
<LocList>
<Loc EndOffset="4527" SrcFileId="1" StartOffset="4459"/>
</LocList>
</BasicStmnt>
<BasicStmnt CovItemId="S80" CovItemPrefix="test.BillTest.java" Intrnl_Id="110">
<LocList>
<Loc EndOffset="4549" SrcFileId="1" StartOffset="4530"/>
</LocList>
</BasicStmnt>
<BasicStmnt CovItemId="S81" CovItemPrefix="test.BillTest.java" Intrnl_Id="111">
<LocList>
<Loc EndOffset="4629" SrcFileId="1" StartOffset="4552"/>
</LocList>
</BasicStmnt>
<BasicStmnt CovItemId="S82" CovItemPrefix="test.BillTest.java" Intrnl_Id="112">
<LocList>
<Loc EndOffset="4651" SrcFileId="1" StartOffset="4632"/>
</LocList>
</BasicStmnt>
<BasicStmnt CovItemId="S83" CovItemPrefix="test.BillTest.java" Intrnl_Id="113">
<LocList>
<Loc EndOffset="4721" SrcFileId="1" StartOffset="4654"/>
</LocList>
</BasicStmnt>
<BasicStmnt CovItemId="S84" CovItemPrefix="test.BillTest.java" Intrnl_Id="114">
<LocList>
<Loc EndOffset="4741" SrcFileId="1" StartOffset="4724"/>
</LocList>
</BasicStmnt>
<BasicStmnt CovItemId="S85" CovItemPrefix="test.BillTest.java" Intrnl_Id="115">
<LocList>
<Loc EndOffset="4792" SrcFileId="1" StartOffset="4744"/>
</LocList>
</BasicStmnt>
</StmntSeq>
</HierarchyLvl>
<HierarchyLvl HierarchyLvlId="268" HierarchyLvlTypeId="8" Intrnl_Id="116" Name="testcase8">
<Header>
<Loc EndOffset="4829" SrcFileId="1" StartOffset="4799"/>
</Header>
<LocList>
<Loc EndOffset="5404" SrcFileId="1" StartOffset="4799"/>
</LocList>
<StmntSeq Intrnl_Id="117">
<LocList>
<Loc EndOffset="4879" SrcFileId="1" StartOffset="4855"/>
<Loc EndOffset="4934" SrcFileId="1" StartOffset="4882"/>
<Loc EndOffset="4962" SrcFileId="1" StartOffset="4937"/>
<Loc EndOffset="5032" SrcFileId="1" StartOffset="4965"/>
<Loc EndOffset="5054" SrcFileId="1" StartOffset="5035"/>
<Loc EndOffset="5125" SrcFileId="1" StartOffset="5057"/>
<Loc EndOffset="5147" SrcFileId="1" StartOffset="5128"/>
<Loc EndOffset="5227" SrcFileId="1" StartOffset="5150"/>
<Loc EndOffset="5249" SrcFileId="1" StartOffset="5230"/>
<Loc EndOffset="5319" SrcFileId="1" StartOffset="5252"/>
<Loc EndOffset="5340" SrcFileId="1" StartOffset="5322"/>
<Loc EndOffset="5401" SrcFileId="1" StartOffset="5353"/>
</LocList>
<BasicStmnt CovItemId="S86" CovItemPrefix="test.BillTest.java" Intrnl_Id="118">
<LocList>
<Loc EndOffset="4879" SrcFileId="1" StartOffset="4855"/>
</LocList>
</BasicStmnt>
<BasicStmnt CovItemId="S87" CovItemPrefix="test.BillTest.java" Intrnl_Id="119">
<LocList>
<Loc EndOffset="4934" SrcFileId="1" StartOffset="4882"/>
</LocList>
</BasicStmnt>
<BasicStmnt CovItemId="S88" CovItemPrefix="test.BillTest.java" Intrnl_Id="120">
<LocList>
<Loc EndOffset="4962" SrcFileId="1" StartOffset="4937"/>
</LocList>
</BasicStmnt>
<BasicStmnt CovItemId="S89" CovItemPrefix="test.BillTest.java" Intrnl_Id="121">
<LocList>
<Loc EndOffset="5032" SrcFileId="1" StartOffset="4965"/>
</LocList>
</BasicStmnt>
<BasicStmnt CovItemId="S90" CovItemPrefix="test.BillTest.java" Intrnl_Id="122">
<LocList>
<Loc EndOffset="5054" SrcFileId="1" StartOffset="5035"/>
</LocList>
</BasicStmnt>
<BasicStmnt CovItemId="S91" CovItemPrefix="test.BillTest.java" Intrnl_Id="123">
<LocList>
<Loc EndOffset="5125" SrcFileId="1" StartOffset="5057"/>
</LocList>
</BasicStmnt>
<BasicStmnt CovItemId="S92" CovItemPrefix="test.BillTest.java" Intrnl_Id="124">
<LocList>
<Loc EndOffset="5147" SrcFileId="1" StartOffset="5128"/>
</LocList>
</BasicStmnt>
<BasicStmnt CovItemId="S93" CovItemPrefix="test.BillTest.java" Intrnl_Id="125">
<LocList>
<Loc EndOffset="5227" SrcFileId="1" StartOffset="5150"/>
</LocList>
</BasicStmnt>
<BasicStmnt CovItemId="S94" CovItemPrefix="test.BillTest.java" Intrnl_Id="126">
<LocList>
<Loc EndOffset="5249" SrcFileId="1" StartOffset="5230"/>
</LocList>
</BasicStmnt>
<BasicStmnt CovItemId="S95" CovItemPrefix="test.BillTest.java" Intrnl_Id="127">
<LocList>
<Loc EndOffset="5319" SrcFileId="1" StartOffset="5252"/>
</LocList>
</BasicStmnt>
<BasicStmnt CovItemId="S96" CovItemPrefix="test.BillTest.java" Intrnl_Id="128">
<LocList>
<Loc EndOffset="5340" SrcFileId="1" StartOffset="5322"/>
</LocList>
</BasicStmnt>
<BasicStmnt CovItemId="S97" CovItemPrefix="test.BillTest.java" Intrnl_Id="129">
<LocList>
<Loc EndOffset="5401" SrcFileId="1" StartOffset="5353"/>
</LocList>
</BasicStmnt>
</StmntSeq>
</HierarchyLvl>
<HierarchyLvl HierarchyLvlId="269" HierarchyLvlTypeId="8" Intrnl_Id="130" Name="testcase9">
<Header>
<Loc EndOffset="5438" SrcFileId="1" StartOffset="5408"/>
</Header>
<LocList>
<Loc EndOffset="6016" SrcFileId="1" StartOffset="5408"/>
</LocList>
<StmntSeq Intrnl_Id="131">
<LocList>
<Loc EndOffset="5488" SrcFileId="1" StartOffset="5464"/>
<Loc EndOffset="5543" SrcFileId="1" StartOffset="5491"/>
<Loc EndOffset="5571" SrcFileId="1" StartOffset="5546"/>
<Loc EndOffset="5641" SrcFileId="1" StartOffset="5574"/>
<Loc EndOffset="5663" SrcFileId="1" StartOffset="5644"/>
<Loc EndOffset="5734" SrcFileId="1" StartOffset="5666"/>
<Loc EndOffset="5756" SrcFileId="1" StartOffset="5737"/>
<Loc EndOffset="5836" SrcFileId="1" StartOffset="5759"/>
<Loc EndOffset="5858" SrcFileId="1" StartOffset="5839"/>
<Loc EndOffset="5928" SrcFileId="1" StartOffset="5861"/>
<Loc EndOffset="5950" SrcFileId="1" StartOffset="5931"/>
<Loc EndOffset="6013" SrcFileId="1" StartOffset="5953"/>
</LocList>
<BasicStmnt CovItemId="S98" CovItemPrefix="test.BillTest.java" Intrnl_Id="132">
<LocList>
<Loc EndOffset="5488" SrcFileId="1" StartOffset="5464"/>
</LocList>
</BasicStmnt>
<BasicStmnt CovItemId="S99" CovItemPrefix="test.BillTest.java" Intrnl_Id="133">
<LocList>
<Loc EndOffset="5543" SrcFileId="1" StartOffset="5491"/>
</LocList>
</BasicStmnt>
<BasicStmnt CovItemId="S100" CovItemPrefix="test.BillTest.java" Intrnl_Id="134">
<LocList>
<Loc EndOffset="5571" SrcFileId="1" StartOffset="5546"/>
</LocList>
</BasicStmnt>
<BasicStmnt CovItemId="S101" CovItemPrefix="test.BillTest.java" Intrnl_Id="135">
<LocList>
<Loc EndOffset="5641" SrcFileId="1" StartOffset="5574"/>
</LocList>
</BasicStmnt>
<BasicStmnt CovItemId="S102" CovItemPrefix="test.BillTest.java" Intrnl_Id="136">
<LocList>
<Loc EndOffset="5663" SrcFileId="1" StartOffset="5644"/>
</LocList>
</BasicStmnt>
<BasicStmnt CovItemId="S103" CovItemPrefix="test.BillTest.java" Intrnl_Id="137">
<LocList>
<Loc EndOffset="5734" SrcFileId="1" StartOffset="5666"/>
</LocList>
</BasicStmnt>
<BasicStmnt CovItemId="S104" CovItemPrefix="test.BillTest.java" Intrnl_Id="138">
<LocList>
<Loc EndOffset="5756" SrcFileId="1" StartOffset="5737"/>
</LocList>
</BasicStmnt>
<BasicStmnt CovItemId="S105" CovItemPrefix="test.BillTest.java" Intrnl_Id="139">
<LocList>
<Loc EndOffset="5836" SrcFileId="1" StartOffset="5759"/>
</LocList>
</BasicStmnt>
<BasicStmnt CovItemId="S106" CovItemPrefix="test.BillTest.java" Intrnl_Id="140">
<LocList>
<Loc EndOffset="5858" SrcFileId="1" StartOffset="5839"/>
</LocList>
</BasicStmnt>
<BasicStmnt CovItemId="S107" CovItemPrefix="test.BillTest.java" Intrnl_Id="141">
<LocList>
<Loc EndOffset="5928" SrcFileId="1" StartOffset="5861"/>
</LocList>
</BasicStmnt>
<BasicStmnt CovItemId="S108" CovItemPrefix="test.BillTest.java" Intrnl_Id="142">
<LocList>
<Loc EndOffset="5950" SrcFileId="1" StartOffset="5931"/>
</LocList>
</BasicStmnt>
<BasicStmnt CovItemId="S109" CovItemPrefix="test.BillTest.java" Intrnl_Id="143">
<LocList>
<Loc EndOffset="6013" SrcFileId="1" StartOffset="5953"/>
</LocList>
</BasicStmnt>
</StmntSeq>
</HierarchyLvl>
<HierarchyLvl HierarchyLvlId="270" HierarchyLvlTypeId="8" Intrnl_Id="144" Name="testcase10">
<Header>
<Loc EndOffset="6051" SrcFileId="1" StartOffset="6020"/>
</Header>
<LocList>
<Loc EndOffset="6749" SrcFileId="1" StartOffset="6020"/>
</LocList>
<StmntSeq Intrnl_Id="145">
<LocList>
<Loc EndOffset="6101" SrcFileId="1" StartOffset="6077"/>
<Loc EndOffset="6133" SrcFileId="1" StartOffset="6104"/>
<Loc EndOffset="6188" SrcFileId="1" StartOffset="6136"/>
<Loc EndOffset="6216" SrcFileId="1" StartOffset="6191"/>
<Loc EndOffset="6286" SrcFileId="1" StartOffset="6219"/>
<Loc EndOffset="6308" SrcFileId="1" StartOffset="6289"/>
<Loc EndOffset="6379" SrcFileId="1" StartOffset="6311"/>
<Loc EndOffset="6401" SrcFileId="1" StartOffset="6382"/>
<Loc EndOffset="6481" SrcFileId="1" StartOffset="6404"/>
<Loc EndOffset="6503" SrcFileId="1" StartOffset="6484"/>
<Loc EndOffset="6573" SrcFileId="1" StartOffset="6506"/>
<Loc EndOffset="6595" SrcFileId="1" StartOffset="6576"/>
<Loc EndOffset="6666" SrcFileId="1" StartOffset="6608"/>
<Loc EndOffset="6689" SrcFileId="1" StartOffset="6669"/>
<Loc EndOffset="6746" SrcFileId="1" StartOffset="6692"/>
</LocList>
<BasicStmnt CovItemId="S110" CovItemPrefix="test.BillTest.java" Intrnl_Id="146">
<LocList>
<Loc EndOffset="6101" SrcFileId="1" StartOffset="6077"/>
</LocList>
</BasicStmnt>
<BasicStmnt CovItemId="S111" CovItemPrefix="test.BillTest.java" Intrnl_Id="147">
<LocList>
<Loc EndOffset="6133" SrcFileId="1" StartOffset="6104"/>
</LocList>
</BasicStmnt>
<BasicStmnt CovItemId="S112" CovItemPrefix="test.BillTest.java" Intrnl_Id="148">
<LocList>
<Loc EndOffset="6188" SrcFileId="1" StartOffset="6136"/>
</LocList>
</BasicStmnt>
<BasicStmnt CovItemId="S113" CovItemPrefix="test.BillTest.java" Intrnl_Id="149">
<LocList>
<Loc EndOffset="6216" SrcFileId="1" StartOffset="6191"/>
</LocList>
</BasicStmnt>
<BasicStmnt CovItemId="S114" CovItemPrefix="test.BillTest.java" Intrnl_Id="150">
<LocList>
<Loc EndOffset="6286" SrcFileId="1" StartOffset="6219"/>
</LocList>
</BasicStmnt>
<BasicStmnt CovItemId="S115" CovItemPrefix="test.BillTest.java" Intrnl_Id="151">
<LocList>
<Loc EndOffset="6308" SrcFileId="1" StartOffset="6289"/>
</LocList>
</BasicStmnt>
<BasicStmnt CovItemId="S116" CovItemPrefix="test.BillTest.java" Intrnl_Id="152">
<LocList>
<Loc EndOffset="6379" SrcFileId="1" StartOffset="6311"/>
</LocList>
</BasicStmnt>
<BasicStmnt CovItemId="S117" CovItemPrefix="test.BillTest.java" Intrnl_Id="153">
<LocList>
<Loc EndOffset="6401" SrcFileId="1" StartOffset="6382"/>
</LocList>
</BasicStmnt>
<BasicStmnt CovItemId="S118" CovItemPrefix="test.BillTest.java" Intrnl_Id="154">
<LocList>
<Loc EndOffset="6481" SrcFileId="1" StartOffset="6404"/>
</LocList>
</BasicStmnt>
<BasicStmnt CovItemId="S119" CovItemPrefix="test.BillTest.java" Intrnl_Id="155">
<LocList>
<Loc EndOffset="6503" SrcFileId="1" StartOffset="6484"/>
</LocList>
</BasicStmnt>
<BasicStmnt CovItemId="S120" CovItemPrefix="test.BillTest.java" Intrnl_Id="156">
<LocList>
<Loc EndOffset="6573" SrcFileId="1" StartOffset="6506"/>
</LocList>
</BasicStmnt>
<BasicStmnt CovItemId="S121" CovItemPrefix="test.BillTest.java" Intrnl_Id="157">
<LocList>
<Loc EndOffset="6595" SrcFileId="1" StartOffset="6576"/>
</LocList>
</BasicStmnt>
<BasicStmnt CovItemId="S122" CovItemPrefix="test.BillTest.java" Intrnl_Id="158">
<LocList>
<Loc EndOffset="6666" SrcFileId="1" StartOffset="6608"/>
</LocList>
</BasicStmnt>
<BasicStmnt CovItemId="S123" CovItemPrefix="test.BillTest.java" Intrnl_Id="159">
<LocList>
<Loc EndOffset="6689" SrcFileId="1" StartOffset="6669"/>
</LocList>
</BasicStmnt>
<BasicStmnt CovItemId="S124" CovItemPrefix="test.BillTest.java" Intrnl_Id="160">
<LocList>
<Loc EndOffset="6746" SrcFileId="1" StartOffset="6692"/>
</LocList>
</BasicStmnt>
</StmntSeq>
</HierarchyLvl>
<HierarchyLvl HierarchyLvlId="271" HierarchyLvlTypeId="8" Intrnl_Id="161" Name="testcase11">
<Header>
<Loc EndOffset="6784" SrcFileId="1" StartOffset="6753"/>
</Header>
<LocList>
<Loc EndOffset="7055" SrcFileId="1" StartOffset="6753"/>
</LocList>
<StmntSeq Intrnl_Id="162">
<LocList>
<Loc EndOffset="6834" SrcFileId="1" StartOffset="6810"/>
<Loc EndOffset="6889" SrcFileId="1" StartOffset="6837"/>
<Loc EndOffset="6918" SrcFileId="1" StartOffset="6892"/>
<Loc EndOffset="6981" SrcFileId="1" StartOffset="6921"/>
<Loc EndOffset="7001" SrcFileId="1" StartOffset="6984"/>
<Loc EndOffset="7052" SrcFileId="1" StartOffset="7004"/>
</LocList>
<BasicStmnt CovItemId="S125" CovItemPrefix="test.BillTest.java" Intrnl_Id="163">
<LocList>
<Loc EndOffset="6834" SrcFileId="1" StartOffset="6810"/>
</LocList>
</BasicStmnt>
<BasicStmnt CovItemId="S126" CovItemPrefix="test.BillTest.java" Intrnl_Id="164">
<LocList>
<Loc EndOffset="6889" SrcFileId="1" StartOffset="6837"/>
</LocList>
</BasicStmnt>
<BasicStmnt CovItemId="S127" CovItemPrefix="test.BillTest.java" Intrnl_Id="165">
<LocList>
<Loc EndOffset="6918" SrcFileId="1" StartOffset="6892"/>
</LocList>
</BasicStmnt>
<BasicStmnt CovItemId="S128" CovItemPrefix="test.BillTest.java" Intrnl_Id="166">
<LocList>
<Loc EndOffset="6981" SrcFileId="1" StartOffset="6921"/>
</LocList>
</BasicStmnt>
<BasicStmnt CovItemId="S129" CovItemPrefix="test.BillTest.java" Intrnl_Id="167">
<LocList>
<Loc EndOffset="7001" SrcFileId="1" StartOffset="6984"/>
</LocList>
</BasicStmnt>
<BasicStmnt CovItemId="S130" CovItemPrefix="test.BillTest.java" Intrnl_Id="168">
<LocList>
<Loc EndOffset="7052" SrcFileId="1" StartOffset="7004"/>
</LocList>
</BasicStmnt>
</StmntSeq>
</HierarchyLvl>
<HierarchyLvl HierarchyLvlId="272" HierarchyLvlTypeId="8" Intrnl_Id="169" Name="testcase12">
<Header>
<Loc EndOffset="7090" SrcFileId="1" StartOffset="7059"/>
</Header>
<LocList>
<Loc EndOffset="7362" SrcFileId="1" StartOffset="7059"/>
</LocList>
<StmntSeq Intrnl_Id="170">
<LocList>
<Loc EndOffset="7140" SrcFileId="1" StartOffset="7116"/>
<Loc EndOffset="7195" SrcFileId="1" StartOffset="7143"/>
<Loc EndOffset="7224" SrcFileId="1" StartOffset="7198"/>
<Loc EndOffset="7287" SrcFileId="1" StartOffset="7227"/>
<Loc EndOffset="7308" SrcFileId="1" StartOffset="7290"/>
<Loc EndOffset="7359" SrcFileId="1" StartOffset="7311"/>
</LocList>
<BasicStmnt CovItemId="S131" CovItemPrefix="test.BillTest.java" Intrnl_Id="171">
<LocList>
<Loc EndOffset="7140" SrcFileId="1" StartOffset="7116"/>
</LocList>
</BasicStmnt>
<BasicStmnt CovItemId="S132" CovItemPrefix="test.BillTest.java" Intrnl_Id="172">
<LocList>
<Loc EndOffset="7195" SrcFileId="1" StartOffset="7143"/>
</LocList>
</BasicStmnt>
<BasicStmnt CovItemId="S133" CovItemPrefix="test.BillTest.java" Intrnl_Id="173">
<LocList>
<Loc EndOffset="7224" SrcFileId="1" StartOffset="7198"/>
</LocList>
</BasicStmnt>
<BasicStmnt CovItemId="S134" CovItemPrefix="test.BillTest.java" Intrnl_Id="174">
<LocList>
<Loc EndOffset="7287" SrcFileId="1" StartOffset="7227"/>
</LocList>
</BasicStmnt>
<BasicStmnt CovItemId="S135" CovItemPrefix="test.BillTest.java" Intrnl_Id="175">
<LocList>
<Loc EndOffset="7308" SrcFileId="1" StartOffset="7290"/>
</LocList>
</BasicStmnt>
<BasicStmnt CovItemId="S136" CovItemPrefix="test.BillTest.java" Intrnl_Id="176">
<LocList>
<Loc EndOffset="7359" SrcFileId="1" StartOffset="7311"/>
</LocList>
</BasicStmnt>
</StmntSeq>
</HierarchyLvl>
<HierarchyLvl HierarchyLvlId="273" HierarchyLvlTypeId="8" Intrnl_Id="177" Name="testcase13">
<Header>
<Loc EndOffset="7397" SrcFileId="1" StartOffset="7366"/>
</Header>
<LocList>
<Loc EndOffset="7754" SrcFileId="1" StartOffset="7366"/>
</LocList>
<StmntSeq Intrnl_Id="178">
<LocList>
<Loc EndOffset="7447" SrcFileId="1" StartOffset="7423"/>
<Loc EndOffset="7502" SrcFileId="1" StartOffset="7450"/>
<Loc EndOffset="7531" SrcFileId="1" StartOffset="7505"/>
<Loc EndOffset="7594" SrcFileId="1" StartOffset="7534"/>
<Loc EndOffset="7616" SrcFileId="1" StartOffset="7597"/>
<Loc EndOffset="7680" SrcFileId="1" StartOffset="7619"/>
<Loc EndOffset="7700" SrcFileId="1" StartOffset="7683"/>
<Loc EndOffset="7751" SrcFileId="1" StartOffset="7703"/>
</LocList>
<BasicStmnt CovItemId="S137" CovItemPrefix="test.BillTest.java" Intrnl_Id="179">
<LocList>
<Loc EndOffset="7447" SrcFileId="1" StartOffset="7423"/>
</LocList>
</BasicStmnt>
<BasicStmnt CovItemId="S138" CovItemPrefix="test.BillTest.java" Intrnl_Id="180">
<LocList>
<Loc EndOffset="7502" SrcFileId="1" StartOffset="7450"/>
</LocList>
</BasicStmnt>
<BasicStmnt CovItemId="S139" CovItemPrefix="test.BillTest.java" Intrnl_Id="181">
<LocList>
<Loc EndOffset="7531" SrcFileId="1" StartOffset="7505"/>
</LocList>
</BasicStmnt>
<BasicStmnt CovItemId="S140" CovItemPrefix="test.BillTest.java" Intrnl_Id="182">
<LocList>
<Loc EndOffset="7594" SrcFileId="1" StartOffset="7534"/>
</LocList>
</BasicStmnt>
<BasicStmnt CovItemId="S141" CovItemPrefix="test.BillTest.java" Intrnl_Id="183">
<LocList>
<Loc EndOffset="7616" SrcFileId="1" StartOffset="7597"/>
</LocList>
</BasicStmnt>
<BasicStmnt CovItemId="S142" CovItemPrefix="test.BillTest.java" Intrnl_Id="184">
<LocList>
<Loc EndOffset="7680" SrcFileId="1" StartOffset="7619"/>
</LocList>
</BasicStmnt>
<BasicStmnt CovItemId="S143" CovItemPrefix="test.BillTest.java" Intrnl_Id="185">
<LocList>
<Loc EndOffset="7700" SrcFileId="1" StartOffset="7683"/>
</LocList>
</BasicStmnt>
<BasicStmnt CovItemId="S144" CovItemPrefix="test.BillTest.java" Intrnl_Id="186">
<LocList>
<Loc EndOffset="7751" SrcFileId="1" StartOffset="7703"/>
</LocList>
</BasicStmnt>
</StmntSeq>
</HierarchyLvl>
<HierarchyLvl HierarchyLvlId="274" HierarchyLvlTypeId="8" Intrnl_Id="187" Name="testcase14">
<Header>
<Loc EndOffset="7789" SrcFileId="1" StartOffset="7758"/>
</Header>
<LocList>
<Loc EndOffset="8147" SrcFileId="1" StartOffset="7758"/>
</LocList>
<StmntSeq Intrnl_Id="188">
<LocList>
<Loc EndOffset="7839" SrcFileId="1" StartOffset="7815"/>
<Loc EndOffset="7894" SrcFileId="1" StartOffset="7842"/>
<Loc EndOffset="7923" SrcFileId="1" StartOffset="7897"/>
<Loc EndOffset="7986" SrcFileId="1" StartOffset="7926"/>
<Loc EndOffset="8008" SrcFileId="1" StartOffset="7989"/>
<Loc EndOffset="8072" SrcFileId="1" StartOffset="8011"/>
<Loc EndOffset="8093" SrcFileId="1" StartOffset="8075"/>
<Loc EndOffset="8144" SrcFileId="1" StartOffset="8096"/>
</LocList>
<BasicStmnt CovItemId="S145" CovItemPrefix="test.BillTest.java" Intrnl_Id="189">
<LocList>
<Loc EndOffset="7839" SrcFileId="1" StartOffset="7815"/>
</LocList>
</BasicStmnt>
<BasicStmnt CovItemId="S146" CovItemPrefix="test.BillTest.java" Intrnl_Id="190">
<LocList>
<Loc EndOffset="7894" SrcFileId="1" StartOffset="7842"/>
</LocList>
</BasicStmnt>
<BasicStmnt CovItemId="S147" CovItemPrefix="test.BillTest.java" Intrnl_Id="191">
<LocList>
<Loc EndOffset="7923" SrcFileId="1" StartOffset="7897"/>
</LocList>
</BasicStmnt>
<BasicStmnt CovItemId="S148" CovItemPrefix="test.BillTest.java" Intrnl_Id="192">
<LocList>
<Loc EndOffset="7986" SrcFileId="1" StartOffset="7926"/>
</LocList>
</BasicStmnt>
<BasicStmnt CovItemId="S149" CovItemPrefix="test.BillTest.java" Intrnl_Id="193">
<LocList>
<Loc EndOffset="8008" SrcFileId="1" StartOffset="7989"/>
</LocList>
</BasicStmnt>
<BasicStmnt CovItemId="S150" CovItemPrefix="test.BillTest.java" Intrnl_Id="194">
<LocList>
<Loc EndOffset="8072" SrcFileId="1" StartOffset="8011"/>
</LocList>
</BasicStmnt>
<BasicStmnt CovItemId="S151" CovItemPrefix="test.BillTest.java" Intrnl_Id="195">
<LocList>
<Loc EndOffset="8093" SrcFileId="1" StartOffset="8075"/>
</LocList>
</BasicStmnt>
<BasicStmnt CovItemId="S152" CovItemPrefix="test.BillTest.java" Intrnl_Id="196">
<LocList>
<Loc EndOffset="8144" SrcFileId="1" StartOffset="8096"/>
</LocList>
</BasicStmnt>
</StmntSeq>
</HierarchyLvl>
<HierarchyLvl HierarchyLvlId="275" HierarchyLvlTypeId="8" Intrnl_Id="197" Name="testcase15">
<Header>
<Loc EndOffset="8182" SrcFileId="1" StartOffset="8151"/>
</Header>
<LocList>
<Loc EndOffset="8634" SrcFileId="1" StartOffset="8151"/>
</LocList>
<StmntSeq Intrnl_Id="198">
<LocList>
<Loc EndOffset="8232" SrcFileId="1" StartOffset="8208"/>
<Loc EndOffset="8287" SrcFileId="1" StartOffset="8235"/>
<Loc EndOffset="8316" SrcFileId="1" StartOffset="8290"/>
<Loc EndOffset="8379" SrcFileId="1" StartOffset="8319"/>
<Loc EndOffset="8401" SrcFileId="1" StartOffset="8382"/>
<Loc EndOffset="8465" SrcFileId="1" StartOffset="8404"/>
<Loc EndOffset="8487" SrcFileId="1" StartOffset="8468"/>
<Loc EndOffset="8560" SrcFileId="1" StartOffset="8490"/>
<Loc EndOffset="8580" SrcFileId="1" StartOffset="8563"/>
<Loc EndOffset="8631" SrcFileId="1" StartOffset="8583"/>
</LocList>
<BasicStmnt CovItemId="S153" CovItemPrefix="test.BillTest.java" Intrnl_Id="199">
<LocList>
<Loc EndOffset="8232" SrcFileId="1" StartOffset="8208"/>
</LocList>
</BasicStmnt>
<BasicStmnt CovItemId="S154" CovItemPrefix="test.BillTest.java" Intrnl_Id="200">
<LocList>
<Loc EndOffset="8287" SrcFileId="1" StartOffset="8235"/>
</LocList>
</BasicStmnt>
<BasicStmnt CovItemId="S155" CovItemPrefix="test.BillTest.java" Intrnl_Id="201">
<LocList>
<Loc EndOffset="8316" SrcFileId="1" StartOffset="8290"/>
</LocList>
</BasicStmnt>
<BasicStmnt CovItemId="S156" CovItemPrefix="test.BillTest.java" Intrnl_Id="202">
<LocList>
<Loc EndOffset="8379" SrcFileId="1" StartOffset="8319"/>
</LocList>
</BasicStmnt>
<BasicStmnt CovItemId="S157" CovItemPrefix="test.BillTest.java" Intrnl_Id="203">
<LocList>
<Loc EndOffset="8401" SrcFileId="1" StartOffset="8382"/>
</LocList>
</BasicStmnt>
<BasicStmnt CovItemId="S158" CovItemPrefix="test.BillTest.java" Intrnl_Id="204">
<LocList>
<Loc EndOffset="8465" SrcFileId="1" StartOffset="8404"/>
</LocList>
</BasicStmnt>
<BasicStmnt CovItemId="S159" CovItemPrefix="test.BillTest.java" Intrnl_Id="205">
<LocList>
<Loc EndOffset="8487" SrcFileId="1" StartOffset="8468"/>
</LocList>
</BasicStmnt>
<BasicStmnt CovItemId="S160" CovItemPrefix="test.BillTest.java" Intrnl_Id="206">
<LocList>
<Loc EndOffset="8560" SrcFileId="1" StartOffset="8490"/>
</LocList>
</BasicStmnt>
<BasicStmnt CovItemId="S161" CovItemPrefix="test.BillTest.java" Intrnl_Id="207">
<LocList>
<Loc EndOffset="8580" SrcFileId="1" StartOffset="8563"/>
</LocList>
</BasicStmnt>
<BasicStmnt CovItemId="S162" CovItemPrefix="test.BillTest.java" Intrnl_Id="208">
<LocList>
<Loc EndOffset="8631" SrcFileId="1" StartOffset="8583"/>
</LocList>
</BasicStmnt>
</StmntSeq>
</HierarchyLvl>
<HierarchyLvl HierarchyLvlId="276" HierarchyLvlTypeId="8" Intrnl_Id="209" Name="testcase16">
<Header>
<Loc EndOffset="8667" SrcFileId="1" StartOffset="8636"/>
</Header>
<LocList>
<Loc EndOffset="9120" SrcFileId="1" StartOffset="8636"/>
</LocList>
<StmntSeq Intrnl_Id="210">
<LocList>
<Loc EndOffset="8717" SrcFileId="1" StartOffset="8693"/>
<Loc EndOffset="8772" SrcFileId="1" StartOffset="8720"/>
<Loc EndOffset="8801" SrcFileId="1" StartOffset="8775"/>
<Loc EndOffset="8864" SrcFileId="1" StartOffset="8804"/>
<Loc EndOffset="8886" SrcFileId="1" StartOffset="8867"/>
<Loc EndOffset="8950" SrcFileId="1" StartOffset="8889"/>
<Loc EndOffset="8972" SrcFileId="1" StartOffset="8953"/>
<Loc EndOffset="9045" SrcFileId="1" StartOffset="8975"/>
<Loc EndOffset="9066" SrcFileId="1" StartOffset="9048"/>
<Loc EndOffset="9117" SrcFileId="1" StartOffset="9069"/>
</LocList>
<BasicStmnt CovItemId="S163" CovItemPrefix="test.BillTest.java" Intrnl_Id="211">
<LocList>
<Loc EndOffset="8717" SrcFileId="1" StartOffset="8693"/>
</LocList>
</BasicStmnt>
<BasicStmnt CovItemId="S164" CovItemPrefix="test.BillTest.java" Intrnl_Id="212">
<LocList>
<Loc EndOffset="8772" SrcFileId="1" StartOffset="8720"/>
</LocList>
</BasicStmnt>
<BasicStmnt CovItemId="S165" CovItemPrefix="test.BillTest.java" Intrnl_Id="213">
<LocList>
<Loc EndOffset="8801" SrcFileId="1" StartOffset="8775"/>
</LocList>
</BasicStmnt>
<BasicStmnt CovItemId="S166" CovItemPrefix="test.BillTest.java" Intrnl_Id="214">
<LocList>
<Loc EndOffset="8864" SrcFileId="1" StartOffset="8804"/>
</LocList>
</BasicStmnt>
<BasicStmnt CovItemId="S167" CovItemPrefix="test.BillTest.java" Intrnl_Id="215">
<LocList>
<Loc EndOffset="8886" SrcFileId="1" StartOffset="8867"/>
</LocList>
</BasicStmnt>
<BasicStmnt CovItemId="S168" CovItemPrefix="test.BillTest.java" Intrnl_Id="216">
<LocList>
<Loc EndOffset="8950" SrcFileId="1" StartOffset="8889"/>
</LocList>
</BasicStmnt>
<BasicStmnt CovItemId="S169" CovItemPrefix="test.BillTest.java" Intrnl_Id="217">
<LocList>
<Loc EndOffset="8972" SrcFileId="1" StartOffset="8953"/>
</LocList>
</BasicStmnt>
<BasicStmnt CovItemId="S170" CovItemPrefix="test.BillTest.java" Intrnl_Id="218">
<LocList>
<Loc EndOffset="9045" SrcFileId="1" StartOffset="8975"/>
</LocList>
</BasicStmnt>
<BasicStmnt CovItemId="S171" CovItemPrefix="test.BillTest.java" Intrnl_Id="219">
<LocList>
<Loc EndOffset="9066" SrcFileId="1" StartOffset="9048"/>
</LocList>
</BasicStmnt>
<BasicStmnt CovItemId="S172" CovItemPrefix="test.BillTest.java" Intrnl_Id="220">
<LocList>
<Loc EndOffset="9117" SrcFileId="1" StartOffset="9069"/>
</LocList>
</BasicStmnt>
</StmntSeq>
</HierarchyLvl>
<HierarchyLvl HierarchyLvlId="277" HierarchyLvlTypeId="8" Intrnl_Id="221" Name="testcase17">
<Header>
<Loc EndOffset="9153" SrcFileId="1" StartOffset="9122"/>
</Header>
<LocList>
<Loc EndOffset="9691" SrcFileId="1" StartOffset="9122"/>
</LocList>
<StmntSeq Intrnl_Id="222">
<LocList>
<Loc EndOffset="9203" SrcFileId="1" StartOffset="9179"/>
<Loc EndOffset="9258" SrcFileId="1" StartOffset="9206"/>
<Loc EndOffset="9287" SrcFileId="1" StartOffset="9261"/>
<Loc EndOffset="9350" SrcFileId="1" StartOffset="9290"/>
<Loc EndOffset="9372" SrcFileId="1" StartOffset="9353"/>
<Loc EndOffset="9436" SrcFileId="1" StartOffset="9375"/>
<Loc EndOffset="9458" SrcFileId="1" StartOffset="9439"/>
<Loc EndOffset="9531" SrcFileId="1" StartOffset="9461"/>
<Loc EndOffset="9553" SrcFileId="1" StartOffset="9534"/>
<Loc EndOffset="9616" SrcFileId="1" StartOffset="9556"/>
<Loc EndOffset="9636" SrcFileId="1" StartOffset="9619"/>
<Loc EndOffset="9687" SrcFileId="1" StartOffset="9639"/>
</LocList>
<BasicStmnt CovItemId="S173" CovItemPrefix="test.BillTest.java" Intrnl_Id="223">
<LocList>
<Loc EndOffset="9203" SrcFileId="1" StartOffset="9179"/>
</LocList>
</BasicStmnt>
<BasicStmnt CovItemId="S174" CovItemPrefix="test.BillTest.java" Intrnl_Id="224">
<LocList>
<Loc EndOffset="9258" SrcFileId="1" StartOffset="9206"/>
</LocList>
</BasicStmnt>
<BasicStmnt CovItemId="S175" CovItemPrefix="test.BillTest.java" Intrnl_Id="225">
<LocList>
<Loc EndOffset="9287" SrcFileId="1" StartOffset="9261"/>
</LocList>
</BasicStmnt>
<BasicStmnt CovItemId="S176" CovItemPrefix="test.BillTest.java" Intrnl_Id="226">
<LocList>
<Loc EndOffset="9350" SrcFileId="1" StartOffset="9290"/>
</LocList>
</BasicStmnt>
<BasicStmnt CovItemId="S177" CovItemPrefix="test.BillTest.java" Intrnl_Id="227">
<LocList>
<Loc EndOffset="9372" SrcFileId="1" StartOffset="9353"/>
</LocList>
</BasicStmnt>
<BasicStmnt CovItemId="S178" CovItemPrefix="test.BillTest.java" Intrnl_Id="228">
<LocList>
<Loc EndOffset="9436" SrcFileId="1" StartOffset="9375"/>
</LocList>
</BasicStmnt>
<BasicStmnt CovItemId="S179" CovItemPrefix="test.BillTest.java" Intrnl_Id="229">
<LocList>
<Loc EndOffset="9458" SrcFileId="1" StartOffset="9439"/>
</LocList>
</BasicStmnt>
<BasicStmnt CovItemId="S180" CovItemPrefix="test.BillTest.java" Intrnl_Id="230">
<LocList>
<Loc EndOffset="9531" SrcFileId="1" StartOffset="9461"/>
</LocList>
</BasicStmnt>
<BasicStmnt CovItemId="S181" CovItemPrefix="test.BillTest.java" Intrnl_Id="231">
<LocList>
<Loc EndOffset="9553" SrcFileId="1" StartOffset="9534"/>
</LocList>
</BasicStmnt>
<BasicStmnt CovItemId="S182" CovItemPrefix="test.BillTest.java" Intrnl_Id="232">
<LocList>
<Loc EndOffset="9616" SrcFileId="1" StartOffset="9556"/>
</LocList>
</BasicStmnt>
<BasicStmnt CovItemId="S183" CovItemPrefix="test.BillTest.java" Intrnl_Id="233">
<LocList>
<Loc EndOffset="9636" SrcFileId="1" StartOffset="9619"/>
</LocList>
</BasicStmnt>
<BasicStmnt CovItemId="S184" CovItemPrefix="test.BillTest.java" Intrnl_Id="234">
<LocList>
<Loc EndOffset="9687" SrcFileId="1" StartOffset="9639"/>
</LocList>
</BasicStmnt>
</StmntSeq>
</HierarchyLvl>
<HierarchyLvl HierarchyLvlId="278" HierarchyLvlTypeId="8" Intrnl_Id="235" Name="testcase18">
<Header>
<Loc EndOffset="9726" SrcFileId="1" StartOffset="9695"/>
</Header>
<LocList>
<Loc EndOffset="10265" SrcFileId="1" StartOffset="9695"/>
</LocList>
<StmntSeq Intrnl_Id="236">
<LocList>
<Loc EndOffset="9776" SrcFileId="1" StartOffset="9752"/>
<Loc EndOffset="9831" SrcFileId="1" StartOffset="9779"/>
<Loc EndOffset="9860" SrcFileId="1" StartOffset="9834"/>
<Loc EndOffset="9923" SrcFileId="1" StartOffset="9863"/>
<Loc EndOffset="9945" SrcFileId="1" StartOffset="9926"/>
<Loc EndOffset="10009" SrcFileId="1" StartOffset="9948"/>
<Loc EndOffset="10031" SrcFileId="1" StartOffset="10012"/>
<Loc EndOffset="10104" SrcFileId="1" StartOffset="10034"/>
<Loc EndOffset="10126" SrcFileId="1" StartOffset="10107"/>
<Loc EndOffset="10189" SrcFileId="1" StartOffset="10129"/>
<Loc EndOffset="10210" SrcFileId="1" StartOffset="10192"/>
<Loc EndOffset="10261" SrcFileId="1" StartOffset="10213"/>
</LocList>
<BasicStmnt CovItemId="S185" CovItemPrefix="test.BillTest.java" Intrnl_Id="237">
<LocList>
<Loc EndOffset="9776" SrcFileId="1" StartOffset="9752"/>
</LocList>
</BasicStmnt>
<BasicStmnt CovItemId="S186" CovItemPrefix="test.BillTest.java" Intrnl_Id="238">
<LocList>
<Loc EndOffset="9831" SrcFileId="1" StartOffset="9779"/>
</LocList>
</BasicStmnt>
<BasicStmnt CovItemId="S187" CovItemPrefix="test.BillTest.java" Intrnl_Id="239">
<LocList>
<Loc EndOffset="9860" SrcFileId="1" StartOffset="9834"/>
</LocList>
</BasicStmnt>
<BasicStmnt CovItemId="S188" CovItemPrefix="test.BillTest.java" Intrnl_Id="240">
<LocList>
<Loc EndOffset="9923" SrcFileId="1" StartOffset="9863"/>
</LocList>
</BasicStmnt>
<BasicStmnt CovItemId="S189" CovItemPrefix="test.BillTest.java" Intrnl_Id="241">
<LocList>
<Loc EndOffset="9945" SrcFileId="1" StartOffset="9926"/>
</LocList>
</BasicStmnt>
<BasicStmnt CovItemId="S190" CovItemPrefix="test.BillTest.java" Intrnl_Id="242">
<LocList>
<Loc EndOffset="10009" SrcFileId="1" StartOffset="9948"/>
</LocList>
</BasicStmnt>
<BasicStmnt CovItemId="S191" CovItemPrefix="test.BillTest.java" Intrnl_Id="243">
<LocList>
<Loc EndOffset="10031" SrcFileId="1" StartOffset="10012"/>
</LocList>
</BasicStmnt>
<BasicStmnt CovItemId="S192" CovItemPrefix="test.BillTest.java" Intrnl_Id="244">
<LocList>
<Loc EndOffset="10104" SrcFileId="1" StartOffset="10034"/>
</LocList>
</BasicStmnt>
<BasicStmnt CovItemId="S193" CovItemPrefix="test.BillTest.java" Intrnl_Id="245">
<LocList>
<Loc EndOffset="10126" SrcFileId="1" StartOffset="10107"/>
</LocList>
</BasicStmnt>
<BasicStmnt CovItemId="S194" CovItemPrefix="test.BillTest.java" Intrnl_Id="246">
<LocList>
<Loc EndOffset="10189" SrcFileId="1" StartOffset="10129"/>
</LocList>
</BasicStmnt>
<BasicStmnt CovItemId="S195" CovItemPrefix="test.BillTest.java" Intrnl_Id="247">
<LocList>
<Loc EndOffset="10210" SrcFileId="1" StartOffset="10192"/>
</LocList>
</BasicStmnt>
<BasicStmnt CovItemId="S196" CovItemPrefix="test.BillTest.java" Intrnl_Id="248">
<LocList>
<Loc EndOffset="10261" SrcFileId="1" StartOffset="10213"/>
</LocList>
</BasicStmnt>
</StmntSeq>
</HierarchyLvl>
<HierarchyLvl HierarchyLvlId="279" HierarchyLvlTypeId="8" Intrnl_Id="249" Name="testcase19">
<Header>
<Loc EndOffset="10298" SrcFileId="1" StartOffset="10267"/>
</Header>
<LocList>
<Loc EndOffset="10851" SrcFileId="1" StartOffset="10267"/>
</LocList>
<StmntSeq Intrnl_Id="250">
<LocList>
<Loc EndOffset="10348" SrcFileId="1" StartOffset="10324"/>
<Loc EndOffset="10403" SrcFileId="1" StartOffset="10351"/>
<Loc EndOffset="10432" SrcFileId="1" StartOffset="10406"/>
<Loc EndOffset="10495" SrcFileId="1" StartOffset="10435"/>
<Loc EndOffset="10517" SrcFileId="1" StartOffset="10498"/>
<Loc EndOffset="10581" SrcFileId="1" StartOffset="10520"/>
<Loc EndOffset="10603" SrcFileId="1" StartOffset="10584"/>
<Loc EndOffset="10676" SrcFileId="1" StartOffset="10606"/>
<Loc EndOffset="10698" SrcFileId="1" StartOffset="10679"/>
<Loc EndOffset="10761" SrcFileId="1" StartOffset="10701"/>
<Loc EndOffset="10783" SrcFileId="1" StartOffset="10764"/>
<Loc EndOffset="10847" SrcFileId="1" StartOffset="10796"/>
</LocList>
<BasicStmnt CovItemId="S197" CovItemPrefix="test.BillTest.java" Intrnl_Id="251">
<LocList>
<Loc EndOffset="10348" SrcFileId="1" StartOffset="10324"/>
</LocList>
</BasicStmnt>
<BasicStmnt CovItemId="S198" CovItemPrefix="test.BillTest.java" Intrnl_Id="252">
<LocList>
<Loc EndOffset="10403" SrcFileId="1" StartOffset="10351"/>
</LocList>
</BasicStmnt>
<BasicStmnt CovItemId="S199" CovItemPrefix="test.BillTest.java" Intrnl_Id="253">
<LocList>
<Loc EndOffset="10432" SrcFileId="1" StartOffset="10406"/>
</LocList>
</BasicStmnt>
<BasicStmnt CovItemId="S200" CovItemPrefix="test.BillTest.java" Intrnl_Id="254">
<LocList>
<Loc EndOffset="10495" SrcFileId="1" StartOffset="10435"/>
</LocList>
</BasicStmnt>
<BasicStmnt CovItemId="S201" CovItemPrefix="test.BillTest.java" Intrnl_Id="255">
<LocList>
<Loc EndOffset="10517" SrcFileId="1" StartOffset="10498"/>
</LocList>
</BasicStmnt>
<BasicStmnt CovItemId="S202" CovItemPrefix="test.BillTest.java" Intrnl_Id="256">
<LocList>
<Loc EndOffset="10581" SrcFileId="1" StartOffset="10520"/>
</LocList>
</BasicStmnt>
<BasicStmnt CovItemId="S203" CovItemPrefix="test.BillTest.java" Intrnl_Id="257">
<LocList>
<Loc EndOffset="10603" SrcFileId="1" StartOffset="10584"/>
</LocList>
</BasicStmnt>
<BasicStmnt CovItemId="S204" CovItemPrefix="test.BillTest.java" Intrnl_Id="258">
<LocList>
<Loc EndOffset="10676" SrcFileId="1" StartOffset="10606"/>
</LocList>
</BasicStmnt>
<BasicStmnt CovItemId="S205" CovItemPrefix="test.BillTest.java" Intrnl_Id="259">
<LocList>
<Loc EndOffset="10698" SrcFileId="1" StartOffset="10679"/>
</LocList>
</BasicStmnt>
<BasicStmnt CovItemId="S206" CovItemPrefix="test.BillTest.java" Intrnl_Id="260">
<LocList>
<Loc EndOffset="10761" SrcFileId="1" StartOffset="10701"/>
</LocList>
</BasicStmnt>
<BasicStmnt CovItemId="S207" CovItemPrefix="test.BillTest.java" Intrnl_Id="261">
<LocList>
<Loc EndOffset="10783" SrcFileId="1" StartOffset="10764"/>
</LocList>
</BasicStmnt>
<BasicStmnt CovItemId="S208" CovItemPrefix="test.BillTest.java" Intrnl_Id="262">
<LocList>
<Loc EndOffset="10847" SrcFileId="1" StartOffset="10796"/>
</LocList>
</BasicStmnt>
</StmntSeq>
</HierarchyLvl>
<HierarchyLvl HierarchyLvlId="280" HierarchyLvlTypeId="8" Intrnl_Id="263" Name="testcase20">
<Header>
<Loc EndOffset="10884" SrcFileId="1" StartOffset="10853"/>
</Header>
<LocList>
<Loc EndOffset="11444" SrcFileId="1" StartOffset="10853"/>
</LocList>
<StmntSeq Intrnl_Id="264">
<LocList>
<Loc EndOffset="10934" SrcFileId="1" StartOffset="10910"/>
<Loc EndOffset="10989" SrcFileId="1" StartOffset="10937"/>
<Loc EndOffset="11018" SrcFileId="1" StartOffset="10992"/>
<Loc EndOffset="11081" SrcFileId="1" StartOffset="11021"/>
<Loc EndOffset="11103" SrcFileId="1" StartOffset="11084"/>
<Loc EndOffset="11167" SrcFileId="1" StartOffset="11106"/>
<Loc EndOffset="11189" SrcFileId="1" StartOffset="11170"/>
<Loc EndOffset="11262" SrcFileId="1" StartOffset="11192"/>
<Loc EndOffset="11284" SrcFileId="1" StartOffset="11265"/>
<Loc EndOffset="11347" SrcFileId="1" StartOffset="11287"/>
<Loc EndOffset="11369" SrcFileId="1" StartOffset="11350"/>
<Loc EndOffset="11440" SrcFileId="1" StartOffset="11382"/>
</LocList>
<BasicStmnt CovItemId="S209" CovItemPrefix="test.BillTest.java" Intrnl_Id="265">
<LocList>
<Loc EndOffset="10934" SrcFileId="1" StartOffset="10910"/>
</LocList>
</BasicStmnt>
<BasicStmnt CovItemId="S210" CovItemPrefix="test.BillTest.java" Intrnl_Id="266">
<LocList>
<Loc EndOffset="10989" SrcFileId="1" StartOffset="10937"/>
</LocList>
</BasicStmnt>
<BasicStmnt CovItemId="S211" CovItemPrefix="test.BillTest.java" Intrnl_Id="267">
<LocList>
<Loc EndOffset="11018" SrcFileId="1" StartOffset="10992"/>
</LocList>
</BasicStmnt>
<BasicStmnt CovItemId="S212" CovItemPrefix="test.BillTest.java" Intrnl_Id="268">
<LocList>
<Loc EndOffset="11081" SrcFileId="1" StartOffset="11021"/>
</LocList>
</BasicStmnt>
<BasicStmnt CovItemId="S213" CovItemPrefix="test.BillTest.java" Intrnl_Id="269">
<LocList>
<Loc EndOffset="11103" SrcFileId="1" StartOffset="11084"/>
</LocList>
</BasicStmnt>
<BasicStmnt CovItemId="S214" CovItemPrefix="test.BillTest.java" Intrnl_Id="270">
<LocList>
<Loc EndOffset="11167" SrcFileId="1" StartOffset="11106"/>
</LocList>
</BasicStmnt>
<BasicStmnt CovItemId="S215" CovItemPrefix="test.BillTest.java" Intrnl_Id="271">
<LocList>
<Loc EndOffset="11189" SrcFileId="1" StartOffset="11170"/>
</LocList>
</BasicStmnt>
<BasicStmnt CovItemId="S216" CovItemPrefix="test.BillTest.java" Intrnl_Id="272">
<LocList>
<Loc EndOffset="11262" SrcFileId="1" StartOffset="11192"/>
</LocList>
</BasicStmnt>
<BasicStmnt CovItemId="S217" CovItemPrefix="test.BillTest.java" Intrnl_Id="273">
<LocList>
<Loc EndOffset="11284" SrcFileId="1" StartOffset="11265"/>
</LocList>
</BasicStmnt>
<BasicStmnt CovItemId="S218" CovItemPrefix="test.BillTest.java" Intrnl_Id="274">
<LocList>
<Loc EndOffset="11347" SrcFileId="1" StartOffset="11287"/>
</LocList>
</BasicStmnt>
<BasicStmnt CovItemId="S219" CovItemPrefix="test.BillTest.java" Intrnl_Id="275">
<LocList>
<Loc EndOffset="11369" SrcFileId="1" StartOffset="11350"/>
</LocList>
</BasicStmnt>
<BasicStmnt CovItemId="S220" CovItemPrefix="test.BillTest.java" Intrnl_Id="276">
<LocList>
<Loc EndOffset="11440" SrcFileId="1" StartOffset="11382"/>
</LocList>
</BasicStmnt>
</StmntSeq>
</HierarchyLvl>
<HierarchyLvl HierarchyLvlId="281" HierarchyLvlTypeId="8" Intrnl_Id="277" Name="testcase21">
<Header>
<Loc EndOffset="11477" SrcFileId="1" StartOffset="11446"/>
</Header>
<LocList>
<Loc EndOffset="12066" SrcFileId="1" StartOffset="11446"/>
</LocList>
<StmntSeq Intrnl_Id="278">
<LocList>
<Loc EndOffset="11521" SrcFileId="1" StartOffset="11497"/>
<Loc EndOffset="11576" SrcFileId="1" StartOffset="11524"/>
<Loc EndOffset="11604" SrcFileId="1" StartOffset="11579"/>
<Loc EndOffset="11674" SrcFileId="1" StartOffset="11607"/>
<Loc EndOffset="11702" SrcFileId="1" StartOffset="11677"/>
<Loc EndOffset="11772" SrcFileId="1" StartOffset="11705"/>
<Loc EndOffset="11804" SrcFileId="1" StartOffset="11778"/>
<Loc EndOffset="11874" SrcFileId="1" StartOffset="11807"/>
<Loc EndOffset="11900" SrcFileId="1" StartOffset="11880"/>
<Loc EndOffset="11970" SrcFileId="1" StartOffset="11903"/>
<Loc EndOffset="11989" SrcFileId="1" StartOffset="11974"/>
<Loc EndOffset="12059" SrcFileId="1" StartOffset="11992"/>
</LocList>
<BasicStmnt CovItemId="S221" CovItemPrefix="test.BillTest.java" Intrnl_Id="279">
<LocList>
<Loc EndOffset="11521" SrcFileId="1" StartOffset="11497"/>
</LocList>
</BasicStmnt>
<BasicStmnt CovItemId="S222" CovItemPrefix="test.BillTest.java" Intrnl_Id="280">
<LocList>
<Loc EndOffset="11576" SrcFileId="1" StartOffset="11524"/>
</LocList>
</BasicStmnt>
<BasicStmnt CovItemId="S223" CovItemPrefix="test.BillTest.java" Intrnl_Id="281">
<LocList>
<Loc EndOffset="11604" SrcFileId="1" StartOffset="11579"/>
</LocList>
</BasicStmnt>
<BasicStmnt CovItemId="S224" CovItemPrefix="test.BillTest.java" Intrnl_Id="282">
<LocList>
<Loc EndOffset="11674" SrcFileId="1" StartOffset="11607"/>
</LocList>
</BasicStmnt>
<BasicStmnt CovItemId="S225" CovItemPrefix="test.BillTest.java" Intrnl_Id="283">
<LocList>
<Loc EndOffset="11702" SrcFileId="1" StartOffset="11677"/>
</LocList>
</BasicStmnt>
<BasicStmnt CovItemId="S226" CovItemPrefix="test.BillTest.java" Intrnl_Id="284">
<LocList>
<Loc EndOffset="11772" SrcFileId="1" StartOffset="11705"/>
</LocList>
</BasicStmnt>
<BasicStmnt CovItemId="S227" CovItemPrefix="test.BillTest.java" Intrnl_Id="285">
<LocList>
<Loc EndOffset="11804" SrcFileId="1" StartOffset="11778"/>
</LocList>
</BasicStmnt>
<BasicStmnt CovItemId="S228" CovItemPrefix="test.BillTest.java" Intrnl_Id="286">
<LocList>
<Loc EndOffset="11874" SrcFileId="1" StartOffset="11807"/>
</LocList>
</BasicStmnt>
<BasicStmnt CovItemId="S229" CovItemPrefix="test.BillTest.java" Intrnl_Id="287">
<LocList>
<Loc EndOffset="11900" SrcFileId="1" StartOffset="11880"/>
</LocList>
</BasicStmnt>
<BasicStmnt CovItemId="S230" CovItemPrefix="test.BillTest.java" Intrnl_Id="288">
<LocList>
<Loc EndOffset="11970" SrcFileId="1" StartOffset="11903"/>
</LocList>
</BasicStmnt>
<BasicStmnt CovItemId="S231" CovItemPrefix="test.BillTest.java" Intrnl_Id="289">
<LocList>
<Loc EndOffset="11989" SrcFileId="1" StartOffset="11974"/>
</LocList>
</BasicStmnt>
<BasicStmnt CovItemId="S232" CovItemPrefix="test.BillTest.java" Intrnl_Id="290">
<LocList>
<Loc EndOffset="12059" SrcFileId="1" StartOffset="11992"/>
</LocList>
</BasicStmnt>
</StmntSeq>
</HierarchyLvl>
<HierarchyLvl HierarchyLvlId="282" HierarchyLvlTypeId="8" Intrnl_Id="291" Name="testcase22">
<Header>
<Loc EndOffset="12101" SrcFileId="1" StartOffset="12070"/>
</Header>
<LocList>
<Loc EndOffset="12784" SrcFileId="1" StartOffset="12070"/>
</LocList>
<StmntSeq Intrnl_Id="292">
<LocList>
<Loc EndOffset="12145" SrcFileId="1" StartOffset="12121"/>
<Loc EndOffset="12200" SrcFileId="1" StartOffset="12148"/>
<Loc EndOffset="12228" SrcFileId="1" StartOffset="12203"/>
<Loc EndOffset="12298" SrcFileId="1" StartOffset="12231"/>
<Loc EndOffset="12320" SrcFileId="1" StartOffset="12301"/>
<Loc EndOffset="12391" SrcFileId="1" StartOffset="12323"/>
<Loc EndOffset="12419" SrcFileId="1" StartOffset="12394"/>
<Loc EndOffset="12490" SrcFileId="1" StartOffset="12422"/>
<Loc EndOffset="12522" SrcFileId="1" StartOffset="12496"/>
<Loc EndOffset="12593" SrcFileId="1" StartOffset="12525"/>
<Loc EndOffset="12619" SrcFileId="1" StartOffset="12599"/>
<Loc EndOffset="12690" SrcFileId="1" StartOffset="12622"/>
<Loc EndOffset="12709" SrcFileId="1" StartOffset="12694"/>
<Loc EndOffset="12780" SrcFileId="1" StartOffset="12712"/>
</LocList>
<BasicStmnt CovItemId="S233" CovItemPrefix="test.BillTest.java" Intrnl_Id="293">
<LocList>
<Loc EndOffset="12145" SrcFileId="1" StartOffset="12121"/>
</LocList>
</BasicStmnt>
<BasicStmnt CovItemId="S234" CovItemPrefix="test.BillTest.java" Intrnl_Id="294">
<LocList>
<Loc EndOffset="12200" SrcFileId="1" StartOffset="12148"/>
</LocList>
</BasicStmnt>
<BasicStmnt CovItemId="S235" CovItemPrefix="test.BillTest.java" Intrnl_Id="295">
<LocList>
<Loc EndOffset="12228" SrcFileId="1" StartOffset="12203"/>
</LocList>
</BasicStmnt>
<BasicStmnt CovItemId="S236" CovItemPrefix="test.BillTest.java" Intrnl_Id="296">
<LocList>
<Loc EndOffset="12298" SrcFileId="1" StartOffset="12231"/>
</LocList>
</BasicStmnt>
<BasicStmnt CovItemId="S237" CovItemPrefix="test.BillTest.java" Intrnl_Id="297">
<LocList>
<Loc EndOffset="12320" SrcFileId="1" StartOffset="12301"/>
</LocList>
</BasicStmnt>
<BasicStmnt CovItemId="S238" CovItemPrefix="test.BillTest.java" Intrnl_Id="298">
<LocList>
<Loc EndOffset="12391" SrcFileId="1" StartOffset="12323"/>
</LocList>
</BasicStmnt>
<BasicStmnt CovItemId="S239" CovItemPrefix="test.BillTest.java" Intrnl_Id="299">
<LocList>
<Loc EndOffset="12419" SrcFileId="1" StartOffset="12394"/>
</LocList>
</BasicStmnt>
<BasicStmnt CovItemId="S240" CovItemPrefix="test.BillTest.java" Intrnl_Id="300">
<LocList>
<Loc EndOffset="12490" SrcFileId="1" StartOffset="12422"/>
</LocList>
</BasicStmnt>
<BasicStmnt CovItemId="S241" CovItemPrefix="test.BillTest.java" Intrnl_Id="301">
<LocList>
<Loc EndOffset="12522" SrcFileId="1" StartOffset="12496"/>
</LocList>
</BasicStmnt>
<BasicStmnt CovItemId="S242" CovItemPrefix="test.BillTest.java" Intrnl_Id="302">
<LocList>
<Loc EndOffset="12593" SrcFileId="1" StartOffset="12525"/>
</LocList>
</BasicStmnt>
<BasicStmnt CovItemId="S243" CovItemPrefix="test.BillTest.java" Intrnl_Id="303">
<LocList>
<Loc EndOffset="12619" SrcFileId="1" StartOffset="12599"/>
</LocList>
</BasicStmnt>
<BasicStmnt CovItemId="S244" CovItemPrefix="test.BillTest.java" Intrnl_Id="304">
<LocList>
<Loc EndOffset="12690" SrcFileId="1" StartOffset="12622"/>
</LocList>
</BasicStmnt>
<BasicStmnt CovItemId="S245" CovItemPrefix="test.BillTest.java" Intrnl_Id="305">
<LocList>
<Loc EndOffset="12709" SrcFileId="1" StartOffset="12694"/>
</LocList>
</BasicStmnt>
<BasicStmnt CovItemId="S246" CovItemPrefix="test.BillTest.java" Intrnl_Id="306">
<LocList>
<Loc EndOffset="12780" SrcFileId="1" StartOffset="12712"/>
</LocList>
</BasicStmnt>
</StmntSeq>
</HierarchyLvl>
<HierarchyLvl HierarchyLvlId="283" HierarchyLvlTypeId="8" Intrnl_Id="307" Name="testcase23">
<Header>
<Loc EndOffset="12817" SrcFileId="1" StartOffset="12786"/>
</Header>
<LocList>
<Loc EndOffset="13530" SrcFileId="1" StartOffset="12786"/>
</LocList>
<StmntSeq Intrnl_Id="308">
<LocList>
<Loc EndOffset="12861" SrcFileId="1" StartOffset="12837"/>
<Loc EndOffset="12916" SrcFileId="1" StartOffset="12864"/>
<Loc EndOffset="12944" SrcFileId="1" StartOffset="12919"/>
<Loc EndOffset="13014" SrcFileId="1" StartOffset="12947"/>
<Loc EndOffset="13036" SrcFileId="1" StartOffset="13017"/>
<Loc EndOffset="13107" SrcFileId="1" StartOffset="13039"/>
<Loc EndOffset="13129" SrcFileId="1" StartOffset="13110"/>
<Loc EndOffset="13209" SrcFileId="1" StartOffset="13132"/>
<Loc EndOffset="13241" SrcFileId="1" StartOffset="13215"/>
<Loc EndOffset="13321" SrcFileId="1" StartOffset="13244"/>
<Loc EndOffset="13347" SrcFileId="1" StartOffset="13327"/>
<Loc EndOffset="13427" SrcFileId="1" StartOffset="13350"/>
<Loc EndOffset="13446" SrcFileId="1" StartOffset="13431"/>
<Loc EndOffset="13526" SrcFileId="1" StartOffset="13449"/>
</LocList>
<BasicStmnt CovItemId="S247" CovItemPrefix="test.BillTest.java" Intrnl_Id="309">
<LocList>
<Loc EndOffset="12861" SrcFileId="1" StartOffset="12837"/>
</LocList>
</BasicStmnt>
<BasicStmnt CovItemId="S248" CovItemPrefix="test.BillTest.java" Intrnl_Id="310">
<LocList>
<Loc EndOffset="12916" SrcFileId="1" StartOffset="12864"/>
</LocList>
</BasicStmnt>
<BasicStmnt CovItemId="S249" CovItemPrefix="test.BillTest.java" Intrnl_Id="311">
<LocList>
<Loc EndOffset="12944" SrcFileId="1" StartOffset="12919"/>
</LocList>
</BasicStmnt>
<BasicStmnt CovItemId="S250" CovItemPrefix="test.BillTest.java" Intrnl_Id="312">
<LocList>
<Loc EndOffset="13014" SrcFileId="1" StartOffset="12947"/>
</LocList>
</BasicStmnt>
<BasicStmnt CovItemId="S251" CovItemPrefix="test.BillTest.java" Intrnl_Id="313">
<LocList>
<Loc EndOffset="13036" SrcFileId="1" StartOffset="13017"/>
</LocList>
</BasicStmnt>
<BasicStmnt CovItemId="S252" CovItemPrefix="test.BillTest.java" Intrnl_Id="314">
<LocList>
<Loc EndOffset="13107" SrcFileId="1" StartOffset="13039"/>
</LocList>
</BasicStmnt>
<BasicStmnt CovItemId="S253" CovItemPrefix="test.BillTest.java" Intrnl_Id="315">
<LocList>
<Loc EndOffset="13129" SrcFileId="1" StartOffset="13110"/>
</LocList>
</BasicStmnt>
<BasicStmnt CovItemId="S254" CovItemPrefix="test.BillTest.java" Intrnl_Id="316">
<LocList>
<Loc EndOffset="13209" SrcFileId="1" StartOffset="13132"/>
</LocList>
</BasicStmnt>
<BasicStmnt CovItemId="S255" CovItemPrefix="test.BillTest.java" Intrnl_Id="317">
<LocList>
<Loc EndOffset="13241" SrcFileId="1" StartOffset="13215"/>
</LocList>
</BasicStmnt>
<BasicStmnt CovItemId="S256" CovItemPrefix="test.BillTest.java" Intrnl_Id="318">
<LocList>
<Loc EndOffset="13321" SrcFileId="1" StartOffset="13244"/>
</LocList>
</BasicStmnt>
<BasicStmnt CovItemId="S257" CovItemPrefix="test.BillTest.java" Intrnl_Id="319">
<LocList>
<Loc EndOffset="13347" SrcFileId="1" StartOffset="13327"/>
</LocList>
</BasicStmnt>
<BasicStmnt CovItemId="S258" CovItemPrefix="test.BillTest.java" Intrnl_Id="320">
<LocList>
<Loc EndOffset="13427" SrcFileId="1" StartOffset="13350"/>
</LocList>
</BasicStmnt>
<BasicStmnt CovItemId="S259" CovItemPrefix="test.BillTest.java" Intrnl_Id="321">
<LocList>
<Loc EndOffset="13446" SrcFileId="1" StartOffset="13431"/>
</LocList>
</BasicStmnt>
<BasicStmnt CovItemId="S260" CovItemPrefix="test.BillTest.java" Intrnl_Id="322">
<LocList>
<Loc EndOffset="13526" SrcFileId="1" StartOffset="13449"/>
</LocList>
</BasicStmnt>
</StmntSeq>
</HierarchyLvl>
<HierarchyLvl HierarchyLvlId="284" HierarchyLvlTypeId="8" Intrnl_Id="323" Name="testcase24">
<Header>
<Loc EndOffset="13565" SrcFileId="1" StartOffset="13534"/>
</Header>
<LocList>
<Loc EndOffset="14338" SrcFileId="1" StartOffset="13534"/>
</LocList>
<StmntSeq Intrnl_Id="324">
<LocList>
<Loc EndOffset="13609" SrcFileId="1" StartOffset="13585"/>
<Loc EndOffset="13664" SrcFileId="1" StartOffset="13612"/>
<Loc EndOffset="13692" SrcFileId="1" StartOffset="13667"/>
<Loc EndOffset="13762" SrcFileId="1" StartOffset="13695"/>
<Loc EndOffset="13784" SrcFileId="1" StartOffset="13765"/>
<Loc EndOffset="13855" SrcFileId="1" StartOffset="13787"/>
<Loc EndOffset="13877" SrcFileId="1" StartOffset="13858"/>
<Loc EndOffset="13957" SrcFileId="1" StartOffset="13880"/>
<Loc EndOffset="13979" SrcFileId="1" StartOffset="13960"/>
<Loc EndOffset="14049" SrcFileId="1" StartOffset="13982"/>
<Loc EndOffset="14079" SrcFileId="1" StartOffset="14053"/>
<Loc EndOffset="14149" SrcFileId="1" StartOffset="14082"/>
<Loc EndOffset="14175" SrcFileId="1" StartOffset="14155"/>
<Loc EndOffset="14245" SrcFileId="1" StartOffset="14178"/>
<Loc EndOffset="14264" SrcFileId="1" StartOffset="14249"/>
<Loc EndOffset="14334" SrcFileId="1" StartOffset="14267"/>
</LocList>
<BasicStmnt CovItemId="S261" CovItemPrefix="test.BillTest.java" Intrnl_Id="325">
<LocList>
<Loc EndOffset="13609" SrcFileId="1" StartOffset="13585"/>
</LocList>
</BasicStmnt>
<BasicStmnt CovItemId="S262" CovItemPrefix="test.BillTest.java" Intrnl_Id="326">
<LocList>
<Loc EndOffset="13664" SrcFileId="1" StartOffset="13612"/>
</LocList>
</BasicStmnt>
<BasicStmnt CovItemId="S263" CovItemPrefix="test.BillTest.java" Intrnl_Id="327">
<LocList>
<Loc EndOffset="13692" SrcFileId="1" StartOffset="13667"/>
</LocList>
</BasicStmnt>
<BasicStmnt CovItemId="S264" CovItemPrefix="test.BillTest.java" Intrnl_Id="328">
<LocList>
<Loc EndOffset="13762" SrcFileId="1" StartOffset="13695"/>
</LocList>
</BasicStmnt>
<BasicStmnt CovItemId="S265" CovItemPrefix="test.BillTest.java" Intrnl_Id="329">
<LocList>
<Loc EndOffset="13784" SrcFileId="1" StartOffset="13765"/>
</LocList>
</BasicStmnt>
<BasicStmnt CovItemId="S266" CovItemPrefix="test.BillTest.java" Intrnl_Id="330">
<LocList>
<Loc EndOffset="13855" SrcFileId="1" StartOffset="13787"/>
</LocList>
</BasicStmnt>
<BasicStmnt CovItemId="S267" CovItemPrefix="test.BillTest.java" Intrnl_Id="331">
<LocList>
<Loc EndOffset="13877" SrcFileId="1" StartOffset="13858"/>
</LocList>
</BasicStmnt>
<BasicStmnt CovItemId="S268" CovItemPrefix="test.BillTest.java" Intrnl_Id="332">
<LocList>
<Loc EndOffset="13957" SrcFileId="1" StartOffset="13880"/>
</LocList>
</BasicStmnt>
<BasicStmnt CovItemId="S269" CovItemPrefix="test.BillTest.java" Intrnl_Id="333">
<LocList>
<Loc EndOffset="13979" SrcFileId="1" StartOffset="13960"/>
</LocList>
</BasicStmnt>
<BasicStmnt CovItemId="S270" CovItemPrefix="test.BillTest.java" Intrnl_Id="334">
<LocList>
<Loc EndOffset="14049" SrcFileId="1" StartOffset="13982"/>
</LocList>
</BasicStmnt>
<BasicStmnt CovItemId="S271" CovItemPrefix="test.BillTest.java" Intrnl_Id="335">
<LocList>
<Loc EndOffset="14079" SrcFileId="1" StartOffset="14053"/>
</LocList>
</BasicStmnt>
<BasicStmnt CovItemId="S272" CovItemPrefix="test.BillTest.java" Intrnl_Id="336">
<LocList>
<Loc EndOffset="14149" SrcFileId="1" StartOffset="14082"/>
</LocList>
</BasicStmnt>
<BasicStmnt CovItemId="S273" CovItemPrefix="test.BillTest.java" Intrnl_Id="337">
<LocList>
<Loc EndOffset="14175" SrcFileId="1" StartOffset="14155"/>
</LocList>
</BasicStmnt>
<BasicStmnt CovItemId="S274" CovItemPrefix="test.BillTest.java" Intrnl_Id="338">
<LocList>
<Loc EndOffset="14245" SrcFileId="1" StartOffset="14178"/>
</LocList>
</BasicStmnt>
<BasicStmnt CovItemId="S275" CovItemPrefix="test.BillTest.java" Intrnl_Id="339">
<LocList>
<Loc EndOffset="14264" SrcFileId="1" StartOffset="14249"/>
</LocList>
</BasicStmnt>
<BasicStmnt CovItemId="S276" CovItemPrefix="test.BillTest.java" Intrnl_Id="340">
<LocList>
<Loc EndOffset="14334" SrcFileId="1" StartOffset="14267"/>
</LocList>
</BasicStmnt>
</StmntSeq>
</HierarchyLvl>
<HierarchyLvl HierarchyLvlId="285" HierarchyLvlTypeId="8" Intrnl_Id="341" Name="testcase25">
<Header>
<Loc EndOffset="14373" SrcFileId="1" StartOffset="14342"/>
</Header>
<LocList>
<Loc EndOffset="15568" SrcFileId="1" StartOffset="14342"/>
</LocList>
<StmntSeq Intrnl_Id="342">
<LocList>
<Loc EndOffset="14417" SrcFileId="1" StartOffset="14393"/>
<Loc EndOffset="14472" SrcFileId="1" StartOffset="14420"/>
<Loc EndOffset="14500" SrcFileId="1" StartOffset="14475"/>
<Loc EndOffset="14570" SrcFileId="1" StartOffset="14503"/>
<Loc EndOffset="14592" SrcFileId="1" StartOffset="14573"/>
<Loc EndOffset="14663" SrcFileId="1" StartOffset="14595"/>
<Loc EndOffset="14685" SrcFileId="1" StartOffset="14666"/>
<Loc EndOffset="14765" SrcFileId="1" StartOffset="14688"/>
<Loc EndOffset="14787" SrcFileId="1" StartOffset="14768"/>
<Loc EndOffset="14857" SrcFileId="1" StartOffset="14790"/>
<Loc EndOffset="14879" SrcFileId="1" StartOffset="14860"/>
<Loc EndOffset="14956" SrcFileId="1" StartOffset="14882"/>
<Loc EndOffset="14979" SrcFileId="1" StartOffset="14960"/>
<Loc EndOffset="15056" SrcFileId="1" StartOffset="14982"/>
<Loc EndOffset="15080" SrcFileId="1" StartOffset="15062"/>
<Loc EndOffset="15157" SrcFileId="1" StartOffset="15083"/>
<Loc EndOffset="15178" SrcFileId="1" StartOffset="15161"/>
<Loc EndOffset="15255" SrcFileId="1" StartOffset="15181"/>
<Loc EndOffset="15284" SrcFileId="1" StartOffset="15259"/>
<Loc EndOffset="15361" SrcFileId="1" StartOffset="15287"/>
<Loc EndOffset="15391" SrcFileId="1" StartOffset="15365"/>
<Loc EndOffset="15468" SrcFileId="1" StartOffset="15394"/>
<Loc EndOffset="15487" SrcFileId="1" StartOffset="15472"/>
<Loc EndOffset="15564" SrcFileId="1" StartOffset="15490"/>
</LocList>
<BasicStmnt CovItemId="S277" CovItemPrefix="test.BillTest.java" Intrnl_Id="343">
<LocList>
<Loc EndOffset="14417" SrcFileId="1" StartOffset="14393"/>
</LocList>
</BasicStmnt>
<BasicStmnt CovItemId="S278" CovItemPrefix="test.BillTest.java" Intrnl_Id="344">
<LocList>
<Loc EndOffset="14472" SrcFileId="1" StartOffset="14420"/>
</LocList>
</BasicStmnt>
<BasicStmnt CovItemId="S279" CovItemPrefix="test.BillTest.java" Intrnl_Id="345">
<LocList>
<Loc EndOffset="14500" SrcFileId="1" StartOffset="14475"/>
</LocList>
</BasicStmnt>
<BasicStmnt CovItemId="S280" CovItemPrefix="test.BillTest.java" Intrnl_Id="346">
<LocList>
<Loc EndOffset="14570" SrcFileId="1" StartOffset="14503"/>
</LocList>
</BasicStmnt>
<BasicStmnt CovItemId="S281" CovItemPrefix="test.BillTest.java" Intrnl_Id="347">
<LocList>
<Loc EndOffset="14592" SrcFileId="1" StartOffset="14573"/>
</LocList>
</BasicStmnt>
<BasicStmnt CovItemId="S282" CovItemPrefix="test.BillTest.java" Intrnl_Id="348">
<LocList>
<Loc EndOffset="14663" SrcFileId="1" StartOffset="14595"/>
</LocList>
</BasicStmnt>
<BasicStmnt CovItemId="S283" CovItemPrefix="test.BillTest.java" Intrnl_Id="349">
<LocList>
<Loc EndOffset="14685" SrcFileId="1" StartOffset="14666"/>
</LocList>
</BasicStmnt>
<BasicStmnt CovItemId="S284" CovItemPrefix="test.BillTest.java" Intrnl_Id="350">
<LocList>
<Loc EndOffset="14765" SrcFileId="1" StartOffset="14688"/>
</LocList>
</BasicStmnt>
<BasicStmnt CovItemId="S285" CovItemPrefix="test.BillTest.java" Intrnl_Id="351">
<LocList>
<Loc EndOffset="14787" SrcFileId="1" StartOffset="14768"/>
</LocList>
</BasicStmnt>
<BasicStmnt CovItemId="S286" CovItemPrefix="test.BillTest.java" Intrnl_Id="352">
<LocList>
<Loc EndOffset="14857" SrcFileId="1" StartOffset="14790"/>
</LocList>
</BasicStmnt>
<BasicStmnt CovItemId="S287" CovItemPrefix="test.BillTest.java" Intrnl_Id="353">
<LocList>
<Loc EndOffset="14879" SrcFileId="1" StartOffset="14860"/>
</LocList>
</BasicStmnt>
<BasicStmnt CovItemId="S288" CovItemPrefix="test.BillTest.java" Intrnl_Id="354">
<LocList>
<Loc EndOffset="14956" SrcFileId="1" StartOffset="14882"/>
</LocList>
</BasicStmnt>
<BasicStmnt CovItemId="S289" CovItemPrefix="test.BillTest.java" Intrnl_Id="355">
<LocList>
<Loc EndOffset="14979" SrcFileId="1" StartOffset="14960"/>
</LocList>
</BasicStmnt>
<BasicStmnt CovItemId="S290" CovItemPrefix="test.BillTest.java" Intrnl_Id="356">
<LocList>
<Loc EndOffset="15056" SrcFileId="1" StartOffset="14982"/>
</LocList>
</BasicStmnt>
<BasicStmnt CovItemId="S291" CovItemPrefix="test.BillTest.java" Intrnl_Id="357">
<LocList>
<Loc EndOffset="15080" SrcFileId="1" StartOffset="15062"/>
</LocList>
</BasicStmnt>
<BasicStmnt CovItemId="S292" CovItemPrefix="test.BillTest.java" Intrnl_Id="358">
<LocList>
<Loc EndOffset="15157" SrcFileId="1" StartOffset="15083"/>
</LocList>
</BasicStmnt>
<BasicStmnt CovItemId="S293" CovItemPrefix="test.BillTest.java" Intrnl_Id="359">
<LocList>
<Loc EndOffset="15178" SrcFileId="1" StartOffset="15161"/>
</LocList>
</BasicStmnt>
<BasicStmnt CovItemId="S294" CovItemPrefix="test.BillTest.java" Intrnl_Id="360">
<LocList>
<Loc EndOffset="15255" SrcFileId="1" StartOffset="15181"/>
</LocList>
</BasicStmnt>
<BasicStmnt CovItemId="S295" CovItemPrefix="test.BillTest.java" Intrnl_Id="361">
<LocList>
<Loc EndOffset="15284" SrcFileId="1" StartOffset="15259"/>
</LocList>
</BasicStmnt>
<BasicStmnt CovItemId="S296" CovItemPrefix="test.BillTest.java" Intrnl_Id="362">
<LocList>
<Loc EndOffset="15361" SrcFileId="1" StartOffset="15287"/>
</LocList>
</BasicStmnt>
<BasicStmnt CovItemId="S297" CovItemPrefix="test.BillTest.java" Intrnl_Id="363">
<LocList>
<Loc EndOffset="15391" SrcFileId="1" StartOffset="15365"/>
</LocList>
</BasicStmnt>
<BasicStmnt CovItemId="S298" CovItemPrefix="test.BillTest.java" Intrnl_Id="364">
<LocList>
<Loc EndOffset="15468" SrcFileId="1" StartOffset="15394"/>
</LocList>
</BasicStmnt>
<BasicStmnt CovItemId="S299" CovItemPrefix="test.BillTest.java" Intrnl_Id="365">
<LocList>
<Loc EndOffset="15487" SrcFileId="1" StartOffset="15472"/>
</LocList>
</BasicStmnt>
<BasicStmnt CovItemId="S300" CovItemPrefix="test.BillTest.java" Intrnl_Id="366">
<LocList>
<Loc EndOffset="15564" SrcFileId="1" StartOffset="15490"/>
</LocList>
</BasicStmnt>
</StmntSeq>
</HierarchyLvl>
<HierarchyLvl HierarchyLvlId="286" HierarchyLvlTypeId="8" Intrnl_Id="367" Name="testcase26">
<Header>
<Loc EndOffset="15603" SrcFileId="1" StartOffset="15572"/>
</Header>
<LocList>
<Loc EndOffset="16154" SrcFileId="1" StartOffset="15572"/>
</LocList>
<StmntSeq Intrnl_Id="368">
<LocList>
<Loc EndOffset="15647" SrcFileId="1" StartOffset="15623"/>
<Loc EndOffset="15702" SrcFileId="1" StartOffset="15650"/>
<Loc EndOffset="15731" SrcFileId="1" StartOffset="15705"/>
<Loc EndOffset="15794" SrcFileId="1" StartOffset="15734"/>
<Loc EndOffset="15822" SrcFileId="1" StartOffset="15797"/>
<Loc EndOffset="15885" SrcFileId="1" StartOffset="15825"/>
<Loc EndOffset="15915" SrcFileId="1" StartOffset="15889"/>
<Loc EndOffset="15978" SrcFileId="1" StartOffset="15918"/>
<Loc EndOffset="16002" SrcFileId="1" StartOffset="15982"/>
<Loc EndOffset="16065" SrcFileId="1" StartOffset="16005"/>
<Loc EndOffset="16084" SrcFileId="1" StartOffset="16069"/>
<Loc EndOffset="16147" SrcFileId="1" StartOffset="16087"/>
</LocList>
<BasicStmnt CovItemId="S301" CovItemPrefix="test.BillTest.java" Intrnl_Id="369">
<LocList>
<Loc EndOffset="15647" SrcFileId="1" StartOffset="15623"/>
</LocList>
</BasicStmnt>
<BasicStmnt CovItemId="S302" CovItemPrefix="test.BillTest.java" Intrnl_Id="370">
<LocList>
<Loc EndOffset="15702" SrcFileId="1" StartOffset="15650"/>
</LocList>
</BasicStmnt>
<BasicStmnt CovItemId="S303" CovItemPrefix="test.BillTest.java" Intrnl_Id="371">
<LocList>
<Loc EndOffset="15731" SrcFileId="1" StartOffset="15705"/>
</LocList>
</BasicStmnt>
<BasicStmnt CovItemId="S304" CovItemPrefix="test.BillTest.java" Intrnl_Id="372">
<LocList>
<Loc EndOffset="15794" SrcFileId="1" StartOffset="15734"/>
</LocList>
</BasicStmnt>
<BasicStmnt CovItemId="S305" CovItemPrefix="test.BillTest.java" Intrnl_Id="373">
<LocList>
<Loc EndOffset="15822" SrcFileId="1" StartOffset="15797"/>
</LocList>
</BasicStmnt>
<BasicStmnt CovItemId="S306" CovItemPrefix="test.BillTest.java" Intrnl_Id="374">
<LocList>
<Loc EndOffset="15885" SrcFileId="1" StartOffset="15825"/>
</LocList>
</BasicStmnt>
<BasicStmnt CovItemId="S307" CovItemPrefix="test.BillTest.java" Intrnl_Id="375">
<LocList>
<Loc EndOffset="15915" SrcFileId="1" StartOffset="15889"/>
</LocList>
</BasicStmnt>
<BasicStmnt CovItemId="S308" CovItemPrefix="test.BillTest.java" Intrnl_Id="376">
<LocList>
<Loc EndOffset="15978" SrcFileId="1" StartOffset="15918"/>
</LocList>
</BasicStmnt>
<BasicStmnt CovItemId="S309" CovItemPrefix="test.BillTest.java" Intrnl_Id="377">
<LocList>
<Loc EndOffset="16002" SrcFileId="1" StartOffset="15982"/>
</LocList>
</BasicStmnt>
<BasicStmnt CovItemId="S310" CovItemPrefix="test.BillTest.java" Intrnl_Id="378">
<LocList>
<Loc EndOffset="16065" SrcFileId="1" StartOffset="16005"/>
</LocList>
</BasicStmnt>
<BasicStmnt CovItemId="S311" CovItemPrefix="test.BillTest.java" Intrnl_Id="379">
<LocList>
<Loc EndOffset="16084" SrcFileId="1" StartOffset="16069"/>
</LocList>
</BasicStmnt>
<BasicStmnt CovItemId="S312" CovItemPrefix="test.BillTest.java" Intrnl_Id="380">
<LocList>
<Loc EndOffset="16147" SrcFileId="1" StartOffset="16087"/>
</LocList>
</BasicStmnt>
</StmntSeq>
</HierarchyLvl>
<HierarchyLvl HierarchyLvlId="287" HierarchyLvlTypeId="8" Intrnl_Id="381" Name="testcase27">
<Header>
<Loc EndOffset="16187" SrcFileId="1" StartOffset="16156"/>
</Header>
<LocList>
<Loc EndOffset="16825" SrcFileId="1" StartOffset="16156"/>
</LocList>
<StmntSeq Intrnl_Id="382">
<LocList>
<Loc EndOffset="16231" SrcFileId="1" StartOffset="16207"/>
<Loc EndOffset="16286" SrcFileId="1" StartOffset="16234"/>
<Loc EndOffset="16315" SrcFileId="1" StartOffset="16289"/>
<Loc EndOffset="16378" SrcFileId="1" StartOffset="16318"/>
<Loc EndOffset="16400" SrcFileId="1" StartOffset="16381"/>
<Loc EndOffset="16464" SrcFileId="1" StartOffset="16403"/>
<Loc EndOffset="16492" SrcFileId="1" StartOffset="16467"/>
<Loc EndOffset="16556" SrcFileId="1" StartOffset="16495"/>
<Loc EndOffset="16586" SrcFileId="1" StartOffset="16560"/>
<Loc EndOffset="16650" SrcFileId="1" StartOffset="16589"/>
<Loc EndOffset="16674" SrcFileId="1" StartOffset="16654"/>
<Loc EndOffset="16738" SrcFileId="1" StartOffset="16677"/>
<Loc EndOffset="16757" SrcFileId="1" StartOffset="16742"/>
<Loc EndOffset="16821" SrcFileId="1" StartOffset="16760"/>
</LocList>
<BasicStmnt CovItemId="S313" CovItemPrefix="test.BillTest.java" Intrnl_Id="383">
<LocList>
<Loc EndOffset="16231" SrcFileId="1" StartOffset="16207"/>
</LocList>
</BasicStmnt>
<BasicStmnt CovItemId="S314" CovItemPrefix="test.BillTest.java" Intrnl_Id="384">
<LocList>
<Loc EndOffset="16286" SrcFileId="1" StartOffset="16234"/>
</LocList>
</BasicStmnt>
<BasicStmnt CovItemId="S315" CovItemPrefix="test.BillTest.java" Intrnl_Id="385">
<LocList>
<Loc EndOffset="16315" SrcFileId="1" StartOffset="16289"/>
</LocList>
</BasicStmnt>
<BasicStmnt CovItemId="S316" CovItemPrefix="test.BillTest.java" Intrnl_Id="386">
<LocList>
<Loc EndOffset="16378" SrcFileId="1" StartOffset="16318"/>
</LocList>
</BasicStmnt>
<BasicStmnt CovItemId="S317" CovItemPrefix="test.BillTest.java" Intrnl_Id="387">
<LocList>
<Loc EndOffset="16400" SrcFileId="1" StartOffset="16381"/>
</LocList>
</BasicStmnt>
<BasicStmnt CovItemId="S318" CovItemPrefix="test.BillTest.java" Intrnl_Id="388">
<LocList>
<Loc EndOffset="16464" SrcFileId="1" StartOffset="16403"/>
</LocList>
</BasicStmnt>
<BasicStmnt CovItemId="S319" CovItemPrefix="test.BillTest.java" Intrnl_Id="389">
<LocList>
<Loc EndOffset="16492" SrcFileId="1" StartOffset="16467"/>
</LocList>
</BasicStmnt>
<BasicStmnt CovItemId="S320" CovItemPrefix="test.BillTest.java" Intrnl_Id="390">
<LocList>
<Loc EndOffset="16556" SrcFileId="1" StartOffset="16495"/>
</LocList>
</BasicStmnt>
<BasicStmnt CovItemId="S321" CovItemPrefix="test.BillTest.java" Intrnl_Id="391">
<LocList>
<Loc EndOffset="16586" SrcFileId="1" StartOffset="16560"/>
</LocList>
</BasicStmnt>
<BasicStmnt CovItemId="S322" CovItemPrefix="test.BillTest.java" Intrnl_Id="392">
<LocList>
<Loc EndOffset="16650" SrcFileId="1" StartOffset="16589"/>
</LocList>
</BasicStmnt>
<BasicStmnt CovItemId="S323" CovItemPrefix="test.BillTest.java" Intrnl_Id="393">
<LocList>
<Loc EndOffset="16674" SrcFileId="1" StartOffset="16654"/>
</LocList>
</BasicStmnt>
<BasicStmnt CovItemId="S324" CovItemPrefix="test.BillTest.java" Intrnl_Id="394">
<LocList>
<Loc EndOffset="16738" SrcFileId="1" StartOffset="16677"/>
</LocList>
</BasicStmnt>
<BasicStmnt CovItemId="S325" CovItemPrefix="test.BillTest.java" Intrnl_Id="395">
<LocList>
<Loc EndOffset="16757" SrcFileId="1" StartOffset="16742"/>
</LocList>
</BasicStmnt>
<BasicStmnt CovItemId="S326" CovItemPrefix="test.BillTest.java" Intrnl_Id="396">
<LocList>
<Loc EndOffset="16821" SrcFileId="1" StartOffset="16760"/>
</LocList>
</BasicStmnt>
</StmntSeq>
</HierarchyLvl>
<HierarchyLvl HierarchyLvlId="288" HierarchyLvlTypeId="8" Intrnl_Id="397" Name="testcase28">
<Header>
<Loc EndOffset="16860" SrcFileId="1" StartOffset="16829"/>
</Header>
<LocList>
<Loc EndOffset="17629" SrcFileId="1" StartOffset="16829"/>
</LocList>
<StmntSeq Intrnl_Id="398">
<LocList>
<Loc EndOffset="16904" SrcFileId="1" StartOffset="16880"/>
<Loc EndOffset="16959" SrcFileId="1" StartOffset="16907"/>
<Loc EndOffset="16988" SrcFileId="1" StartOffset="16962"/>
<Loc EndOffset="17051" SrcFileId="1" StartOffset="16991"/>
<Loc EndOffset="17073" SrcFileId="1" StartOffset="17054"/>
<Loc EndOffset="17137" SrcFileId="1" StartOffset="17076"/>
<Loc EndOffset="17159" SrcFileId="1" StartOffset="17140"/>
<Loc EndOffset="17232" SrcFileId="1" StartOffset="17162"/>
<Loc EndOffset="17260" SrcFileId="1" StartOffset="17235"/>
<Loc EndOffset="17333" SrcFileId="1" StartOffset="17263"/>
<Loc EndOffset="17363" SrcFileId="1" StartOffset="17337"/>
<Loc EndOffset="17436" SrcFileId="1" StartOffset="17366"/>
<Loc EndOffset="17460" SrcFileId="1" StartOffset="17440"/>
<Loc EndOffset="17533" SrcFileId="1" StartOffset="17463"/>
<Loc EndOffset="17552" SrcFileId="1" StartOffset="17537"/>
<Loc EndOffset="17625" SrcFileId="1" StartOffset="17555"/>
</LocList>
<BasicStmnt CovItemId="S327" CovItemPrefix="test.BillTest.java" Intrnl_Id="399">
<LocList>
<Loc EndOffset="16904" SrcFileId="1" StartOffset="16880"/>
</LocList>
</BasicStmnt>
<BasicStmnt CovItemId="S328" CovItemPrefix="test.BillTest.java" Intrnl_Id="400">
<LocList>
<Loc EndOffset="16959" SrcFileId="1" StartOffset="16907"/>
</LocList>
</BasicStmnt>
<BasicStmnt CovItemId="S329" CovItemPrefix="test.BillTest.java" Intrnl_Id="401">
<LocList>
<Loc EndOffset="16988" SrcFileId="1" StartOffset="16962"/>
</LocList>
</BasicStmnt>
<BasicStmnt CovItemId="S330" CovItemPrefix="test.BillTest.java" Intrnl_Id="402">
<LocList>
<Loc EndOffset="17051" SrcFileId="1" StartOffset="16991"/>
</LocList>
</BasicStmnt>
<BasicStmnt CovItemId="S331" CovItemPrefix="test.BillTest.java" Intrnl_Id="403">
<LocList>
<Loc EndOffset="17073" SrcFileId="1" StartOffset="17054"/>
</LocList>
</BasicStmnt>
<BasicStmnt CovItemId="S332" CovItemPrefix="test.BillTest.java" Intrnl_Id="404">
<LocList>
<Loc EndOffset="17137" SrcFileId="1" StartOffset="17076"/>
</LocList>
</BasicStmnt>
<BasicStmnt CovItemId="S333" CovItemPrefix="test.BillTest.java" Intrnl_Id="405">
<LocList>
<Loc EndOffset="17159" SrcFileId="1" StartOffset="17140"/>
</LocList>
</BasicStmnt>
<BasicStmnt CovItemId="S334" CovItemPrefix="test.BillTest.java" Intrnl_Id="406">
<LocList>
<Loc EndOffset="17232" SrcFileId="1" StartOffset="17162"/>
</LocList>
</BasicStmnt>
<BasicStmnt CovItemId="S335" CovItemPrefix="test.BillTest.java" Intrnl_Id="407">
<LocList>
<Loc EndOffset="17260" SrcFileId="1" StartOffset="17235"/>
</LocList>
</BasicStmnt>
<BasicStmnt CovItemId="S336" CovItemPrefix="test.BillTest.java" Intrnl_Id="408">
<LocList>
<Loc EndOffset="17333" SrcFileId="1" StartOffset="17263"/>
</LocList>
</BasicStmnt>
<BasicStmnt CovItemId="S337" CovItemPrefix="test.BillTest.java" Intrnl_Id="409">
<LocList>
<Loc EndOffset="17363" SrcFileId="1" StartOffset="17337"/>
</LocList>
</BasicStmnt>
<BasicStmnt CovItemId="S338" CovItemPrefix="test.BillTest.java" Intrnl_Id="410">
<LocList>
<Loc EndOffset="17436" SrcFileId="1" StartOffset="17366"/>
</LocList>
</BasicStmnt>
<BasicStmnt CovItemId="S339" CovItemPrefix="test.BillTest.java" Intrnl_Id="411">
<LocList>
<Loc EndOffset="17460" SrcFileId="1" StartOffset="17440"/>
</LocList>
</BasicStmnt>
<BasicStmnt CovItemId="S340" CovItemPrefix="test.BillTest.java" Intrnl_Id="412">
<LocList>
<Loc EndOffset="17533" SrcFileId="1" StartOffset="17463"/>
</LocList>
</BasicStmnt>
<BasicStmnt CovItemId="S341" CovItemPrefix="test.BillTest.java" Intrnl_Id="413">
<LocList>
<Loc EndOffset="17552" SrcFileId="1" StartOffset="17537"/>
</LocList>
</BasicStmnt>
<BasicStmnt CovItemId="S342" CovItemPrefix="test.BillTest.java" Intrnl_Id="414">
<LocList>
<Loc EndOffset="17625" SrcFileId="1" StartOffset="17555"/>
</LocList>
</BasicStmnt>
</StmntSeq>
</HierarchyLvl>
<HierarchyLvl HierarchyLvlId="289" HierarchyLvlTypeId="8" Intrnl_Id="415" Name="testcase29">
<Header>
<Loc EndOffset="17664" SrcFileId="1" StartOffset="17633"/>
</Header>
<LocList>
<Loc EndOffset="18481" SrcFileId="1" StartOffset="17633"/>
</LocList>
<StmntSeq Intrnl_Id="416">
<LocList>
<Loc EndOffset="17708" SrcFileId="1" StartOffset="17684"/>
<Loc EndOffset="17763" SrcFileId="1" StartOffset="17711"/>
<Loc EndOffset="17792" SrcFileId="1" StartOffset="17766"/>
<Loc EndOffset="17855" SrcFileId="1" StartOffset="17795"/>
<Loc EndOffset="17877" SrcFileId="1" StartOffset="17858"/>
<Loc EndOffset="17941" SrcFileId="1" StartOffset="17880"/>
<Loc EndOffset="17963" SrcFileId="1" StartOffset="17944"/>
<Loc EndOffset="18036" SrcFileId="1" StartOffset="17966"/>
<Loc EndOffset="18058" SrcFileId="1" StartOffset="18039"/>
<Loc EndOffset="18121" SrcFileId="1" StartOffset="18061"/>
<Loc EndOffset="18149" SrcFileId="1" StartOffset="18124"/>
<Loc EndOffset="18212" SrcFileId="1" StartOffset="18152"/>
<Loc EndOffset="18245" SrcFileId="1" StartOffset="18219"/>
<Loc EndOffset="18308" SrcFileId="1" StartOffset="18248"/>
<Loc EndOffset="18332" SrcFileId="1" StartOffset="18312"/>
<Loc EndOffset="18395" SrcFileId="1" StartOffset="18335"/>
<Loc EndOffset="18414" SrcFileId="1" StartOffset="18399"/>
<Loc EndOffset="18477" SrcFileId="1" StartOffset="18417"/>
</LocList>
<BasicStmnt CovItemId="S343" CovItemPrefix="test.BillTest.java" Intrnl_Id="417">
<LocList>
<Loc EndOffset="17708" SrcFileId="1" StartOffset="17684"/>
</LocList>
</BasicStmnt>
<BasicStmnt CovItemId="S344" CovItemPrefix="test.BillTest.java" Intrnl_Id="418">
<LocList>
<Loc EndOffset="17763" SrcFileId="1" StartOffset="17711"/>
</LocList>
</BasicStmnt>
<BasicStmnt CovItemId="S345" CovItemPrefix="test.BillTest.java" Intrnl_Id="419">
<LocList>
<Loc EndOffset="17792" SrcFileId="1" StartOffset="17766"/>
</LocList>
</BasicStmnt>
<BasicStmnt CovItemId="S346" CovItemPrefix="test.BillTest.java" Intrnl_Id="420">
<LocList>
<Loc EndOffset="17855" SrcFileId="1" StartOffset="17795"/>
</LocList>
</BasicStmnt>
<BasicStmnt CovItemId="S347" CovItemPrefix="test.BillTest.java" Intrnl_Id="421">
<LocList>
<Loc EndOffset="17877" SrcFileId="1" StartOffset="17858"/>
</LocList>
</BasicStmnt>
<BasicStmnt CovItemId="S348" CovItemPrefix="test.BillTest.java" Intrnl_Id="422">
<LocList>
<Loc EndOffset="17941" SrcFileId="1" StartOffset="17880"/>
</LocList>
</BasicStmnt>
<BasicStmnt CovItemId="S349" CovItemPrefix="test.BillTest.java" Intrnl_Id="423">
<LocList>
<Loc EndOffset="17963" SrcFileId="1" StartOffset="17944"/>
</LocList>
</BasicStmnt>
<BasicStmnt CovItemId="S350" CovItemPrefix="test.BillTest.java" Intrnl_Id="424">
<LocList>
<Loc EndOffset="18036" SrcFileId="1" StartOffset="17966"/>
</LocList>
</BasicStmnt>
<BasicStmnt CovItemId="S351" CovItemPrefix="test.BillTest.java" Intrnl_Id="425">
<LocList>
<Loc EndOffset="18058" SrcFileId="1" StartOffset="18039"/>
</LocList>
</BasicStmnt>
<BasicStmnt CovItemId="S352" CovItemPrefix="test.BillTest.java" Intrnl_Id="426">
<LocList>
<Loc EndOffset="18121" SrcFileId="1" StartOffset="18061"/>
</LocList>
</BasicStmnt>
<BasicStmnt CovItemId="S353" CovItemPrefix="test.BillTest.java" Intrnl_Id="427">
<LocList>
<Loc EndOffset="18149" SrcFileId="1" StartOffset="18124"/>
</LocList>
</BasicStmnt>
<BasicStmnt CovItemId="S354" CovItemPrefix="test.BillTest.java" Intrnl_Id="428">
<LocList>
<Loc EndOffset="18212" SrcFileId="1" StartOffset="18152"/>
</LocList>
</BasicStmnt>
<BasicStmnt CovItemId="S355" CovItemPrefix="test.BillTest.java" Intrnl_Id="429">
<LocList>
<Loc EndOffset="18245" SrcFileId="1" StartOffset="18219"/>
</LocList>
</BasicStmnt>
<BasicStmnt CovItemId="S356" CovItemPrefix="test.BillTest.java" Intrnl_Id="430">
<LocList>
<Loc EndOffset="18308" SrcFileId="1" StartOffset="18248"/>
</LocList>
</BasicStmnt>
<BasicStmnt CovItemId="S357" CovItemPrefix="test.BillTest.java" Intrnl_Id="431">
<LocList>
<Loc EndOffset="18332" SrcFileId="1" StartOffset="18312"/>
</LocList>
</BasicStmnt>
<BasicStmnt CovItemId="S358" CovItemPrefix="test.BillTest.java" Intrnl_Id="432">
<LocList>
<Loc EndOffset="18395" SrcFileId="1" StartOffset="18335"/>
</LocList>
</BasicStmnt>
<BasicStmnt CovItemId="S359" CovItemPrefix="test.BillTest.java" Intrnl_Id="433">
<LocList>
<Loc EndOffset="18414" SrcFileId="1" StartOffset="18399"/>
</LocList>
</BasicStmnt>
<BasicStmnt CovItemId="S360" CovItemPrefix="test.BillTest.java" Intrnl_Id="434">
<LocList>
<Loc EndOffset="18477" SrcFileId="1" StartOffset="18417"/>
</LocList>
</BasicStmnt>
</StmntSeq>
</HierarchyLvl>
</HierarchyLvl>
</HierarchyLvl>
<HierarchyLvl HierarchyLvlId="319" HierarchyLvlTypeId="6" Intrnl_Id="435" Name="bill">
<Header/>
<LocList/>
<HierarchyLvl HierarchyLvlId="317" HierarchyLvlTypeId="7" Intrnl_Id="436" Name="Bill">
<Header>
<Loc EndOffset="90" SrcFileId="2" StartOffset="73"/>
</Header>
<LocList>
<Loc EndOffset="255" SrcFileId="2" StartOffset="73"/>
<Loc EndOffset="367" SrcFileId="2" StartOffset="364"/>
<Loc EndOffset="489" SrcFileId="2" StartOffset="486"/>
<Loc EndOffset="11226" SrcFileId="2" StartOffset="591"/>
</LocList>
<HierarchyLvl HierarchyLvlId="291" HierarchyLvlTypeId="5" Intrnl_Id="437" Name="BillState">
<Header>
<Loc EndOffset="269" SrcFileId="2" StartOffset="255"/>
</Header>
<LocList>
<Loc EndOffset="364" SrcFileId="2" StartOffset="255"/>
</LocList>
</HierarchyLvl>
<HierarchyLvl HierarchyLvlId="292" HierarchyLvlTypeId="5" Intrnl_Id="438" Name="BillStateInHouseOfCommons">
<Header>
<Loc EndOffset="397" SrcFileId="2" StartOffset="367"/>
</Header>
<LocList>
<Loc EndOffset="486" SrcFileId="2" StartOffset="367"/>
</LocList>
</HierarchyLvl>
<HierarchyLvl HierarchyLvlId="293" HierarchyLvlTypeId="5" Intrnl_Id="439" Name="BillStateInSenate">
<Header>
<Loc EndOffset="511" SrcFileId="2" StartOffset="489"/>
</Header>
<LocList>
<Loc EndOffset="591" SrcFileId="2" StartOffset="489"/>
</LocList>
</HierarchyLvl>
<HierarchyLvl HierarchyLvlId="294" HierarchyLvlTypeId="8" Intrnl_Id="440" Name="Bill">
<Header>
<Loc EndOffset="825" SrcFileId="2" StartOffset="812"/>
</Header>
<LocList>
<Loc EndOffset="1018" SrcFileId="2" StartOffset="812"/>
</LocList>
<StmntSeq Intrnl_Id="441">
<LocList>
<Loc EndOffset="855" SrcFileId="2" StartOffset="834"/>
<Loc EndOffset="921" SrcFileId="2" StartOffset="860"/>
<Loc EndOffset="971" SrcFileId="2" StartOffset="926"/>
<Loc EndOffset="1014" SrcFileId="2" StartOffset="976"/>
</LocList>
<BasicStmnt CovItemId="S1" CovItemPrefix="bill.Bill.java" Intrnl_Id="442">
<LocList>
<Loc EndOffset="855" SrcFileId="2" StartOffset="834"/>
</LocList>
</BasicStmnt>
<BasicStmnt CovItemId="S2" CovItemPrefix="bill.Bill.java" Intrnl_Id="443">
<LocList>
<Loc EndOffset="921" SrcFileId="2" StartOffset="860"/>
</LocList>
</BasicStmnt>
<BasicStmnt CovItemId="S3" CovItemPrefix="bill.Bill.java" Intrnl_Id="444">
<LocList>
<Loc EndOffset="971" SrcFileId="2" StartOffset="926"/>
</LocList>
</BasicStmnt>
<BasicStmnt CovItemId="S4" CovItemPrefix="bill.Bill.java" Intrnl_Id="445">
<LocList>
<Loc EndOffset="1014" SrcFileId="2" StartOffset="976"/>
</LocList>
</BasicStmnt>
</StmntSeq>
</HierarchyLvl>
<HierarchyLvl HierarchyLvlId="295" HierarchyLvlTypeId="8" Intrnl_Id="446" Name="setIsCommonsBill">
<Header>
<Loc EndOffset="1151" SrcFileId="2" StartOffset="1096"/>
</Header>
<LocList>
<Loc EndOffset="1261" SrcFileId="2" StartOffset="1096"/>
</LocList>
<StmntSeq Intrnl_Id="447">
<LocList>
<Loc EndOffset="1183" SrcFileId="2" StartOffset="1160"/>
<Loc EndOffset="1219" SrcFileId="2" StartOffset="1188"/>
<Loc EndOffset="1238" SrcFileId="2" StartOffset="1224"/>
<Loc EndOffset="1257" SrcFileId="2" StartOffset="1243"/>
</LocList>
<BasicStmnt CovItemId="S5" CovItemPrefix="bill.Bill.java" Intrnl_Id="448">
<LocList>
<Loc EndOffset="1183" SrcFileId="2" StartOffset="1160"/>
</LocList>
</BasicStmnt>
<BasicStmnt CovItemId="S6" CovItemPrefix="bill.Bill.java" Intrnl_Id="449">
<LocList>
<Loc EndOffset="1219" SrcFileId="2" StartOffset="1188"/>
</LocList>
</BasicStmnt>
<BasicStmnt CovItemId="S7" CovItemPrefix="bill.Bill.java" Intrnl_Id="450">
<LocList>
<Loc EndOffset="1238" SrcFileId="2" StartOffset="1224"/>
</LocList>
</BasicStmnt>
<BasicStmnt CovItemId="S8" CovItemPrefix="bill.Bill.java" Intrnl_Id="451">
<LocList>
<Loc EndOffset="1257" SrcFileId="2" StartOffset="1243"/>
</LocList>
</BasicStmnt>
</StmntSeq>
</HierarchyLvl>
<HierarchyLvl HierarchyLvlId="296" HierarchyLvlTypeId="8" Intrnl_Id="452" Name="getIsCommonsBill">
<Header>
<Loc EndOffset="1298" SrcFileId="2" StartOffset="1265"/>
</Header>
<LocList>
<Loc EndOffset="1332" SrcFileId="2" StartOffset="1265"/>
</LocList>
<StmntSeq Intrnl_Id="453">
<LocList>
<Loc EndOffset="1328" SrcFileId="2" StartOffset="1307"/>
</LocList>
<BasicStmnt CovItemId="S9" CovItemPrefix="bill.Bill.java" Intrnl_Id="454">
<LocList>
<Loc EndOffset="1328" SrcFileId="2" StartOffset="1307"/>
</LocList>
</BasicStmnt>
</StmntSeq>
</HierarchyLvl>
<HierarchyLvl HierarchyLvlId="297" HierarchyLvlTypeId="8" Intrnl_Id="455" Name="isIsCommonsBill">
<Header>
<Loc EndOffset="1368" SrcFileId="2" StartOffset="1336"/>
</Header>
<LocList>
<Loc EndOffset="1402" SrcFileId="2" StartOffset="1336"/>
</LocList>
<StmntSeq Intrnl_Id="456">
<LocList>
<Loc EndOffset="1398" SrcFileId="2" StartOffset="1377"/>
</LocList>
<BasicStmnt CovItemId="S10" CovItemPrefix="bill.Bill.java" Intrnl_Id="457">
<LocList>
<Loc EndOffset="1398" SrcFileId="2" StartOffset="1377"/>
</LocList>
</BasicStmnt>
</StmntSeq>
</HierarchyLvl>
<HierarchyLvl HierarchyLvlId="298" HierarchyLvlTypeId="8" Intrnl_Id="458" Name="introduceInHouse">
<Header>
<Loc EndOffset="1439" SrcFileId="2" StartOffset="1406"/>
</Header>
<LocList>
<Loc EndOffset="1785" SrcFileId="2" StartOffset="1406"/>
</LocList>
<StmntSeq Intrnl_Id="459">
<LocList>
<Loc EndOffset="1482" SrcFileId="2" StartOffset="1448"/>
<Loc EndOffset="1525" SrcFileId="2" StartOffset="1492"/>
<Loc EndOffset="1750" SrcFileId="2" StartOffset="1530"/>
<Loc EndOffset="1781" SrcFileId="2" StartOffset="1756"/>
</LocList>
<BasicStmnt CovItemId="S11" CovItemPrefix="bill.Bill.java" Intrnl_Id="460">
<LocList>
<Loc EndOffset="1482" SrcFileId="2" StartOffset="1448"/>
</LocList>
</BasicStmnt>
<BasicStmnt CovItemId="S12" CovItemPrefix="bill.Bill.java" Intrnl_Id="461">
<LocList>
<Loc EndOffset="1525" SrcFileId="2" StartOffset="1492"/>
</LocList>
</BasicStmnt>
<CondStmnt CovItemId="S13" CovItemPrefix="bill.Bill.java" Intrnl_Id="462">
<Branch CovItemId="B1" CovItemPrefix="bill.Bill.java" Implct="false" Intrnl_Id="463">
<Cond>
<Loc EndOffset="1580" SrcFileId="2" StartOffset="1562"/>
</Cond>
<LocList>
<Loc EndOffset="1680" SrcFileId="2" StartOffset="1590"/>
</LocList>
<StmntSeq Intrnl_Id="464">
<LocList>
<Loc EndOffset="1631" SrcFileId="2" StartOffset="1590"/>
<Loc EndOffset="1665" SrcFileId="2" StartOffset="1640"/>
<Loc EndOffset="1680" SrcFileId="2" StartOffset="1674"/>
</LocList>
<BasicStmnt CovItemId="S14" CovItemPrefix="bill.Bill.java" Intrnl_Id="465">
<LocList>
<Loc EndOffset="1631" SrcFileId="2" StartOffset="1590"/>
</LocList>
</BasicStmnt>
<BasicStmnt CovItemId="S15" CovItemPrefix="bill.Bill.java" Intrnl_Id="466">
<LocList>
<Loc EndOffset="1665" SrcFileId="2" StartOffset="1640"/>
</LocList>
</BasicStmnt>
<BasicStmnt CovItemId="S16" CovItemPrefix="bill.Bill.java" Intrnl_Id="467">
<LocList>
<Loc EndOffset="1680" SrcFileId="2" StartOffset="1674"/>
</LocList>
</BasicStmnt>
</StmntSeq>
</Branch>
<Branch CovItemId="B2" CovItemPrefix="bill.Bill.java" Implct="false" Intrnl_Id="468">
<Cond>
<Loc EndOffset="1694" SrcFileId="2" StartOffset="1687"/>
</Cond>
<LocList/>
<StmntSeq Intrnl_Id="469">
<LocList/>
</StmntSeq>
</Branch>
<Keyword EndOffset="1536" SrcFileId="2" StartOffset="1530"/>
<LocList>
<Loc EndOffset="1750" SrcFileId="2" StartOffset="1530"/>
</LocList>
</CondStmnt>
<BasicStmnt CovItemId="S17" CovItemPrefix="bill.Bill.java" Intrnl_Id="470">
<LocList>
<Loc EndOffset="1781" SrcFileId="2" StartOffset="1756"/>
</LocList>
</BasicStmnt>
</StmntSeq>
</HierarchyLvl>
<HierarchyLvl HierarchyLvlId="299" HierarchyLvlTypeId="8" Intrnl_Id="471" Name="introduceInSenate">
<Header>
<Loc EndOffset="1823" SrcFileId="2" StartOffset="1789"/>
</Header>
<LocList>
<Loc EndOffset="2192" SrcFileId="2" StartOffset="1789"/>
</LocList>
<StmntSeq Intrnl_Id="472">
<LocList>
<Loc EndOffset="1866" SrcFileId="2" StartOffset="1832"/>
<Loc EndOffset="1909" SrcFileId="2" StartOffset="1876"/>
<Loc EndOffset="2157" SrcFileId="2" StartOffset="1914"/>
<Loc EndOffset="2188" SrcFileId="2" StartOffset="2163"/>
</LocList>
<BasicStmnt CovItemId="S18" CovItemPrefix="bill.Bill.java" Intrnl_Id="473">
<LocList>
<Loc EndOffset="1866" SrcFileId="2" StartOffset="1832"/>
</LocList>
</BasicStmnt>
<BasicStmnt CovItemId="S19" CovItemPrefix="bill.Bill.java" Intrnl_Id="474">
<LocList>
<Loc EndOffset="1909" SrcFileId="2" StartOffset="1876"/>
</LocList>
</BasicStmnt>
<CondStmnt CovItemId="S20" CovItemPrefix="bill.Bill.java" Intrnl_Id="475">
<Branch CovItemId="B3" CovItemPrefix="bill.Bill.java" Implct="false" Intrnl_Id="476">
<Cond>
<Loc EndOffset="1964" SrcFileId="2" StartOffset="1946"/>
</Cond>
<LocList>
<Loc EndOffset="2087" SrcFileId="2" StartOffset="1974"/>
</LocList>
<StmntSeq Intrnl_Id="477">
<LocList>
<Loc EndOffset="1996" SrcFileId="2" StartOffset="1974"/>
<Loc EndOffset="2038" SrcFileId="2" StartOffset="2005"/>
<Loc EndOffset="2072" SrcFileId="2" StartOffset="2047"/>
<Loc EndOffset="2087" SrcFileId="2" StartOffset="2081"/>
</LocList>
<BasicStmnt CovItemId="S21" CovItemPrefix="bill.Bill.java" Intrnl_Id="478">
<LocList>
<Loc EndOffset="1996" SrcFileId="2" StartOffset="1974"/>
</LocList>
</BasicStmnt>
<BasicStmnt CovItemId="S22" CovItemPrefix="bill.Bill.java" Intrnl_Id="479">
<LocList>
<Loc EndOffset="2038" SrcFileId="2" StartOffset="2005"/>
</LocList>
</BasicStmnt>
<BasicStmnt CovItemId="S23" CovItemPrefix="bill.Bill.java" Intrnl_Id="480">
<LocList>
<Loc EndOffset="2072" SrcFileId="2" StartOffset="2047"/>
</LocList>
</BasicStmnt>
<BasicStmnt CovItemId="S24" CovItemPrefix="bill.Bill.java" Intrnl_Id="481">
<LocList>
<Loc EndOffset="2087" SrcFileId="2" StartOffset="2081"/>
</LocList>
</BasicStmnt>
</StmntSeq>
</Branch>
<Branch CovItemId="B4" CovItemPrefix="bill.Bill.java" Implct="false" Intrnl_Id="482">
<Cond>
<Loc EndOffset="2101" SrcFileId="2" StartOffset="2094"/>
</Cond>
<LocList/>
<StmntSeq Intrnl_Id="483">
<LocList/>
</StmntSeq>
</Branch>
<Keyword EndOffset="1920" SrcFileId="2" StartOffset="1914"/>
<LocList>
<Loc EndOffset="2157" SrcFileId="2" StartOffset="1914"/>
</LocList>
</CondStmnt>
<BasicStmnt CovItemId="S25" CovItemPrefix="bill.Bill.java" Intrnl_Id="484">
<LocList>
<Loc EndOffset="2188" SrcFileId="2" StartOffset="2163"/>
</LocList>
</BasicStmnt>
</StmntSeq>
</HierarchyLvl>
<HierarchyLvl HierarchyLvlId="300" HierarchyLvlTypeId="8" Intrnl_Id="485" Name="withdraw">
<Header>
<Loc EndOffset="2221" SrcFileId="2" StartOffset="2196"/>
</Header>
<LocList>
<Loc EndOffset="2726" SrcFileId="2" StartOffset="2196"/>
</LocList>
<StmntSeq Intrnl_Id="486">
<LocList>
<Loc EndOffset="2264" SrcFileId="2" StartOffset="2230"/>
<Loc EndOffset="2307" SrcFileId="2" StartOffset="2274"/>
<Loc EndOffset="2691" SrcFileId="2" StartOffset="2312"/>
<Loc EndOffset="2722" SrcFileId="2" StartOffset="2697"/>
</LocList>
<BasicStmnt CovItemId="S26" CovItemPrefix="bill.Bill.java" Intrnl_Id="487">
<LocList>
<Loc EndOffset="2264" SrcFileId="2" StartOffset="2230"/>
</LocList>
</BasicStmnt>
<BasicStmnt CovItemId="S27" CovItemPrefix="bill.Bill.java" Intrnl_Id="488">
<LocList>
<Loc EndOffset="2307" SrcFileId="2" StartOffset="2274"/>
</LocList>
</BasicStmnt>
<CondStmnt CovItemId="S28" CovItemPrefix="bill.Bill.java" Intrnl_Id="489">
<Branch CovItemId="B5" CovItemPrefix="bill.Bill.java" Implct="false" Intrnl_Id="490">
<Cond>
<Loc EndOffset="2365" SrcFileId="2" StartOffset="2344"/>
</Cond>
<LocList>
<Loc EndOffset="2483" SrcFileId="2" StartOffset="2375"/>
</LocList>
<StmntSeq Intrnl_Id="491">
<LocList>
<Loc EndOffset="2391" SrcFileId="2" StartOffset="2375"/>
<Loc EndOffset="2434" SrcFileId="2" StartOffset="2400"/>
<Loc EndOffset="2468" SrcFileId="2" StartOffset="2443"/>
<Loc EndOffset="2483" SrcFileId="2" StartOffset="2477"/>
</LocList>
<BasicStmnt CovItemId="S29" CovItemPrefix="bill.Bill.java" Intrnl_Id="492">
<LocList>
<Loc EndOffset="2391" SrcFileId="2" StartOffset="2375"/>
</LocList>
</BasicStmnt>
<BasicStmnt CovItemId="S30" CovItemPrefix="bill.Bill.java" Intrnl_Id="493">
<LocList>
<Loc EndOffset="2434" SrcFileId="2" StartOffset="2400"/>
</LocList>
</BasicStmnt>
<BasicStmnt CovItemId="S31" CovItemPrefix="bill.Bill.java" Intrnl_Id="494">
<LocList>
<Loc EndOffset="2468" SrcFileId="2" StartOffset="2443"/>
</LocList>
</BasicStmnt>
<BasicStmnt CovItemId="S32" CovItemPrefix="bill.Bill.java" Intrnl_Id="495">
<LocList>
<Loc EndOffset="2483" SrcFileId="2" StartOffset="2477"/>
</LocList>
</BasicStmnt>
</StmntSeq>
</Branch>
<Branch CovItemId="B6" CovItemPrefix="bill.Bill.java" Implct="false" Intrnl_Id="496">
<Cond>
<Loc EndOffset="2503" SrcFileId="2" StartOffset="2490"/>
</Cond>
<LocList>
<Loc EndOffset="2621" SrcFileId="2" StartOffset="2513"/>
</LocList>
<StmntSeq Intrnl_Id="497">
<LocList>
<Loc EndOffset="2529" SrcFileId="2" StartOffset="2513"/>
<Loc EndOffset="2572" SrcFileId="2" StartOffset="2538"/>
<Loc EndOffset="2606" SrcFileId="2" StartOffset="2581"/>
<Loc EndOffset="2621" SrcFileId="2" StartOffset="2615"/>
</LocList>
<BasicStmnt CovItemId="S33" CovItemPrefix="bill.Bill.java" Intrnl_Id="498">
<LocList>
<Loc EndOffset="2529" SrcFileId="2" StartOffset="2513"/>
</LocList>
</BasicStmnt>
<BasicStmnt CovItemId="S34" CovItemPrefix="bill.Bill.java" Intrnl_Id="499">
<LocList>
<Loc EndOffset="2572" SrcFileId="2" StartOffset="2538"/>
</LocList>
</BasicStmnt>
<BasicStmnt CovItemId="S35" CovItemPrefix="bill.Bill.java" Intrnl_Id="500">
<LocList>
<Loc EndOffset="2606" SrcFileId="2" StartOffset="2581"/>
</LocList>
</BasicStmnt>
<BasicStmnt CovItemId="S36" CovItemPrefix="bill.Bill.java" Intrnl_Id="501">
<LocList>
<Loc EndOffset="2621" SrcFileId="2" StartOffset="2615"/>
</LocList>
</BasicStmnt>
</StmntSeq>
</Branch>
<Branch CovItemId="B7" CovItemPrefix="bill.Bill.java" Implct="false" Intrnl_Id="502">
<Cond>
<Loc EndOffset="2635" SrcFileId="2" StartOffset="2628"/>
</Cond>
<LocList/>
<StmntSeq Intrnl_Id="503">
<LocList/>
</StmntSeq>
</Branch>
<Keyword EndOffset="2318" SrcFileId="2" StartOffset="2312"/>
<LocList>
<Loc EndOffset="2691" SrcFileId="2" StartOffset="2312"/>
</LocList>
</CondStmnt>
<BasicStmnt CovItemId="S37" CovItemPrefix="bill.Bill.java" Intrnl_Id="504">
<LocList>
<Loc EndOffset="2722" SrcFileId="2" StartOffset="2697"/>
</LocList>
</BasicStmnt>
</StmntSeq>
</HierarchyLvl>
<HierarchyLvl HierarchyLvlId="301" HierarchyLvlTypeId="8" Intrnl_Id="505" Name="voteFails">
<Header>
<Loc EndOffset="2756" SrcFileId="2" StartOffset="2730"/>
</Header>
<LocList>
<Loc EndOffset="3341" SrcFileId="2" StartOffset="2730"/>
</LocList>
<StmntSeq Intrnl_Id="506">
<LocList>
<Loc EndOffset="2799" SrcFileId="2" StartOffset="2765"/>
<Loc EndOffset="2842" SrcFileId="2" StartOffset="2809"/>
<Loc EndOffset="3306" SrcFileId="2" StartOffset="2847"/>
<Loc EndOffset="3337" SrcFileId="2" StartOffset="3312"/>
</LocList>
<BasicStmnt CovItemId="S38" CovItemPrefix="bill.Bill.java" Intrnl_Id="507">
<LocList>
<Loc EndOffset="2799" SrcFileId="2" StartOffset="2765"/>
</LocList>
</BasicStmnt>
<BasicStmnt CovItemId="S39" CovItemPrefix="bill.Bill.java" Intrnl_Id="508">
<LocList>
<Loc EndOffset="2842" SrcFileId="2" StartOffset="2809"/>
</LocList>
</BasicStmnt>
<CondStmnt CovItemId="S40" CovItemPrefix="bill.Bill.java" Intrnl_Id="509">
<Branch CovItemId="B8" CovItemPrefix="bill.Bill.java" Implct="false" Intrnl_Id="510">
<Cond>
<Loc EndOffset="2900" SrcFileId="2" StartOffset="2879"/>
</Cond>
<LocList>
<Loc EndOffset="3098" SrcFileId="2" StartOffset="2991"/>
</LocList>
<StmntSeq Intrnl_Id="511">
<LocList>
<Loc EndOffset="3007" SrcFileId="2" StartOffset="2991"/>
<Loc EndOffset="3049" SrcFileId="2" StartOffset="3015"/>
<Loc EndOffset="3083" SrcFileId="2" StartOffset="3058"/>
<Loc EndOffset="3098" SrcFileId="2" StartOffset="3092"/>
</LocList>
<BasicStmnt CovItemId="S41" CovItemPrefix="bill.Bill.java" Intrnl_Id="512">
<LocList>
<Loc EndOffset="3007" SrcFileId="2" StartOffset="2991"/>
</LocList>
</BasicStmnt>
<BasicStmnt CovItemId="S42" CovItemPrefix="bill.Bill.java" Intrnl_Id="513">
<LocList>
<Loc EndOffset="3049" SrcFileId="2" StartOffset="3015"/>
</LocList>
</BasicStmnt>
<BasicStmnt CovItemId="S43" CovItemPrefix="bill.Bill.java" Intrnl_Id="514">
<LocList>
<Loc EndOffset="3083" SrcFileId="2" StartOffset="3058"/>
</LocList>
</BasicStmnt>
<BasicStmnt CovItemId="S44" CovItemPrefix="bill.Bill.java" Intrnl_Id="515">
<LocList>
<Loc EndOffset="3098" SrcFileId="2" StartOffset="3092"/>
</LocList>
</BasicStmnt>
</StmntSeq>
</Branch>
<Branch CovItemId="B9" CovItemPrefix="bill.Bill.java" Implct="false" Intrnl_Id="516">
<Cond>
<Loc EndOffset="3118" SrcFileId="2" StartOffset="3105"/>
</Cond>
<LocList>
<Loc EndOffset="3236" SrcFileId="2" StartOffset="3128"/>
</LocList>
<StmntSeq Intrnl_Id="517">
<LocList>
<Loc EndOffset="3144" SrcFileId="2" StartOffset="3128"/>
<Loc EndOffset="3187" SrcFileId="2" StartOffset="3153"/>
<Loc EndOffset="3221" SrcFileId="2" StartOffset="3196"/>
<Loc EndOffset="3236" SrcFileId="2" StartOffset="3230"/>
</LocList>
<BasicStmnt CovItemId="S45" CovItemPrefix="bill.Bill.java" Intrnl_Id="518">
<LocList>
<Loc EndOffset="3144" SrcFileId="2" StartOffset="3128"/>
</LocList>
</BasicStmnt>
<BasicStmnt CovItemId="S46" CovItemPrefix="bill.Bill.java" Intrnl_Id="519">
<LocList>
<Loc EndOffset="3187" SrcFileId="2" StartOffset="3153"/>
</LocList>
</BasicStmnt>
<BasicStmnt CovItemId="S47" CovItemPrefix="bill.Bill.java" Intrnl_Id="520">
<LocList>
<Loc EndOffset="3221" SrcFileId="2" StartOffset="3196"/>
</LocList>
</BasicStmnt>
<BasicStmnt CovItemId="S48" CovItemPrefix="bill.Bill.java" Intrnl_Id="521">
<LocList>
<Loc EndOffset="3236" SrcFileId="2" StartOffset="3230"/>
</LocList>
</BasicStmnt>
</StmntSeq>
</Branch>
<Branch CovItemId="B10" CovItemPrefix="bill.Bill.java" Implct="false" Intrnl_Id="522">
<Cond>
<Loc EndOffset="3250" SrcFileId="2" StartOffset="3243"/>
</Cond>
<LocList/>
<StmntSeq Intrnl_Id="523">
<LocList/>
</StmntSeq>
</Branch>
<Keyword EndOffset="2853" SrcFileId="2" StartOffset="2847"/>
<LocList>
<Loc EndOffset="3306" SrcFileId="2" StartOffset="2847"/>
</LocList>
</CondStmnt>
<BasicStmnt CovItemId="S49" CovItemPrefix="bill.Bill.java" Intrnl_Id="524">
<LocList>
<Loc EndOffset="3337" SrcFileId="2" StartOffset="3312"/>
</LocList>
</BasicStmnt>
</StmntSeq>
</HierarchyLvl>
<HierarchyLvl HierarchyLvlId="302" HierarchyLvlTypeId="8" Intrnl_Id="525" Name="royalAssent">
<Header>
<Loc EndOffset="3373" SrcFileId="2" StartOffset="3345"/>
</Header>
<LocList>
<Loc EndOffset="3724" SrcFileId="2" StartOffset="3345"/>
</LocList>
<StmntSeq Intrnl_Id="526">
<LocList>
<Loc EndOffset="3416" SrcFileId="2" StartOffset="3382"/>
<Loc EndOffset="3459" SrcFileId="2" StartOffset="3426"/>
<Loc EndOffset="3689" SrcFileId="2" StartOffset="3464"/>
<Loc EndOffset="3720" SrcFileId="2" StartOffset="3695"/>
</LocList>
<BasicStmnt CovItemId="S50" CovItemPrefix="bill.Bill.java" Intrnl_Id="527">
<LocList>
<Loc EndOffset="3416" SrcFileId="2" StartOffset="3382"/>
</LocList>
</BasicStmnt>
<BasicStmnt CovItemId="S51" CovItemPrefix="bill.Bill.java" Intrnl_Id="528">
<LocList>
<Loc EndOffset="3459" SrcFileId="2" StartOffset="3426"/>
</LocList>
</BasicStmnt>
<CondStmnt CovItemId="S52" CovItemPrefix="bill.Bill.java" Intrnl_Id="529">
<Branch CovItemId="B11" CovItemPrefix="bill.Bill.java" Implct="false" Intrnl_Id="530">
<Cond>
<Loc EndOffset="3520" SrcFileId="2" StartOffset="3496"/>
</Cond>
<LocList>
<Loc EndOffset="3619" SrcFileId="2" StartOffset="3530"/>
</LocList>
<StmntSeq Intrnl_Id="531">
<LocList>
<Loc EndOffset="3570" SrcFileId="2" StartOffset="3530"/>
<Loc EndOffset="3604" SrcFileId="2" StartOffset="3579"/>
<Loc EndOffset="3619" SrcFileId="2" StartOffset="3613"/>
</LocList>
<BasicStmnt CovItemId="S53" CovItemPrefix="bill.Bill.java" Intrnl_Id="532">
<LocList>
<Loc EndOffset="3570" SrcFileId="2" StartOffset="3530"/>
</LocList>
</BasicStmnt>
<BasicStmnt CovItemId="S54" CovItemPrefix="bill.Bill.java" Intrnl_Id="533">
<LocList>
<Loc EndOffset="3604" SrcFileId="2" StartOffset="3579"/>
</LocList>
</BasicStmnt>
<BasicStmnt CovItemId="S55" CovItemPrefix="bill.Bill.java" Intrnl_Id="534">
<LocList>
<Loc EndOffset="3619" SrcFileId="2" StartOffset="3613"/>
</LocList>
</BasicStmnt>
</StmntSeq>
</Branch>
<Branch CovItemId="B12" CovItemPrefix="bill.Bill.java" Implct="false" Intrnl_Id="535">
<Cond>
<Loc EndOffset="3633" SrcFileId="2" StartOffset="3626"/>
</Cond>
<LocList/>
<StmntSeq Intrnl_Id="536">
<LocList/>
</StmntSeq>
</Branch>
<Keyword EndOffset="3470" SrcFileId="2" StartOffset="3464"/>
<LocList>
<Loc EndOffset="3689" SrcFileId="2" StartOffset="3464"/>
</LocList>
</CondStmnt>
<BasicStmnt CovItemId="S56" CovItemPrefix="bill.Bill.java" Intrnl_Id="537">
<LocList>
<Loc EndOffset="3720" SrcFileId="2" StartOffset="3695"/>
</LocList>
</BasicStmnt>
</StmntSeq>
</HierarchyLvl>
<HierarchyLvl HierarchyLvlId="303" HierarchyLvlTypeId="8" Intrnl_Id="538" Name="voteDenied">
<Header>
<Loc EndOffset="3755" SrcFileId="2" StartOffset="3728"/>
</Header>
<LocList>
<Loc EndOffset="4271" SrcFileId="2" StartOffset="3728"/>
</LocList>
<StmntSeq Intrnl_Id="539">
<LocList>
<Loc EndOffset="3798" SrcFileId="2" StartOffset="3764"/>
<Loc EndOffset="3841" SrcFileId="2" StartOffset="3808"/>
<Loc EndOffset="4236" SrcFileId="2" StartOffset="3846"/>
<Loc EndOffset="4267" SrcFileId="2" StartOffset="4242"/>
</LocList>
<BasicStmnt CovItemId="S57" CovItemPrefix="bill.Bill.java" Intrnl_Id="540">
<LocList>
<Loc EndOffset="3798" SrcFileId="2" StartOffset="3764"/>
</LocList>
</BasicStmnt>
<BasicStmnt CovItemId="S58" CovItemPrefix="bill.Bill.java" Intrnl_Id="541">
<LocList>
<Loc EndOffset="3841" SrcFileId="2" StartOffset="3808"/>
</LocList>
</BasicStmnt>
<CondStmnt CovItemId="S59" CovItemPrefix="bill.Bill.java" Intrnl_Id="542">
<Branch CovItemId="B13" CovItemPrefix="bill.Bill.java" Implct="false" Intrnl_Id="543">
<Cond>
<Loc EndOffset="3899" SrcFileId="2" StartOffset="3878"/>
</Cond>
<LocList>
<Loc EndOffset="4033" SrcFileId="2" StartOffset="3916"/>
</LocList>
<StmntSeq Intrnl_Id="544">
<LocList>
<Loc EndOffset="3984" SrcFileId="2" StartOffset="3916"/>
<Loc EndOffset="4018" SrcFileId="2" StartOffset="3993"/>
<Loc EndOffset="4033" SrcFileId="2" StartOffset="4027"/>
</LocList>
<BasicStmnt CovItemId="S60" CovItemPrefix="bill.Bill.java" Intrnl_Id="545">
<LocList>
<Loc EndOffset="3984" SrcFileId="2" StartOffset="3916"/>
</LocList>
</BasicStmnt>
<BasicStmnt CovItemId="S61" CovItemPrefix="bill.Bill.java" Intrnl_Id="546">
<LocList>
<Loc EndOffset="4018" SrcFileId="2" StartOffset="3993"/>
</LocList>
</BasicStmnt>
<BasicStmnt CovItemId="S62" CovItemPrefix="bill.Bill.java" Intrnl_Id="547">
<LocList>
<Loc EndOffset="4033" SrcFileId="2" StartOffset="4027"/>
</LocList>
</BasicStmnt>
</StmntSeq>
</Branch>
<Branch CovItemId="B14" CovItemPrefix="bill.Bill.java" Implct="false" Intrnl_Id="548">
<Cond>
<Loc EndOffset="4053" SrcFileId="2" StartOffset="4040"/>
</Cond>
<LocList>
<Loc EndOffset="4166" SrcFileId="2" StartOffset="4063"/>
</LocList>
<StmntSeq Intrnl_Id="549">
<LocList>
<Loc EndOffset="4117" SrcFileId="2" StartOffset="4063"/>
<Loc EndOffset="4151" SrcFileId="2" StartOffset="4126"/>
<Loc EndOffset="4166" SrcFileId="2" StartOffset="4160"/>
</LocList>
<BasicStmnt CovItemId="S63" CovItemPrefix="bill.Bill.java" Intrnl_Id="550">
<LocList>
<Loc EndOffset="4117" SrcFileId="2" StartOffset="4063"/>
</LocList>
</BasicStmnt>
<BasicStmnt CovItemId="S64" CovItemPrefix="bill.Bill.java" Intrnl_Id="551">
<LocList>
<Loc EndOffset="4151" SrcFileId="2" StartOffset="4126"/>
</LocList>
</BasicStmnt>
<BasicStmnt CovItemId="S65" CovItemPrefix="bill.Bill.java" Intrnl_Id="552">
<LocList>
<Loc EndOffset="4166" SrcFileId="2" StartOffset="4160"/>
</LocList>
</BasicStmnt>
</StmntSeq>
</Branch>
<Branch CovItemId="B15" CovItemPrefix="bill.Bill.java" Implct="false" Intrnl_Id="553">
<Cond>
<Loc EndOffset="4180" SrcFileId="2" StartOffset="4173"/>
</Cond>
<LocList/>
<StmntSeq Intrnl_Id="554">
<LocList/>
</StmntSeq>
</Branch>
<Keyword EndOffset="3852" SrcFileId="2" StartOffset="3846"/>
<LocList>
<Loc EndOffset="4236" SrcFileId="2" StartOffset="3846"/>
</LocList>
</CondStmnt>
<BasicStmnt CovItemId="S66" CovItemPrefix="bill.Bill.java" Intrnl_Id="555">
<LocList>
<Loc EndOffset="4267" SrcFileId="2" StartOffset="4242"/>
</LocList>
</BasicStmnt>
</StmntSeq>
</HierarchyLvl>
<HierarchyLvl HierarchyLvlId="304" HierarchyLvlTypeId="8" Intrnl_Id="556" Name="modify">
<Header>
<Loc EndOffset="4300" SrcFileId="2" StartOffset="4277"/>
</Header>
<LocList>
<Loc EndOffset="4639" SrcFileId="2" StartOffset="4277"/>
</LocList>
<StmntSeq Intrnl_Id="557">
<LocList>
<Loc EndOffset="4343" SrcFileId="2" StartOffset="4309"/>
<Loc EndOffset="4386" SrcFileId="2" StartOffset="4353"/>
<Loc EndOffset="4604" SrcFileId="2" StartOffset="4391"/>
<Loc EndOffset="4635" SrcFileId="2" StartOffset="4610"/>
</LocList>
<BasicStmnt CovItemId="S67" CovItemPrefix="bill.Bill.java" Intrnl_Id="558">
<LocList>
<Loc EndOffset="4343" SrcFileId="2" StartOffset="4309"/>
</LocList>
</BasicStmnt>
<BasicStmnt CovItemId="S68" CovItemPrefix="bill.Bill.java" Intrnl_Id="559">
<LocList>
<Loc EndOffset="4386" SrcFileId="2" StartOffset="4353"/>
</LocList>
</BasicStmnt>
<CondStmnt CovItemId="S69" CovItemPrefix="bill.Bill.java" Intrnl_Id="560">
<Branch CovItemId="B16" CovItemPrefix="bill.Bill.java" Implct="false" Intrnl_Id="561">
<Cond>
<Loc EndOffset="4437" SrcFileId="2" StartOffset="4423"/>
</Cond>
<LocList>
<Loc EndOffset="4534" SrcFileId="2" StartOffset="4447"/>
</LocList>
<StmntSeq Intrnl_Id="562">
<LocList>
<Loc EndOffset="4485" SrcFileId="2" StartOffset="4447"/>
<Loc EndOffset="4519" SrcFileId="2" StartOffset="4494"/>
<Loc EndOffset="4534" SrcFileId="2" StartOffset="4528"/>
</LocList>
<BasicStmnt CovItemId="S70" CovItemPrefix="bill.Bill.java" Intrnl_Id="563">
<LocList>
<Loc EndOffset="4485" SrcFileId="2" StartOffset="4447"/>
</LocList>
</BasicStmnt>
<BasicStmnt CovItemId="S71" CovItemPrefix="bill.Bill.java" Intrnl_Id="564">
<LocList>
<Loc EndOffset="4519" SrcFileId="2" StartOffset="4494"/>
</LocList>
</BasicStmnt>
<BasicStmnt CovItemId="S72" CovItemPrefix="bill.Bill.java" Intrnl_Id="565">
<LocList>
<Loc EndOffset="4534" SrcFileId="2" StartOffset="4528"/>
</LocList>
</BasicStmnt>
</StmntSeq>
</Branch>
<Branch CovItemId="B17" CovItemPrefix="bill.Bill.java" Implct="false" Intrnl_Id="566">
<Cond>
<Loc EndOffset="4548" SrcFileId="2" StartOffset="4541"/>
</Cond>
<LocList/>
<StmntSeq Intrnl_Id="567">
<LocList/>
</StmntSeq>
</Branch>
<Keyword EndOffset="4397" SrcFileId="2" StartOffset="4391"/>
<LocList>
<Loc EndOffset="4604" SrcFileId="2" StartOffset="4391"/>
</LocList>
</CondStmnt>
<BasicStmnt CovItemId="S73" CovItemPrefix="bill.Bill.java" Intrnl_Id="568">
<LocList>
<Loc EndOffset="4635" SrcFileId="2" StartOffset="4610"/>
</LocList>
</BasicStmnt>
</StmntSeq>
</HierarchyLvl>
<HierarchyLvl HierarchyLvlId="305" HierarchyLvlTypeId="8" Intrnl_Id="569" Name="exitInHouseOfCommons">
<Header>
<Loc EndOffset="4681" SrcFileId="2" StartOffset="4643"/>
</Header>
<LocList>
<Loc EndOffset="5553" SrcFileId="2" StartOffset="4643"/>
</LocList>
<StmntSeq Intrnl_Id="570">
<LocList>
<Loc EndOffset="4724" SrcFileId="2" StartOffset="4690"/>
<Loc EndOffset="4815" SrcFileId="2" StartOffset="4734"/>
<Loc EndOffset="5518" SrcFileId="2" StartOffset="4820"/>
<Loc EndOffset="5549" SrcFileId="2" StartOffset="5524"/>
</LocList>
<BasicStmnt CovItemId="S74" CovItemPrefix="bill.Bill.java" Intrnl_Id="571">
<LocList>
<Loc EndOffset="4724" SrcFileId="2" StartOffset="4690"/>
</LocList>
</BasicStmnt>
<BasicStmnt CovItemId="S75" CovItemPrefix="bill.Bill.java" Intrnl_Id="572">
<LocList>
<Loc EndOffset="4815" SrcFileId="2" StartOffset="4734"/>
</LocList>
</BasicStmnt>
<CondStmnt CovItemId="S76" CovItemPrefix="bill.Bill.java" Intrnl_Id="573">
<Branch CovItemId="B18" CovItemPrefix="bill.Bill.java" Implct="false" Intrnl_Id="574">
<Cond>
<Loc EndOffset="4885" SrcFileId="2" StartOffset="4868"/>
</Cond>
<LocList>
<Loc EndOffset="5005" SrcFileId="2" StartOffset="4895"/>
</LocList>
<StmntSeq Intrnl_Id="575">
<LocList>
<Loc EndOffset="4956" SrcFileId="2" StartOffset="4895"/>
<Loc EndOffset="4990" SrcFileId="2" StartOffset="4965"/>
<Loc EndOffset="5005" SrcFileId="2" StartOffset="4999"/>
</LocList>
<BasicStmnt CovItemId="S77" CovItemPrefix="bill.Bill.java" Intrnl_Id="576">
<LocList>
<Loc EndOffset="4956" SrcFileId="2" StartOffset="4895"/>
</LocList>
</BasicStmnt>
<BasicStmnt CovItemId="S78" CovItemPrefix="bill.Bill.java" Intrnl_Id="577">
<LocList>
<Loc EndOffset="4990" SrcFileId="2" StartOffset="4965"/>
</LocList>
</BasicStmnt>
<BasicStmnt CovItemId="S79" CovItemPrefix="bill.Bill.java" Intrnl_Id="578">
<LocList>
<Loc EndOffset="5005" SrcFileId="2" StartOffset="4999"/>
</LocList>
</BasicStmnt>
</StmntSeq>
</Branch>
<Branch CovItemId="B19" CovItemPrefix="bill.Bill.java" Implct="false" Intrnl_Id="579">
<Cond>
<Loc EndOffset="5030" SrcFileId="2" StartOffset="5012"/>
</Cond>
<LocList>
<Loc EndOffset="5150" SrcFileId="2" StartOffset="5040"/>
</LocList>
<StmntSeq Intrnl_Id="580">
<LocList>
<Loc EndOffset="5101" SrcFileId="2" StartOffset="5040"/>
<Loc EndOffset="5135" SrcFileId="2" StartOffset="5110"/>
<Loc EndOffset="5150" SrcFileId="2" StartOffset="5144"/>
</LocList>
<BasicStmnt CovItemId="S80" CovItemPrefix="bill.Bill.java" Intrnl_Id="581">
<LocList>
<Loc EndOffset="5101" SrcFileId="2" StartOffset="5040"/>
</LocList>
</BasicStmnt>
<BasicStmnt CovItemId="S81" CovItemPrefix="bill.Bill.java" Intrnl_Id="582">
<LocList>
<Loc EndOffset="5135" SrcFileId="2" StartOffset="5110"/>
</LocList>
</BasicStmnt>
<BasicStmnt CovItemId="S82" CovItemPrefix="bill.Bill.java" Intrnl_Id="583">
<LocList>
<Loc EndOffset="5150" SrcFileId="2" StartOffset="5144"/>
</LocList>
</BasicStmnt>
</StmntSeq>
</Branch>
<Branch CovItemId="B20" CovItemPrefix="bill.Bill.java" Implct="false" Intrnl_Id="584">
<Cond>
<Loc EndOffset="5184" SrcFileId="2" StartOffset="5157"/>
</Cond>
<LocList>
<Loc EndOffset="5304" SrcFileId="2" StartOffset="5194"/>
</LocList>
<StmntSeq Intrnl_Id="585">
<LocList>
<Loc EndOffset="5255" SrcFileId="2" StartOffset="5194"/>
<Loc EndOffset="5289" SrcFileId="2" StartOffset="5264"/>
<Loc EndOffset="5304" SrcFileId="2" StartOffset="5298"/>
</LocList>
<BasicStmnt CovItemId="S83" CovItemPrefix="bill.Bill.java" Intrnl_Id="586">
<LocList>
<Loc EndOffset="5255" SrcFileId="2" StartOffset="5194"/>
</LocList>
</BasicStmnt>
<BasicStmnt CovItemId="S84" CovItemPrefix="bill.Bill.java" Intrnl_Id="587">
<LocList>
<Loc EndOffset="5289" SrcFileId="2" StartOffset="5264"/>
</LocList>
</BasicStmnt>
<BasicStmnt CovItemId="S85" CovItemPrefix="bill.Bill.java" Intrnl_Id="588">
<LocList>
<Loc EndOffset="5304" SrcFileId="2" StartOffset="5298"/>
</LocList>
</BasicStmnt>
</StmntSeq>
</Branch>
<Branch CovItemId="B21" CovItemPrefix="bill.Bill.java" Implct="false" Intrnl_Id="589">
<Cond>
<Loc EndOffset="5328" SrcFileId="2" StartOffset="5311"/>
</Cond>
<LocList>
<Loc EndOffset="5448" SrcFileId="2" StartOffset="5338"/>
</LocList>
<StmntSeq Intrnl_Id="590">
<LocList>
<Loc EndOffset="5399" SrcFileId="2" StartOffset="5338"/>
<Loc EndOffset="5433" SrcFileId="2" StartOffset="5408"/>
<Loc EndOffset="5448" SrcFileId="2" StartOffset="5442"/>
</LocList>
<BasicStmnt CovItemId="S86" CovItemPrefix="bill.Bill.java" Intrnl_Id="591">
<LocList>
<Loc EndOffset="5399" SrcFileId="2" StartOffset="5338"/>
</LocList>
</BasicStmnt>
<BasicStmnt CovItemId="S87" CovItemPrefix="bill.Bill.java" Intrnl_Id="592">
<LocList>
<Loc EndOffset="5433" SrcFileId="2" StartOffset="5408"/>
</LocList>
</BasicStmnt>
<BasicStmnt CovItemId="S88" CovItemPrefix="bill.Bill.java" Intrnl_Id="593">
<LocList>
<Loc EndOffset="5448" SrcFileId="2" StartOffset="5442"/>
</LocList>
</BasicStmnt>
</StmntSeq>
</Branch>
<Branch CovItemId="B22" CovItemPrefix="bill.Bill.java" Implct="false" Intrnl_Id="594">
<Cond>
<Loc EndOffset="5462" SrcFileId="2" StartOffset="5455"/>
</Cond>
<LocList/>
<StmntSeq Intrnl_Id="595">
<LocList/>
</StmntSeq>
</Branch>
<Keyword EndOffset="4826" SrcFileId="2" StartOffset="4820"/>
<LocList>
<Loc EndOffset="5518" SrcFileId="2" StartOffset="4820"/>
</LocList>
</CondStmnt>
<BasicStmnt CovItemId="S89" CovItemPrefix="bill.Bill.java" Intrnl_Id="596">
<LocList>
<Loc EndOffset="5549" SrcFileId="2" StartOffset="5524"/>
</LocList>
</BasicStmnt>
</StmntSeq>
</HierarchyLvl>
<HierarchyLvl HierarchyLvlId="306" HierarchyLvlTypeId="8" Intrnl_Id="597" Name="votePasses">
<Header>
<Loc EndOffset="5584" SrcFileId="2" StartOffset="5557"/>
</Header>
<LocList>
<Loc EndOffset="7801" SrcFileId="2" StartOffset="5557"/>
</LocList>
<StmntSeq Intrnl_Id="598">
<LocList>
<Loc EndOffset="5627" SrcFileId="2" StartOffset="5593"/>
<Loc EndOffset="5718" SrcFileId="2" StartOffset="5637"/>
<Loc EndOffset="5780" SrcFileId="2" StartOffset="5723"/>
<Loc EndOffset="6778" SrcFileId="2" StartOffset="5785"/>
<Loc EndOffset="7766" SrcFileId="2" StartOffset="6784"/>
<Loc EndOffset="7797" SrcFileId="2" StartOffset="7772"/>
</LocList>
<BasicStmnt CovItemId="S90" CovItemPrefix="bill.Bill.java" Intrnl_Id="599">
<LocList>
<Loc EndOffset="5627" SrcFileId="2" StartOffset="5593"/>
</LocList>
</BasicStmnt>
<BasicStmnt CovItemId="S91" CovItemPrefix="bill.Bill.java" Intrnl_Id="600">
<LocList>
<Loc EndOffset="5718" SrcFileId="2" StartOffset="5637"/>
</LocList>
</BasicStmnt>
<BasicStmnt CovItemId="S92" CovItemPrefix="bill.Bill.java" Intrnl_Id="601">
<LocList>
<Loc EndOffset="5780" SrcFileId="2" StartOffset="5723"/>
</LocList>
</BasicStmnt>
<CondStmnt CovItemId="S93" CovItemPrefix="bill.Bill.java" Intrnl_Id="602">
<Branch CovItemId="B23" CovItemPrefix="bill.Bill.java" Implct="false" Intrnl_Id="603">
<Cond>
<Loc EndOffset="5850" SrcFileId="2" StartOffset="5833"/>
</Cond>
<LocList>
<Loc EndOffset="5979" SrcFileId="2" StartOffset="5860"/>
</LocList>
<StmntSeq Intrnl_Id="604">
<LocList>
<Loc EndOffset="5930" SrcFileId="2" StartOffset="5860"/>
<Loc EndOffset="5964" SrcFileId="2" StartOffset="5939"/>
<Loc EndOffset="5979" SrcFileId="2" StartOffset="5973"/>
</LocList>
<BasicStmnt CovItemId="S94" CovItemPrefix="bill.Bill.java" Intrnl_Id="605">
<LocList>
<Loc EndOffset="5930" SrcFileId="2" StartOffset="5860"/>
</LocList>
</BasicStmnt>
<BasicStmnt CovItemId="S95" CovItemPrefix="bill.Bill.java" Intrnl_Id="606">
<LocList>
<Loc EndOffset="5964" SrcFileId="2" StartOffset="5939"/>
</LocList>
</BasicStmnt>
<BasicStmnt CovItemId="S96" CovItemPrefix="bill.Bill.java" Intrnl_Id="607">
<LocList>
<Loc EndOffset="5979" SrcFileId="2" StartOffset="5973"/>
</LocList>
</BasicStmnt>
</StmntSeq>
</Branch>
<Branch CovItemId="B24" CovItemPrefix="bill.Bill.java" Implct="false" Intrnl_Id="608">
<Cond>
<Loc EndOffset="6004" SrcFileId="2" StartOffset="5986"/>
</Cond>
<LocList>
<Loc EndOffset="6142" SrcFileId="2" StartOffset="6014"/>
</LocList>
<StmntSeq Intrnl_Id="609">
<LocList>
<Loc EndOffset="6093" SrcFileId="2" StartOffset="6014"/>
<Loc EndOffset="6127" SrcFileId="2" StartOffset="6102"/>
<Loc EndOffset="6142" SrcFileId="2" StartOffset="6136"/>
</LocList>
<BasicStmnt CovItemId="S97" CovItemPrefix="bill.Bill.java" Intrnl_Id="610">
<LocList>
<Loc EndOffset="6093" SrcFileId="2" StartOffset="6014"/>
</LocList>
</BasicStmnt>
<BasicStmnt CovItemId="S98" CovItemPrefix="bill.Bill.java" Intrnl_Id="611">
<LocList>
<Loc EndOffset="6127" SrcFileId="2" StartOffset="6102"/>
</LocList>
</BasicStmnt>
<BasicStmnt CovItemId="S99" CovItemPrefix="bill.Bill.java" Intrnl_Id="612">
<LocList>
<Loc EndOffset="6142" SrcFileId="2" StartOffset="6136"/>
</LocList>
</BasicStmnt>
</StmntSeq>
</Branch>
<Branch CovItemId="B25" CovItemPrefix="bill.Bill.java" Implct="false" Intrnl_Id="613">
<Cond>
<Loc EndOffset="6176" SrcFileId="2" StartOffset="6149"/>
</Cond>
<LocList>
<Loc EndOffset="6304" SrcFileId="2" StartOffset="6186"/>
</LocList>
<StmntSeq Intrnl_Id="614">
<LocList>
<Loc EndOffset="6255" SrcFileId="2" StartOffset="6186"/>
<Loc EndOffset="6289" SrcFileId="2" StartOffset="6264"/>
<Loc EndOffset="6304" SrcFileId="2" StartOffset="6298"/>
</LocList>
<BasicStmnt CovItemId="S100" CovItemPrefix="bill.Bill.java" Intrnl_Id="615">
<LocList>
<Loc EndOffset="6255" SrcFileId="2" StartOffset="6186"/>
</LocList>
</BasicStmnt>
<BasicStmnt CovItemId="S101" CovItemPrefix="bill.Bill.java" Intrnl_Id="616">
<LocList>
<Loc EndOffset="6289" SrcFileId="2" StartOffset="6264"/>
</LocList>
</BasicStmnt>
<BasicStmnt CovItemId="S102" CovItemPrefix="bill.Bill.java" Intrnl_Id="617">
<LocList>
<Loc EndOffset="6304" SrcFileId="2" StartOffset="6298"/>
</LocList>
</BasicStmnt>
</StmntSeq>
</Branch>
<Branch CovItemId="B26" CovItemPrefix="bill.Bill.java" Implct="false" Intrnl_Id="618">
<Cond>
<Loc EndOffset="6328" SrcFileId="2" StartOffset="6311"/>
</Cond>
<LocList>
<Loc EndOffset="6708" SrcFileId="2" StartOffset="6338"/>
</LocList>
<StmntSeq Intrnl_Id="619">
<LocList>
<Loc EndOffset="6505" SrcFileId="2" StartOffset="6338"/>
<Loc EndOffset="6693" SrcFileId="2" StartOffset="6514"/>
<Loc EndOffset="6708" SrcFileId="2" StartOffset="6702"/>
</LocList>
<CondStmnt CovItemId="S103" CovItemPrefix="bill.Bill.java" Intrnl_Id="620">
<Branch CovItemId="B27" CovItemPrefix="bill.Bill.java" Implct="false" Intrnl_Id="621">
<Cond/>
<LocList>
<Loc EndOffset="6505" SrcFileId="2" StartOffset="6370"/>
</LocList>
<StmntSeq Intrnl_Id="622">
<LocList>
<Loc EndOffset="6398" SrcFileId="2" StartOffset="6382"/>
<Loc EndOffset="6442" SrcFileId="2" StartOffset="6409"/>
<Loc EndOffset="6478" SrcFileId="2" StartOffset="6453"/>
<Loc EndOffset="6495" SrcFileId="2" StartOffset="6489"/>
</LocList>
<BasicStmnt CovItemId="S104" CovItemPrefix="bill.Bill.java" Intrnl_Id="623">
<LocList>
<Loc EndOffset="6398" SrcFileId="2" StartOffset="6382"/>
</LocList>
</BasicStmnt>
<BasicStmnt CovItemId="S105" CovItemPrefix="bill.Bill.java" Intrnl_Id="624">
<LocList>
<Loc EndOffset="6442" SrcFileId="2" StartOffset="6409"/>
</LocList>
</BasicStmnt>
<BasicStmnt CovItemId="S106" CovItemPrefix="bill.Bill.java" Intrnl_Id="625">
<LocList>
<Loc EndOffset="6478" SrcFileId="2" StartOffset="6453"/>
</LocList>
</BasicStmnt>
<BasicStmnt CovItemId="S107" CovItemPrefix="bill.Bill.java" Intrnl_Id="626">
<LocList>
<Loc EndOffset="6495" SrcFileId="2" StartOffset="6489"/>
</LocList>
</BasicStmnt>
</StmntSeq>
</Branch>
<Branch CovItemId="B28" CovItemPrefix="bill.Bill.java" Implct="true" Intrnl_Id="627">
<Cond/>
<LocList/>
<StmntSeq Intrnl_Id="628">
<LocList/>
</StmntSeq>
</Branch>
<Keyword EndOffset="6340" SrcFileId="2" StartOffset="6338"/>
<LocList>
<Loc EndOffset="6505" SrcFileId="2" StartOffset="6338"/>
</LocList>
<RootTerm CovItemId="C1" CovItemPrefix="bill.Bill.java" Intrnl_Id="629">
<BasicBoolTerm Intrnl_Id="630">
<LocList>
<Loc EndOffset="6360" SrcFileId="2" StartOffset="6342"/>
</LocList>
</BasicBoolTerm>
</RootTerm>
</CondStmnt>
<CondStmnt CovItemId="S108" CovItemPrefix="bill.Bill.java" Intrnl_Id="631">
<Branch CovItemId="B29" CovItemPrefix="bill.Bill.java" Implct="false" Intrnl_Id="632">
<Cond/>
<LocList>
<Loc EndOffset="6693" SrcFileId="2" StartOffset="6547"/>
</LocList>
<StmntSeq Intrnl_Id="633">
<LocList>
<Loc EndOffset="6575" SrcFileId="2" StartOffset="6559"/>
<Loc EndOffset="6630" SrcFileId="2" StartOffset="6586"/>
<Loc EndOffset="6666" SrcFileId="2" StartOffset="6641"/>
<Loc EndOffset="6683" SrcFileId="2" StartOffset="6677"/>
</LocList>
<BasicStmnt CovItemId="S109" CovItemPrefix="bill.Bill.java" Intrnl_Id="634">
<LocList>
<Loc EndOffset="6575" SrcFileId="2" StartOffset="6559"/>
</LocList>
</BasicStmnt>
<BasicStmnt CovItemId="S110" CovItemPrefix="bill.Bill.java" Intrnl_Id="635">
<LocList>
<Loc EndOffset="6630" SrcFileId="2" StartOffset="6586"/>
</LocList>
</BasicStmnt>
<BasicStmnt CovItemId="S111" CovItemPrefix="bill.Bill.java" Intrnl_Id="636">
<LocList>
<Loc EndOffset="6666" SrcFileId="2" StartOffset="6641"/>
</LocList>
</BasicStmnt>
<BasicStmnt CovItemId="S112" CovItemPrefix="bill.Bill.java" Intrnl_Id="637">
<LocList>
<Loc EndOffset="6683" SrcFileId="2" StartOffset="6677"/>
</LocList>
</BasicStmnt>
</StmntSeq>
</Branch>
<Branch CovItemId="B30" CovItemPrefix="bill.Bill.java" Implct="true" Intrnl_Id="638">
<Cond/>
<LocList/>
<StmntSeq Intrnl_Id="639">
<LocList/>
</StmntSeq>
</Branch>
<Keyword EndOffset="6516" SrcFileId="2" StartOffset="6514"/>
<LocList>
<Loc EndOffset="6693" SrcFileId="2" StartOffset="6514"/>
</LocList>
<RootTerm CovItemId="C2" CovItemPrefix="bill.Bill.java" Intrnl_Id="640">
<OpTerm BooleanOpId="3" Intrnl_Id="641">
<BasicBoolTerm Intrnl_Id="642">
<LocList>
<Loc EndOffset="6537" SrcFileId="2" StartOffset="6519"/>
</LocList>
</BasicBoolTerm>
<LocList>
<Loc EndOffset="6519" SrcFileId="2" StartOffset="6518"/>
</LocList>
</OpTerm>
</RootTerm>
</CondStmnt>
<BasicStmnt CovItemId="S113" CovItemPrefix="bill.Bill.java" Intrnl_Id="643">
<LocList>
<Loc EndOffset="6708" SrcFileId="2" StartOffset="6702"/>
</LocList>
</BasicStmnt>
</StmntSeq>
</Branch>
<Branch CovItemId="B31" CovItemPrefix="bill.Bill.java" Implct="false" Intrnl_Id="644">
<Cond>
<Loc EndOffset="6722" SrcFileId="2" StartOffset="6715"/>
</Cond>
<LocList/>
<StmntSeq Intrnl_Id="645">
<LocList/>
</StmntSeq>
</Branch>
<Keyword EndOffset="5791" SrcFileId="2" StartOffset="5785"/>
<LocList>
<Loc EndOffset="6778" SrcFileId="2" StartOffset="5785"/>
</LocList>
</CondStmnt>
<CondStmnt CovItemId="S114" CovItemPrefix="bill.Bill.java" Intrnl_Id="646">
<Branch CovItemId="B32" CovItemPrefix="bill.Bill.java" Implct="false" Intrnl_Id="647">
<Cond>
<Loc EndOffset="6842" SrcFileId="2" StartOffset="6824"/>
</Cond>
<LocList>
<Loc EndOffset="6956" SrcFileId="2" StartOffset="6852"/>
</LocList>
<StmntSeq Intrnl_Id="648">
<LocList>
<Loc EndOffset="6907" SrcFileId="2" StartOffset="6852"/>
<Loc EndOffset="6941" SrcFileId="2" StartOffset="6916"/>
<Loc EndOffset="6956" SrcFileId="2" StartOffset="6950"/>
</LocList>
<BasicStmnt CovItemId="S115" CovItemPrefix="bill.Bill.java" Intrnl_Id="649">
<LocList>
<Loc EndOffset="6907" SrcFileId="2" StartOffset="6852"/>
</LocList>
</BasicStmnt>
<BasicStmnt CovItemId="S116" CovItemPrefix="bill.Bill.java" Intrnl_Id="650">
<LocList>
<Loc EndOffset="6941" SrcFileId="2" StartOffset="6916"/>
</LocList>
</BasicStmnt>
<BasicStmnt CovItemId="S117" CovItemPrefix="bill.Bill.java" Intrnl_Id="651">
<LocList>
<Loc EndOffset="6956" SrcFileId="2" StartOffset="6950"/>
</LocList>
</BasicStmnt>
</StmntSeq>
</Branch>
<Branch CovItemId="B33" CovItemPrefix="bill.Bill.java" Implct="false" Intrnl_Id="652">
<Cond>
<Loc EndOffset="6982" SrcFileId="2" StartOffset="6963"/>
</Cond>
<LocList>
<Loc EndOffset="7105" SrcFileId="2" StartOffset="6992"/>
</LocList>
<StmntSeq Intrnl_Id="653">
<LocList>
<Loc EndOffset="7056" SrcFileId="2" StartOffset="6992"/>
<Loc EndOffset="7090" SrcFileId="2" StartOffset="7065"/>
<Loc EndOffset="7105" SrcFileId="2" StartOffset="7099"/>
</LocList>
<BasicStmnt CovItemId="S118" CovItemPrefix="bill.Bill.java" Intrnl_Id="654">
<LocList>
<Loc EndOffset="7056" SrcFileId="2" StartOffset="6992"/>
</LocList>
</BasicStmnt>
<BasicStmnt CovItemId="S119" CovItemPrefix="bill.Bill.java" Intrnl_Id="655">
<LocList>
<Loc EndOffset="7090" SrcFileId="2" StartOffset="7065"/>
</LocList>
</BasicStmnt>
<BasicStmnt CovItemId="S120" CovItemPrefix="bill.Bill.java" Intrnl_Id="656">
<LocList>
<Loc EndOffset="7105" SrcFileId="2" StartOffset="7099"/>
</LocList>
</BasicStmnt>
</StmntSeq>
</Branch>
<Branch CovItemId="B34" CovItemPrefix="bill.Bill.java" Implct="false" Intrnl_Id="657">
<Cond>
<Loc EndOffset="7140" SrcFileId="2" StartOffset="7112"/>
</Cond>
<LocList>
<Loc EndOffset="7283" SrcFileId="2" StartOffset="7150"/>
</LocList>
<StmntSeq Intrnl_Id="658">
<LocList>
<Loc EndOffset="7204" SrcFileId="2" StartOffset="7150"/>
<Loc EndOffset="7234" SrcFileId="2" StartOffset="7213"/>
<Loc EndOffset="7268" SrcFileId="2" StartOffset="7243"/>
<Loc EndOffset="7283" SrcFileId="2" StartOffset="7277"/>
</LocList>
<BasicStmnt CovItemId="S121" CovItemPrefix="bill.Bill.java" Intrnl_Id="659">
<LocList>
<Loc EndOffset="7204" SrcFileId="2" StartOffset="7150"/>
</LocList>
</BasicStmnt>
<BasicStmnt CovItemId="S122" CovItemPrefix="bill.Bill.java" Intrnl_Id="660">
<LocList>
<Loc EndOffset="7234" SrcFileId="2" StartOffset="7213"/>
</LocList>
</BasicStmnt>
<BasicStmnt CovItemId="S123" CovItemPrefix="bill.Bill.java" Intrnl_Id="661">
<LocList>
<Loc EndOffset="7268" SrcFileId="2" StartOffset="7243"/>
</LocList>
</BasicStmnt>
<BasicStmnt CovItemId="S124" CovItemPrefix="bill.Bill.java" Intrnl_Id="662">
<LocList>
<Loc EndOffset="7283" SrcFileId="2" StartOffset="7277"/>
</LocList>
</BasicStmnt>
</StmntSeq>
</Branch>
<Branch CovItemId="B35" CovItemPrefix="bill.Bill.java" Implct="false" Intrnl_Id="663">
<Cond>
<Loc EndOffset="7308" SrcFileId="2" StartOffset="7290"/>
</Cond>
<LocList>
<Loc EndOffset="7696" SrcFileId="2" StartOffset="7318"/>
</LocList>
<StmntSeq Intrnl_Id="664">
<LocList>
<Loc EndOffset="7496" SrcFileId="2" StartOffset="7318"/>
<Loc EndOffset="7681" SrcFileId="2" StartOffset="7505"/>
<Loc EndOffset="7696" SrcFileId="2" StartOffset="7690"/>
</LocList>
<CondStmnt CovItemId="S125" CovItemPrefix="bill.Bill.java" Intrnl_Id="665">
<Branch CovItemId="B36" CovItemPrefix="bill.Bill.java" Implct="false" Intrnl_Id="666">
<Cond/>
<LocList>
<Loc EndOffset="7496" SrcFileId="2" StartOffset="7350"/>
</LocList>
<StmntSeq Intrnl_Id="667">
<LocList>
<Loc EndOffset="7378" SrcFileId="2" StartOffset="7362"/>
<Loc EndOffset="7433" SrcFileId="2" StartOffset="7389"/>
<Loc EndOffset="7469" SrcFileId="2" StartOffset="7444"/>
<Loc EndOffset="7486" SrcFileId="2" StartOffset="7480"/>
</LocList>
<BasicStmnt CovItemId="S126" CovItemPrefix="bill.Bill.java" Intrnl_Id="668">
<LocList>
<Loc EndOffset="7378" SrcFileId="2" StartOffset="7362"/>
</LocList>
</BasicStmnt>
<BasicStmnt CovItemId="S127" CovItemPrefix="bill.Bill.java" Intrnl_Id="669">
<LocList>
<Loc EndOffset="7433" SrcFileId="2" StartOffset="7389"/>
</LocList>
</BasicStmnt>
<BasicStmnt CovItemId="S128" CovItemPrefix="bill.Bill.java" Intrnl_Id="670">
<LocList>
<Loc EndOffset="7469" SrcFileId="2" StartOffset="7444"/>
</LocList>
</BasicStmnt>
<BasicStmnt CovItemId="S129" CovItemPrefix="bill.Bill.java" Intrnl_Id="671">
<LocList>
<Loc EndOffset="7486" SrcFileId="2" StartOffset="7480"/>
</LocList>
</BasicStmnt>
</StmntSeq>
</Branch>
<Branch CovItemId="B37" CovItemPrefix="bill.Bill.java" Implct="true" Intrnl_Id="672">
<Cond/>
<LocList/>
<StmntSeq Intrnl_Id="673">
<LocList/>
</StmntSeq>
</Branch>
<Keyword EndOffset="7320" SrcFileId="2" StartOffset="7318"/>
<LocList>
<Loc EndOffset="7496" SrcFileId="2" StartOffset="7318"/>
</LocList>
<RootTerm CovItemId="C3" CovItemPrefix="bill.Bill.java" Intrnl_Id="674">
<BasicBoolTerm Intrnl_Id="675">
<LocList>
<Loc EndOffset="7340" SrcFileId="2" StartOffset="7322"/>
</LocList>
</BasicBoolTerm>
</RootTerm>
</CondStmnt>
<CondStmnt CovItemId="S130" CovItemPrefix="bill.Bill.java" Intrnl_Id="676">
<Branch CovItemId="B38" CovItemPrefix="bill.Bill.java" Implct="false" Intrnl_Id="677">
<Cond/>
<LocList>
<Loc EndOffset="7681" SrcFileId="2" StartOffset="7538"/>
</LocList>
<StmntSeq Intrnl_Id="678">
<LocList>
<Loc EndOffset="7566" SrcFileId="2" StartOffset="7550"/>
<Loc EndOffset="7618" SrcFileId="2" StartOffset="7577"/>
<Loc EndOffset="7654" SrcFileId="2" StartOffset="7629"/>
<Loc EndOffset="7671" SrcFileId="2" StartOffset="7665"/>
</LocList>
<BasicStmnt CovItemId="S131" CovItemPrefix="bill.Bill.java" Intrnl_Id="679">
<LocList>
<Loc EndOffset="7566" SrcFileId="2" StartOffset="7550"/>
</LocList>
</BasicStmnt>
<BasicStmnt CovItemId="S132" CovItemPrefix="bill.Bill.java" Intrnl_Id="680">
<LocList>
<Loc EndOffset="7618" SrcFileId="2" StartOffset="7577"/>
</LocList>
</BasicStmnt>
<BasicStmnt CovItemId="S133" CovItemPrefix="bill.Bill.java" Intrnl_Id="681">
<LocList>
<Loc EndOffset="7654" SrcFileId="2" StartOffset="7629"/>
</LocList>
</BasicStmnt>
<BasicStmnt CovItemId="S134" CovItemPrefix="bill.Bill.java" Intrnl_Id="682">
<LocList>
<Loc EndOffset="7671" SrcFileId="2" StartOffset="7665"/>
</LocList>
</BasicStmnt>
</StmntSeq>
</Branch>
<Branch CovItemId="B39" CovItemPrefix="bill.Bill.java" Implct="true" Intrnl_Id="683">
<Cond/>
<LocList/>
<StmntSeq Intrnl_Id="684">
<LocList/>
</StmntSeq>
</Branch>
<Keyword EndOffset="7507" SrcFileId="2" StartOffset="7505"/>
<LocList>
<Loc EndOffset="7681" SrcFileId="2" StartOffset="7505"/>
</LocList>
<RootTerm CovItemId="C4" CovItemPrefix="bill.Bill.java" Intrnl_Id="685">
<OpTerm BooleanOpId="3" Intrnl_Id="686">
<BasicBoolTerm Intrnl_Id="687">
<LocList>
<Loc EndOffset="7528" SrcFileId="2" StartOffset="7510"/>
</LocList>
</BasicBoolTerm>
<LocList>
<Loc EndOffset="7510" SrcFileId="2" StartOffset="7509"/>
</LocList>
</OpTerm>
</RootTerm>
</CondStmnt>
<BasicStmnt CovItemId="S135" CovItemPrefix="bill.Bill.java" Intrnl_Id="688">
<LocList>
<Loc EndOffset="7696" SrcFileId="2" StartOffset="7690"/>
</LocList>
</BasicStmnt>
</StmntSeq>
</Branch>
<Branch CovItemId="B40" CovItemPrefix="bill.Bill.java" Implct="false" Intrnl_Id="689">
<Cond>
<Loc EndOffset="7710" SrcFileId="2" StartOffset="7703"/>
</Cond>
<LocList/>
<StmntSeq Intrnl_Id="690">
<LocList/>
</StmntSeq>
</Branch>
<Keyword EndOffset="6790" SrcFileId="2" StartOffset="6784"/>
<LocList>
<Loc EndOffset="7766" SrcFileId="2" StartOffset="6784"/>
</LocList>
</CondStmnt>
<BasicStmnt CovItemId="S136" CovItemPrefix="bill.Bill.java" Intrnl_Id="691">
<LocList>
<Loc EndOffset="7797" SrcFileId="2" StartOffset="7772"/>
</LocList>
</BasicStmnt>
</StmntSeq>
</HierarchyLvl>
<HierarchyLvl HierarchyLvlId="307" HierarchyLvlTypeId="8" Intrnl_Id="692" Name="exitInSenate">
<Header>
<Loc EndOffset="7835" SrcFileId="2" StartOffset="7805"/>
</Header>
<LocList>
<Loc EndOffset="8615" SrcFileId="2" StartOffset="7805"/>
</LocList>
<StmntSeq Intrnl_Id="693">
<LocList>
<Loc EndOffset="7878" SrcFileId="2" StartOffset="7844"/>
<Loc EndOffset="7945" SrcFileId="2" StartOffset="7888"/>
<Loc EndOffset="8580" SrcFileId="2" StartOffset="7950"/>
<Loc EndOffset="8611" SrcFileId="2" StartOffset="8586"/>
</LocList>
<BasicStmnt CovItemId="S137" CovItemPrefix="bill.Bill.java" Intrnl_Id="694">
<LocList>
<Loc EndOffset="7878" SrcFileId="2" StartOffset="7844"/>
</LocList>
</BasicStmnt>
<BasicStmnt CovItemId="S138" CovItemPrefix="bill.Bill.java" Intrnl_Id="695">
<LocList>
<Loc EndOffset="7945" SrcFileId="2" StartOffset="7888"/>
</LocList>
</BasicStmnt>
<CondStmnt CovItemId="S139" CovItemPrefix="bill.Bill.java" Intrnl_Id="696">
<Branch CovItemId="B41" CovItemPrefix="bill.Bill.java" Implct="false" Intrnl_Id="697">
<Cond>
<Loc EndOffset="8008" SrcFileId="2" StartOffset="7990"/>
</Cond>
<LocList>
<Loc EndOffset="8112" SrcFileId="2" StartOffset="8018"/>
</LocList>
<StmntSeq Intrnl_Id="698">
<LocList>
<Loc EndOffset="8063" SrcFileId="2" StartOffset="8018"/>
<Loc EndOffset="8097" SrcFileId="2" StartOffset="8072"/>
<Loc EndOffset="8112" SrcFileId="2" StartOffset="8106"/>
</LocList>
<BasicStmnt CovItemId="S140" CovItemPrefix="bill.Bill.java" Intrnl_Id="699">
<LocList>
<Loc EndOffset="8063" SrcFileId="2" StartOffset="8018"/>
</LocList>
</BasicStmnt>
<BasicStmnt CovItemId="S141" CovItemPrefix="bill.Bill.java" Intrnl_Id="700">
<LocList>
<Loc EndOffset="8097" SrcFileId="2" StartOffset="8072"/>
</LocList>
</BasicStmnt>
<BasicStmnt CovItemId="S142" CovItemPrefix="bill.Bill.java" Intrnl_Id="701">
<LocList>
<Loc EndOffset="8112" SrcFileId="2" StartOffset="8106"/>
</LocList>
</BasicStmnt>
</StmntSeq>
</Branch>
<Branch CovItemId="B42" CovItemPrefix="bill.Bill.java" Implct="false" Intrnl_Id="702">
<Cond>
<Loc EndOffset="8138" SrcFileId="2" StartOffset="8119"/>
</Cond>
<LocList>
<Loc EndOffset="8242" SrcFileId="2" StartOffset="8148"/>
</LocList>
<StmntSeq Intrnl_Id="703">
<LocList>
<Loc EndOffset="8193" SrcFileId="2" StartOffset="8148"/>
<Loc EndOffset="8227" SrcFileId="2" StartOffset="8202"/>
<Loc EndOffset="8242" SrcFileId="2" StartOffset="8236"/>
</LocList>
<BasicStmnt CovItemId="S143" CovItemPrefix="bill.Bill.java" Intrnl_Id="704">
<LocList>
<Loc EndOffset="8193" SrcFileId="2" StartOffset="8148"/>
</LocList>
</BasicStmnt>
<BasicStmnt CovItemId="S144" CovItemPrefix="bill.Bill.java" Intrnl_Id="705">
<LocList>
<Loc EndOffset="8227" SrcFileId="2" StartOffset="8202"/>
</LocList>
</BasicStmnt>
<BasicStmnt CovItemId="S145" CovItemPrefix="bill.Bill.java" Intrnl_Id="706">
<LocList>
<Loc EndOffset="8242" SrcFileId="2" StartOffset="8236"/>
</LocList>
</BasicStmnt>
</StmntSeq>
</Branch>
<Branch CovItemId="B43" CovItemPrefix="bill.Bill.java" Implct="false" Intrnl_Id="707">
<Cond>
<Loc EndOffset="8277" SrcFileId="2" StartOffset="8249"/>
</Cond>
<LocList>
<Loc EndOffset="8381" SrcFileId="2" StartOffset="8287"/>
</LocList>
<StmntSeq Intrnl_Id="708">
<LocList>
<Loc EndOffset="8332" SrcFileId="2" StartOffset="8287"/>
<Loc EndOffset="8366" SrcFileId="2" StartOffset="8341"/>
<Loc EndOffset="8381" SrcFileId="2" StartOffset="8375"/>
</LocList>
<BasicStmnt CovItemId="S146" CovItemPrefix="bill.Bill.java" Intrnl_Id="709">
<LocList>
<Loc EndOffset="8332" SrcFileId="2" StartOffset="8287"/>
</LocList>
</BasicStmnt>
<BasicStmnt CovItemId="S147" CovItemPrefix="bill.Bill.java" Intrnl_Id="710">
<LocList>
<Loc EndOffset="8366" SrcFileId="2" StartOffset="8341"/>
</LocList>
</BasicStmnt>
<BasicStmnt CovItemId="S148" CovItemPrefix="bill.Bill.java" Intrnl_Id="711">
<LocList>
<Loc EndOffset="8381" SrcFileId="2" StartOffset="8375"/>
</LocList>
</BasicStmnt>
</StmntSeq>
</Branch>
<Branch CovItemId="B44" CovItemPrefix="bill.Bill.java" Implct="false" Intrnl_Id="712">
<Cond>
<Loc EndOffset="8406" SrcFileId="2" StartOffset="8388"/>
</Cond>
<LocList>
<Loc EndOffset="8510" SrcFileId="2" StartOffset="8416"/>
</LocList>
<StmntSeq Intrnl_Id="713">
<LocList>
<Loc EndOffset="8461" SrcFileId="2" StartOffset="8416"/>
<Loc EndOffset="8495" SrcFileId="2" StartOffset="8470"/>
<Loc EndOffset="8510" SrcFileId="2" StartOffset="8504"/>
</LocList>
<BasicStmnt CovItemId="S149" CovItemPrefix="bill.Bill.java" Intrnl_Id="714">
<LocList>
<Loc EndOffset="8461" SrcFileId="2" StartOffset="8416"/>
</LocList>
</BasicStmnt>
<BasicStmnt CovItemId="S150" CovItemPrefix="bill.Bill.java" Intrnl_Id="715">
<LocList>
<Loc EndOffset="8495" SrcFileId="2" StartOffset="8470"/>
</LocList>
</BasicStmnt>
<BasicStmnt CovItemId="S151" CovItemPrefix="bill.Bill.java" Intrnl_Id="716">
<LocList>
<Loc EndOffset="8510" SrcFileId="2" StartOffset="8504"/>
</LocList>
</BasicStmnt>
</StmntSeq>
</Branch>
<Branch CovItemId="B45" CovItemPrefix="bill.Bill.java" Implct="false" Intrnl_Id="717">
<Cond>
<Loc EndOffset="8524" SrcFileId="2" StartOffset="8517"/>
</Cond>
<LocList/>
<StmntSeq Intrnl_Id="718">
<LocList/>
</StmntSeq>
</Branch>
<Keyword EndOffset="7956" SrcFileId="2" StartOffset="7950"/>
<LocList>
<Loc EndOffset="8580" SrcFileId="2" StartOffset="7950"/>
</LocList>
</CondStmnt>
<BasicStmnt CovItemId="S152" CovItemPrefix="bill.Bill.java" Intrnl_Id="719">
<LocList>
<Loc EndOffset="8611" SrcFileId="2" StartOffset="8586"/>
</LocList>
</BasicStmnt>
</StmntSeq>
</HierarchyLvl>
<HierarchyLvl HierarchyLvlId="308" HierarchyLvlTypeId="8" Intrnl_Id="720" Name="exitBillState">
<Header>
<Loc EndOffset="8647" SrcFileId="2" StartOffset="8619"/>
</Header>
<LocList>
<Loc EndOffset="8825" SrcFileId="2" StartOffset="8619"/>
</LocList>
<StmntSeq Intrnl_Id="721">
<LocList>
<Loc EndOffset="8821" SrcFileId="2" StartOffset="8656"/>
</LocList>
<CondStmnt CovItemId="S153" CovItemPrefix="bill.Bill.java" Intrnl_Id="722">
<Branch CovItemId="B46" CovItemPrefix="bill.Bill.java" Implct="false" Intrnl_Id="723">
<Cond>
<Loc EndOffset="8707" SrcFileId="2" StartOffset="8686"/>
</Cond>
<LocList>
<Loc EndOffset="8755" SrcFileId="2" StartOffset="8717"/>
</LocList>
<StmntSeq Intrnl_Id="724">
<LocList>
<Loc EndOffset="8740" SrcFileId="2" StartOffset="8717"/>
<Loc EndOffset="8755" SrcFileId="2" StartOffset="8749"/>
</LocList>
<BasicStmnt CovItemId="S154" CovItemPrefix="bill.Bill.java" Intrnl_Id="725">
<LocList>
<Loc EndOffset="8740" SrcFileId="2" StartOffset="8717"/>
</LocList>
</BasicStmnt>
<BasicStmnt CovItemId="S155" CovItemPrefix="bill.Bill.java" Intrnl_Id="726">
<LocList>
<Loc EndOffset="8755" SrcFileId="2" StartOffset="8749"/>
</LocList>
</BasicStmnt>
</StmntSeq>
</Branch>
<Branch CovItemId="B47" CovItemPrefix="bill.Bill.java" Implct="false" Intrnl_Id="727">
<Cond>
<Loc EndOffset="8775" SrcFileId="2" StartOffset="8762"/>
</Cond>
<LocList>
<Loc EndOffset="8815" SrcFileId="2" StartOffset="8785"/>
</LocList>
<StmntSeq Intrnl_Id="728">
<LocList>
<Loc EndOffset="8800" SrcFileId="2" StartOffset="8785"/>
<Loc EndOffset="8815" SrcFileId="2" StartOffset="8809"/>
</LocList>
<BasicStmnt CovItemId="S156" CovItemPrefix="bill.Bill.java" Intrnl_Id="729">
<LocList>
<Loc EndOffset="8800" SrcFileId="2" StartOffset="8785"/>
</LocList>
</BasicStmnt>
<BasicStmnt CovItemId="S157" CovItemPrefix="bill.Bill.java" Intrnl_Id="730">
<LocList>
<Loc EndOffset="8815" SrcFileId="2" StartOffset="8809"/>
</LocList>
</BasicStmnt>
</StmntSeq>
</Branch>
<Branch CovItemId="B48" CovItemPrefix="bill.Bill.java" Implct="true" Intrnl_Id="731">
<Cond/>
<LocList/>
<StmntSeq Intrnl_Id="732">
<LocList/>
</StmntSeq>
</Branch>
<Keyword EndOffset="8662" SrcFileId="2" StartOffset="8656"/>
<LocList>
<Loc EndOffset="8821" SrcFileId="2" StartOffset="8656"/>
</LocList>
</CondStmnt>
</StmntSeq>
</HierarchyLvl>
<HierarchyLvl HierarchyLvlId="309" HierarchyLvlTypeId="8" Intrnl_Id="733" Name="setBillState">
<Header>
<Loc EndOffset="8876" SrcFileId="2" StartOffset="8829"/>
</Header>
<LocList>
<Loc EndOffset="9329" SrcFileId="2" StartOffset="8829"/>
</LocList>
<StmntSeq Intrnl_Id="734">
<LocList>
<Loc EndOffset="8908" SrcFileId="2" StartOffset="8885"/>
<Loc EndOffset="9325" SrcFileId="2" StartOffset="8953"/>
</LocList>
<BasicStmnt CovItemId="S158" CovItemPrefix="bill.Bill.java" Intrnl_Id="735">
<LocList>
<Loc EndOffset="8908" SrcFileId="2" StartOffset="8885"/>
</LocList>
</BasicStmnt>
<CondStmnt CovItemId="S159" CovItemPrefix="bill.Bill.java" Intrnl_Id="736">
<Branch CovItemId="B49" CovItemPrefix="bill.Bill.java" Implct="false" Intrnl_Id="737">
<Cond>
<Loc EndOffset="9004" SrcFileId="2" StartOffset="8983"/>
</Cond>
<LocList>
<Loc EndOffset="9167" SrcFileId="2" StartOffset="9014"/>
</LocList>
<StmntSeq Intrnl_Id="738">
<LocList>
<Loc EndOffset="9152" SrcFileId="2" StartOffset="9014"/>
<Loc EndOffset="9167" SrcFileId="2" StartOffset="9161"/>
</LocList>
<CondStmnt CovItemId="S160" CovItemPrefix="bill.Bill.java" Intrnl_Id="739">
<Branch CovItemId="B50" CovItemPrefix="bill.Bill.java" Implct="false" Intrnl_Id="740">
<Cond/>
<LocList>
<Loc EndOffset="9152" SrcFileId="2" StartOffset="9079"/>
</LocList>
<StmntSeq Intrnl_Id="741">
<LocList>
<Loc EndOffset="9150" SrcFileId="2" StartOffset="9081"/>
</LocList>
<BasicStmnt CovItemId="S161" CovItemPrefix="bill.Bill.java" Intrnl_Id="742">
<LocList>
<Loc EndOffset="9150" SrcFileId="2" StartOffset="9081"/>
</LocList>
</BasicStmnt>
</StmntSeq>
</Branch>
<Branch CovItemId="B51" CovItemPrefix="bill.Bill.java" Implct="true" Intrnl_Id="743">
<Cond/>
<LocList/>
<StmntSeq Intrnl_Id="744">
<LocList/>
</StmntSeq>
</Branch>
<Keyword EndOffset="9016" SrcFileId="2" StartOffset="9014"/>
<LocList>
<Loc EndOffset="9152" SrcFileId="2" StartOffset="9014"/>
</LocList>
<RootTerm CovItemId="C5" CovItemPrefix="bill.Bill.java" Intrnl_Id="745">
<BasicBoolTerm Intrnl_Id="746">
<LocList>
<Loc EndOffset="9077" SrcFileId="2" StartOffset="9018"/>
</LocList>
</BasicBoolTerm>
</RootTerm>
</CondStmnt>
<BasicStmnt CovItemId="S162" CovItemPrefix="bill.Bill.java" Intrnl_Id="747">
<LocList>
<Loc EndOffset="9167" SrcFileId="2" StartOffset="9161"/>
</LocList>
</BasicStmnt>
</StmntSeq>
</Branch>
<Branch CovItemId="B52" CovItemPrefix="bill.Bill.java" Implct="false" Intrnl_Id="748">
<Cond>
<Loc EndOffset="9187" SrcFileId="2" StartOffset="9174"/>
</Cond>
<LocList>
<Loc EndOffset="9319" SrcFileId="2" StartOffset="9197"/>
</LocList>
<StmntSeq Intrnl_Id="749">
<LocList>
<Loc EndOffset="9304" SrcFileId="2" StartOffset="9197"/>
<Loc EndOffset="9319" SrcFileId="2" StartOffset="9313"/>
</LocList>
<CondStmnt CovItemId="S163" CovItemPrefix="bill.Bill.java" Intrnl_Id="750">
<Branch CovItemId="B53" CovItemPrefix="bill.Bill.java" Implct="false" Intrnl_Id="751">
<Cond/>
<LocList>
<Loc EndOffset="9304" SrcFileId="2" StartOffset="9246"/>
</LocList>
<StmntSeq Intrnl_Id="752">
<LocList>
<Loc EndOffset="9302" SrcFileId="2" StartOffset="9248"/>
</LocList>
<BasicStmnt CovItemId="S164" CovItemPrefix="bill.Bill.java" Intrnl_Id="753">
<LocList>
<Loc EndOffset="9302" SrcFileId="2" StartOffset="9248"/>
</LocList>
</BasicStmnt>
</StmntSeq>
</Branch>
<Branch CovItemId="B54" CovItemPrefix="bill.Bill.java" Implct="true" Intrnl_Id="754">
<Cond/>
<LocList/>
<StmntSeq Intrnl_Id="755">
<LocList/>
</StmntSeq>
</Branch>
<Keyword EndOffset="9199" SrcFileId="2" StartOffset="9197"/>
<LocList>
<Loc EndOffset="9304" SrcFileId="2" StartOffset="9197"/>
</LocList>
<RootTerm CovItemId="C6" CovItemPrefix="bill.Bill.java" Intrnl_Id="756">
<BasicBoolTerm Intrnl_Id="757">
<LocList>
<Loc EndOffset="9244" SrcFileId="2" StartOffset="9201"/>
</LocList>
</BasicBoolTerm>
</RootTerm>
</CondStmnt>
<BasicStmnt CovItemId="S165" CovItemPrefix="bill.Bill.java" Intrnl_Id="758">
<LocList>
<Loc EndOffset="9319" SrcFileId="2" StartOffset="9313"/>
</LocList>
</BasicStmnt>
</StmntSeq>
</Branch>
<Branch CovItemId="B55" CovItemPrefix="bill.Bill.java" Implct="true" Intrnl_Id="759">
<Cond/>
<LocList/>
<StmntSeq Intrnl_Id="760">
<LocList/>
</StmntSeq>
</Branch>
<Keyword EndOffset="8959" SrcFileId="2" StartOffset="8953"/>
<LocList>
<Loc EndOffset="9325" SrcFileId="2" StartOffset="8953"/>
</LocList>
</CondStmnt>
</StmntSeq>
</HierarchyLvl>
<HierarchyLvl HierarchyLvlId="310" HierarchyLvlTypeId="8" Intrnl_Id="761" Name="setBillStateInHouseOfCommons">
<Header>
<Loc EndOffset="9428" SrcFileId="2" StartOffset="9333"/>
</Header>
<LocList>
<Loc EndOffset="9655" SrcFileId="2" StartOffset="9333"/>
</LocList>
<StmntSeq Intrnl_Id="762">
<LocList>
<Loc EndOffset="9492" SrcFileId="2" StartOffset="9437"/>
<Loc EndOffset="9651" SrcFileId="2" StartOffset="9497"/>
</LocList>
<BasicStmnt CovItemId="S166" CovItemPrefix="bill.Bill.java" Intrnl_Id="763">
<LocList>
<Loc EndOffset="9492" SrcFileId="2" StartOffset="9437"/>
</LocList>
</BasicStmnt>
<CondStmnt CovItemId="S167" CovItemPrefix="bill.Bill.java" Intrnl_Id="764">
<Branch CovItemId="B56" CovItemPrefix="bill.Bill.java" Implct="false" Intrnl_Id="765">
<Cond/>
<LocList>
<Loc EndOffset="9651" SrcFileId="2" StartOffset="9606"/>
</LocList>
<StmntSeq Intrnl_Id="766">
<LocList>
<Loc EndOffset="9649" SrcFileId="2" StartOffset="9608"/>
</LocList>
<BasicStmnt CovItemId="S168" CovItemPrefix="bill.Bill.java" Intrnl_Id="767">
<LocList>
<Loc EndOffset="9649" SrcFileId="2" StartOffset="9608"/>
</LocList>
</BasicStmnt>
</StmntSeq>
</Branch>
<Branch CovItemId="B57" CovItemPrefix="bill.Bill.java" Implct="true" Intrnl_Id="768">
<Cond/>
<LocList/>
<StmntSeq Intrnl_Id="769">
<LocList/>
</StmntSeq>
</Branch>
<Keyword EndOffset="9499" SrcFileId="2" StartOffset="9497"/>
<LocList>
<Loc EndOffset="9651" SrcFileId="2" StartOffset="9497"/>
</LocList>
<RootTerm CovItemId="C7" CovItemPrefix="bill.Bill.java" Intrnl_Id="770">
<OpTerm BooleanOpId="4" Intrnl_Id="771">
<BasicBoolTerm Intrnl_Id="772">
<LocList>
<Loc EndOffset="9540" SrcFileId="2" StartOffset="9501"/>
</LocList>
</BasicBoolTerm>
<BasicBoolTerm Intrnl_Id="773">
<LocList>
<Loc EndOffset="9604" SrcFileId="2" StartOffset="9544"/>
</LocList>
</BasicBoolTerm>
<LocList>
<Loc EndOffset="9543" SrcFileId="2" StartOffset="9541"/>
</LocList>
</OpTerm>
</RootTerm>
</CondStmnt>
</StmntSeq>
</HierarchyLvl>
<HierarchyLvl HierarchyLvlId="311" HierarchyLvlTypeId="8" Intrnl_Id="774" Name="setBillStateInSenate">
<Header>
<Loc EndOffset="9730" SrcFileId="2" StartOffset="9659"/>
</Header>
<LocList>
<Loc EndOffset="9909" SrcFileId="2" StartOffset="9659"/>
</LocList>
<StmntSeq Intrnl_Id="775">
<LocList>
<Loc EndOffset="9778" SrcFileId="2" StartOffset="9739"/>
<Loc EndOffset="9905" SrcFileId="2" StartOffset="9783"/>
</LocList>
<BasicStmnt CovItemId="S169" CovItemPrefix="bill.Bill.java" Intrnl_Id="776">
<LocList>
<Loc EndOffset="9778" SrcFileId="2" StartOffset="9739"/>
</LocList>
</BasicStmnt>
<CondStmnt CovItemId="S170" CovItemPrefix="bill.Bill.java" Intrnl_Id="777">
<Branch CovItemId="B58" CovItemPrefix="bill.Bill.java" Implct="false" Intrnl_Id="778">
<Cond/>
<LocList>
<Loc EndOffset="9905" SrcFileId="2" StartOffset="9868"/>
</LocList>
<StmntSeq Intrnl_Id="779">
<LocList>
<Loc EndOffset="9903" SrcFileId="2" StartOffset="9870"/>
</LocList>
<BasicStmnt CovItemId="S171" CovItemPrefix="bill.Bill.java" Intrnl_Id="780">
<LocList>
<Loc EndOffset="9903" SrcFileId="2" StartOffset="9870"/>
</LocList>
</BasicStmnt>
</StmntSeq>
</Branch>
<Branch CovItemId="B59" CovItemPrefix="bill.Bill.java" Implct="true" Intrnl_Id="781">
<Cond/>
<LocList/>
<StmntSeq Intrnl_Id="782">
<LocList/>
</StmntSeq>
</Branch>
<Keyword EndOffset="9785" SrcFileId="2" StartOffset="9783"/>
<LocList>
<Loc EndOffset="9905" SrcFileId="2" StartOffset="9783"/>
</LocList>
<RootTerm CovItemId="C8" CovItemPrefix="bill.Bill.java" Intrnl_Id="783">
<OpTerm BooleanOpId="4" Intrnl_Id="784">
<BasicBoolTerm Intrnl_Id="785">
<LocList>
<Loc EndOffset="9818" SrcFileId="2" StartOffset="9787"/>
</LocList>
</BasicBoolTerm>
<BasicBoolTerm Intrnl_Id="786">
<LocList>
<Loc EndOffset="9866" SrcFileId="2" StartOffset="9822"/>
</LocList>
</BasicBoolTerm>
<LocList>
<Loc EndOffset="9821" SrcFileId="2" StartOffset="9819"/>
</LocList>
</OpTerm>
</RootTerm>
</CondStmnt>
</StmntSeq>
</HierarchyLvl>
<HierarchyLvl HierarchyLvlId="312" HierarchyLvlTypeId="8" Intrnl_Id="787" Name="delete">
<Header>
<Loc EndOffset="9933" SrcFileId="2" StartOffset="9913"/>
</Header>
<LocList>
<Loc EndOffset="9938" SrcFileId="2" StartOffset="9913"/>
</LocList>
</HierarchyLvl>
<HierarchyLvl HierarchyLvlId="313" HierarchyLvlTypeId="8" Intrnl_Id="788" Name="toString">
<Header>
<Loc EndOffset="9967" SrcFileId="2" StartOffset="9943"/>
</Header>
<LocList>
<Loc EndOffset="10120" SrcFileId="2" StartOffset="9943"/>
</LocList>
<StmntSeq Intrnl_Id="789">
<LocList>
<Loc EndOffset="10000" SrcFileId="2" StartOffset="9975"/>
<Loc EndOffset="10116" SrcFileId="2" StartOffset="10005"/>
</LocList>
<BasicStmnt CovItemId="S172" CovItemPrefix="bill.Bill.java" Intrnl_Id="790">
<LocList>
<Loc EndOffset="10000" SrcFileId="2" StartOffset="9975"/>
</LocList>
</BasicStmnt>
<BasicStmnt CovItemId="S173" CovItemPrefix="bill.Bill.java" Intrnl_Id="791">
<LocList>
<Loc EndOffset="10116" SrcFileId="2" StartOffset="10005"/>
</LocList>
</BasicStmnt>
</StmntSeq>
</HierarchyLvl>
<HierarchyLvl HierarchyLvlId="314" HierarchyLvlTypeId="8" Intrnl_Id="792" Name="getBillState">
<Header>
<Loc EndOffset="10731" SrcFileId="2" StartOffset="10703"/>
</Header>
<LocList>
<Loc EndOffset="10772" SrcFileId="2" StartOffset="10703"/>
</LocList>
<StmntSeq Intrnl_Id="793">
<LocList>
<Loc EndOffset="10768" SrcFileId="2" StartOffset="10740"/>
</LocList>
<BasicStmnt CovItemId="S174" CovItemPrefix="bill.Bill.java" Intrnl_Id="794">
<LocList>
<Loc EndOffset="10768" SrcFileId="2" StartOffset="10740"/>
</LocList>
</BasicStmnt>
</StmntSeq>
</HierarchyLvl>
<HierarchyLvl HierarchyLvlId="315" HierarchyLvlTypeId="8" Intrnl_Id="795" Name="getBillStateInHouseOfCommons">
<Header>
<Loc EndOffset="10883" SrcFileId="2" StartOffset="10839"/>
</Header>
<LocList>
<Loc EndOffset="10939" SrcFileId="2" StartOffset="10839"/>
</LocList>
<StmntSeq Intrnl_Id="796">
<LocList>
<Loc EndOffset="10935" SrcFileId="2" StartOffset="10891"/>
</LocList>
<BasicStmnt CovItemId="S175" CovItemPrefix="bill.Bill.java" Intrnl_Id="797">
<LocList>
<Loc EndOffset="10935" SrcFileId="2" StartOffset="10891"/>
</LocList>
</BasicStmnt>
</StmntSeq>
</HierarchyLvl>
<HierarchyLvl HierarchyLvlId="316" HierarchyLvlTypeId="8" Intrnl_Id="798" Name="getBillStateInSenate">
<Header>
<Loc EndOffset="11034" SrcFileId="2" StartOffset="10998"/>
</Header>
<LocList>
<Loc EndOffset="11082" SrcFileId="2" StartOffset="10998"/>
</LocList>
<StmntSeq Intrnl_Id="799">
<LocList>
<Loc EndOffset="11078" SrcFileId="2" StartOffset="11042"/>
</LocList>
<BasicStmnt CovItemId="S176" CovItemPrefix="bill.Bill.java" Intrnl_Id="800">
<LocList>
<Loc EndOffset="11078" SrcFileId="2" StartOffset="11042"/>
</LocList>
</BasicStmnt>
</StmntSeq>
</HierarchyLvl>
</HierarchyLvl>
</HierarchyLvl>
</HierarchyLvl>
</MASTRoot>
</TestSessionContainer>
