<?xml version="1.0" encoding="UTF-8"?><TestSessionContainer xmlns="http://www.codecover.org/xml/testsession-container" Date="1414001135523" TestSessionContainerId="c6a9bd93-c26e-4cf6-8e20-ebda316aae71" version="1.0">
<SrcFileList>
<SrcFile Content="package test;&#10;&#10;import static org.junit.Assert.*;&#10;&#10;import org.junit.After;&#10;import org.junit.AfterClass;&#10;import org.junit.Before;&#10;import org.junit.BeforeClass;&#10;import org.junit.Test;&#10;&#10;import correctedBill.Bill;&#10;&#10;public class BillTest {&#10;&#10;&#9;@BeforeClass&#10;&#9;public static void setUpBeforeClass() throws Exception {&#10;&#9;}&#10;&#10;&#9;@AfterClass&#10;&#9;public static void tearDownAfterClass() throws Exception {&#10;&#9;}&#10;&#10;&#9;@Before&#10;&#9;public void setUp() throws Exception {&#10;&#9;}&#10;&#10;&#9;@After&#10;&#9;public void tearDown() throws Exception {&#10;&#9;}&#10;&#9;&#10;&#9;@Test&#10;&#9;public void testcase1() {&#10;&#9;&#9;//Conformance Test&#10;&#9;&#9;Bill aBill = new Bill();&#10;&#9;&#9;assertEquals(&quot;inPreparation&quot;, aBill.getBillState());&#10;&#9;&#9;aBill.introduceInHouse();&#10;&#9;&#9;assertEquals(&quot;firstReading&quot;, aBill.getBillStateInHouseOfCommons());&#10;&#9;&#9;aBill.withdraw();&#10;&#9;&#9;assertEquals(&quot;withdrawn&quot;, aBill.getBillState());&#10;&#9;&#9;aBill.modify();&#10;&#9;&#9;assertEquals(&quot;inPreparation&quot;, aBill.getBillState());&#10;&#9;&#9;&#10;&#9;&#9;//Sneak Paths&#10;&#9;&#9;//Test ID 1.1&#10;&#9;&#9;aBill.votePasses();&#10;&#9;&#9;assertEquals(&quot;inPreparation&quot;, aBill.getBillState());&#10;&#9;&#9;//Test ID 1.2&#10;&#9;&#9;aBill.voteFails();&#10;&#9;&#9;//Test ID 1.3&#10;&#9;&#9;assertEquals(&quot;inPreparation&quot;, aBill.getBillState());&#10;&#9;&#9;//Test ID 1.4&#10;&#9;&#9;aBill.withdraw();&#10;&#9;&#9;assertEquals(&quot;inPreparation&quot;, aBill.getBillState());&#10;&#9;&#9;//Test ID 1.5&#10;&#9;&#9;aBill.royalAssent();&#10;&#9;&#9;assertEquals(&quot;inPreparation&quot;, aBill.getBillState());&#10;&#9;&#9;//Test ID 1.6&#10;&#9;&#9;aBill.modify();&#10;&#9;&#9;assertEquals(&quot;inPreparation&quot;, aBill.getBillState());&#10;&#9;}&#10;&#9;&#10;&#9;@Test&#10;&#9;public void testcase2() {&#10;&#9;&#9;//Conformance Test&#10;&#9;&#9;Bill aBill = new Bill();&#10;&#9;&#9;assertEquals(&quot;inPreparation&quot;, aBill.getBillState());&#10;&#9;&#9;aBill.introduceInHouse();&#10;&#9;&#9;assertEquals(&quot;firstReading&quot;, aBill.getBillStateInHouseOfCommons());&#10;&#9;&#9;System.out.println(aBill.getBillState());&#10;&#9;&#9;aBill.voteFails();&#10;&#9;&#9;//error: should go to withdrawn state, but enters secondReading instead&#10;&#9;&#9;assertEquals(&quot;withdrawn&quot;, aBill.getBillState());&#10;&#10;&#9;&#9;//Sneak Paths&#10;&#9;&#9;//Test ID 2.1&#10;&#9;&#9;aBill.votePasses();&#10;&#9;&#9;assertEquals(&quot;withdrawn&quot;, aBill.getBillState());&#10;&#9;&#9;//Test ID 2.2&#10;&#9;&#9;aBill.voteFails();&#10;&#9;&#9;assertEquals(&quot;withdrawn&quot;, aBill.getBillState());&#10;&#9;&#9;//Test ID 2.3&#10;&#9;&#9;aBill.withdraw();&#10;&#9;&#9;assertEquals(&quot;withdrawn&quot;, aBill.getBillState());&#10;&#9;&#9;//Test ID 2.4&#10;&#9;&#9;aBill.introduceInHouse();&#10;&#9;&#9;assertEquals(&quot;withdrawn&quot;, aBill.getBillState());&#10;&#9;&#9;//Test ID 2.5&#10;&#9;&#9;aBill.introduceInSenate();&#10;&#9;&#9;assertEquals(&quot;withdrawn&quot;, aBill.getBillState());&#10;&#9;&#9;//Test ID 2.6&#10;&#9;&#9;aBill.royalAssent();&#10;&#9;&#9;assertEquals(&quot;withdrawn&quot;, aBill.getBillState());&#10;&#9;}&#10;&#9;&#10;&#9;@Test&#10;&#9;public void testcase3() {&#10;&#9;&#9;//Conformance Test&#10;&#9;&#9;Bill aBill = new Bill();&#10;&#9;&#9;assertEquals(&quot;inPreparation&quot;, aBill.getBillState());&#10;&#9;&#9;aBill.introduceInHouse();&#10;&#9;&#9;assertEquals(&quot;firstReading&quot;, aBill.getBillStateInHouseOfCommons());&#10;&#9;&#9;aBill.votePasses();&#10;&#9;&#9;assertEquals(&quot;secondReading&quot;, aBill.getBillStateInHouseOfCommons());&#10;&#9;&#9;aBill.withdraw();&#10;&#9;&#9;assertEquals(&quot;withdrawn&quot;, aBill.getBillState());&#10;&#9;}&#10;&#9;&#10;&#9;@Test&#10;&#9;public void testcase4() {&#10;&#9;&#9;//Conformance Test&#10;&#9;&#9;Bill aBill = new Bill();&#10;&#9;&#9;assertEquals(&quot;inPreparation&quot;, aBill.getBillState());&#10;&#9;&#9;aBill.introduceInHouse();&#10;&#9;&#9;assertEquals(&quot;firstReading&quot;, aBill.getBillStateInHouseOfCommons());&#10;&#9;&#9;aBill.votePasses();&#10;&#9;&#9;assertEquals(&quot;secondReading&quot;, aBill.getBillStateInHouseOfCommons());&#10;&#9;&#9;aBill.voteFails();&#10;&#9;&#9;//error&#10;&#9;&#9;assertEquals(&quot;withdrawn&quot;, aBill.getBillState());&#10;&#9;}&#10;&#9;&#10;&#9;@Test&#10;&#9;public void testcase5() {&#10;&#9;&#9;//Conformance Test&#10;&#9;&#9;Bill aBill = new Bill();&#10;&#9;&#9;assertEquals(&quot;inPreparation&quot;, aBill.getBillState());&#10;&#9;&#9;aBill.introduceInHouse();&#10;&#9;&#9;assertEquals(&quot;firstReading&quot;, aBill.getBillStateInHouseOfCommons());&#10;&#9;&#9;aBill.votePasses();&#10;&#9;&#9;assertEquals(&quot;secondReading&quot;, aBill.getBillStateInHouseOfCommons());&#10;&#9;&#9;aBill.votePasses();&#10;&#9;&#9;assertEquals(&quot;committeeConsideration&quot;, aBill.getBillStateInHouseOfCommons());&#10;&#9;&#9;aBill.withdraw();&#10;&#9;&#9;assertEquals(&quot;withdrawn&quot;, aBill.getBillState());&#10;&#9;}&#10;&#9;&#10;&#9;@Test&#10;&#9;public void testcase6() {&#10;&#9;&#9;//Conformance Test&#10;&#9;&#9;Bill aBill = new Bill();&#10;&#9;&#9;assertEquals(&quot;inPreparation&quot;, aBill.getBillState());&#10;&#9;&#9;aBill.introduceInHouse();&#10;&#9;&#9;assertEquals(&quot;firstReading&quot;, aBill.getBillStateInHouseOfCommons());&#10;&#9;&#9;aBill.votePasses();&#10;&#9;&#9;assertEquals(&quot;secondReading&quot;, aBill.getBillStateInHouseOfCommons());&#10;&#9;&#9;aBill.votePasses();&#10;&#9;&#9;assertEquals(&quot;committeeConsideration&quot;, aBill.getBillStateInHouseOfCommons());&#10;&#9;&#9;aBill.voteFails();&#10;&#9;&#9;//error&#10;&#9;&#9;assertEquals(&quot;withdrawn&quot;, aBill.getBillState());&#10;&#9;}&#10;&#9;&#10;&#9;@Test&#10;&#9;public void testcase7() {&#10;&#9;&#9;//Conformance Test&#10;&#9;&#9;Bill aBill = new Bill();&#10;&#9;&#9;assertEquals(&quot;inPreparation&quot;, aBill.getBillState());&#10;&#9;&#9;aBill.introduceInHouse();&#10;&#9;&#9;assertEquals(&quot;firstReading&quot;, aBill.getBillStateInHouseOfCommons());&#10;&#9;&#9;aBill.votePasses();&#10;&#9;&#9;assertEquals(&quot;secondReading&quot;, aBill.getBillStateInHouseOfCommons());&#10;&#9;&#9;aBill.votePasses();&#10;&#9;&#9;assertEquals(&quot;committeeConsideration&quot;, aBill.getBillStateInHouseOfCommons());&#10;&#9;&#9;aBill.votePasses();&#10;&#9;&#9;assertEquals(&quot;thirdReading&quot;, aBill.getBillStateInHouseOfCommons());&#10;&#9;&#9;aBill.withdraw();&#10;&#9;&#9;assertEquals(&quot;withdrawn&quot;, aBill.getBillState());&#10;&#9;}&#10;&#9;&#10;&#9;@Test&#10;&#9;public void testcase8() {&#10;&#9;&#9;//Conformance Test&#10;&#9;&#9;Bill aBill = new Bill();&#10;&#9;&#9;assertEquals(&quot;inPreparation&quot;, aBill.getBillState());&#10;&#9;&#9;aBill.introduceInHouse();&#10;&#9;&#9;assertEquals(&quot;firstReading&quot;, aBill.getBillStateInHouseOfCommons());&#10;&#9;&#9;aBill.votePasses();&#10;&#9;&#9;assertEquals(&quot;secondReading&quot;, aBill.getBillStateInHouseOfCommons());&#10;&#9;&#9;aBill.votePasses();&#10;&#9;&#9;assertEquals(&quot;committeeConsideration&quot;, aBill.getBillStateInHouseOfCommons());&#10;&#9;&#9;aBill.votePasses();&#10;&#9;&#9;assertEquals(&quot;thirdReading&quot;, aBill.getBillStateInHouseOfCommons());&#10;&#9;&#9;aBill.voteFails();&#10;&#9;&#9;//error&#10;&#9;&#9;assertEquals(&quot;withdrawn&quot;, aBill.getBillState());&#10;&#9;}&#10;&#9;&#10;&#9;@Test&#10;&#9;public void testcase9() {&#10;&#9;&#9;//Conformance Test&#10;&#9;&#9;Bill aBill = new Bill();&#10;&#9;&#9;assertEquals(&quot;inPreparation&quot;, aBill.getBillState());&#10;&#9;&#9;aBill.introduceInHouse();&#10;&#9;&#9;assertEquals(&quot;firstReading&quot;, aBill.getBillStateInHouseOfCommons());&#10;&#9;&#9;aBill.votePasses();&#10;&#9;&#9;assertEquals(&quot;secondReading&quot;, aBill.getBillStateInHouseOfCommons());&#10;&#9;&#9;aBill.votePasses();&#10;&#9;&#9;assertEquals(&quot;committeeConsideration&quot;, aBill.getBillStateInHouseOfCommons());&#10;&#9;&#9;aBill.votePasses();&#10;&#9;&#9;assertEquals(&quot;thirdReading&quot;, aBill.getBillStateInHouseOfCommons());&#10;&#9;&#9;aBill.votePasses();&#10;&#9;&#9;assertEquals(&quot;firstReadingS&quot;, aBill.getBillStateInSenate());&#10;&#9;}&#10;&#9;&#10;&#9;@Test&#10;&#9;public void testcase10() {&#10;&#9;&#9;//Conformance Test&#10;&#9;&#9;Bill aBill = new Bill();&#10;&#9;&#9;aBill.setIsCommonsBill(false);&#10;&#9;&#9;assertEquals(&quot;inPreparation&quot;, aBill.getBillState());&#10;&#9;&#9;aBill.introduceInHouse();&#10;&#9;&#9;assertEquals(&quot;firstReading&quot;, aBill.getBillStateInHouseOfCommons());&#10;&#9;&#9;aBill.votePasses();&#10;&#9;&#9;assertEquals(&quot;secondReading&quot;, aBill.getBillStateInHouseOfCommons());&#10;&#9;&#9;aBill.votePasses();&#10;&#9;&#9;assertEquals(&quot;committeeConsideration&quot;, aBill.getBillStateInHouseOfCommons());&#10;&#9;&#9;aBill.votePasses();&#10;&#9;&#9;assertEquals(&quot;thirdReading&quot;, aBill.getBillStateInHouseOfCommons());&#10;&#9;&#9;aBill.votePasses();&#10;&#9;&#9;//error&#10;&#9;&#9;assertEquals(&quot;awaitingRoyalAssent&quot;, aBill.getBillState());&#10;&#9;&#9;aBill.royalAssent();&#10;&#9;&#9;assertEquals(&quot;actOfParliament&quot;, aBill.getBillState());&#10;&#9;}&#10;&#9;&#10;&#9;@Test&#10;&#9;public void testcase11() {&#10;&#9;&#9;//Conformance Test&#10;&#9;&#9;Bill aBill = new Bill();&#10;&#9;&#9;assertEquals(&quot;inPreparation&quot;, aBill.getBillState());&#10;&#9;&#9;aBill.introduceInSenate();&#10;&#9;&#9;assertEquals(&quot;firstReadingS&quot;, aBill.getBillStateInSenate());&#10;&#9;&#9;aBill.withdraw();&#10;&#9;&#9;assertEquals(&quot;withdrawn&quot;, aBill.getBillState());&#10;&#9;}&#10;&#9;&#10;&#9;@Test&#10;&#9;public void testcase12() {&#10;&#9;&#9;//Conformance Test&#10;&#9;&#9;Bill aBill = new Bill();&#10;&#9;&#9;assertEquals(&quot;inPreparation&quot;, aBill.getBillState());&#10;&#9;&#9;aBill.introduceInSenate();&#10;&#9;&#9;assertEquals(&quot;firstReadingS&quot;, aBill.getBillStateInSenate());&#10;&#9;&#9;aBill.voteFails();&#10;&#9;&#9;assertEquals(&quot;withdrawn&quot;, aBill.getBillState());&#10;&#9;}&#10;&#9;&#10;&#9;@Test&#10;&#9;public void testcase13() {&#10;&#9;&#9;//Conformance Test&#10;&#9;&#9;Bill aBill = new Bill();&#10;&#9;&#9;assertEquals(&quot;inPreparation&quot;, aBill.getBillState());&#10;&#9;&#9;aBill.introduceInSenate();&#10;&#9;&#9;assertEquals(&quot;firstReadingS&quot;, aBill.getBillStateInSenate());&#10;&#9;&#9;aBill.votePasses();&#10;&#9;&#9;assertEquals(&quot;secondReadingS&quot;, aBill.getBillStateInSenate());&#10;&#9;&#9;aBill.withdraw();&#10;&#9;&#9;assertEquals(&quot;withdrawn&quot;, aBill.getBillState());&#10;&#9;}&#10;&#9;&#10;&#9;@Test&#10;&#9;public void testcase14() {&#10;&#9;&#9;//Conformance Test&#10;&#9;&#9;Bill aBill = new Bill();&#10;&#9;&#9;assertEquals(&quot;inPreparation&quot;, aBill.getBillState());&#10;&#9;&#9;aBill.introduceInSenate();&#10;&#9;&#9;assertEquals(&quot;firstReadingS&quot;, aBill.getBillStateInSenate());&#10;&#9;&#9;aBill.votePasses();&#10;&#9;&#9;assertEquals(&quot;secondReadingS&quot;, aBill.getBillStateInSenate());&#10;&#9;&#9;aBill.voteFails();&#10;&#9;&#9;assertEquals(&quot;withdrawn&quot;, aBill.getBillState());&#10;&#9;}&#10;&#9;&#10;&#9;@Test&#10;&#9;public void testcase15() {&#10;&#9;&#9;//Conformance Test&#10;&#9;&#9;Bill aBill = new Bill();&#10;&#9;&#9;assertEquals(&quot;inPreparation&quot;, aBill.getBillState());&#10;&#9;&#9;aBill.introduceInSenate();&#10;&#9;&#9;assertEquals(&quot;firstReadingS&quot;, aBill.getBillStateInSenate());&#10;&#9;&#9;aBill.votePasses();&#10;&#9;&#9;assertEquals(&quot;secondReadingS&quot;, aBill.getBillStateInSenate());&#10;&#9;&#9;aBill.votePasses();&#10;&#9;&#9;assertEquals(&quot;committeeConsiderationS&quot;, aBill.getBillStateInSenate());&#10;&#9;&#9;aBill.withdraw();&#10;&#9;&#9;assertEquals(&quot;withdrawn&quot;, aBill.getBillState());&#10;&#9;}&#10;&#9;@Test&#10;&#9;public void testcase16() {&#10;&#9;&#9;//Conformance Test&#10;&#9;&#9;Bill aBill = new Bill();&#10;&#9;&#9;assertEquals(&quot;inPreparation&quot;, aBill.getBillState());&#10;&#9;&#9;aBill.introduceInSenate();&#10;&#9;&#9;assertEquals(&quot;firstReadingS&quot;, aBill.getBillStateInSenate());&#10;&#9;&#9;aBill.votePasses();&#10;&#9;&#9;assertEquals(&quot;secondReadingS&quot;, aBill.getBillStateInSenate());&#10;&#9;&#9;aBill.votePasses();&#10;&#9;&#9;assertEquals(&quot;committeeConsiderationS&quot;, aBill.getBillStateInSenate());&#10;&#9;&#9;aBill.voteFails();&#10;&#9;&#9;assertEquals(&quot;withdrawn&quot;, aBill.getBillState());&#10;&#9;}&#10;&#9;@Test&#10;&#9;public void testcase17() {&#10;&#9;&#9;//Conformance Test&#10;&#9;&#9;Bill aBill = new Bill();&#10;&#9;&#9;assertEquals(&quot;inPreparation&quot;, aBill.getBillState());&#10;&#9;&#9;aBill.introduceInSenate();&#10;&#9;&#9;assertEquals(&quot;firstReadingS&quot;, aBill.getBillStateInSenate());&#10;&#9;&#9;aBill.votePasses();&#10;&#9;&#9;assertEquals(&quot;secondReadingS&quot;, aBill.getBillStateInSenate());&#10;&#9;&#9;aBill.votePasses();&#10;&#9;&#9;assertEquals(&quot;committeeConsiderationS&quot;, aBill.getBillStateInSenate());&#10;&#9;&#9;aBill.votePasses();&#10;&#9;&#9;assertEquals(&quot;thirdReadingS&quot;, aBill.getBillStateInSenate());&#10;&#9;&#9;aBill.withdraw();&#10;&#9;&#9;assertEquals(&quot;withdrawn&quot;, aBill.getBillState());&#10;&#10;&#9;}&#10;&#9;&#10;&#9;@Test&#10;&#9;public void testcase18() {&#10;&#9;&#9;//Conformance Test&#10;&#9;&#9;Bill aBill = new Bill();&#10;&#9;&#9;assertEquals(&quot;inPreparation&quot;, aBill.getBillState());&#10;&#9;&#9;aBill.introduceInSenate();&#10;&#9;&#9;assertEquals(&quot;firstReadingS&quot;, aBill.getBillStateInSenate());&#10;&#9;&#9;aBill.votePasses();&#10;&#9;&#9;assertEquals(&quot;secondReadingS&quot;, aBill.getBillStateInSenate());&#10;&#9;&#9;aBill.votePasses();&#10;&#9;&#9;assertEquals(&quot;committeeConsiderationS&quot;, aBill.getBillStateInSenate());&#10;&#9;&#9;aBill.votePasses();&#10;&#9;&#9;assertEquals(&quot;thirdReadingS&quot;, aBill.getBillStateInSenate());&#10;&#9;&#9;aBill.voteFails();&#10;&#9;&#9;assertEquals(&quot;withdrawn&quot;, aBill.getBillState());&#10;&#10;&#9;}&#10;&#9;@Test&#10;&#9;public void testcase19() {&#10;&#9;&#9;//Conformance Test&#10;&#9;&#9;Bill aBill = new Bill();&#10;&#9;&#9;aBill.setIsCommonsBill(false);&#10;&#9;&#9;assertEquals(&quot;inPreparation&quot;, aBill.getBillState());&#10;&#9;&#9;aBill.introduceInSenate();&#10;&#9;&#9;assertEquals(&quot;firstReadingS&quot;, aBill.getBillStateInSenate());&#10;&#9;&#9;aBill.votePasses();&#10;&#9;&#9;assertEquals(&quot;secondReadingS&quot;, aBill.getBillStateInSenate());&#10;&#9;&#9;aBill.votePasses();&#10;&#9;&#9;assertEquals(&quot;committeeConsiderationS&quot;, aBill.getBillStateInSenate());&#10;&#9;&#9;aBill.votePasses();&#10;&#9;&#9;assertEquals(&quot;thirdReadingS&quot;, aBill.getBillStateInSenate());&#10;&#9;&#9;aBill.votePasses();&#10;&#9;&#9;//error&#10;&#9;&#9;assertEquals(&quot;firstReading&quot;, aBill.getBillStateInHouseOfCommons());&#10;&#10;&#9;}&#10;&#9;@Test&#10;&#9;public void testcase20() {&#10;&#9;&#9;//Conformance Test&#10;&#9;&#9;Bill aBill = new Bill();&#10;&#9;&#9;assertEquals(&quot;inPreparation&quot;, aBill.getBillState());&#10;&#9;&#9;aBill.introduceInSenate();&#10;&#9;&#9;assertEquals(&quot;firstReadingS&quot;, aBill.getBillStateInSenate());&#10;&#9;&#9;aBill.votePasses();&#10;&#9;&#9;assertEquals(&quot;secondReadingS&quot;, aBill.getBillStateInSenate());&#10;&#9;&#9;aBill.votePasses();&#10;&#9;&#9;assertEquals(&quot;committeeConsiderationS&quot;, aBill.getBillStateInSenate());&#10;&#9;&#9;aBill.votePasses();&#10;&#9;&#9;assertEquals(&quot;thirdReadingS&quot;, aBill.getBillStateInSenate());&#10;&#9;&#9;aBill.votePasses();&#10;&#9;&#9;//error&#10;&#9;&#9;assertEquals(&quot;awaitingRoyalAssent&quot;, aBill.getBillState());&#10;&#10;&#9;}&#10;&#9;@Test&#10;&#9;public void testcase21() {&#10;&#9;&#9;//Sneak Test&#10;&#9;&#9;Bill aBill = new Bill();&#10;&#9;&#9;assertEquals(&quot;inPreparation&quot;, aBill.getBillState());&#10;&#9;&#9;aBill.introduceInHouse();&#10;&#9;&#9;assertEquals(&quot;firstReading&quot;, aBill.getBillStateInHouseOfCommons());&#10;&#9;&#9;aBill.introduceInHouse();&#10;&#9;&#9;assertEquals(&quot;firstReading&quot;, aBill.getBillStateInHouseOfCommons());&#10;&#9;&#9;&#10;&#9;&#9;aBill.introduceInSenate();&#10;&#9;&#9;assertEquals(&quot;firstReading&quot;, aBill.getBillStateInHouseOfCommons());&#10;&#9;&#9;&#10;&#9;&#9;aBill.royalAssent();&#10;&#9;&#9;assertEquals(&quot;firstReading&quot;, aBill.getBillStateInHouseOfCommons());&#10;&#10;&#9;&#9;aBill.modify();&#10;&#9;&#9;assertEquals(&quot;firstReading&quot;, aBill.getBillStateInHouseOfCommons());&#10;&#10;&#9;&#9;&#10;&#9;}&#10;&#9;&#10;&#9;@Test&#10;&#9;public void testcase22() {&#10;&#9;&#9;//Sneak Test&#10;&#9;&#9;Bill aBill = new Bill();&#10;&#9;&#9;assertEquals(&quot;inPreparation&quot;, aBill.getBillState());&#10;&#9;&#9;aBill.introduceInHouse();&#10;&#9;&#9;assertEquals(&quot;firstReading&quot;, aBill.getBillStateInHouseOfCommons());&#10;&#9;&#9;aBill.votePasses();&#10;&#9;&#9;assertEquals(&quot;secondReading&quot;, aBill.getBillStateInHouseOfCommons());&#10;&#9;&#9;aBill.introduceInHouse();&#10;&#9;&#9;assertEquals(&quot;secondReading&quot;, aBill.getBillStateInHouseOfCommons());&#10;&#9;&#9;&#10;&#9;&#9;aBill.introduceInSenate();&#10;&#9;&#9;assertEquals(&quot;secondReading&quot;, aBill.getBillStateInHouseOfCommons());&#10;&#9;&#9;&#10;&#9;&#9;aBill.royalAssent();&#10;&#9;&#9;assertEquals(&quot;secondReading&quot;, aBill.getBillStateInHouseOfCommons());&#10;&#10;&#9;&#9;aBill.modify();&#10;&#9;&#9;assertEquals(&quot;secondReading&quot;, aBill.getBillStateInHouseOfCommons());&#10;&#10;&#9;}&#10;&#9;@Test&#10;&#9;public void testcase23() {&#10;&#9;&#9;//Sneak Test&#10;&#9;&#9;Bill aBill = new Bill();&#10;&#9;&#9;assertEquals(&quot;inPreparation&quot;, aBill.getBillState());&#10;&#9;&#9;aBill.introduceInHouse();&#10;&#9;&#9;assertEquals(&quot;firstReading&quot;, aBill.getBillStateInHouseOfCommons());&#10;&#9;&#9;aBill.votePasses();&#10;&#9;&#9;assertEquals(&quot;secondReading&quot;, aBill.getBillStateInHouseOfCommons());&#10;&#9;&#9;aBill.votePasses();&#10;&#9;&#9;assertEquals(&quot;committeeConsideration&quot;, aBill.getBillStateInHouseOfCommons());&#10;&#9;&#9;&#10;&#9;&#9;aBill.introduceInSenate();&#10;&#9;&#9;assertEquals(&quot;committeeConsideration&quot;, aBill.getBillStateInHouseOfCommons());&#10;&#9;&#9;&#10;&#9;&#9;aBill.royalAssent();&#10;&#9;&#9;assertEquals(&quot;committeeConsideration&quot;, aBill.getBillStateInHouseOfCommons());&#10;&#10;&#9;&#9;aBill.modify();&#10;&#9;&#9;assertEquals(&quot;committeeConsideration&quot;, aBill.getBillStateInHouseOfCommons());&#10;&#10;&#9;}&#10;&#9;&#10;&#9;@Test&#10;&#9;public void testcase24() {&#10;&#9;&#9;//Sneak Test&#10;&#9;&#9;Bill aBill = new Bill();&#10;&#9;&#9;assertEquals(&quot;inPreparation&quot;, aBill.getBillState());&#10;&#9;&#9;aBill.introduceInHouse();&#10;&#9;&#9;assertEquals(&quot;firstReading&quot;, aBill.getBillStateInHouseOfCommons());&#10;&#9;&#9;aBill.votePasses();&#10;&#9;&#9;assertEquals(&quot;secondReading&quot;, aBill.getBillStateInHouseOfCommons());&#10;&#9;&#9;aBill.votePasses();&#10;&#9;&#9;assertEquals(&quot;committeeConsideration&quot;, aBill.getBillStateInHouseOfCommons());&#10;&#9;&#9;aBill.votePasses();&#10;&#9;&#9;assertEquals(&quot;thirdReading&quot;, aBill.getBillStateInHouseOfCommons());&#10;&#10;&#9;&#9;aBill.introduceInSenate();&#10;&#9;&#9;assertEquals(&quot;thirdReading&quot;, aBill.getBillStateInHouseOfCommons());&#10;&#9;&#9;&#10;&#9;&#9;aBill.royalAssent();&#10;&#9;&#9;assertEquals(&quot;thirdReading&quot;, aBill.getBillStateInHouseOfCommons());&#10;&#10;&#9;&#9;aBill.modify();&#10;&#9;&#9;assertEquals(&quot;thirdReading&quot;, aBill.getBillStateInHouseOfCommons());&#10;&#10;&#9;}&#10;&#9;&#10;&#9;@Test&#10;&#9;public void testcase25() {&#10;&#9;&#9;//Sneak Test&#10;&#9;&#9;Bill aBill = new Bill();&#10;&#9;&#9;aBill.setIsCommonsBill(false);&#10;&#9;&#9;assertEquals(&quot;inPreparation&quot;, aBill.getBillState());&#10;&#9;&#9;aBill.introduceInHouse();&#10;&#9;&#9;assertEquals(&quot;firstReading&quot;, aBill.getBillStateInHouseOfCommons());&#10;&#9;&#9;aBill.votePasses();&#10;&#9;&#9;assertEquals(&quot;secondReading&quot;, aBill.getBillStateInHouseOfCommons());&#10;&#9;&#9;aBill.votePasses();&#10;&#9;&#9;assertEquals(&quot;committeeConsideration&quot;, aBill.getBillStateInHouseOfCommons());&#10;&#9;&#9;aBill.votePasses();&#10;&#9;&#9;assertEquals(&quot;thirdReading&quot;, aBill.getBillStateInHouseOfCommons());&#10;&#9;&#9;aBill.votePasses();&#10;&#9;&#9;assertEquals(&quot;awaitingRoyalAssent&quot;, aBill.getBillState());&#10;&#10;&#9;&#9;aBill.votePasses();&#10;&#9;&#9;assertEquals(&quot;awaitingRoyalAssent&quot;, aBill.getBillState());&#10;&#9;&#9;&#10;&#9;&#9;aBill.voteFails();&#10;&#9;&#9;assertEquals(&quot;awaitingRoyalAssent&quot;, aBill.getBillState());&#10;&#10;&#9;&#9;aBill.withdraw();&#10;&#9;&#9;assertEquals(&quot;awaitingRoyalAssent&quot;, aBill.getBillState());&#10;&#10;&#9;&#9;aBill.introduceInHouse();&#10;&#9;&#9;assertEquals(&quot;awaitingRoyalAssent&quot;, aBill.getBillState());&#10;&#10;&#9;&#9;aBill.introduceInSenate();&#10;&#9;&#9;assertEquals(&quot;awaitingRoyalAssent&quot;, aBill.getBillState());&#10;&#10;&#9;&#9;aBill.modify();&#10;&#9;&#9;assertEquals(&quot;awaitingRoyalAssent&quot;, aBill.getBillState());&#10;&#10;&#9;}&#10;&#9;&#10;&#9;@Test&#10;&#9;public void testcase26() {&#10;&#9;&#9;//Sneak Test&#10;&#9;&#9;Bill aBill = new Bill();&#10;&#9;&#9;assertEquals(&quot;inPreparation&quot;, aBill.getBillState());&#10;&#9;&#9;aBill.introduceInSenate();&#10;&#9;&#9;assertEquals(&quot;firstReadingS&quot;, aBill.getBillStateInSenate());&#10;&#9;&#9;aBill.introduceInHouse();&#10;&#9;&#9;assertEquals(&quot;firstReadingS&quot;, aBill.getBillStateInSenate());&#10;&#10;&#9;&#9;aBill.introduceInSenate();&#10;&#9;&#9;assertEquals(&quot;firstReadingS&quot;, aBill.getBillStateInSenate());&#10;&#10;&#9;&#9;aBill.royalAssent();&#10;&#9;&#9;assertEquals(&quot;firstReadingS&quot;, aBill.getBillStateInSenate());&#10;&#10;&#9;&#9;aBill.modify();&#10;&#9;&#9;assertEquals(&quot;firstReadingS&quot;, aBill.getBillStateInSenate());&#10;&#10;&#9;&#9;&#10;&#9;}&#10;&#9;@Test&#10;&#9;public void testcase27() {&#10;&#9;&#9;//Sneak Test&#10;&#9;&#9;Bill aBill = new Bill();&#10;&#9;&#9;assertEquals(&quot;inPreparation&quot;, aBill.getBillState());&#10;&#9;&#9;aBill.introduceInSenate();&#10;&#9;&#9;assertEquals(&quot;firstReadingS&quot;, aBill.getBillStateInSenate());&#10;&#9;&#9;aBill.votePasses();&#10;&#9;&#9;assertEquals(&quot;secondReadingS&quot;, aBill.getBillStateInSenate());&#10;&#9;&#9;aBill.introduceInHouse();&#10;&#9;&#9;assertEquals(&quot;secondReadingS&quot;, aBill.getBillStateInSenate());&#10;&#10;&#9;&#9;aBill.introduceInSenate();&#10;&#9;&#9;assertEquals(&quot;secondReadingS&quot;, aBill.getBillStateInSenate());&#10;&#10;&#9;&#9;aBill.royalAssent();&#10;&#9;&#9;assertEquals(&quot;secondReadingS&quot;, aBill.getBillStateInSenate());&#10;&#10;&#9;&#9;aBill.modify();&#10;&#9;&#9;assertEquals(&quot;secondReadingS&quot;, aBill.getBillStateInSenate());&#10;&#10;&#9;}&#10;&#9;&#10;&#9;@Test&#10;&#9;public void testcase28() {&#10;&#9;&#9;//Sneak Test&#10;&#9;&#9;Bill aBill = new Bill();&#10;&#9;&#9;assertEquals(&quot;inPreparation&quot;, aBill.getBillState());&#10;&#9;&#9;aBill.introduceInSenate();&#10;&#9;&#9;assertEquals(&quot;firstReadingS&quot;, aBill.getBillStateInSenate());&#10;&#9;&#9;aBill.votePasses();&#10;&#9;&#9;assertEquals(&quot;secondReadingS&quot;, aBill.getBillStateInSenate());&#10;&#9;&#9;aBill.votePasses();&#10;&#9;&#9;assertEquals(&quot;committeeConsiderationS&quot;, aBill.getBillStateInSenate());&#10;&#9;&#9;aBill.introduceInHouse();&#10;&#9;&#9;assertEquals(&quot;committeeConsiderationS&quot;, aBill.getBillStateInSenate());&#10;&#10;&#9;&#9;aBill.introduceInSenate();&#10;&#9;&#9;assertEquals(&quot;committeeConsiderationS&quot;, aBill.getBillStateInSenate());&#10;&#10;&#9;&#9;aBill.royalAssent();&#10;&#9;&#9;assertEquals(&quot;committeeConsiderationS&quot;, aBill.getBillStateInSenate());&#10;&#10;&#9;&#9;aBill.modify();&#10;&#9;&#9;assertEquals(&quot;committeeConsiderationS&quot;, aBill.getBillStateInSenate());&#10;&#10;&#9;}&#10;&#9;&#10;&#9;@Test&#10;&#9;public void testcase29() {&#10;&#9;&#9;//Sneak Test&#10;&#9;&#9;Bill aBill = new Bill();&#10;&#9;&#9;assertEquals(&quot;inPreparation&quot;, aBill.getBillState());&#10;&#9;&#9;aBill.introduceInSenate();&#10;&#9;&#9;assertEquals(&quot;firstReadingS&quot;, aBill.getBillStateInSenate());&#10;&#9;&#9;aBill.votePasses();&#10;&#9;&#9;assertEquals(&quot;secondReadingS&quot;, aBill.getBillStateInSenate());&#10;&#9;&#9;aBill.votePasses();&#10;&#9;&#9;assertEquals(&quot;committeeConsiderationS&quot;, aBill.getBillStateInSenate());&#10;&#9;&#9;aBill.votePasses();&#10;&#9;&#9;assertEquals(&quot;thirdReadingS&quot;, aBill.getBillStateInSenate());&#10;&#9;&#9;aBill.introduceInHouse();&#10;&#9;&#9;assertEquals(&quot;thirdReadingS&quot;, aBill.getBillStateInSenate());&#10;&#10;&#9;&#9;&#10;&#9;&#9;aBill.introduceInSenate();&#10;&#9;&#9;assertEquals(&quot;thirdReadingS&quot;, aBill.getBillStateInSenate());&#10;&#10;&#9;&#9;aBill.royalAssent();&#10;&#9;&#9;assertEquals(&quot;thirdReadingS&quot;, aBill.getBillStateInSenate());&#10;&#10;&#9;&#9;aBill.modify();&#10;&#9;&#9;assertEquals(&quot;thirdReadingS&quot;, aBill.getBillStateInSenate());&#10;&#10;&#9;}&#10;&#9;&#10;&#9;&#10;}" Filename="BillTest.java" Intrnl_Id="1"/>
</SrcFileList>
<CritList>
<CritListEntry Name="org.codecover.model.utils.criteria.LoopCoverage" PluginName="org.codecover"/>
<CritListEntry Name="org.codecover.model.utils.criteria.BranchCoverage" PluginName="org.codecover"/>
<CritListEntry Name="org.codecover.model.utils.criteria.ConditionCoverage" PluginName="org.codecover"/>
<CritListEntry Name="org.codecover.model.utils.criteria.SynchronizedStatementCoverage" PluginName="org.codecover"/>
<CritListEntry Name="org.codecover.model.utils.criteria.QMOCoverage" PluginName="org.codecover"/>
<CritListEntry Name="org.codecover.model.utils.criteria.StatementCoverage" PluginName="org.codecover"/>
</CritList>
<BoolOpList/>
<HierarchyLvlTypeList>
<HierarchyLvlType EnglishName="package" IntrnlName="package" Intrnl_Id="2"/>
<HierarchyLvlType EnglishName="class" IntrnlName="class" Intrnl_Id="3"/>
<HierarchyLvlType EnglishName="method" IntrnlName="method" Intrnl_Id="4"/>
<HierarchyLvlType EnglishName="default package" IntrnlName="default package" Intrnl_Id="5"/>
</HierarchyLvlTypeList>
<MASTRoot>
<HierarchyLvl HierarchyLvlId="932" HierarchyLvlTypeId="5" Intrnl_Id="6" Name="default package">
<Header/>
<LocList/>
<HierarchyLvl HierarchyLvlId="931" HierarchyLvlTypeId="2" Intrnl_Id="7" Name="test">
<Header/>
<LocList/>
<HierarchyLvl HierarchyLvlId="930" HierarchyLvlTypeId="3" Intrnl_Id="8" Name="BillTest">
<Header>
<Loc EndOffset="231" SrcFileId="1" StartOffset="210"/>
</Header>
<LocList>
<Loc EndOffset="18467" SrcFileId="1" StartOffset="210"/>
</LocList>
<HierarchyLvl HierarchyLvlId="897" HierarchyLvlTypeId="4" Intrnl_Id="9" Name="setUpBeforeClass">
<Header>
<Loc EndOffset="304" SrcFileId="1" StartOffset="236"/>
</Header>
<LocList>
<Loc EndOffset="309" SrcFileId="1" StartOffset="236"/>
</LocList>
</HierarchyLvl>
<HierarchyLvl HierarchyLvlId="898" HierarchyLvlTypeId="4" Intrnl_Id="10" Name="tearDownAfterClass">
<Header>
<Loc EndOffset="381" SrcFileId="1" StartOffset="312"/>
</Header>
<LocList>
<Loc EndOffset="386" SrcFileId="1" StartOffset="312"/>
</LocList>
</HierarchyLvl>
<HierarchyLvl HierarchyLvlId="899" HierarchyLvlTypeId="4" Intrnl_Id="11" Name="setUp">
<Header>
<Loc EndOffset="434" SrcFileId="1" StartOffset="389"/>
</Header>
<LocList>
<Loc EndOffset="439" SrcFileId="1" StartOffset="389"/>
</LocList>
</HierarchyLvl>
<HierarchyLvl HierarchyLvlId="900" HierarchyLvlTypeId="4" Intrnl_Id="12" Name="tearDown">
<Header>
<Loc EndOffset="489" SrcFileId="1" StartOffset="442"/>
</Header>
<LocList>
<Loc EndOffset="494" SrcFileId="1" StartOffset="442"/>
</LocList>
</HierarchyLvl>
<HierarchyLvl HierarchyLvlId="901" HierarchyLvlTypeId="4" Intrnl_Id="13" Name="testcase1">
<Header>
<Loc EndOffset="528" SrcFileId="1" StartOffset="498"/>
</Header>
<LocList>
<Loc EndOffset="1372" SrcFileId="1" StartOffset="498"/>
</LocList>
<StmntSeq Intrnl_Id="14">
<LocList>
<Loc EndOffset="578" SrcFileId="1" StartOffset="554"/>
<Loc EndOffset="633" SrcFileId="1" StartOffset="581"/>
<Loc EndOffset="661" SrcFileId="1" StartOffset="636"/>
<Loc EndOffset="731" SrcFileId="1" StartOffset="664"/>
<Loc EndOffset="751" SrcFileId="1" StartOffset="734"/>
<Loc EndOffset="802" SrcFileId="1" StartOffset="754"/>
<Loc EndOffset="820" SrcFileId="1" StartOffset="805"/>
<Loc EndOffset="875" SrcFileId="1" StartOffset="823"/>
<Loc EndOffset="932" SrcFileId="1" StartOffset="913"/>
<Loc EndOffset="987" SrcFileId="1" StartOffset="935"/>
<Loc EndOffset="1024" SrcFileId="1" StartOffset="1006"/>
<Loc EndOffset="1095" SrcFileId="1" StartOffset="1043"/>
<Loc EndOffset="1131" SrcFileId="1" StartOffset="1114"/>
<Loc EndOffset="1186" SrcFileId="1" StartOffset="1134"/>
<Loc EndOffset="1225" SrcFileId="1" StartOffset="1205"/>
<Loc EndOffset="1280" SrcFileId="1" StartOffset="1228"/>
<Loc EndOffset="1314" SrcFileId="1" StartOffset="1299"/>
<Loc EndOffset="1369" SrcFileId="1" StartOffset="1317"/>
</LocList>
<BasicStmnt CovItemId="S1" CovItemPrefix="test.BillTest.java" Intrnl_Id="15">
<LocList>
<Loc EndOffset="578" SrcFileId="1" StartOffset="554"/>
</LocList>
</BasicStmnt>
<BasicStmnt CovItemId="S2" CovItemPrefix="test.BillTest.java" Intrnl_Id="16">
<LocList>
<Loc EndOffset="633" SrcFileId="1" StartOffset="581"/>
</LocList>
</BasicStmnt>
<BasicStmnt CovItemId="S3" CovItemPrefix="test.BillTest.java" Intrnl_Id="17">
<LocList>
<Loc EndOffset="661" SrcFileId="1" StartOffset="636"/>
</LocList>
</BasicStmnt>
<BasicStmnt CovItemId="S4" CovItemPrefix="test.BillTest.java" Intrnl_Id="18">
<LocList>
<Loc EndOffset="731" SrcFileId="1" StartOffset="664"/>
</LocList>
</BasicStmnt>
<BasicStmnt CovItemId="S5" CovItemPrefix="test.BillTest.java" Intrnl_Id="19">
<LocList>
<Loc EndOffset="751" SrcFileId="1" StartOffset="734"/>
</LocList>
</BasicStmnt>
<BasicStmnt CovItemId="S6" CovItemPrefix="test.BillTest.java" Intrnl_Id="20">
<LocList>
<Loc EndOffset="802" SrcFileId="1" StartOffset="754"/>
</LocList>
</BasicStmnt>
<BasicStmnt CovItemId="S7" CovItemPrefix="test.BillTest.java" Intrnl_Id="21">
<LocList>
<Loc EndOffset="820" SrcFileId="1" StartOffset="805"/>
</LocList>
</BasicStmnt>
<BasicStmnt CovItemId="S8" CovItemPrefix="test.BillTest.java" Intrnl_Id="22">
<LocList>
<Loc EndOffset="875" SrcFileId="1" StartOffset="823"/>
</LocList>
</BasicStmnt>
<BasicStmnt CovItemId="S9" CovItemPrefix="test.BillTest.java" Intrnl_Id="23">
<LocList>
<Loc EndOffset="932" SrcFileId="1" StartOffset="913"/>
</LocList>
</BasicStmnt>
<BasicStmnt CovItemId="S10" CovItemPrefix="test.BillTest.java" Intrnl_Id="24">
<LocList>
<Loc EndOffset="987" SrcFileId="1" StartOffset="935"/>
</LocList>
</BasicStmnt>
<BasicStmnt CovItemId="S11" CovItemPrefix="test.BillTest.java" Intrnl_Id="25">
<LocList>
<Loc EndOffset="1024" SrcFileId="1" StartOffset="1006"/>
</LocList>
</BasicStmnt>
<BasicStmnt CovItemId="S12" CovItemPrefix="test.BillTest.java" Intrnl_Id="26">
<LocList>
<Loc EndOffset="1095" SrcFileId="1" StartOffset="1043"/>
</LocList>
</BasicStmnt>
<BasicStmnt CovItemId="S13" CovItemPrefix="test.BillTest.java" Intrnl_Id="27">
<LocList>
<Loc EndOffset="1131" SrcFileId="1" StartOffset="1114"/>
</LocList>
</BasicStmnt>
<BasicStmnt CovItemId="S14" CovItemPrefix="test.BillTest.java" Intrnl_Id="28">
<LocList>
<Loc EndOffset="1186" SrcFileId="1" StartOffset="1134"/>
</LocList>
</BasicStmnt>
<BasicStmnt CovItemId="S15" CovItemPrefix="test.BillTest.java" Intrnl_Id="29">
<LocList>
<Loc EndOffset="1225" SrcFileId="1" StartOffset="1205"/>
</LocList>
</BasicStmnt>
<BasicStmnt CovItemId="S16" CovItemPrefix="test.BillTest.java" Intrnl_Id="30">
<LocList>
<Loc EndOffset="1280" SrcFileId="1" StartOffset="1228"/>
</LocList>
</BasicStmnt>
<BasicStmnt CovItemId="S17" CovItemPrefix="test.BillTest.java" Intrnl_Id="31">
<LocList>
<Loc EndOffset="1314" SrcFileId="1" StartOffset="1299"/>
</LocList>
</BasicStmnt>
<BasicStmnt CovItemId="S18" CovItemPrefix="test.BillTest.java" Intrnl_Id="32">
<LocList>
<Loc EndOffset="1369" SrcFileId="1" StartOffset="1317"/>
</LocList>
</BasicStmnt>
</StmntSeq>
</HierarchyLvl>
<HierarchyLvl HierarchyLvlId="902" HierarchyLvlTypeId="4" Intrnl_Id="33" Name="testcase2">
<Header>
<Loc EndOffset="1406" SrcFileId="1" StartOffset="1376"/>
</Header>
<LocList>
<Loc EndOffset="2364" SrcFileId="1" StartOffset="1376"/>
</LocList>
<StmntSeq Intrnl_Id="34">
<LocList>
<Loc EndOffset="1456" SrcFileId="1" StartOffset="1432"/>
<Loc EndOffset="1511" SrcFileId="1" StartOffset="1459"/>
<Loc EndOffset="1539" SrcFileId="1" StartOffset="1514"/>
<Loc EndOffset="1609" SrcFileId="1" StartOffset="1542"/>
<Loc EndOffset="1653" SrcFileId="1" StartOffset="1612"/>
<Loc EndOffset="1674" SrcFileId="1" StartOffset="1656"/>
<Loc EndOffset="1799" SrcFileId="1" StartOffset="1751"/>
<Loc EndOffset="1854" SrcFileId="1" StartOffset="1835"/>
<Loc EndOffset="1905" SrcFileId="1" StartOffset="1857"/>
<Loc EndOffset="1942" SrcFileId="1" StartOffset="1924"/>
<Loc EndOffset="1993" SrcFileId="1" StartOffset="1945"/>
<Loc EndOffset="2029" SrcFileId="1" StartOffset="2012"/>
<Loc EndOffset="2080" SrcFileId="1" StartOffset="2032"/>
<Loc EndOffset="2124" SrcFileId="1" StartOffset="2099"/>
<Loc EndOffset="2175" SrcFileId="1" StartOffset="2127"/>
<Loc EndOffset="2220" SrcFileId="1" StartOffset="2194"/>
<Loc EndOffset="2271" SrcFileId="1" StartOffset="2223"/>
<Loc EndOffset="2310" SrcFileId="1" StartOffset="2290"/>
<Loc EndOffset="2361" SrcFileId="1" StartOffset="2313"/>
</LocList>
<BasicStmnt CovItemId="S19" CovItemPrefix="test.BillTest.java" Intrnl_Id="35">
<LocList>
<Loc EndOffset="1456" SrcFileId="1" StartOffset="1432"/>
</LocList>
</BasicStmnt>
<BasicStmnt CovItemId="S20" CovItemPrefix="test.BillTest.java" Intrnl_Id="36">
<LocList>
<Loc EndOffset="1511" SrcFileId="1" StartOffset="1459"/>
</LocList>
</BasicStmnt>
<BasicStmnt CovItemId="S21" CovItemPrefix="test.BillTest.java" Intrnl_Id="37">
<LocList>
<Loc EndOffset="1539" SrcFileId="1" StartOffset="1514"/>
</LocList>
</BasicStmnt>
<BasicStmnt CovItemId="S22" CovItemPrefix="test.BillTest.java" Intrnl_Id="38">
<LocList>
<Loc EndOffset="1609" SrcFileId="1" StartOffset="1542"/>
</LocList>
</BasicStmnt>
<BasicStmnt CovItemId="S23" CovItemPrefix="test.BillTest.java" Intrnl_Id="39">
<LocList>
<Loc EndOffset="1653" SrcFileId="1" StartOffset="1612"/>
</LocList>
</BasicStmnt>
<BasicStmnt CovItemId="S24" CovItemPrefix="test.BillTest.java" Intrnl_Id="40">
<LocList>
<Loc EndOffset="1674" SrcFileId="1" StartOffset="1656"/>
</LocList>
</BasicStmnt>
<BasicStmnt CovItemId="S25" CovItemPrefix="test.BillTest.java" Intrnl_Id="41">
<LocList>
<Loc EndOffset="1799" SrcFileId="1" StartOffset="1751"/>
</LocList>
</BasicStmnt>
<BasicStmnt CovItemId="S26" CovItemPrefix="test.BillTest.java" Intrnl_Id="42">
<LocList>
<Loc EndOffset="1854" SrcFileId="1" StartOffset="1835"/>
</LocList>
</BasicStmnt>
<BasicStmnt CovItemId="S27" CovItemPrefix="test.BillTest.java" Intrnl_Id="43">
<LocList>
<Loc EndOffset="1905" SrcFileId="1" StartOffset="1857"/>
</LocList>
</BasicStmnt>
<BasicStmnt CovItemId="S28" CovItemPrefix="test.BillTest.java" Intrnl_Id="44">
<LocList>
<Loc EndOffset="1942" SrcFileId="1" StartOffset="1924"/>
</LocList>
</BasicStmnt>
<BasicStmnt CovItemId="S29" CovItemPrefix="test.BillTest.java" Intrnl_Id="45">
<LocList>
<Loc EndOffset="1993" SrcFileId="1" StartOffset="1945"/>
</LocList>
</BasicStmnt>
<BasicStmnt CovItemId="S30" CovItemPrefix="test.BillTest.java" Intrnl_Id="46">
<LocList>
<Loc EndOffset="2029" SrcFileId="1" StartOffset="2012"/>
</LocList>
</BasicStmnt>
<BasicStmnt CovItemId="S31" CovItemPrefix="test.BillTest.java" Intrnl_Id="47">
<LocList>
<Loc EndOffset="2080" SrcFileId="1" StartOffset="2032"/>
</LocList>
</BasicStmnt>
<BasicStmnt CovItemId="S32" CovItemPrefix="test.BillTest.java" Intrnl_Id="48">
<LocList>
<Loc EndOffset="2124" SrcFileId="1" StartOffset="2099"/>
</LocList>
</BasicStmnt>
<BasicStmnt CovItemId="S33" CovItemPrefix="test.BillTest.java" Intrnl_Id="49">
<LocList>
<Loc EndOffset="2175" SrcFileId="1" StartOffset="2127"/>
</LocList>
</BasicStmnt>
<BasicStmnt CovItemId="S34" CovItemPrefix="test.BillTest.java" Intrnl_Id="50">
<LocList>
<Loc EndOffset="2220" SrcFileId="1" StartOffset="2194"/>
</LocList>
</BasicStmnt>
<BasicStmnt CovItemId="S35" CovItemPrefix="test.BillTest.java" Intrnl_Id="51">
<LocList>
<Loc EndOffset="2271" SrcFileId="1" StartOffset="2223"/>
</LocList>
</BasicStmnt>
<BasicStmnt CovItemId="S36" CovItemPrefix="test.BillTest.java" Intrnl_Id="52">
<LocList>
<Loc EndOffset="2310" SrcFileId="1" StartOffset="2290"/>
</LocList>
</BasicStmnt>
<BasicStmnt CovItemId="S37" CovItemPrefix="test.BillTest.java" Intrnl_Id="53">
<LocList>
<Loc EndOffset="2361" SrcFileId="1" StartOffset="2313"/>
</LocList>
</BasicStmnt>
</StmntSeq>
</HierarchyLvl>
<HierarchyLvl HierarchyLvlId="903" HierarchyLvlTypeId="4" Intrnl_Id="54" Name="testcase3">
<Header>
<Loc EndOffset="2398" SrcFileId="1" StartOffset="2368"/>
</Header>
<LocList>
<Loc EndOffset="2768" SrcFileId="1" StartOffset="2368"/>
</LocList>
<StmntSeq Intrnl_Id="55">
<LocList>
<Loc EndOffset="2448" SrcFileId="1" StartOffset="2424"/>
<Loc EndOffset="2503" SrcFileId="1" StartOffset="2451"/>
<Loc EndOffset="2531" SrcFileId="1" StartOffset="2506"/>
<Loc EndOffset="2601" SrcFileId="1" StartOffset="2534"/>
<Loc EndOffset="2623" SrcFileId="1" StartOffset="2604"/>
<Loc EndOffset="2694" SrcFileId="1" StartOffset="2626"/>
<Loc EndOffset="2714" SrcFileId="1" StartOffset="2697"/>
<Loc EndOffset="2765" SrcFileId="1" StartOffset="2717"/>
</LocList>
<BasicStmnt CovItemId="S38" CovItemPrefix="test.BillTest.java" Intrnl_Id="56">
<LocList>
<Loc EndOffset="2448" SrcFileId="1" StartOffset="2424"/>
</LocList>
</BasicStmnt>
<BasicStmnt CovItemId="S39" CovItemPrefix="test.BillTest.java" Intrnl_Id="57">
<LocList>
<Loc EndOffset="2503" SrcFileId="1" StartOffset="2451"/>
</LocList>
</BasicStmnt>
<BasicStmnt CovItemId="S40" CovItemPrefix="test.BillTest.java" Intrnl_Id="58">
<LocList>
<Loc EndOffset="2531" SrcFileId="1" StartOffset="2506"/>
</LocList>
</BasicStmnt>
<BasicStmnt CovItemId="S41" CovItemPrefix="test.BillTest.java" Intrnl_Id="59">
<LocList>
<Loc EndOffset="2601" SrcFileId="1" StartOffset="2534"/>
</LocList>
</BasicStmnt>
<BasicStmnt CovItemId="S42" CovItemPrefix="test.BillTest.java" Intrnl_Id="60">
<LocList>
<Loc EndOffset="2623" SrcFileId="1" StartOffset="2604"/>
</LocList>
</BasicStmnt>
<BasicStmnt CovItemId="S43" CovItemPrefix="test.BillTest.java" Intrnl_Id="61">
<LocList>
<Loc EndOffset="2694" SrcFileId="1" StartOffset="2626"/>
</LocList>
</BasicStmnt>
<BasicStmnt CovItemId="S44" CovItemPrefix="test.BillTest.java" Intrnl_Id="62">
<LocList>
<Loc EndOffset="2714" SrcFileId="1" StartOffset="2697"/>
</LocList>
</BasicStmnt>
<BasicStmnt CovItemId="S45" CovItemPrefix="test.BillTest.java" Intrnl_Id="63">
<LocList>
<Loc EndOffset="2765" SrcFileId="1" StartOffset="2717"/>
</LocList>
</BasicStmnt>
</StmntSeq>
</HierarchyLvl>
<HierarchyLvl HierarchyLvlId="904" HierarchyLvlTypeId="4" Intrnl_Id="64" Name="testcase4">
<Header>
<Loc EndOffset="2802" SrcFileId="1" StartOffset="2772"/>
</Header>
<LocList>
<Loc EndOffset="3183" SrcFileId="1" StartOffset="2772"/>
</LocList>
<StmntSeq Intrnl_Id="65">
<LocList>
<Loc EndOffset="2852" SrcFileId="1" StartOffset="2828"/>
<Loc EndOffset="2907" SrcFileId="1" StartOffset="2855"/>
<Loc EndOffset="2935" SrcFileId="1" StartOffset="2910"/>
<Loc EndOffset="3005" SrcFileId="1" StartOffset="2938"/>
<Loc EndOffset="3027" SrcFileId="1" StartOffset="3008"/>
<Loc EndOffset="3098" SrcFileId="1" StartOffset="3030"/>
<Loc EndOffset="3119" SrcFileId="1" StartOffset="3101"/>
<Loc EndOffset="3180" SrcFileId="1" StartOffset="3132"/>
</LocList>
<BasicStmnt CovItemId="S46" CovItemPrefix="test.BillTest.java" Intrnl_Id="66">
<LocList>
<Loc EndOffset="2852" SrcFileId="1" StartOffset="2828"/>
</LocList>
</BasicStmnt>
<BasicStmnt CovItemId="S47" CovItemPrefix="test.BillTest.java" Intrnl_Id="67">
<LocList>
<Loc EndOffset="2907" SrcFileId="1" StartOffset="2855"/>
</LocList>
</BasicStmnt>
<BasicStmnt CovItemId="S48" CovItemPrefix="test.BillTest.java" Intrnl_Id="68">
<LocList>
<Loc EndOffset="2935" SrcFileId="1" StartOffset="2910"/>
</LocList>
</BasicStmnt>
<BasicStmnt CovItemId="S49" CovItemPrefix="test.BillTest.java" Intrnl_Id="69">
<LocList>
<Loc EndOffset="3005" SrcFileId="1" StartOffset="2938"/>
</LocList>
</BasicStmnt>
<BasicStmnt CovItemId="S50" CovItemPrefix="test.BillTest.java" Intrnl_Id="70">
<LocList>
<Loc EndOffset="3027" SrcFileId="1" StartOffset="3008"/>
</LocList>
</BasicStmnt>
<BasicStmnt CovItemId="S51" CovItemPrefix="test.BillTest.java" Intrnl_Id="71">
<LocList>
<Loc EndOffset="3098" SrcFileId="1" StartOffset="3030"/>
</LocList>
</BasicStmnt>
<BasicStmnt CovItemId="S52" CovItemPrefix="test.BillTest.java" Intrnl_Id="72">
<LocList>
<Loc EndOffset="3119" SrcFileId="1" StartOffset="3101"/>
</LocList>
</BasicStmnt>
<BasicStmnt CovItemId="S53" CovItemPrefix="test.BillTest.java" Intrnl_Id="73">
<LocList>
<Loc EndOffset="3180" SrcFileId="1" StartOffset="3132"/>
</LocList>
</BasicStmnt>
</StmntSeq>
</HierarchyLvl>
<HierarchyLvl HierarchyLvlId="905" HierarchyLvlTypeId="4" Intrnl_Id="74" Name="testcase5">
<Header>
<Loc EndOffset="3217" SrcFileId="1" StartOffset="3187"/>
</Header>
<LocList>
<Loc EndOffset="3689" SrcFileId="1" StartOffset="3187"/>
</LocList>
<StmntSeq Intrnl_Id="75">
<LocList>
<Loc EndOffset="3267" SrcFileId="1" StartOffset="3243"/>
<Loc EndOffset="3322" SrcFileId="1" StartOffset="3270"/>
<Loc EndOffset="3350" SrcFileId="1" StartOffset="3325"/>
<Loc EndOffset="3420" SrcFileId="1" StartOffset="3353"/>
<Loc EndOffset="3442" SrcFileId="1" StartOffset="3423"/>
<Loc EndOffset="3513" SrcFileId="1" StartOffset="3445"/>
<Loc EndOffset="3535" SrcFileId="1" StartOffset="3516"/>
<Loc EndOffset="3615" SrcFileId="1" StartOffset="3538"/>
<Loc EndOffset="3635" SrcFileId="1" StartOffset="3618"/>
<Loc EndOffset="3686" SrcFileId="1" StartOffset="3638"/>
</LocList>
<BasicStmnt CovItemId="S54" CovItemPrefix="test.BillTest.java" Intrnl_Id="76">
<LocList>
<Loc EndOffset="3267" SrcFileId="1" StartOffset="3243"/>
</LocList>
</BasicStmnt>
<BasicStmnt CovItemId="S55" CovItemPrefix="test.BillTest.java" Intrnl_Id="77">
<LocList>
<Loc EndOffset="3322" SrcFileId="1" StartOffset="3270"/>
</LocList>
</BasicStmnt>
<BasicStmnt CovItemId="S56" CovItemPrefix="test.BillTest.java" Intrnl_Id="78">
<LocList>
<Loc EndOffset="3350" SrcFileId="1" StartOffset="3325"/>
</LocList>
</BasicStmnt>
<BasicStmnt CovItemId="S57" CovItemPrefix="test.BillTest.java" Intrnl_Id="79">
<LocList>
<Loc EndOffset="3420" SrcFileId="1" StartOffset="3353"/>
</LocList>
</BasicStmnt>
<BasicStmnt CovItemId="S58" CovItemPrefix="test.BillTest.java" Intrnl_Id="80">
<LocList>
<Loc EndOffset="3442" SrcFileId="1" StartOffset="3423"/>
</LocList>
</BasicStmnt>
<BasicStmnt CovItemId="S59" CovItemPrefix="test.BillTest.java" Intrnl_Id="81">
<LocList>
<Loc EndOffset="3513" SrcFileId="1" StartOffset="3445"/>
</LocList>
</BasicStmnt>
<BasicStmnt CovItemId="S60" CovItemPrefix="test.BillTest.java" Intrnl_Id="82">
<LocList>
<Loc EndOffset="3535" SrcFileId="1" StartOffset="3516"/>
</LocList>
</BasicStmnt>
<BasicStmnt CovItemId="S61" CovItemPrefix="test.BillTest.java" Intrnl_Id="83">
<LocList>
<Loc EndOffset="3615" SrcFileId="1" StartOffset="3538"/>
</LocList>
</BasicStmnt>
<BasicStmnt CovItemId="S62" CovItemPrefix="test.BillTest.java" Intrnl_Id="84">
<LocList>
<Loc EndOffset="3635" SrcFileId="1" StartOffset="3618"/>
</LocList>
</BasicStmnt>
<BasicStmnt CovItemId="S63" CovItemPrefix="test.BillTest.java" Intrnl_Id="85">
<LocList>
<Loc EndOffset="3686" SrcFileId="1" StartOffset="3638"/>
</LocList>
</BasicStmnt>
</StmntSeq>
</HierarchyLvl>
<HierarchyLvl HierarchyLvlId="906" HierarchyLvlTypeId="4" Intrnl_Id="86" Name="testcase6">
<Header>
<Loc EndOffset="3723" SrcFileId="1" StartOffset="3693"/>
</Header>
<LocList>
<Loc EndOffset="4206" SrcFileId="1" StartOffset="3693"/>
</LocList>
<StmntSeq Intrnl_Id="87">
<LocList>
<Loc EndOffset="3773" SrcFileId="1" StartOffset="3749"/>
<Loc EndOffset="3828" SrcFileId="1" StartOffset="3776"/>
<Loc EndOffset="3856" SrcFileId="1" StartOffset="3831"/>
<Loc EndOffset="3926" SrcFileId="1" StartOffset="3859"/>
<Loc EndOffset="3948" SrcFileId="1" StartOffset="3929"/>
<Loc EndOffset="4019" SrcFileId="1" StartOffset="3951"/>
<Loc EndOffset="4041" SrcFileId="1" StartOffset="4022"/>
<Loc EndOffset="4121" SrcFileId="1" StartOffset="4044"/>
<Loc EndOffset="4142" SrcFileId="1" StartOffset="4124"/>
<Loc EndOffset="4203" SrcFileId="1" StartOffset="4155"/>
</LocList>
<BasicStmnt CovItemId="S64" CovItemPrefix="test.BillTest.java" Intrnl_Id="88">
<LocList>
<Loc EndOffset="3773" SrcFileId="1" StartOffset="3749"/>
</LocList>
</BasicStmnt>
<BasicStmnt CovItemId="S65" CovItemPrefix="test.BillTest.java" Intrnl_Id="89">
<LocList>
<Loc EndOffset="3828" SrcFileId="1" StartOffset="3776"/>
</LocList>
</BasicStmnt>
<BasicStmnt CovItemId="S66" CovItemPrefix="test.BillTest.java" Intrnl_Id="90">
<LocList>
<Loc EndOffset="3856" SrcFileId="1" StartOffset="3831"/>
</LocList>
</BasicStmnt>
<BasicStmnt CovItemId="S67" CovItemPrefix="test.BillTest.java" Intrnl_Id="91">
<LocList>
<Loc EndOffset="3926" SrcFileId="1" StartOffset="3859"/>
</LocList>
</BasicStmnt>
<BasicStmnt CovItemId="S68" CovItemPrefix="test.BillTest.java" Intrnl_Id="92">
<LocList>
<Loc EndOffset="3948" SrcFileId="1" StartOffset="3929"/>
</LocList>
</BasicStmnt>
<BasicStmnt CovItemId="S69" CovItemPrefix="test.BillTest.java" Intrnl_Id="93">
<LocList>
<Loc EndOffset="4019" SrcFileId="1" StartOffset="3951"/>
</LocList>
</BasicStmnt>
<BasicStmnt CovItemId="S70" CovItemPrefix="test.BillTest.java" Intrnl_Id="94">
<LocList>
<Loc EndOffset="4041" SrcFileId="1" StartOffset="4022"/>
</LocList>
</BasicStmnt>
<BasicStmnt CovItemId="S71" CovItemPrefix="test.BillTest.java" Intrnl_Id="95">
<LocList>
<Loc EndOffset="4121" SrcFileId="1" StartOffset="4044"/>
</LocList>
</BasicStmnt>
<BasicStmnt CovItemId="S72" CovItemPrefix="test.BillTest.java" Intrnl_Id="96">
<LocList>
<Loc EndOffset="4142" SrcFileId="1" StartOffset="4124"/>
</LocList>
</BasicStmnt>
<BasicStmnt CovItemId="S73" CovItemPrefix="test.BillTest.java" Intrnl_Id="97">
<LocList>
<Loc EndOffset="4203" SrcFileId="1" StartOffset="4155"/>
</LocList>
</BasicStmnt>
</StmntSeq>
</HierarchyLvl>
<HierarchyLvl HierarchyLvlId="907" HierarchyLvlTypeId="4" Intrnl_Id="98" Name="testcase7">
<Header>
<Loc EndOffset="4240" SrcFileId="1" StartOffset="4210"/>
</Header>
<LocList>
<Loc EndOffset="4804" SrcFileId="1" StartOffset="4210"/>
</LocList>
<StmntSeq Intrnl_Id="99">
<LocList>
<Loc EndOffset="4290" SrcFileId="1" StartOffset="4266"/>
<Loc EndOffset="4345" SrcFileId="1" StartOffset="4293"/>
<Loc EndOffset="4373" SrcFileId="1" StartOffset="4348"/>
<Loc EndOffset="4443" SrcFileId="1" StartOffset="4376"/>
<Loc EndOffset="4465" SrcFileId="1" StartOffset="4446"/>
<Loc EndOffset="4536" SrcFileId="1" StartOffset="4468"/>
<Loc EndOffset="4558" SrcFileId="1" StartOffset="4539"/>
<Loc EndOffset="4638" SrcFileId="1" StartOffset="4561"/>
<Loc EndOffset="4660" SrcFileId="1" StartOffset="4641"/>
<Loc EndOffset="4730" SrcFileId="1" StartOffset="4663"/>
<Loc EndOffset="4750" SrcFileId="1" StartOffset="4733"/>
<Loc EndOffset="4801" SrcFileId="1" StartOffset="4753"/>
</LocList>
<BasicStmnt CovItemId="S74" CovItemPrefix="test.BillTest.java" Intrnl_Id="100">
<LocList>
<Loc EndOffset="4290" SrcFileId="1" StartOffset="4266"/>
</LocList>
</BasicStmnt>
<BasicStmnt CovItemId="S75" CovItemPrefix="test.BillTest.java" Intrnl_Id="101">
<LocList>
<Loc EndOffset="4345" SrcFileId="1" StartOffset="4293"/>
</LocList>
</BasicStmnt>
<BasicStmnt CovItemId="S76" CovItemPrefix="test.BillTest.java" Intrnl_Id="102">
<LocList>
<Loc EndOffset="4373" SrcFileId="1" StartOffset="4348"/>
</LocList>
</BasicStmnt>
<BasicStmnt CovItemId="S77" CovItemPrefix="test.BillTest.java" Intrnl_Id="103">
<LocList>
<Loc EndOffset="4443" SrcFileId="1" StartOffset="4376"/>
</LocList>
</BasicStmnt>
<BasicStmnt CovItemId="S78" CovItemPrefix="test.BillTest.java" Intrnl_Id="104">
<LocList>
<Loc EndOffset="4465" SrcFileId="1" StartOffset="4446"/>
</LocList>
</BasicStmnt>
<BasicStmnt CovItemId="S79" CovItemPrefix="test.BillTest.java" Intrnl_Id="105">
<LocList>
<Loc EndOffset="4536" SrcFileId="1" StartOffset="4468"/>
</LocList>
</BasicStmnt>
<BasicStmnt CovItemId="S80" CovItemPrefix="test.BillTest.java" Intrnl_Id="106">
<LocList>
<Loc EndOffset="4558" SrcFileId="1" StartOffset="4539"/>
</LocList>
</BasicStmnt>
<BasicStmnt CovItemId="S81" CovItemPrefix="test.BillTest.java" Intrnl_Id="107">
<LocList>
<Loc EndOffset="4638" SrcFileId="1" StartOffset="4561"/>
</LocList>
</BasicStmnt>
<BasicStmnt CovItemId="S82" CovItemPrefix="test.BillTest.java" Intrnl_Id="108">
<LocList>
<Loc EndOffset="4660" SrcFileId="1" StartOffset="4641"/>
</LocList>
</BasicStmnt>
<BasicStmnt CovItemId="S83" CovItemPrefix="test.BillTest.java" Intrnl_Id="109">
<LocList>
<Loc EndOffset="4730" SrcFileId="1" StartOffset="4663"/>
</LocList>
</BasicStmnt>
<BasicStmnt CovItemId="S84" CovItemPrefix="test.BillTest.java" Intrnl_Id="110">
<LocList>
<Loc EndOffset="4750" SrcFileId="1" StartOffset="4733"/>
</LocList>
</BasicStmnt>
<BasicStmnt CovItemId="S85" CovItemPrefix="test.BillTest.java" Intrnl_Id="111">
<LocList>
<Loc EndOffset="4801" SrcFileId="1" StartOffset="4753"/>
</LocList>
</BasicStmnt>
</StmntSeq>
</HierarchyLvl>
<HierarchyLvl HierarchyLvlId="908" HierarchyLvlTypeId="4" Intrnl_Id="112" Name="testcase8">
<Header>
<Loc EndOffset="4838" SrcFileId="1" StartOffset="4808"/>
</Header>
<LocList>
<Loc EndOffset="5413" SrcFileId="1" StartOffset="4808"/>
</LocList>
<StmntSeq Intrnl_Id="113">
<LocList>
<Loc EndOffset="4888" SrcFileId="1" StartOffset="4864"/>
<Loc EndOffset="4943" SrcFileId="1" StartOffset="4891"/>
<Loc EndOffset="4971" SrcFileId="1" StartOffset="4946"/>
<Loc EndOffset="5041" SrcFileId="1" StartOffset="4974"/>
<Loc EndOffset="5063" SrcFileId="1" StartOffset="5044"/>
<Loc EndOffset="5134" SrcFileId="1" StartOffset="5066"/>
<Loc EndOffset="5156" SrcFileId="1" StartOffset="5137"/>
<Loc EndOffset="5236" SrcFileId="1" StartOffset="5159"/>
<Loc EndOffset="5258" SrcFileId="1" StartOffset="5239"/>
<Loc EndOffset="5328" SrcFileId="1" StartOffset="5261"/>
<Loc EndOffset="5349" SrcFileId="1" StartOffset="5331"/>
<Loc EndOffset="5410" SrcFileId="1" StartOffset="5362"/>
</LocList>
<BasicStmnt CovItemId="S86" CovItemPrefix="test.BillTest.java" Intrnl_Id="114">
<LocList>
<Loc EndOffset="4888" SrcFileId="1" StartOffset="4864"/>
</LocList>
</BasicStmnt>
<BasicStmnt CovItemId="S87" CovItemPrefix="test.BillTest.java" Intrnl_Id="115">
<LocList>
<Loc EndOffset="4943" SrcFileId="1" StartOffset="4891"/>
</LocList>
</BasicStmnt>
<BasicStmnt CovItemId="S88" CovItemPrefix="test.BillTest.java" Intrnl_Id="116">
<LocList>
<Loc EndOffset="4971" SrcFileId="1" StartOffset="4946"/>
</LocList>
</BasicStmnt>
<BasicStmnt CovItemId="S89" CovItemPrefix="test.BillTest.java" Intrnl_Id="117">
<LocList>
<Loc EndOffset="5041" SrcFileId="1" StartOffset="4974"/>
</LocList>
</BasicStmnt>
<BasicStmnt CovItemId="S90" CovItemPrefix="test.BillTest.java" Intrnl_Id="118">
<LocList>
<Loc EndOffset="5063" SrcFileId="1" StartOffset="5044"/>
</LocList>
</BasicStmnt>
<BasicStmnt CovItemId="S91" CovItemPrefix="test.BillTest.java" Intrnl_Id="119">
<LocList>
<Loc EndOffset="5134" SrcFileId="1" StartOffset="5066"/>
</LocList>
</BasicStmnt>
<BasicStmnt CovItemId="S92" CovItemPrefix="test.BillTest.java" Intrnl_Id="120">
<LocList>
<Loc EndOffset="5156" SrcFileId="1" StartOffset="5137"/>
</LocList>
</BasicStmnt>
<BasicStmnt CovItemId="S93" CovItemPrefix="test.BillTest.java" Intrnl_Id="121">
<LocList>
<Loc EndOffset="5236" SrcFileId="1" StartOffset="5159"/>
</LocList>
</BasicStmnt>
<BasicStmnt CovItemId="S94" CovItemPrefix="test.BillTest.java" Intrnl_Id="122">
<LocList>
<Loc EndOffset="5258" SrcFileId="1" StartOffset="5239"/>
</LocList>
</BasicStmnt>
<BasicStmnt CovItemId="S95" CovItemPrefix="test.BillTest.java" Intrnl_Id="123">
<LocList>
<Loc EndOffset="5328" SrcFileId="1" StartOffset="5261"/>
</LocList>
</BasicStmnt>
<BasicStmnt CovItemId="S96" CovItemPrefix="test.BillTest.java" Intrnl_Id="124">
<LocList>
<Loc EndOffset="5349" SrcFileId="1" StartOffset="5331"/>
</LocList>
</BasicStmnt>
<BasicStmnt CovItemId="S97" CovItemPrefix="test.BillTest.java" Intrnl_Id="125">
<LocList>
<Loc EndOffset="5410" SrcFileId="1" StartOffset="5362"/>
</LocList>
</BasicStmnt>
</StmntSeq>
</HierarchyLvl>
<HierarchyLvl HierarchyLvlId="909" HierarchyLvlTypeId="4" Intrnl_Id="126" Name="testcase9">
<Header>
<Loc EndOffset="5447" SrcFileId="1" StartOffset="5417"/>
</Header>
<LocList>
<Loc EndOffset="6025" SrcFileId="1" StartOffset="5417"/>
</LocList>
<StmntSeq Intrnl_Id="127">
<LocList>
<Loc EndOffset="5497" SrcFileId="1" StartOffset="5473"/>
<Loc EndOffset="5552" SrcFileId="1" StartOffset="5500"/>
<Loc EndOffset="5580" SrcFileId="1" StartOffset="5555"/>
<Loc EndOffset="5650" SrcFileId="1" StartOffset="5583"/>
<Loc EndOffset="5672" SrcFileId="1" StartOffset="5653"/>
<Loc EndOffset="5743" SrcFileId="1" StartOffset="5675"/>
<Loc EndOffset="5765" SrcFileId="1" StartOffset="5746"/>
<Loc EndOffset="5845" SrcFileId="1" StartOffset="5768"/>
<Loc EndOffset="5867" SrcFileId="1" StartOffset="5848"/>
<Loc EndOffset="5937" SrcFileId="1" StartOffset="5870"/>
<Loc EndOffset="5959" SrcFileId="1" StartOffset="5940"/>
<Loc EndOffset="6022" SrcFileId="1" StartOffset="5962"/>
</LocList>
<BasicStmnt CovItemId="S98" CovItemPrefix="test.BillTest.java" Intrnl_Id="128">
<LocList>
<Loc EndOffset="5497" SrcFileId="1" StartOffset="5473"/>
</LocList>
</BasicStmnt>
<BasicStmnt CovItemId="S99" CovItemPrefix="test.BillTest.java" Intrnl_Id="129">
<LocList>
<Loc EndOffset="5552" SrcFileId="1" StartOffset="5500"/>
</LocList>
</BasicStmnt>
<BasicStmnt CovItemId="S100" CovItemPrefix="test.BillTest.java" Intrnl_Id="130">
<LocList>
<Loc EndOffset="5580" SrcFileId="1" StartOffset="5555"/>
</LocList>
</BasicStmnt>
<BasicStmnt CovItemId="S101" CovItemPrefix="test.BillTest.java" Intrnl_Id="131">
<LocList>
<Loc EndOffset="5650" SrcFileId="1" StartOffset="5583"/>
</LocList>
</BasicStmnt>
<BasicStmnt CovItemId="S102" CovItemPrefix="test.BillTest.java" Intrnl_Id="132">
<LocList>
<Loc EndOffset="5672" SrcFileId="1" StartOffset="5653"/>
</LocList>
</BasicStmnt>
<BasicStmnt CovItemId="S103" CovItemPrefix="test.BillTest.java" Intrnl_Id="133">
<LocList>
<Loc EndOffset="5743" SrcFileId="1" StartOffset="5675"/>
</LocList>
</BasicStmnt>
<BasicStmnt CovItemId="S104" CovItemPrefix="test.BillTest.java" Intrnl_Id="134">
<LocList>
<Loc EndOffset="5765" SrcFileId="1" StartOffset="5746"/>
</LocList>
</BasicStmnt>
<BasicStmnt CovItemId="S105" CovItemPrefix="test.BillTest.java" Intrnl_Id="135">
<LocList>
<Loc EndOffset="5845" SrcFileId="1" StartOffset="5768"/>
</LocList>
</BasicStmnt>
<BasicStmnt CovItemId="S106" CovItemPrefix="test.BillTest.java" Intrnl_Id="136">
<LocList>
<Loc EndOffset="5867" SrcFileId="1" StartOffset="5848"/>
</LocList>
</BasicStmnt>
<BasicStmnt CovItemId="S107" CovItemPrefix="test.BillTest.java" Intrnl_Id="137">
<LocList>
<Loc EndOffset="5937" SrcFileId="1" StartOffset="5870"/>
</LocList>
</BasicStmnt>
<BasicStmnt CovItemId="S108" CovItemPrefix="test.BillTest.java" Intrnl_Id="138">
<LocList>
<Loc EndOffset="5959" SrcFileId="1" StartOffset="5940"/>
</LocList>
</BasicStmnt>
<BasicStmnt CovItemId="S109" CovItemPrefix="test.BillTest.java" Intrnl_Id="139">
<LocList>
<Loc EndOffset="6022" SrcFileId="1" StartOffset="5962"/>
</LocList>
</BasicStmnt>
</StmntSeq>
</HierarchyLvl>
<HierarchyLvl HierarchyLvlId="910" HierarchyLvlTypeId="4" Intrnl_Id="140" Name="testcase10">
<Header>
<Loc EndOffset="6060" SrcFileId="1" StartOffset="6029"/>
</Header>
<LocList>
<Loc EndOffset="6759" SrcFileId="1" StartOffset="6029"/>
</LocList>
<StmntSeq Intrnl_Id="141">
<LocList>
<Loc EndOffset="6110" SrcFileId="1" StartOffset="6086"/>
<Loc EndOffset="6143" SrcFileId="1" StartOffset="6113"/>
<Loc EndOffset="6198" SrcFileId="1" StartOffset="6146"/>
<Loc EndOffset="6226" SrcFileId="1" StartOffset="6201"/>
<Loc EndOffset="6296" SrcFileId="1" StartOffset="6229"/>
<Loc EndOffset="6318" SrcFileId="1" StartOffset="6299"/>
<Loc EndOffset="6389" SrcFileId="1" StartOffset="6321"/>
<Loc EndOffset="6411" SrcFileId="1" StartOffset="6392"/>
<Loc EndOffset="6491" SrcFileId="1" StartOffset="6414"/>
<Loc EndOffset="6513" SrcFileId="1" StartOffset="6494"/>
<Loc EndOffset="6583" SrcFileId="1" StartOffset="6516"/>
<Loc EndOffset="6605" SrcFileId="1" StartOffset="6586"/>
<Loc EndOffset="6676" SrcFileId="1" StartOffset="6618"/>
<Loc EndOffset="6699" SrcFileId="1" StartOffset="6679"/>
<Loc EndOffset="6756" SrcFileId="1" StartOffset="6702"/>
</LocList>
<BasicStmnt CovItemId="S110" CovItemPrefix="test.BillTest.java" Intrnl_Id="142">
<LocList>
<Loc EndOffset="6110" SrcFileId="1" StartOffset="6086"/>
</LocList>
</BasicStmnt>
<BasicStmnt CovItemId="S111" CovItemPrefix="test.BillTest.java" Intrnl_Id="143">
<LocList>
<Loc EndOffset="6143" SrcFileId="1" StartOffset="6113"/>
</LocList>
</BasicStmnt>
<BasicStmnt CovItemId="S112" CovItemPrefix="test.BillTest.java" Intrnl_Id="144">
<LocList>
<Loc EndOffset="6198" SrcFileId="1" StartOffset="6146"/>
</LocList>
</BasicStmnt>
<BasicStmnt CovItemId="S113" CovItemPrefix="test.BillTest.java" Intrnl_Id="145">
<LocList>
<Loc EndOffset="6226" SrcFileId="1" StartOffset="6201"/>
</LocList>
</BasicStmnt>
<BasicStmnt CovItemId="S114" CovItemPrefix="test.BillTest.java" Intrnl_Id="146">
<LocList>
<Loc EndOffset="6296" SrcFileId="1" StartOffset="6229"/>
</LocList>
</BasicStmnt>
<BasicStmnt CovItemId="S115" CovItemPrefix="test.BillTest.java" Intrnl_Id="147">
<LocList>
<Loc EndOffset="6318" SrcFileId="1" StartOffset="6299"/>
</LocList>
</BasicStmnt>
<BasicStmnt CovItemId="S116" CovItemPrefix="test.BillTest.java" Intrnl_Id="148">
<LocList>
<Loc EndOffset="6389" SrcFileId="1" StartOffset="6321"/>
</LocList>
</BasicStmnt>
<BasicStmnt CovItemId="S117" CovItemPrefix="test.BillTest.java" Intrnl_Id="149">
<LocList>
<Loc EndOffset="6411" SrcFileId="1" StartOffset="6392"/>
</LocList>
</BasicStmnt>
<BasicStmnt CovItemId="S118" CovItemPrefix="test.BillTest.java" Intrnl_Id="150">
<LocList>
<Loc EndOffset="6491" SrcFileId="1" StartOffset="6414"/>
</LocList>
</BasicStmnt>
<BasicStmnt CovItemId="S119" CovItemPrefix="test.BillTest.java" Intrnl_Id="151">
<LocList>
<Loc EndOffset="6513" SrcFileId="1" StartOffset="6494"/>
</LocList>
</BasicStmnt>
<BasicStmnt CovItemId="S120" CovItemPrefix="test.BillTest.java" Intrnl_Id="152">
<LocList>
<Loc EndOffset="6583" SrcFileId="1" StartOffset="6516"/>
</LocList>
</BasicStmnt>
<BasicStmnt CovItemId="S121" CovItemPrefix="test.BillTest.java" Intrnl_Id="153">
<LocList>
<Loc EndOffset="6605" SrcFileId="1" StartOffset="6586"/>
</LocList>
</BasicStmnt>
<BasicStmnt CovItemId="S122" CovItemPrefix="test.BillTest.java" Intrnl_Id="154">
<LocList>
<Loc EndOffset="6676" SrcFileId="1" StartOffset="6618"/>
</LocList>
</BasicStmnt>
<BasicStmnt CovItemId="S123" CovItemPrefix="test.BillTest.java" Intrnl_Id="155">
<LocList>
<Loc EndOffset="6699" SrcFileId="1" StartOffset="6679"/>
</LocList>
</BasicStmnt>
<BasicStmnt CovItemId="S124" CovItemPrefix="test.BillTest.java" Intrnl_Id="156">
<LocList>
<Loc EndOffset="6756" SrcFileId="1" StartOffset="6702"/>
</LocList>
</BasicStmnt>
</StmntSeq>
</HierarchyLvl>
<HierarchyLvl HierarchyLvlId="911" HierarchyLvlTypeId="4" Intrnl_Id="157" Name="testcase11">
<Header>
<Loc EndOffset="6794" SrcFileId="1" StartOffset="6763"/>
</Header>
<LocList>
<Loc EndOffset="7065" SrcFileId="1" StartOffset="6763"/>
</LocList>
<StmntSeq Intrnl_Id="158">
<LocList>
<Loc EndOffset="6844" SrcFileId="1" StartOffset="6820"/>
<Loc EndOffset="6899" SrcFileId="1" StartOffset="6847"/>
<Loc EndOffset="6928" SrcFileId="1" StartOffset="6902"/>
<Loc EndOffset="6991" SrcFileId="1" StartOffset="6931"/>
<Loc EndOffset="7011" SrcFileId="1" StartOffset="6994"/>
<Loc EndOffset="7062" SrcFileId="1" StartOffset="7014"/>
</LocList>
<BasicStmnt CovItemId="S125" CovItemPrefix="test.BillTest.java" Intrnl_Id="159">
<LocList>
<Loc EndOffset="6844" SrcFileId="1" StartOffset="6820"/>
</LocList>
</BasicStmnt>
<BasicStmnt CovItemId="S126" CovItemPrefix="test.BillTest.java" Intrnl_Id="160">
<LocList>
<Loc EndOffset="6899" SrcFileId="1" StartOffset="6847"/>
</LocList>
</BasicStmnt>
<BasicStmnt CovItemId="S127" CovItemPrefix="test.BillTest.java" Intrnl_Id="161">
<LocList>
<Loc EndOffset="6928" SrcFileId="1" StartOffset="6902"/>
</LocList>
</BasicStmnt>
<BasicStmnt CovItemId="S128" CovItemPrefix="test.BillTest.java" Intrnl_Id="162">
<LocList>
<Loc EndOffset="6991" SrcFileId="1" StartOffset="6931"/>
</LocList>
</BasicStmnt>
<BasicStmnt CovItemId="S129" CovItemPrefix="test.BillTest.java" Intrnl_Id="163">
<LocList>
<Loc EndOffset="7011" SrcFileId="1" StartOffset="6994"/>
</LocList>
</BasicStmnt>
<BasicStmnt CovItemId="S130" CovItemPrefix="test.BillTest.java" Intrnl_Id="164">
<LocList>
<Loc EndOffset="7062" SrcFileId="1" StartOffset="7014"/>
</LocList>
</BasicStmnt>
</StmntSeq>
</HierarchyLvl>
<HierarchyLvl HierarchyLvlId="912" HierarchyLvlTypeId="4" Intrnl_Id="165" Name="testcase12">
<Header>
<Loc EndOffset="7100" SrcFileId="1" StartOffset="7069"/>
</Header>
<LocList>
<Loc EndOffset="7372" SrcFileId="1" StartOffset="7069"/>
</LocList>
<StmntSeq Intrnl_Id="166">
<LocList>
<Loc EndOffset="7150" SrcFileId="1" StartOffset="7126"/>
<Loc EndOffset="7205" SrcFileId="1" StartOffset="7153"/>
<Loc EndOffset="7234" SrcFileId="1" StartOffset="7208"/>
<Loc EndOffset="7297" SrcFileId="1" StartOffset="7237"/>
<Loc EndOffset="7318" SrcFileId="1" StartOffset="7300"/>
<Loc EndOffset="7369" SrcFileId="1" StartOffset="7321"/>
</LocList>
<BasicStmnt CovItemId="S131" CovItemPrefix="test.BillTest.java" Intrnl_Id="167">
<LocList>
<Loc EndOffset="7150" SrcFileId="1" StartOffset="7126"/>
</LocList>
</BasicStmnt>
<BasicStmnt CovItemId="S132" CovItemPrefix="test.BillTest.java" Intrnl_Id="168">
<LocList>
<Loc EndOffset="7205" SrcFileId="1" StartOffset="7153"/>
</LocList>
</BasicStmnt>
<BasicStmnt CovItemId="S133" CovItemPrefix="test.BillTest.java" Intrnl_Id="169">
<LocList>
<Loc EndOffset="7234" SrcFileId="1" StartOffset="7208"/>
</LocList>
</BasicStmnt>
<BasicStmnt CovItemId="S134" CovItemPrefix="test.BillTest.java" Intrnl_Id="170">
<LocList>
<Loc EndOffset="7297" SrcFileId="1" StartOffset="7237"/>
</LocList>
</BasicStmnt>
<BasicStmnt CovItemId="S135" CovItemPrefix="test.BillTest.java" Intrnl_Id="171">
<LocList>
<Loc EndOffset="7318" SrcFileId="1" StartOffset="7300"/>
</LocList>
</BasicStmnt>
<BasicStmnt CovItemId="S136" CovItemPrefix="test.BillTest.java" Intrnl_Id="172">
<LocList>
<Loc EndOffset="7369" SrcFileId="1" StartOffset="7321"/>
</LocList>
</BasicStmnt>
</StmntSeq>
</HierarchyLvl>
<HierarchyLvl HierarchyLvlId="913" HierarchyLvlTypeId="4" Intrnl_Id="173" Name="testcase13">
<Header>
<Loc EndOffset="7407" SrcFileId="1" StartOffset="7376"/>
</Header>
<LocList>
<Loc EndOffset="7764" SrcFileId="1" StartOffset="7376"/>
</LocList>
<StmntSeq Intrnl_Id="174">
<LocList>
<Loc EndOffset="7457" SrcFileId="1" StartOffset="7433"/>
<Loc EndOffset="7512" SrcFileId="1" StartOffset="7460"/>
<Loc EndOffset="7541" SrcFileId="1" StartOffset="7515"/>
<Loc EndOffset="7604" SrcFileId="1" StartOffset="7544"/>
<Loc EndOffset="7626" SrcFileId="1" StartOffset="7607"/>
<Loc EndOffset="7690" SrcFileId="1" StartOffset="7629"/>
<Loc EndOffset="7710" SrcFileId="1" StartOffset="7693"/>
<Loc EndOffset="7761" SrcFileId="1" StartOffset="7713"/>
</LocList>
<BasicStmnt CovItemId="S137" CovItemPrefix="test.BillTest.java" Intrnl_Id="175">
<LocList>
<Loc EndOffset="7457" SrcFileId="1" StartOffset="7433"/>
</LocList>
</BasicStmnt>
<BasicStmnt CovItemId="S138" CovItemPrefix="test.BillTest.java" Intrnl_Id="176">
<LocList>
<Loc EndOffset="7512" SrcFileId="1" StartOffset="7460"/>
</LocList>
</BasicStmnt>
<BasicStmnt CovItemId="S139" CovItemPrefix="test.BillTest.java" Intrnl_Id="177">
<LocList>
<Loc EndOffset="7541" SrcFileId="1" StartOffset="7515"/>
</LocList>
</BasicStmnt>
<BasicStmnt CovItemId="S140" CovItemPrefix="test.BillTest.java" Intrnl_Id="178">
<LocList>
<Loc EndOffset="7604" SrcFileId="1" StartOffset="7544"/>
</LocList>
</BasicStmnt>
<BasicStmnt CovItemId="S141" CovItemPrefix="test.BillTest.java" Intrnl_Id="179">
<LocList>
<Loc EndOffset="7626" SrcFileId="1" StartOffset="7607"/>
</LocList>
</BasicStmnt>
<BasicStmnt CovItemId="S142" CovItemPrefix="test.BillTest.java" Intrnl_Id="180">
<LocList>
<Loc EndOffset="7690" SrcFileId="1" StartOffset="7629"/>
</LocList>
</BasicStmnt>
<BasicStmnt CovItemId="S143" CovItemPrefix="test.BillTest.java" Intrnl_Id="181">
<LocList>
<Loc EndOffset="7710" SrcFileId="1" StartOffset="7693"/>
</LocList>
</BasicStmnt>
<BasicStmnt CovItemId="S144" CovItemPrefix="test.BillTest.java" Intrnl_Id="182">
<LocList>
<Loc EndOffset="7761" SrcFileId="1" StartOffset="7713"/>
</LocList>
</BasicStmnt>
</StmntSeq>
</HierarchyLvl>
<HierarchyLvl HierarchyLvlId="914" HierarchyLvlTypeId="4" Intrnl_Id="183" Name="testcase14">
<Header>
<Loc EndOffset="7799" SrcFileId="1" StartOffset="7768"/>
</Header>
<LocList>
<Loc EndOffset="8157" SrcFileId="1" StartOffset="7768"/>
</LocList>
<StmntSeq Intrnl_Id="184">
<LocList>
<Loc EndOffset="7849" SrcFileId="1" StartOffset="7825"/>
<Loc EndOffset="7904" SrcFileId="1" StartOffset="7852"/>
<Loc EndOffset="7933" SrcFileId="1" StartOffset="7907"/>
<Loc EndOffset="7996" SrcFileId="1" StartOffset="7936"/>
<Loc EndOffset="8018" SrcFileId="1" StartOffset="7999"/>
<Loc EndOffset="8082" SrcFileId="1" StartOffset="8021"/>
<Loc EndOffset="8103" SrcFileId="1" StartOffset="8085"/>
<Loc EndOffset="8154" SrcFileId="1" StartOffset="8106"/>
</LocList>
<BasicStmnt CovItemId="S145" CovItemPrefix="test.BillTest.java" Intrnl_Id="185">
<LocList>
<Loc EndOffset="7849" SrcFileId="1" StartOffset="7825"/>
</LocList>
</BasicStmnt>
<BasicStmnt CovItemId="S146" CovItemPrefix="test.BillTest.java" Intrnl_Id="186">
<LocList>
<Loc EndOffset="7904" SrcFileId="1" StartOffset="7852"/>
</LocList>
</BasicStmnt>
<BasicStmnt CovItemId="S147" CovItemPrefix="test.BillTest.java" Intrnl_Id="187">
<LocList>
<Loc EndOffset="7933" SrcFileId="1" StartOffset="7907"/>
</LocList>
</BasicStmnt>
<BasicStmnt CovItemId="S148" CovItemPrefix="test.BillTest.java" Intrnl_Id="188">
<LocList>
<Loc EndOffset="7996" SrcFileId="1" StartOffset="7936"/>
</LocList>
</BasicStmnt>
<BasicStmnt CovItemId="S149" CovItemPrefix="test.BillTest.java" Intrnl_Id="189">
<LocList>
<Loc EndOffset="8018" SrcFileId="1" StartOffset="7999"/>
</LocList>
</BasicStmnt>
<BasicStmnt CovItemId="S150" CovItemPrefix="test.BillTest.java" Intrnl_Id="190">
<LocList>
<Loc EndOffset="8082" SrcFileId="1" StartOffset="8021"/>
</LocList>
</BasicStmnt>
<BasicStmnt CovItemId="S151" CovItemPrefix="test.BillTest.java" Intrnl_Id="191">
<LocList>
<Loc EndOffset="8103" SrcFileId="1" StartOffset="8085"/>
</LocList>
</BasicStmnt>
<BasicStmnt CovItemId="S152" CovItemPrefix="test.BillTest.java" Intrnl_Id="192">
<LocList>
<Loc EndOffset="8154" SrcFileId="1" StartOffset="8106"/>
</LocList>
</BasicStmnt>
</StmntSeq>
</HierarchyLvl>
<HierarchyLvl HierarchyLvlId="915" HierarchyLvlTypeId="4" Intrnl_Id="193" Name="testcase15">
<Header>
<Loc EndOffset="8192" SrcFileId="1" StartOffset="8161"/>
</Header>
<LocList>
<Loc EndOffset="8644" SrcFileId="1" StartOffset="8161"/>
</LocList>
<StmntSeq Intrnl_Id="194">
<LocList>
<Loc EndOffset="8242" SrcFileId="1" StartOffset="8218"/>
<Loc EndOffset="8297" SrcFileId="1" StartOffset="8245"/>
<Loc EndOffset="8326" SrcFileId="1" StartOffset="8300"/>
<Loc EndOffset="8389" SrcFileId="1" StartOffset="8329"/>
<Loc EndOffset="8411" SrcFileId="1" StartOffset="8392"/>
<Loc EndOffset="8475" SrcFileId="1" StartOffset="8414"/>
<Loc EndOffset="8497" SrcFileId="1" StartOffset="8478"/>
<Loc EndOffset="8570" SrcFileId="1" StartOffset="8500"/>
<Loc EndOffset="8590" SrcFileId="1" StartOffset="8573"/>
<Loc EndOffset="8641" SrcFileId="1" StartOffset="8593"/>
</LocList>
<BasicStmnt CovItemId="S153" CovItemPrefix="test.BillTest.java" Intrnl_Id="195">
<LocList>
<Loc EndOffset="8242" SrcFileId="1" StartOffset="8218"/>
</LocList>
</BasicStmnt>
<BasicStmnt CovItemId="S154" CovItemPrefix="test.BillTest.java" Intrnl_Id="196">
<LocList>
<Loc EndOffset="8297" SrcFileId="1" StartOffset="8245"/>
</LocList>
</BasicStmnt>
<BasicStmnt CovItemId="S155" CovItemPrefix="test.BillTest.java" Intrnl_Id="197">
<LocList>
<Loc EndOffset="8326" SrcFileId="1" StartOffset="8300"/>
</LocList>
</BasicStmnt>
<BasicStmnt CovItemId="S156" CovItemPrefix="test.BillTest.java" Intrnl_Id="198">
<LocList>
<Loc EndOffset="8389" SrcFileId="1" StartOffset="8329"/>
</LocList>
</BasicStmnt>
<BasicStmnt CovItemId="S157" CovItemPrefix="test.BillTest.java" Intrnl_Id="199">
<LocList>
<Loc EndOffset="8411" SrcFileId="1" StartOffset="8392"/>
</LocList>
</BasicStmnt>
<BasicStmnt CovItemId="S158" CovItemPrefix="test.BillTest.java" Intrnl_Id="200">
<LocList>
<Loc EndOffset="8475" SrcFileId="1" StartOffset="8414"/>
</LocList>
</BasicStmnt>
<BasicStmnt CovItemId="S159" CovItemPrefix="test.BillTest.java" Intrnl_Id="201">
<LocList>
<Loc EndOffset="8497" SrcFileId="1" StartOffset="8478"/>
</LocList>
</BasicStmnt>
<BasicStmnt CovItemId="S160" CovItemPrefix="test.BillTest.java" Intrnl_Id="202">
<LocList>
<Loc EndOffset="8570" SrcFileId="1" StartOffset="8500"/>
</LocList>
</BasicStmnt>
<BasicStmnt CovItemId="S161" CovItemPrefix="test.BillTest.java" Intrnl_Id="203">
<LocList>
<Loc EndOffset="8590" SrcFileId="1" StartOffset="8573"/>
</LocList>
</BasicStmnt>
<BasicStmnt CovItemId="S162" CovItemPrefix="test.BillTest.java" Intrnl_Id="204">
<LocList>
<Loc EndOffset="8641" SrcFileId="1" StartOffset="8593"/>
</LocList>
</BasicStmnt>
</StmntSeq>
</HierarchyLvl>
<HierarchyLvl HierarchyLvlId="916" HierarchyLvlTypeId="4" Intrnl_Id="205" Name="testcase16">
<Header>
<Loc EndOffset="8677" SrcFileId="1" StartOffset="8646"/>
</Header>
<LocList>
<Loc EndOffset="9130" SrcFileId="1" StartOffset="8646"/>
</LocList>
<StmntSeq Intrnl_Id="206">
<LocList>
<Loc EndOffset="8727" SrcFileId="1" StartOffset="8703"/>
<Loc EndOffset="8782" SrcFileId="1" StartOffset="8730"/>
<Loc EndOffset="8811" SrcFileId="1" StartOffset="8785"/>
<Loc EndOffset="8874" SrcFileId="1" StartOffset="8814"/>
<Loc EndOffset="8896" SrcFileId="1" StartOffset="8877"/>
<Loc EndOffset="8960" SrcFileId="1" StartOffset="8899"/>
<Loc EndOffset="8982" SrcFileId="1" StartOffset="8963"/>
<Loc EndOffset="9055" SrcFileId="1" StartOffset="8985"/>
<Loc EndOffset="9076" SrcFileId="1" StartOffset="9058"/>
<Loc EndOffset="9127" SrcFileId="1" StartOffset="9079"/>
</LocList>
<BasicStmnt CovItemId="S163" CovItemPrefix="test.BillTest.java" Intrnl_Id="207">
<LocList>
<Loc EndOffset="8727" SrcFileId="1" StartOffset="8703"/>
</LocList>
</BasicStmnt>
<BasicStmnt CovItemId="S164" CovItemPrefix="test.BillTest.java" Intrnl_Id="208">
<LocList>
<Loc EndOffset="8782" SrcFileId="1" StartOffset="8730"/>
</LocList>
</BasicStmnt>
<BasicStmnt CovItemId="S165" CovItemPrefix="test.BillTest.java" Intrnl_Id="209">
<LocList>
<Loc EndOffset="8811" SrcFileId="1" StartOffset="8785"/>
</LocList>
</BasicStmnt>
<BasicStmnt CovItemId="S166" CovItemPrefix="test.BillTest.java" Intrnl_Id="210">
<LocList>
<Loc EndOffset="8874" SrcFileId="1" StartOffset="8814"/>
</LocList>
</BasicStmnt>
<BasicStmnt CovItemId="S167" CovItemPrefix="test.BillTest.java" Intrnl_Id="211">
<LocList>
<Loc EndOffset="8896" SrcFileId="1" StartOffset="8877"/>
</LocList>
</BasicStmnt>
<BasicStmnt CovItemId="S168" CovItemPrefix="test.BillTest.java" Intrnl_Id="212">
<LocList>
<Loc EndOffset="8960" SrcFileId="1" StartOffset="8899"/>
</LocList>
</BasicStmnt>
<BasicStmnt CovItemId="S169" CovItemPrefix="test.BillTest.java" Intrnl_Id="213">
<LocList>
<Loc EndOffset="8982" SrcFileId="1" StartOffset="8963"/>
</LocList>
</BasicStmnt>
<BasicStmnt CovItemId="S170" CovItemPrefix="test.BillTest.java" Intrnl_Id="214">
<LocList>
<Loc EndOffset="9055" SrcFileId="1" StartOffset="8985"/>
</LocList>
</BasicStmnt>
<BasicStmnt CovItemId="S171" CovItemPrefix="test.BillTest.java" Intrnl_Id="215">
<LocList>
<Loc EndOffset="9076" SrcFileId="1" StartOffset="9058"/>
</LocList>
</BasicStmnt>
<BasicStmnt CovItemId="S172" CovItemPrefix="test.BillTest.java" Intrnl_Id="216">
<LocList>
<Loc EndOffset="9127" SrcFileId="1" StartOffset="9079"/>
</LocList>
</BasicStmnt>
</StmntSeq>
</HierarchyLvl>
<HierarchyLvl HierarchyLvlId="917" HierarchyLvlTypeId="4" Intrnl_Id="217" Name="testcase17">
<Header>
<Loc EndOffset="9163" SrcFileId="1" StartOffset="9132"/>
</Header>
<LocList>
<Loc EndOffset="9701" SrcFileId="1" StartOffset="9132"/>
</LocList>
<StmntSeq Intrnl_Id="218">
<LocList>
<Loc EndOffset="9213" SrcFileId="1" StartOffset="9189"/>
<Loc EndOffset="9268" SrcFileId="1" StartOffset="9216"/>
<Loc EndOffset="9297" SrcFileId="1" StartOffset="9271"/>
<Loc EndOffset="9360" SrcFileId="1" StartOffset="9300"/>
<Loc EndOffset="9382" SrcFileId="1" StartOffset="9363"/>
<Loc EndOffset="9446" SrcFileId="1" StartOffset="9385"/>
<Loc EndOffset="9468" SrcFileId="1" StartOffset="9449"/>
<Loc EndOffset="9541" SrcFileId="1" StartOffset="9471"/>
<Loc EndOffset="9563" SrcFileId="1" StartOffset="9544"/>
<Loc EndOffset="9626" SrcFileId="1" StartOffset="9566"/>
<Loc EndOffset="9646" SrcFileId="1" StartOffset="9629"/>
<Loc EndOffset="9697" SrcFileId="1" StartOffset="9649"/>
</LocList>
<BasicStmnt CovItemId="S173" CovItemPrefix="test.BillTest.java" Intrnl_Id="219">
<LocList>
<Loc EndOffset="9213" SrcFileId="1" StartOffset="9189"/>
</LocList>
</BasicStmnt>
<BasicStmnt CovItemId="S174" CovItemPrefix="test.BillTest.java" Intrnl_Id="220">
<LocList>
<Loc EndOffset="9268" SrcFileId="1" StartOffset="9216"/>
</LocList>
</BasicStmnt>
<BasicStmnt CovItemId="S175" CovItemPrefix="test.BillTest.java" Intrnl_Id="221">
<LocList>
<Loc EndOffset="9297" SrcFileId="1" StartOffset="9271"/>
</LocList>
</BasicStmnt>
<BasicStmnt CovItemId="S176" CovItemPrefix="test.BillTest.java" Intrnl_Id="222">
<LocList>
<Loc EndOffset="9360" SrcFileId="1" StartOffset="9300"/>
</LocList>
</BasicStmnt>
<BasicStmnt CovItemId="S177" CovItemPrefix="test.BillTest.java" Intrnl_Id="223">
<LocList>
<Loc EndOffset="9382" SrcFileId="1" StartOffset="9363"/>
</LocList>
</BasicStmnt>
<BasicStmnt CovItemId="S178" CovItemPrefix="test.BillTest.java" Intrnl_Id="224">
<LocList>
<Loc EndOffset="9446" SrcFileId="1" StartOffset="9385"/>
</LocList>
</BasicStmnt>
<BasicStmnt CovItemId="S179" CovItemPrefix="test.BillTest.java" Intrnl_Id="225">
<LocList>
<Loc EndOffset="9468" SrcFileId="1" StartOffset="9449"/>
</LocList>
</BasicStmnt>
<BasicStmnt CovItemId="S180" CovItemPrefix="test.BillTest.java" Intrnl_Id="226">
<LocList>
<Loc EndOffset="9541" SrcFileId="1" StartOffset="9471"/>
</LocList>
</BasicStmnt>
<BasicStmnt CovItemId="S181" CovItemPrefix="test.BillTest.java" Intrnl_Id="227">
<LocList>
<Loc EndOffset="9563" SrcFileId="1" StartOffset="9544"/>
</LocList>
</BasicStmnt>
<BasicStmnt CovItemId="S182" CovItemPrefix="test.BillTest.java" Intrnl_Id="228">
<LocList>
<Loc EndOffset="9626" SrcFileId="1" StartOffset="9566"/>
</LocList>
</BasicStmnt>
<BasicStmnt CovItemId="S183" CovItemPrefix="test.BillTest.java" Intrnl_Id="229">
<LocList>
<Loc EndOffset="9646" SrcFileId="1" StartOffset="9629"/>
</LocList>
</BasicStmnt>
<BasicStmnt CovItemId="S184" CovItemPrefix="test.BillTest.java" Intrnl_Id="230">
<LocList>
<Loc EndOffset="9697" SrcFileId="1" StartOffset="9649"/>
</LocList>
</BasicStmnt>
</StmntSeq>
</HierarchyLvl>
<HierarchyLvl HierarchyLvlId="918" HierarchyLvlTypeId="4" Intrnl_Id="231" Name="testcase18">
<Header>
<Loc EndOffset="9736" SrcFileId="1" StartOffset="9705"/>
</Header>
<LocList>
<Loc EndOffset="10275" SrcFileId="1" StartOffset="9705"/>
</LocList>
<StmntSeq Intrnl_Id="232">
<LocList>
<Loc EndOffset="9786" SrcFileId="1" StartOffset="9762"/>
<Loc EndOffset="9841" SrcFileId="1" StartOffset="9789"/>
<Loc EndOffset="9870" SrcFileId="1" StartOffset="9844"/>
<Loc EndOffset="9933" SrcFileId="1" StartOffset="9873"/>
<Loc EndOffset="9955" SrcFileId="1" StartOffset="9936"/>
<Loc EndOffset="10019" SrcFileId="1" StartOffset="9958"/>
<Loc EndOffset="10041" SrcFileId="1" StartOffset="10022"/>
<Loc EndOffset="10114" SrcFileId="1" StartOffset="10044"/>
<Loc EndOffset="10136" SrcFileId="1" StartOffset="10117"/>
<Loc EndOffset="10199" SrcFileId="1" StartOffset="10139"/>
<Loc EndOffset="10220" SrcFileId="1" StartOffset="10202"/>
<Loc EndOffset="10271" SrcFileId="1" StartOffset="10223"/>
</LocList>
<BasicStmnt CovItemId="S185" CovItemPrefix="test.BillTest.java" Intrnl_Id="233">
<LocList>
<Loc EndOffset="9786" SrcFileId="1" StartOffset="9762"/>
</LocList>
</BasicStmnt>
<BasicStmnt CovItemId="S186" CovItemPrefix="test.BillTest.java" Intrnl_Id="234">
<LocList>
<Loc EndOffset="9841" SrcFileId="1" StartOffset="9789"/>
</LocList>
</BasicStmnt>
<BasicStmnt CovItemId="S187" CovItemPrefix="test.BillTest.java" Intrnl_Id="235">
<LocList>
<Loc EndOffset="9870" SrcFileId="1" StartOffset="9844"/>
</LocList>
</BasicStmnt>
<BasicStmnt CovItemId="S188" CovItemPrefix="test.BillTest.java" Intrnl_Id="236">
<LocList>
<Loc EndOffset="9933" SrcFileId="1" StartOffset="9873"/>
</LocList>
</BasicStmnt>
<BasicStmnt CovItemId="S189" CovItemPrefix="test.BillTest.java" Intrnl_Id="237">
<LocList>
<Loc EndOffset="9955" SrcFileId="1" StartOffset="9936"/>
</LocList>
</BasicStmnt>
<BasicStmnt CovItemId="S190" CovItemPrefix="test.BillTest.java" Intrnl_Id="238">
<LocList>
<Loc EndOffset="10019" SrcFileId="1" StartOffset="9958"/>
</LocList>
</BasicStmnt>
<BasicStmnt CovItemId="S191" CovItemPrefix="test.BillTest.java" Intrnl_Id="239">
<LocList>
<Loc EndOffset="10041" SrcFileId="1" StartOffset="10022"/>
</LocList>
</BasicStmnt>
<BasicStmnt CovItemId="S192" CovItemPrefix="test.BillTest.java" Intrnl_Id="240">
<LocList>
<Loc EndOffset="10114" SrcFileId="1" StartOffset="10044"/>
</LocList>
</BasicStmnt>
<BasicStmnt CovItemId="S193" CovItemPrefix="test.BillTest.java" Intrnl_Id="241">
<LocList>
<Loc EndOffset="10136" SrcFileId="1" StartOffset="10117"/>
</LocList>
</BasicStmnt>
<BasicStmnt CovItemId="S194" CovItemPrefix="test.BillTest.java" Intrnl_Id="242">
<LocList>
<Loc EndOffset="10199" SrcFileId="1" StartOffset="10139"/>
</LocList>
</BasicStmnt>
<BasicStmnt CovItemId="S195" CovItemPrefix="test.BillTest.java" Intrnl_Id="243">
<LocList>
<Loc EndOffset="10220" SrcFileId="1" StartOffset="10202"/>
</LocList>
</BasicStmnt>
<BasicStmnt CovItemId="S196" CovItemPrefix="test.BillTest.java" Intrnl_Id="244">
<LocList>
<Loc EndOffset="10271" SrcFileId="1" StartOffset="10223"/>
</LocList>
</BasicStmnt>
</StmntSeq>
</HierarchyLvl>
<HierarchyLvl HierarchyLvlId="919" HierarchyLvlTypeId="4" Intrnl_Id="245" Name="testcase19">
<Header>
<Loc EndOffset="10308" SrcFileId="1" StartOffset="10277"/>
</Header>
<LocList>
<Loc EndOffset="10910" SrcFileId="1" StartOffset="10277"/>
</LocList>
<StmntSeq Intrnl_Id="246">
<LocList>
<Loc EndOffset="10358" SrcFileId="1" StartOffset="10334"/>
<Loc EndOffset="10391" SrcFileId="1" StartOffset="10361"/>
<Loc EndOffset="10446" SrcFileId="1" StartOffset="10394"/>
<Loc EndOffset="10475" SrcFileId="1" StartOffset="10449"/>
<Loc EndOffset="10538" SrcFileId="1" StartOffset="10478"/>
<Loc EndOffset="10560" SrcFileId="1" StartOffset="10541"/>
<Loc EndOffset="10624" SrcFileId="1" StartOffset="10563"/>
<Loc EndOffset="10646" SrcFileId="1" StartOffset="10627"/>
<Loc EndOffset="10719" SrcFileId="1" StartOffset="10649"/>
<Loc EndOffset="10741" SrcFileId="1" StartOffset="10722"/>
<Loc EndOffset="10804" SrcFileId="1" StartOffset="10744"/>
<Loc EndOffset="10826" SrcFileId="1" StartOffset="10807"/>
<Loc EndOffset="10906" SrcFileId="1" StartOffset="10839"/>
</LocList>
<BasicStmnt CovItemId="S197" CovItemPrefix="test.BillTest.java" Intrnl_Id="247">
<LocList>
<Loc EndOffset="10358" SrcFileId="1" StartOffset="10334"/>
</LocList>
</BasicStmnt>
<BasicStmnt CovItemId="S198" CovItemPrefix="test.BillTest.java" Intrnl_Id="248">
<LocList>
<Loc EndOffset="10391" SrcFileId="1" StartOffset="10361"/>
</LocList>
</BasicStmnt>
<BasicStmnt CovItemId="S199" CovItemPrefix="test.BillTest.java" Intrnl_Id="249">
<LocList>
<Loc EndOffset="10446" SrcFileId="1" StartOffset="10394"/>
</LocList>
</BasicStmnt>
<BasicStmnt CovItemId="S200" CovItemPrefix="test.BillTest.java" Intrnl_Id="250">
<LocList>
<Loc EndOffset="10475" SrcFileId="1" StartOffset="10449"/>
</LocList>
</BasicStmnt>
<BasicStmnt CovItemId="S201" CovItemPrefix="test.BillTest.java" Intrnl_Id="251">
<LocList>
<Loc EndOffset="10538" SrcFileId="1" StartOffset="10478"/>
</LocList>
</BasicStmnt>
<BasicStmnt CovItemId="S202" CovItemPrefix="test.BillTest.java" Intrnl_Id="252">
<LocList>
<Loc EndOffset="10560" SrcFileId="1" StartOffset="10541"/>
</LocList>
</BasicStmnt>
<BasicStmnt CovItemId="S203" CovItemPrefix="test.BillTest.java" Intrnl_Id="253">
<LocList>
<Loc EndOffset="10624" SrcFileId="1" StartOffset="10563"/>
</LocList>
</BasicStmnt>
<BasicStmnt CovItemId="S204" CovItemPrefix="test.BillTest.java" Intrnl_Id="254">
<LocList>
<Loc EndOffset="10646" SrcFileId="1" StartOffset="10627"/>
</LocList>
</BasicStmnt>
<BasicStmnt CovItemId="S205" CovItemPrefix="test.BillTest.java" Intrnl_Id="255">
<LocList>
<Loc EndOffset="10719" SrcFileId="1" StartOffset="10649"/>
</LocList>
</BasicStmnt>
<BasicStmnt CovItemId="S206" CovItemPrefix="test.BillTest.java" Intrnl_Id="256">
<LocList>
<Loc EndOffset="10741" SrcFileId="1" StartOffset="10722"/>
</LocList>
</BasicStmnt>
<BasicStmnt CovItemId="S207" CovItemPrefix="test.BillTest.java" Intrnl_Id="257">
<LocList>
<Loc EndOffset="10804" SrcFileId="1" StartOffset="10744"/>
</LocList>
</BasicStmnt>
<BasicStmnt CovItemId="S208" CovItemPrefix="test.BillTest.java" Intrnl_Id="258">
<LocList>
<Loc EndOffset="10826" SrcFileId="1" StartOffset="10807"/>
</LocList>
</BasicStmnt>
<BasicStmnt CovItemId="S209" CovItemPrefix="test.BillTest.java" Intrnl_Id="259">
<LocList>
<Loc EndOffset="10906" SrcFileId="1" StartOffset="10839"/>
</LocList>
</BasicStmnt>
</StmntSeq>
</HierarchyLvl>
<HierarchyLvl HierarchyLvlId="920" HierarchyLvlTypeId="4" Intrnl_Id="260" Name="testcase20">
<Header>
<Loc EndOffset="10943" SrcFileId="1" StartOffset="10912"/>
</Header>
<LocList>
<Loc EndOffset="11503" SrcFileId="1" StartOffset="10912"/>
</LocList>
<StmntSeq Intrnl_Id="261">
<LocList>
<Loc EndOffset="10993" SrcFileId="1" StartOffset="10969"/>
<Loc EndOffset="11048" SrcFileId="1" StartOffset="10996"/>
<Loc EndOffset="11077" SrcFileId="1" StartOffset="11051"/>
<Loc EndOffset="11140" SrcFileId="1" StartOffset="11080"/>
<Loc EndOffset="11162" SrcFileId="1" StartOffset="11143"/>
<Loc EndOffset="11226" SrcFileId="1" StartOffset="11165"/>
<Loc EndOffset="11248" SrcFileId="1" StartOffset="11229"/>
<Loc EndOffset="11321" SrcFileId="1" StartOffset="11251"/>
<Loc EndOffset="11343" SrcFileId="1" StartOffset="11324"/>
<Loc EndOffset="11406" SrcFileId="1" StartOffset="11346"/>
<Loc EndOffset="11428" SrcFileId="1" StartOffset="11409"/>
<Loc EndOffset="11499" SrcFileId="1" StartOffset="11441"/>
</LocList>
<BasicStmnt CovItemId="S210" CovItemPrefix="test.BillTest.java" Intrnl_Id="262">
<LocList>
<Loc EndOffset="10993" SrcFileId="1" StartOffset="10969"/>
</LocList>
</BasicStmnt>
<BasicStmnt CovItemId="S211" CovItemPrefix="test.BillTest.java" Intrnl_Id="263">
<LocList>
<Loc EndOffset="11048" SrcFileId="1" StartOffset="10996"/>
</LocList>
</BasicStmnt>
<BasicStmnt CovItemId="S212" CovItemPrefix="test.BillTest.java" Intrnl_Id="264">
<LocList>
<Loc EndOffset="11077" SrcFileId="1" StartOffset="11051"/>
</LocList>
</BasicStmnt>
<BasicStmnt CovItemId="S213" CovItemPrefix="test.BillTest.java" Intrnl_Id="265">
<LocList>
<Loc EndOffset="11140" SrcFileId="1" StartOffset="11080"/>
</LocList>
</BasicStmnt>
<BasicStmnt CovItemId="S214" CovItemPrefix="test.BillTest.java" Intrnl_Id="266">
<LocList>
<Loc EndOffset="11162" SrcFileId="1" StartOffset="11143"/>
</LocList>
</BasicStmnt>
<BasicStmnt CovItemId="S215" CovItemPrefix="test.BillTest.java" Intrnl_Id="267">
<LocList>
<Loc EndOffset="11226" SrcFileId="1" StartOffset="11165"/>
</LocList>
</BasicStmnt>
<BasicStmnt CovItemId="S216" CovItemPrefix="test.BillTest.java" Intrnl_Id="268">
<LocList>
<Loc EndOffset="11248" SrcFileId="1" StartOffset="11229"/>
</LocList>
</BasicStmnt>
<BasicStmnt CovItemId="S217" CovItemPrefix="test.BillTest.java" Intrnl_Id="269">
<LocList>
<Loc EndOffset="11321" SrcFileId="1" StartOffset="11251"/>
</LocList>
</BasicStmnt>
<BasicStmnt CovItemId="S218" CovItemPrefix="test.BillTest.java" Intrnl_Id="270">
<LocList>
<Loc EndOffset="11343" SrcFileId="1" StartOffset="11324"/>
</LocList>
</BasicStmnt>
<BasicStmnt CovItemId="S219" CovItemPrefix="test.BillTest.java" Intrnl_Id="271">
<LocList>
<Loc EndOffset="11406" SrcFileId="1" StartOffset="11346"/>
</LocList>
</BasicStmnt>
<BasicStmnt CovItemId="S220" CovItemPrefix="test.BillTest.java" Intrnl_Id="272">
<LocList>
<Loc EndOffset="11428" SrcFileId="1" StartOffset="11409"/>
</LocList>
</BasicStmnt>
<BasicStmnt CovItemId="S221" CovItemPrefix="test.BillTest.java" Intrnl_Id="273">
<LocList>
<Loc EndOffset="11499" SrcFileId="1" StartOffset="11441"/>
</LocList>
</BasicStmnt>
</StmntSeq>
</HierarchyLvl>
<HierarchyLvl HierarchyLvlId="921" HierarchyLvlTypeId="4" Intrnl_Id="274" Name="testcase21">
<Header>
<Loc EndOffset="11536" SrcFileId="1" StartOffset="11505"/>
</Header>
<LocList>
<Loc EndOffset="12125" SrcFileId="1" StartOffset="11505"/>
</LocList>
<StmntSeq Intrnl_Id="275">
<LocList>
<Loc EndOffset="11580" SrcFileId="1" StartOffset="11556"/>
<Loc EndOffset="11635" SrcFileId="1" StartOffset="11583"/>
<Loc EndOffset="11663" SrcFileId="1" StartOffset="11638"/>
<Loc EndOffset="11733" SrcFileId="1" StartOffset="11666"/>
<Loc EndOffset="11761" SrcFileId="1" StartOffset="11736"/>
<Loc EndOffset="11831" SrcFileId="1" StartOffset="11764"/>
<Loc EndOffset="11863" SrcFileId="1" StartOffset="11837"/>
<Loc EndOffset="11933" SrcFileId="1" StartOffset="11866"/>
<Loc EndOffset="11959" SrcFileId="1" StartOffset="11939"/>
<Loc EndOffset="12029" SrcFileId="1" StartOffset="11962"/>
<Loc EndOffset="12048" SrcFileId="1" StartOffset="12033"/>
<Loc EndOffset="12118" SrcFileId="1" StartOffset="12051"/>
</LocList>
<BasicStmnt CovItemId="S222" CovItemPrefix="test.BillTest.java" Intrnl_Id="276">
<LocList>
<Loc EndOffset="11580" SrcFileId="1" StartOffset="11556"/>
</LocList>
</BasicStmnt>
<BasicStmnt CovItemId="S223" CovItemPrefix="test.BillTest.java" Intrnl_Id="277">
<LocList>
<Loc EndOffset="11635" SrcFileId="1" StartOffset="11583"/>
</LocList>
</BasicStmnt>
<BasicStmnt CovItemId="S224" CovItemPrefix="test.BillTest.java" Intrnl_Id="278">
<LocList>
<Loc EndOffset="11663" SrcFileId="1" StartOffset="11638"/>
</LocList>
</BasicStmnt>
<BasicStmnt CovItemId="S225" CovItemPrefix="test.BillTest.java" Intrnl_Id="279">
<LocList>
<Loc EndOffset="11733" SrcFileId="1" StartOffset="11666"/>
</LocList>
</BasicStmnt>
<BasicStmnt CovItemId="S226" CovItemPrefix="test.BillTest.java" Intrnl_Id="280">
<LocList>
<Loc EndOffset="11761" SrcFileId="1" StartOffset="11736"/>
</LocList>
</BasicStmnt>
<BasicStmnt CovItemId="S227" CovItemPrefix="test.BillTest.java" Intrnl_Id="281">
<LocList>
<Loc EndOffset="11831" SrcFileId="1" StartOffset="11764"/>
</LocList>
</BasicStmnt>
<BasicStmnt CovItemId="S228" CovItemPrefix="test.BillTest.java" Intrnl_Id="282">
<LocList>
<Loc EndOffset="11863" SrcFileId="1" StartOffset="11837"/>
</LocList>
</BasicStmnt>
<BasicStmnt CovItemId="S229" CovItemPrefix="test.BillTest.java" Intrnl_Id="283">
<LocList>
<Loc EndOffset="11933" SrcFileId="1" StartOffset="11866"/>
</LocList>
</BasicStmnt>
<BasicStmnt CovItemId="S230" CovItemPrefix="test.BillTest.java" Intrnl_Id="284">
<LocList>
<Loc EndOffset="11959" SrcFileId="1" StartOffset="11939"/>
</LocList>
</BasicStmnt>
<BasicStmnt CovItemId="S231" CovItemPrefix="test.BillTest.java" Intrnl_Id="285">
<LocList>
<Loc EndOffset="12029" SrcFileId="1" StartOffset="11962"/>
</LocList>
</BasicStmnt>
<BasicStmnt CovItemId="S232" CovItemPrefix="test.BillTest.java" Intrnl_Id="286">
<LocList>
<Loc EndOffset="12048" SrcFileId="1" StartOffset="12033"/>
</LocList>
</BasicStmnt>
<BasicStmnt CovItemId="S233" CovItemPrefix="test.BillTest.java" Intrnl_Id="287">
<LocList>
<Loc EndOffset="12118" SrcFileId="1" StartOffset="12051"/>
</LocList>
</BasicStmnt>
</StmntSeq>
</HierarchyLvl>
<HierarchyLvl HierarchyLvlId="922" HierarchyLvlTypeId="4" Intrnl_Id="288" Name="testcase22">
<Header>
<Loc EndOffset="12160" SrcFileId="1" StartOffset="12129"/>
</Header>
<LocList>
<Loc EndOffset="12843" SrcFileId="1" StartOffset="12129"/>
</LocList>
<StmntSeq Intrnl_Id="289">
<LocList>
<Loc EndOffset="12204" SrcFileId="1" StartOffset="12180"/>
<Loc EndOffset="12259" SrcFileId="1" StartOffset="12207"/>
<Loc EndOffset="12287" SrcFileId="1" StartOffset="12262"/>
<Loc EndOffset="12357" SrcFileId="1" StartOffset="12290"/>
<Loc EndOffset="12379" SrcFileId="1" StartOffset="12360"/>
<Loc EndOffset="12450" SrcFileId="1" StartOffset="12382"/>
<Loc EndOffset="12478" SrcFileId="1" StartOffset="12453"/>
<Loc EndOffset="12549" SrcFileId="1" StartOffset="12481"/>
<Loc EndOffset="12581" SrcFileId="1" StartOffset="12555"/>
<Loc EndOffset="12652" SrcFileId="1" StartOffset="12584"/>
<Loc EndOffset="12678" SrcFileId="1" StartOffset="12658"/>
<Loc EndOffset="12749" SrcFileId="1" StartOffset="12681"/>
<Loc EndOffset="12768" SrcFileId="1" StartOffset="12753"/>
<Loc EndOffset="12839" SrcFileId="1" StartOffset="12771"/>
</LocList>
<BasicStmnt CovItemId="S234" CovItemPrefix="test.BillTest.java" Intrnl_Id="290">
<LocList>
<Loc EndOffset="12204" SrcFileId="1" StartOffset="12180"/>
</LocList>
</BasicStmnt>
<BasicStmnt CovItemId="S235" CovItemPrefix="test.BillTest.java" Intrnl_Id="291">
<LocList>
<Loc EndOffset="12259" SrcFileId="1" StartOffset="12207"/>
</LocList>
</BasicStmnt>
<BasicStmnt CovItemId="S236" CovItemPrefix="test.BillTest.java" Intrnl_Id="292">
<LocList>
<Loc EndOffset="12287" SrcFileId="1" StartOffset="12262"/>
</LocList>
</BasicStmnt>
<BasicStmnt CovItemId="S237" CovItemPrefix="test.BillTest.java" Intrnl_Id="293">
<LocList>
<Loc EndOffset="12357" SrcFileId="1" StartOffset="12290"/>
</LocList>
</BasicStmnt>
<BasicStmnt CovItemId="S238" CovItemPrefix="test.BillTest.java" Intrnl_Id="294">
<LocList>
<Loc EndOffset="12379" SrcFileId="1" StartOffset="12360"/>
</LocList>
</BasicStmnt>
<BasicStmnt CovItemId="S239" CovItemPrefix="test.BillTest.java" Intrnl_Id="295">
<LocList>
<Loc EndOffset="12450" SrcFileId="1" StartOffset="12382"/>
</LocList>
</BasicStmnt>
<BasicStmnt CovItemId="S240" CovItemPrefix="test.BillTest.java" Intrnl_Id="296">
<LocList>
<Loc EndOffset="12478" SrcFileId="1" StartOffset="12453"/>
</LocList>
</BasicStmnt>
<BasicStmnt CovItemId="S241" CovItemPrefix="test.BillTest.java" Intrnl_Id="297">
<LocList>
<Loc EndOffset="12549" SrcFileId="1" StartOffset="12481"/>
</LocList>
</BasicStmnt>
<BasicStmnt CovItemId="S242" CovItemPrefix="test.BillTest.java" Intrnl_Id="298">
<LocList>
<Loc EndOffset="12581" SrcFileId="1" StartOffset="12555"/>
</LocList>
</BasicStmnt>
<BasicStmnt CovItemId="S243" CovItemPrefix="test.BillTest.java" Intrnl_Id="299">
<LocList>
<Loc EndOffset="12652" SrcFileId="1" StartOffset="12584"/>
</LocList>
</BasicStmnt>
<BasicStmnt CovItemId="S244" CovItemPrefix="test.BillTest.java" Intrnl_Id="300">
<LocList>
<Loc EndOffset="12678" SrcFileId="1" StartOffset="12658"/>
</LocList>
</BasicStmnt>
<BasicStmnt CovItemId="S245" CovItemPrefix="test.BillTest.java" Intrnl_Id="301">
<LocList>
<Loc EndOffset="12749" SrcFileId="1" StartOffset="12681"/>
</LocList>
</BasicStmnt>
<BasicStmnt CovItemId="S246" CovItemPrefix="test.BillTest.java" Intrnl_Id="302">
<LocList>
<Loc EndOffset="12768" SrcFileId="1" StartOffset="12753"/>
</LocList>
</BasicStmnt>
<BasicStmnt CovItemId="S247" CovItemPrefix="test.BillTest.java" Intrnl_Id="303">
<LocList>
<Loc EndOffset="12839" SrcFileId="1" StartOffset="12771"/>
</LocList>
</BasicStmnt>
</StmntSeq>
</HierarchyLvl>
<HierarchyLvl HierarchyLvlId="923" HierarchyLvlTypeId="4" Intrnl_Id="304" Name="testcase23">
<Header>
<Loc EndOffset="12876" SrcFileId="1" StartOffset="12845"/>
</Header>
<LocList>
<Loc EndOffset="13589" SrcFileId="1" StartOffset="12845"/>
</LocList>
<StmntSeq Intrnl_Id="305">
<LocList>
<Loc EndOffset="12920" SrcFileId="1" StartOffset="12896"/>
<Loc EndOffset="12975" SrcFileId="1" StartOffset="12923"/>
<Loc EndOffset="13003" SrcFileId="1" StartOffset="12978"/>
<Loc EndOffset="13073" SrcFileId="1" StartOffset="13006"/>
<Loc EndOffset="13095" SrcFileId="1" StartOffset="13076"/>
<Loc EndOffset="13166" SrcFileId="1" StartOffset="13098"/>
<Loc EndOffset="13188" SrcFileId="1" StartOffset="13169"/>
<Loc EndOffset="13268" SrcFileId="1" StartOffset="13191"/>
<Loc EndOffset="13300" SrcFileId="1" StartOffset="13274"/>
<Loc EndOffset="13380" SrcFileId="1" StartOffset="13303"/>
<Loc EndOffset="13406" SrcFileId="1" StartOffset="13386"/>
<Loc EndOffset="13486" SrcFileId="1" StartOffset="13409"/>
<Loc EndOffset="13505" SrcFileId="1" StartOffset="13490"/>
<Loc EndOffset="13585" SrcFileId="1" StartOffset="13508"/>
</LocList>
<BasicStmnt CovItemId="S248" CovItemPrefix="test.BillTest.java" Intrnl_Id="306">
<LocList>
<Loc EndOffset="12920" SrcFileId="1" StartOffset="12896"/>
</LocList>
</BasicStmnt>
<BasicStmnt CovItemId="S249" CovItemPrefix="test.BillTest.java" Intrnl_Id="307">
<LocList>
<Loc EndOffset="12975" SrcFileId="1" StartOffset="12923"/>
</LocList>
</BasicStmnt>
<BasicStmnt CovItemId="S250" CovItemPrefix="test.BillTest.java" Intrnl_Id="308">
<LocList>
<Loc EndOffset="13003" SrcFileId="1" StartOffset="12978"/>
</LocList>
</BasicStmnt>
<BasicStmnt CovItemId="S251" CovItemPrefix="test.BillTest.java" Intrnl_Id="309">
<LocList>
<Loc EndOffset="13073" SrcFileId="1" StartOffset="13006"/>
</LocList>
</BasicStmnt>
<BasicStmnt CovItemId="S252" CovItemPrefix="test.BillTest.java" Intrnl_Id="310">
<LocList>
<Loc EndOffset="13095" SrcFileId="1" StartOffset="13076"/>
</LocList>
</BasicStmnt>
<BasicStmnt CovItemId="S253" CovItemPrefix="test.BillTest.java" Intrnl_Id="311">
<LocList>
<Loc EndOffset="13166" SrcFileId="1" StartOffset="13098"/>
</LocList>
</BasicStmnt>
<BasicStmnt CovItemId="S254" CovItemPrefix="test.BillTest.java" Intrnl_Id="312">
<LocList>
<Loc EndOffset="13188" SrcFileId="1" StartOffset="13169"/>
</LocList>
</BasicStmnt>
<BasicStmnt CovItemId="S255" CovItemPrefix="test.BillTest.java" Intrnl_Id="313">
<LocList>
<Loc EndOffset="13268" SrcFileId="1" StartOffset="13191"/>
</LocList>
</BasicStmnt>
<BasicStmnt CovItemId="S256" CovItemPrefix="test.BillTest.java" Intrnl_Id="314">
<LocList>
<Loc EndOffset="13300" SrcFileId="1" StartOffset="13274"/>
</LocList>
</BasicStmnt>
<BasicStmnt CovItemId="S257" CovItemPrefix="test.BillTest.java" Intrnl_Id="315">
<LocList>
<Loc EndOffset="13380" SrcFileId="1" StartOffset="13303"/>
</LocList>
</BasicStmnt>
<BasicStmnt CovItemId="S258" CovItemPrefix="test.BillTest.java" Intrnl_Id="316">
<LocList>
<Loc EndOffset="13406" SrcFileId="1" StartOffset="13386"/>
</LocList>
</BasicStmnt>
<BasicStmnt CovItemId="S259" CovItemPrefix="test.BillTest.java" Intrnl_Id="317">
<LocList>
<Loc EndOffset="13486" SrcFileId="1" StartOffset="13409"/>
</LocList>
</BasicStmnt>
<BasicStmnt CovItemId="S260" CovItemPrefix="test.BillTest.java" Intrnl_Id="318">
<LocList>
<Loc EndOffset="13505" SrcFileId="1" StartOffset="13490"/>
</LocList>
</BasicStmnt>
<BasicStmnt CovItemId="S261" CovItemPrefix="test.BillTest.java" Intrnl_Id="319">
<LocList>
<Loc EndOffset="13585" SrcFileId="1" StartOffset="13508"/>
</LocList>
</BasicStmnt>
</StmntSeq>
</HierarchyLvl>
<HierarchyLvl HierarchyLvlId="924" HierarchyLvlTypeId="4" Intrnl_Id="320" Name="testcase24">
<Header>
<Loc EndOffset="13624" SrcFileId="1" StartOffset="13593"/>
</Header>
<LocList>
<Loc EndOffset="14397" SrcFileId="1" StartOffset="13593"/>
</LocList>
<StmntSeq Intrnl_Id="321">
<LocList>
<Loc EndOffset="13668" SrcFileId="1" StartOffset="13644"/>
<Loc EndOffset="13723" SrcFileId="1" StartOffset="13671"/>
<Loc EndOffset="13751" SrcFileId="1" StartOffset="13726"/>
<Loc EndOffset="13821" SrcFileId="1" StartOffset="13754"/>
<Loc EndOffset="13843" SrcFileId="1" StartOffset="13824"/>
<Loc EndOffset="13914" SrcFileId="1" StartOffset="13846"/>
<Loc EndOffset="13936" SrcFileId="1" StartOffset="13917"/>
<Loc EndOffset="14016" SrcFileId="1" StartOffset="13939"/>
<Loc EndOffset="14038" SrcFileId="1" StartOffset="14019"/>
<Loc EndOffset="14108" SrcFileId="1" StartOffset="14041"/>
<Loc EndOffset="14138" SrcFileId="1" StartOffset="14112"/>
<Loc EndOffset="14208" SrcFileId="1" StartOffset="14141"/>
<Loc EndOffset="14234" SrcFileId="1" StartOffset="14214"/>
<Loc EndOffset="14304" SrcFileId="1" StartOffset="14237"/>
<Loc EndOffset="14323" SrcFileId="1" StartOffset="14308"/>
<Loc EndOffset="14393" SrcFileId="1" StartOffset="14326"/>
</LocList>
<BasicStmnt CovItemId="S262" CovItemPrefix="test.BillTest.java" Intrnl_Id="322">
<LocList>
<Loc EndOffset="13668" SrcFileId="1" StartOffset="13644"/>
</LocList>
</BasicStmnt>
<BasicStmnt CovItemId="S263" CovItemPrefix="test.BillTest.java" Intrnl_Id="323">
<LocList>
<Loc EndOffset="13723" SrcFileId="1" StartOffset="13671"/>
</LocList>
</BasicStmnt>
<BasicStmnt CovItemId="S264" CovItemPrefix="test.BillTest.java" Intrnl_Id="324">
<LocList>
<Loc EndOffset="13751" SrcFileId="1" StartOffset="13726"/>
</LocList>
</BasicStmnt>
<BasicStmnt CovItemId="S265" CovItemPrefix="test.BillTest.java" Intrnl_Id="325">
<LocList>
<Loc EndOffset="13821" SrcFileId="1" StartOffset="13754"/>
</LocList>
</BasicStmnt>
<BasicStmnt CovItemId="S266" CovItemPrefix="test.BillTest.java" Intrnl_Id="326">
<LocList>
<Loc EndOffset="13843" SrcFileId="1" StartOffset="13824"/>
</LocList>
</BasicStmnt>
<BasicStmnt CovItemId="S267" CovItemPrefix="test.BillTest.java" Intrnl_Id="327">
<LocList>
<Loc EndOffset="13914" SrcFileId="1" StartOffset="13846"/>
</LocList>
</BasicStmnt>
<BasicStmnt CovItemId="S268" CovItemPrefix="test.BillTest.java" Intrnl_Id="328">
<LocList>
<Loc EndOffset="13936" SrcFileId="1" StartOffset="13917"/>
</LocList>
</BasicStmnt>
<BasicStmnt CovItemId="S269" CovItemPrefix="test.BillTest.java" Intrnl_Id="329">
<LocList>
<Loc EndOffset="14016" SrcFileId="1" StartOffset="13939"/>
</LocList>
</BasicStmnt>
<BasicStmnt CovItemId="S270" CovItemPrefix="test.BillTest.java" Intrnl_Id="330">
<LocList>
<Loc EndOffset="14038" SrcFileId="1" StartOffset="14019"/>
</LocList>
</BasicStmnt>
<BasicStmnt CovItemId="S271" CovItemPrefix="test.BillTest.java" Intrnl_Id="331">
<LocList>
<Loc EndOffset="14108" SrcFileId="1" StartOffset="14041"/>
</LocList>
</BasicStmnt>
<BasicStmnt CovItemId="S272" CovItemPrefix="test.BillTest.java" Intrnl_Id="332">
<LocList>
<Loc EndOffset="14138" SrcFileId="1" StartOffset="14112"/>
</LocList>
</BasicStmnt>
<BasicStmnt CovItemId="S273" CovItemPrefix="test.BillTest.java" Intrnl_Id="333">
<LocList>
<Loc EndOffset="14208" SrcFileId="1" StartOffset="14141"/>
</LocList>
</BasicStmnt>
<BasicStmnt CovItemId="S274" CovItemPrefix="test.BillTest.java" Intrnl_Id="334">
<LocList>
<Loc EndOffset="14234" SrcFileId="1" StartOffset="14214"/>
</LocList>
</BasicStmnt>
<BasicStmnt CovItemId="S275" CovItemPrefix="test.BillTest.java" Intrnl_Id="335">
<LocList>
<Loc EndOffset="14304" SrcFileId="1" StartOffset="14237"/>
</LocList>
</BasicStmnt>
<BasicStmnt CovItemId="S276" CovItemPrefix="test.BillTest.java" Intrnl_Id="336">
<LocList>
<Loc EndOffset="14323" SrcFileId="1" StartOffset="14308"/>
</LocList>
</BasicStmnt>
<BasicStmnt CovItemId="S277" CovItemPrefix="test.BillTest.java" Intrnl_Id="337">
<LocList>
<Loc EndOffset="14393" SrcFileId="1" StartOffset="14326"/>
</LocList>
</BasicStmnt>
</StmntSeq>
</HierarchyLvl>
<HierarchyLvl HierarchyLvlId="925" HierarchyLvlTypeId="4" Intrnl_Id="338" Name="testcase25">
<Header>
<Loc EndOffset="14432" SrcFileId="1" StartOffset="14401"/>
</Header>
<LocList>
<Loc EndOffset="15548" SrcFileId="1" StartOffset="14401"/>
</LocList>
<StmntSeq Intrnl_Id="339">
<LocList>
<Loc EndOffset="14476" SrcFileId="1" StartOffset="14452"/>
<Loc EndOffset="14509" SrcFileId="1" StartOffset="14479"/>
<Loc EndOffset="14564" SrcFileId="1" StartOffset="14512"/>
<Loc EndOffset="14592" SrcFileId="1" StartOffset="14567"/>
<Loc EndOffset="14662" SrcFileId="1" StartOffset="14595"/>
<Loc EndOffset="14684" SrcFileId="1" StartOffset="14665"/>
<Loc EndOffset="14755" SrcFileId="1" StartOffset="14687"/>
<Loc EndOffset="14777" SrcFileId="1" StartOffset="14758"/>
<Loc EndOffset="14857" SrcFileId="1" StartOffset="14780"/>
<Loc EndOffset="14879" SrcFileId="1" StartOffset="14860"/>
<Loc EndOffset="14949" SrcFileId="1" StartOffset="14882"/>
<Loc EndOffset="14971" SrcFileId="1" StartOffset="14952"/>
<Loc EndOffset="15032" SrcFileId="1" StartOffset="14974"/>
<Loc EndOffset="15055" SrcFileId="1" StartOffset="15036"/>
<Loc EndOffset="15116" SrcFileId="1" StartOffset="15058"/>
<Loc EndOffset="15140" SrcFileId="1" StartOffset="15122"/>
<Loc EndOffset="15201" SrcFileId="1" StartOffset="15143"/>
<Loc EndOffset="15222" SrcFileId="1" StartOffset="15205"/>
<Loc EndOffset="15283" SrcFileId="1" StartOffset="15225"/>
<Loc EndOffset="15312" SrcFileId="1" StartOffset="15287"/>
<Loc EndOffset="15373" SrcFileId="1" StartOffset="15315"/>
<Loc EndOffset="15403" SrcFileId="1" StartOffset="15377"/>
<Loc EndOffset="15464" SrcFileId="1" StartOffset="15406"/>
<Loc EndOffset="15483" SrcFileId="1" StartOffset="15468"/>
<Loc EndOffset="15544" SrcFileId="1" StartOffset="15486"/>
</LocList>
<BasicStmnt CovItemId="S278" CovItemPrefix="test.BillTest.java" Intrnl_Id="340">
<LocList>
<Loc EndOffset="14476" SrcFileId="1" StartOffset="14452"/>
</LocList>
</BasicStmnt>
<BasicStmnt CovItemId="S279" CovItemPrefix="test.BillTest.java" Intrnl_Id="341">
<LocList>
<Loc EndOffset="14509" SrcFileId="1" StartOffset="14479"/>
</LocList>
</BasicStmnt>
<BasicStmnt CovItemId="S280" CovItemPrefix="test.BillTest.java" Intrnl_Id="342">
<LocList>
<Loc EndOffset="14564" SrcFileId="1" StartOffset="14512"/>
</LocList>
</BasicStmnt>
<BasicStmnt CovItemId="S281" CovItemPrefix="test.BillTest.java" Intrnl_Id="343">
<LocList>
<Loc EndOffset="14592" SrcFileId="1" StartOffset="14567"/>
</LocList>
</BasicStmnt>
<BasicStmnt CovItemId="S282" CovItemPrefix="test.BillTest.java" Intrnl_Id="344">
<LocList>
<Loc EndOffset="14662" SrcFileId="1" StartOffset="14595"/>
</LocList>
</BasicStmnt>
<BasicStmnt CovItemId="S283" CovItemPrefix="test.BillTest.java" Intrnl_Id="345">
<LocList>
<Loc EndOffset="14684" SrcFileId="1" StartOffset="14665"/>
</LocList>
</BasicStmnt>
<BasicStmnt CovItemId="S284" CovItemPrefix="test.BillTest.java" Intrnl_Id="346">
<LocList>
<Loc EndOffset="14755" SrcFileId="1" StartOffset="14687"/>
</LocList>
</BasicStmnt>
<BasicStmnt CovItemId="S285" CovItemPrefix="test.BillTest.java" Intrnl_Id="347">
<LocList>
<Loc EndOffset="14777" SrcFileId="1" StartOffset="14758"/>
</LocList>
</BasicStmnt>
<BasicStmnt CovItemId="S286" CovItemPrefix="test.BillTest.java" Intrnl_Id="348">
<LocList>
<Loc EndOffset="14857" SrcFileId="1" StartOffset="14780"/>
</LocList>
</BasicStmnt>
<BasicStmnt CovItemId="S287" CovItemPrefix="test.BillTest.java" Intrnl_Id="349">
<LocList>
<Loc EndOffset="14879" SrcFileId="1" StartOffset="14860"/>
</LocList>
</BasicStmnt>
<BasicStmnt CovItemId="S288" CovItemPrefix="test.BillTest.java" Intrnl_Id="350">
<LocList>
<Loc EndOffset="14949" SrcFileId="1" StartOffset="14882"/>
</LocList>
</BasicStmnt>
<BasicStmnt CovItemId="S289" CovItemPrefix="test.BillTest.java" Intrnl_Id="351">
<LocList>
<Loc EndOffset="14971" SrcFileId="1" StartOffset="14952"/>
</LocList>
</BasicStmnt>
<BasicStmnt CovItemId="S290" CovItemPrefix="test.BillTest.java" Intrnl_Id="352">
<LocList>
<Loc EndOffset="15032" SrcFileId="1" StartOffset="14974"/>
</LocList>
</BasicStmnt>
<BasicStmnt CovItemId="S291" CovItemPrefix="test.BillTest.java" Intrnl_Id="353">
<LocList>
<Loc EndOffset="15055" SrcFileId="1" StartOffset="15036"/>
</LocList>
</BasicStmnt>
<BasicStmnt CovItemId="S292" CovItemPrefix="test.BillTest.java" Intrnl_Id="354">
<LocList>
<Loc EndOffset="15116" SrcFileId="1" StartOffset="15058"/>
</LocList>
</BasicStmnt>
<BasicStmnt CovItemId="S293" CovItemPrefix="test.BillTest.java" Intrnl_Id="355">
<LocList>
<Loc EndOffset="15140" SrcFileId="1" StartOffset="15122"/>
</LocList>
</BasicStmnt>
<BasicStmnt CovItemId="S294" CovItemPrefix="test.BillTest.java" Intrnl_Id="356">
<LocList>
<Loc EndOffset="15201" SrcFileId="1" StartOffset="15143"/>
</LocList>
</BasicStmnt>
<BasicStmnt CovItemId="S295" CovItemPrefix="test.BillTest.java" Intrnl_Id="357">
<LocList>
<Loc EndOffset="15222" SrcFileId="1" StartOffset="15205"/>
</LocList>
</BasicStmnt>
<BasicStmnt CovItemId="S296" CovItemPrefix="test.BillTest.java" Intrnl_Id="358">
<LocList>
<Loc EndOffset="15283" SrcFileId="1" StartOffset="15225"/>
</LocList>
</BasicStmnt>
<BasicStmnt CovItemId="S297" CovItemPrefix="test.BillTest.java" Intrnl_Id="359">
<LocList>
<Loc EndOffset="15312" SrcFileId="1" StartOffset="15287"/>
</LocList>
</BasicStmnt>
<BasicStmnt CovItemId="S298" CovItemPrefix="test.BillTest.java" Intrnl_Id="360">
<LocList>
<Loc EndOffset="15373" SrcFileId="1" StartOffset="15315"/>
</LocList>
</BasicStmnt>
<BasicStmnt CovItemId="S299" CovItemPrefix="test.BillTest.java" Intrnl_Id="361">
<LocList>
<Loc EndOffset="15403" SrcFileId="1" StartOffset="15377"/>
</LocList>
</BasicStmnt>
<BasicStmnt CovItemId="S300" CovItemPrefix="test.BillTest.java" Intrnl_Id="362">
<LocList>
<Loc EndOffset="15464" SrcFileId="1" StartOffset="15406"/>
</LocList>
</BasicStmnt>
<BasicStmnt CovItemId="S301" CovItemPrefix="test.BillTest.java" Intrnl_Id="363">
<LocList>
<Loc EndOffset="15483" SrcFileId="1" StartOffset="15468"/>
</LocList>
</BasicStmnt>
<BasicStmnt CovItemId="S302" CovItemPrefix="test.BillTest.java" Intrnl_Id="364">
<LocList>
<Loc EndOffset="15544" SrcFileId="1" StartOffset="15486"/>
</LocList>
</BasicStmnt>
</StmntSeq>
</HierarchyLvl>
<HierarchyLvl HierarchyLvlId="926" HierarchyLvlTypeId="4" Intrnl_Id="365" Name="testcase26">
<Header>
<Loc EndOffset="15583" SrcFileId="1" StartOffset="15552"/>
</Header>
<LocList>
<Loc EndOffset="16134" SrcFileId="1" StartOffset="15552"/>
</LocList>
<StmntSeq Intrnl_Id="366">
<LocList>
<Loc EndOffset="15627" SrcFileId="1" StartOffset="15603"/>
<Loc EndOffset="15682" SrcFileId="1" StartOffset="15630"/>
<Loc EndOffset="15711" SrcFileId="1" StartOffset="15685"/>
<Loc EndOffset="15774" SrcFileId="1" StartOffset="15714"/>
<Loc EndOffset="15802" SrcFileId="1" StartOffset="15777"/>
<Loc EndOffset="15865" SrcFileId="1" StartOffset="15805"/>
<Loc EndOffset="15895" SrcFileId="1" StartOffset="15869"/>
<Loc EndOffset="15958" SrcFileId="1" StartOffset="15898"/>
<Loc EndOffset="15982" SrcFileId="1" StartOffset="15962"/>
<Loc EndOffset="16045" SrcFileId="1" StartOffset="15985"/>
<Loc EndOffset="16064" SrcFileId="1" StartOffset="16049"/>
<Loc EndOffset="16127" SrcFileId="1" StartOffset="16067"/>
</LocList>
<BasicStmnt CovItemId="S303" CovItemPrefix="test.BillTest.java" Intrnl_Id="367">
<LocList>
<Loc EndOffset="15627" SrcFileId="1" StartOffset="15603"/>
</LocList>
</BasicStmnt>
<BasicStmnt CovItemId="S304" CovItemPrefix="test.BillTest.java" Intrnl_Id="368">
<LocList>
<Loc EndOffset="15682" SrcFileId="1" StartOffset="15630"/>
</LocList>
</BasicStmnt>
<BasicStmnt CovItemId="S305" CovItemPrefix="test.BillTest.java" Intrnl_Id="369">
<LocList>
<Loc EndOffset="15711" SrcFileId="1" StartOffset="15685"/>
</LocList>
</BasicStmnt>
<BasicStmnt CovItemId="S306" CovItemPrefix="test.BillTest.java" Intrnl_Id="370">
<LocList>
<Loc EndOffset="15774" SrcFileId="1" StartOffset="15714"/>
</LocList>
</BasicStmnt>
<BasicStmnt CovItemId="S307" CovItemPrefix="test.BillTest.java" Intrnl_Id="371">
<LocList>
<Loc EndOffset="15802" SrcFileId="1" StartOffset="15777"/>
</LocList>
</BasicStmnt>
<BasicStmnt CovItemId="S308" CovItemPrefix="test.BillTest.java" Intrnl_Id="372">
<LocList>
<Loc EndOffset="15865" SrcFileId="1" StartOffset="15805"/>
</LocList>
</BasicStmnt>
<BasicStmnt CovItemId="S309" CovItemPrefix="test.BillTest.java" Intrnl_Id="373">
<LocList>
<Loc EndOffset="15895" SrcFileId="1" StartOffset="15869"/>
</LocList>
</BasicStmnt>
<BasicStmnt CovItemId="S310" CovItemPrefix="test.BillTest.java" Intrnl_Id="374">
<LocList>
<Loc EndOffset="15958" SrcFileId="1" StartOffset="15898"/>
</LocList>
</BasicStmnt>
<BasicStmnt CovItemId="S311" CovItemPrefix="test.BillTest.java" Intrnl_Id="375">
<LocList>
<Loc EndOffset="15982" SrcFileId="1" StartOffset="15962"/>
</LocList>
</BasicStmnt>
<BasicStmnt CovItemId="S312" CovItemPrefix="test.BillTest.java" Intrnl_Id="376">
<LocList>
<Loc EndOffset="16045" SrcFileId="1" StartOffset="15985"/>
</LocList>
</BasicStmnt>
<BasicStmnt CovItemId="S313" CovItemPrefix="test.BillTest.java" Intrnl_Id="377">
<LocList>
<Loc EndOffset="16064" SrcFileId="1" StartOffset="16049"/>
</LocList>
</BasicStmnt>
<BasicStmnt CovItemId="S314" CovItemPrefix="test.BillTest.java" Intrnl_Id="378">
<LocList>
<Loc EndOffset="16127" SrcFileId="1" StartOffset="16067"/>
</LocList>
</BasicStmnt>
</StmntSeq>
</HierarchyLvl>
<HierarchyLvl HierarchyLvlId="927" HierarchyLvlTypeId="4" Intrnl_Id="379" Name="testcase27">
<Header>
<Loc EndOffset="16167" SrcFileId="1" StartOffset="16136"/>
</Header>
<LocList>
<Loc EndOffset="16805" SrcFileId="1" StartOffset="16136"/>
</LocList>
<StmntSeq Intrnl_Id="380">
<LocList>
<Loc EndOffset="16211" SrcFileId="1" StartOffset="16187"/>
<Loc EndOffset="16266" SrcFileId="1" StartOffset="16214"/>
<Loc EndOffset="16295" SrcFileId="1" StartOffset="16269"/>
<Loc EndOffset="16358" SrcFileId="1" StartOffset="16298"/>
<Loc EndOffset="16380" SrcFileId="1" StartOffset="16361"/>
<Loc EndOffset="16444" SrcFileId="1" StartOffset="16383"/>
<Loc EndOffset="16472" SrcFileId="1" StartOffset="16447"/>
<Loc EndOffset="16536" SrcFileId="1" StartOffset="16475"/>
<Loc EndOffset="16566" SrcFileId="1" StartOffset="16540"/>
<Loc EndOffset="16630" SrcFileId="1" StartOffset="16569"/>
<Loc EndOffset="16654" SrcFileId="1" StartOffset="16634"/>
<Loc EndOffset="16718" SrcFileId="1" StartOffset="16657"/>
<Loc EndOffset="16737" SrcFileId="1" StartOffset="16722"/>
<Loc EndOffset="16801" SrcFileId="1" StartOffset="16740"/>
</LocList>
<BasicStmnt CovItemId="S315" CovItemPrefix="test.BillTest.java" Intrnl_Id="381">
<LocList>
<Loc EndOffset="16211" SrcFileId="1" StartOffset="16187"/>
</LocList>
</BasicStmnt>
<BasicStmnt CovItemId="S316" CovItemPrefix="test.BillTest.java" Intrnl_Id="382">
<LocList>
<Loc EndOffset="16266" SrcFileId="1" StartOffset="16214"/>
</LocList>
</BasicStmnt>
<BasicStmnt CovItemId="S317" CovItemPrefix="test.BillTest.java" Intrnl_Id="383">
<LocList>
<Loc EndOffset="16295" SrcFileId="1" StartOffset="16269"/>
</LocList>
</BasicStmnt>
<BasicStmnt CovItemId="S318" CovItemPrefix="test.BillTest.java" Intrnl_Id="384">
<LocList>
<Loc EndOffset="16358" SrcFileId="1" StartOffset="16298"/>
</LocList>
</BasicStmnt>
<BasicStmnt CovItemId="S319" CovItemPrefix="test.BillTest.java" Intrnl_Id="385">
<LocList>
<Loc EndOffset="16380" SrcFileId="1" StartOffset="16361"/>
</LocList>
</BasicStmnt>
<BasicStmnt CovItemId="S320" CovItemPrefix="test.BillTest.java" Intrnl_Id="386">
<LocList>
<Loc EndOffset="16444" SrcFileId="1" StartOffset="16383"/>
</LocList>
</BasicStmnt>
<BasicStmnt CovItemId="S321" CovItemPrefix="test.BillTest.java" Intrnl_Id="387">
<LocList>
<Loc EndOffset="16472" SrcFileId="1" StartOffset="16447"/>
</LocList>
</BasicStmnt>
<BasicStmnt CovItemId="S322" CovItemPrefix="test.BillTest.java" Intrnl_Id="388">
<LocList>
<Loc EndOffset="16536" SrcFileId="1" StartOffset="16475"/>
</LocList>
</BasicStmnt>
<BasicStmnt CovItemId="S323" CovItemPrefix="test.BillTest.java" Intrnl_Id="389">
<LocList>
<Loc EndOffset="16566" SrcFileId="1" StartOffset="16540"/>
</LocList>
</BasicStmnt>
<BasicStmnt CovItemId="S324" CovItemPrefix="test.BillTest.java" Intrnl_Id="390">
<LocList>
<Loc EndOffset="16630" SrcFileId="1" StartOffset="16569"/>
</LocList>
</BasicStmnt>
<BasicStmnt CovItemId="S325" CovItemPrefix="test.BillTest.java" Intrnl_Id="391">
<LocList>
<Loc EndOffset="16654" SrcFileId="1" StartOffset="16634"/>
</LocList>
</BasicStmnt>
<BasicStmnt CovItemId="S326" CovItemPrefix="test.BillTest.java" Intrnl_Id="392">
<LocList>
<Loc EndOffset="16718" SrcFileId="1" StartOffset="16657"/>
</LocList>
</BasicStmnt>
<BasicStmnt CovItemId="S327" CovItemPrefix="test.BillTest.java" Intrnl_Id="393">
<LocList>
<Loc EndOffset="16737" SrcFileId="1" StartOffset="16722"/>
</LocList>
</BasicStmnt>
<BasicStmnt CovItemId="S328" CovItemPrefix="test.BillTest.java" Intrnl_Id="394">
<LocList>
<Loc EndOffset="16801" SrcFileId="1" StartOffset="16740"/>
</LocList>
</BasicStmnt>
</StmntSeq>
</HierarchyLvl>
<HierarchyLvl HierarchyLvlId="928" HierarchyLvlTypeId="4" Intrnl_Id="395" Name="testcase28">
<Header>
<Loc EndOffset="16840" SrcFileId="1" StartOffset="16809"/>
</Header>
<LocList>
<Loc EndOffset="17609" SrcFileId="1" StartOffset="16809"/>
</LocList>
<StmntSeq Intrnl_Id="396">
<LocList>
<Loc EndOffset="16884" SrcFileId="1" StartOffset="16860"/>
<Loc EndOffset="16939" SrcFileId="1" StartOffset="16887"/>
<Loc EndOffset="16968" SrcFileId="1" StartOffset="16942"/>
<Loc EndOffset="17031" SrcFileId="1" StartOffset="16971"/>
<Loc EndOffset="17053" SrcFileId="1" StartOffset="17034"/>
<Loc EndOffset="17117" SrcFileId="1" StartOffset="17056"/>
<Loc EndOffset="17139" SrcFileId="1" StartOffset="17120"/>
<Loc EndOffset="17212" SrcFileId="1" StartOffset="17142"/>
<Loc EndOffset="17240" SrcFileId="1" StartOffset="17215"/>
<Loc EndOffset="17313" SrcFileId="1" StartOffset="17243"/>
<Loc EndOffset="17343" SrcFileId="1" StartOffset="17317"/>
<Loc EndOffset="17416" SrcFileId="1" StartOffset="17346"/>
<Loc EndOffset="17440" SrcFileId="1" StartOffset="17420"/>
<Loc EndOffset="17513" SrcFileId="1" StartOffset="17443"/>
<Loc EndOffset="17532" SrcFileId="1" StartOffset="17517"/>
<Loc EndOffset="17605" SrcFileId="1" StartOffset="17535"/>
</LocList>
<BasicStmnt CovItemId="S329" CovItemPrefix="test.BillTest.java" Intrnl_Id="397">
<LocList>
<Loc EndOffset="16884" SrcFileId="1" StartOffset="16860"/>
</LocList>
</BasicStmnt>
<BasicStmnt CovItemId="S330" CovItemPrefix="test.BillTest.java" Intrnl_Id="398">
<LocList>
<Loc EndOffset="16939" SrcFileId="1" StartOffset="16887"/>
</LocList>
</BasicStmnt>
<BasicStmnt CovItemId="S331" CovItemPrefix="test.BillTest.java" Intrnl_Id="399">
<LocList>
<Loc EndOffset="16968" SrcFileId="1" StartOffset="16942"/>
</LocList>
</BasicStmnt>
<BasicStmnt CovItemId="S332" CovItemPrefix="test.BillTest.java" Intrnl_Id="400">
<LocList>
<Loc EndOffset="17031" SrcFileId="1" StartOffset="16971"/>
</LocList>
</BasicStmnt>
<BasicStmnt CovItemId="S333" CovItemPrefix="test.BillTest.java" Intrnl_Id="401">
<LocList>
<Loc EndOffset="17053" SrcFileId="1" StartOffset="17034"/>
</LocList>
</BasicStmnt>
<BasicStmnt CovItemId="S334" CovItemPrefix="test.BillTest.java" Intrnl_Id="402">
<LocList>
<Loc EndOffset="17117" SrcFileId="1" StartOffset="17056"/>
</LocList>
</BasicStmnt>
<BasicStmnt CovItemId="S335" CovItemPrefix="test.BillTest.java" Intrnl_Id="403">
<LocList>
<Loc EndOffset="17139" SrcFileId="1" StartOffset="17120"/>
</LocList>
</BasicStmnt>
<BasicStmnt CovItemId="S336" CovItemPrefix="test.BillTest.java" Intrnl_Id="404">
<LocList>
<Loc EndOffset="17212" SrcFileId="1" StartOffset="17142"/>
</LocList>
</BasicStmnt>
<BasicStmnt CovItemId="S337" CovItemPrefix="test.BillTest.java" Intrnl_Id="405">
<LocList>
<Loc EndOffset="17240" SrcFileId="1" StartOffset="17215"/>
</LocList>
</BasicStmnt>
<BasicStmnt CovItemId="S338" CovItemPrefix="test.BillTest.java" Intrnl_Id="406">
<LocList>
<Loc EndOffset="17313" SrcFileId="1" StartOffset="17243"/>
</LocList>
</BasicStmnt>
<BasicStmnt CovItemId="S339" CovItemPrefix="test.BillTest.java" Intrnl_Id="407">
<LocList>
<Loc EndOffset="17343" SrcFileId="1" StartOffset="17317"/>
</LocList>
</BasicStmnt>
<BasicStmnt CovItemId="S340" CovItemPrefix="test.BillTest.java" Intrnl_Id="408">
<LocList>
<Loc EndOffset="17416" SrcFileId="1" StartOffset="17346"/>
</LocList>
</BasicStmnt>
<BasicStmnt CovItemId="S341" CovItemPrefix="test.BillTest.java" Intrnl_Id="409">
<LocList>
<Loc EndOffset="17440" SrcFileId="1" StartOffset="17420"/>
</LocList>
</BasicStmnt>
<BasicStmnt CovItemId="S342" CovItemPrefix="test.BillTest.java" Intrnl_Id="410">
<LocList>
<Loc EndOffset="17513" SrcFileId="1" StartOffset="17443"/>
</LocList>
</BasicStmnt>
<BasicStmnt CovItemId="S343" CovItemPrefix="test.BillTest.java" Intrnl_Id="411">
<LocList>
<Loc EndOffset="17532" SrcFileId="1" StartOffset="17517"/>
</LocList>
</BasicStmnt>
<BasicStmnt CovItemId="S344" CovItemPrefix="test.BillTest.java" Intrnl_Id="412">
<LocList>
<Loc EndOffset="17605" SrcFileId="1" StartOffset="17535"/>
</LocList>
</BasicStmnt>
</StmntSeq>
</HierarchyLvl>
<HierarchyLvl HierarchyLvlId="929" HierarchyLvlTypeId="4" Intrnl_Id="413" Name="testcase29">
<Header>
<Loc EndOffset="17644" SrcFileId="1" StartOffset="17613"/>
</Header>
<LocList>
<Loc EndOffset="18461" SrcFileId="1" StartOffset="17613"/>
</LocList>
<StmntSeq Intrnl_Id="414">
<LocList>
<Loc EndOffset="17688" SrcFileId="1" StartOffset="17664"/>
<Loc EndOffset="17743" SrcFileId="1" StartOffset="17691"/>
<Loc EndOffset="17772" SrcFileId="1" StartOffset="17746"/>
<Loc EndOffset="17835" SrcFileId="1" StartOffset="17775"/>
<Loc EndOffset="17857" SrcFileId="1" StartOffset="17838"/>
<Loc EndOffset="17921" SrcFileId="1" StartOffset="17860"/>
<Loc EndOffset="17943" SrcFileId="1" StartOffset="17924"/>
<Loc EndOffset="18016" SrcFileId="1" StartOffset="17946"/>
<Loc EndOffset="18038" SrcFileId="1" StartOffset="18019"/>
<Loc EndOffset="18101" SrcFileId="1" StartOffset="18041"/>
<Loc EndOffset="18129" SrcFileId="1" StartOffset="18104"/>
<Loc EndOffset="18192" SrcFileId="1" StartOffset="18132"/>
<Loc EndOffset="18225" SrcFileId="1" StartOffset="18199"/>
<Loc EndOffset="18288" SrcFileId="1" StartOffset="18228"/>
<Loc EndOffset="18312" SrcFileId="1" StartOffset="18292"/>
<Loc EndOffset="18375" SrcFileId="1" StartOffset="18315"/>
<Loc EndOffset="18394" SrcFileId="1" StartOffset="18379"/>
<Loc EndOffset="18457" SrcFileId="1" StartOffset="18397"/>
</LocList>
<BasicStmnt CovItemId="S345" CovItemPrefix="test.BillTest.java" Intrnl_Id="415">
<LocList>
<Loc EndOffset="17688" SrcFileId="1" StartOffset="17664"/>
</LocList>
</BasicStmnt>
<BasicStmnt CovItemId="S346" CovItemPrefix="test.BillTest.java" Intrnl_Id="416">
<LocList>
<Loc EndOffset="17743" SrcFileId="1" StartOffset="17691"/>
</LocList>
</BasicStmnt>
<BasicStmnt CovItemId="S347" CovItemPrefix="test.BillTest.java" Intrnl_Id="417">
<LocList>
<Loc EndOffset="17772" SrcFileId="1" StartOffset="17746"/>
</LocList>
</BasicStmnt>
<BasicStmnt CovItemId="S348" CovItemPrefix="test.BillTest.java" Intrnl_Id="418">
<LocList>
<Loc EndOffset="17835" SrcFileId="1" StartOffset="17775"/>
</LocList>
</BasicStmnt>
<BasicStmnt CovItemId="S349" CovItemPrefix="test.BillTest.java" Intrnl_Id="419">
<LocList>
<Loc EndOffset="17857" SrcFileId="1" StartOffset="17838"/>
</LocList>
</BasicStmnt>
<BasicStmnt CovItemId="S350" CovItemPrefix="test.BillTest.java" Intrnl_Id="420">
<LocList>
<Loc EndOffset="17921" SrcFileId="1" StartOffset="17860"/>
</LocList>
</BasicStmnt>
<BasicStmnt CovItemId="S351" CovItemPrefix="test.BillTest.java" Intrnl_Id="421">
<LocList>
<Loc EndOffset="17943" SrcFileId="1" StartOffset="17924"/>
</LocList>
</BasicStmnt>
<BasicStmnt CovItemId="S352" CovItemPrefix="test.BillTest.java" Intrnl_Id="422">
<LocList>
<Loc EndOffset="18016" SrcFileId="1" StartOffset="17946"/>
</LocList>
</BasicStmnt>
<BasicStmnt CovItemId="S353" CovItemPrefix="test.BillTest.java" Intrnl_Id="423">
<LocList>
<Loc EndOffset="18038" SrcFileId="1" StartOffset="18019"/>
</LocList>
</BasicStmnt>
<BasicStmnt CovItemId="S354" CovItemPrefix="test.BillTest.java" Intrnl_Id="424">
<LocList>
<Loc EndOffset="18101" SrcFileId="1" StartOffset="18041"/>
</LocList>
</BasicStmnt>
<BasicStmnt CovItemId="S355" CovItemPrefix="test.BillTest.java" Intrnl_Id="425">
<LocList>
<Loc EndOffset="18129" SrcFileId="1" StartOffset="18104"/>
</LocList>
</BasicStmnt>
<BasicStmnt CovItemId="S356" CovItemPrefix="test.BillTest.java" Intrnl_Id="426">
<LocList>
<Loc EndOffset="18192" SrcFileId="1" StartOffset="18132"/>
</LocList>
</BasicStmnt>
<BasicStmnt CovItemId="S357" CovItemPrefix="test.BillTest.java" Intrnl_Id="427">
<LocList>
<Loc EndOffset="18225" SrcFileId="1" StartOffset="18199"/>
</LocList>
</BasicStmnt>
<BasicStmnt CovItemId="S358" CovItemPrefix="test.BillTest.java" Intrnl_Id="428">
<LocList>
<Loc EndOffset="18288" SrcFileId="1" StartOffset="18228"/>
</LocList>
</BasicStmnt>
<BasicStmnt CovItemId="S359" CovItemPrefix="test.BillTest.java" Intrnl_Id="429">
<LocList>
<Loc EndOffset="18312" SrcFileId="1" StartOffset="18292"/>
</LocList>
</BasicStmnt>
<BasicStmnt CovItemId="S360" CovItemPrefix="test.BillTest.java" Intrnl_Id="430">
<LocList>
<Loc EndOffset="18375" SrcFileId="1" StartOffset="18315"/>
</LocList>
</BasicStmnt>
<BasicStmnt CovItemId="S361" CovItemPrefix="test.BillTest.java" Intrnl_Id="431">
<LocList>
<Loc EndOffset="18394" SrcFileId="1" StartOffset="18379"/>
</LocList>
</BasicStmnt>
<BasicStmnt CovItemId="S362" CovItemPrefix="test.BillTest.java" Intrnl_Id="432">
<LocList>
<Loc EndOffset="18457" SrcFileId="1" StartOffset="18397"/>
</LocList>
</BasicStmnt>
</StmntSeq>
</HierarchyLvl>
</HierarchyLvl>
</HierarchyLvl>
</HierarchyLvl>
</MASTRoot>
</TestSessionContainer>
