<?xml version="1.0" encoding="UTF-8"?><TestSessionContainer xmlns="http://www.codecover.org/xml/testsession-container" Date="1414000622930" TestSessionContainerId="61890dd0-3930-4bfa-ac57-07e7be056ad9" version="1.0">
<SrcFileList>
<SrcFile Content="package test;&#10;&#10;import static org.junit.Assert.*;&#10;&#10;import org.junit.After;&#10;import org.junit.AfterClass;&#10;import org.junit.Before;&#10;import org.junit.BeforeClass;&#10;import org.junit.Test;&#10;&#10;import bill.Bill;&#10;&#10;public class BillTest {&#10;&#10;&#9;@BeforeClass&#10;&#9;public static void setUpBeforeClass() throws Exception {&#10;&#9;}&#10;&#10;&#9;@AfterClass&#10;&#9;public static void tearDownAfterClass() throws Exception {&#10;&#9;}&#10;&#10;&#9;@Before&#10;&#9;public void setUp() throws Exception {&#10;&#9;}&#10;&#10;&#9;@After&#10;&#9;public void tearDown() throws Exception {&#10;&#9;}&#10;&#9;&#10;&#9;@Test&#10;&#9;public void testcase1() {&#10;&#9;&#9;//Conformance Test&#10;&#9;&#9;Bill aBill = new Bill();&#10;&#9;&#9;assertEquals(&quot;inPreparation&quot;, aBill.getBillState());&#10;&#9;&#9;aBill.introduceInHouse();&#10;&#9;&#9;assertEquals(&quot;firstReading&quot;, aBill.getBillStateInHouseOfCommons());&#10;&#9;&#9;aBill.withdraw();&#10;&#9;&#9;assertEquals(&quot;withdrawn&quot;, aBill.getBillState());&#10;&#9;&#9;aBill.modify();&#10;&#9;&#9;assertEquals(&quot;inPreparation&quot;, aBill.getBillState());&#10;&#9;&#9;&#10;&#9;&#9;//Sneak Paths&#10;&#9;&#9;//Test ID 1.1&#10;&#9;&#9;aBill.votePasses();&#10;&#9;&#9;assertEquals(&quot;inPreparation&quot;, aBill.getBillState());&#10;&#9;&#9;//Test ID 1.2&#10;&#9;&#9;aBill.voteFails();&#10;&#9;&#9;//Test ID 1.3&#10;&#9;&#9;assertEquals(&quot;inPreparation&quot;, aBill.getBillState());&#10;&#9;&#9;//Test ID 1.4&#10;&#9;&#9;aBill.withdraw();&#10;&#9;&#9;assertEquals(&quot;inPreparation&quot;, aBill.getBillState());&#10;&#9;&#9;//Test ID 1.5&#10;&#9;&#9;aBill.royalAssent();&#10;&#9;&#9;assertEquals(&quot;inPreparation&quot;, aBill.getBillState());&#10;&#9;&#9;//Test ID 1.6&#10;&#9;&#9;aBill.modify();&#10;&#9;&#9;assertEquals(&quot;inPreparation&quot;, aBill.getBillState());&#10;&#9;}&#10;&#9;&#10;&#9;@Test&#10;&#9;public void testcase2() {&#10;&#9;&#9;//Conformance Test&#10;&#9;&#9;Bill aBill = new Bill();&#10;&#9;&#9;assertEquals(&quot;inPreparation&quot;, aBill.getBillState());&#10;&#9;&#9;aBill.introduceInHouse();&#10;&#9;&#9;assertEquals(&quot;firstReading&quot;, aBill.getBillStateInHouseOfCommons());&#10;&#9;&#9;System.out.println(aBill.getBillState());&#10;&#9;&#9;aBill.voteFails();&#10;&#9;&#9;//error: should go to withdrawn state, but enters secondReading instead&#10;&#9;&#9;assertEquals(&quot;withdrawn&quot;, aBill.getBillState());&#10;&#10;&#9;&#9;//Sneak Paths&#10;&#9;&#9;//Test ID 2.1&#10;&#9;&#9;aBill.votePasses();&#10;&#9;&#9;assertEquals(&quot;withdrawn&quot;, aBill.getBillState());&#10;&#9;&#9;//Test ID 2.2&#10;&#9;&#9;aBill.voteFails();&#10;&#9;&#9;assertEquals(&quot;withdrawn&quot;, aBill.getBillState());&#10;&#9;&#9;//Test ID 2.3&#10;&#9;&#9;aBill.withdraw();&#10;&#9;&#9;assertEquals(&quot;withdrawn&quot;, aBill.getBillState());&#10;&#9;&#9;//Test ID 2.4&#10;&#9;&#9;aBill.introduceInHouse();&#10;&#9;&#9;assertEquals(&quot;withdrawn&quot;, aBill.getBillState());&#10;&#9;&#9;//Test ID 2.5&#10;&#9;&#9;aBill.introduceInSenate();&#10;&#9;&#9;assertEquals(&quot;withdrawn&quot;, aBill.getBillState());&#10;&#9;&#9;//Test ID 2.6&#10;&#9;&#9;aBill.royalAssent();&#10;&#9;&#9;assertEquals(&quot;withdrawn&quot;, aBill.getBillState());&#10;&#9;}&#10;&#9;&#10;&#9;@Test&#10;&#9;public void testcase3() {&#10;&#9;&#9;//Conformance Test&#10;&#9;&#9;Bill aBill = new Bill();&#10;&#9;&#9;assertEquals(&quot;inPreparation&quot;, aBill.getBillState());&#10;&#9;&#9;aBill.introduceInHouse();&#10;&#9;&#9;assertEquals(&quot;firstReading&quot;, aBill.getBillStateInHouseOfCommons());&#10;&#9;&#9;aBill.votePasses();&#10;&#9;&#9;assertEquals(&quot;secondReading&quot;, aBill.getBillStateInHouseOfCommons());&#10;&#9;&#9;aBill.withdraw();&#10;&#9;&#9;assertEquals(&quot;withdrawn&quot;, aBill.getBillState());&#10;&#9;}&#10;&#9;&#10;&#9;@Test&#10;&#9;public void testcase4() {&#10;&#9;&#9;//Conformance Test&#10;&#9;&#9;Bill aBill = new Bill();&#10;&#9;&#9;assertEquals(&quot;inPreparation&quot;, aBill.getBillState());&#10;&#9;&#9;aBill.introduceInHouse();&#10;&#9;&#9;assertEquals(&quot;firstReading&quot;, aBill.getBillStateInHouseOfCommons());&#10;&#9;&#9;aBill.votePasses();&#10;&#9;&#9;assertEquals(&quot;secondReading&quot;, aBill.getBillStateInHouseOfCommons());&#10;&#9;&#9;aBill.voteFails();&#10;&#9;&#9;//error&#10;&#9;&#9;assertEquals(&quot;withdrawn&quot;, aBill.getBillState());&#10;&#9;}&#10;&#9;&#10;&#9;@Test&#10;&#9;public void testcase5() {&#10;&#9;&#9;//Conformance Test&#10;&#9;&#9;Bill aBill = new Bill();&#10;&#9;&#9;assertEquals(&quot;inPreparation&quot;, aBill.getBillState());&#10;&#9;&#9;aBill.introduceInHouse();&#10;&#9;&#9;assertEquals(&quot;firstReading&quot;, aBill.getBillStateInHouseOfCommons());&#10;&#9;&#9;aBill.votePasses();&#10;&#9;&#9;assertEquals(&quot;secondReading&quot;, aBill.getBillStateInHouseOfCommons());&#10;&#9;&#9;aBill.votePasses();&#10;&#9;&#9;assertEquals(&quot;committeeConsideration&quot;, aBill.getBillStateInHouseOfCommons());&#10;&#9;&#9;aBill.withdraw();&#10;&#9;&#9;assertEquals(&quot;withdrawn&quot;, aBill.getBillState());&#10;&#9;}&#10;&#9;&#10;&#9;@Test&#10;&#9;public void testcase6() {&#10;&#9;&#9;//Conformance Test&#10;&#9;&#9;Bill aBill = new Bill();&#10;&#9;&#9;assertEquals(&quot;inPreparation&quot;, aBill.getBillState());&#10;&#9;&#9;aBill.introduceInHouse();&#10;&#9;&#9;assertEquals(&quot;firstReading&quot;, aBill.getBillStateInHouseOfCommons());&#10;&#9;&#9;aBill.votePasses();&#10;&#9;&#9;assertEquals(&quot;secondReading&quot;, aBill.getBillStateInHouseOfCommons());&#10;&#9;&#9;aBill.votePasses();&#10;&#9;&#9;assertEquals(&quot;committeeConsideration&quot;, aBill.getBillStateInHouseOfCommons());&#10;&#9;&#9;aBill.voteFails();&#10;&#9;&#9;//error&#10;&#9;&#9;assertEquals(&quot;withdrawn&quot;, aBill.getBillState());&#10;&#9;}&#10;&#9;&#10;&#9;@Test&#10;&#9;public void testcase7() {&#10;&#9;&#9;//Conformance Test&#10;&#9;&#9;Bill aBill = new Bill();&#10;&#9;&#9;assertEquals(&quot;inPreparation&quot;, aBill.getBillState());&#10;&#9;&#9;aBill.introduceInHouse();&#10;&#9;&#9;assertEquals(&quot;firstReading&quot;, aBill.getBillStateInHouseOfCommons());&#10;&#9;&#9;aBill.votePasses();&#10;&#9;&#9;assertEquals(&quot;secondReading&quot;, aBill.getBillStateInHouseOfCommons());&#10;&#9;&#9;aBill.votePasses();&#10;&#9;&#9;assertEquals(&quot;committeeConsideration&quot;, aBill.getBillStateInHouseOfCommons());&#10;&#9;&#9;aBill.votePasses();&#10;&#9;&#9;assertEquals(&quot;thirdReading&quot;, aBill.getBillStateInHouseOfCommons());&#10;&#9;&#9;aBill.withdraw();&#10;&#9;&#9;assertEquals(&quot;withdrawn&quot;, aBill.getBillState());&#10;&#9;}&#10;&#9;&#10;&#9;@Test&#10;&#9;public void testcase8() {&#10;&#9;&#9;//Conformance Test&#10;&#9;&#9;Bill aBill = new Bill();&#10;&#9;&#9;assertEquals(&quot;inPreparation&quot;, aBill.getBillState());&#10;&#9;&#9;aBill.introduceInHouse();&#10;&#9;&#9;assertEquals(&quot;firstReading&quot;, aBill.getBillStateInHouseOfCommons());&#10;&#9;&#9;aBill.votePasses();&#10;&#9;&#9;assertEquals(&quot;secondReading&quot;, aBill.getBillStateInHouseOfCommons());&#10;&#9;&#9;aBill.votePasses();&#10;&#9;&#9;assertEquals(&quot;committeeConsideration&quot;, aBill.getBillStateInHouseOfCommons());&#10;&#9;&#9;aBill.votePasses();&#10;&#9;&#9;assertEquals(&quot;thirdReading&quot;, aBill.getBillStateInHouseOfCommons());&#10;&#9;&#9;aBill.voteFails();&#10;&#9;&#9;//error&#10;&#9;&#9;assertEquals(&quot;withdrawn&quot;, aBill.getBillState());&#10;&#9;}&#10;&#9;&#10;&#9;@Test&#10;&#9;public void testcase9() {&#10;&#9;&#9;//Conformance Test&#10;&#9;&#9;Bill aBill = new Bill();&#10;&#9;&#9;assertEquals(&quot;inPreparation&quot;, aBill.getBillState());&#10;&#9;&#9;aBill.introduceInHouse();&#10;&#9;&#9;assertEquals(&quot;firstReading&quot;, aBill.getBillStateInHouseOfCommons());&#10;&#9;&#9;aBill.votePasses();&#10;&#9;&#9;assertEquals(&quot;secondReading&quot;, aBill.getBillStateInHouseOfCommons());&#10;&#9;&#9;aBill.votePasses();&#10;&#9;&#9;assertEquals(&quot;committeeConsideration&quot;, aBill.getBillStateInHouseOfCommons());&#10;&#9;&#9;aBill.votePasses();&#10;&#9;&#9;assertEquals(&quot;thirdReading&quot;, aBill.getBillStateInHouseOfCommons());&#10;&#9;&#9;aBill.votePasses();&#10;&#9;&#9;assertEquals(&quot;firstReadingS&quot;, aBill.getBillStateInSenate());&#10;&#9;}&#10;&#9;&#10;&#9;@Test&#10;&#9;public void testcase10() {&#10;&#9;&#9;//Conformance Test&#10;&#9;&#9;Bill aBill = new Bill();&#10;&#9;&#9;aBill.setIsCommonsBill(false);&#10;&#9;&#9;assertEquals(&quot;inPreparation&quot;, aBill.getBillState());&#10;&#9;&#9;aBill.introduceInHouse();&#10;&#9;&#9;assertEquals(&quot;firstReading&quot;, aBill.getBillStateInHouseOfCommons());&#10;&#9;&#9;aBill.votePasses();&#10;&#9;&#9;assertEquals(&quot;secondReading&quot;, aBill.getBillStateInHouseOfCommons());&#10;&#9;&#9;aBill.votePasses();&#10;&#9;&#9;assertEquals(&quot;committeeConsideration&quot;, aBill.getBillStateInHouseOfCommons());&#10;&#9;&#9;aBill.votePasses();&#10;&#9;&#9;assertEquals(&quot;thirdReading&quot;, aBill.getBillStateInHouseOfCommons());&#10;&#9;&#9;aBill.votePasses();&#10;&#9;&#9;//error&#10;&#9;&#9;assertEquals(&quot;awaitingRoyalAssent&quot;, aBill.getBillState());&#10;&#9;&#9;aBill.royalAssent();&#10;&#9;&#9;assertEquals(&quot;actOfParliament&quot;, aBill.getBillState());&#10;&#9;}&#10;&#9;&#10;&#9;@Test&#10;&#9;public void testcase11() {&#10;&#9;&#9;//Conformance Test&#10;&#9;&#9;Bill aBill = new Bill();&#10;&#9;&#9;assertEquals(&quot;inPreparation&quot;, aBill.getBillState());&#10;&#9;&#9;aBill.introduceInSenate();&#10;&#9;&#9;assertEquals(&quot;firstReadingS&quot;, aBill.getBillStateInSenate());&#10;&#9;&#9;aBill.withdraw();&#10;&#9;&#9;assertEquals(&quot;withdrawn&quot;, aBill.getBillState());&#10;&#9;}&#10;&#9;&#10;&#9;@Test&#10;&#9;public void testcase12() {&#10;&#9;&#9;//Conformance Test&#10;&#9;&#9;Bill aBill = new Bill();&#10;&#9;&#9;assertEquals(&quot;inPreparation&quot;, aBill.getBillState());&#10;&#9;&#9;aBill.introduceInSenate();&#10;&#9;&#9;assertEquals(&quot;firstReadingS&quot;, aBill.getBillStateInSenate());&#10;&#9;&#9;aBill.voteFails();&#10;&#9;&#9;assertEquals(&quot;withdrawn&quot;, aBill.getBillState());&#10;&#9;}&#10;&#9;&#10;&#9;@Test&#10;&#9;public void testcase13() {&#10;&#9;&#9;//Conformance Test&#10;&#9;&#9;Bill aBill = new Bill();&#10;&#9;&#9;assertEquals(&quot;inPreparation&quot;, aBill.getBillState());&#10;&#9;&#9;aBill.introduceInSenate();&#10;&#9;&#9;assertEquals(&quot;firstReadingS&quot;, aBill.getBillStateInSenate());&#10;&#9;&#9;aBill.votePasses();&#10;&#9;&#9;assertEquals(&quot;secondReadingS&quot;, aBill.getBillStateInSenate());&#10;&#9;&#9;aBill.withdraw();&#10;&#9;&#9;assertEquals(&quot;withdrawn&quot;, aBill.getBillState());&#10;&#9;}&#10;&#9;&#10;&#9;@Test&#10;&#9;public void testcase14() {&#10;&#9;&#9;//Conformance Test&#10;&#9;&#9;Bill aBill = new Bill();&#10;&#9;&#9;assertEquals(&quot;inPreparation&quot;, aBill.getBillState());&#10;&#9;&#9;aBill.introduceInSenate();&#10;&#9;&#9;assertEquals(&quot;firstReadingS&quot;, aBill.getBillStateInSenate());&#10;&#9;&#9;aBill.votePasses();&#10;&#9;&#9;assertEquals(&quot;secondReadingS&quot;, aBill.getBillStateInSenate());&#10;&#9;&#9;aBill.voteFails();&#10;&#9;&#9;assertEquals(&quot;withdrawn&quot;, aBill.getBillState());&#10;&#9;}&#10;&#9;&#10;&#9;@Test&#10;&#9;public void testcase15() {&#10;&#9;&#9;//Conformance Test&#10;&#9;&#9;Bill aBill = new Bill();&#10;&#9;&#9;assertEquals(&quot;inPreparation&quot;, aBill.getBillState());&#10;&#9;&#9;aBill.introduceInSenate();&#10;&#9;&#9;assertEquals(&quot;firstReadingS&quot;, aBill.getBillStateInSenate());&#10;&#9;&#9;aBill.votePasses();&#10;&#9;&#9;assertEquals(&quot;secondReadingS&quot;, aBill.getBillStateInSenate());&#10;&#9;&#9;aBill.votePasses();&#10;&#9;&#9;assertEquals(&quot;committeeConsiderationS&quot;, aBill.getBillStateInSenate());&#10;&#9;&#9;aBill.withdraw();&#10;&#9;&#9;assertEquals(&quot;withdrawn&quot;, aBill.getBillState());&#10;&#9;}&#10;&#9;@Test&#10;&#9;public void testcase16() {&#10;&#9;&#9;//Conformance Test&#10;&#9;&#9;Bill aBill = new Bill();&#10;&#9;&#9;assertEquals(&quot;inPreparation&quot;, aBill.getBillState());&#10;&#9;&#9;aBill.introduceInSenate();&#10;&#9;&#9;assertEquals(&quot;firstReadingS&quot;, aBill.getBillStateInSenate());&#10;&#9;&#9;aBill.votePasses();&#10;&#9;&#9;assertEquals(&quot;secondReadingS&quot;, aBill.getBillStateInSenate());&#10;&#9;&#9;aBill.votePasses();&#10;&#9;&#9;assertEquals(&quot;committeeConsiderationS&quot;, aBill.getBillStateInSenate());&#10;&#9;&#9;aBill.voteFails();&#10;&#9;&#9;assertEquals(&quot;withdrawn&quot;, aBill.getBillState());&#10;&#9;}&#10;&#9;@Test&#10;&#9;public void testcase17() {&#10;&#9;&#9;//Conformance Test&#10;&#9;&#9;Bill aBill = new Bill();&#10;&#9;&#9;assertEquals(&quot;inPreparation&quot;, aBill.getBillState());&#10;&#9;&#9;aBill.introduceInSenate();&#10;&#9;&#9;assertEquals(&quot;firstReadingS&quot;, aBill.getBillStateInSenate());&#10;&#9;&#9;aBill.votePasses();&#10;&#9;&#9;assertEquals(&quot;secondReadingS&quot;, aBill.getBillStateInSenate());&#10;&#9;&#9;aBill.votePasses();&#10;&#9;&#9;assertEquals(&quot;committeeConsiderationS&quot;, aBill.getBillStateInSenate());&#10;&#9;&#9;aBill.votePasses();&#10;&#9;&#9;assertEquals(&quot;thirdReadingS&quot;, aBill.getBillStateInSenate());&#10;&#9;&#9;aBill.withdraw();&#10;&#9;&#9;assertEquals(&quot;withdrawn&quot;, aBill.getBillState());&#10;&#10;&#9;}&#10;&#9;&#10;&#9;@Test&#10;&#9;public void testcase18() {&#10;&#9;&#9;//Conformance Test&#10;&#9;&#9;Bill aBill = new Bill();&#10;&#9;&#9;assertEquals(&quot;inPreparation&quot;, aBill.getBillState());&#10;&#9;&#9;aBill.introduceInSenate();&#10;&#9;&#9;assertEquals(&quot;firstReadingS&quot;, aBill.getBillStateInSenate());&#10;&#9;&#9;aBill.votePasses();&#10;&#9;&#9;assertEquals(&quot;secondReadingS&quot;, aBill.getBillStateInSenate());&#10;&#9;&#9;aBill.votePasses();&#10;&#9;&#9;assertEquals(&quot;committeeConsiderationS&quot;, aBill.getBillStateInSenate());&#10;&#9;&#9;aBill.votePasses();&#10;&#9;&#9;assertEquals(&quot;thirdReadingS&quot;, aBill.getBillStateInSenate());&#10;&#9;&#9;aBill.voteFails();&#10;&#9;&#9;assertEquals(&quot;withdrawn&quot;, aBill.getBillState());&#10;&#10;&#9;}&#10;&#9;@Test&#10;&#9;public void testcase19() {&#10;&#9;&#9;//Conformance Test&#10;&#9;&#9;Bill aBill = new Bill();&#10;&#9;&#9;aBill.setIsCommonsBill(false);&#10;&#9;&#9;assertEquals(&quot;inPreparation&quot;, aBill.getBillState());&#10;&#9;&#9;aBill.introduceInSenate();&#10;&#9;&#9;assertEquals(&quot;firstReadingS&quot;, aBill.getBillStateInSenate());&#10;&#9;&#9;aBill.votePasses();&#10;&#9;&#9;assertEquals(&quot;secondReadingS&quot;, aBill.getBillStateInSenate());&#10;&#9;&#9;aBill.votePasses();&#10;&#9;&#9;assertEquals(&quot;committeeConsiderationS&quot;, aBill.getBillStateInSenate());&#10;&#9;&#9;aBill.votePasses();&#10;&#9;&#9;assertEquals(&quot;thirdReadingS&quot;, aBill.getBillStateInSenate());&#10;&#9;&#9;aBill.votePasses();&#10;&#9;&#9;//error&#10;&#9;&#9;assertEquals(&quot;firstReading&quot;, aBill.getBillStateInHouseOfCommons());&#10;&#10;&#9;}&#10;&#9;@Test&#10;&#9;public void testcase20() {&#10;&#9;&#9;//Conformance Test&#10;&#9;&#9;Bill aBill = new Bill();&#10;&#9;&#9;aBill.setIsCommonsBill(true);&#10;&#9;&#9;assertEquals(&quot;inPreparation&quot;, aBill.getBillState());&#10;&#9;&#9;aBill.introduceInSenate();&#10;&#9;&#9;assertEquals(&quot;firstReadingS&quot;, aBill.getBillStateInSenate());&#10;&#9;&#9;aBill.votePasses();&#10;&#9;&#9;assertEquals(&quot;secondReadingS&quot;, aBill.getBillStateInSenate());&#10;&#9;&#9;aBill.votePasses();&#10;&#9;&#9;assertEquals(&quot;committeeConsiderationS&quot;, aBill.getBillStateInSenate());&#10;&#9;&#9;aBill.votePasses();&#10;&#9;&#9;assertEquals(&quot;thirdReadingS&quot;, aBill.getBillStateInSenate());&#10;&#9;&#9;aBill.votePasses();&#10;&#9;&#9;//error&#10;&#9;&#9;assertEquals(&quot;awaitingRoyalAssent&quot;, aBill.getBillState());&#10;&#10;&#9;}&#10;&#9;@Test&#10;&#9;public void testcase21() {&#10;&#9;&#9;//Sneak Test&#10;&#9;&#9;Bill aBill = new Bill();&#10;&#9;&#9;assertEquals(&quot;inPreparation&quot;, aBill.getBillState());&#10;&#9;&#9;aBill.introduceInHouse();&#10;&#9;&#9;assertEquals(&quot;firstReading&quot;, aBill.getBillStateInHouseOfCommons());&#10;&#9;&#9;aBill.introduceInHouse();&#10;&#9;&#9;assertEquals(&quot;firstReading&quot;, aBill.getBillStateInHouseOfCommons());&#10;&#9;&#9;&#10;&#9;&#9;aBill.introduceInSenate();&#10;&#9;&#9;assertEquals(&quot;firstReading&quot;, aBill.getBillStateInHouseOfCommons());&#10;&#9;&#9;&#10;&#9;&#9;aBill.royalAssent();&#10;&#9;&#9;assertEquals(&quot;firstReading&quot;, aBill.getBillStateInHouseOfCommons());&#10;&#10;&#9;&#9;aBill.modify();&#10;&#9;&#9;assertEquals(&quot;firstReading&quot;, aBill.getBillStateInHouseOfCommons());&#10;&#10;&#9;&#9;&#10;&#9;}&#10;&#9;&#10;&#9;@Test&#10;&#9;public void testcase22() {&#10;&#9;&#9;//Sneak Test&#10;&#9;&#9;Bill aBill = new Bill();&#10;&#9;&#9;assertEquals(&quot;inPreparation&quot;, aBill.getBillState());&#10;&#9;&#9;aBill.introduceInHouse();&#10;&#9;&#9;assertEquals(&quot;firstReading&quot;, aBill.getBillStateInHouseOfCommons());&#10;&#9;&#9;aBill.votePasses();&#10;&#9;&#9;assertEquals(&quot;secondReading&quot;, aBill.getBillStateInHouseOfCommons());&#10;&#9;&#9;aBill.introduceInHouse();&#10;&#9;&#9;assertEquals(&quot;secondReading&quot;, aBill.getBillStateInHouseOfCommons());&#10;&#9;&#9;&#10;&#9;&#9;aBill.introduceInSenate();&#10;&#9;&#9;assertEquals(&quot;secondReading&quot;, aBill.getBillStateInHouseOfCommons());&#10;&#9;&#9;&#10;&#9;&#9;aBill.royalAssent();&#10;&#9;&#9;assertEquals(&quot;secondReading&quot;, aBill.getBillStateInHouseOfCommons());&#10;&#10;&#9;&#9;aBill.modify();&#10;&#9;&#9;assertEquals(&quot;secondReading&quot;, aBill.getBillStateInHouseOfCommons());&#10;&#10;&#9;}&#10;&#9;@Test&#10;&#9;public void testcase23() {&#10;&#9;&#9;//Sneak Test&#10;&#9;&#9;Bill aBill = new Bill();&#10;&#9;&#9;assertEquals(&quot;inPreparation&quot;, aBill.getBillState());&#10;&#9;&#9;aBill.introduceInHouse();&#10;&#9;&#9;assertEquals(&quot;firstReading&quot;, aBill.getBillStateInHouseOfCommons());&#10;&#9;&#9;aBill.votePasses();&#10;&#9;&#9;assertEquals(&quot;secondReading&quot;, aBill.getBillStateInHouseOfCommons());&#10;&#9;&#9;aBill.votePasses();&#10;&#9;&#9;assertEquals(&quot;committeeConsideration&quot;, aBill.getBillStateInHouseOfCommons());&#10;&#9;&#9;&#10;&#9;&#9;aBill.introduceInSenate();&#10;&#9;&#9;assertEquals(&quot;committeeConsideration&quot;, aBill.getBillStateInHouseOfCommons());&#10;&#9;&#9;&#10;&#9;&#9;aBill.royalAssent();&#10;&#9;&#9;assertEquals(&quot;committeeConsideration&quot;, aBill.getBillStateInHouseOfCommons());&#10;&#10;&#9;&#9;aBill.modify();&#10;&#9;&#9;assertEquals(&quot;committeeConsideration&quot;, aBill.getBillStateInHouseOfCommons());&#10;&#10;&#9;}&#10;&#9;&#10;&#9;@Test&#10;&#9;public void testcase24() {&#10;&#9;&#9;//Sneak Test&#10;&#9;&#9;Bill aBill = new Bill();&#10;&#9;&#9;assertEquals(&quot;inPreparation&quot;, aBill.getBillState());&#10;&#9;&#9;aBill.introduceInHouse();&#10;&#9;&#9;assertEquals(&quot;firstReading&quot;, aBill.getBillStateInHouseOfCommons());&#10;&#9;&#9;aBill.votePasses();&#10;&#9;&#9;assertEquals(&quot;secondReading&quot;, aBill.getBillStateInHouseOfCommons());&#10;&#9;&#9;aBill.votePasses();&#10;&#9;&#9;assertEquals(&quot;committeeConsideration&quot;, aBill.getBillStateInHouseOfCommons());&#10;&#9;&#9;aBill.votePasses();&#10;&#9;&#9;assertEquals(&quot;thirdReading&quot;, aBill.getBillStateInHouseOfCommons());&#10;&#10;&#9;&#9;aBill.introduceInSenate();&#10;&#9;&#9;assertEquals(&quot;thirdReading&quot;, aBill.getBillStateInHouseOfCommons());&#10;&#9;&#9;&#10;&#9;&#9;aBill.royalAssent();&#10;&#9;&#9;assertEquals(&quot;thirdReading&quot;, aBill.getBillStateInHouseOfCommons());&#10;&#10;&#9;&#9;aBill.modify();&#10;&#9;&#9;assertEquals(&quot;thirdReading&quot;, aBill.getBillStateInHouseOfCommons());&#10;&#10;&#9;}&#10;&#9;&#10;&#9;@Test&#10;&#9;public void testcase25() {&#10;&#9;&#9;//Sneak Test&#10;&#9;&#9;Bill aBill = new Bill();&#10;&#9;&#9;aBill.setIsCommonsBill(false);&#10;&#9;&#9;assertEquals(&quot;inPreparation&quot;, aBill.getBillState());&#10;&#9;&#9;aBill.introduceInHouse();&#10;&#9;&#9;assertEquals(&quot;firstReading&quot;, aBill.getBillStateInHouseOfCommons());&#10;&#9;&#9;aBill.votePasses();&#10;&#9;&#9;assertEquals(&quot;secondReading&quot;, aBill.getBillStateInHouseOfCommons());&#10;&#9;&#9;aBill.votePasses();&#10;&#9;&#9;assertEquals(&quot;committeeConsideration&quot;, aBill.getBillStateInHouseOfCommons());&#10;&#9;&#9;aBill.votePasses();&#10;&#9;&#9;assertEquals(&quot;thirdReading&quot;, aBill.getBillStateInHouseOfCommons());&#10;&#9;&#9;aBill.votePasses();&#10;&#9;&#9;assertEquals(&quot;awaitingRoyalAssent&quot;, aBill.getBillState());&#10;&#10;&#9;&#9;aBill.votePasses();&#10;&#9;&#9;assertEquals(&quot;awaitingRoyalAssent&quot;, aBill.getBillState());&#10;&#9;&#9;&#10;&#9;&#9;aBill.voteFails();&#10;&#9;&#9;assertEquals(&quot;awaitingRoyalAssent&quot;, aBill.getBillState());&#10;&#10;&#9;&#9;aBill.withdraw();&#10;&#9;&#9;assertEquals(&quot;awaitingRoyalAssent&quot;, aBill.getBillState());&#10;&#10;&#9;&#9;aBill.introduceInHouse();&#10;&#9;&#9;assertEquals(&quot;awaitingRoyalAssent&quot;, aBill.getBillState());&#10;&#10;&#9;&#9;aBill.introduceInSenate();&#10;&#9;&#9;assertEquals(&quot;awaitingRoyalAssent&quot;, aBill.getBillState());&#10;&#10;&#9;&#9;aBill.modify();&#10;&#9;&#9;assertEquals(&quot;awaitingRoyalAssent&quot;, aBill.getBillState());&#10;&#10;&#9;}&#10;&#9;&#10;&#9;@Test&#10;&#9;public void testcase26() {&#10;&#9;&#9;//Sneak Test&#10;&#9;&#9;Bill aBill = new Bill();&#10;&#9;&#9;assertEquals(&quot;inPreparation&quot;, aBill.getBillState());&#10;&#9;&#9;aBill.introduceInSenate();&#10;&#9;&#9;assertEquals(&quot;firstReadingS&quot;, aBill.getBillStateInSenate());&#10;&#9;&#9;aBill.introduceInHouse();&#10;&#9;&#9;assertEquals(&quot;firstReadingS&quot;, aBill.getBillStateInSenate());&#10;&#10;&#9;&#9;aBill.introduceInSenate();&#10;&#9;&#9;assertEquals(&quot;firstReadingS&quot;, aBill.getBillStateInSenate());&#10;&#10;&#9;&#9;aBill.royalAssent();&#10;&#9;&#9;assertEquals(&quot;firstReadingS&quot;, aBill.getBillStateInSenate());&#10;&#10;&#9;&#9;aBill.modify();&#10;&#9;&#9;assertEquals(&quot;firstReadingS&quot;, aBill.getBillStateInSenate());&#10;&#10;&#9;&#9;&#10;&#9;}&#10;&#9;@Test&#10;&#9;public void testcase27() {&#10;&#9;&#9;//Sneak Test&#10;&#9;&#9;Bill aBill = new Bill();&#10;&#9;&#9;assertEquals(&quot;inPreparation&quot;, aBill.getBillState());&#10;&#9;&#9;aBill.introduceInSenate();&#10;&#9;&#9;assertEquals(&quot;firstReadingS&quot;, aBill.getBillStateInSenate());&#10;&#9;&#9;aBill.votePasses();&#10;&#9;&#9;assertEquals(&quot;secondReadingS&quot;, aBill.getBillStateInSenate());&#10;&#9;&#9;aBill.introduceInHouse();&#10;&#9;&#9;assertEquals(&quot;secondReadingS&quot;, aBill.getBillStateInSenate());&#10;&#10;&#9;&#9;aBill.introduceInSenate();&#10;&#9;&#9;assertEquals(&quot;secondReadingS&quot;, aBill.getBillStateInSenate());&#10;&#10;&#9;&#9;aBill.royalAssent();&#10;&#9;&#9;assertEquals(&quot;secondReadingS&quot;, aBill.getBillStateInSenate());&#10;&#10;&#9;&#9;aBill.modify();&#10;&#9;&#9;assertEquals(&quot;secondReadingS&quot;, aBill.getBillStateInSenate());&#10;&#10;&#9;}&#10;&#9;&#10;&#9;@Test&#10;&#9;public void testcase28() {&#10;&#9;&#9;//Sneak Test&#10;&#9;&#9;Bill aBill = new Bill();&#10;&#9;&#9;assertEquals(&quot;inPreparation&quot;, aBill.getBillState());&#10;&#9;&#9;aBill.introduceInSenate();&#10;&#9;&#9;assertEquals(&quot;firstReadingS&quot;, aBill.getBillStateInSenate());&#10;&#9;&#9;aBill.votePasses();&#10;&#9;&#9;assertEquals(&quot;secondReadingS&quot;, aBill.getBillStateInSenate());&#10;&#9;&#9;aBill.votePasses();&#10;&#9;&#9;assertEquals(&quot;committeeConsiderationS&quot;, aBill.getBillStateInSenate());&#10;&#9;&#9;aBill.introduceInHouse();&#10;&#9;&#9;assertEquals(&quot;committeeConsiderationS&quot;, aBill.getBillStateInSenate());&#10;&#10;&#9;&#9;aBill.introduceInSenate();&#10;&#9;&#9;assertEquals(&quot;committeeConsiderationS&quot;, aBill.getBillStateInSenate());&#10;&#10;&#9;&#9;aBill.royalAssent();&#10;&#9;&#9;assertEquals(&quot;committeeConsiderationS&quot;, aBill.getBillStateInSenate());&#10;&#10;&#9;&#9;aBill.modify();&#10;&#9;&#9;assertEquals(&quot;committeeConsiderationS&quot;, aBill.getBillStateInSenate());&#10;&#10;&#9;}&#10;&#9;&#10;&#9;@Test&#10;&#9;public void testcase29() {&#10;&#9;&#9;//Sneak Test&#10;&#9;&#9;Bill aBill = new Bill();&#10;&#9;&#9;assertEquals(&quot;inPreparation&quot;, aBill.getBillState());&#10;&#9;&#9;aBill.introduceInSenate();&#10;&#9;&#9;assertEquals(&quot;firstReadingS&quot;, aBill.getBillStateInSenate());&#10;&#9;&#9;aBill.votePasses();&#10;&#9;&#9;assertEquals(&quot;secondReadingS&quot;, aBill.getBillStateInSenate());&#10;&#9;&#9;aBill.votePasses();&#10;&#9;&#9;assertEquals(&quot;committeeConsiderationS&quot;, aBill.getBillStateInSenate());&#10;&#9;&#9;aBill.votePasses();&#10;&#9;&#9;assertEquals(&quot;thirdReadingS&quot;, aBill.getBillStateInSenate());&#10;&#9;&#9;aBill.introduceInHouse();&#10;&#9;&#9;assertEquals(&quot;thirdReadingS&quot;, aBill.getBillStateInSenate());&#10;&#10;&#9;&#9;&#10;&#9;&#9;aBill.introduceInSenate();&#10;&#9;&#9;assertEquals(&quot;thirdReadingS&quot;, aBill.getBillStateInSenate());&#10;&#10;&#9;&#9;aBill.royalAssent();&#10;&#9;&#9;assertEquals(&quot;thirdReadingS&quot;, aBill.getBillStateInSenate());&#10;&#10;&#9;&#9;aBill.modify();&#10;&#9;&#9;assertEquals(&quot;thirdReadingS&quot;, aBill.getBillStateInSenate());&#10;&#10;&#9;}&#10;&#9;&#10;&#9;&#10;}" Filename="BillTest.java" Intrnl_Id="1"/>
<SrcFile Content="package bill;&#10;&#10;/**&#10; * State machine of a bill in Canadian parliament&#10; */&#10;public class Bill&#10;{&#10;&#10;  //------------------------&#10;  // MEMBER VARIABLES&#10;  //------------------------&#10;&#10;  //Bill Attributes&#10;  private boolean isCommonsBill;&#10;&#10;  //Bill State Machines&#10;  enum BillState { inPreparation, inHouseOfCommons, inSenate, awaitingRoyalAssent, actOfParliament, withdrawn }&#10;  enum BillStateInHouseOfCommons { Null, firstReading, secondReading, committeeConsideration, thirdReading, lastReading }&#10;  enum BillStateInSenate { Null, firstReadingS, secondReadingS, committeeConsiderationS, thirdReadingS }&#10;  private BillState billState;&#10;  private BillStateInHouseOfCommons billStateInHouseOfCommons;&#10;  private BillStateInSenate billStateInSenate;&#10;&#10;  //------------------------&#10;  // CONSTRUCTOR&#10;  //------------------------&#10;&#10;  public Bill()&#10;  {&#10;    isCommonsBill = true;&#10;    setBillStateInHouseOfCommons(BillStateInHouseOfCommons.Null);&#10;    setBillStateInSenate(BillStateInSenate.Null);&#10;    setBillState(BillState.inPreparation);&#10;  }&#10;&#10;  //------------------------&#10;  // INTERFACE&#10;  //------------------------&#10;&#10;  public boolean setIsCommonsBill(boolean aIsCommonsBill)&#10;  {&#10;    boolean wasSet = false;&#10;    isCommonsBill = aIsCommonsBill;&#10;    wasSet = true;&#10;    return wasSet;&#10;  }&#10;&#10;  public boolean getIsCommonsBill()&#10;  {&#10;    return isCommonsBill;&#10;  }&#10;&#10;  public boolean isIsCommonsBill()&#10;  {&#10;    return isCommonsBill;&#10;  }&#10;&#10;  public boolean introduceInHouse()&#10;  {&#10;    boolean wasEventProcessed = false;&#10;    &#10;    BillState aBillState = billState;&#10;    switch (aBillState)&#10;    {&#10;      case inPreparation:&#10;        setBillState(BillState.inHouseOfCommons);&#10;        wasEventProcessed = true;&#10;        break;&#10;      default:&#10;        // Other states do respond to this event&#10;    }&#10;&#10;    return wasEventProcessed;&#10;  }&#10;&#10;  public boolean introduceInSenate()&#10;  {&#10;    boolean wasEventProcessed = false;&#10;    &#10;    BillState aBillState = billState;&#10;    switch (aBillState)&#10;    {&#10;      case inPreparation:&#10;        //isCommonsBill = false;&#10;        setBillState(BillState.inSenate);&#10;        wasEventProcessed = true;&#10;        break;&#10;      default:&#10;        // Other states do respond to this event&#10;    }&#10;&#10;    return wasEventProcessed;&#10;  }&#10;&#10;  public boolean withdraw()&#10;  {&#10;    boolean wasEventProcessed = false;&#10;    &#10;    BillState aBillState = billState;&#10;    switch (aBillState)&#10;    {&#10;      case inHouseOfCommons:&#10;        exitBillState();&#10;        setBillState(BillState.withdrawn);&#10;        wasEventProcessed = true;&#10;        break;&#10;      case inSenate:&#10;        exitBillState();&#10;        setBillState(BillState.withdrawn);&#10;        wasEventProcessed = true;&#10;        break;&#10;      default:&#10;        // Other states do respond to this event&#10;    }&#10;&#10;    return wasEventProcessed;&#10;  }&#10;&#10;  public boolean voteFails()&#10;  {&#10;    boolean wasEventProcessed = false;&#10;    &#10;    BillState aBillState = billState;&#10;    switch (aBillState)&#10;    {&#10;      case inHouseOfCommons:&#10;//        setBillStateInHouseOfCommons(BillStateInHouseOfCommons.secondReading);&#10;        exitBillState();&#10;    &#9;  setBillState(BillState.withdrawn);&#10;        wasEventProcessed = true;&#10;        break;&#10;      case inSenate:&#10;        exitBillState();&#10;        setBillState(BillState.withdrawn);&#10;        wasEventProcessed = true;&#10;        break;&#10;      default:&#10;        // Other states do respond to this event&#10;    }&#10;&#10;    return wasEventProcessed;&#10;  }&#10;&#10;  public boolean royalAssent()&#10;  {&#10;    boolean wasEventProcessed = false;&#10;    &#10;    BillState aBillState = billState;&#10;    switch (aBillState)&#10;    {&#10;      case awaitingRoyalAssent:&#10;        setBillState(BillState.actOfParliament);&#10;        wasEventProcessed = true;&#10;        break;&#10;      default:&#10;        // Other states do respond to this event&#10;    }&#10;&#10;    return wasEventProcessed;&#10;  }&#10;&#10;  public boolean voteDenied()&#10;  {&#10;    boolean wasEventProcessed = false;&#10;    &#10;    BillState aBillState = billState;&#10;    switch (aBillState)&#10;    {&#10;      case inHouseOfCommons:    &#9;  &#10;        setBillStateInHouseOfCommons(BillStateInHouseOfCommons.lastReading);&#10;        wasEventProcessed = true;&#10;        break;&#10;      case inSenate:&#10;        setBillStateInSenate(BillStateInSenate.firstReadingS);&#10;        wasEventProcessed = true;&#10;        break;&#10;      default:&#10;        // Other states do respond to this event&#10;    }&#10;&#10;    return wasEventProcessed;&#10;  }&#10;  &#10;  public boolean modify()&#10;  {&#10;    boolean wasEventProcessed = false;&#10;    &#10;    BillState aBillState = billState;&#10;    switch (aBillState)&#10;    {&#10;      case withdrawn:&#10;        setBillState(BillState.inPreparation);&#10;        wasEventProcessed = true;&#10;        break;&#10;      default:&#10;        // Other states do respond to this event&#10;    }&#10;&#10;    return wasEventProcessed;&#10;  }&#10;&#10;  private boolean exitInHouseOfCommons()&#10;  {&#10;    boolean wasEventProcessed = false;&#10;    &#10;    BillStateInHouseOfCommons aBillStateInHouseOfCommons = billStateInHouseOfCommons;&#10;    switch (aBillStateInHouseOfCommons)&#10;    {&#10;      case firstReading:&#10;        setBillStateInHouseOfCommons(BillStateInHouseOfCommons.Null);&#10;        wasEventProcessed = true;&#10;        break;&#10;      case secondReading:&#10;        setBillStateInHouseOfCommons(BillStateInHouseOfCommons.Null);&#10;        wasEventProcessed = true;&#10;        break;&#10;      case committeeConsideration:&#10;        setBillStateInHouseOfCommons(BillStateInHouseOfCommons.Null);&#10;        wasEventProcessed = true;&#10;        break;&#10;      case thirdReading:&#10;        setBillStateInHouseOfCommons(BillStateInHouseOfCommons.Null);&#10;        wasEventProcessed = true;&#10;        break;&#10;      default:&#10;        // Other states do respond to this event&#10;    }&#10;&#10;    return wasEventProcessed;&#10;  }&#10;&#10;  public boolean votePasses()&#10;  {&#10;    boolean wasEventProcessed = false;&#10;    &#10;    BillStateInHouseOfCommons aBillStateInHouseOfCommons = billStateInHouseOfCommons;&#10;    BillStateInSenate aBillStateInSenate = billStateInSenate;&#10;    switch (aBillStateInHouseOfCommons)&#10;    {&#10;      case firstReading:&#10;        setBillStateInHouseOfCommons(BillStateInHouseOfCommons.secondReading);&#10;        wasEventProcessed = true;&#10;        break;&#10;      case secondReading:&#10;        setBillStateInHouseOfCommons(BillStateInHouseOfCommons.committeeConsideration);&#10;        wasEventProcessed = true;&#10;        break;&#10;      case committeeConsideration:&#10;        setBillStateInHouseOfCommons(BillStateInHouseOfCommons.thirdReading);&#10;        wasEventProcessed = true;&#10;        break;&#10;      case thirdReading:&#10;        if (getIsCommonsBill())&#10;        {&#10;          exitBillState();&#10;          setBillState(BillState.inSenate);&#10;          wasEventProcessed = true;&#10;          break;&#10;        }&#10;        if (!getIsCommonsBill())&#10;        {&#10;          exitBillState();&#10;          setBillState(BillState.awaitingRoyalAssent);&#10;          wasEventProcessed = true;&#10;          break;&#10;        }&#10;        break;&#10;      default:&#10;        // Other states do respond to this event&#10;    }&#10;&#10;    switch (aBillStateInSenate)&#10;    {&#10;      case firstReadingS:&#10;        setBillStateInSenate(BillStateInSenate.secondReadingS);&#10;        wasEventProcessed = true;&#10;        break;&#10;      case secondReadingS:&#10;        setBillStateInSenate(BillStateInSenate.committeeConsiderationS);&#10;        wasEventProcessed = true;&#10;        break;&#10;      case committeeConsiderationS:&#10;        setBillStateInSenate(BillStateInSenate.thirdReadingS);&#10;        //isCommonsBill = true;&#10;        wasEventProcessed = true;&#10;        break;&#10;      case thirdReadingS:&#10;        if (getIsCommonsBill())&#10;        {&#10;          exitBillState();&#10;          setBillState(BillState.awaitingRoyalAssent);&#10;          wasEventProcessed = true;&#10;          break;&#10;        }&#10;        if (!getIsCommonsBill())&#10;        {&#10;          exitBillState();&#10;          setBillState(BillState.inHouseOfCommons);&#10;          wasEventProcessed = true;&#10;          break;&#10;        }&#10;        break;&#10;      default:&#10;        // Other states do respond to this event&#10;    }&#10;&#10;    return wasEventProcessed;&#10;  }&#10;&#10;  private boolean exitInSenate()&#10;  {&#10;    boolean wasEventProcessed = false;&#10;    &#10;    BillStateInSenate aBillStateInSenate = billStateInSenate;&#10;    switch (aBillStateInSenate)&#10;    {&#10;      case firstReadingS:&#10;        setBillStateInSenate(BillStateInSenate.Null);&#10;        wasEventProcessed = true;&#10;        break;&#10;      case secondReadingS:&#10;        setBillStateInSenate(BillStateInSenate.Null);&#10;        wasEventProcessed = true;&#10;        break;&#10;      case committeeConsiderationS:&#10;        setBillStateInSenate(BillStateInSenate.Null);&#10;        wasEventProcessed = true;&#10;        break;&#10;      case thirdReadingS:&#10;        setBillStateInSenate(BillStateInSenate.Null);&#10;        wasEventProcessed = true;&#10;        break;&#10;      default:&#10;        // Other states do respond to this event&#10;    }&#10;&#10;    return wasEventProcessed;&#10;  }&#10;&#10;  private void exitBillState()&#10;  {&#10;    switch(billState)&#10;    {&#10;      case inHouseOfCommons:&#10;        exitInHouseOfCommons();&#10;        break;&#10;      case inSenate:&#10;        exitInSenate();&#10;        break;&#10;    }&#10;  }&#10;&#10;  private void setBillState(BillState aBillState)&#10;  {&#10;    billState = aBillState;&#10;&#10;    // entry actions and do activities&#10;    switch(billState)&#10;    {&#10;      case inHouseOfCommons:&#10;        if (billStateInHouseOfCommons == BillStateInHouseOfCommons.Null) { setBillStateInHouseOfCommons(BillStateInHouseOfCommons.firstReading); }&#10;        break;&#10;      case inSenate:&#10;        if (billStateInSenate == BillStateInSenate.Null) { setBillStateInSenate(BillStateInSenate.firstReadingS); }&#10;        break;&#10;    }&#10;  }&#10;&#10;  private void setBillStateInHouseOfCommons(BillStateInHouseOfCommons aBillStateInHouseOfCommons)&#10;  {&#10;    billStateInHouseOfCommons = aBillStateInHouseOfCommons;&#10;    if (billState != BillState.inHouseOfCommons &amp;&amp; aBillStateInHouseOfCommons != BillStateInHouseOfCommons.Null) { setBillState(BillState.inHouseOfCommons); }&#10;  }&#10;&#10;  private void setBillStateInSenate(BillStateInSenate aBillStateInSenate)&#10;  {&#10;    billStateInSenate = aBillStateInSenate;&#10;    if (billState != BillState.inSenate &amp;&amp; aBillStateInSenate != BillStateInSenate.Null) { setBillState(BillState.inSenate); }&#10;  }&#10;&#10;  public void delete()&#10;  {}&#10;&#10;&#10;  public String toString()&#10;  {&#10;&#9;  String outputString = &quot;&quot;;&#10;    return super.toString() + &quot;[&quot;+&#10;            &quot;isCommonsBill&quot; + &quot;:&quot; + getIsCommonsBill()+ &quot;]&quot;&#10;     + outputString;&#10;  }&#10;  &#10;// Additional test support methods  &#10;//  enum BillState { inPreparation, inHouseOfCommons, inSenate, awaitingRoyalAssent, actOfParliament, withdrawn }&#10;//  enum BillStateInHouseOfCommons { Null, firstReading, secondReading, committeeConsideration, thirdReading, lastReading }&#10;//  enum BillStateInSenate { Null, firstReadingS, secondReadingS, committeeConsiderationS, thirdReadingS }&#10;//  private BillState billState;&#10;//  private BillStateInHouseOfCommons billStateInHouseOfCommons;&#10;//  private BillStateInSenate billStateInSenate;&#10;  &#10;  // Returns the BillState state as a string&#10;  public String getBillState()&#10;  {&#10;    return billState.toString();&#10;  }&#10;  &#10;  // Returns the BillStateInHouseOfCommons state as a string&#10;  public String getBillStateInHouseOfCommons()&#10;  {&#10;&#9;  return billStateInHouseOfCommons.toString();&#10;  }&#10;  &#10;  // Returns the BillStateInSenate state as a string&#10;  public String getBillStateInSenate()&#10;  {&#10;&#9;  return billStateInSenate.toString();&#10;  }&#10;&#10;  // main method&#10;//  public static void main(String[] args) {&#10;//&#9;Bill abill = new Bill();&#10;//&#9;System.out.println(abill.getBillState());&#10;//  }&#10;}" Filename="Bill.java" Intrnl_Id="2"/>
</SrcFileList>
<CritList>
<CritListEntry Name="org.codecover.model.utils.criteria.LoopCoverage" PluginName="org.codecover"/>
<CritListEntry Name="org.codecover.model.utils.criteria.BranchCoverage" PluginName="org.codecover"/>
<CritListEntry Name="org.codecover.model.utils.criteria.ConditionCoverage" PluginName="org.codecover"/>
<CritListEntry Name="org.codecover.model.utils.criteria.SynchronizedStatementCoverage" PluginName="org.codecover"/>
<CritListEntry Name="org.codecover.model.utils.criteria.QMOCoverage" PluginName="org.codecover"/>
<CritListEntry Name="org.codecover.model.utils.criteria.StatementCoverage" PluginName="org.codecover"/>
</CritList>
<BoolOpList>
<BoolOp Arity="1" Intrnl_Id="3" Name="not (!)">
<BoolAssgnmntBoolMapList>
<MapEntry BoolAssgnmnt="0" Value="true"/>
<MapEntry BoolAssgnmnt="1" Value="false"/>
</BoolAssgnmntBoolMapList>
</BoolOp>
<BoolOp Arity="2" Intrnl_Id="4" Name="conditional and (&amp;&amp;)">
<BoolAssgnmntBoolMapList>
<MapEntry BoolAssgnmnt="10" Value="false"/>
<MapEntry BoolAssgnmnt="02" Value="false"/>
<MapEntry BoolAssgnmnt="11" Value="true"/>
</BoolAssgnmntBoolMapList>
</BoolOp>
</BoolOpList>
<HierarchyLvlTypeList>
<HierarchyLvlType EnglishName="enumeration" IntrnlName="enum" Intrnl_Id="5"/>
<HierarchyLvlType EnglishName="package" IntrnlName="package" Intrnl_Id="6"/>
<HierarchyLvlType EnglishName="class" IntrnlName="class" Intrnl_Id="7"/>
<HierarchyLvlType EnglishName="method" IntrnlName="method" Intrnl_Id="8"/>
<HierarchyLvlType EnglishName="default package" IntrnlName="default package" Intrnl_Id="9"/>
</HierarchyLvlTypeList>
<MASTRoot>
<HierarchyLvl HierarchyLvlId="832" HierarchyLvlTypeId="9" Intrnl_Id="10" Name="default package">
<Header/>
<LocList/>
<HierarchyLvl HierarchyLvlId="830" HierarchyLvlTypeId="6" Intrnl_Id="11" Name="test">
<Header/>
<LocList/>
<HierarchyLvl HierarchyLvlId="802" HierarchyLvlTypeId="7" Intrnl_Id="12" Name="BillTest">
<Header>
<Loc EndOffset="222" SrcFileId="1" StartOffset="201"/>
</Header>
<LocList>
<Loc EndOffset="18490" SrcFileId="1" StartOffset="201"/>
</LocList>
<HierarchyLvl HierarchyLvlId="769" HierarchyLvlTypeId="8" Intrnl_Id="13" Name="setUpBeforeClass">
<Header>
<Loc EndOffset="295" SrcFileId="1" StartOffset="227"/>
</Header>
<LocList>
<Loc EndOffset="300" SrcFileId="1" StartOffset="227"/>
</LocList>
</HierarchyLvl>
<HierarchyLvl HierarchyLvlId="770" HierarchyLvlTypeId="8" Intrnl_Id="14" Name="tearDownAfterClass">
<Header>
<Loc EndOffset="372" SrcFileId="1" StartOffset="303"/>
</Header>
<LocList>
<Loc EndOffset="377" SrcFileId="1" StartOffset="303"/>
</LocList>
</HierarchyLvl>
<HierarchyLvl HierarchyLvlId="771" HierarchyLvlTypeId="8" Intrnl_Id="15" Name="setUp">
<Header>
<Loc EndOffset="425" SrcFileId="1" StartOffset="380"/>
</Header>
<LocList>
<Loc EndOffset="430" SrcFileId="1" StartOffset="380"/>
</LocList>
</HierarchyLvl>
<HierarchyLvl HierarchyLvlId="772" HierarchyLvlTypeId="8" Intrnl_Id="16" Name="tearDown">
<Header>
<Loc EndOffset="480" SrcFileId="1" StartOffset="433"/>
</Header>
<LocList>
<Loc EndOffset="485" SrcFileId="1" StartOffset="433"/>
</LocList>
</HierarchyLvl>
<HierarchyLvl HierarchyLvlId="773" HierarchyLvlTypeId="8" Intrnl_Id="17" Name="testcase1">
<Header>
<Loc EndOffset="519" SrcFileId="1" StartOffset="489"/>
</Header>
<LocList>
<Loc EndOffset="1363" SrcFileId="1" StartOffset="489"/>
</LocList>
<StmntSeq Intrnl_Id="18">
<LocList>
<Loc EndOffset="569" SrcFileId="1" StartOffset="545"/>
<Loc EndOffset="624" SrcFileId="1" StartOffset="572"/>
<Loc EndOffset="652" SrcFileId="1" StartOffset="627"/>
<Loc EndOffset="722" SrcFileId="1" StartOffset="655"/>
<Loc EndOffset="742" SrcFileId="1" StartOffset="725"/>
<Loc EndOffset="793" SrcFileId="1" StartOffset="745"/>
<Loc EndOffset="811" SrcFileId="1" StartOffset="796"/>
<Loc EndOffset="866" SrcFileId="1" StartOffset="814"/>
<Loc EndOffset="923" SrcFileId="1" StartOffset="904"/>
<Loc EndOffset="978" SrcFileId="1" StartOffset="926"/>
<Loc EndOffset="1015" SrcFileId="1" StartOffset="997"/>
<Loc EndOffset="1086" SrcFileId="1" StartOffset="1034"/>
<Loc EndOffset="1122" SrcFileId="1" StartOffset="1105"/>
<Loc EndOffset="1177" SrcFileId="1" StartOffset="1125"/>
<Loc EndOffset="1216" SrcFileId="1" StartOffset="1196"/>
<Loc EndOffset="1271" SrcFileId="1" StartOffset="1219"/>
<Loc EndOffset="1305" SrcFileId="1" StartOffset="1290"/>
<Loc EndOffset="1360" SrcFileId="1" StartOffset="1308"/>
</LocList>
<BasicStmnt CovItemId="S1" CovItemPrefix="test.BillTest.java" Intrnl_Id="19">
<LocList>
<Loc EndOffset="569" SrcFileId="1" StartOffset="545"/>
</LocList>
</BasicStmnt>
<BasicStmnt CovItemId="S2" CovItemPrefix="test.BillTest.java" Intrnl_Id="20">
<LocList>
<Loc EndOffset="624" SrcFileId="1" StartOffset="572"/>
</LocList>
</BasicStmnt>
<BasicStmnt CovItemId="S3" CovItemPrefix="test.BillTest.java" Intrnl_Id="21">
<LocList>
<Loc EndOffset="652" SrcFileId="1" StartOffset="627"/>
</LocList>
</BasicStmnt>
<BasicStmnt CovItemId="S4" CovItemPrefix="test.BillTest.java" Intrnl_Id="22">
<LocList>
<Loc EndOffset="722" SrcFileId="1" StartOffset="655"/>
</LocList>
</BasicStmnt>
<BasicStmnt CovItemId="S5" CovItemPrefix="test.BillTest.java" Intrnl_Id="23">
<LocList>
<Loc EndOffset="742" SrcFileId="1" StartOffset="725"/>
</LocList>
</BasicStmnt>
<BasicStmnt CovItemId="S6" CovItemPrefix="test.BillTest.java" Intrnl_Id="24">
<LocList>
<Loc EndOffset="793" SrcFileId="1" StartOffset="745"/>
</LocList>
</BasicStmnt>
<BasicStmnt CovItemId="S7" CovItemPrefix="test.BillTest.java" Intrnl_Id="25">
<LocList>
<Loc EndOffset="811" SrcFileId="1" StartOffset="796"/>
</LocList>
</BasicStmnt>
<BasicStmnt CovItemId="S8" CovItemPrefix="test.BillTest.java" Intrnl_Id="26">
<LocList>
<Loc EndOffset="866" SrcFileId="1" StartOffset="814"/>
</LocList>
</BasicStmnt>
<BasicStmnt CovItemId="S9" CovItemPrefix="test.BillTest.java" Intrnl_Id="27">
<LocList>
<Loc EndOffset="923" SrcFileId="1" StartOffset="904"/>
</LocList>
</BasicStmnt>
<BasicStmnt CovItemId="S10" CovItemPrefix="test.BillTest.java" Intrnl_Id="28">
<LocList>
<Loc EndOffset="978" SrcFileId="1" StartOffset="926"/>
</LocList>
</BasicStmnt>
<BasicStmnt CovItemId="S11" CovItemPrefix="test.BillTest.java" Intrnl_Id="29">
<LocList>
<Loc EndOffset="1015" SrcFileId="1" StartOffset="997"/>
</LocList>
</BasicStmnt>
<BasicStmnt CovItemId="S12" CovItemPrefix="test.BillTest.java" Intrnl_Id="30">
<LocList>
<Loc EndOffset="1086" SrcFileId="1" StartOffset="1034"/>
</LocList>
</BasicStmnt>
<BasicStmnt CovItemId="S13" CovItemPrefix="test.BillTest.java" Intrnl_Id="31">
<LocList>
<Loc EndOffset="1122" SrcFileId="1" StartOffset="1105"/>
</LocList>
</BasicStmnt>
<BasicStmnt CovItemId="S14" CovItemPrefix="test.BillTest.java" Intrnl_Id="32">
<LocList>
<Loc EndOffset="1177" SrcFileId="1" StartOffset="1125"/>
</LocList>
</BasicStmnt>
<BasicStmnt CovItemId="S15" CovItemPrefix="test.BillTest.java" Intrnl_Id="33">
<LocList>
<Loc EndOffset="1216" SrcFileId="1" StartOffset="1196"/>
</LocList>
</BasicStmnt>
<BasicStmnt CovItemId="S16" CovItemPrefix="test.BillTest.java" Intrnl_Id="34">
<LocList>
<Loc EndOffset="1271" SrcFileId="1" StartOffset="1219"/>
</LocList>
</BasicStmnt>
<BasicStmnt CovItemId="S17" CovItemPrefix="test.BillTest.java" Intrnl_Id="35">
<LocList>
<Loc EndOffset="1305" SrcFileId="1" StartOffset="1290"/>
</LocList>
</BasicStmnt>
<BasicStmnt CovItemId="S18" CovItemPrefix="test.BillTest.java" Intrnl_Id="36">
<LocList>
<Loc EndOffset="1360" SrcFileId="1" StartOffset="1308"/>
</LocList>
</BasicStmnt>
</StmntSeq>
</HierarchyLvl>
<HierarchyLvl HierarchyLvlId="774" HierarchyLvlTypeId="8" Intrnl_Id="37" Name="testcase2">
<Header>
<Loc EndOffset="1397" SrcFileId="1" StartOffset="1367"/>
</Header>
<LocList>
<Loc EndOffset="2355" SrcFileId="1" StartOffset="1367"/>
</LocList>
<StmntSeq Intrnl_Id="38">
<LocList>
<Loc EndOffset="1447" SrcFileId="1" StartOffset="1423"/>
<Loc EndOffset="1502" SrcFileId="1" StartOffset="1450"/>
<Loc EndOffset="1530" SrcFileId="1" StartOffset="1505"/>
<Loc EndOffset="1600" SrcFileId="1" StartOffset="1533"/>
<Loc EndOffset="1644" SrcFileId="1" StartOffset="1603"/>
<Loc EndOffset="1665" SrcFileId="1" StartOffset="1647"/>
<Loc EndOffset="1790" SrcFileId="1" StartOffset="1742"/>
<Loc EndOffset="1845" SrcFileId="1" StartOffset="1826"/>
<Loc EndOffset="1896" SrcFileId="1" StartOffset="1848"/>
<Loc EndOffset="1933" SrcFileId="1" StartOffset="1915"/>
<Loc EndOffset="1984" SrcFileId="1" StartOffset="1936"/>
<Loc EndOffset="2020" SrcFileId="1" StartOffset="2003"/>
<Loc EndOffset="2071" SrcFileId="1" StartOffset="2023"/>
<Loc EndOffset="2115" SrcFileId="1" StartOffset="2090"/>
<Loc EndOffset="2166" SrcFileId="1" StartOffset="2118"/>
<Loc EndOffset="2211" SrcFileId="1" StartOffset="2185"/>
<Loc EndOffset="2262" SrcFileId="1" StartOffset="2214"/>
<Loc EndOffset="2301" SrcFileId="1" StartOffset="2281"/>
<Loc EndOffset="2352" SrcFileId="1" StartOffset="2304"/>
</LocList>
<BasicStmnt CovItemId="S19" CovItemPrefix="test.BillTest.java" Intrnl_Id="39">
<LocList>
<Loc EndOffset="1447" SrcFileId="1" StartOffset="1423"/>
</LocList>
</BasicStmnt>
<BasicStmnt CovItemId="S20" CovItemPrefix="test.BillTest.java" Intrnl_Id="40">
<LocList>
<Loc EndOffset="1502" SrcFileId="1" StartOffset="1450"/>
</LocList>
</BasicStmnt>
<BasicStmnt CovItemId="S21" CovItemPrefix="test.BillTest.java" Intrnl_Id="41">
<LocList>
<Loc EndOffset="1530" SrcFileId="1" StartOffset="1505"/>
</LocList>
</BasicStmnt>
<BasicStmnt CovItemId="S22" CovItemPrefix="test.BillTest.java" Intrnl_Id="42">
<LocList>
<Loc EndOffset="1600" SrcFileId="1" StartOffset="1533"/>
</LocList>
</BasicStmnt>
<BasicStmnt CovItemId="S23" CovItemPrefix="test.BillTest.java" Intrnl_Id="43">
<LocList>
<Loc EndOffset="1644" SrcFileId="1" StartOffset="1603"/>
</LocList>
</BasicStmnt>
<BasicStmnt CovItemId="S24" CovItemPrefix="test.BillTest.java" Intrnl_Id="44">
<LocList>
<Loc EndOffset="1665" SrcFileId="1" StartOffset="1647"/>
</LocList>
</BasicStmnt>
<BasicStmnt CovItemId="S25" CovItemPrefix="test.BillTest.java" Intrnl_Id="45">
<LocList>
<Loc EndOffset="1790" SrcFileId="1" StartOffset="1742"/>
</LocList>
</BasicStmnt>
<BasicStmnt CovItemId="S26" CovItemPrefix="test.BillTest.java" Intrnl_Id="46">
<LocList>
<Loc EndOffset="1845" SrcFileId="1" StartOffset="1826"/>
</LocList>
</BasicStmnt>
<BasicStmnt CovItemId="S27" CovItemPrefix="test.BillTest.java" Intrnl_Id="47">
<LocList>
<Loc EndOffset="1896" SrcFileId="1" StartOffset="1848"/>
</LocList>
</BasicStmnt>
<BasicStmnt CovItemId="S28" CovItemPrefix="test.BillTest.java" Intrnl_Id="48">
<LocList>
<Loc EndOffset="1933" SrcFileId="1" StartOffset="1915"/>
</LocList>
</BasicStmnt>
<BasicStmnt CovItemId="S29" CovItemPrefix="test.BillTest.java" Intrnl_Id="49">
<LocList>
<Loc EndOffset="1984" SrcFileId="1" StartOffset="1936"/>
</LocList>
</BasicStmnt>
<BasicStmnt CovItemId="S30" CovItemPrefix="test.BillTest.java" Intrnl_Id="50">
<LocList>
<Loc EndOffset="2020" SrcFileId="1" StartOffset="2003"/>
</LocList>
</BasicStmnt>
<BasicStmnt CovItemId="S31" CovItemPrefix="test.BillTest.java" Intrnl_Id="51">
<LocList>
<Loc EndOffset="2071" SrcFileId="1" StartOffset="2023"/>
</LocList>
</BasicStmnt>
<BasicStmnt CovItemId="S32" CovItemPrefix="test.BillTest.java" Intrnl_Id="52">
<LocList>
<Loc EndOffset="2115" SrcFileId="1" StartOffset="2090"/>
</LocList>
</BasicStmnt>
<BasicStmnt CovItemId="S33" CovItemPrefix="test.BillTest.java" Intrnl_Id="53">
<LocList>
<Loc EndOffset="2166" SrcFileId="1" StartOffset="2118"/>
</LocList>
</BasicStmnt>
<BasicStmnt CovItemId="S34" CovItemPrefix="test.BillTest.java" Intrnl_Id="54">
<LocList>
<Loc EndOffset="2211" SrcFileId="1" StartOffset="2185"/>
</LocList>
</BasicStmnt>
<BasicStmnt CovItemId="S35" CovItemPrefix="test.BillTest.java" Intrnl_Id="55">
<LocList>
<Loc EndOffset="2262" SrcFileId="1" StartOffset="2214"/>
</LocList>
</BasicStmnt>
<BasicStmnt CovItemId="S36" CovItemPrefix="test.BillTest.java" Intrnl_Id="56">
<LocList>
<Loc EndOffset="2301" SrcFileId="1" StartOffset="2281"/>
</LocList>
</BasicStmnt>
<BasicStmnt CovItemId="S37" CovItemPrefix="test.BillTest.java" Intrnl_Id="57">
<LocList>
<Loc EndOffset="2352" SrcFileId="1" StartOffset="2304"/>
</LocList>
</BasicStmnt>
</StmntSeq>
</HierarchyLvl>
<HierarchyLvl HierarchyLvlId="775" HierarchyLvlTypeId="8" Intrnl_Id="58" Name="testcase3">
<Header>
<Loc EndOffset="2389" SrcFileId="1" StartOffset="2359"/>
</Header>
<LocList>
<Loc EndOffset="2759" SrcFileId="1" StartOffset="2359"/>
</LocList>
<StmntSeq Intrnl_Id="59">
<LocList>
<Loc EndOffset="2439" SrcFileId="1" StartOffset="2415"/>
<Loc EndOffset="2494" SrcFileId="1" StartOffset="2442"/>
<Loc EndOffset="2522" SrcFileId="1" StartOffset="2497"/>
<Loc EndOffset="2592" SrcFileId="1" StartOffset="2525"/>
<Loc EndOffset="2614" SrcFileId="1" StartOffset="2595"/>
<Loc EndOffset="2685" SrcFileId="1" StartOffset="2617"/>
<Loc EndOffset="2705" SrcFileId="1" StartOffset="2688"/>
<Loc EndOffset="2756" SrcFileId="1" StartOffset="2708"/>
</LocList>
<BasicStmnt CovItemId="S38" CovItemPrefix="test.BillTest.java" Intrnl_Id="60">
<LocList>
<Loc EndOffset="2439" SrcFileId="1" StartOffset="2415"/>
</LocList>
</BasicStmnt>
<BasicStmnt CovItemId="S39" CovItemPrefix="test.BillTest.java" Intrnl_Id="61">
<LocList>
<Loc EndOffset="2494" SrcFileId="1" StartOffset="2442"/>
</LocList>
</BasicStmnt>
<BasicStmnt CovItemId="S40" CovItemPrefix="test.BillTest.java" Intrnl_Id="62">
<LocList>
<Loc EndOffset="2522" SrcFileId="1" StartOffset="2497"/>
</LocList>
</BasicStmnt>
<BasicStmnt CovItemId="S41" CovItemPrefix="test.BillTest.java" Intrnl_Id="63">
<LocList>
<Loc EndOffset="2592" SrcFileId="1" StartOffset="2525"/>
</LocList>
</BasicStmnt>
<BasicStmnt CovItemId="S42" CovItemPrefix="test.BillTest.java" Intrnl_Id="64">
<LocList>
<Loc EndOffset="2614" SrcFileId="1" StartOffset="2595"/>
</LocList>
</BasicStmnt>
<BasicStmnt CovItemId="S43" CovItemPrefix="test.BillTest.java" Intrnl_Id="65">
<LocList>
<Loc EndOffset="2685" SrcFileId="1" StartOffset="2617"/>
</LocList>
</BasicStmnt>
<BasicStmnt CovItemId="S44" CovItemPrefix="test.BillTest.java" Intrnl_Id="66">
<LocList>
<Loc EndOffset="2705" SrcFileId="1" StartOffset="2688"/>
</LocList>
</BasicStmnt>
<BasicStmnt CovItemId="S45" CovItemPrefix="test.BillTest.java" Intrnl_Id="67">
<LocList>
<Loc EndOffset="2756" SrcFileId="1" StartOffset="2708"/>
</LocList>
</BasicStmnt>
</StmntSeq>
</HierarchyLvl>
<HierarchyLvl HierarchyLvlId="776" HierarchyLvlTypeId="8" Intrnl_Id="68" Name="testcase4">
<Header>
<Loc EndOffset="2793" SrcFileId="1" StartOffset="2763"/>
</Header>
<LocList>
<Loc EndOffset="3174" SrcFileId="1" StartOffset="2763"/>
</LocList>
<StmntSeq Intrnl_Id="69">
<LocList>
<Loc EndOffset="2843" SrcFileId="1" StartOffset="2819"/>
<Loc EndOffset="2898" SrcFileId="1" StartOffset="2846"/>
<Loc EndOffset="2926" SrcFileId="1" StartOffset="2901"/>
<Loc EndOffset="2996" SrcFileId="1" StartOffset="2929"/>
<Loc EndOffset="3018" SrcFileId="1" StartOffset="2999"/>
<Loc EndOffset="3089" SrcFileId="1" StartOffset="3021"/>
<Loc EndOffset="3110" SrcFileId="1" StartOffset="3092"/>
<Loc EndOffset="3171" SrcFileId="1" StartOffset="3123"/>
</LocList>
<BasicStmnt CovItemId="S46" CovItemPrefix="test.BillTest.java" Intrnl_Id="70">
<LocList>
<Loc EndOffset="2843" SrcFileId="1" StartOffset="2819"/>
</LocList>
</BasicStmnt>
<BasicStmnt CovItemId="S47" CovItemPrefix="test.BillTest.java" Intrnl_Id="71">
<LocList>
<Loc EndOffset="2898" SrcFileId="1" StartOffset="2846"/>
</LocList>
</BasicStmnt>
<BasicStmnt CovItemId="S48" CovItemPrefix="test.BillTest.java" Intrnl_Id="72">
<LocList>
<Loc EndOffset="2926" SrcFileId="1" StartOffset="2901"/>
</LocList>
</BasicStmnt>
<BasicStmnt CovItemId="S49" CovItemPrefix="test.BillTest.java" Intrnl_Id="73">
<LocList>
<Loc EndOffset="2996" SrcFileId="1" StartOffset="2929"/>
</LocList>
</BasicStmnt>
<BasicStmnt CovItemId="S50" CovItemPrefix="test.BillTest.java" Intrnl_Id="74">
<LocList>
<Loc EndOffset="3018" SrcFileId="1" StartOffset="2999"/>
</LocList>
</BasicStmnt>
<BasicStmnt CovItemId="S51" CovItemPrefix="test.BillTest.java" Intrnl_Id="75">
<LocList>
<Loc EndOffset="3089" SrcFileId="1" StartOffset="3021"/>
</LocList>
</BasicStmnt>
<BasicStmnt CovItemId="S52" CovItemPrefix="test.BillTest.java" Intrnl_Id="76">
<LocList>
<Loc EndOffset="3110" SrcFileId="1" StartOffset="3092"/>
</LocList>
</BasicStmnt>
<BasicStmnt CovItemId="S53" CovItemPrefix="test.BillTest.java" Intrnl_Id="77">
<LocList>
<Loc EndOffset="3171" SrcFileId="1" StartOffset="3123"/>
</LocList>
</BasicStmnt>
</StmntSeq>
</HierarchyLvl>
<HierarchyLvl HierarchyLvlId="777" HierarchyLvlTypeId="8" Intrnl_Id="78" Name="testcase5">
<Header>
<Loc EndOffset="3208" SrcFileId="1" StartOffset="3178"/>
</Header>
<LocList>
<Loc EndOffset="3680" SrcFileId="1" StartOffset="3178"/>
</LocList>
<StmntSeq Intrnl_Id="79">
<LocList>
<Loc EndOffset="3258" SrcFileId="1" StartOffset="3234"/>
<Loc EndOffset="3313" SrcFileId="1" StartOffset="3261"/>
<Loc EndOffset="3341" SrcFileId="1" StartOffset="3316"/>
<Loc EndOffset="3411" SrcFileId="1" StartOffset="3344"/>
<Loc EndOffset="3433" SrcFileId="1" StartOffset="3414"/>
<Loc EndOffset="3504" SrcFileId="1" StartOffset="3436"/>
<Loc EndOffset="3526" SrcFileId="1" StartOffset="3507"/>
<Loc EndOffset="3606" SrcFileId="1" StartOffset="3529"/>
<Loc EndOffset="3626" SrcFileId="1" StartOffset="3609"/>
<Loc EndOffset="3677" SrcFileId="1" StartOffset="3629"/>
</LocList>
<BasicStmnt CovItemId="S54" CovItemPrefix="test.BillTest.java" Intrnl_Id="80">
<LocList>
<Loc EndOffset="3258" SrcFileId="1" StartOffset="3234"/>
</LocList>
</BasicStmnt>
<BasicStmnt CovItemId="S55" CovItemPrefix="test.BillTest.java" Intrnl_Id="81">
<LocList>
<Loc EndOffset="3313" SrcFileId="1" StartOffset="3261"/>
</LocList>
</BasicStmnt>
<BasicStmnt CovItemId="S56" CovItemPrefix="test.BillTest.java" Intrnl_Id="82">
<LocList>
<Loc EndOffset="3341" SrcFileId="1" StartOffset="3316"/>
</LocList>
</BasicStmnt>
<BasicStmnt CovItemId="S57" CovItemPrefix="test.BillTest.java" Intrnl_Id="83">
<LocList>
<Loc EndOffset="3411" SrcFileId="1" StartOffset="3344"/>
</LocList>
</BasicStmnt>
<BasicStmnt CovItemId="S58" CovItemPrefix="test.BillTest.java" Intrnl_Id="84">
<LocList>
<Loc EndOffset="3433" SrcFileId="1" StartOffset="3414"/>
</LocList>
</BasicStmnt>
<BasicStmnt CovItemId="S59" CovItemPrefix="test.BillTest.java" Intrnl_Id="85">
<LocList>
<Loc EndOffset="3504" SrcFileId="1" StartOffset="3436"/>
</LocList>
</BasicStmnt>
<BasicStmnt CovItemId="S60" CovItemPrefix="test.BillTest.java" Intrnl_Id="86">
<LocList>
<Loc EndOffset="3526" SrcFileId="1" StartOffset="3507"/>
</LocList>
</BasicStmnt>
<BasicStmnt CovItemId="S61" CovItemPrefix="test.BillTest.java" Intrnl_Id="87">
<LocList>
<Loc EndOffset="3606" SrcFileId="1" StartOffset="3529"/>
</LocList>
</BasicStmnt>
<BasicStmnt CovItemId="S62" CovItemPrefix="test.BillTest.java" Intrnl_Id="88">
<LocList>
<Loc EndOffset="3626" SrcFileId="1" StartOffset="3609"/>
</LocList>
</BasicStmnt>
<BasicStmnt CovItemId="S63" CovItemPrefix="test.BillTest.java" Intrnl_Id="89">
<LocList>
<Loc EndOffset="3677" SrcFileId="1" StartOffset="3629"/>
</LocList>
</BasicStmnt>
</StmntSeq>
</HierarchyLvl>
<HierarchyLvl HierarchyLvlId="778" HierarchyLvlTypeId="8" Intrnl_Id="90" Name="testcase6">
<Header>
<Loc EndOffset="3714" SrcFileId="1" StartOffset="3684"/>
</Header>
<LocList>
<Loc EndOffset="4197" SrcFileId="1" StartOffset="3684"/>
</LocList>
<StmntSeq Intrnl_Id="91">
<LocList>
<Loc EndOffset="3764" SrcFileId="1" StartOffset="3740"/>
<Loc EndOffset="3819" SrcFileId="1" StartOffset="3767"/>
<Loc EndOffset="3847" SrcFileId="1" StartOffset="3822"/>
<Loc EndOffset="3917" SrcFileId="1" StartOffset="3850"/>
<Loc EndOffset="3939" SrcFileId="1" StartOffset="3920"/>
<Loc EndOffset="4010" SrcFileId="1" StartOffset="3942"/>
<Loc EndOffset="4032" SrcFileId="1" StartOffset="4013"/>
<Loc EndOffset="4112" SrcFileId="1" StartOffset="4035"/>
<Loc EndOffset="4133" SrcFileId="1" StartOffset="4115"/>
<Loc EndOffset="4194" SrcFileId="1" StartOffset="4146"/>
</LocList>
<BasicStmnt CovItemId="S64" CovItemPrefix="test.BillTest.java" Intrnl_Id="92">
<LocList>
<Loc EndOffset="3764" SrcFileId="1" StartOffset="3740"/>
</LocList>
</BasicStmnt>
<BasicStmnt CovItemId="S65" CovItemPrefix="test.BillTest.java" Intrnl_Id="93">
<LocList>
<Loc EndOffset="3819" SrcFileId="1" StartOffset="3767"/>
</LocList>
</BasicStmnt>
<BasicStmnt CovItemId="S66" CovItemPrefix="test.BillTest.java" Intrnl_Id="94">
<LocList>
<Loc EndOffset="3847" SrcFileId="1" StartOffset="3822"/>
</LocList>
</BasicStmnt>
<BasicStmnt CovItemId="S67" CovItemPrefix="test.BillTest.java" Intrnl_Id="95">
<LocList>
<Loc EndOffset="3917" SrcFileId="1" StartOffset="3850"/>
</LocList>
</BasicStmnt>
<BasicStmnt CovItemId="S68" CovItemPrefix="test.BillTest.java" Intrnl_Id="96">
<LocList>
<Loc EndOffset="3939" SrcFileId="1" StartOffset="3920"/>
</LocList>
</BasicStmnt>
<BasicStmnt CovItemId="S69" CovItemPrefix="test.BillTest.java" Intrnl_Id="97">
<LocList>
<Loc EndOffset="4010" SrcFileId="1" StartOffset="3942"/>
</LocList>
</BasicStmnt>
<BasicStmnt CovItemId="S70" CovItemPrefix="test.BillTest.java" Intrnl_Id="98">
<LocList>
<Loc EndOffset="4032" SrcFileId="1" StartOffset="4013"/>
</LocList>
</BasicStmnt>
<BasicStmnt CovItemId="S71" CovItemPrefix="test.BillTest.java" Intrnl_Id="99">
<LocList>
<Loc EndOffset="4112" SrcFileId="1" StartOffset="4035"/>
</LocList>
</BasicStmnt>
<BasicStmnt CovItemId="S72" CovItemPrefix="test.BillTest.java" Intrnl_Id="100">
<LocList>
<Loc EndOffset="4133" SrcFileId="1" StartOffset="4115"/>
</LocList>
</BasicStmnt>
<BasicStmnt CovItemId="S73" CovItemPrefix="test.BillTest.java" Intrnl_Id="101">
<LocList>
<Loc EndOffset="4194" SrcFileId="1" StartOffset="4146"/>
</LocList>
</BasicStmnt>
</StmntSeq>
</HierarchyLvl>
<HierarchyLvl HierarchyLvlId="779" HierarchyLvlTypeId="8" Intrnl_Id="102" Name="testcase7">
<Header>
<Loc EndOffset="4231" SrcFileId="1" StartOffset="4201"/>
</Header>
<LocList>
<Loc EndOffset="4795" SrcFileId="1" StartOffset="4201"/>
</LocList>
<StmntSeq Intrnl_Id="103">
<LocList>
<Loc EndOffset="4281" SrcFileId="1" StartOffset="4257"/>
<Loc EndOffset="4336" SrcFileId="1" StartOffset="4284"/>
<Loc EndOffset="4364" SrcFileId="1" StartOffset="4339"/>
<Loc EndOffset="4434" SrcFileId="1" StartOffset="4367"/>
<Loc EndOffset="4456" SrcFileId="1" StartOffset="4437"/>
<Loc EndOffset="4527" SrcFileId="1" StartOffset="4459"/>
<Loc EndOffset="4549" SrcFileId="1" StartOffset="4530"/>
<Loc EndOffset="4629" SrcFileId="1" StartOffset="4552"/>
<Loc EndOffset="4651" SrcFileId="1" StartOffset="4632"/>
<Loc EndOffset="4721" SrcFileId="1" StartOffset="4654"/>
<Loc EndOffset="4741" SrcFileId="1" StartOffset="4724"/>
<Loc EndOffset="4792" SrcFileId="1" StartOffset="4744"/>
</LocList>
<BasicStmnt CovItemId="S74" CovItemPrefix="test.BillTest.java" Intrnl_Id="104">
<LocList>
<Loc EndOffset="4281" SrcFileId="1" StartOffset="4257"/>
</LocList>
</BasicStmnt>
<BasicStmnt CovItemId="S75" CovItemPrefix="test.BillTest.java" Intrnl_Id="105">
<LocList>
<Loc EndOffset="4336" SrcFileId="1" StartOffset="4284"/>
</LocList>
</BasicStmnt>
<BasicStmnt CovItemId="S76" CovItemPrefix="test.BillTest.java" Intrnl_Id="106">
<LocList>
<Loc EndOffset="4364" SrcFileId="1" StartOffset="4339"/>
</LocList>
</BasicStmnt>
<BasicStmnt CovItemId="S77" CovItemPrefix="test.BillTest.java" Intrnl_Id="107">
<LocList>
<Loc EndOffset="4434" SrcFileId="1" StartOffset="4367"/>
</LocList>
</BasicStmnt>
<BasicStmnt CovItemId="S78" CovItemPrefix="test.BillTest.java" Intrnl_Id="108">
<LocList>
<Loc EndOffset="4456" SrcFileId="1" StartOffset="4437"/>
</LocList>
</BasicStmnt>
<BasicStmnt CovItemId="S79" CovItemPrefix="test.BillTest.java" Intrnl_Id="109">
<LocList>
<Loc EndOffset="4527" SrcFileId="1" StartOffset="4459"/>
</LocList>
</BasicStmnt>
<BasicStmnt CovItemId="S80" CovItemPrefix="test.BillTest.java" Intrnl_Id="110">
<LocList>
<Loc EndOffset="4549" SrcFileId="1" StartOffset="4530"/>
</LocList>
</BasicStmnt>
<BasicStmnt CovItemId="S81" CovItemPrefix="test.BillTest.java" Intrnl_Id="111">
<LocList>
<Loc EndOffset="4629" SrcFileId="1" StartOffset="4552"/>
</LocList>
</BasicStmnt>
<BasicStmnt CovItemId="S82" CovItemPrefix="test.BillTest.java" Intrnl_Id="112">
<LocList>
<Loc EndOffset="4651" SrcFileId="1" StartOffset="4632"/>
</LocList>
</BasicStmnt>
<BasicStmnt CovItemId="S83" CovItemPrefix="test.BillTest.java" Intrnl_Id="113">
<LocList>
<Loc EndOffset="4721" SrcFileId="1" StartOffset="4654"/>
</LocList>
</BasicStmnt>
<BasicStmnt CovItemId="S84" CovItemPrefix="test.BillTest.java" Intrnl_Id="114">
<LocList>
<Loc EndOffset="4741" SrcFileId="1" StartOffset="4724"/>
</LocList>
</BasicStmnt>
<BasicStmnt CovItemId="S85" CovItemPrefix="test.BillTest.java" Intrnl_Id="115">
<LocList>
<Loc EndOffset="4792" SrcFileId="1" StartOffset="4744"/>
</LocList>
</BasicStmnt>
</StmntSeq>
</HierarchyLvl>
<HierarchyLvl HierarchyLvlId="780" HierarchyLvlTypeId="8" Intrnl_Id="116" Name="testcase8">
<Header>
<Loc EndOffset="4829" SrcFileId="1" StartOffset="4799"/>
</Header>
<LocList>
<Loc EndOffset="5404" SrcFileId="1" StartOffset="4799"/>
</LocList>
<StmntSeq Intrnl_Id="117">
<LocList>
<Loc EndOffset="4879" SrcFileId="1" StartOffset="4855"/>
<Loc EndOffset="4934" SrcFileId="1" StartOffset="4882"/>
<Loc EndOffset="4962" SrcFileId="1" StartOffset="4937"/>
<Loc EndOffset="5032" SrcFileId="1" StartOffset="4965"/>
<Loc EndOffset="5054" SrcFileId="1" StartOffset="5035"/>
<Loc EndOffset="5125" SrcFileId="1" StartOffset="5057"/>
<Loc EndOffset="5147" SrcFileId="1" StartOffset="5128"/>
<Loc EndOffset="5227" SrcFileId="1" StartOffset="5150"/>
<Loc EndOffset="5249" SrcFileId="1" StartOffset="5230"/>
<Loc EndOffset="5319" SrcFileId="1" StartOffset="5252"/>
<Loc EndOffset="5340" SrcFileId="1" StartOffset="5322"/>
<Loc EndOffset="5401" SrcFileId="1" StartOffset="5353"/>
</LocList>
<BasicStmnt CovItemId="S86" CovItemPrefix="test.BillTest.java" Intrnl_Id="118">
<LocList>
<Loc EndOffset="4879" SrcFileId="1" StartOffset="4855"/>
</LocList>
</BasicStmnt>
<BasicStmnt CovItemId="S87" CovItemPrefix="test.BillTest.java" Intrnl_Id="119">
<LocList>
<Loc EndOffset="4934" SrcFileId="1" StartOffset="4882"/>
</LocList>
</BasicStmnt>
<BasicStmnt CovItemId="S88" CovItemPrefix="test.BillTest.java" Intrnl_Id="120">
<LocList>
<Loc EndOffset="4962" SrcFileId="1" StartOffset="4937"/>
</LocList>
</BasicStmnt>
<BasicStmnt CovItemId="S89" CovItemPrefix="test.BillTest.java" Intrnl_Id="121">
<LocList>
<Loc EndOffset="5032" SrcFileId="1" StartOffset="4965"/>
</LocList>
</BasicStmnt>
<BasicStmnt CovItemId="S90" CovItemPrefix="test.BillTest.java" Intrnl_Id="122">
<LocList>
<Loc EndOffset="5054" SrcFileId="1" StartOffset="5035"/>
</LocList>
</BasicStmnt>
<BasicStmnt CovItemId="S91" CovItemPrefix="test.BillTest.java" Intrnl_Id="123">
<LocList>
<Loc EndOffset="5125" SrcFileId="1" StartOffset="5057"/>
</LocList>
</BasicStmnt>
<BasicStmnt CovItemId="S92" CovItemPrefix="test.BillTest.java" Intrnl_Id="124">
<LocList>
<Loc EndOffset="5147" SrcFileId="1" StartOffset="5128"/>
</LocList>
</BasicStmnt>
<BasicStmnt CovItemId="S93" CovItemPrefix="test.BillTest.java" Intrnl_Id="125">
<LocList>
<Loc EndOffset="5227" SrcFileId="1" StartOffset="5150"/>
</LocList>
</BasicStmnt>
<BasicStmnt CovItemId="S94" CovItemPrefix="test.BillTest.java" Intrnl_Id="126">
<LocList>
<Loc EndOffset="5249" SrcFileId="1" StartOffset="5230"/>
</LocList>
</BasicStmnt>
<BasicStmnt CovItemId="S95" CovItemPrefix="test.BillTest.java" Intrnl_Id="127">
<LocList>
<Loc EndOffset="5319" SrcFileId="1" StartOffset="5252"/>
</LocList>
</BasicStmnt>
<BasicStmnt CovItemId="S96" CovItemPrefix="test.BillTest.java" Intrnl_Id="128">
<LocList>
<Loc EndOffset="5340" SrcFileId="1" StartOffset="5322"/>
</LocList>
</BasicStmnt>
<BasicStmnt CovItemId="S97" CovItemPrefix="test.BillTest.java" Intrnl_Id="129">
<LocList>
<Loc EndOffset="5401" SrcFileId="1" StartOffset="5353"/>
</LocList>
</BasicStmnt>
</StmntSeq>
</HierarchyLvl>
<HierarchyLvl HierarchyLvlId="781" HierarchyLvlTypeId="8" Intrnl_Id="130" Name="testcase9">
<Header>
<Loc EndOffset="5438" SrcFileId="1" StartOffset="5408"/>
</Header>
<LocList>
<Loc EndOffset="6016" SrcFileId="1" StartOffset="5408"/>
</LocList>
<StmntSeq Intrnl_Id="131">
<LocList>
<Loc EndOffset="5488" SrcFileId="1" StartOffset="5464"/>
<Loc EndOffset="5543" SrcFileId="1" StartOffset="5491"/>
<Loc EndOffset="5571" SrcFileId="1" StartOffset="5546"/>
<Loc EndOffset="5641" SrcFileId="1" StartOffset="5574"/>
<Loc EndOffset="5663" SrcFileId="1" StartOffset="5644"/>
<Loc EndOffset="5734" SrcFileId="1" StartOffset="5666"/>
<Loc EndOffset="5756" SrcFileId="1" StartOffset="5737"/>
<Loc EndOffset="5836" SrcFileId="1" StartOffset="5759"/>
<Loc EndOffset="5858" SrcFileId="1" StartOffset="5839"/>
<Loc EndOffset="5928" SrcFileId="1" StartOffset="5861"/>
<Loc EndOffset="5950" SrcFileId="1" StartOffset="5931"/>
<Loc EndOffset="6013" SrcFileId="1" StartOffset="5953"/>
</LocList>
<BasicStmnt CovItemId="S98" CovItemPrefix="test.BillTest.java" Intrnl_Id="132">
<LocList>
<Loc EndOffset="5488" SrcFileId="1" StartOffset="5464"/>
</LocList>
</BasicStmnt>
<BasicStmnt CovItemId="S99" CovItemPrefix="test.BillTest.java" Intrnl_Id="133">
<LocList>
<Loc EndOffset="5543" SrcFileId="1" StartOffset="5491"/>
</LocList>
</BasicStmnt>
<BasicStmnt CovItemId="S100" CovItemPrefix="test.BillTest.java" Intrnl_Id="134">
<LocList>
<Loc EndOffset="5571" SrcFileId="1" StartOffset="5546"/>
</LocList>
</BasicStmnt>
<BasicStmnt CovItemId="S101" CovItemPrefix="test.BillTest.java" Intrnl_Id="135">
<LocList>
<Loc EndOffset="5641" SrcFileId="1" StartOffset="5574"/>
</LocList>
</BasicStmnt>
<BasicStmnt CovItemId="S102" CovItemPrefix="test.BillTest.java" Intrnl_Id="136">
<LocList>
<Loc EndOffset="5663" SrcFileId="1" StartOffset="5644"/>
</LocList>
</BasicStmnt>
<BasicStmnt CovItemId="S103" CovItemPrefix="test.BillTest.java" Intrnl_Id="137">
<LocList>
<Loc EndOffset="5734" SrcFileId="1" StartOffset="5666"/>
</LocList>
</BasicStmnt>
<BasicStmnt CovItemId="S104" CovItemPrefix="test.BillTest.java" Intrnl_Id="138">
<LocList>
<Loc EndOffset="5756" SrcFileId="1" StartOffset="5737"/>
</LocList>
</BasicStmnt>
<BasicStmnt CovItemId="S105" CovItemPrefix="test.BillTest.java" Intrnl_Id="139">
<LocList>
<Loc EndOffset="5836" SrcFileId="1" StartOffset="5759"/>
</LocList>
</BasicStmnt>
<BasicStmnt CovItemId="S106" CovItemPrefix="test.BillTest.java" Intrnl_Id="140">
<LocList>
<Loc EndOffset="5858" SrcFileId="1" StartOffset="5839"/>
</LocList>
</BasicStmnt>
<BasicStmnt CovItemId="S107" CovItemPrefix="test.BillTest.java" Intrnl_Id="141">
<LocList>
<Loc EndOffset="5928" SrcFileId="1" StartOffset="5861"/>
</LocList>
</BasicStmnt>
<BasicStmnt CovItemId="S108" CovItemPrefix="test.BillTest.java" Intrnl_Id="142">
<LocList>
<Loc EndOffset="5950" SrcFileId="1" StartOffset="5931"/>
</LocList>
</BasicStmnt>
<BasicStmnt CovItemId="S109" CovItemPrefix="test.BillTest.java" Intrnl_Id="143">
<LocList>
<Loc EndOffset="6013" SrcFileId="1" StartOffset="5953"/>
</LocList>
</BasicStmnt>
</StmntSeq>
</HierarchyLvl>
<HierarchyLvl HierarchyLvlId="782" HierarchyLvlTypeId="8" Intrnl_Id="144" Name="testcase10">
<Header>
<Loc EndOffset="6051" SrcFileId="1" StartOffset="6020"/>
</Header>
<LocList>
<Loc EndOffset="6750" SrcFileId="1" StartOffset="6020"/>
</LocList>
<StmntSeq Intrnl_Id="145">
<LocList>
<Loc EndOffset="6101" SrcFileId="1" StartOffset="6077"/>
<Loc EndOffset="6134" SrcFileId="1" StartOffset="6104"/>
<Loc EndOffset="6189" SrcFileId="1" StartOffset="6137"/>
<Loc EndOffset="6217" SrcFileId="1" StartOffset="6192"/>
<Loc EndOffset="6287" SrcFileId="1" StartOffset="6220"/>
<Loc EndOffset="6309" SrcFileId="1" StartOffset="6290"/>
<Loc EndOffset="6380" SrcFileId="1" StartOffset="6312"/>
<Loc EndOffset="6402" SrcFileId="1" StartOffset="6383"/>
<Loc EndOffset="6482" SrcFileId="1" StartOffset="6405"/>
<Loc EndOffset="6504" SrcFileId="1" StartOffset="6485"/>
<Loc EndOffset="6574" SrcFileId="1" StartOffset="6507"/>
<Loc EndOffset="6596" SrcFileId="1" StartOffset="6577"/>
<Loc EndOffset="6667" SrcFileId="1" StartOffset="6609"/>
<Loc EndOffset="6690" SrcFileId="1" StartOffset="6670"/>
<Loc EndOffset="6747" SrcFileId="1" StartOffset="6693"/>
</LocList>
<BasicStmnt CovItemId="S110" CovItemPrefix="test.BillTest.java" Intrnl_Id="146">
<LocList>
<Loc EndOffset="6101" SrcFileId="1" StartOffset="6077"/>
</LocList>
</BasicStmnt>
<BasicStmnt CovItemId="S111" CovItemPrefix="test.BillTest.java" Intrnl_Id="147">
<LocList>
<Loc EndOffset="6134" SrcFileId="1" StartOffset="6104"/>
</LocList>
</BasicStmnt>
<BasicStmnt CovItemId="S112" CovItemPrefix="test.BillTest.java" Intrnl_Id="148">
<LocList>
<Loc EndOffset="6189" SrcFileId="1" StartOffset="6137"/>
</LocList>
</BasicStmnt>
<BasicStmnt CovItemId="S113" CovItemPrefix="test.BillTest.java" Intrnl_Id="149">
<LocList>
<Loc EndOffset="6217" SrcFileId="1" StartOffset="6192"/>
</LocList>
</BasicStmnt>
<BasicStmnt CovItemId="S114" CovItemPrefix="test.BillTest.java" Intrnl_Id="150">
<LocList>
<Loc EndOffset="6287" SrcFileId="1" StartOffset="6220"/>
</LocList>
</BasicStmnt>
<BasicStmnt CovItemId="S115" CovItemPrefix="test.BillTest.java" Intrnl_Id="151">
<LocList>
<Loc EndOffset="6309" SrcFileId="1" StartOffset="6290"/>
</LocList>
</BasicStmnt>
<BasicStmnt CovItemId="S116" CovItemPrefix="test.BillTest.java" Intrnl_Id="152">
<LocList>
<Loc EndOffset="6380" SrcFileId="1" StartOffset="6312"/>
</LocList>
</BasicStmnt>
<BasicStmnt CovItemId="S117" CovItemPrefix="test.BillTest.java" Intrnl_Id="153">
<LocList>
<Loc EndOffset="6402" SrcFileId="1" StartOffset="6383"/>
</LocList>
</BasicStmnt>
<BasicStmnt CovItemId="S118" CovItemPrefix="test.BillTest.java" Intrnl_Id="154">
<LocList>
<Loc EndOffset="6482" SrcFileId="1" StartOffset="6405"/>
</LocList>
</BasicStmnt>
<BasicStmnt CovItemId="S119" CovItemPrefix="test.BillTest.java" Intrnl_Id="155">
<LocList>
<Loc EndOffset="6504" SrcFileId="1" StartOffset="6485"/>
</LocList>
</BasicStmnt>
<BasicStmnt CovItemId="S120" CovItemPrefix="test.BillTest.java" Intrnl_Id="156">
<LocList>
<Loc EndOffset="6574" SrcFileId="1" StartOffset="6507"/>
</LocList>
</BasicStmnt>
<BasicStmnt CovItemId="S121" CovItemPrefix="test.BillTest.java" Intrnl_Id="157">
<LocList>
<Loc EndOffset="6596" SrcFileId="1" StartOffset="6577"/>
</LocList>
</BasicStmnt>
<BasicStmnt CovItemId="S122" CovItemPrefix="test.BillTest.java" Intrnl_Id="158">
<LocList>
<Loc EndOffset="6667" SrcFileId="1" StartOffset="6609"/>
</LocList>
</BasicStmnt>
<BasicStmnt CovItemId="S123" CovItemPrefix="test.BillTest.java" Intrnl_Id="159">
<LocList>
<Loc EndOffset="6690" SrcFileId="1" StartOffset="6670"/>
</LocList>
</BasicStmnt>
<BasicStmnt CovItemId="S124" CovItemPrefix="test.BillTest.java" Intrnl_Id="160">
<LocList>
<Loc EndOffset="6747" SrcFileId="1" StartOffset="6693"/>
</LocList>
</BasicStmnt>
</StmntSeq>
</HierarchyLvl>
<HierarchyLvl HierarchyLvlId="783" HierarchyLvlTypeId="8" Intrnl_Id="161" Name="testcase11">
<Header>
<Loc EndOffset="6785" SrcFileId="1" StartOffset="6754"/>
</Header>
<LocList>
<Loc EndOffset="7056" SrcFileId="1" StartOffset="6754"/>
</LocList>
<StmntSeq Intrnl_Id="162">
<LocList>
<Loc EndOffset="6835" SrcFileId="1" StartOffset="6811"/>
<Loc EndOffset="6890" SrcFileId="1" StartOffset="6838"/>
<Loc EndOffset="6919" SrcFileId="1" StartOffset="6893"/>
<Loc EndOffset="6982" SrcFileId="1" StartOffset="6922"/>
<Loc EndOffset="7002" SrcFileId="1" StartOffset="6985"/>
<Loc EndOffset="7053" SrcFileId="1" StartOffset="7005"/>
</LocList>
<BasicStmnt CovItemId="S125" CovItemPrefix="test.BillTest.java" Intrnl_Id="163">
<LocList>
<Loc EndOffset="6835" SrcFileId="1" StartOffset="6811"/>
</LocList>
</BasicStmnt>
<BasicStmnt CovItemId="S126" CovItemPrefix="test.BillTest.java" Intrnl_Id="164">
<LocList>
<Loc EndOffset="6890" SrcFileId="1" StartOffset="6838"/>
</LocList>
</BasicStmnt>
<BasicStmnt CovItemId="S127" CovItemPrefix="test.BillTest.java" Intrnl_Id="165">
<LocList>
<Loc EndOffset="6919" SrcFileId="1" StartOffset="6893"/>
</LocList>
</BasicStmnt>
<BasicStmnt CovItemId="S128" CovItemPrefix="test.BillTest.java" Intrnl_Id="166">
<LocList>
<Loc EndOffset="6982" SrcFileId="1" StartOffset="6922"/>
</LocList>
</BasicStmnt>
<BasicStmnt CovItemId="S129" CovItemPrefix="test.BillTest.java" Intrnl_Id="167">
<LocList>
<Loc EndOffset="7002" SrcFileId="1" StartOffset="6985"/>
</LocList>
</BasicStmnt>
<BasicStmnt CovItemId="S130" CovItemPrefix="test.BillTest.java" Intrnl_Id="168">
<LocList>
<Loc EndOffset="7053" SrcFileId="1" StartOffset="7005"/>
</LocList>
</BasicStmnt>
</StmntSeq>
</HierarchyLvl>
<HierarchyLvl HierarchyLvlId="784" HierarchyLvlTypeId="8" Intrnl_Id="169" Name="testcase12">
<Header>
<Loc EndOffset="7091" SrcFileId="1" StartOffset="7060"/>
</Header>
<LocList>
<Loc EndOffset="7363" SrcFileId="1" StartOffset="7060"/>
</LocList>
<StmntSeq Intrnl_Id="170">
<LocList>
<Loc EndOffset="7141" SrcFileId="1" StartOffset="7117"/>
<Loc EndOffset="7196" SrcFileId="1" StartOffset="7144"/>
<Loc EndOffset="7225" SrcFileId="1" StartOffset="7199"/>
<Loc EndOffset="7288" SrcFileId="1" StartOffset="7228"/>
<Loc EndOffset="7309" SrcFileId="1" StartOffset="7291"/>
<Loc EndOffset="7360" SrcFileId="1" StartOffset="7312"/>
</LocList>
<BasicStmnt CovItemId="S131" CovItemPrefix="test.BillTest.java" Intrnl_Id="171">
<LocList>
<Loc EndOffset="7141" SrcFileId="1" StartOffset="7117"/>
</LocList>
</BasicStmnt>
<BasicStmnt CovItemId="S132" CovItemPrefix="test.BillTest.java" Intrnl_Id="172">
<LocList>
<Loc EndOffset="7196" SrcFileId="1" StartOffset="7144"/>
</LocList>
</BasicStmnt>
<BasicStmnt CovItemId="S133" CovItemPrefix="test.BillTest.java" Intrnl_Id="173">
<LocList>
<Loc EndOffset="7225" SrcFileId="1" StartOffset="7199"/>
</LocList>
</BasicStmnt>
<BasicStmnt CovItemId="S134" CovItemPrefix="test.BillTest.java" Intrnl_Id="174">
<LocList>
<Loc EndOffset="7288" SrcFileId="1" StartOffset="7228"/>
</LocList>
</BasicStmnt>
<BasicStmnt CovItemId="S135" CovItemPrefix="test.BillTest.java" Intrnl_Id="175">
<LocList>
<Loc EndOffset="7309" SrcFileId="1" StartOffset="7291"/>
</LocList>
</BasicStmnt>
<BasicStmnt CovItemId="S136" CovItemPrefix="test.BillTest.java" Intrnl_Id="176">
<LocList>
<Loc EndOffset="7360" SrcFileId="1" StartOffset="7312"/>
</LocList>
</BasicStmnt>
</StmntSeq>
</HierarchyLvl>
<HierarchyLvl HierarchyLvlId="785" HierarchyLvlTypeId="8" Intrnl_Id="177" Name="testcase13">
<Header>
<Loc EndOffset="7398" SrcFileId="1" StartOffset="7367"/>
</Header>
<LocList>
<Loc EndOffset="7755" SrcFileId="1" StartOffset="7367"/>
</LocList>
<StmntSeq Intrnl_Id="178">
<LocList>
<Loc EndOffset="7448" SrcFileId="1" StartOffset="7424"/>
<Loc EndOffset="7503" SrcFileId="1" StartOffset="7451"/>
<Loc EndOffset="7532" SrcFileId="1" StartOffset="7506"/>
<Loc EndOffset="7595" SrcFileId="1" StartOffset="7535"/>
<Loc EndOffset="7617" SrcFileId="1" StartOffset="7598"/>
<Loc EndOffset="7681" SrcFileId="1" StartOffset="7620"/>
<Loc EndOffset="7701" SrcFileId="1" StartOffset="7684"/>
<Loc EndOffset="7752" SrcFileId="1" StartOffset="7704"/>
</LocList>
<BasicStmnt CovItemId="S137" CovItemPrefix="test.BillTest.java" Intrnl_Id="179">
<LocList>
<Loc EndOffset="7448" SrcFileId="1" StartOffset="7424"/>
</LocList>
</BasicStmnt>
<BasicStmnt CovItemId="S138" CovItemPrefix="test.BillTest.java" Intrnl_Id="180">
<LocList>
<Loc EndOffset="7503" SrcFileId="1" StartOffset="7451"/>
</LocList>
</BasicStmnt>
<BasicStmnt CovItemId="S139" CovItemPrefix="test.BillTest.java" Intrnl_Id="181">
<LocList>
<Loc EndOffset="7532" SrcFileId="1" StartOffset="7506"/>
</LocList>
</BasicStmnt>
<BasicStmnt CovItemId="S140" CovItemPrefix="test.BillTest.java" Intrnl_Id="182">
<LocList>
<Loc EndOffset="7595" SrcFileId="1" StartOffset="7535"/>
</LocList>
</BasicStmnt>
<BasicStmnt CovItemId="S141" CovItemPrefix="test.BillTest.java" Intrnl_Id="183">
<LocList>
<Loc EndOffset="7617" SrcFileId="1" StartOffset="7598"/>
</LocList>
</BasicStmnt>
<BasicStmnt CovItemId="S142" CovItemPrefix="test.BillTest.java" Intrnl_Id="184">
<LocList>
<Loc EndOffset="7681" SrcFileId="1" StartOffset="7620"/>
</LocList>
</BasicStmnt>
<BasicStmnt CovItemId="S143" CovItemPrefix="test.BillTest.java" Intrnl_Id="185">
<LocList>
<Loc EndOffset="7701" SrcFileId="1" StartOffset="7684"/>
</LocList>
</BasicStmnt>
<BasicStmnt CovItemId="S144" CovItemPrefix="test.BillTest.java" Intrnl_Id="186">
<LocList>
<Loc EndOffset="7752" SrcFileId="1" StartOffset="7704"/>
</LocList>
</BasicStmnt>
</StmntSeq>
</HierarchyLvl>
<HierarchyLvl HierarchyLvlId="786" HierarchyLvlTypeId="8" Intrnl_Id="187" Name="testcase14">
<Header>
<Loc EndOffset="7790" SrcFileId="1" StartOffset="7759"/>
</Header>
<LocList>
<Loc EndOffset="8148" SrcFileId="1" StartOffset="7759"/>
</LocList>
<StmntSeq Intrnl_Id="188">
<LocList>
<Loc EndOffset="7840" SrcFileId="1" StartOffset="7816"/>
<Loc EndOffset="7895" SrcFileId="1" StartOffset="7843"/>
<Loc EndOffset="7924" SrcFileId="1" StartOffset="7898"/>
<Loc EndOffset="7987" SrcFileId="1" StartOffset="7927"/>
<Loc EndOffset="8009" SrcFileId="1" StartOffset="7990"/>
<Loc EndOffset="8073" SrcFileId="1" StartOffset="8012"/>
<Loc EndOffset="8094" SrcFileId="1" StartOffset="8076"/>
<Loc EndOffset="8145" SrcFileId="1" StartOffset="8097"/>
</LocList>
<BasicStmnt CovItemId="S145" CovItemPrefix="test.BillTest.java" Intrnl_Id="189">
<LocList>
<Loc EndOffset="7840" SrcFileId="1" StartOffset="7816"/>
</LocList>
</BasicStmnt>
<BasicStmnt CovItemId="S146" CovItemPrefix="test.BillTest.java" Intrnl_Id="190">
<LocList>
<Loc EndOffset="7895" SrcFileId="1" StartOffset="7843"/>
</LocList>
</BasicStmnt>
<BasicStmnt CovItemId="S147" CovItemPrefix="test.BillTest.java" Intrnl_Id="191">
<LocList>
<Loc EndOffset="7924" SrcFileId="1" StartOffset="7898"/>
</LocList>
</BasicStmnt>
<BasicStmnt CovItemId="S148" CovItemPrefix="test.BillTest.java" Intrnl_Id="192">
<LocList>
<Loc EndOffset="7987" SrcFileId="1" StartOffset="7927"/>
</LocList>
</BasicStmnt>
<BasicStmnt CovItemId="S149" CovItemPrefix="test.BillTest.java" Intrnl_Id="193">
<LocList>
<Loc EndOffset="8009" SrcFileId="1" StartOffset="7990"/>
</LocList>
</BasicStmnt>
<BasicStmnt CovItemId="S150" CovItemPrefix="test.BillTest.java" Intrnl_Id="194">
<LocList>
<Loc EndOffset="8073" SrcFileId="1" StartOffset="8012"/>
</LocList>
</BasicStmnt>
<BasicStmnt CovItemId="S151" CovItemPrefix="test.BillTest.java" Intrnl_Id="195">
<LocList>
<Loc EndOffset="8094" SrcFileId="1" StartOffset="8076"/>
</LocList>
</BasicStmnt>
<BasicStmnt CovItemId="S152" CovItemPrefix="test.BillTest.java" Intrnl_Id="196">
<LocList>
<Loc EndOffset="8145" SrcFileId="1" StartOffset="8097"/>
</LocList>
</BasicStmnt>
</StmntSeq>
</HierarchyLvl>
<HierarchyLvl HierarchyLvlId="787" HierarchyLvlTypeId="8" Intrnl_Id="197" Name="testcase15">
<Header>
<Loc EndOffset="8183" SrcFileId="1" StartOffset="8152"/>
</Header>
<LocList>
<Loc EndOffset="8635" SrcFileId="1" StartOffset="8152"/>
</LocList>
<StmntSeq Intrnl_Id="198">
<LocList>
<Loc EndOffset="8233" SrcFileId="1" StartOffset="8209"/>
<Loc EndOffset="8288" SrcFileId="1" StartOffset="8236"/>
<Loc EndOffset="8317" SrcFileId="1" StartOffset="8291"/>
<Loc EndOffset="8380" SrcFileId="1" StartOffset="8320"/>
<Loc EndOffset="8402" SrcFileId="1" StartOffset="8383"/>
<Loc EndOffset="8466" SrcFileId="1" StartOffset="8405"/>
<Loc EndOffset="8488" SrcFileId="1" StartOffset="8469"/>
<Loc EndOffset="8561" SrcFileId="1" StartOffset="8491"/>
<Loc EndOffset="8581" SrcFileId="1" StartOffset="8564"/>
<Loc EndOffset="8632" SrcFileId="1" StartOffset="8584"/>
</LocList>
<BasicStmnt CovItemId="S153" CovItemPrefix="test.BillTest.java" Intrnl_Id="199">
<LocList>
<Loc EndOffset="8233" SrcFileId="1" StartOffset="8209"/>
</LocList>
</BasicStmnt>
<BasicStmnt CovItemId="S154" CovItemPrefix="test.BillTest.java" Intrnl_Id="200">
<LocList>
<Loc EndOffset="8288" SrcFileId="1" StartOffset="8236"/>
</LocList>
</BasicStmnt>
<BasicStmnt CovItemId="S155" CovItemPrefix="test.BillTest.java" Intrnl_Id="201">
<LocList>
<Loc EndOffset="8317" SrcFileId="1" StartOffset="8291"/>
</LocList>
</BasicStmnt>
<BasicStmnt CovItemId="S156" CovItemPrefix="test.BillTest.java" Intrnl_Id="202">
<LocList>
<Loc EndOffset="8380" SrcFileId="1" StartOffset="8320"/>
</LocList>
</BasicStmnt>
<BasicStmnt CovItemId="S157" CovItemPrefix="test.BillTest.java" Intrnl_Id="203">
<LocList>
<Loc EndOffset="8402" SrcFileId="1" StartOffset="8383"/>
</LocList>
</BasicStmnt>
<BasicStmnt CovItemId="S158" CovItemPrefix="test.BillTest.java" Intrnl_Id="204">
<LocList>
<Loc EndOffset="8466" SrcFileId="1" StartOffset="8405"/>
</LocList>
</BasicStmnt>
<BasicStmnt CovItemId="S159" CovItemPrefix="test.BillTest.java" Intrnl_Id="205">
<LocList>
<Loc EndOffset="8488" SrcFileId="1" StartOffset="8469"/>
</LocList>
</BasicStmnt>
<BasicStmnt CovItemId="S160" CovItemPrefix="test.BillTest.java" Intrnl_Id="206">
<LocList>
<Loc EndOffset="8561" SrcFileId="1" StartOffset="8491"/>
</LocList>
</BasicStmnt>
<BasicStmnt CovItemId="S161" CovItemPrefix="test.BillTest.java" Intrnl_Id="207">
<LocList>
<Loc EndOffset="8581" SrcFileId="1" StartOffset="8564"/>
</LocList>
</BasicStmnt>
<BasicStmnt CovItemId="S162" CovItemPrefix="test.BillTest.java" Intrnl_Id="208">
<LocList>
<Loc EndOffset="8632" SrcFileId="1" StartOffset="8584"/>
</LocList>
</BasicStmnt>
</StmntSeq>
</HierarchyLvl>
<HierarchyLvl HierarchyLvlId="788" HierarchyLvlTypeId="8" Intrnl_Id="209" Name="testcase16">
<Header>
<Loc EndOffset="8668" SrcFileId="1" StartOffset="8637"/>
</Header>
<LocList>
<Loc EndOffset="9121" SrcFileId="1" StartOffset="8637"/>
</LocList>
<StmntSeq Intrnl_Id="210">
<LocList>
<Loc EndOffset="8718" SrcFileId="1" StartOffset="8694"/>
<Loc EndOffset="8773" SrcFileId="1" StartOffset="8721"/>
<Loc EndOffset="8802" SrcFileId="1" StartOffset="8776"/>
<Loc EndOffset="8865" SrcFileId="1" StartOffset="8805"/>
<Loc EndOffset="8887" SrcFileId="1" StartOffset="8868"/>
<Loc EndOffset="8951" SrcFileId="1" StartOffset="8890"/>
<Loc EndOffset="8973" SrcFileId="1" StartOffset="8954"/>
<Loc EndOffset="9046" SrcFileId="1" StartOffset="8976"/>
<Loc EndOffset="9067" SrcFileId="1" StartOffset="9049"/>
<Loc EndOffset="9118" SrcFileId="1" StartOffset="9070"/>
</LocList>
<BasicStmnt CovItemId="S163" CovItemPrefix="test.BillTest.java" Intrnl_Id="211">
<LocList>
<Loc EndOffset="8718" SrcFileId="1" StartOffset="8694"/>
</LocList>
</BasicStmnt>
<BasicStmnt CovItemId="S164" CovItemPrefix="test.BillTest.java" Intrnl_Id="212">
<LocList>
<Loc EndOffset="8773" SrcFileId="1" StartOffset="8721"/>
</LocList>
</BasicStmnt>
<BasicStmnt CovItemId="S165" CovItemPrefix="test.BillTest.java" Intrnl_Id="213">
<LocList>
<Loc EndOffset="8802" SrcFileId="1" StartOffset="8776"/>
</LocList>
</BasicStmnt>
<BasicStmnt CovItemId="S166" CovItemPrefix="test.BillTest.java" Intrnl_Id="214">
<LocList>
<Loc EndOffset="8865" SrcFileId="1" StartOffset="8805"/>
</LocList>
</BasicStmnt>
<BasicStmnt CovItemId="S167" CovItemPrefix="test.BillTest.java" Intrnl_Id="215">
<LocList>
<Loc EndOffset="8887" SrcFileId="1" StartOffset="8868"/>
</LocList>
</BasicStmnt>
<BasicStmnt CovItemId="S168" CovItemPrefix="test.BillTest.java" Intrnl_Id="216">
<LocList>
<Loc EndOffset="8951" SrcFileId="1" StartOffset="8890"/>
</LocList>
</BasicStmnt>
<BasicStmnt CovItemId="S169" CovItemPrefix="test.BillTest.java" Intrnl_Id="217">
<LocList>
<Loc EndOffset="8973" SrcFileId="1" StartOffset="8954"/>
</LocList>
</BasicStmnt>
<BasicStmnt CovItemId="S170" CovItemPrefix="test.BillTest.java" Intrnl_Id="218">
<LocList>
<Loc EndOffset="9046" SrcFileId="1" StartOffset="8976"/>
</LocList>
</BasicStmnt>
<BasicStmnt CovItemId="S171" CovItemPrefix="test.BillTest.java" Intrnl_Id="219">
<LocList>
<Loc EndOffset="9067" SrcFileId="1" StartOffset="9049"/>
</LocList>
</BasicStmnt>
<BasicStmnt CovItemId="S172" CovItemPrefix="test.BillTest.java" Intrnl_Id="220">
<LocList>
<Loc EndOffset="9118" SrcFileId="1" StartOffset="9070"/>
</LocList>
</BasicStmnt>
</StmntSeq>
</HierarchyLvl>
<HierarchyLvl HierarchyLvlId="789" HierarchyLvlTypeId="8" Intrnl_Id="221" Name="testcase17">
<Header>
<Loc EndOffset="9154" SrcFileId="1" StartOffset="9123"/>
</Header>
<LocList>
<Loc EndOffset="9692" SrcFileId="1" StartOffset="9123"/>
</LocList>
<StmntSeq Intrnl_Id="222">
<LocList>
<Loc EndOffset="9204" SrcFileId="1" StartOffset="9180"/>
<Loc EndOffset="9259" SrcFileId="1" StartOffset="9207"/>
<Loc EndOffset="9288" SrcFileId="1" StartOffset="9262"/>
<Loc EndOffset="9351" SrcFileId="1" StartOffset="9291"/>
<Loc EndOffset="9373" SrcFileId="1" StartOffset="9354"/>
<Loc EndOffset="9437" SrcFileId="1" StartOffset="9376"/>
<Loc EndOffset="9459" SrcFileId="1" StartOffset="9440"/>
<Loc EndOffset="9532" SrcFileId="1" StartOffset="9462"/>
<Loc EndOffset="9554" SrcFileId="1" StartOffset="9535"/>
<Loc EndOffset="9617" SrcFileId="1" StartOffset="9557"/>
<Loc EndOffset="9637" SrcFileId="1" StartOffset="9620"/>
<Loc EndOffset="9688" SrcFileId="1" StartOffset="9640"/>
</LocList>
<BasicStmnt CovItemId="S173" CovItemPrefix="test.BillTest.java" Intrnl_Id="223">
<LocList>
<Loc EndOffset="9204" SrcFileId="1" StartOffset="9180"/>
</LocList>
</BasicStmnt>
<BasicStmnt CovItemId="S174" CovItemPrefix="test.BillTest.java" Intrnl_Id="224">
<LocList>
<Loc EndOffset="9259" SrcFileId="1" StartOffset="9207"/>
</LocList>
</BasicStmnt>
<BasicStmnt CovItemId="S175" CovItemPrefix="test.BillTest.java" Intrnl_Id="225">
<LocList>
<Loc EndOffset="9288" SrcFileId="1" StartOffset="9262"/>
</LocList>
</BasicStmnt>
<BasicStmnt CovItemId="S176" CovItemPrefix="test.BillTest.java" Intrnl_Id="226">
<LocList>
<Loc EndOffset="9351" SrcFileId="1" StartOffset="9291"/>
</LocList>
</BasicStmnt>
<BasicStmnt CovItemId="S177" CovItemPrefix="test.BillTest.java" Intrnl_Id="227">
<LocList>
<Loc EndOffset="9373" SrcFileId="1" StartOffset="9354"/>
</LocList>
</BasicStmnt>
<BasicStmnt CovItemId="S178" CovItemPrefix="test.BillTest.java" Intrnl_Id="228">
<LocList>
<Loc EndOffset="9437" SrcFileId="1" StartOffset="9376"/>
</LocList>
</BasicStmnt>
<BasicStmnt CovItemId="S179" CovItemPrefix="test.BillTest.java" Intrnl_Id="229">
<LocList>
<Loc EndOffset="9459" SrcFileId="1" StartOffset="9440"/>
</LocList>
</BasicStmnt>
<BasicStmnt CovItemId="S180" CovItemPrefix="test.BillTest.java" Intrnl_Id="230">
<LocList>
<Loc EndOffset="9532" SrcFileId="1" StartOffset="9462"/>
</LocList>
</BasicStmnt>
<BasicStmnt CovItemId="S181" CovItemPrefix="test.BillTest.java" Intrnl_Id="231">
<LocList>
<Loc EndOffset="9554" SrcFileId="1" StartOffset="9535"/>
</LocList>
</BasicStmnt>
<BasicStmnt CovItemId="S182" CovItemPrefix="test.BillTest.java" Intrnl_Id="232">
<LocList>
<Loc EndOffset="9617" SrcFileId="1" StartOffset="9557"/>
</LocList>
</BasicStmnt>
<BasicStmnt CovItemId="S183" CovItemPrefix="test.BillTest.java" Intrnl_Id="233">
<LocList>
<Loc EndOffset="9637" SrcFileId="1" StartOffset="9620"/>
</LocList>
</BasicStmnt>
<BasicStmnt CovItemId="S184" CovItemPrefix="test.BillTest.java" Intrnl_Id="234">
<LocList>
<Loc EndOffset="9688" SrcFileId="1" StartOffset="9640"/>
</LocList>
</BasicStmnt>
</StmntSeq>
</HierarchyLvl>
<HierarchyLvl HierarchyLvlId="790" HierarchyLvlTypeId="8" Intrnl_Id="235" Name="testcase18">
<Header>
<Loc EndOffset="9727" SrcFileId="1" StartOffset="9696"/>
</Header>
<LocList>
<Loc EndOffset="10266" SrcFileId="1" StartOffset="9696"/>
</LocList>
<StmntSeq Intrnl_Id="236">
<LocList>
<Loc EndOffset="9777" SrcFileId="1" StartOffset="9753"/>
<Loc EndOffset="9832" SrcFileId="1" StartOffset="9780"/>
<Loc EndOffset="9861" SrcFileId="1" StartOffset="9835"/>
<Loc EndOffset="9924" SrcFileId="1" StartOffset="9864"/>
<Loc EndOffset="9946" SrcFileId="1" StartOffset="9927"/>
<Loc EndOffset="10010" SrcFileId="1" StartOffset="9949"/>
<Loc EndOffset="10032" SrcFileId="1" StartOffset="10013"/>
<Loc EndOffset="10105" SrcFileId="1" StartOffset="10035"/>
<Loc EndOffset="10127" SrcFileId="1" StartOffset="10108"/>
<Loc EndOffset="10190" SrcFileId="1" StartOffset="10130"/>
<Loc EndOffset="10211" SrcFileId="1" StartOffset="10193"/>
<Loc EndOffset="10262" SrcFileId="1" StartOffset="10214"/>
</LocList>
<BasicStmnt CovItemId="S185" CovItemPrefix="test.BillTest.java" Intrnl_Id="237">
<LocList>
<Loc EndOffset="9777" SrcFileId="1" StartOffset="9753"/>
</LocList>
</BasicStmnt>
<BasicStmnt CovItemId="S186" CovItemPrefix="test.BillTest.java" Intrnl_Id="238">
<LocList>
<Loc EndOffset="9832" SrcFileId="1" StartOffset="9780"/>
</LocList>
</BasicStmnt>
<BasicStmnt CovItemId="S187" CovItemPrefix="test.BillTest.java" Intrnl_Id="239">
<LocList>
<Loc EndOffset="9861" SrcFileId="1" StartOffset="9835"/>
</LocList>
</BasicStmnt>
<BasicStmnt CovItemId="S188" CovItemPrefix="test.BillTest.java" Intrnl_Id="240">
<LocList>
<Loc EndOffset="9924" SrcFileId="1" StartOffset="9864"/>
</LocList>
</BasicStmnt>
<BasicStmnt CovItemId="S189" CovItemPrefix="test.BillTest.java" Intrnl_Id="241">
<LocList>
<Loc EndOffset="9946" SrcFileId="1" StartOffset="9927"/>
</LocList>
</BasicStmnt>
<BasicStmnt CovItemId="S190" CovItemPrefix="test.BillTest.java" Intrnl_Id="242">
<LocList>
<Loc EndOffset="10010" SrcFileId="1" StartOffset="9949"/>
</LocList>
</BasicStmnt>
<BasicStmnt CovItemId="S191" CovItemPrefix="test.BillTest.java" Intrnl_Id="243">
<LocList>
<Loc EndOffset="10032" SrcFileId="1" StartOffset="10013"/>
</LocList>
</BasicStmnt>
<BasicStmnt CovItemId="S192" CovItemPrefix="test.BillTest.java" Intrnl_Id="244">
<LocList>
<Loc EndOffset="10105" SrcFileId="1" StartOffset="10035"/>
</LocList>
</BasicStmnt>
<BasicStmnt CovItemId="S193" CovItemPrefix="test.BillTest.java" Intrnl_Id="245">
<LocList>
<Loc EndOffset="10127" SrcFileId="1" StartOffset="10108"/>
</LocList>
</BasicStmnt>
<BasicStmnt CovItemId="S194" CovItemPrefix="test.BillTest.java" Intrnl_Id="246">
<LocList>
<Loc EndOffset="10190" SrcFileId="1" StartOffset="10130"/>
</LocList>
</BasicStmnt>
<BasicStmnt CovItemId="S195" CovItemPrefix="test.BillTest.java" Intrnl_Id="247">
<LocList>
<Loc EndOffset="10211" SrcFileId="1" StartOffset="10193"/>
</LocList>
</BasicStmnt>
<BasicStmnt CovItemId="S196" CovItemPrefix="test.BillTest.java" Intrnl_Id="248">
<LocList>
<Loc EndOffset="10262" SrcFileId="1" StartOffset="10214"/>
</LocList>
</BasicStmnt>
</StmntSeq>
</HierarchyLvl>
<HierarchyLvl HierarchyLvlId="791" HierarchyLvlTypeId="8" Intrnl_Id="249" Name="testcase19">
<Header>
<Loc EndOffset="10299" SrcFileId="1" StartOffset="10268"/>
</Header>
<LocList>
<Loc EndOffset="10901" SrcFileId="1" StartOffset="10268"/>
</LocList>
<StmntSeq Intrnl_Id="250">
<LocList>
<Loc EndOffset="10349" SrcFileId="1" StartOffset="10325"/>
<Loc EndOffset="10382" SrcFileId="1" StartOffset="10352"/>
<Loc EndOffset="10437" SrcFileId="1" StartOffset="10385"/>
<Loc EndOffset="10466" SrcFileId="1" StartOffset="10440"/>
<Loc EndOffset="10529" SrcFileId="1" StartOffset="10469"/>
<Loc EndOffset="10551" SrcFileId="1" StartOffset="10532"/>
<Loc EndOffset="10615" SrcFileId="1" StartOffset="10554"/>
<Loc EndOffset="10637" SrcFileId="1" StartOffset="10618"/>
<Loc EndOffset="10710" SrcFileId="1" StartOffset="10640"/>
<Loc EndOffset="10732" SrcFileId="1" StartOffset="10713"/>
<Loc EndOffset="10795" SrcFileId="1" StartOffset="10735"/>
<Loc EndOffset="10817" SrcFileId="1" StartOffset="10798"/>
<Loc EndOffset="10897" SrcFileId="1" StartOffset="10830"/>
</LocList>
<BasicStmnt CovItemId="S197" CovItemPrefix="test.BillTest.java" Intrnl_Id="251">
<LocList>
<Loc EndOffset="10349" SrcFileId="1" StartOffset="10325"/>
</LocList>
</BasicStmnt>
<BasicStmnt CovItemId="S198" CovItemPrefix="test.BillTest.java" Intrnl_Id="252">
<LocList>
<Loc EndOffset="10382" SrcFileId="1" StartOffset="10352"/>
</LocList>
</BasicStmnt>
<BasicStmnt CovItemId="S199" CovItemPrefix="test.BillTest.java" Intrnl_Id="253">
<LocList>
<Loc EndOffset="10437" SrcFileId="1" StartOffset="10385"/>
</LocList>
</BasicStmnt>
<BasicStmnt CovItemId="S200" CovItemPrefix="test.BillTest.java" Intrnl_Id="254">
<LocList>
<Loc EndOffset="10466" SrcFileId="1" StartOffset="10440"/>
</LocList>
</BasicStmnt>
<BasicStmnt CovItemId="S201" CovItemPrefix="test.BillTest.java" Intrnl_Id="255">
<LocList>
<Loc EndOffset="10529" SrcFileId="1" StartOffset="10469"/>
</LocList>
</BasicStmnt>
<BasicStmnt CovItemId="S202" CovItemPrefix="test.BillTest.java" Intrnl_Id="256">
<LocList>
<Loc EndOffset="10551" SrcFileId="1" StartOffset="10532"/>
</LocList>
</BasicStmnt>
<BasicStmnt CovItemId="S203" CovItemPrefix="test.BillTest.java" Intrnl_Id="257">
<LocList>
<Loc EndOffset="10615" SrcFileId="1" StartOffset="10554"/>
</LocList>
</BasicStmnt>
<BasicStmnt CovItemId="S204" CovItemPrefix="test.BillTest.java" Intrnl_Id="258">
<LocList>
<Loc EndOffset="10637" SrcFileId="1" StartOffset="10618"/>
</LocList>
</BasicStmnt>
<BasicStmnt CovItemId="S205" CovItemPrefix="test.BillTest.java" Intrnl_Id="259">
<LocList>
<Loc EndOffset="10710" SrcFileId="1" StartOffset="10640"/>
</LocList>
</BasicStmnt>
<BasicStmnt CovItemId="S206" CovItemPrefix="test.BillTest.java" Intrnl_Id="260">
<LocList>
<Loc EndOffset="10732" SrcFileId="1" StartOffset="10713"/>
</LocList>
</BasicStmnt>
<BasicStmnt CovItemId="S207" CovItemPrefix="test.BillTest.java" Intrnl_Id="261">
<LocList>
<Loc EndOffset="10795" SrcFileId="1" StartOffset="10735"/>
</LocList>
</BasicStmnt>
<BasicStmnt CovItemId="S208" CovItemPrefix="test.BillTest.java" Intrnl_Id="262">
<LocList>
<Loc EndOffset="10817" SrcFileId="1" StartOffset="10798"/>
</LocList>
</BasicStmnt>
<BasicStmnt CovItemId="S209" CovItemPrefix="test.BillTest.java" Intrnl_Id="263">
<LocList>
<Loc EndOffset="10897" SrcFileId="1" StartOffset="10830"/>
</LocList>
</BasicStmnt>
</StmntSeq>
</HierarchyLvl>
<HierarchyLvl HierarchyLvlId="792" HierarchyLvlTypeId="8" Intrnl_Id="264" Name="testcase20">
<Header>
<Loc EndOffset="10934" SrcFileId="1" StartOffset="10903"/>
</Header>
<LocList>
<Loc EndOffset="11526" SrcFileId="1" StartOffset="10903"/>
</LocList>
<StmntSeq Intrnl_Id="265">
<LocList>
<Loc EndOffset="10984" SrcFileId="1" StartOffset="10960"/>
<Loc EndOffset="11016" SrcFileId="1" StartOffset="10987"/>
<Loc EndOffset="11071" SrcFileId="1" StartOffset="11019"/>
<Loc EndOffset="11100" SrcFileId="1" StartOffset="11074"/>
<Loc EndOffset="11163" SrcFileId="1" StartOffset="11103"/>
<Loc EndOffset="11185" SrcFileId="1" StartOffset="11166"/>
<Loc EndOffset="11249" SrcFileId="1" StartOffset="11188"/>
<Loc EndOffset="11271" SrcFileId="1" StartOffset="11252"/>
<Loc EndOffset="11344" SrcFileId="1" StartOffset="11274"/>
<Loc EndOffset="11366" SrcFileId="1" StartOffset="11347"/>
<Loc EndOffset="11429" SrcFileId="1" StartOffset="11369"/>
<Loc EndOffset="11451" SrcFileId="1" StartOffset="11432"/>
<Loc EndOffset="11522" SrcFileId="1" StartOffset="11464"/>
</LocList>
<BasicStmnt CovItemId="S210" CovItemPrefix="test.BillTest.java" Intrnl_Id="266">
<LocList>
<Loc EndOffset="10984" SrcFileId="1" StartOffset="10960"/>
</LocList>
</BasicStmnt>
<BasicStmnt CovItemId="S211" CovItemPrefix="test.BillTest.java" Intrnl_Id="267">
<LocList>
<Loc EndOffset="11016" SrcFileId="1" StartOffset="10987"/>
</LocList>
</BasicStmnt>
<BasicStmnt CovItemId="S212" CovItemPrefix="test.BillTest.java" Intrnl_Id="268">
<LocList>
<Loc EndOffset="11071" SrcFileId="1" StartOffset="11019"/>
</LocList>
</BasicStmnt>
<BasicStmnt CovItemId="S213" CovItemPrefix="test.BillTest.java" Intrnl_Id="269">
<LocList>
<Loc EndOffset="11100" SrcFileId="1" StartOffset="11074"/>
</LocList>
</BasicStmnt>
<BasicStmnt CovItemId="S214" CovItemPrefix="test.BillTest.java" Intrnl_Id="270">
<LocList>
<Loc EndOffset="11163" SrcFileId="1" StartOffset="11103"/>
</LocList>
</BasicStmnt>
<BasicStmnt CovItemId="S215" CovItemPrefix="test.BillTest.java" Intrnl_Id="271">
<LocList>
<Loc EndOffset="11185" SrcFileId="1" StartOffset="11166"/>
</LocList>
</BasicStmnt>
<BasicStmnt CovItemId="S216" CovItemPrefix="test.BillTest.java" Intrnl_Id="272">
<LocList>
<Loc EndOffset="11249" SrcFileId="1" StartOffset="11188"/>
</LocList>
</BasicStmnt>
<BasicStmnt CovItemId="S217" CovItemPrefix="test.BillTest.java" Intrnl_Id="273">
<LocList>
<Loc EndOffset="11271" SrcFileId="1" StartOffset="11252"/>
</LocList>
</BasicStmnt>
<BasicStmnt CovItemId="S218" CovItemPrefix="test.BillTest.java" Intrnl_Id="274">
<LocList>
<Loc EndOffset="11344" SrcFileId="1" StartOffset="11274"/>
</LocList>
</BasicStmnt>
<BasicStmnt CovItemId="S219" CovItemPrefix="test.BillTest.java" Intrnl_Id="275">
<LocList>
<Loc EndOffset="11366" SrcFileId="1" StartOffset="11347"/>
</LocList>
</BasicStmnt>
<BasicStmnt CovItemId="S220" CovItemPrefix="test.BillTest.java" Intrnl_Id="276">
<LocList>
<Loc EndOffset="11429" SrcFileId="1" StartOffset="11369"/>
</LocList>
</BasicStmnt>
<BasicStmnt CovItemId="S221" CovItemPrefix="test.BillTest.java" Intrnl_Id="277">
<LocList>
<Loc EndOffset="11451" SrcFileId="1" StartOffset="11432"/>
</LocList>
</BasicStmnt>
<BasicStmnt CovItemId="S222" CovItemPrefix="test.BillTest.java" Intrnl_Id="278">
<LocList>
<Loc EndOffset="11522" SrcFileId="1" StartOffset="11464"/>
</LocList>
</BasicStmnt>
</StmntSeq>
</HierarchyLvl>
<HierarchyLvl HierarchyLvlId="793" HierarchyLvlTypeId="8" Intrnl_Id="279" Name="testcase21">
<Header>
<Loc EndOffset="11559" SrcFileId="1" StartOffset="11528"/>
</Header>
<LocList>
<Loc EndOffset="12148" SrcFileId="1" StartOffset="11528"/>
</LocList>
<StmntSeq Intrnl_Id="280">
<LocList>
<Loc EndOffset="11603" SrcFileId="1" StartOffset="11579"/>
<Loc EndOffset="11658" SrcFileId="1" StartOffset="11606"/>
<Loc EndOffset="11686" SrcFileId="1" StartOffset="11661"/>
<Loc EndOffset="11756" SrcFileId="1" StartOffset="11689"/>
<Loc EndOffset="11784" SrcFileId="1" StartOffset="11759"/>
<Loc EndOffset="11854" SrcFileId="1" StartOffset="11787"/>
<Loc EndOffset="11886" SrcFileId="1" StartOffset="11860"/>
<Loc EndOffset="11956" SrcFileId="1" StartOffset="11889"/>
<Loc EndOffset="11982" SrcFileId="1" StartOffset="11962"/>
<Loc EndOffset="12052" SrcFileId="1" StartOffset="11985"/>
<Loc EndOffset="12071" SrcFileId="1" StartOffset="12056"/>
<Loc EndOffset="12141" SrcFileId="1" StartOffset="12074"/>
</LocList>
<BasicStmnt CovItemId="S223" CovItemPrefix="test.BillTest.java" Intrnl_Id="281">
<LocList>
<Loc EndOffset="11603" SrcFileId="1" StartOffset="11579"/>
</LocList>
</BasicStmnt>
<BasicStmnt CovItemId="S224" CovItemPrefix="test.BillTest.java" Intrnl_Id="282">
<LocList>
<Loc EndOffset="11658" SrcFileId="1" StartOffset="11606"/>
</LocList>
</BasicStmnt>
<BasicStmnt CovItemId="S225" CovItemPrefix="test.BillTest.java" Intrnl_Id="283">
<LocList>
<Loc EndOffset="11686" SrcFileId="1" StartOffset="11661"/>
</LocList>
</BasicStmnt>
<BasicStmnt CovItemId="S226" CovItemPrefix="test.BillTest.java" Intrnl_Id="284">
<LocList>
<Loc EndOffset="11756" SrcFileId="1" StartOffset="11689"/>
</LocList>
</BasicStmnt>
<BasicStmnt CovItemId="S227" CovItemPrefix="test.BillTest.java" Intrnl_Id="285">
<LocList>
<Loc EndOffset="11784" SrcFileId="1" StartOffset="11759"/>
</LocList>
</BasicStmnt>
<BasicStmnt CovItemId="S228" CovItemPrefix="test.BillTest.java" Intrnl_Id="286">
<LocList>
<Loc EndOffset="11854" SrcFileId="1" StartOffset="11787"/>
</LocList>
</BasicStmnt>
<BasicStmnt CovItemId="S229" CovItemPrefix="test.BillTest.java" Intrnl_Id="287">
<LocList>
<Loc EndOffset="11886" SrcFileId="1" StartOffset="11860"/>
</LocList>
</BasicStmnt>
<BasicStmnt CovItemId="S230" CovItemPrefix="test.BillTest.java" Intrnl_Id="288">
<LocList>
<Loc EndOffset="11956" SrcFileId="1" StartOffset="11889"/>
</LocList>
</BasicStmnt>
<BasicStmnt CovItemId="S231" CovItemPrefix="test.BillTest.java" Intrnl_Id="289">
<LocList>
<Loc EndOffset="11982" SrcFileId="1" StartOffset="11962"/>
</LocList>
</BasicStmnt>
<BasicStmnt CovItemId="S232" CovItemPrefix="test.BillTest.java" Intrnl_Id="290">
<LocList>
<Loc EndOffset="12052" SrcFileId="1" StartOffset="11985"/>
</LocList>
</BasicStmnt>
<BasicStmnt CovItemId="S233" CovItemPrefix="test.BillTest.java" Intrnl_Id="291">
<LocList>
<Loc EndOffset="12071" SrcFileId="1" StartOffset="12056"/>
</LocList>
</BasicStmnt>
<BasicStmnt CovItemId="S234" CovItemPrefix="test.BillTest.java" Intrnl_Id="292">
<LocList>
<Loc EndOffset="12141" SrcFileId="1" StartOffset="12074"/>
</LocList>
</BasicStmnt>
</StmntSeq>
</HierarchyLvl>
<HierarchyLvl HierarchyLvlId="794" HierarchyLvlTypeId="8" Intrnl_Id="293" Name="testcase22">
<Header>
<Loc EndOffset="12183" SrcFileId="1" StartOffset="12152"/>
</Header>
<LocList>
<Loc EndOffset="12866" SrcFileId="1" StartOffset="12152"/>
</LocList>
<StmntSeq Intrnl_Id="294">
<LocList>
<Loc EndOffset="12227" SrcFileId="1" StartOffset="12203"/>
<Loc EndOffset="12282" SrcFileId="1" StartOffset="12230"/>
<Loc EndOffset="12310" SrcFileId="1" StartOffset="12285"/>
<Loc EndOffset="12380" SrcFileId="1" StartOffset="12313"/>
<Loc EndOffset="12402" SrcFileId="1" StartOffset="12383"/>
<Loc EndOffset="12473" SrcFileId="1" StartOffset="12405"/>
<Loc EndOffset="12501" SrcFileId="1" StartOffset="12476"/>
<Loc EndOffset="12572" SrcFileId="1" StartOffset="12504"/>
<Loc EndOffset="12604" SrcFileId="1" StartOffset="12578"/>
<Loc EndOffset="12675" SrcFileId="1" StartOffset="12607"/>
<Loc EndOffset="12701" SrcFileId="1" StartOffset="12681"/>
<Loc EndOffset="12772" SrcFileId="1" StartOffset="12704"/>
<Loc EndOffset="12791" SrcFileId="1" StartOffset="12776"/>
<Loc EndOffset="12862" SrcFileId="1" StartOffset="12794"/>
</LocList>
<BasicStmnt CovItemId="S235" CovItemPrefix="test.BillTest.java" Intrnl_Id="295">
<LocList>
<Loc EndOffset="12227" SrcFileId="1" StartOffset="12203"/>
</LocList>
</BasicStmnt>
<BasicStmnt CovItemId="S236" CovItemPrefix="test.BillTest.java" Intrnl_Id="296">
<LocList>
<Loc EndOffset="12282" SrcFileId="1" StartOffset="12230"/>
</LocList>
</BasicStmnt>
<BasicStmnt CovItemId="S237" CovItemPrefix="test.BillTest.java" Intrnl_Id="297">
<LocList>
<Loc EndOffset="12310" SrcFileId="1" StartOffset="12285"/>
</LocList>
</BasicStmnt>
<BasicStmnt CovItemId="S238" CovItemPrefix="test.BillTest.java" Intrnl_Id="298">
<LocList>
<Loc EndOffset="12380" SrcFileId="1" StartOffset="12313"/>
</LocList>
</BasicStmnt>
<BasicStmnt CovItemId="S239" CovItemPrefix="test.BillTest.java" Intrnl_Id="299">
<LocList>
<Loc EndOffset="12402" SrcFileId="1" StartOffset="12383"/>
</LocList>
</BasicStmnt>
<BasicStmnt CovItemId="S240" CovItemPrefix="test.BillTest.java" Intrnl_Id="300">
<LocList>
<Loc EndOffset="12473" SrcFileId="1" StartOffset="12405"/>
</LocList>
</BasicStmnt>
<BasicStmnt CovItemId="S241" CovItemPrefix="test.BillTest.java" Intrnl_Id="301">
<LocList>
<Loc EndOffset="12501" SrcFileId="1" StartOffset="12476"/>
</LocList>
</BasicStmnt>
<BasicStmnt CovItemId="S242" CovItemPrefix="test.BillTest.java" Intrnl_Id="302">
<LocList>
<Loc EndOffset="12572" SrcFileId="1" StartOffset="12504"/>
</LocList>
</BasicStmnt>
<BasicStmnt CovItemId="S243" CovItemPrefix="test.BillTest.java" Intrnl_Id="303">
<LocList>
<Loc EndOffset="12604" SrcFileId="1" StartOffset="12578"/>
</LocList>
</BasicStmnt>
<BasicStmnt CovItemId="S244" CovItemPrefix="test.BillTest.java" Intrnl_Id="304">
<LocList>
<Loc EndOffset="12675" SrcFileId="1" StartOffset="12607"/>
</LocList>
</BasicStmnt>
<BasicStmnt CovItemId="S245" CovItemPrefix="test.BillTest.java" Intrnl_Id="305">
<LocList>
<Loc EndOffset="12701" SrcFileId="1" StartOffset="12681"/>
</LocList>
</BasicStmnt>
<BasicStmnt CovItemId="S246" CovItemPrefix="test.BillTest.java" Intrnl_Id="306">
<LocList>
<Loc EndOffset="12772" SrcFileId="1" StartOffset="12704"/>
</LocList>
</BasicStmnt>
<BasicStmnt CovItemId="S247" CovItemPrefix="test.BillTest.java" Intrnl_Id="307">
<LocList>
<Loc EndOffset="12791" SrcFileId="1" StartOffset="12776"/>
</LocList>
</BasicStmnt>
<BasicStmnt CovItemId="S248" CovItemPrefix="test.BillTest.java" Intrnl_Id="308">
<LocList>
<Loc EndOffset="12862" SrcFileId="1" StartOffset="12794"/>
</LocList>
</BasicStmnt>
</StmntSeq>
</HierarchyLvl>
<HierarchyLvl HierarchyLvlId="795" HierarchyLvlTypeId="8" Intrnl_Id="309" Name="testcase23">
<Header>
<Loc EndOffset="12899" SrcFileId="1" StartOffset="12868"/>
</Header>
<LocList>
<Loc EndOffset="13612" SrcFileId="1" StartOffset="12868"/>
</LocList>
<StmntSeq Intrnl_Id="310">
<LocList>
<Loc EndOffset="12943" SrcFileId="1" StartOffset="12919"/>
<Loc EndOffset="12998" SrcFileId="1" StartOffset="12946"/>
<Loc EndOffset="13026" SrcFileId="1" StartOffset="13001"/>
<Loc EndOffset="13096" SrcFileId="1" StartOffset="13029"/>
<Loc EndOffset="13118" SrcFileId="1" StartOffset="13099"/>
<Loc EndOffset="13189" SrcFileId="1" StartOffset="13121"/>
<Loc EndOffset="13211" SrcFileId="1" StartOffset="13192"/>
<Loc EndOffset="13291" SrcFileId="1" StartOffset="13214"/>
<Loc EndOffset="13323" SrcFileId="1" StartOffset="13297"/>
<Loc EndOffset="13403" SrcFileId="1" StartOffset="13326"/>
<Loc EndOffset="13429" SrcFileId="1" StartOffset="13409"/>
<Loc EndOffset="13509" SrcFileId="1" StartOffset="13432"/>
<Loc EndOffset="13528" SrcFileId="1" StartOffset="13513"/>
<Loc EndOffset="13608" SrcFileId="1" StartOffset="13531"/>
</LocList>
<BasicStmnt CovItemId="S249" CovItemPrefix="test.BillTest.java" Intrnl_Id="311">
<LocList>
<Loc EndOffset="12943" SrcFileId="1" StartOffset="12919"/>
</LocList>
</BasicStmnt>
<BasicStmnt CovItemId="S250" CovItemPrefix="test.BillTest.java" Intrnl_Id="312">
<LocList>
<Loc EndOffset="12998" SrcFileId="1" StartOffset="12946"/>
</LocList>
</BasicStmnt>
<BasicStmnt CovItemId="S251" CovItemPrefix="test.BillTest.java" Intrnl_Id="313">
<LocList>
<Loc EndOffset="13026" SrcFileId="1" StartOffset="13001"/>
</LocList>
</BasicStmnt>
<BasicStmnt CovItemId="S252" CovItemPrefix="test.BillTest.java" Intrnl_Id="314">
<LocList>
<Loc EndOffset="13096" SrcFileId="1" StartOffset="13029"/>
</LocList>
</BasicStmnt>
<BasicStmnt CovItemId="S253" CovItemPrefix="test.BillTest.java" Intrnl_Id="315">
<LocList>
<Loc EndOffset="13118" SrcFileId="1" StartOffset="13099"/>
</LocList>
</BasicStmnt>
<BasicStmnt CovItemId="S254" CovItemPrefix="test.BillTest.java" Intrnl_Id="316">
<LocList>
<Loc EndOffset="13189" SrcFileId="1" StartOffset="13121"/>
</LocList>
</BasicStmnt>
<BasicStmnt CovItemId="S255" CovItemPrefix="test.BillTest.java" Intrnl_Id="317">
<LocList>
<Loc EndOffset="13211" SrcFileId="1" StartOffset="13192"/>
</LocList>
</BasicStmnt>
<BasicStmnt CovItemId="S256" CovItemPrefix="test.BillTest.java" Intrnl_Id="318">
<LocList>
<Loc EndOffset="13291" SrcFileId="1" StartOffset="13214"/>
</LocList>
</BasicStmnt>
<BasicStmnt CovItemId="S257" CovItemPrefix="test.BillTest.java" Intrnl_Id="319">
<LocList>
<Loc EndOffset="13323" SrcFileId="1" StartOffset="13297"/>
</LocList>
</BasicStmnt>
<BasicStmnt CovItemId="S258" CovItemPrefix="test.BillTest.java" Intrnl_Id="320">
<LocList>
<Loc EndOffset="13403" SrcFileId="1" StartOffset="13326"/>
</LocList>
</BasicStmnt>
<BasicStmnt CovItemId="S259" CovItemPrefix="test.BillTest.java" Intrnl_Id="321">
<LocList>
<Loc EndOffset="13429" SrcFileId="1" StartOffset="13409"/>
</LocList>
</BasicStmnt>
<BasicStmnt CovItemId="S260" CovItemPrefix="test.BillTest.java" Intrnl_Id="322">
<LocList>
<Loc EndOffset="13509" SrcFileId="1" StartOffset="13432"/>
</LocList>
</BasicStmnt>
<BasicStmnt CovItemId="S261" CovItemPrefix="test.BillTest.java" Intrnl_Id="323">
<LocList>
<Loc EndOffset="13528" SrcFileId="1" StartOffset="13513"/>
</LocList>
</BasicStmnt>
<BasicStmnt CovItemId="S262" CovItemPrefix="test.BillTest.java" Intrnl_Id="324">
<LocList>
<Loc EndOffset="13608" SrcFileId="1" StartOffset="13531"/>
</LocList>
</BasicStmnt>
</StmntSeq>
</HierarchyLvl>
<HierarchyLvl HierarchyLvlId="796" HierarchyLvlTypeId="8" Intrnl_Id="325" Name="testcase24">
<Header>
<Loc EndOffset="13647" SrcFileId="1" StartOffset="13616"/>
</Header>
<LocList>
<Loc EndOffset="14420" SrcFileId="1" StartOffset="13616"/>
</LocList>
<StmntSeq Intrnl_Id="326">
<LocList>
<Loc EndOffset="13691" SrcFileId="1" StartOffset="13667"/>
<Loc EndOffset="13746" SrcFileId="1" StartOffset="13694"/>
<Loc EndOffset="13774" SrcFileId="1" StartOffset="13749"/>
<Loc EndOffset="13844" SrcFileId="1" StartOffset="13777"/>
<Loc EndOffset="13866" SrcFileId="1" StartOffset="13847"/>
<Loc EndOffset="13937" SrcFileId="1" StartOffset="13869"/>
<Loc EndOffset="13959" SrcFileId="1" StartOffset="13940"/>
<Loc EndOffset="14039" SrcFileId="1" StartOffset="13962"/>
<Loc EndOffset="14061" SrcFileId="1" StartOffset="14042"/>
<Loc EndOffset="14131" SrcFileId="1" StartOffset="14064"/>
<Loc EndOffset="14161" SrcFileId="1" StartOffset="14135"/>
<Loc EndOffset="14231" SrcFileId="1" StartOffset="14164"/>
<Loc EndOffset="14257" SrcFileId="1" StartOffset="14237"/>
<Loc EndOffset="14327" SrcFileId="1" StartOffset="14260"/>
<Loc EndOffset="14346" SrcFileId="1" StartOffset="14331"/>
<Loc EndOffset="14416" SrcFileId="1" StartOffset="14349"/>
</LocList>
<BasicStmnt CovItemId="S263" CovItemPrefix="test.BillTest.java" Intrnl_Id="327">
<LocList>
<Loc EndOffset="13691" SrcFileId="1" StartOffset="13667"/>
</LocList>
</BasicStmnt>
<BasicStmnt CovItemId="S264" CovItemPrefix="test.BillTest.java" Intrnl_Id="328">
<LocList>
<Loc EndOffset="13746" SrcFileId="1" StartOffset="13694"/>
</LocList>
</BasicStmnt>
<BasicStmnt CovItemId="S265" CovItemPrefix="test.BillTest.java" Intrnl_Id="329">
<LocList>
<Loc EndOffset="13774" SrcFileId="1" StartOffset="13749"/>
</LocList>
</BasicStmnt>
<BasicStmnt CovItemId="S266" CovItemPrefix="test.BillTest.java" Intrnl_Id="330">
<LocList>
<Loc EndOffset="13844" SrcFileId="1" StartOffset="13777"/>
</LocList>
</BasicStmnt>
<BasicStmnt CovItemId="S267" CovItemPrefix="test.BillTest.java" Intrnl_Id="331">
<LocList>
<Loc EndOffset="13866" SrcFileId="1" StartOffset="13847"/>
</LocList>
</BasicStmnt>
<BasicStmnt CovItemId="S268" CovItemPrefix="test.BillTest.java" Intrnl_Id="332">
<LocList>
<Loc EndOffset="13937" SrcFileId="1" StartOffset="13869"/>
</LocList>
</BasicStmnt>
<BasicStmnt CovItemId="S269" CovItemPrefix="test.BillTest.java" Intrnl_Id="333">
<LocList>
<Loc EndOffset="13959" SrcFileId="1" StartOffset="13940"/>
</LocList>
</BasicStmnt>
<BasicStmnt CovItemId="S270" CovItemPrefix="test.BillTest.java" Intrnl_Id="334">
<LocList>
<Loc EndOffset="14039" SrcFileId="1" StartOffset="13962"/>
</LocList>
</BasicStmnt>
<BasicStmnt CovItemId="S271" CovItemPrefix="test.BillTest.java" Intrnl_Id="335">
<LocList>
<Loc EndOffset="14061" SrcFileId="1" StartOffset="14042"/>
</LocList>
</BasicStmnt>
<BasicStmnt CovItemId="S272" CovItemPrefix="test.BillTest.java" Intrnl_Id="336">
<LocList>
<Loc EndOffset="14131" SrcFileId="1" StartOffset="14064"/>
</LocList>
</BasicStmnt>
<BasicStmnt CovItemId="S273" CovItemPrefix="test.BillTest.java" Intrnl_Id="337">
<LocList>
<Loc EndOffset="14161" SrcFileId="1" StartOffset="14135"/>
</LocList>
</BasicStmnt>
<BasicStmnt CovItemId="S274" CovItemPrefix="test.BillTest.java" Intrnl_Id="338">
<LocList>
<Loc EndOffset="14231" SrcFileId="1" StartOffset="14164"/>
</LocList>
</BasicStmnt>
<BasicStmnt CovItemId="S275" CovItemPrefix="test.BillTest.java" Intrnl_Id="339">
<LocList>
<Loc EndOffset="14257" SrcFileId="1" StartOffset="14237"/>
</LocList>
</BasicStmnt>
<BasicStmnt CovItemId="S276" CovItemPrefix="test.BillTest.java" Intrnl_Id="340">
<LocList>
<Loc EndOffset="14327" SrcFileId="1" StartOffset="14260"/>
</LocList>
</BasicStmnt>
<BasicStmnt CovItemId="S277" CovItemPrefix="test.BillTest.java" Intrnl_Id="341">
<LocList>
<Loc EndOffset="14346" SrcFileId="1" StartOffset="14331"/>
</LocList>
</BasicStmnt>
<BasicStmnt CovItemId="S278" CovItemPrefix="test.BillTest.java" Intrnl_Id="342">
<LocList>
<Loc EndOffset="14416" SrcFileId="1" StartOffset="14349"/>
</LocList>
</BasicStmnt>
</StmntSeq>
</HierarchyLvl>
<HierarchyLvl HierarchyLvlId="797" HierarchyLvlTypeId="8" Intrnl_Id="343" Name="testcase25">
<Header>
<Loc EndOffset="14455" SrcFileId="1" StartOffset="14424"/>
</Header>
<LocList>
<Loc EndOffset="15571" SrcFileId="1" StartOffset="14424"/>
</LocList>
<StmntSeq Intrnl_Id="344">
<LocList>
<Loc EndOffset="14499" SrcFileId="1" StartOffset="14475"/>
<Loc EndOffset="14532" SrcFileId="1" StartOffset="14502"/>
<Loc EndOffset="14587" SrcFileId="1" StartOffset="14535"/>
<Loc EndOffset="14615" SrcFileId="1" StartOffset="14590"/>
<Loc EndOffset="14685" SrcFileId="1" StartOffset="14618"/>
<Loc EndOffset="14707" SrcFileId="1" StartOffset="14688"/>
<Loc EndOffset="14778" SrcFileId="1" StartOffset="14710"/>
<Loc EndOffset="14800" SrcFileId="1" StartOffset="14781"/>
<Loc EndOffset="14880" SrcFileId="1" StartOffset="14803"/>
<Loc EndOffset="14902" SrcFileId="1" StartOffset="14883"/>
<Loc EndOffset="14972" SrcFileId="1" StartOffset="14905"/>
<Loc EndOffset="14994" SrcFileId="1" StartOffset="14975"/>
<Loc EndOffset="15055" SrcFileId="1" StartOffset="14997"/>
<Loc EndOffset="15078" SrcFileId="1" StartOffset="15059"/>
<Loc EndOffset="15139" SrcFileId="1" StartOffset="15081"/>
<Loc EndOffset="15163" SrcFileId="1" StartOffset="15145"/>
<Loc EndOffset="15224" SrcFileId="1" StartOffset="15166"/>
<Loc EndOffset="15245" SrcFileId="1" StartOffset="15228"/>
<Loc EndOffset="15306" SrcFileId="1" StartOffset="15248"/>
<Loc EndOffset="15335" SrcFileId="1" StartOffset="15310"/>
<Loc EndOffset="15396" SrcFileId="1" StartOffset="15338"/>
<Loc EndOffset="15426" SrcFileId="1" StartOffset="15400"/>
<Loc EndOffset="15487" SrcFileId="1" StartOffset="15429"/>
<Loc EndOffset="15506" SrcFileId="1" StartOffset="15491"/>
<Loc EndOffset="15567" SrcFileId="1" StartOffset="15509"/>
</LocList>
<BasicStmnt CovItemId="S279" CovItemPrefix="test.BillTest.java" Intrnl_Id="345">
<LocList>
<Loc EndOffset="14499" SrcFileId="1" StartOffset="14475"/>
</LocList>
</BasicStmnt>
<BasicStmnt CovItemId="S280" CovItemPrefix="test.BillTest.java" Intrnl_Id="346">
<LocList>
<Loc EndOffset="14532" SrcFileId="1" StartOffset="14502"/>
</LocList>
</BasicStmnt>
<BasicStmnt CovItemId="S281" CovItemPrefix="test.BillTest.java" Intrnl_Id="347">
<LocList>
<Loc EndOffset="14587" SrcFileId="1" StartOffset="14535"/>
</LocList>
</BasicStmnt>
<BasicStmnt CovItemId="S282" CovItemPrefix="test.BillTest.java" Intrnl_Id="348">
<LocList>
<Loc EndOffset="14615" SrcFileId="1" StartOffset="14590"/>
</LocList>
</BasicStmnt>
<BasicStmnt CovItemId="S283" CovItemPrefix="test.BillTest.java" Intrnl_Id="349">
<LocList>
<Loc EndOffset="14685" SrcFileId="1" StartOffset="14618"/>
</LocList>
</BasicStmnt>
<BasicStmnt CovItemId="S284" CovItemPrefix="test.BillTest.java" Intrnl_Id="350">
<LocList>
<Loc EndOffset="14707" SrcFileId="1" StartOffset="14688"/>
</LocList>
</BasicStmnt>
<BasicStmnt CovItemId="S285" CovItemPrefix="test.BillTest.java" Intrnl_Id="351">
<LocList>
<Loc EndOffset="14778" SrcFileId="1" StartOffset="14710"/>
</LocList>
</BasicStmnt>
<BasicStmnt CovItemId="S286" CovItemPrefix="test.BillTest.java" Intrnl_Id="352">
<LocList>
<Loc EndOffset="14800" SrcFileId="1" StartOffset="14781"/>
</LocList>
</BasicStmnt>
<BasicStmnt CovItemId="S287" CovItemPrefix="test.BillTest.java" Intrnl_Id="353">
<LocList>
<Loc EndOffset="14880" SrcFileId="1" StartOffset="14803"/>
</LocList>
</BasicStmnt>
<BasicStmnt CovItemId="S288" CovItemPrefix="test.BillTest.java" Intrnl_Id="354">
<LocList>
<Loc EndOffset="14902" SrcFileId="1" StartOffset="14883"/>
</LocList>
</BasicStmnt>
<BasicStmnt CovItemId="S289" CovItemPrefix="test.BillTest.java" Intrnl_Id="355">
<LocList>
<Loc EndOffset="14972" SrcFileId="1" StartOffset="14905"/>
</LocList>
</BasicStmnt>
<BasicStmnt CovItemId="S290" CovItemPrefix="test.BillTest.java" Intrnl_Id="356">
<LocList>
<Loc EndOffset="14994" SrcFileId="1" StartOffset="14975"/>
</LocList>
</BasicStmnt>
<BasicStmnt CovItemId="S291" CovItemPrefix="test.BillTest.java" Intrnl_Id="357">
<LocList>
<Loc EndOffset="15055" SrcFileId="1" StartOffset="14997"/>
</LocList>
</BasicStmnt>
<BasicStmnt CovItemId="S292" CovItemPrefix="test.BillTest.java" Intrnl_Id="358">
<LocList>
<Loc EndOffset="15078" SrcFileId="1" StartOffset="15059"/>
</LocList>
</BasicStmnt>
<BasicStmnt CovItemId="S293" CovItemPrefix="test.BillTest.java" Intrnl_Id="359">
<LocList>
<Loc EndOffset="15139" SrcFileId="1" StartOffset="15081"/>
</LocList>
</BasicStmnt>
<BasicStmnt CovItemId="S294" CovItemPrefix="test.BillTest.java" Intrnl_Id="360">
<LocList>
<Loc EndOffset="15163" SrcFileId="1" StartOffset="15145"/>
</LocList>
</BasicStmnt>
<BasicStmnt CovItemId="S295" CovItemPrefix="test.BillTest.java" Intrnl_Id="361">
<LocList>
<Loc EndOffset="15224" SrcFileId="1" StartOffset="15166"/>
</LocList>
</BasicStmnt>
<BasicStmnt CovItemId="S296" CovItemPrefix="test.BillTest.java" Intrnl_Id="362">
<LocList>
<Loc EndOffset="15245" SrcFileId="1" StartOffset="15228"/>
</LocList>
</BasicStmnt>
<BasicStmnt CovItemId="S297" CovItemPrefix="test.BillTest.java" Intrnl_Id="363">
<LocList>
<Loc EndOffset="15306" SrcFileId="1" StartOffset="15248"/>
</LocList>
</BasicStmnt>
<BasicStmnt CovItemId="S298" CovItemPrefix="test.BillTest.java" Intrnl_Id="364">
<LocList>
<Loc EndOffset="15335" SrcFileId="1" StartOffset="15310"/>
</LocList>
</BasicStmnt>
<BasicStmnt CovItemId="S299" CovItemPrefix="test.BillTest.java" Intrnl_Id="365">
<LocList>
<Loc EndOffset="15396" SrcFileId="1" StartOffset="15338"/>
</LocList>
</BasicStmnt>
<BasicStmnt CovItemId="S300" CovItemPrefix="test.BillTest.java" Intrnl_Id="366">
<LocList>
<Loc EndOffset="15426" SrcFileId="1" StartOffset="15400"/>
</LocList>
</BasicStmnt>
<BasicStmnt CovItemId="S301" CovItemPrefix="test.BillTest.java" Intrnl_Id="367">
<LocList>
<Loc EndOffset="15487" SrcFileId="1" StartOffset="15429"/>
</LocList>
</BasicStmnt>
<BasicStmnt CovItemId="S302" CovItemPrefix="test.BillTest.java" Intrnl_Id="368">
<LocList>
<Loc EndOffset="15506" SrcFileId="1" StartOffset="15491"/>
</LocList>
</BasicStmnt>
<BasicStmnt CovItemId="S303" CovItemPrefix="test.BillTest.java" Intrnl_Id="369">
<LocList>
<Loc EndOffset="15567" SrcFileId="1" StartOffset="15509"/>
</LocList>
</BasicStmnt>
</StmntSeq>
</HierarchyLvl>
<HierarchyLvl HierarchyLvlId="798" HierarchyLvlTypeId="8" Intrnl_Id="370" Name="testcase26">
<Header>
<Loc EndOffset="15606" SrcFileId="1" StartOffset="15575"/>
</Header>
<LocList>
<Loc EndOffset="16157" SrcFileId="1" StartOffset="15575"/>
</LocList>
<StmntSeq Intrnl_Id="371">
<LocList>
<Loc EndOffset="15650" SrcFileId="1" StartOffset="15626"/>
<Loc EndOffset="15705" SrcFileId="1" StartOffset="15653"/>
<Loc EndOffset="15734" SrcFileId="1" StartOffset="15708"/>
<Loc EndOffset="15797" SrcFileId="1" StartOffset="15737"/>
<Loc EndOffset="15825" SrcFileId="1" StartOffset="15800"/>
<Loc EndOffset="15888" SrcFileId="1" StartOffset="15828"/>
<Loc EndOffset="15918" SrcFileId="1" StartOffset="15892"/>
<Loc EndOffset="15981" SrcFileId="1" StartOffset="15921"/>
<Loc EndOffset="16005" SrcFileId="1" StartOffset="15985"/>
<Loc EndOffset="16068" SrcFileId="1" StartOffset="16008"/>
<Loc EndOffset="16087" SrcFileId="1" StartOffset="16072"/>
<Loc EndOffset="16150" SrcFileId="1" StartOffset="16090"/>
</LocList>
<BasicStmnt CovItemId="S304" CovItemPrefix="test.BillTest.java" Intrnl_Id="372">
<LocList>
<Loc EndOffset="15650" SrcFileId="1" StartOffset="15626"/>
</LocList>
</BasicStmnt>
<BasicStmnt CovItemId="S305" CovItemPrefix="test.BillTest.java" Intrnl_Id="373">
<LocList>
<Loc EndOffset="15705" SrcFileId="1" StartOffset="15653"/>
</LocList>
</BasicStmnt>
<BasicStmnt CovItemId="S306" CovItemPrefix="test.BillTest.java" Intrnl_Id="374">
<LocList>
<Loc EndOffset="15734" SrcFileId="1" StartOffset="15708"/>
</LocList>
</BasicStmnt>
<BasicStmnt CovItemId="S307" CovItemPrefix="test.BillTest.java" Intrnl_Id="375">
<LocList>
<Loc EndOffset="15797" SrcFileId="1" StartOffset="15737"/>
</LocList>
</BasicStmnt>
<BasicStmnt CovItemId="S308" CovItemPrefix="test.BillTest.java" Intrnl_Id="376">
<LocList>
<Loc EndOffset="15825" SrcFileId="1" StartOffset="15800"/>
</LocList>
</BasicStmnt>
<BasicStmnt CovItemId="S309" CovItemPrefix="test.BillTest.java" Intrnl_Id="377">
<LocList>
<Loc EndOffset="15888" SrcFileId="1" StartOffset="15828"/>
</LocList>
</BasicStmnt>
<BasicStmnt CovItemId="S310" CovItemPrefix="test.BillTest.java" Intrnl_Id="378">
<LocList>
<Loc EndOffset="15918" SrcFileId="1" StartOffset="15892"/>
</LocList>
</BasicStmnt>
<BasicStmnt CovItemId="S311" CovItemPrefix="test.BillTest.java" Intrnl_Id="379">
<LocList>
<Loc EndOffset="15981" SrcFileId="1" StartOffset="15921"/>
</LocList>
</BasicStmnt>
<BasicStmnt CovItemId="S312" CovItemPrefix="test.BillTest.java" Intrnl_Id="380">
<LocList>
<Loc EndOffset="16005" SrcFileId="1" StartOffset="15985"/>
</LocList>
</BasicStmnt>
<BasicStmnt CovItemId="S313" CovItemPrefix="test.BillTest.java" Intrnl_Id="381">
<LocList>
<Loc EndOffset="16068" SrcFileId="1" StartOffset="16008"/>
</LocList>
</BasicStmnt>
<BasicStmnt CovItemId="S314" CovItemPrefix="test.BillTest.java" Intrnl_Id="382">
<LocList>
<Loc EndOffset="16087" SrcFileId="1" StartOffset="16072"/>
</LocList>
</BasicStmnt>
<BasicStmnt CovItemId="S315" CovItemPrefix="test.BillTest.java" Intrnl_Id="383">
<LocList>
<Loc EndOffset="16150" SrcFileId="1" StartOffset="16090"/>
</LocList>
</BasicStmnt>
</StmntSeq>
</HierarchyLvl>
<HierarchyLvl HierarchyLvlId="799" HierarchyLvlTypeId="8" Intrnl_Id="384" Name="testcase27">
<Header>
<Loc EndOffset="16190" SrcFileId="1" StartOffset="16159"/>
</Header>
<LocList>
<Loc EndOffset="16828" SrcFileId="1" StartOffset="16159"/>
</LocList>
<StmntSeq Intrnl_Id="385">
<LocList>
<Loc EndOffset="16234" SrcFileId="1" StartOffset="16210"/>
<Loc EndOffset="16289" SrcFileId="1" StartOffset="16237"/>
<Loc EndOffset="16318" SrcFileId="1" StartOffset="16292"/>
<Loc EndOffset="16381" SrcFileId="1" StartOffset="16321"/>
<Loc EndOffset="16403" SrcFileId="1" StartOffset="16384"/>
<Loc EndOffset="16467" SrcFileId="1" StartOffset="16406"/>
<Loc EndOffset="16495" SrcFileId="1" StartOffset="16470"/>
<Loc EndOffset="16559" SrcFileId="1" StartOffset="16498"/>
<Loc EndOffset="16589" SrcFileId="1" StartOffset="16563"/>
<Loc EndOffset="16653" SrcFileId="1" StartOffset="16592"/>
<Loc EndOffset="16677" SrcFileId="1" StartOffset="16657"/>
<Loc EndOffset="16741" SrcFileId="1" StartOffset="16680"/>
<Loc EndOffset="16760" SrcFileId="1" StartOffset="16745"/>
<Loc EndOffset="16824" SrcFileId="1" StartOffset="16763"/>
</LocList>
<BasicStmnt CovItemId="S316" CovItemPrefix="test.BillTest.java" Intrnl_Id="386">
<LocList>
<Loc EndOffset="16234" SrcFileId="1" StartOffset="16210"/>
</LocList>
</BasicStmnt>
<BasicStmnt CovItemId="S317" CovItemPrefix="test.BillTest.java" Intrnl_Id="387">
<LocList>
<Loc EndOffset="16289" SrcFileId="1" StartOffset="16237"/>
</LocList>
</BasicStmnt>
<BasicStmnt CovItemId="S318" CovItemPrefix="test.BillTest.java" Intrnl_Id="388">
<LocList>
<Loc EndOffset="16318" SrcFileId="1" StartOffset="16292"/>
</LocList>
</BasicStmnt>
<BasicStmnt CovItemId="S319" CovItemPrefix="test.BillTest.java" Intrnl_Id="389">
<LocList>
<Loc EndOffset="16381" SrcFileId="1" StartOffset="16321"/>
</LocList>
</BasicStmnt>
<BasicStmnt CovItemId="S320" CovItemPrefix="test.BillTest.java" Intrnl_Id="390">
<LocList>
<Loc EndOffset="16403" SrcFileId="1" StartOffset="16384"/>
</LocList>
</BasicStmnt>
<BasicStmnt CovItemId="S321" CovItemPrefix="test.BillTest.java" Intrnl_Id="391">
<LocList>
<Loc EndOffset="16467" SrcFileId="1" StartOffset="16406"/>
</LocList>
</BasicStmnt>
<BasicStmnt CovItemId="S322" CovItemPrefix="test.BillTest.java" Intrnl_Id="392">
<LocList>
<Loc EndOffset="16495" SrcFileId="1" StartOffset="16470"/>
</LocList>
</BasicStmnt>
<BasicStmnt CovItemId="S323" CovItemPrefix="test.BillTest.java" Intrnl_Id="393">
<LocList>
<Loc EndOffset="16559" SrcFileId="1" StartOffset="16498"/>
</LocList>
</BasicStmnt>
<BasicStmnt CovItemId="S324" CovItemPrefix="test.BillTest.java" Intrnl_Id="394">
<LocList>
<Loc EndOffset="16589" SrcFileId="1" StartOffset="16563"/>
</LocList>
</BasicStmnt>
<BasicStmnt CovItemId="S325" CovItemPrefix="test.BillTest.java" Intrnl_Id="395">
<LocList>
<Loc EndOffset="16653" SrcFileId="1" StartOffset="16592"/>
</LocList>
</BasicStmnt>
<BasicStmnt CovItemId="S326" CovItemPrefix="test.BillTest.java" Intrnl_Id="396">
<LocList>
<Loc EndOffset="16677" SrcFileId="1" StartOffset="16657"/>
</LocList>
</BasicStmnt>
<BasicStmnt CovItemId="S327" CovItemPrefix="test.BillTest.java" Intrnl_Id="397">
<LocList>
<Loc EndOffset="16741" SrcFileId="1" StartOffset="16680"/>
</LocList>
</BasicStmnt>
<BasicStmnt CovItemId="S328" CovItemPrefix="test.BillTest.java" Intrnl_Id="398">
<LocList>
<Loc EndOffset="16760" SrcFileId="1" StartOffset="16745"/>
</LocList>
</BasicStmnt>
<BasicStmnt CovItemId="S329" CovItemPrefix="test.BillTest.java" Intrnl_Id="399">
<LocList>
<Loc EndOffset="16824" SrcFileId="1" StartOffset="16763"/>
</LocList>
</BasicStmnt>
</StmntSeq>
</HierarchyLvl>
<HierarchyLvl HierarchyLvlId="800" HierarchyLvlTypeId="8" Intrnl_Id="400" Name="testcase28">
<Header>
<Loc EndOffset="16863" SrcFileId="1" StartOffset="16832"/>
</Header>
<LocList>
<Loc EndOffset="17632" SrcFileId="1" StartOffset="16832"/>
</LocList>
<StmntSeq Intrnl_Id="401">
<LocList>
<Loc EndOffset="16907" SrcFileId="1" StartOffset="16883"/>
<Loc EndOffset="16962" SrcFileId="1" StartOffset="16910"/>
<Loc EndOffset="16991" SrcFileId="1" StartOffset="16965"/>
<Loc EndOffset="17054" SrcFileId="1" StartOffset="16994"/>
<Loc EndOffset="17076" SrcFileId="1" StartOffset="17057"/>
<Loc EndOffset="17140" SrcFileId="1" StartOffset="17079"/>
<Loc EndOffset="17162" SrcFileId="1" StartOffset="17143"/>
<Loc EndOffset="17235" SrcFileId="1" StartOffset="17165"/>
<Loc EndOffset="17263" SrcFileId="1" StartOffset="17238"/>
<Loc EndOffset="17336" SrcFileId="1" StartOffset="17266"/>
<Loc EndOffset="17366" SrcFileId="1" StartOffset="17340"/>
<Loc EndOffset="17439" SrcFileId="1" StartOffset="17369"/>
<Loc EndOffset="17463" SrcFileId="1" StartOffset="17443"/>
<Loc EndOffset="17536" SrcFileId="1" StartOffset="17466"/>
<Loc EndOffset="17555" SrcFileId="1" StartOffset="17540"/>
<Loc EndOffset="17628" SrcFileId="1" StartOffset="17558"/>
</LocList>
<BasicStmnt CovItemId="S330" CovItemPrefix="test.BillTest.java" Intrnl_Id="402">
<LocList>
<Loc EndOffset="16907" SrcFileId="1" StartOffset="16883"/>
</LocList>
</BasicStmnt>
<BasicStmnt CovItemId="S331" CovItemPrefix="test.BillTest.java" Intrnl_Id="403">
<LocList>
<Loc EndOffset="16962" SrcFileId="1" StartOffset="16910"/>
</LocList>
</BasicStmnt>
<BasicStmnt CovItemId="S332" CovItemPrefix="test.BillTest.java" Intrnl_Id="404">
<LocList>
<Loc EndOffset="16991" SrcFileId="1" StartOffset="16965"/>
</LocList>
</BasicStmnt>
<BasicStmnt CovItemId="S333" CovItemPrefix="test.BillTest.java" Intrnl_Id="405">
<LocList>
<Loc EndOffset="17054" SrcFileId="1" StartOffset="16994"/>
</LocList>
</BasicStmnt>
<BasicStmnt CovItemId="S334" CovItemPrefix="test.BillTest.java" Intrnl_Id="406">
<LocList>
<Loc EndOffset="17076" SrcFileId="1" StartOffset="17057"/>
</LocList>
</BasicStmnt>
<BasicStmnt CovItemId="S335" CovItemPrefix="test.BillTest.java" Intrnl_Id="407">
<LocList>
<Loc EndOffset="17140" SrcFileId="1" StartOffset="17079"/>
</LocList>
</BasicStmnt>
<BasicStmnt CovItemId="S336" CovItemPrefix="test.BillTest.java" Intrnl_Id="408">
<LocList>
<Loc EndOffset="17162" SrcFileId="1" StartOffset="17143"/>
</LocList>
</BasicStmnt>
<BasicStmnt CovItemId="S337" CovItemPrefix="test.BillTest.java" Intrnl_Id="409">
<LocList>
<Loc EndOffset="17235" SrcFileId="1" StartOffset="17165"/>
</LocList>
</BasicStmnt>
<BasicStmnt CovItemId="S338" CovItemPrefix="test.BillTest.java" Intrnl_Id="410">
<LocList>
<Loc EndOffset="17263" SrcFileId="1" StartOffset="17238"/>
</LocList>
</BasicStmnt>
<BasicStmnt CovItemId="S339" CovItemPrefix="test.BillTest.java" Intrnl_Id="411">
<LocList>
<Loc EndOffset="17336" SrcFileId="1" StartOffset="17266"/>
</LocList>
</BasicStmnt>
<BasicStmnt CovItemId="S340" CovItemPrefix="test.BillTest.java" Intrnl_Id="412">
<LocList>
<Loc EndOffset="17366" SrcFileId="1" StartOffset="17340"/>
</LocList>
</BasicStmnt>
<BasicStmnt CovItemId="S341" CovItemPrefix="test.BillTest.java" Intrnl_Id="413">
<LocList>
<Loc EndOffset="17439" SrcFileId="1" StartOffset="17369"/>
</LocList>
</BasicStmnt>
<BasicStmnt CovItemId="S342" CovItemPrefix="test.BillTest.java" Intrnl_Id="414">
<LocList>
<Loc EndOffset="17463" SrcFileId="1" StartOffset="17443"/>
</LocList>
</BasicStmnt>
<BasicStmnt CovItemId="S343" CovItemPrefix="test.BillTest.java" Intrnl_Id="415">
<LocList>
<Loc EndOffset="17536" SrcFileId="1" StartOffset="17466"/>
</LocList>
</BasicStmnt>
<BasicStmnt CovItemId="S344" CovItemPrefix="test.BillTest.java" Intrnl_Id="416">
<LocList>
<Loc EndOffset="17555" SrcFileId="1" StartOffset="17540"/>
</LocList>
</BasicStmnt>
<BasicStmnt CovItemId="S345" CovItemPrefix="test.BillTest.java" Intrnl_Id="417">
<LocList>
<Loc EndOffset="17628" SrcFileId="1" StartOffset="17558"/>
</LocList>
</BasicStmnt>
</StmntSeq>
</HierarchyLvl>
<HierarchyLvl HierarchyLvlId="801" HierarchyLvlTypeId="8" Intrnl_Id="418" Name="testcase29">
<Header>
<Loc EndOffset="17667" SrcFileId="1" StartOffset="17636"/>
</Header>
<LocList>
<Loc EndOffset="18484" SrcFileId="1" StartOffset="17636"/>
</LocList>
<StmntSeq Intrnl_Id="419">
<LocList>
<Loc EndOffset="17711" SrcFileId="1" StartOffset="17687"/>
<Loc EndOffset="17766" SrcFileId="1" StartOffset="17714"/>
<Loc EndOffset="17795" SrcFileId="1" StartOffset="17769"/>
<Loc EndOffset="17858" SrcFileId="1" StartOffset="17798"/>
<Loc EndOffset="17880" SrcFileId="1" StartOffset="17861"/>
<Loc EndOffset="17944" SrcFileId="1" StartOffset="17883"/>
<Loc EndOffset="17966" SrcFileId="1" StartOffset="17947"/>
<Loc EndOffset="18039" SrcFileId="1" StartOffset="17969"/>
<Loc EndOffset="18061" SrcFileId="1" StartOffset="18042"/>
<Loc EndOffset="18124" SrcFileId="1" StartOffset="18064"/>
<Loc EndOffset="18152" SrcFileId="1" StartOffset="18127"/>
<Loc EndOffset="18215" SrcFileId="1" StartOffset="18155"/>
<Loc EndOffset="18248" SrcFileId="1" StartOffset="18222"/>
<Loc EndOffset="18311" SrcFileId="1" StartOffset="18251"/>
<Loc EndOffset="18335" SrcFileId="1" StartOffset="18315"/>
<Loc EndOffset="18398" SrcFileId="1" StartOffset="18338"/>
<Loc EndOffset="18417" SrcFileId="1" StartOffset="18402"/>
<Loc EndOffset="18480" SrcFileId="1" StartOffset="18420"/>
</LocList>
<BasicStmnt CovItemId="S346" CovItemPrefix="test.BillTest.java" Intrnl_Id="420">
<LocList>
<Loc EndOffset="17711" SrcFileId="1" StartOffset="17687"/>
</LocList>
</BasicStmnt>
<BasicStmnt CovItemId="S347" CovItemPrefix="test.BillTest.java" Intrnl_Id="421">
<LocList>
<Loc EndOffset="17766" SrcFileId="1" StartOffset="17714"/>
</LocList>
</BasicStmnt>
<BasicStmnt CovItemId="S348" CovItemPrefix="test.BillTest.java" Intrnl_Id="422">
<LocList>
<Loc EndOffset="17795" SrcFileId="1" StartOffset="17769"/>
</LocList>
</BasicStmnt>
<BasicStmnt CovItemId="S349" CovItemPrefix="test.BillTest.java" Intrnl_Id="423">
<LocList>
<Loc EndOffset="17858" SrcFileId="1" StartOffset="17798"/>
</LocList>
</BasicStmnt>
<BasicStmnt CovItemId="S350" CovItemPrefix="test.BillTest.java" Intrnl_Id="424">
<LocList>
<Loc EndOffset="17880" SrcFileId="1" StartOffset="17861"/>
</LocList>
</BasicStmnt>
<BasicStmnt CovItemId="S351" CovItemPrefix="test.BillTest.java" Intrnl_Id="425">
<LocList>
<Loc EndOffset="17944" SrcFileId="1" StartOffset="17883"/>
</LocList>
</BasicStmnt>
<BasicStmnt CovItemId="S352" CovItemPrefix="test.BillTest.java" Intrnl_Id="426">
<LocList>
<Loc EndOffset="17966" SrcFileId="1" StartOffset="17947"/>
</LocList>
</BasicStmnt>
<BasicStmnt CovItemId="S353" CovItemPrefix="test.BillTest.java" Intrnl_Id="427">
<LocList>
<Loc EndOffset="18039" SrcFileId="1" StartOffset="17969"/>
</LocList>
</BasicStmnt>
<BasicStmnt CovItemId="S354" CovItemPrefix="test.BillTest.java" Intrnl_Id="428">
<LocList>
<Loc EndOffset="18061" SrcFileId="1" StartOffset="18042"/>
</LocList>
</BasicStmnt>
<BasicStmnt CovItemId="S355" CovItemPrefix="test.BillTest.java" Intrnl_Id="429">
<LocList>
<Loc EndOffset="18124" SrcFileId="1" StartOffset="18064"/>
</LocList>
</BasicStmnt>
<BasicStmnt CovItemId="S356" CovItemPrefix="test.BillTest.java" Intrnl_Id="430">
<LocList>
<Loc EndOffset="18152" SrcFileId="1" StartOffset="18127"/>
</LocList>
</BasicStmnt>
<BasicStmnt CovItemId="S357" CovItemPrefix="test.BillTest.java" Intrnl_Id="431">
<LocList>
<Loc EndOffset="18215" SrcFileId="1" StartOffset="18155"/>
</LocList>
</BasicStmnt>
<BasicStmnt CovItemId="S358" CovItemPrefix="test.BillTest.java" Intrnl_Id="432">
<LocList>
<Loc EndOffset="18248" SrcFileId="1" StartOffset="18222"/>
</LocList>
</BasicStmnt>
<BasicStmnt CovItemId="S359" CovItemPrefix="test.BillTest.java" Intrnl_Id="433">
<LocList>
<Loc EndOffset="18311" SrcFileId="1" StartOffset="18251"/>
</LocList>
</BasicStmnt>
<BasicStmnt CovItemId="S360" CovItemPrefix="test.BillTest.java" Intrnl_Id="434">
<LocList>
<Loc EndOffset="18335" SrcFileId="1" StartOffset="18315"/>
</LocList>
</BasicStmnt>
<BasicStmnt CovItemId="S361" CovItemPrefix="test.BillTest.java" Intrnl_Id="435">
<LocList>
<Loc EndOffset="18398" SrcFileId="1" StartOffset="18338"/>
</LocList>
</BasicStmnt>
<BasicStmnt CovItemId="S362" CovItemPrefix="test.BillTest.java" Intrnl_Id="436">
<LocList>
<Loc EndOffset="18417" SrcFileId="1" StartOffset="18402"/>
</LocList>
</BasicStmnt>
<BasicStmnt CovItemId="S363" CovItemPrefix="test.BillTest.java" Intrnl_Id="437">
<LocList>
<Loc EndOffset="18480" SrcFileId="1" StartOffset="18420"/>
</LocList>
</BasicStmnt>
</StmntSeq>
</HierarchyLvl>
</HierarchyLvl>
</HierarchyLvl>
<HierarchyLvl HierarchyLvlId="831" HierarchyLvlTypeId="6" Intrnl_Id="438" Name="bill">
<Header/>
<LocList/>
<HierarchyLvl HierarchyLvlId="829" HierarchyLvlTypeId="7" Intrnl_Id="439" Name="Bill">
<Header>
<Loc EndOffset="90" SrcFileId="2" StartOffset="73"/>
</Header>
<LocList>
<Loc EndOffset="255" SrcFileId="2" StartOffset="73"/>
<Loc EndOffset="367" SrcFileId="2" StartOffset="364"/>
<Loc EndOffset="489" SrcFileId="2" StartOffset="486"/>
<Loc EndOffset="11230" SrcFileId="2" StartOffset="591"/>
</LocList>
<HierarchyLvl HierarchyLvlId="803" HierarchyLvlTypeId="5" Intrnl_Id="440" Name="BillState">
<Header>
<Loc EndOffset="269" SrcFileId="2" StartOffset="255"/>
</Header>
<LocList>
<Loc EndOffset="364" SrcFileId="2" StartOffset="255"/>
</LocList>
</HierarchyLvl>
<HierarchyLvl HierarchyLvlId="804" HierarchyLvlTypeId="5" Intrnl_Id="441" Name="BillStateInHouseOfCommons">
<Header>
<Loc EndOffset="397" SrcFileId="2" StartOffset="367"/>
</Header>
<LocList>
<Loc EndOffset="486" SrcFileId="2" StartOffset="367"/>
</LocList>
</HierarchyLvl>
<HierarchyLvl HierarchyLvlId="805" HierarchyLvlTypeId="5" Intrnl_Id="442" Name="BillStateInSenate">
<Header>
<Loc EndOffset="511" SrcFileId="2" StartOffset="489"/>
</Header>
<LocList>
<Loc EndOffset="591" SrcFileId="2" StartOffset="489"/>
</LocList>
</HierarchyLvl>
<HierarchyLvl HierarchyLvlId="806" HierarchyLvlTypeId="8" Intrnl_Id="443" Name="Bill">
<Header>
<Loc EndOffset="825" SrcFileId="2" StartOffset="812"/>
</Header>
<LocList>
<Loc EndOffset="1018" SrcFileId="2" StartOffset="812"/>
</LocList>
<StmntSeq Intrnl_Id="444">
<LocList>
<Loc EndOffset="855" SrcFileId="2" StartOffset="834"/>
<Loc EndOffset="921" SrcFileId="2" StartOffset="860"/>
<Loc EndOffset="971" SrcFileId="2" StartOffset="926"/>
<Loc EndOffset="1014" SrcFileId="2" StartOffset="976"/>
</LocList>
<BasicStmnt CovItemId="S1" CovItemPrefix="bill.Bill.java" Intrnl_Id="445">
<LocList>
<Loc EndOffset="855" SrcFileId="2" StartOffset="834"/>
</LocList>
</BasicStmnt>
<BasicStmnt CovItemId="S2" CovItemPrefix="bill.Bill.java" Intrnl_Id="446">
<LocList>
<Loc EndOffset="921" SrcFileId="2" StartOffset="860"/>
</LocList>
</BasicStmnt>
<BasicStmnt CovItemId="S3" CovItemPrefix="bill.Bill.java" Intrnl_Id="447">
<LocList>
<Loc EndOffset="971" SrcFileId="2" StartOffset="926"/>
</LocList>
</BasicStmnt>
<BasicStmnt CovItemId="S4" CovItemPrefix="bill.Bill.java" Intrnl_Id="448">
<LocList>
<Loc EndOffset="1014" SrcFileId="2" StartOffset="976"/>
</LocList>
</BasicStmnt>
</StmntSeq>
</HierarchyLvl>
<HierarchyLvl HierarchyLvlId="807" HierarchyLvlTypeId="8" Intrnl_Id="449" Name="setIsCommonsBill">
<Header>
<Loc EndOffset="1151" SrcFileId="2" StartOffset="1096"/>
</Header>
<LocList>
<Loc EndOffset="1261" SrcFileId="2" StartOffset="1096"/>
</LocList>
<StmntSeq Intrnl_Id="450">
<LocList>
<Loc EndOffset="1183" SrcFileId="2" StartOffset="1160"/>
<Loc EndOffset="1219" SrcFileId="2" StartOffset="1188"/>
<Loc EndOffset="1238" SrcFileId="2" StartOffset="1224"/>
<Loc EndOffset="1257" SrcFileId="2" StartOffset="1243"/>
</LocList>
<BasicStmnt CovItemId="S5" CovItemPrefix="bill.Bill.java" Intrnl_Id="451">
<LocList>
<Loc EndOffset="1183" SrcFileId="2" StartOffset="1160"/>
</LocList>
</BasicStmnt>
<BasicStmnt CovItemId="S6" CovItemPrefix="bill.Bill.java" Intrnl_Id="452">
<LocList>
<Loc EndOffset="1219" SrcFileId="2" StartOffset="1188"/>
</LocList>
</BasicStmnt>
<BasicStmnt CovItemId="S7" CovItemPrefix="bill.Bill.java" Intrnl_Id="453">
<LocList>
<Loc EndOffset="1238" SrcFileId="2" StartOffset="1224"/>
</LocList>
</BasicStmnt>
<BasicStmnt CovItemId="S8" CovItemPrefix="bill.Bill.java" Intrnl_Id="454">
<LocList>
<Loc EndOffset="1257" SrcFileId="2" StartOffset="1243"/>
</LocList>
</BasicStmnt>
</StmntSeq>
</HierarchyLvl>
<HierarchyLvl HierarchyLvlId="808" HierarchyLvlTypeId="8" Intrnl_Id="455" Name="getIsCommonsBill">
<Header>
<Loc EndOffset="1298" SrcFileId="2" StartOffset="1265"/>
</Header>
<LocList>
<Loc EndOffset="1332" SrcFileId="2" StartOffset="1265"/>
</LocList>
<StmntSeq Intrnl_Id="456">
<LocList>
<Loc EndOffset="1328" SrcFileId="2" StartOffset="1307"/>
</LocList>
<BasicStmnt CovItemId="S9" CovItemPrefix="bill.Bill.java" Intrnl_Id="457">
<LocList>
<Loc EndOffset="1328" SrcFileId="2" StartOffset="1307"/>
</LocList>
</BasicStmnt>
</StmntSeq>
</HierarchyLvl>
<HierarchyLvl HierarchyLvlId="809" HierarchyLvlTypeId="8" Intrnl_Id="458" Name="isIsCommonsBill">
<Header>
<Loc EndOffset="1368" SrcFileId="2" StartOffset="1336"/>
</Header>
<LocList>
<Loc EndOffset="1402" SrcFileId="2" StartOffset="1336"/>
</LocList>
<StmntSeq Intrnl_Id="459">
<LocList>
<Loc EndOffset="1398" SrcFileId="2" StartOffset="1377"/>
</LocList>
<BasicStmnt CovItemId="S10" CovItemPrefix="bill.Bill.java" Intrnl_Id="460">
<LocList>
<Loc EndOffset="1398" SrcFileId="2" StartOffset="1377"/>
</LocList>
</BasicStmnt>
</StmntSeq>
</HierarchyLvl>
<HierarchyLvl HierarchyLvlId="810" HierarchyLvlTypeId="8" Intrnl_Id="461" Name="introduceInHouse">
<Header>
<Loc EndOffset="1439" SrcFileId="2" StartOffset="1406"/>
</Header>
<LocList>
<Loc EndOffset="1785" SrcFileId="2" StartOffset="1406"/>
</LocList>
<StmntSeq Intrnl_Id="462">
<LocList>
<Loc EndOffset="1482" SrcFileId="2" StartOffset="1448"/>
<Loc EndOffset="1525" SrcFileId="2" StartOffset="1492"/>
<Loc EndOffset="1750" SrcFileId="2" StartOffset="1530"/>
<Loc EndOffset="1781" SrcFileId="2" StartOffset="1756"/>
</LocList>
<BasicStmnt CovItemId="S11" CovItemPrefix="bill.Bill.java" Intrnl_Id="463">
<LocList>
<Loc EndOffset="1482" SrcFileId="2" StartOffset="1448"/>
</LocList>
</BasicStmnt>
<BasicStmnt CovItemId="S12" CovItemPrefix="bill.Bill.java" Intrnl_Id="464">
<LocList>
<Loc EndOffset="1525" SrcFileId="2" StartOffset="1492"/>
</LocList>
</BasicStmnt>
<CondStmnt CovItemId="S13" CovItemPrefix="bill.Bill.java" Intrnl_Id="465">
<Branch CovItemId="B1" CovItemPrefix="bill.Bill.java" Implct="false" Intrnl_Id="466">
<Cond>
<Loc EndOffset="1580" SrcFileId="2" StartOffset="1562"/>
</Cond>
<LocList>
<Loc EndOffset="1680" SrcFileId="2" StartOffset="1590"/>
</LocList>
<StmntSeq Intrnl_Id="467">
<LocList>
<Loc EndOffset="1631" SrcFileId="2" StartOffset="1590"/>
<Loc EndOffset="1665" SrcFileId="2" StartOffset="1640"/>
<Loc EndOffset="1680" SrcFileId="2" StartOffset="1674"/>
</LocList>
<BasicStmnt CovItemId="S14" CovItemPrefix="bill.Bill.java" Intrnl_Id="468">
<LocList>
<Loc EndOffset="1631" SrcFileId="2" StartOffset="1590"/>
</LocList>
</BasicStmnt>
<BasicStmnt CovItemId="S15" CovItemPrefix="bill.Bill.java" Intrnl_Id="469">
<LocList>
<Loc EndOffset="1665" SrcFileId="2" StartOffset="1640"/>
</LocList>
</BasicStmnt>
<BasicStmnt CovItemId="S16" CovItemPrefix="bill.Bill.java" Intrnl_Id="470">
<LocList>
<Loc EndOffset="1680" SrcFileId="2" StartOffset="1674"/>
</LocList>
</BasicStmnt>
</StmntSeq>
</Branch>
<Branch CovItemId="B2" CovItemPrefix="bill.Bill.java" Implct="false" Intrnl_Id="471">
<Cond>
<Loc EndOffset="1694" SrcFileId="2" StartOffset="1687"/>
</Cond>
<LocList/>
<StmntSeq Intrnl_Id="472">
<LocList/>
</StmntSeq>
</Branch>
<Keyword EndOffset="1536" SrcFileId="2" StartOffset="1530"/>
<LocList>
<Loc EndOffset="1750" SrcFileId="2" StartOffset="1530"/>
</LocList>
</CondStmnt>
<BasicStmnt CovItemId="S17" CovItemPrefix="bill.Bill.java" Intrnl_Id="473">
<LocList>
<Loc EndOffset="1781" SrcFileId="2" StartOffset="1756"/>
</LocList>
</BasicStmnt>
</StmntSeq>
</HierarchyLvl>
<HierarchyLvl HierarchyLvlId="811" HierarchyLvlTypeId="8" Intrnl_Id="474" Name="introduceInSenate">
<Header>
<Loc EndOffset="1823" SrcFileId="2" StartOffset="1789"/>
</Header>
<LocList>
<Loc EndOffset="2194" SrcFileId="2" StartOffset="1789"/>
</LocList>
<StmntSeq Intrnl_Id="475">
<LocList>
<Loc EndOffset="1866" SrcFileId="2" StartOffset="1832"/>
<Loc EndOffset="1909" SrcFileId="2" StartOffset="1876"/>
<Loc EndOffset="2159" SrcFileId="2" StartOffset="1914"/>
<Loc EndOffset="2190" SrcFileId="2" StartOffset="2165"/>
</LocList>
<BasicStmnt CovItemId="S18" CovItemPrefix="bill.Bill.java" Intrnl_Id="476">
<LocList>
<Loc EndOffset="1866" SrcFileId="2" StartOffset="1832"/>
</LocList>
</BasicStmnt>
<BasicStmnt CovItemId="S19" CovItemPrefix="bill.Bill.java" Intrnl_Id="477">
<LocList>
<Loc EndOffset="1909" SrcFileId="2" StartOffset="1876"/>
</LocList>
</BasicStmnt>
<CondStmnt CovItemId="S20" CovItemPrefix="bill.Bill.java" Intrnl_Id="478">
<Branch CovItemId="B3" CovItemPrefix="bill.Bill.java" Implct="false" Intrnl_Id="479">
<Cond>
<Loc EndOffset="1964" SrcFileId="2" StartOffset="1946"/>
</Cond>
<LocList>
<Loc EndOffset="2089" SrcFileId="2" StartOffset="2007"/>
</LocList>
<StmntSeq Intrnl_Id="480">
<LocList>
<Loc EndOffset="2040" SrcFileId="2" StartOffset="2007"/>
<Loc EndOffset="2074" SrcFileId="2" StartOffset="2049"/>
<Loc EndOffset="2089" SrcFileId="2" StartOffset="2083"/>
</LocList>
<BasicStmnt CovItemId="S21" CovItemPrefix="bill.Bill.java" Intrnl_Id="481">
<LocList>
<Loc EndOffset="2040" SrcFileId="2" StartOffset="2007"/>
</LocList>
</BasicStmnt>
<BasicStmnt CovItemId="S22" CovItemPrefix="bill.Bill.java" Intrnl_Id="482">
<LocList>
<Loc EndOffset="2074" SrcFileId="2" StartOffset="2049"/>
</LocList>
</BasicStmnt>
<BasicStmnt CovItemId="S23" CovItemPrefix="bill.Bill.java" Intrnl_Id="483">
<LocList>
<Loc EndOffset="2089" SrcFileId="2" StartOffset="2083"/>
</LocList>
</BasicStmnt>
</StmntSeq>
</Branch>
<Branch CovItemId="B4" CovItemPrefix="bill.Bill.java" Implct="false" Intrnl_Id="484">
<Cond>
<Loc EndOffset="2103" SrcFileId="2" StartOffset="2096"/>
</Cond>
<LocList/>
<StmntSeq Intrnl_Id="485">
<LocList/>
</StmntSeq>
</Branch>
<Keyword EndOffset="1920" SrcFileId="2" StartOffset="1914"/>
<LocList>
<Loc EndOffset="2159" SrcFileId="2" StartOffset="1914"/>
</LocList>
</CondStmnt>
<BasicStmnt CovItemId="S24" CovItemPrefix="bill.Bill.java" Intrnl_Id="486">
<LocList>
<Loc EndOffset="2190" SrcFileId="2" StartOffset="2165"/>
</LocList>
</BasicStmnt>
</StmntSeq>
</HierarchyLvl>
<HierarchyLvl HierarchyLvlId="812" HierarchyLvlTypeId="8" Intrnl_Id="487" Name="withdraw">
<Header>
<Loc EndOffset="2223" SrcFileId="2" StartOffset="2198"/>
</Header>
<LocList>
<Loc EndOffset="2728" SrcFileId="2" StartOffset="2198"/>
</LocList>
<StmntSeq Intrnl_Id="488">
<LocList>
<Loc EndOffset="2266" SrcFileId="2" StartOffset="2232"/>
<Loc EndOffset="2309" SrcFileId="2" StartOffset="2276"/>
<Loc EndOffset="2693" SrcFileId="2" StartOffset="2314"/>
<Loc EndOffset="2724" SrcFileId="2" StartOffset="2699"/>
</LocList>
<BasicStmnt CovItemId="S25" CovItemPrefix="bill.Bill.java" Intrnl_Id="489">
<LocList>
<Loc EndOffset="2266" SrcFileId="2" StartOffset="2232"/>
</LocList>
</BasicStmnt>
<BasicStmnt CovItemId="S26" CovItemPrefix="bill.Bill.java" Intrnl_Id="490">
<LocList>
<Loc EndOffset="2309" SrcFileId="2" StartOffset="2276"/>
</LocList>
</BasicStmnt>
<CondStmnt CovItemId="S27" CovItemPrefix="bill.Bill.java" Intrnl_Id="491">
<Branch CovItemId="B5" CovItemPrefix="bill.Bill.java" Implct="false" Intrnl_Id="492">
<Cond>
<Loc EndOffset="2367" SrcFileId="2" StartOffset="2346"/>
</Cond>
<LocList>
<Loc EndOffset="2485" SrcFileId="2" StartOffset="2377"/>
</LocList>
<StmntSeq Intrnl_Id="493">
<LocList>
<Loc EndOffset="2393" SrcFileId="2" StartOffset="2377"/>
<Loc EndOffset="2436" SrcFileId="2" StartOffset="2402"/>
<Loc EndOffset="2470" SrcFileId="2" StartOffset="2445"/>
<Loc EndOffset="2485" SrcFileId="2" StartOffset="2479"/>
</LocList>
<BasicStmnt CovItemId="S28" CovItemPrefix="bill.Bill.java" Intrnl_Id="494">
<LocList>
<Loc EndOffset="2393" SrcFileId="2" StartOffset="2377"/>
</LocList>
</BasicStmnt>
<BasicStmnt CovItemId="S29" CovItemPrefix="bill.Bill.java" Intrnl_Id="495">
<LocList>
<Loc EndOffset="2436" SrcFileId="2" StartOffset="2402"/>
</LocList>
</BasicStmnt>
<BasicStmnt CovItemId="S30" CovItemPrefix="bill.Bill.java" Intrnl_Id="496">
<LocList>
<Loc EndOffset="2470" SrcFileId="2" StartOffset="2445"/>
</LocList>
</BasicStmnt>
<BasicStmnt CovItemId="S31" CovItemPrefix="bill.Bill.java" Intrnl_Id="497">
<LocList>
<Loc EndOffset="2485" SrcFileId="2" StartOffset="2479"/>
</LocList>
</BasicStmnt>
</StmntSeq>
</Branch>
<Branch CovItemId="B6" CovItemPrefix="bill.Bill.java" Implct="false" Intrnl_Id="498">
<Cond>
<Loc EndOffset="2505" SrcFileId="2" StartOffset="2492"/>
</Cond>
<LocList>
<Loc EndOffset="2623" SrcFileId="2" StartOffset="2515"/>
</LocList>
<StmntSeq Intrnl_Id="499">
<LocList>
<Loc EndOffset="2531" SrcFileId="2" StartOffset="2515"/>
<Loc EndOffset="2574" SrcFileId="2" StartOffset="2540"/>
<Loc EndOffset="2608" SrcFileId="2" StartOffset="2583"/>
<Loc EndOffset="2623" SrcFileId="2" StartOffset="2617"/>
</LocList>
<BasicStmnt CovItemId="S32" CovItemPrefix="bill.Bill.java" Intrnl_Id="500">
<LocList>
<Loc EndOffset="2531" SrcFileId="2" StartOffset="2515"/>
</LocList>
</BasicStmnt>
<BasicStmnt CovItemId="S33" CovItemPrefix="bill.Bill.java" Intrnl_Id="501">
<LocList>
<Loc EndOffset="2574" SrcFileId="2" StartOffset="2540"/>
</LocList>
</BasicStmnt>
<BasicStmnt CovItemId="S34" CovItemPrefix="bill.Bill.java" Intrnl_Id="502">
<LocList>
<Loc EndOffset="2608" SrcFileId="2" StartOffset="2583"/>
</LocList>
</BasicStmnt>
<BasicStmnt CovItemId="S35" CovItemPrefix="bill.Bill.java" Intrnl_Id="503">
<LocList>
<Loc EndOffset="2623" SrcFileId="2" StartOffset="2617"/>
</LocList>
</BasicStmnt>
</StmntSeq>
</Branch>
<Branch CovItemId="B7" CovItemPrefix="bill.Bill.java" Implct="false" Intrnl_Id="504">
<Cond>
<Loc EndOffset="2637" SrcFileId="2" StartOffset="2630"/>
</Cond>
<LocList/>
<StmntSeq Intrnl_Id="505">
<LocList/>
</StmntSeq>
</Branch>
<Keyword EndOffset="2320" SrcFileId="2" StartOffset="2314"/>
<LocList>
<Loc EndOffset="2693" SrcFileId="2" StartOffset="2314"/>
</LocList>
</CondStmnt>
<BasicStmnt CovItemId="S36" CovItemPrefix="bill.Bill.java" Intrnl_Id="506">
<LocList>
<Loc EndOffset="2724" SrcFileId="2" StartOffset="2699"/>
</LocList>
</BasicStmnt>
</StmntSeq>
</HierarchyLvl>
<HierarchyLvl HierarchyLvlId="813" HierarchyLvlTypeId="8" Intrnl_Id="507" Name="voteFails">
<Header>
<Loc EndOffset="2758" SrcFileId="2" StartOffset="2732"/>
</Header>
<LocList>
<Loc EndOffset="3343" SrcFileId="2" StartOffset="2732"/>
</LocList>
<StmntSeq Intrnl_Id="508">
<LocList>
<Loc EndOffset="2801" SrcFileId="2" StartOffset="2767"/>
<Loc EndOffset="2844" SrcFileId="2" StartOffset="2811"/>
<Loc EndOffset="3308" SrcFileId="2" StartOffset="2849"/>
<Loc EndOffset="3339" SrcFileId="2" StartOffset="3314"/>
</LocList>
<BasicStmnt CovItemId="S37" CovItemPrefix="bill.Bill.java" Intrnl_Id="509">
<LocList>
<Loc EndOffset="2801" SrcFileId="2" StartOffset="2767"/>
</LocList>
</BasicStmnt>
<BasicStmnt CovItemId="S38" CovItemPrefix="bill.Bill.java" Intrnl_Id="510">
<LocList>
<Loc EndOffset="2844" SrcFileId="2" StartOffset="2811"/>
</LocList>
</BasicStmnt>
<CondStmnt CovItemId="S39" CovItemPrefix="bill.Bill.java" Intrnl_Id="511">
<Branch CovItemId="B8" CovItemPrefix="bill.Bill.java" Implct="false" Intrnl_Id="512">
<Cond>
<Loc EndOffset="2902" SrcFileId="2" StartOffset="2881"/>
</Cond>
<LocList>
<Loc EndOffset="3100" SrcFileId="2" StartOffset="2993"/>
</LocList>
<StmntSeq Intrnl_Id="513">
<LocList>
<Loc EndOffset="3009" SrcFileId="2" StartOffset="2993"/>
<Loc EndOffset="3051" SrcFileId="2" StartOffset="3017"/>
<Loc EndOffset="3085" SrcFileId="2" StartOffset="3060"/>
<Loc EndOffset="3100" SrcFileId="2" StartOffset="3094"/>
</LocList>
<BasicStmnt CovItemId="S40" CovItemPrefix="bill.Bill.java" Intrnl_Id="514">
<LocList>
<Loc EndOffset="3009" SrcFileId="2" StartOffset="2993"/>
</LocList>
</BasicStmnt>
<BasicStmnt CovItemId="S41" CovItemPrefix="bill.Bill.java" Intrnl_Id="515">
<LocList>
<Loc EndOffset="3051" SrcFileId="2" StartOffset="3017"/>
</LocList>
</BasicStmnt>
<BasicStmnt CovItemId="S42" CovItemPrefix="bill.Bill.java" Intrnl_Id="516">
<LocList>
<Loc EndOffset="3085" SrcFileId="2" StartOffset="3060"/>
</LocList>
</BasicStmnt>
<BasicStmnt CovItemId="S43" CovItemPrefix="bill.Bill.java" Intrnl_Id="517">
<LocList>
<Loc EndOffset="3100" SrcFileId="2" StartOffset="3094"/>
</LocList>
</BasicStmnt>
</StmntSeq>
</Branch>
<Branch CovItemId="B9" CovItemPrefix="bill.Bill.java" Implct="false" Intrnl_Id="518">
<Cond>
<Loc EndOffset="3120" SrcFileId="2" StartOffset="3107"/>
</Cond>
<LocList>
<Loc EndOffset="3238" SrcFileId="2" StartOffset="3130"/>
</LocList>
<StmntSeq Intrnl_Id="519">
<LocList>
<Loc EndOffset="3146" SrcFileId="2" StartOffset="3130"/>
<Loc EndOffset="3189" SrcFileId="2" StartOffset="3155"/>
<Loc EndOffset="3223" SrcFileId="2" StartOffset="3198"/>
<Loc EndOffset="3238" SrcFileId="2" StartOffset="3232"/>
</LocList>
<BasicStmnt CovItemId="S44" CovItemPrefix="bill.Bill.java" Intrnl_Id="520">
<LocList>
<Loc EndOffset="3146" SrcFileId="2" StartOffset="3130"/>
</LocList>
</BasicStmnt>
<BasicStmnt CovItemId="S45" CovItemPrefix="bill.Bill.java" Intrnl_Id="521">
<LocList>
<Loc EndOffset="3189" SrcFileId="2" StartOffset="3155"/>
</LocList>
</BasicStmnt>
<BasicStmnt CovItemId="S46" CovItemPrefix="bill.Bill.java" Intrnl_Id="522">
<LocList>
<Loc EndOffset="3223" SrcFileId="2" StartOffset="3198"/>
</LocList>
</BasicStmnt>
<BasicStmnt CovItemId="S47" CovItemPrefix="bill.Bill.java" Intrnl_Id="523">
<LocList>
<Loc EndOffset="3238" SrcFileId="2" StartOffset="3232"/>
</LocList>
</BasicStmnt>
</StmntSeq>
</Branch>
<Branch CovItemId="B10" CovItemPrefix="bill.Bill.java" Implct="false" Intrnl_Id="524">
<Cond>
<Loc EndOffset="3252" SrcFileId="2" StartOffset="3245"/>
</Cond>
<LocList/>
<StmntSeq Intrnl_Id="525">
<LocList/>
</StmntSeq>
</Branch>
<Keyword EndOffset="2855" SrcFileId="2" StartOffset="2849"/>
<LocList>
<Loc EndOffset="3308" SrcFileId="2" StartOffset="2849"/>
</LocList>
</CondStmnt>
<BasicStmnt CovItemId="S48" CovItemPrefix="bill.Bill.java" Intrnl_Id="526">
<LocList>
<Loc EndOffset="3339" SrcFileId="2" StartOffset="3314"/>
</LocList>
</BasicStmnt>
</StmntSeq>
</HierarchyLvl>
<HierarchyLvl HierarchyLvlId="814" HierarchyLvlTypeId="8" Intrnl_Id="527" Name="royalAssent">
<Header>
<Loc EndOffset="3375" SrcFileId="2" StartOffset="3347"/>
</Header>
<LocList>
<Loc EndOffset="3726" SrcFileId="2" StartOffset="3347"/>
</LocList>
<StmntSeq Intrnl_Id="528">
<LocList>
<Loc EndOffset="3418" SrcFileId="2" StartOffset="3384"/>
<Loc EndOffset="3461" SrcFileId="2" StartOffset="3428"/>
<Loc EndOffset="3691" SrcFileId="2" StartOffset="3466"/>
<Loc EndOffset="3722" SrcFileId="2" StartOffset="3697"/>
</LocList>
<BasicStmnt CovItemId="S49" CovItemPrefix="bill.Bill.java" Intrnl_Id="529">
<LocList>
<Loc EndOffset="3418" SrcFileId="2" StartOffset="3384"/>
</LocList>
</BasicStmnt>
<BasicStmnt CovItemId="S50" CovItemPrefix="bill.Bill.java" Intrnl_Id="530">
<LocList>
<Loc EndOffset="3461" SrcFileId="2" StartOffset="3428"/>
</LocList>
</BasicStmnt>
<CondStmnt CovItemId="S51" CovItemPrefix="bill.Bill.java" Intrnl_Id="531">
<Branch CovItemId="B11" CovItemPrefix="bill.Bill.java" Implct="false" Intrnl_Id="532">
<Cond>
<Loc EndOffset="3522" SrcFileId="2" StartOffset="3498"/>
</Cond>
<LocList>
<Loc EndOffset="3621" SrcFileId="2" StartOffset="3532"/>
</LocList>
<StmntSeq Intrnl_Id="533">
<LocList>
<Loc EndOffset="3572" SrcFileId="2" StartOffset="3532"/>
<Loc EndOffset="3606" SrcFileId="2" StartOffset="3581"/>
<Loc EndOffset="3621" SrcFileId="2" StartOffset="3615"/>
</LocList>
<BasicStmnt CovItemId="S52" CovItemPrefix="bill.Bill.java" Intrnl_Id="534">
<LocList>
<Loc EndOffset="3572" SrcFileId="2" StartOffset="3532"/>
</LocList>
</BasicStmnt>
<BasicStmnt CovItemId="S53" CovItemPrefix="bill.Bill.java" Intrnl_Id="535">
<LocList>
<Loc EndOffset="3606" SrcFileId="2" StartOffset="3581"/>
</LocList>
</BasicStmnt>
<BasicStmnt CovItemId="S54" CovItemPrefix="bill.Bill.java" Intrnl_Id="536">
<LocList>
<Loc EndOffset="3621" SrcFileId="2" StartOffset="3615"/>
</LocList>
</BasicStmnt>
</StmntSeq>
</Branch>
<Branch CovItemId="B12" CovItemPrefix="bill.Bill.java" Implct="false" Intrnl_Id="537">
<Cond>
<Loc EndOffset="3635" SrcFileId="2" StartOffset="3628"/>
</Cond>
<LocList/>
<StmntSeq Intrnl_Id="538">
<LocList/>
</StmntSeq>
</Branch>
<Keyword EndOffset="3472" SrcFileId="2" StartOffset="3466"/>
<LocList>
<Loc EndOffset="3691" SrcFileId="2" StartOffset="3466"/>
</LocList>
</CondStmnt>
<BasicStmnt CovItemId="S55" CovItemPrefix="bill.Bill.java" Intrnl_Id="539">
<LocList>
<Loc EndOffset="3722" SrcFileId="2" StartOffset="3697"/>
</LocList>
</BasicStmnt>
</StmntSeq>
</HierarchyLvl>
<HierarchyLvl HierarchyLvlId="815" HierarchyLvlTypeId="8" Intrnl_Id="540" Name="voteDenied">
<Header>
<Loc EndOffset="3757" SrcFileId="2" StartOffset="3730"/>
</Header>
<LocList>
<Loc EndOffset="4273" SrcFileId="2" StartOffset="3730"/>
</LocList>
<StmntSeq Intrnl_Id="541">
<LocList>
<Loc EndOffset="3800" SrcFileId="2" StartOffset="3766"/>
<Loc EndOffset="3843" SrcFileId="2" StartOffset="3810"/>
<Loc EndOffset="4238" SrcFileId="2" StartOffset="3848"/>
<Loc EndOffset="4269" SrcFileId="2" StartOffset="4244"/>
</LocList>
<BasicStmnt CovItemId="S56" CovItemPrefix="bill.Bill.java" Intrnl_Id="542">
<LocList>
<Loc EndOffset="3800" SrcFileId="2" StartOffset="3766"/>
</LocList>
</BasicStmnt>
<BasicStmnt CovItemId="S57" CovItemPrefix="bill.Bill.java" Intrnl_Id="543">
<LocList>
<Loc EndOffset="3843" SrcFileId="2" StartOffset="3810"/>
</LocList>
</BasicStmnt>
<CondStmnt CovItemId="S58" CovItemPrefix="bill.Bill.java" Intrnl_Id="544">
<Branch CovItemId="B13" CovItemPrefix="bill.Bill.java" Implct="false" Intrnl_Id="545">
<Cond>
<Loc EndOffset="3901" SrcFileId="2" StartOffset="3880"/>
</Cond>
<LocList>
<Loc EndOffset="4035" SrcFileId="2" StartOffset="3918"/>
</LocList>
<StmntSeq Intrnl_Id="546">
<LocList>
<Loc EndOffset="3986" SrcFileId="2" StartOffset="3918"/>
<Loc EndOffset="4020" SrcFileId="2" StartOffset="3995"/>
<Loc EndOffset="4035" SrcFileId="2" StartOffset="4029"/>
</LocList>
<BasicStmnt CovItemId="S59" CovItemPrefix="bill.Bill.java" Intrnl_Id="547">
<LocList>
<Loc EndOffset="3986" SrcFileId="2" StartOffset="3918"/>
</LocList>
</BasicStmnt>
<BasicStmnt CovItemId="S60" CovItemPrefix="bill.Bill.java" Intrnl_Id="548">
<LocList>
<Loc EndOffset="4020" SrcFileId="2" StartOffset="3995"/>
</LocList>
</BasicStmnt>
<BasicStmnt CovItemId="S61" CovItemPrefix="bill.Bill.java" Intrnl_Id="549">
<LocList>
<Loc EndOffset="4035" SrcFileId="2" StartOffset="4029"/>
</LocList>
</BasicStmnt>
</StmntSeq>
</Branch>
<Branch CovItemId="B14" CovItemPrefix="bill.Bill.java" Implct="false" Intrnl_Id="550">
<Cond>
<Loc EndOffset="4055" SrcFileId="2" StartOffset="4042"/>
</Cond>
<LocList>
<Loc EndOffset="4168" SrcFileId="2" StartOffset="4065"/>
</LocList>
<StmntSeq Intrnl_Id="551">
<LocList>
<Loc EndOffset="4119" SrcFileId="2" StartOffset="4065"/>
<Loc EndOffset="4153" SrcFileId="2" StartOffset="4128"/>
<Loc EndOffset="4168" SrcFileId="2" StartOffset="4162"/>
</LocList>
<BasicStmnt CovItemId="S62" CovItemPrefix="bill.Bill.java" Intrnl_Id="552">
<LocList>
<Loc EndOffset="4119" SrcFileId="2" StartOffset="4065"/>
</LocList>
</BasicStmnt>
<BasicStmnt CovItemId="S63" CovItemPrefix="bill.Bill.java" Intrnl_Id="553">
<LocList>
<Loc EndOffset="4153" SrcFileId="2" StartOffset="4128"/>
</LocList>
</BasicStmnt>
<BasicStmnt CovItemId="S64" CovItemPrefix="bill.Bill.java" Intrnl_Id="554">
<LocList>
<Loc EndOffset="4168" SrcFileId="2" StartOffset="4162"/>
</LocList>
</BasicStmnt>
</StmntSeq>
</Branch>
<Branch CovItemId="B15" CovItemPrefix="bill.Bill.java" Implct="false" Intrnl_Id="555">
<Cond>
<Loc EndOffset="4182" SrcFileId="2" StartOffset="4175"/>
</Cond>
<LocList/>
<StmntSeq Intrnl_Id="556">
<LocList/>
</StmntSeq>
</Branch>
<Keyword EndOffset="3854" SrcFileId="2" StartOffset="3848"/>
<LocList>
<Loc EndOffset="4238" SrcFileId="2" StartOffset="3848"/>
</LocList>
</CondStmnt>
<BasicStmnt CovItemId="S65" CovItemPrefix="bill.Bill.java" Intrnl_Id="557">
<LocList>
<Loc EndOffset="4269" SrcFileId="2" StartOffset="4244"/>
</LocList>
</BasicStmnt>
</StmntSeq>
</HierarchyLvl>
<HierarchyLvl HierarchyLvlId="816" HierarchyLvlTypeId="8" Intrnl_Id="558" Name="modify">
<Header>
<Loc EndOffset="4302" SrcFileId="2" StartOffset="4279"/>
</Header>
<LocList>
<Loc EndOffset="4641" SrcFileId="2" StartOffset="4279"/>
</LocList>
<StmntSeq Intrnl_Id="559">
<LocList>
<Loc EndOffset="4345" SrcFileId="2" StartOffset="4311"/>
<Loc EndOffset="4388" SrcFileId="2" StartOffset="4355"/>
<Loc EndOffset="4606" SrcFileId="2" StartOffset="4393"/>
<Loc EndOffset="4637" SrcFileId="2" StartOffset="4612"/>
</LocList>
<BasicStmnt CovItemId="S66" CovItemPrefix="bill.Bill.java" Intrnl_Id="560">
<LocList>
<Loc EndOffset="4345" SrcFileId="2" StartOffset="4311"/>
</LocList>
</BasicStmnt>
<BasicStmnt CovItemId="S67" CovItemPrefix="bill.Bill.java" Intrnl_Id="561">
<LocList>
<Loc EndOffset="4388" SrcFileId="2" StartOffset="4355"/>
</LocList>
</BasicStmnt>
<CondStmnt CovItemId="S68" CovItemPrefix="bill.Bill.java" Intrnl_Id="562">
<Branch CovItemId="B16" CovItemPrefix="bill.Bill.java" Implct="false" Intrnl_Id="563">
<Cond>
<Loc EndOffset="4439" SrcFileId="2" StartOffset="4425"/>
</Cond>
<LocList>
<Loc EndOffset="4536" SrcFileId="2" StartOffset="4449"/>
</LocList>
<StmntSeq Intrnl_Id="564">
<LocList>
<Loc EndOffset="4487" SrcFileId="2" StartOffset="4449"/>
<Loc EndOffset="4521" SrcFileId="2" StartOffset="4496"/>
<Loc EndOffset="4536" SrcFileId="2" StartOffset="4530"/>
</LocList>
<BasicStmnt CovItemId="S69" CovItemPrefix="bill.Bill.java" Intrnl_Id="565">
<LocList>
<Loc EndOffset="4487" SrcFileId="2" StartOffset="4449"/>
</LocList>
</BasicStmnt>
<BasicStmnt CovItemId="S70" CovItemPrefix="bill.Bill.java" Intrnl_Id="566">
<LocList>
<Loc EndOffset="4521" SrcFileId="2" StartOffset="4496"/>
</LocList>
</BasicStmnt>
<BasicStmnt CovItemId="S71" CovItemPrefix="bill.Bill.java" Intrnl_Id="567">
<LocList>
<Loc EndOffset="4536" SrcFileId="2" StartOffset="4530"/>
</LocList>
</BasicStmnt>
</StmntSeq>
</Branch>
<Branch CovItemId="B17" CovItemPrefix="bill.Bill.java" Implct="false" Intrnl_Id="568">
<Cond>
<Loc EndOffset="4550" SrcFileId="2" StartOffset="4543"/>
</Cond>
<LocList/>
<StmntSeq Intrnl_Id="569">
<LocList/>
</StmntSeq>
</Branch>
<Keyword EndOffset="4399" SrcFileId="2" StartOffset="4393"/>
<LocList>
<Loc EndOffset="4606" SrcFileId="2" StartOffset="4393"/>
</LocList>
</CondStmnt>
<BasicStmnt CovItemId="S72" CovItemPrefix="bill.Bill.java" Intrnl_Id="570">
<LocList>
<Loc EndOffset="4637" SrcFileId="2" StartOffset="4612"/>
</LocList>
</BasicStmnt>
</StmntSeq>
</HierarchyLvl>
<HierarchyLvl HierarchyLvlId="817" HierarchyLvlTypeId="8" Intrnl_Id="571" Name="exitInHouseOfCommons">
<Header>
<Loc EndOffset="4683" SrcFileId="2" StartOffset="4645"/>
</Header>
<LocList>
<Loc EndOffset="5555" SrcFileId="2" StartOffset="4645"/>
</LocList>
<StmntSeq Intrnl_Id="572">
<LocList>
<Loc EndOffset="4726" SrcFileId="2" StartOffset="4692"/>
<Loc EndOffset="4817" SrcFileId="2" StartOffset="4736"/>
<Loc EndOffset="5520" SrcFileId="2" StartOffset="4822"/>
<Loc EndOffset="5551" SrcFileId="2" StartOffset="5526"/>
</LocList>
<BasicStmnt CovItemId="S73" CovItemPrefix="bill.Bill.java" Intrnl_Id="573">
<LocList>
<Loc EndOffset="4726" SrcFileId="2" StartOffset="4692"/>
</LocList>
</BasicStmnt>
<BasicStmnt CovItemId="S74" CovItemPrefix="bill.Bill.java" Intrnl_Id="574">
<LocList>
<Loc EndOffset="4817" SrcFileId="2" StartOffset="4736"/>
</LocList>
</BasicStmnt>
<CondStmnt CovItemId="S75" CovItemPrefix="bill.Bill.java" Intrnl_Id="575">
<Branch CovItemId="B18" CovItemPrefix="bill.Bill.java" Implct="false" Intrnl_Id="576">
<Cond>
<Loc EndOffset="4887" SrcFileId="2" StartOffset="4870"/>
</Cond>
<LocList>
<Loc EndOffset="5007" SrcFileId="2" StartOffset="4897"/>
</LocList>
<StmntSeq Intrnl_Id="577">
<LocList>
<Loc EndOffset="4958" SrcFileId="2" StartOffset="4897"/>
<Loc EndOffset="4992" SrcFileId="2" StartOffset="4967"/>
<Loc EndOffset="5007" SrcFileId="2" StartOffset="5001"/>
</LocList>
<BasicStmnt CovItemId="S76" CovItemPrefix="bill.Bill.java" Intrnl_Id="578">
<LocList>
<Loc EndOffset="4958" SrcFileId="2" StartOffset="4897"/>
</LocList>
</BasicStmnt>
<BasicStmnt CovItemId="S77" CovItemPrefix="bill.Bill.java" Intrnl_Id="579">
<LocList>
<Loc EndOffset="4992" SrcFileId="2" StartOffset="4967"/>
</LocList>
</BasicStmnt>
<BasicStmnt CovItemId="S78" CovItemPrefix="bill.Bill.java" Intrnl_Id="580">
<LocList>
<Loc EndOffset="5007" SrcFileId="2" StartOffset="5001"/>
</LocList>
</BasicStmnt>
</StmntSeq>
</Branch>
<Branch CovItemId="B19" CovItemPrefix="bill.Bill.java" Implct="false" Intrnl_Id="581">
<Cond>
<Loc EndOffset="5032" SrcFileId="2" StartOffset="5014"/>
</Cond>
<LocList>
<Loc EndOffset="5152" SrcFileId="2" StartOffset="5042"/>
</LocList>
<StmntSeq Intrnl_Id="582">
<LocList>
<Loc EndOffset="5103" SrcFileId="2" StartOffset="5042"/>
<Loc EndOffset="5137" SrcFileId="2" StartOffset="5112"/>
<Loc EndOffset="5152" SrcFileId="2" StartOffset="5146"/>
</LocList>
<BasicStmnt CovItemId="S79" CovItemPrefix="bill.Bill.java" Intrnl_Id="583">
<LocList>
<Loc EndOffset="5103" SrcFileId="2" StartOffset="5042"/>
</LocList>
</BasicStmnt>
<BasicStmnt CovItemId="S80" CovItemPrefix="bill.Bill.java" Intrnl_Id="584">
<LocList>
<Loc EndOffset="5137" SrcFileId="2" StartOffset="5112"/>
</LocList>
</BasicStmnt>
<BasicStmnt CovItemId="S81" CovItemPrefix="bill.Bill.java" Intrnl_Id="585">
<LocList>
<Loc EndOffset="5152" SrcFileId="2" StartOffset="5146"/>
</LocList>
</BasicStmnt>
</StmntSeq>
</Branch>
<Branch CovItemId="B20" CovItemPrefix="bill.Bill.java" Implct="false" Intrnl_Id="586">
<Cond>
<Loc EndOffset="5186" SrcFileId="2" StartOffset="5159"/>
</Cond>
<LocList>
<Loc EndOffset="5306" SrcFileId="2" StartOffset="5196"/>
</LocList>
<StmntSeq Intrnl_Id="587">
<LocList>
<Loc EndOffset="5257" SrcFileId="2" StartOffset="5196"/>
<Loc EndOffset="5291" SrcFileId="2" StartOffset="5266"/>
<Loc EndOffset="5306" SrcFileId="2" StartOffset="5300"/>
</LocList>
<BasicStmnt CovItemId="S82" CovItemPrefix="bill.Bill.java" Intrnl_Id="588">
<LocList>
<Loc EndOffset="5257" SrcFileId="2" StartOffset="5196"/>
</LocList>
</BasicStmnt>
<BasicStmnt CovItemId="S83" CovItemPrefix="bill.Bill.java" Intrnl_Id="589">
<LocList>
<Loc EndOffset="5291" SrcFileId="2" StartOffset="5266"/>
</LocList>
</BasicStmnt>
<BasicStmnt CovItemId="S84" CovItemPrefix="bill.Bill.java" Intrnl_Id="590">
<LocList>
<Loc EndOffset="5306" SrcFileId="2" StartOffset="5300"/>
</LocList>
</BasicStmnt>
</StmntSeq>
</Branch>
<Branch CovItemId="B21" CovItemPrefix="bill.Bill.java" Implct="false" Intrnl_Id="591">
<Cond>
<Loc EndOffset="5330" SrcFileId="2" StartOffset="5313"/>
</Cond>
<LocList>
<Loc EndOffset="5450" SrcFileId="2" StartOffset="5340"/>
</LocList>
<StmntSeq Intrnl_Id="592">
<LocList>
<Loc EndOffset="5401" SrcFileId="2" StartOffset="5340"/>
<Loc EndOffset="5435" SrcFileId="2" StartOffset="5410"/>
<Loc EndOffset="5450" SrcFileId="2" StartOffset="5444"/>
</LocList>
<BasicStmnt CovItemId="S85" CovItemPrefix="bill.Bill.java" Intrnl_Id="593">
<LocList>
<Loc EndOffset="5401" SrcFileId="2" StartOffset="5340"/>
</LocList>
</BasicStmnt>
<BasicStmnt CovItemId="S86" CovItemPrefix="bill.Bill.java" Intrnl_Id="594">
<LocList>
<Loc EndOffset="5435" SrcFileId="2" StartOffset="5410"/>
</LocList>
</BasicStmnt>
<BasicStmnt CovItemId="S87" CovItemPrefix="bill.Bill.java" Intrnl_Id="595">
<LocList>
<Loc EndOffset="5450" SrcFileId="2" StartOffset="5444"/>
</LocList>
</BasicStmnt>
</StmntSeq>
</Branch>
<Branch CovItemId="B22" CovItemPrefix="bill.Bill.java" Implct="false" Intrnl_Id="596">
<Cond>
<Loc EndOffset="5464" SrcFileId="2" StartOffset="5457"/>
</Cond>
<LocList/>
<StmntSeq Intrnl_Id="597">
<LocList/>
</StmntSeq>
</Branch>
<Keyword EndOffset="4828" SrcFileId="2" StartOffset="4822"/>
<LocList>
<Loc EndOffset="5520" SrcFileId="2" StartOffset="4822"/>
</LocList>
</CondStmnt>
<BasicStmnt CovItemId="S88" CovItemPrefix="bill.Bill.java" Intrnl_Id="598">
<LocList>
<Loc EndOffset="5551" SrcFileId="2" StartOffset="5526"/>
</LocList>
</BasicStmnt>
</StmntSeq>
</HierarchyLvl>
<HierarchyLvl HierarchyLvlId="818" HierarchyLvlTypeId="8" Intrnl_Id="599" Name="votePasses">
<Header>
<Loc EndOffset="5586" SrcFileId="2" StartOffset="5559"/>
</Header>
<LocList>
<Loc EndOffset="7805" SrcFileId="2" StartOffset="5559"/>
</LocList>
<StmntSeq Intrnl_Id="600">
<LocList>
<Loc EndOffset="5629" SrcFileId="2" StartOffset="5595"/>
<Loc EndOffset="5720" SrcFileId="2" StartOffset="5639"/>
<Loc EndOffset="5782" SrcFileId="2" StartOffset="5725"/>
<Loc EndOffset="6780" SrcFileId="2" StartOffset="5787"/>
<Loc EndOffset="7770" SrcFileId="2" StartOffset="6786"/>
<Loc EndOffset="7801" SrcFileId="2" StartOffset="7776"/>
</LocList>
<BasicStmnt CovItemId="S89" CovItemPrefix="bill.Bill.java" Intrnl_Id="601">
<LocList>
<Loc EndOffset="5629" SrcFileId="2" StartOffset="5595"/>
</LocList>
</BasicStmnt>
<BasicStmnt CovItemId="S90" CovItemPrefix="bill.Bill.java" Intrnl_Id="602">
<LocList>
<Loc EndOffset="5720" SrcFileId="2" StartOffset="5639"/>
</LocList>
</BasicStmnt>
<BasicStmnt CovItemId="S91" CovItemPrefix="bill.Bill.java" Intrnl_Id="603">
<LocList>
<Loc EndOffset="5782" SrcFileId="2" StartOffset="5725"/>
</LocList>
</BasicStmnt>
<CondStmnt CovItemId="S92" CovItemPrefix="bill.Bill.java" Intrnl_Id="604">
<Branch CovItemId="B23" CovItemPrefix="bill.Bill.java" Implct="false" Intrnl_Id="605">
<Cond>
<Loc EndOffset="5852" SrcFileId="2" StartOffset="5835"/>
</Cond>
<LocList>
<Loc EndOffset="5981" SrcFileId="2" StartOffset="5862"/>
</LocList>
<StmntSeq Intrnl_Id="606">
<LocList>
<Loc EndOffset="5932" SrcFileId="2" StartOffset="5862"/>
<Loc EndOffset="5966" SrcFileId="2" StartOffset="5941"/>
<Loc EndOffset="5981" SrcFileId="2" StartOffset="5975"/>
</LocList>
<BasicStmnt CovItemId="S93" CovItemPrefix="bill.Bill.java" Intrnl_Id="607">
<LocList>
<Loc EndOffset="5932" SrcFileId="2" StartOffset="5862"/>
</LocList>
</BasicStmnt>
<BasicStmnt CovItemId="S94" CovItemPrefix="bill.Bill.java" Intrnl_Id="608">
<LocList>
<Loc EndOffset="5966" SrcFileId="2" StartOffset="5941"/>
</LocList>
</BasicStmnt>
<BasicStmnt CovItemId="S95" CovItemPrefix="bill.Bill.java" Intrnl_Id="609">
<LocList>
<Loc EndOffset="5981" SrcFileId="2" StartOffset="5975"/>
</LocList>
</BasicStmnt>
</StmntSeq>
</Branch>
<Branch CovItemId="B24" CovItemPrefix="bill.Bill.java" Implct="false" Intrnl_Id="610">
<Cond>
<Loc EndOffset="6006" SrcFileId="2" StartOffset="5988"/>
</Cond>
<LocList>
<Loc EndOffset="6144" SrcFileId="2" StartOffset="6016"/>
</LocList>
<StmntSeq Intrnl_Id="611">
<LocList>
<Loc EndOffset="6095" SrcFileId="2" StartOffset="6016"/>
<Loc EndOffset="6129" SrcFileId="2" StartOffset="6104"/>
<Loc EndOffset="6144" SrcFileId="2" StartOffset="6138"/>
</LocList>
<BasicStmnt CovItemId="S96" CovItemPrefix="bill.Bill.java" Intrnl_Id="612">
<LocList>
<Loc EndOffset="6095" SrcFileId="2" StartOffset="6016"/>
</LocList>
</BasicStmnt>
<BasicStmnt CovItemId="S97" CovItemPrefix="bill.Bill.java" Intrnl_Id="613">
<LocList>
<Loc EndOffset="6129" SrcFileId="2" StartOffset="6104"/>
</LocList>
</BasicStmnt>
<BasicStmnt CovItemId="S98" CovItemPrefix="bill.Bill.java" Intrnl_Id="614">
<LocList>
<Loc EndOffset="6144" SrcFileId="2" StartOffset="6138"/>
</LocList>
</BasicStmnt>
</StmntSeq>
</Branch>
<Branch CovItemId="B25" CovItemPrefix="bill.Bill.java" Implct="false" Intrnl_Id="615">
<Cond>
<Loc EndOffset="6178" SrcFileId="2" StartOffset="6151"/>
</Cond>
<LocList>
<Loc EndOffset="6306" SrcFileId="2" StartOffset="6188"/>
</LocList>
<StmntSeq Intrnl_Id="616">
<LocList>
<Loc EndOffset="6257" SrcFileId="2" StartOffset="6188"/>
<Loc EndOffset="6291" SrcFileId="2" StartOffset="6266"/>
<Loc EndOffset="6306" SrcFileId="2" StartOffset="6300"/>
</LocList>
<BasicStmnt CovItemId="S99" CovItemPrefix="bill.Bill.java" Intrnl_Id="617">
<LocList>
<Loc EndOffset="6257" SrcFileId="2" StartOffset="6188"/>
</LocList>
</BasicStmnt>
<BasicStmnt CovItemId="S100" CovItemPrefix="bill.Bill.java" Intrnl_Id="618">
<LocList>
<Loc EndOffset="6291" SrcFileId="2" StartOffset="6266"/>
</LocList>
</BasicStmnt>
<BasicStmnt CovItemId="S101" CovItemPrefix="bill.Bill.java" Intrnl_Id="619">
<LocList>
<Loc EndOffset="6306" SrcFileId="2" StartOffset="6300"/>
</LocList>
</BasicStmnt>
</StmntSeq>
</Branch>
<Branch CovItemId="B26" CovItemPrefix="bill.Bill.java" Implct="false" Intrnl_Id="620">
<Cond>
<Loc EndOffset="6330" SrcFileId="2" StartOffset="6313"/>
</Cond>
<LocList>
<Loc EndOffset="6710" SrcFileId="2" StartOffset="6340"/>
</LocList>
<StmntSeq Intrnl_Id="621">
<LocList>
<Loc EndOffset="6507" SrcFileId="2" StartOffset="6340"/>
<Loc EndOffset="6695" SrcFileId="2" StartOffset="6516"/>
<Loc EndOffset="6710" SrcFileId="2" StartOffset="6704"/>
</LocList>
<CondStmnt CovItemId="S102" CovItemPrefix="bill.Bill.java" Intrnl_Id="622">
<Branch CovItemId="B27" CovItemPrefix="bill.Bill.java" Implct="false" Intrnl_Id="623">
<Cond/>
<LocList>
<Loc EndOffset="6507" SrcFileId="2" StartOffset="6372"/>
</LocList>
<StmntSeq Intrnl_Id="624">
<LocList>
<Loc EndOffset="6400" SrcFileId="2" StartOffset="6384"/>
<Loc EndOffset="6444" SrcFileId="2" StartOffset="6411"/>
<Loc EndOffset="6480" SrcFileId="2" StartOffset="6455"/>
<Loc EndOffset="6497" SrcFileId="2" StartOffset="6491"/>
</LocList>
<BasicStmnt CovItemId="S103" CovItemPrefix="bill.Bill.java" Intrnl_Id="625">
<LocList>
<Loc EndOffset="6400" SrcFileId="2" StartOffset="6384"/>
</LocList>
</BasicStmnt>
<BasicStmnt CovItemId="S104" CovItemPrefix="bill.Bill.java" Intrnl_Id="626">
<LocList>
<Loc EndOffset="6444" SrcFileId="2" StartOffset="6411"/>
</LocList>
</BasicStmnt>
<BasicStmnt CovItemId="S105" CovItemPrefix="bill.Bill.java" Intrnl_Id="627">
<LocList>
<Loc EndOffset="6480" SrcFileId="2" StartOffset="6455"/>
</LocList>
</BasicStmnt>
<BasicStmnt CovItemId="S106" CovItemPrefix="bill.Bill.java" Intrnl_Id="628">
<LocList>
<Loc EndOffset="6497" SrcFileId="2" StartOffset="6491"/>
</LocList>
</BasicStmnt>
</StmntSeq>
</Branch>
<Branch CovItemId="B28" CovItemPrefix="bill.Bill.java" Implct="true" Intrnl_Id="629">
<Cond/>
<LocList/>
<StmntSeq Intrnl_Id="630">
<LocList/>
</StmntSeq>
</Branch>
<Keyword EndOffset="6342" SrcFileId="2" StartOffset="6340"/>
<LocList>
<Loc EndOffset="6507" SrcFileId="2" StartOffset="6340"/>
</LocList>
<RootTerm CovItemId="C1" CovItemPrefix="bill.Bill.java" Intrnl_Id="631">
<BasicBoolTerm Intrnl_Id="632">
<LocList>
<Loc EndOffset="6362" SrcFileId="2" StartOffset="6344"/>
</LocList>
</BasicBoolTerm>
</RootTerm>
</CondStmnt>
<CondStmnt CovItemId="S107" CovItemPrefix="bill.Bill.java" Intrnl_Id="633">
<Branch CovItemId="B29" CovItemPrefix="bill.Bill.java" Implct="false" Intrnl_Id="634">
<Cond/>
<LocList>
<Loc EndOffset="6695" SrcFileId="2" StartOffset="6549"/>
</LocList>
<StmntSeq Intrnl_Id="635">
<LocList>
<Loc EndOffset="6577" SrcFileId="2" StartOffset="6561"/>
<Loc EndOffset="6632" SrcFileId="2" StartOffset="6588"/>
<Loc EndOffset="6668" SrcFileId="2" StartOffset="6643"/>
<Loc EndOffset="6685" SrcFileId="2" StartOffset="6679"/>
</LocList>
<BasicStmnt CovItemId="S108" CovItemPrefix="bill.Bill.java" Intrnl_Id="636">
<LocList>
<Loc EndOffset="6577" SrcFileId="2" StartOffset="6561"/>
</LocList>
</BasicStmnt>
<BasicStmnt CovItemId="S109" CovItemPrefix="bill.Bill.java" Intrnl_Id="637">
<LocList>
<Loc EndOffset="6632" SrcFileId="2" StartOffset="6588"/>
</LocList>
</BasicStmnt>
<BasicStmnt CovItemId="S110" CovItemPrefix="bill.Bill.java" Intrnl_Id="638">
<LocList>
<Loc EndOffset="6668" SrcFileId="2" StartOffset="6643"/>
</LocList>
</BasicStmnt>
<BasicStmnt CovItemId="S111" CovItemPrefix="bill.Bill.java" Intrnl_Id="639">
<LocList>
<Loc EndOffset="6685" SrcFileId="2" StartOffset="6679"/>
</LocList>
</BasicStmnt>
</StmntSeq>
</Branch>
<Branch CovItemId="B30" CovItemPrefix="bill.Bill.java" Implct="true" Intrnl_Id="640">
<Cond/>
<LocList/>
<StmntSeq Intrnl_Id="641">
<LocList/>
</StmntSeq>
</Branch>
<Keyword EndOffset="6518" SrcFileId="2" StartOffset="6516"/>
<LocList>
<Loc EndOffset="6695" SrcFileId="2" StartOffset="6516"/>
</LocList>
<RootTerm CovItemId="C2" CovItemPrefix="bill.Bill.java" Intrnl_Id="642">
<OpTerm BooleanOpId="3" Intrnl_Id="643">
<BasicBoolTerm Intrnl_Id="644">
<LocList>
<Loc EndOffset="6539" SrcFileId="2" StartOffset="6521"/>
</LocList>
</BasicBoolTerm>
<LocList>
<Loc EndOffset="6521" SrcFileId="2" StartOffset="6520"/>
</LocList>
</OpTerm>
</RootTerm>
</CondStmnt>
<BasicStmnt CovItemId="S112" CovItemPrefix="bill.Bill.java" Intrnl_Id="645">
<LocList>
<Loc EndOffset="6710" SrcFileId="2" StartOffset="6704"/>
</LocList>
</BasicStmnt>
</StmntSeq>
</Branch>
<Branch CovItemId="B31" CovItemPrefix="bill.Bill.java" Implct="false" Intrnl_Id="646">
<Cond>
<Loc EndOffset="6724" SrcFileId="2" StartOffset="6717"/>
</Cond>
<LocList/>
<StmntSeq Intrnl_Id="647">
<LocList/>
</StmntSeq>
</Branch>
<Keyword EndOffset="5793" SrcFileId="2" StartOffset="5787"/>
<LocList>
<Loc EndOffset="6780" SrcFileId="2" StartOffset="5787"/>
</LocList>
</CondStmnt>
<CondStmnt CovItemId="S113" CovItemPrefix="bill.Bill.java" Intrnl_Id="648">
<Branch CovItemId="B32" CovItemPrefix="bill.Bill.java" Implct="false" Intrnl_Id="649">
<Cond>
<Loc EndOffset="6844" SrcFileId="2" StartOffset="6826"/>
</Cond>
<LocList>
<Loc EndOffset="6958" SrcFileId="2" StartOffset="6854"/>
</LocList>
<StmntSeq Intrnl_Id="650">
<LocList>
<Loc EndOffset="6909" SrcFileId="2" StartOffset="6854"/>
<Loc EndOffset="6943" SrcFileId="2" StartOffset="6918"/>
<Loc EndOffset="6958" SrcFileId="2" StartOffset="6952"/>
</LocList>
<BasicStmnt CovItemId="S114" CovItemPrefix="bill.Bill.java" Intrnl_Id="651">
<LocList>
<Loc EndOffset="6909" SrcFileId="2" StartOffset="6854"/>
</LocList>
</BasicStmnt>
<BasicStmnt CovItemId="S115" CovItemPrefix="bill.Bill.java" Intrnl_Id="652">
<LocList>
<Loc EndOffset="6943" SrcFileId="2" StartOffset="6918"/>
</LocList>
</BasicStmnt>
<BasicStmnt CovItemId="S116" CovItemPrefix="bill.Bill.java" Intrnl_Id="653">
<LocList>
<Loc EndOffset="6958" SrcFileId="2" StartOffset="6952"/>
</LocList>
</BasicStmnt>
</StmntSeq>
</Branch>
<Branch CovItemId="B33" CovItemPrefix="bill.Bill.java" Implct="false" Intrnl_Id="654">
<Cond>
<Loc EndOffset="6984" SrcFileId="2" StartOffset="6965"/>
</Cond>
<LocList>
<Loc EndOffset="7107" SrcFileId="2" StartOffset="6994"/>
</LocList>
<StmntSeq Intrnl_Id="655">
<LocList>
<Loc EndOffset="7058" SrcFileId="2" StartOffset="6994"/>
<Loc EndOffset="7092" SrcFileId="2" StartOffset="7067"/>
<Loc EndOffset="7107" SrcFileId="2" StartOffset="7101"/>
</LocList>
<BasicStmnt CovItemId="S117" CovItemPrefix="bill.Bill.java" Intrnl_Id="656">
<LocList>
<Loc EndOffset="7058" SrcFileId="2" StartOffset="6994"/>
</LocList>
</BasicStmnt>
<BasicStmnt CovItemId="S118" CovItemPrefix="bill.Bill.java" Intrnl_Id="657">
<LocList>
<Loc EndOffset="7092" SrcFileId="2" StartOffset="7067"/>
</LocList>
</BasicStmnt>
<BasicStmnt CovItemId="S119" CovItemPrefix="bill.Bill.java" Intrnl_Id="658">
<LocList>
<Loc EndOffset="7107" SrcFileId="2" StartOffset="7101"/>
</LocList>
</BasicStmnt>
</StmntSeq>
</Branch>
<Branch CovItemId="B34" CovItemPrefix="bill.Bill.java" Implct="false" Intrnl_Id="659">
<Cond>
<Loc EndOffset="7142" SrcFileId="2" StartOffset="7114"/>
</Cond>
<LocList>
<Loc EndOffset="7287" SrcFileId="2" StartOffset="7152"/>
</LocList>
<StmntSeq Intrnl_Id="660">
<LocList>
<Loc EndOffset="7206" SrcFileId="2" StartOffset="7152"/>
<Loc EndOffset="7272" SrcFileId="2" StartOffset="7247"/>
<Loc EndOffset="7287" SrcFileId="2" StartOffset="7281"/>
</LocList>
<BasicStmnt CovItemId="S120" CovItemPrefix="bill.Bill.java" Intrnl_Id="661">
<LocList>
<Loc EndOffset="7206" SrcFileId="2" StartOffset="7152"/>
</LocList>
</BasicStmnt>
<BasicStmnt CovItemId="S121" CovItemPrefix="bill.Bill.java" Intrnl_Id="662">
<LocList>
<Loc EndOffset="7272" SrcFileId="2" StartOffset="7247"/>
</LocList>
</BasicStmnt>
<BasicStmnt CovItemId="S122" CovItemPrefix="bill.Bill.java" Intrnl_Id="663">
<LocList>
<Loc EndOffset="7287" SrcFileId="2" StartOffset="7281"/>
</LocList>
</BasicStmnt>
</StmntSeq>
</Branch>
<Branch CovItemId="B35" CovItemPrefix="bill.Bill.java" Implct="false" Intrnl_Id="664">
<Cond>
<Loc EndOffset="7312" SrcFileId="2" StartOffset="7294"/>
</Cond>
<LocList>
<Loc EndOffset="7700" SrcFileId="2" StartOffset="7322"/>
</LocList>
<StmntSeq Intrnl_Id="665">
<LocList>
<Loc EndOffset="7500" SrcFileId="2" StartOffset="7322"/>
<Loc EndOffset="7685" SrcFileId="2" StartOffset="7509"/>
<Loc EndOffset="7700" SrcFileId="2" StartOffset="7694"/>
</LocList>
<CondStmnt CovItemId="S123" CovItemPrefix="bill.Bill.java" Intrnl_Id="666">
<Branch CovItemId="B36" CovItemPrefix="bill.Bill.java" Implct="false" Intrnl_Id="667">
<Cond/>
<LocList>
<Loc EndOffset="7500" SrcFileId="2" StartOffset="7354"/>
</LocList>
<StmntSeq Intrnl_Id="668">
<LocList>
<Loc EndOffset="7382" SrcFileId="2" StartOffset="7366"/>
<Loc EndOffset="7437" SrcFileId="2" StartOffset="7393"/>
<Loc EndOffset="7473" SrcFileId="2" StartOffset="7448"/>
<Loc EndOffset="7490" SrcFileId="2" StartOffset="7484"/>
</LocList>
<BasicStmnt CovItemId="S124" CovItemPrefix="bill.Bill.java" Intrnl_Id="669">
<LocList>
<Loc EndOffset="7382" SrcFileId="2" StartOffset="7366"/>
</LocList>
</BasicStmnt>
<BasicStmnt CovItemId="S125" CovItemPrefix="bill.Bill.java" Intrnl_Id="670">
<LocList>
<Loc EndOffset="7437" SrcFileId="2" StartOffset="7393"/>
</LocList>
</BasicStmnt>
<BasicStmnt CovItemId="S126" CovItemPrefix="bill.Bill.java" Intrnl_Id="671">
<LocList>
<Loc EndOffset="7473" SrcFileId="2" StartOffset="7448"/>
</LocList>
</BasicStmnt>
<BasicStmnt CovItemId="S127" CovItemPrefix="bill.Bill.java" Intrnl_Id="672">
<LocList>
<Loc EndOffset="7490" SrcFileId="2" StartOffset="7484"/>
</LocList>
</BasicStmnt>
</StmntSeq>
</Branch>
<Branch CovItemId="B37" CovItemPrefix="bill.Bill.java" Implct="true" Intrnl_Id="673">
<Cond/>
<LocList/>
<StmntSeq Intrnl_Id="674">
<LocList/>
</StmntSeq>
</Branch>
<Keyword EndOffset="7324" SrcFileId="2" StartOffset="7322"/>
<LocList>
<Loc EndOffset="7500" SrcFileId="2" StartOffset="7322"/>
</LocList>
<RootTerm CovItemId="C3" CovItemPrefix="bill.Bill.java" Intrnl_Id="675">
<BasicBoolTerm Intrnl_Id="676">
<LocList>
<Loc EndOffset="7344" SrcFileId="2" StartOffset="7326"/>
</LocList>
</BasicBoolTerm>
</RootTerm>
</CondStmnt>
<CondStmnt CovItemId="S128" CovItemPrefix="bill.Bill.java" Intrnl_Id="677">
<Branch CovItemId="B38" CovItemPrefix="bill.Bill.java" Implct="false" Intrnl_Id="678">
<Cond/>
<LocList>
<Loc EndOffset="7685" SrcFileId="2" StartOffset="7542"/>
</LocList>
<StmntSeq Intrnl_Id="679">
<LocList>
<Loc EndOffset="7570" SrcFileId="2" StartOffset="7554"/>
<Loc EndOffset="7622" SrcFileId="2" StartOffset="7581"/>
<Loc EndOffset="7658" SrcFileId="2" StartOffset="7633"/>
<Loc EndOffset="7675" SrcFileId="2" StartOffset="7669"/>
</LocList>
<BasicStmnt CovItemId="S129" CovItemPrefix="bill.Bill.java" Intrnl_Id="680">
<LocList>
<Loc EndOffset="7570" SrcFileId="2" StartOffset="7554"/>
</LocList>
</BasicStmnt>
<BasicStmnt CovItemId="S130" CovItemPrefix="bill.Bill.java" Intrnl_Id="681">
<LocList>
<Loc EndOffset="7622" SrcFileId="2" StartOffset="7581"/>
</LocList>
</BasicStmnt>
<BasicStmnt CovItemId="S131" CovItemPrefix="bill.Bill.java" Intrnl_Id="682">
<LocList>
<Loc EndOffset="7658" SrcFileId="2" StartOffset="7633"/>
</LocList>
</BasicStmnt>
<BasicStmnt CovItemId="S132" CovItemPrefix="bill.Bill.java" Intrnl_Id="683">
<LocList>
<Loc EndOffset="7675" SrcFileId="2" StartOffset="7669"/>
</LocList>
</BasicStmnt>
</StmntSeq>
</Branch>
<Branch CovItemId="B39" CovItemPrefix="bill.Bill.java" Implct="true" Intrnl_Id="684">
<Cond/>
<LocList/>
<StmntSeq Intrnl_Id="685">
<LocList/>
</StmntSeq>
</Branch>
<Keyword EndOffset="7511" SrcFileId="2" StartOffset="7509"/>
<LocList>
<Loc EndOffset="7685" SrcFileId="2" StartOffset="7509"/>
</LocList>
<RootTerm CovItemId="C4" CovItemPrefix="bill.Bill.java" Intrnl_Id="686">
<OpTerm BooleanOpId="3" Intrnl_Id="687">
<BasicBoolTerm Intrnl_Id="688">
<LocList>
<Loc EndOffset="7532" SrcFileId="2" StartOffset="7514"/>
</LocList>
</BasicBoolTerm>
<LocList>
<Loc EndOffset="7514" SrcFileId="2" StartOffset="7513"/>
</LocList>
</OpTerm>
</RootTerm>
</CondStmnt>
<BasicStmnt CovItemId="S133" CovItemPrefix="bill.Bill.java" Intrnl_Id="689">
<LocList>
<Loc EndOffset="7700" SrcFileId="2" StartOffset="7694"/>
</LocList>
</BasicStmnt>
</StmntSeq>
</Branch>
<Branch CovItemId="B40" CovItemPrefix="bill.Bill.java" Implct="false" Intrnl_Id="690">
<Cond>
<Loc EndOffset="7714" SrcFileId="2" StartOffset="7707"/>
</Cond>
<LocList/>
<StmntSeq Intrnl_Id="691">
<LocList/>
</StmntSeq>
</Branch>
<Keyword EndOffset="6792" SrcFileId="2" StartOffset="6786"/>
<LocList>
<Loc EndOffset="7770" SrcFileId="2" StartOffset="6786"/>
</LocList>
</CondStmnt>
<BasicStmnt CovItemId="S134" CovItemPrefix="bill.Bill.java" Intrnl_Id="692">
<LocList>
<Loc EndOffset="7801" SrcFileId="2" StartOffset="7776"/>
</LocList>
</BasicStmnt>
</StmntSeq>
</HierarchyLvl>
<HierarchyLvl HierarchyLvlId="819" HierarchyLvlTypeId="8" Intrnl_Id="693" Name="exitInSenate">
<Header>
<Loc EndOffset="7839" SrcFileId="2" StartOffset="7809"/>
</Header>
<LocList>
<Loc EndOffset="8619" SrcFileId="2" StartOffset="7809"/>
</LocList>
<StmntSeq Intrnl_Id="694">
<LocList>
<Loc EndOffset="7882" SrcFileId="2" StartOffset="7848"/>
<Loc EndOffset="7949" SrcFileId="2" StartOffset="7892"/>
<Loc EndOffset="8584" SrcFileId="2" StartOffset="7954"/>
<Loc EndOffset="8615" SrcFileId="2" StartOffset="8590"/>
</LocList>
<BasicStmnt CovItemId="S135" CovItemPrefix="bill.Bill.java" Intrnl_Id="695">
<LocList>
<Loc EndOffset="7882" SrcFileId="2" StartOffset="7848"/>
</LocList>
</BasicStmnt>
<BasicStmnt CovItemId="S136" CovItemPrefix="bill.Bill.java" Intrnl_Id="696">
<LocList>
<Loc EndOffset="7949" SrcFileId="2" StartOffset="7892"/>
</LocList>
</BasicStmnt>
<CondStmnt CovItemId="S137" CovItemPrefix="bill.Bill.java" Intrnl_Id="697">
<Branch CovItemId="B41" CovItemPrefix="bill.Bill.java" Implct="false" Intrnl_Id="698">
<Cond>
<Loc EndOffset="8012" SrcFileId="2" StartOffset="7994"/>
</Cond>
<LocList>
<Loc EndOffset="8116" SrcFileId="2" StartOffset="8022"/>
</LocList>
<StmntSeq Intrnl_Id="699">
<LocList>
<Loc EndOffset="8067" SrcFileId="2" StartOffset="8022"/>
<Loc EndOffset="8101" SrcFileId="2" StartOffset="8076"/>
<Loc EndOffset="8116" SrcFileId="2" StartOffset="8110"/>
</LocList>
<BasicStmnt CovItemId="S138" CovItemPrefix="bill.Bill.java" Intrnl_Id="700">
<LocList>
<Loc EndOffset="8067" SrcFileId="2" StartOffset="8022"/>
</LocList>
</BasicStmnt>
<BasicStmnt CovItemId="S139" CovItemPrefix="bill.Bill.java" Intrnl_Id="701">
<LocList>
<Loc EndOffset="8101" SrcFileId="2" StartOffset="8076"/>
</LocList>
</BasicStmnt>
<BasicStmnt CovItemId="S140" CovItemPrefix="bill.Bill.java" Intrnl_Id="702">
<LocList>
<Loc EndOffset="8116" SrcFileId="2" StartOffset="8110"/>
</LocList>
</BasicStmnt>
</StmntSeq>
</Branch>
<Branch CovItemId="B42" CovItemPrefix="bill.Bill.java" Implct="false" Intrnl_Id="703">
<Cond>
<Loc EndOffset="8142" SrcFileId="2" StartOffset="8123"/>
</Cond>
<LocList>
<Loc EndOffset="8246" SrcFileId="2" StartOffset="8152"/>
</LocList>
<StmntSeq Intrnl_Id="704">
<LocList>
<Loc EndOffset="8197" SrcFileId="2" StartOffset="8152"/>
<Loc EndOffset="8231" SrcFileId="2" StartOffset="8206"/>
<Loc EndOffset="8246" SrcFileId="2" StartOffset="8240"/>
</LocList>
<BasicStmnt CovItemId="S141" CovItemPrefix="bill.Bill.java" Intrnl_Id="705">
<LocList>
<Loc EndOffset="8197" SrcFileId="2" StartOffset="8152"/>
</LocList>
</BasicStmnt>
<BasicStmnt CovItemId="S142" CovItemPrefix="bill.Bill.java" Intrnl_Id="706">
<LocList>
<Loc EndOffset="8231" SrcFileId="2" StartOffset="8206"/>
</LocList>
</BasicStmnt>
<BasicStmnt CovItemId="S143" CovItemPrefix="bill.Bill.java" Intrnl_Id="707">
<LocList>
<Loc EndOffset="8246" SrcFileId="2" StartOffset="8240"/>
</LocList>
</BasicStmnt>
</StmntSeq>
</Branch>
<Branch CovItemId="B43" CovItemPrefix="bill.Bill.java" Implct="false" Intrnl_Id="708">
<Cond>
<Loc EndOffset="8281" SrcFileId="2" StartOffset="8253"/>
</Cond>
<LocList>
<Loc EndOffset="8385" SrcFileId="2" StartOffset="8291"/>
</LocList>
<StmntSeq Intrnl_Id="709">
<LocList>
<Loc EndOffset="8336" SrcFileId="2" StartOffset="8291"/>
<Loc EndOffset="8370" SrcFileId="2" StartOffset="8345"/>
<Loc EndOffset="8385" SrcFileId="2" StartOffset="8379"/>
</LocList>
<BasicStmnt CovItemId="S144" CovItemPrefix="bill.Bill.java" Intrnl_Id="710">
<LocList>
<Loc EndOffset="8336" SrcFileId="2" StartOffset="8291"/>
</LocList>
</BasicStmnt>
<BasicStmnt CovItemId="S145" CovItemPrefix="bill.Bill.java" Intrnl_Id="711">
<LocList>
<Loc EndOffset="8370" SrcFileId="2" StartOffset="8345"/>
</LocList>
</BasicStmnt>
<BasicStmnt CovItemId="S146" CovItemPrefix="bill.Bill.java" Intrnl_Id="712">
<LocList>
<Loc EndOffset="8385" SrcFileId="2" StartOffset="8379"/>
</LocList>
</BasicStmnt>
</StmntSeq>
</Branch>
<Branch CovItemId="B44" CovItemPrefix="bill.Bill.java" Implct="false" Intrnl_Id="713">
<Cond>
<Loc EndOffset="8410" SrcFileId="2" StartOffset="8392"/>
</Cond>
<LocList>
<Loc EndOffset="8514" SrcFileId="2" StartOffset="8420"/>
</LocList>
<StmntSeq Intrnl_Id="714">
<LocList>
<Loc EndOffset="8465" SrcFileId="2" StartOffset="8420"/>
<Loc EndOffset="8499" SrcFileId="2" StartOffset="8474"/>
<Loc EndOffset="8514" SrcFileId="2" StartOffset="8508"/>
</LocList>
<BasicStmnt CovItemId="S147" CovItemPrefix="bill.Bill.java" Intrnl_Id="715">
<LocList>
<Loc EndOffset="8465" SrcFileId="2" StartOffset="8420"/>
</LocList>
</BasicStmnt>
<BasicStmnt CovItemId="S148" CovItemPrefix="bill.Bill.java" Intrnl_Id="716">
<LocList>
<Loc EndOffset="8499" SrcFileId="2" StartOffset="8474"/>
</LocList>
</BasicStmnt>
<BasicStmnt CovItemId="S149" CovItemPrefix="bill.Bill.java" Intrnl_Id="717">
<LocList>
<Loc EndOffset="8514" SrcFileId="2" StartOffset="8508"/>
</LocList>
</BasicStmnt>
</StmntSeq>
</Branch>
<Branch CovItemId="B45" CovItemPrefix="bill.Bill.java" Implct="false" Intrnl_Id="718">
<Cond>
<Loc EndOffset="8528" SrcFileId="2" StartOffset="8521"/>
</Cond>
<LocList/>
<StmntSeq Intrnl_Id="719">
<LocList/>
</StmntSeq>
</Branch>
<Keyword EndOffset="7960" SrcFileId="2" StartOffset="7954"/>
<LocList>
<Loc EndOffset="8584" SrcFileId="2" StartOffset="7954"/>
</LocList>
</CondStmnt>
<BasicStmnt CovItemId="S150" CovItemPrefix="bill.Bill.java" Intrnl_Id="720">
<LocList>
<Loc EndOffset="8615" SrcFileId="2" StartOffset="8590"/>
</LocList>
</BasicStmnt>
</StmntSeq>
</HierarchyLvl>
<HierarchyLvl HierarchyLvlId="820" HierarchyLvlTypeId="8" Intrnl_Id="721" Name="exitBillState">
<Header>
<Loc EndOffset="8651" SrcFileId="2" StartOffset="8623"/>
</Header>
<LocList>
<Loc EndOffset="8829" SrcFileId="2" StartOffset="8623"/>
</LocList>
<StmntSeq Intrnl_Id="722">
<LocList>
<Loc EndOffset="8825" SrcFileId="2" StartOffset="8660"/>
</LocList>
<CondStmnt CovItemId="S151" CovItemPrefix="bill.Bill.java" Intrnl_Id="723">
<Branch CovItemId="B46" CovItemPrefix="bill.Bill.java" Implct="false" Intrnl_Id="724">
<Cond>
<Loc EndOffset="8711" SrcFileId="2" StartOffset="8690"/>
</Cond>
<LocList>
<Loc EndOffset="8759" SrcFileId="2" StartOffset="8721"/>
</LocList>
<StmntSeq Intrnl_Id="725">
<LocList>
<Loc EndOffset="8744" SrcFileId="2" StartOffset="8721"/>
<Loc EndOffset="8759" SrcFileId="2" StartOffset="8753"/>
</LocList>
<BasicStmnt CovItemId="S152" CovItemPrefix="bill.Bill.java" Intrnl_Id="726">
<LocList>
<Loc EndOffset="8744" SrcFileId="2" StartOffset="8721"/>
</LocList>
</BasicStmnt>
<BasicStmnt CovItemId="S153" CovItemPrefix="bill.Bill.java" Intrnl_Id="727">
<LocList>
<Loc EndOffset="8759" SrcFileId="2" StartOffset="8753"/>
</LocList>
</BasicStmnt>
</StmntSeq>
</Branch>
<Branch CovItemId="B47" CovItemPrefix="bill.Bill.java" Implct="false" Intrnl_Id="728">
<Cond>
<Loc EndOffset="8779" SrcFileId="2" StartOffset="8766"/>
</Cond>
<LocList>
<Loc EndOffset="8819" SrcFileId="2" StartOffset="8789"/>
</LocList>
<StmntSeq Intrnl_Id="729">
<LocList>
<Loc EndOffset="8804" SrcFileId="2" StartOffset="8789"/>
<Loc EndOffset="8819" SrcFileId="2" StartOffset="8813"/>
</LocList>
<BasicStmnt CovItemId="S154" CovItemPrefix="bill.Bill.java" Intrnl_Id="730">
<LocList>
<Loc EndOffset="8804" SrcFileId="2" StartOffset="8789"/>
</LocList>
</BasicStmnt>
<BasicStmnt CovItemId="S155" CovItemPrefix="bill.Bill.java" Intrnl_Id="731">
<LocList>
<Loc EndOffset="8819" SrcFileId="2" StartOffset="8813"/>
</LocList>
</BasicStmnt>
</StmntSeq>
</Branch>
<Branch CovItemId="B48" CovItemPrefix="bill.Bill.java" Implct="true" Intrnl_Id="732">
<Cond/>
<LocList/>
<StmntSeq Intrnl_Id="733">
<LocList/>
</StmntSeq>
</Branch>
<Keyword EndOffset="8666" SrcFileId="2" StartOffset="8660"/>
<LocList>
<Loc EndOffset="8825" SrcFileId="2" StartOffset="8660"/>
</LocList>
</CondStmnt>
</StmntSeq>
</HierarchyLvl>
<HierarchyLvl HierarchyLvlId="821" HierarchyLvlTypeId="8" Intrnl_Id="734" Name="setBillState">
<Header>
<Loc EndOffset="8880" SrcFileId="2" StartOffset="8833"/>
</Header>
<LocList>
<Loc EndOffset="9333" SrcFileId="2" StartOffset="8833"/>
</LocList>
<StmntSeq Intrnl_Id="735">
<LocList>
<Loc EndOffset="8912" SrcFileId="2" StartOffset="8889"/>
<Loc EndOffset="9329" SrcFileId="2" StartOffset="8957"/>
</LocList>
<BasicStmnt CovItemId="S156" CovItemPrefix="bill.Bill.java" Intrnl_Id="736">
<LocList>
<Loc EndOffset="8912" SrcFileId="2" StartOffset="8889"/>
</LocList>
</BasicStmnt>
<CondStmnt CovItemId="S157" CovItemPrefix="bill.Bill.java" Intrnl_Id="737">
<Branch CovItemId="B49" CovItemPrefix="bill.Bill.java" Implct="false" Intrnl_Id="738">
<Cond>
<Loc EndOffset="9008" SrcFileId="2" StartOffset="8987"/>
</Cond>
<LocList>
<Loc EndOffset="9171" SrcFileId="2" StartOffset="9018"/>
</LocList>
<StmntSeq Intrnl_Id="739">
<LocList>
<Loc EndOffset="9156" SrcFileId="2" StartOffset="9018"/>
<Loc EndOffset="9171" SrcFileId="2" StartOffset="9165"/>
</LocList>
<CondStmnt CovItemId="S158" CovItemPrefix="bill.Bill.java" Intrnl_Id="740">
<Branch CovItemId="B50" CovItemPrefix="bill.Bill.java" Implct="false" Intrnl_Id="741">
<Cond/>
<LocList>
<Loc EndOffset="9156" SrcFileId="2" StartOffset="9083"/>
</LocList>
<StmntSeq Intrnl_Id="742">
<LocList>
<Loc EndOffset="9154" SrcFileId="2" StartOffset="9085"/>
</LocList>
<BasicStmnt CovItemId="S159" CovItemPrefix="bill.Bill.java" Intrnl_Id="743">
<LocList>
<Loc EndOffset="9154" SrcFileId="2" StartOffset="9085"/>
</LocList>
</BasicStmnt>
</StmntSeq>
</Branch>
<Branch CovItemId="B51" CovItemPrefix="bill.Bill.java" Implct="true" Intrnl_Id="744">
<Cond/>
<LocList/>
<StmntSeq Intrnl_Id="745">
<LocList/>
</StmntSeq>
</Branch>
<Keyword EndOffset="9020" SrcFileId="2" StartOffset="9018"/>
<LocList>
<Loc EndOffset="9156" SrcFileId="2" StartOffset="9018"/>
</LocList>
<RootTerm CovItemId="C5" CovItemPrefix="bill.Bill.java" Intrnl_Id="746">
<BasicBoolTerm Intrnl_Id="747">
<LocList>
<Loc EndOffset="9081" SrcFileId="2" StartOffset="9022"/>
</LocList>
</BasicBoolTerm>
</RootTerm>
</CondStmnt>
<BasicStmnt CovItemId="S160" CovItemPrefix="bill.Bill.java" Intrnl_Id="748">
<LocList>
<Loc EndOffset="9171" SrcFileId="2" StartOffset="9165"/>
</LocList>
</BasicStmnt>
</StmntSeq>
</Branch>
<Branch CovItemId="B52" CovItemPrefix="bill.Bill.java" Implct="false" Intrnl_Id="749">
<Cond>
<Loc EndOffset="9191" SrcFileId="2" StartOffset="9178"/>
</Cond>
<LocList>
<Loc EndOffset="9323" SrcFileId="2" StartOffset="9201"/>
</LocList>
<StmntSeq Intrnl_Id="750">
<LocList>
<Loc EndOffset="9308" SrcFileId="2" StartOffset="9201"/>
<Loc EndOffset="9323" SrcFileId="2" StartOffset="9317"/>
</LocList>
<CondStmnt CovItemId="S161" CovItemPrefix="bill.Bill.java" Intrnl_Id="751">
<Branch CovItemId="B53" CovItemPrefix="bill.Bill.java" Implct="false" Intrnl_Id="752">
<Cond/>
<LocList>
<Loc EndOffset="9308" SrcFileId="2" StartOffset="9250"/>
</LocList>
<StmntSeq Intrnl_Id="753">
<LocList>
<Loc EndOffset="9306" SrcFileId="2" StartOffset="9252"/>
</LocList>
<BasicStmnt CovItemId="S162" CovItemPrefix="bill.Bill.java" Intrnl_Id="754">
<LocList>
<Loc EndOffset="9306" SrcFileId="2" StartOffset="9252"/>
</LocList>
</BasicStmnt>
</StmntSeq>
</Branch>
<Branch CovItemId="B54" CovItemPrefix="bill.Bill.java" Implct="true" Intrnl_Id="755">
<Cond/>
<LocList/>
<StmntSeq Intrnl_Id="756">
<LocList/>
</StmntSeq>
</Branch>
<Keyword EndOffset="9203" SrcFileId="2" StartOffset="9201"/>
<LocList>
<Loc EndOffset="9308" SrcFileId="2" StartOffset="9201"/>
</LocList>
<RootTerm CovItemId="C6" CovItemPrefix="bill.Bill.java" Intrnl_Id="757">
<BasicBoolTerm Intrnl_Id="758">
<LocList>
<Loc EndOffset="9248" SrcFileId="2" StartOffset="9205"/>
</LocList>
</BasicBoolTerm>
</RootTerm>
</CondStmnt>
<BasicStmnt CovItemId="S163" CovItemPrefix="bill.Bill.java" Intrnl_Id="759">
<LocList>
<Loc EndOffset="9323" SrcFileId="2" StartOffset="9317"/>
</LocList>
</BasicStmnt>
</StmntSeq>
</Branch>
<Branch CovItemId="B55" CovItemPrefix="bill.Bill.java" Implct="true" Intrnl_Id="760">
<Cond/>
<LocList/>
<StmntSeq Intrnl_Id="761">
<LocList/>
</StmntSeq>
</Branch>
<Keyword EndOffset="8963" SrcFileId="2" StartOffset="8957"/>
<LocList>
<Loc EndOffset="9329" SrcFileId="2" StartOffset="8957"/>
</LocList>
</CondStmnt>
</StmntSeq>
</HierarchyLvl>
<HierarchyLvl HierarchyLvlId="822" HierarchyLvlTypeId="8" Intrnl_Id="762" Name="setBillStateInHouseOfCommons">
<Header>
<Loc EndOffset="9432" SrcFileId="2" StartOffset="9337"/>
</Header>
<LocList>
<Loc EndOffset="9659" SrcFileId="2" StartOffset="9337"/>
</LocList>
<StmntSeq Intrnl_Id="763">
<LocList>
<Loc EndOffset="9496" SrcFileId="2" StartOffset="9441"/>
<Loc EndOffset="9655" SrcFileId="2" StartOffset="9501"/>
</LocList>
<BasicStmnt CovItemId="S164" CovItemPrefix="bill.Bill.java" Intrnl_Id="764">
<LocList>
<Loc EndOffset="9496" SrcFileId="2" StartOffset="9441"/>
</LocList>
</BasicStmnt>
<CondStmnt CovItemId="S165" CovItemPrefix="bill.Bill.java" Intrnl_Id="765">
<Branch CovItemId="B56" CovItemPrefix="bill.Bill.java" Implct="false" Intrnl_Id="766">
<Cond/>
<LocList>
<Loc EndOffset="9655" SrcFileId="2" StartOffset="9610"/>
</LocList>
<StmntSeq Intrnl_Id="767">
<LocList>
<Loc EndOffset="9653" SrcFileId="2" StartOffset="9612"/>
</LocList>
<BasicStmnt CovItemId="S166" CovItemPrefix="bill.Bill.java" Intrnl_Id="768">
<LocList>
<Loc EndOffset="9653" SrcFileId="2" StartOffset="9612"/>
</LocList>
</BasicStmnt>
</StmntSeq>
</Branch>
<Branch CovItemId="B57" CovItemPrefix="bill.Bill.java" Implct="true" Intrnl_Id="769">
<Cond/>
<LocList/>
<StmntSeq Intrnl_Id="770">
<LocList/>
</StmntSeq>
</Branch>
<Keyword EndOffset="9503" SrcFileId="2" StartOffset="9501"/>
<LocList>
<Loc EndOffset="9655" SrcFileId="2" StartOffset="9501"/>
</LocList>
<RootTerm CovItemId="C7" CovItemPrefix="bill.Bill.java" Intrnl_Id="771">
<OpTerm BooleanOpId="4" Intrnl_Id="772">
<BasicBoolTerm Intrnl_Id="773">
<LocList>
<Loc EndOffset="9544" SrcFileId="2" StartOffset="9505"/>
</LocList>
</BasicBoolTerm>
<BasicBoolTerm Intrnl_Id="774">
<LocList>
<Loc EndOffset="9608" SrcFileId="2" StartOffset="9548"/>
</LocList>
</BasicBoolTerm>
<LocList>
<Loc EndOffset="9547" SrcFileId="2" StartOffset="9545"/>
</LocList>
</OpTerm>
</RootTerm>
</CondStmnt>
</StmntSeq>
</HierarchyLvl>
<HierarchyLvl HierarchyLvlId="823" HierarchyLvlTypeId="8" Intrnl_Id="775" Name="setBillStateInSenate">
<Header>
<Loc EndOffset="9734" SrcFileId="2" StartOffset="9663"/>
</Header>
<LocList>
<Loc EndOffset="9913" SrcFileId="2" StartOffset="9663"/>
</LocList>
<StmntSeq Intrnl_Id="776">
<LocList>
<Loc EndOffset="9782" SrcFileId="2" StartOffset="9743"/>
<Loc EndOffset="9909" SrcFileId="2" StartOffset="9787"/>
</LocList>
<BasicStmnt CovItemId="S167" CovItemPrefix="bill.Bill.java" Intrnl_Id="777">
<LocList>
<Loc EndOffset="9782" SrcFileId="2" StartOffset="9743"/>
</LocList>
</BasicStmnt>
<CondStmnt CovItemId="S168" CovItemPrefix="bill.Bill.java" Intrnl_Id="778">
<Branch CovItemId="B58" CovItemPrefix="bill.Bill.java" Implct="false" Intrnl_Id="779">
<Cond/>
<LocList>
<Loc EndOffset="9909" SrcFileId="2" StartOffset="9872"/>
</LocList>
<StmntSeq Intrnl_Id="780">
<LocList>
<Loc EndOffset="9907" SrcFileId="2" StartOffset="9874"/>
</LocList>
<BasicStmnt CovItemId="S169" CovItemPrefix="bill.Bill.java" Intrnl_Id="781">
<LocList>
<Loc EndOffset="9907" SrcFileId="2" StartOffset="9874"/>
</LocList>
</BasicStmnt>
</StmntSeq>
</Branch>
<Branch CovItemId="B59" CovItemPrefix="bill.Bill.java" Implct="true" Intrnl_Id="782">
<Cond/>
<LocList/>
<StmntSeq Intrnl_Id="783">
<LocList/>
</StmntSeq>
</Branch>
<Keyword EndOffset="9789" SrcFileId="2" StartOffset="9787"/>
<LocList>
<Loc EndOffset="9909" SrcFileId="2" StartOffset="9787"/>
</LocList>
<RootTerm CovItemId="C8" CovItemPrefix="bill.Bill.java" Intrnl_Id="784">
<OpTerm BooleanOpId="4" Intrnl_Id="785">
<BasicBoolTerm Intrnl_Id="786">
<LocList>
<Loc EndOffset="9822" SrcFileId="2" StartOffset="9791"/>
</LocList>
</BasicBoolTerm>
<BasicBoolTerm Intrnl_Id="787">
<LocList>
<Loc EndOffset="9870" SrcFileId="2" StartOffset="9826"/>
</LocList>
</BasicBoolTerm>
<LocList>
<Loc EndOffset="9825" SrcFileId="2" StartOffset="9823"/>
</LocList>
</OpTerm>
</RootTerm>
</CondStmnt>
</StmntSeq>
</HierarchyLvl>
<HierarchyLvl HierarchyLvlId="824" HierarchyLvlTypeId="8" Intrnl_Id="788" Name="delete">
<Header>
<Loc EndOffset="9937" SrcFileId="2" StartOffset="9917"/>
</Header>
<LocList>
<Loc EndOffset="9942" SrcFileId="2" StartOffset="9917"/>
</LocList>
</HierarchyLvl>
<HierarchyLvl HierarchyLvlId="825" HierarchyLvlTypeId="8" Intrnl_Id="789" Name="toString">
<Header>
<Loc EndOffset="9971" SrcFileId="2" StartOffset="9947"/>
</Header>
<LocList>
<Loc EndOffset="10124" SrcFileId="2" StartOffset="9947"/>
</LocList>
<StmntSeq Intrnl_Id="790">
<LocList>
<Loc EndOffset="10004" SrcFileId="2" StartOffset="9979"/>
<Loc EndOffset="10120" SrcFileId="2" StartOffset="10009"/>
</LocList>
<BasicStmnt CovItemId="S170" CovItemPrefix="bill.Bill.java" Intrnl_Id="791">
<LocList>
<Loc EndOffset="10004" SrcFileId="2" StartOffset="9979"/>
</LocList>
</BasicStmnt>
<BasicStmnt CovItemId="S171" CovItemPrefix="bill.Bill.java" Intrnl_Id="792">
<LocList>
<Loc EndOffset="10120" SrcFileId="2" StartOffset="10009"/>
</LocList>
</BasicStmnt>
</StmntSeq>
</HierarchyLvl>
<HierarchyLvl HierarchyLvlId="826" HierarchyLvlTypeId="8" Intrnl_Id="793" Name="getBillState">
<Header>
<Loc EndOffset="10735" SrcFileId="2" StartOffset="10707"/>
</Header>
<LocList>
<Loc EndOffset="10776" SrcFileId="2" StartOffset="10707"/>
</LocList>
<StmntSeq Intrnl_Id="794">
<LocList>
<Loc EndOffset="10772" SrcFileId="2" StartOffset="10744"/>
</LocList>
<BasicStmnt CovItemId="S172" CovItemPrefix="bill.Bill.java" Intrnl_Id="795">
<LocList>
<Loc EndOffset="10772" SrcFileId="2" StartOffset="10744"/>
</LocList>
</BasicStmnt>
</StmntSeq>
</HierarchyLvl>
<HierarchyLvl HierarchyLvlId="827" HierarchyLvlTypeId="8" Intrnl_Id="796" Name="getBillStateInHouseOfCommons">
<Header>
<Loc EndOffset="10887" SrcFileId="2" StartOffset="10843"/>
</Header>
<LocList>
<Loc EndOffset="10943" SrcFileId="2" StartOffset="10843"/>
</LocList>
<StmntSeq Intrnl_Id="797">
<LocList>
<Loc EndOffset="10939" SrcFileId="2" StartOffset="10895"/>
</LocList>
<BasicStmnt CovItemId="S173" CovItemPrefix="bill.Bill.java" Intrnl_Id="798">
<LocList>
<Loc EndOffset="10939" SrcFileId="2" StartOffset="10895"/>
</LocList>
</BasicStmnt>
</StmntSeq>
</HierarchyLvl>
<HierarchyLvl HierarchyLvlId="828" HierarchyLvlTypeId="8" Intrnl_Id="799" Name="getBillStateInSenate">
<Header>
<Loc EndOffset="11038" SrcFileId="2" StartOffset="11002"/>
</Header>
<LocList>
<Loc EndOffset="11086" SrcFileId="2" StartOffset="11002"/>
</LocList>
<StmntSeq Intrnl_Id="800">
<LocList>
<Loc EndOffset="11082" SrcFileId="2" StartOffset="11046"/>
</LocList>
<BasicStmnt CovItemId="S174" CovItemPrefix="bill.Bill.java" Intrnl_Id="801">
<LocList>
<Loc EndOffset="11082" SrcFileId="2" StartOffset="11046"/>
</LocList>
</BasicStmnt>
</StmntSeq>
</HierarchyLvl>
</HierarchyLvl>
</HierarchyLvl>
</HierarchyLvl>
</MASTRoot>
</TestSessionContainer>
