<?xml version="1.0" encoding="UTF-8"?><TestSessionContainer xmlns="http://www.codecover.org/xml/testsession-container" Date="1414001247984" TestSessionContainerId="02174be3-dc06-4402-93f3-21a4a88f9e8e" version="1.0">
<SrcFileList>
<SrcFile Content="package test;&#10;&#10;import static org.junit.Assert.*;&#10;&#10;import org.junit.After;&#10;import org.junit.AfterClass;&#10;import org.junit.Before;&#10;import org.junit.BeforeClass;&#10;import org.junit.Test;&#10;&#10;import correctedBill.CorrectedBill;&#10;&#10;public class BillTest {&#10;&#10;&#9;@BeforeClass&#10;&#9;public static void setUpBeforeClass() throws Exception {&#10;&#9;}&#10;&#10;&#9;@AfterClass&#10;&#9;public static void tearDownAfterClass() throws Exception {&#10;&#9;}&#10;&#10;&#9;@Before&#10;&#9;public void setUp() throws Exception {&#10;&#9;}&#10;&#10;&#9;@After&#10;&#9;public void tearDown() throws Exception {&#10;&#9;}&#10;&#9;&#10;&#9;@Test&#10;&#9;public void testcase1() {&#10;&#9;&#9;//Conformance Test&#10;&#9;&#9;CorrectedBill aBill = new CorrectedBill();&#10;&#9;&#9;assertEquals(&quot;inPreparation&quot;, aBill.getBillState());&#10;&#9;&#9;aBill.introduceInHouse();&#10;&#9;&#9;assertEquals(&quot;firstReading&quot;, aBill.getBillStateInHouseOfCommons());&#10;&#9;&#9;aBill.withdraw();&#10;&#9;&#9;assertEquals(&quot;withdrawn&quot;, aBill.getBillState());&#10;&#9;&#9;aBill.modify();&#10;&#9;&#9;assertEquals(&quot;inPreparation&quot;, aBill.getBillState());&#10;&#9;&#9;&#10;&#9;&#9;//Sneak Paths&#10;&#9;&#9;//Test ID 1.1&#10;&#9;&#9;aBill.votePasses();&#10;&#9;&#9;assertEquals(&quot;inPreparation&quot;, aBill.getBillState());&#10;&#9;&#9;//Test ID 1.2&#10;&#9;&#9;aBill.voteFails();&#10;&#9;&#9;//Test ID 1.3&#10;&#9;&#9;assertEquals(&quot;inPreparation&quot;, aBill.getBillState());&#10;&#9;&#9;//Test ID 1.4&#10;&#9;&#9;aBill.withdraw();&#10;&#9;&#9;assertEquals(&quot;inPreparation&quot;, aBill.getBillState());&#10;&#9;&#9;//Test ID 1.5&#10;&#9;&#9;aBill.royalAssent();&#10;&#9;&#9;assertEquals(&quot;inPreparation&quot;, aBill.getBillState());&#10;&#9;&#9;//Test ID 1.6&#10;&#9;&#9;aBill.modify();&#10;&#9;&#9;assertEquals(&quot;inPreparation&quot;, aBill.getBillState());&#10;&#9;}&#10;&#9;&#10;&#9;@Test&#10;&#9;public void testcase2() {&#10;&#9;&#9;//Conformance Test&#10;&#9;&#9;CorrectedBill aBill = new CorrectedBill();&#10;&#9;&#9;assertEquals(&quot;inPreparation&quot;, aBill.getBillState());&#10;&#9;&#9;aBill.introduceInHouse();&#10;&#9;&#9;assertEquals(&quot;firstReading&quot;, aBill.getBillStateInHouseOfCommons());&#10;&#9;&#9;System.out.println(aBill.getBillState());&#10;&#9;&#9;aBill.voteFails();&#10;&#9;&#9;//error: should go to withdrawn state, but enters secondReading instead&#10;&#9;&#9;assertEquals(&quot;withdrawn&quot;, aBill.getBillState());&#10;&#10;&#9;&#9;//Sneak Paths&#10;&#9;&#9;//Test ID 2.1&#10;&#9;&#9;aBill.votePasses();&#10;&#9;&#9;assertEquals(&quot;withdrawn&quot;, aBill.getBillState());&#10;&#9;&#9;//Test ID 2.2&#10;&#9;&#9;aBill.voteFails();&#10;&#9;&#9;assertEquals(&quot;withdrawn&quot;, aBill.getBillState());&#10;&#9;&#9;//Test ID 2.3&#10;&#9;&#9;aBill.withdraw();&#10;&#9;&#9;assertEquals(&quot;withdrawn&quot;, aBill.getBillState());&#10;&#9;&#9;//Test ID 2.4&#10;&#9;&#9;aBill.introduceInHouse();&#10;&#9;&#9;assertEquals(&quot;withdrawn&quot;, aBill.getBillState());&#10;&#9;&#9;//Test ID 2.5&#10;&#9;&#9;aBill.introduceInSenate();&#10;&#9;&#9;assertEquals(&quot;withdrawn&quot;, aBill.getBillState());&#10;&#9;&#9;//Test ID 2.6&#10;&#9;&#9;aBill.royalAssent();&#10;&#9;&#9;assertEquals(&quot;withdrawn&quot;, aBill.getBillState());&#10;&#9;}&#10;&#9;&#10;&#9;@Test&#10;&#9;public void testcase3() {&#10;&#9;&#9;//Conformance Test&#10;&#9;&#9;CorrectedBill aBill = new CorrectedBill();&#10;&#9;&#9;assertEquals(&quot;inPreparation&quot;, aBill.getBillState());&#10;&#9;&#9;aBill.introduceInHouse();&#10;&#9;&#9;assertEquals(&quot;firstReading&quot;, aBill.getBillStateInHouseOfCommons());&#10;&#9;&#9;aBill.votePasses();&#10;&#9;&#9;assertEquals(&quot;secondReading&quot;, aBill.getBillStateInHouseOfCommons());&#10;&#9;&#9;aBill.withdraw();&#10;&#9;&#9;assertEquals(&quot;withdrawn&quot;, aBill.getBillState());&#10;&#9;}&#10;&#9;&#10;&#9;@Test&#10;&#9;public void testcase4() {&#10;&#9;&#9;//Conformance Test&#10;&#9;&#9;CorrectedBill aBill = new CorrectedBill();&#10;&#9;&#9;assertEquals(&quot;inPreparation&quot;, aBill.getBillState());&#10;&#9;&#9;aBill.introduceInHouse();&#10;&#9;&#9;assertEquals(&quot;firstReading&quot;, aBill.getBillStateInHouseOfCommons());&#10;&#9;&#9;aBill.votePasses();&#10;&#9;&#9;assertEquals(&quot;secondReading&quot;, aBill.getBillStateInHouseOfCommons());&#10;&#9;&#9;aBill.voteFails();&#10;&#9;&#9;//error&#10;&#9;&#9;assertEquals(&quot;withdrawn&quot;, aBill.getBillState());&#10;&#9;}&#10;&#9;&#10;&#9;@Test&#10;&#9;public void testcase5() {&#10;&#9;&#9;//Conformance Test&#10;&#9;&#9;CorrectedBill aBill = new CorrectedBill();&#10;&#9;&#9;assertEquals(&quot;inPreparation&quot;, aBill.getBillState());&#10;&#9;&#9;aBill.introduceInHouse();&#10;&#9;&#9;assertEquals(&quot;firstReading&quot;, aBill.getBillStateInHouseOfCommons());&#10;&#9;&#9;aBill.votePasses();&#10;&#9;&#9;assertEquals(&quot;secondReading&quot;, aBill.getBillStateInHouseOfCommons());&#10;&#9;&#9;aBill.votePasses();&#10;&#9;&#9;assertEquals(&quot;committeeConsideration&quot;, aBill.getBillStateInHouseOfCommons());&#10;&#9;&#9;aBill.withdraw();&#10;&#9;&#9;assertEquals(&quot;withdrawn&quot;, aBill.getBillState());&#10;&#9;}&#10;&#9;&#10;&#9;@Test&#10;&#9;public void testcase6() {&#10;&#9;&#9;//Conformance Test&#10;&#9;&#9;CorrectedBill aBill = new CorrectedBill();&#10;&#9;&#9;assertEquals(&quot;inPreparation&quot;, aBill.getBillState());&#10;&#9;&#9;aBill.introduceInHouse();&#10;&#9;&#9;assertEquals(&quot;firstReading&quot;, aBill.getBillStateInHouseOfCommons());&#10;&#9;&#9;aBill.votePasses();&#10;&#9;&#9;assertEquals(&quot;secondReading&quot;, aBill.getBillStateInHouseOfCommons());&#10;&#9;&#9;aBill.votePasses();&#10;&#9;&#9;assertEquals(&quot;committeeConsideration&quot;, aBill.getBillStateInHouseOfCommons());&#10;&#9;&#9;aBill.voteFails();&#10;&#9;&#9;//error&#10;&#9;&#9;assertEquals(&quot;withdrawn&quot;, aBill.getBillState());&#10;&#9;}&#10;&#9;&#10;&#9;@Test&#10;&#9;public void testcase7() {&#10;&#9;&#9;//Conformance Test&#10;&#9;&#9;CorrectedBill aBill = new CorrectedBill();&#10;&#9;&#9;assertEquals(&quot;inPreparation&quot;, aBill.getBillState());&#10;&#9;&#9;aBill.introduceInHouse();&#10;&#9;&#9;assertEquals(&quot;firstReading&quot;, aBill.getBillStateInHouseOfCommons());&#10;&#9;&#9;aBill.votePasses();&#10;&#9;&#9;assertEquals(&quot;secondReading&quot;, aBill.getBillStateInHouseOfCommons());&#10;&#9;&#9;aBill.votePasses();&#10;&#9;&#9;assertEquals(&quot;committeeConsideration&quot;, aBill.getBillStateInHouseOfCommons());&#10;&#9;&#9;aBill.votePasses();&#10;&#9;&#9;assertEquals(&quot;thirdReading&quot;, aBill.getBillStateInHouseOfCommons());&#10;&#9;&#9;aBill.withdraw();&#10;&#9;&#9;assertEquals(&quot;withdrawn&quot;, aBill.getBillState());&#10;&#9;}&#10;&#9;&#10;&#9;@Test&#10;&#9;public void testcase8() {&#10;&#9;&#9;//Conformance Test&#10;&#9;&#9;CorrectedBill aBill = new CorrectedBill();&#10;&#9;&#9;assertEquals(&quot;inPreparation&quot;, aBill.getBillState());&#10;&#9;&#9;aBill.introduceInHouse();&#10;&#9;&#9;assertEquals(&quot;firstReading&quot;, aBill.getBillStateInHouseOfCommons());&#10;&#9;&#9;aBill.votePasses();&#10;&#9;&#9;assertEquals(&quot;secondReading&quot;, aBill.getBillStateInHouseOfCommons());&#10;&#9;&#9;aBill.votePasses();&#10;&#9;&#9;assertEquals(&quot;committeeConsideration&quot;, aBill.getBillStateInHouseOfCommons());&#10;&#9;&#9;aBill.votePasses();&#10;&#9;&#9;assertEquals(&quot;thirdReading&quot;, aBill.getBillStateInHouseOfCommons());&#10;&#9;&#9;aBill.voteFails();&#10;&#9;&#9;//error&#10;&#9;&#9;assertEquals(&quot;withdrawn&quot;, aBill.getBillState());&#10;&#9;}&#10;&#9;&#10;&#9;@Test&#10;&#9;public void testcase9() {&#10;&#9;&#9;//Conformance Test&#10;&#9;&#9;CorrectedBill aBill = new CorrectedBill();&#10;&#9;&#9;assertEquals(&quot;inPreparation&quot;, aBill.getBillState());&#10;&#9;&#9;aBill.introduceInHouse();&#10;&#9;&#9;assertEquals(&quot;firstReading&quot;, aBill.getBillStateInHouseOfCommons());&#10;&#9;&#9;aBill.votePasses();&#10;&#9;&#9;assertEquals(&quot;secondReading&quot;, aBill.getBillStateInHouseOfCommons());&#10;&#9;&#9;aBill.votePasses();&#10;&#9;&#9;assertEquals(&quot;committeeConsideration&quot;, aBill.getBillStateInHouseOfCommons());&#10;&#9;&#9;aBill.votePasses();&#10;&#9;&#9;assertEquals(&quot;thirdReading&quot;, aBill.getBillStateInHouseOfCommons());&#10;&#9;&#9;aBill.votePasses();&#10;&#9;&#9;assertEquals(&quot;firstReadingS&quot;, aBill.getBillStateInSenate());&#10;&#9;}&#10;&#9;&#10;&#9;@Test&#10;&#9;public void testcase10() {&#10;&#9;&#9;//Conformance Test&#10;&#9;&#9;CorrectedBill aBill = new CorrectedBill();&#10;&#9;&#9;aBill.setIsCommonsBill(false);&#10;&#9;&#9;assertEquals(&quot;inPreparation&quot;, aBill.getBillState());&#10;&#9;&#9;aBill.introduceInHouse();&#10;&#9;&#9;assertEquals(&quot;firstReading&quot;, aBill.getBillStateInHouseOfCommons());&#10;&#9;&#9;aBill.votePasses();&#10;&#9;&#9;assertEquals(&quot;secondReading&quot;, aBill.getBillStateInHouseOfCommons());&#10;&#9;&#9;aBill.votePasses();&#10;&#9;&#9;assertEquals(&quot;committeeConsideration&quot;, aBill.getBillStateInHouseOfCommons());&#10;&#9;&#9;aBill.votePasses();&#10;&#9;&#9;assertEquals(&quot;thirdReading&quot;, aBill.getBillStateInHouseOfCommons());&#10;&#9;&#9;aBill.votePasses();&#10;&#9;&#9;//error&#10;&#9;&#9;assertEquals(&quot;awaitingRoyalAssent&quot;, aBill.getBillState());&#10;&#9;&#9;aBill.royalAssent();&#10;&#9;&#9;assertEquals(&quot;actOfParliament&quot;, aBill.getBillState());&#10;&#9;}&#10;&#9;&#10;&#9;@Test&#10;&#9;public void testcase11() {&#10;&#9;&#9;//Conformance Test&#10;&#9;&#9;CorrectedBill aBill = new CorrectedBill();&#10;&#9;&#9;assertEquals(&quot;inPreparation&quot;, aBill.getBillState());&#10;&#9;&#9;aBill.introduceInSenate();&#10;&#9;&#9;assertEquals(&quot;firstReadingS&quot;, aBill.getBillStateInSenate());&#10;&#9;&#9;aBill.withdraw();&#10;&#9;&#9;assertEquals(&quot;withdrawn&quot;, aBill.getBillState());&#10;&#9;}&#10;&#9;&#10;&#9;@Test&#10;&#9;public void testcase12() {&#10;&#9;&#9;//Conformance Test&#10;&#9;&#9;CorrectedBill aBill = new CorrectedBill();&#10;&#9;&#9;assertEquals(&quot;inPreparation&quot;, aBill.getBillState());&#10;&#9;&#9;aBill.introduceInSenate();&#10;&#9;&#9;assertEquals(&quot;firstReadingS&quot;, aBill.getBillStateInSenate());&#10;&#9;&#9;aBill.voteFails();&#10;&#9;&#9;assertEquals(&quot;withdrawn&quot;, aBill.getBillState());&#10;&#9;}&#10;&#9;&#10;&#9;@Test&#10;&#9;public void testcase13() {&#10;&#9;&#9;//Conformance Test&#10;&#9;&#9;CorrectedBill aBill = new CorrectedBill();&#10;&#9;&#9;assertEquals(&quot;inPreparation&quot;, aBill.getBillState());&#10;&#9;&#9;aBill.introduceInSenate();&#10;&#9;&#9;assertEquals(&quot;firstReadingS&quot;, aBill.getBillStateInSenate());&#10;&#9;&#9;aBill.votePasses();&#10;&#9;&#9;assertEquals(&quot;secondReadingS&quot;, aBill.getBillStateInSenate());&#10;&#9;&#9;aBill.withdraw();&#10;&#9;&#9;assertEquals(&quot;withdrawn&quot;, aBill.getBillState());&#10;&#9;}&#10;&#9;&#10;&#9;@Test&#10;&#9;public void testcase14() {&#10;&#9;&#9;//Conformance Test&#10;&#9;&#9;CorrectedBill aBill = new CorrectedBill();&#10;&#9;&#9;assertEquals(&quot;inPreparation&quot;, aBill.getBillState());&#10;&#9;&#9;aBill.introduceInSenate();&#10;&#9;&#9;assertEquals(&quot;firstReadingS&quot;, aBill.getBillStateInSenate());&#10;&#9;&#9;aBill.votePasses();&#10;&#9;&#9;assertEquals(&quot;secondReadingS&quot;, aBill.getBillStateInSenate());&#10;&#9;&#9;aBill.voteFails();&#10;&#9;&#9;assertEquals(&quot;withdrawn&quot;, aBill.getBillState());&#10;&#9;}&#10;&#9;&#10;&#9;@Test&#10;&#9;public void testcase15() {&#10;&#9;&#9;//Conformance Test&#10;&#9;&#9;CorrectedBill aBill = new CorrectedBill();&#10;&#9;&#9;assertEquals(&quot;inPreparation&quot;, aBill.getBillState());&#10;&#9;&#9;aBill.introduceInSenate();&#10;&#9;&#9;assertEquals(&quot;firstReadingS&quot;, aBill.getBillStateInSenate());&#10;&#9;&#9;aBill.votePasses();&#10;&#9;&#9;assertEquals(&quot;secondReadingS&quot;, aBill.getBillStateInSenate());&#10;&#9;&#9;aBill.votePasses();&#10;&#9;&#9;assertEquals(&quot;committeeConsiderationS&quot;, aBill.getBillStateInSenate());&#10;&#9;&#9;aBill.withdraw();&#10;&#9;&#9;assertEquals(&quot;withdrawn&quot;, aBill.getBillState());&#10;&#9;}&#10;&#9;@Test&#10;&#9;public void testcase16() {&#10;&#9;&#9;//Conformance Test&#10;&#9;&#9;CorrectedBill aBill = new CorrectedBill();&#10;&#9;&#9;assertEquals(&quot;inPreparation&quot;, aBill.getBillState());&#10;&#9;&#9;aBill.introduceInSenate();&#10;&#9;&#9;assertEquals(&quot;firstReadingS&quot;, aBill.getBillStateInSenate());&#10;&#9;&#9;aBill.votePasses();&#10;&#9;&#9;assertEquals(&quot;secondReadingS&quot;, aBill.getBillStateInSenate());&#10;&#9;&#9;aBill.votePasses();&#10;&#9;&#9;assertEquals(&quot;committeeConsiderationS&quot;, aBill.getBillStateInSenate());&#10;&#9;&#9;aBill.voteFails();&#10;&#9;&#9;assertEquals(&quot;withdrawn&quot;, aBill.getBillState());&#10;&#9;}&#10;&#9;@Test&#10;&#9;public void testcase17() {&#10;&#9;&#9;//Conformance Test&#10;&#9;&#9;CorrectedBill aBill = new CorrectedBill();&#10;&#9;&#9;assertEquals(&quot;inPreparation&quot;, aBill.getBillState());&#10;&#9;&#9;aBill.introduceInSenate();&#10;&#9;&#9;assertEquals(&quot;firstReadingS&quot;, aBill.getBillStateInSenate());&#10;&#9;&#9;aBill.votePasses();&#10;&#9;&#9;assertEquals(&quot;secondReadingS&quot;, aBill.getBillStateInSenate());&#10;&#9;&#9;aBill.votePasses();&#10;&#9;&#9;assertEquals(&quot;committeeConsiderationS&quot;, aBill.getBillStateInSenate());&#10;&#9;&#9;aBill.votePasses();&#10;&#9;&#9;assertEquals(&quot;thirdReadingS&quot;, aBill.getBillStateInSenate());&#10;&#9;&#9;aBill.withdraw();&#10;&#9;&#9;assertEquals(&quot;withdrawn&quot;, aBill.getBillState());&#10;&#10;&#9;}&#10;&#9;&#10;&#9;@Test&#10;&#9;public void testcase18() {&#10;&#9;&#9;//Conformance Test&#10;&#9;&#9;CorrectedBill aBill = new CorrectedBill();&#10;&#9;&#9;assertEquals(&quot;inPreparation&quot;, aBill.getBillState());&#10;&#9;&#9;aBill.introduceInSenate();&#10;&#9;&#9;assertEquals(&quot;firstReadingS&quot;, aBill.getBillStateInSenate());&#10;&#9;&#9;aBill.votePasses();&#10;&#9;&#9;assertEquals(&quot;secondReadingS&quot;, aBill.getBillStateInSenate());&#10;&#9;&#9;aBill.votePasses();&#10;&#9;&#9;assertEquals(&quot;committeeConsiderationS&quot;, aBill.getBillStateInSenate());&#10;&#9;&#9;aBill.votePasses();&#10;&#9;&#9;assertEquals(&quot;thirdReadingS&quot;, aBill.getBillStateInSenate());&#10;&#9;&#9;aBill.voteFails();&#10;&#9;&#9;assertEquals(&quot;withdrawn&quot;, aBill.getBillState());&#10;&#10;&#9;}&#10;&#9;@Test&#10;&#9;public void testcase19() {&#10;&#9;&#9;//Conformance Test&#10;&#9;&#9;CorrectedBill aBill = new CorrectedBill();&#10;&#9;&#9;aBill.setIsCommonsBill(false);&#10;&#9;&#9;assertEquals(&quot;inPreparation&quot;, aBill.getBillState());&#10;&#9;&#9;aBill.introduceInSenate();&#10;&#9;&#9;assertEquals(&quot;firstReadingS&quot;, aBill.getBillStateInSenate());&#10;&#9;&#9;aBill.votePasses();&#10;&#9;&#9;assertEquals(&quot;secondReadingS&quot;, aBill.getBillStateInSenate());&#10;&#9;&#9;aBill.votePasses();&#10;&#9;&#9;assertEquals(&quot;committeeConsiderationS&quot;, aBill.getBillStateInSenate());&#10;&#9;&#9;aBill.votePasses();&#10;&#9;&#9;assertEquals(&quot;thirdReadingS&quot;, aBill.getBillStateInSenate());&#10;&#9;&#9;aBill.votePasses();&#10;&#9;&#9;//error&#10;&#9;&#9;assertEquals(&quot;firstReading&quot;, aBill.getBillStateInHouseOfCommons());&#10;&#10;&#9;}&#10;&#9;@Test&#10;&#9;public void testcase20() {&#10;&#9;&#9;//Conformance Test&#10;&#9;&#9;CorrectedBill aBill = new CorrectedBill();&#10;&#9;&#9;assertEquals(&quot;inPreparation&quot;, aBill.getBillState());&#10;&#9;&#9;aBill.introduceInSenate();&#10;&#9;&#9;assertEquals(&quot;firstReadingS&quot;, aBill.getBillStateInSenate());&#10;&#9;&#9;aBill.votePasses();&#10;&#9;&#9;assertEquals(&quot;secondReadingS&quot;, aBill.getBillStateInSenate());&#10;&#9;&#9;aBill.votePasses();&#10;&#9;&#9;assertEquals(&quot;committeeConsiderationS&quot;, aBill.getBillStateInSenate());&#10;&#9;&#9;aBill.votePasses();&#10;&#9;&#9;assertEquals(&quot;thirdReadingS&quot;, aBill.getBillStateInSenate());&#10;&#9;&#9;aBill.votePasses();&#10;&#9;&#9;//error&#10;&#9;&#9;assertEquals(&quot;awaitingRoyalAssent&quot;, aBill.getBillState());&#10;&#10;&#9;}&#10;&#9;@Test&#10;&#9;public void testcase21() {&#10;&#9;&#9;//Sneak Test&#10;&#9;&#9;CorrectedBill aBill = new CorrectedBill();&#10;&#9;&#9;assertEquals(&quot;inPreparation&quot;, aBill.getBillState());&#10;&#9;&#9;aBill.introduceInHouse();&#10;&#9;&#9;assertEquals(&quot;firstReading&quot;, aBill.getBillStateInHouseOfCommons());&#10;&#9;&#9;aBill.introduceInHouse();&#10;&#9;&#9;assertEquals(&quot;firstReading&quot;, aBill.getBillStateInHouseOfCommons());&#10;&#9;&#9;&#10;&#9;&#9;aBill.introduceInSenate();&#10;&#9;&#9;assertEquals(&quot;firstReading&quot;, aBill.getBillStateInHouseOfCommons());&#10;&#9;&#9;&#10;&#9;&#9;aBill.royalAssent();&#10;&#9;&#9;assertEquals(&quot;firstReading&quot;, aBill.getBillStateInHouseOfCommons());&#10;&#10;&#9;&#9;aBill.modify();&#10;&#9;&#9;assertEquals(&quot;firstReading&quot;, aBill.getBillStateInHouseOfCommons());&#10;&#10;&#9;&#9;&#10;&#9;}&#10;&#9;&#10;&#9;@Test&#10;&#9;public void testcase22() {&#10;&#9;&#9;//Sneak Test&#10;&#9;&#9;CorrectedBill aBill = new CorrectedBill();&#10;&#9;&#9;assertEquals(&quot;inPreparation&quot;, aBill.getBillState());&#10;&#9;&#9;aBill.introduceInHouse();&#10;&#9;&#9;assertEquals(&quot;firstReading&quot;, aBill.getBillStateInHouseOfCommons());&#10;&#9;&#9;aBill.votePasses();&#10;&#9;&#9;assertEquals(&quot;secondReading&quot;, aBill.getBillStateInHouseOfCommons());&#10;&#9;&#9;aBill.introduceInHouse();&#10;&#9;&#9;assertEquals(&quot;secondReading&quot;, aBill.getBillStateInHouseOfCommons());&#10;&#9;&#9;&#10;&#9;&#9;aBill.introduceInSenate();&#10;&#9;&#9;assertEquals(&quot;secondReading&quot;, aBill.getBillStateInHouseOfCommons());&#10;&#9;&#9;&#10;&#9;&#9;aBill.royalAssent();&#10;&#9;&#9;assertEquals(&quot;secondReading&quot;, aBill.getBillStateInHouseOfCommons());&#10;&#10;&#9;&#9;aBill.modify();&#10;&#9;&#9;assertEquals(&quot;secondReading&quot;, aBill.getBillStateInHouseOfCommons());&#10;&#10;&#9;}&#10;&#9;@Test&#10;&#9;public void testcase23() {&#10;&#9;&#9;//Sneak Test&#10;&#9;&#9;CorrectedBill aBill = new CorrectedBill();&#10;&#9;&#9;assertEquals(&quot;inPreparation&quot;, aBill.getBillState());&#10;&#9;&#9;aBill.introduceInHouse();&#10;&#9;&#9;assertEquals(&quot;firstReading&quot;, aBill.getBillStateInHouseOfCommons());&#10;&#9;&#9;aBill.votePasses();&#10;&#9;&#9;assertEquals(&quot;secondReading&quot;, aBill.getBillStateInHouseOfCommons());&#10;&#9;&#9;aBill.votePasses();&#10;&#9;&#9;assertEquals(&quot;committeeConsideration&quot;, aBill.getBillStateInHouseOfCommons());&#10;&#9;&#9;&#10;&#9;&#9;aBill.introduceInSenate();&#10;&#9;&#9;assertEquals(&quot;committeeConsideration&quot;, aBill.getBillStateInHouseOfCommons());&#10;&#9;&#9;&#10;&#9;&#9;aBill.royalAssent();&#10;&#9;&#9;assertEquals(&quot;committeeConsideration&quot;, aBill.getBillStateInHouseOfCommons());&#10;&#10;&#9;&#9;aBill.modify();&#10;&#9;&#9;assertEquals(&quot;committeeConsideration&quot;, aBill.getBillStateInHouseOfCommons());&#10;&#10;&#9;}&#10;&#9;&#10;&#9;@Test&#10;&#9;public void testcase24() {&#10;&#9;&#9;//Sneak Test&#10;&#9;&#9;CorrectedBill aBill = new CorrectedBill();&#10;&#9;&#9;assertEquals(&quot;inPreparation&quot;, aBill.getBillState());&#10;&#9;&#9;aBill.introduceInHouse();&#10;&#9;&#9;assertEquals(&quot;firstReading&quot;, aBill.getBillStateInHouseOfCommons());&#10;&#9;&#9;aBill.votePasses();&#10;&#9;&#9;assertEquals(&quot;secondReading&quot;, aBill.getBillStateInHouseOfCommons());&#10;&#9;&#9;aBill.votePasses();&#10;&#9;&#9;assertEquals(&quot;committeeConsideration&quot;, aBill.getBillStateInHouseOfCommons());&#10;&#9;&#9;aBill.votePasses();&#10;&#9;&#9;assertEquals(&quot;thirdReading&quot;, aBill.getBillStateInHouseOfCommons());&#10;&#10;&#9;&#9;aBill.introduceInSenate();&#10;&#9;&#9;assertEquals(&quot;thirdReading&quot;, aBill.getBillStateInHouseOfCommons());&#10;&#9;&#9;&#10;&#9;&#9;aBill.royalAssent();&#10;&#9;&#9;assertEquals(&quot;thirdReading&quot;, aBill.getBillStateInHouseOfCommons());&#10;&#10;&#9;&#9;aBill.modify();&#10;&#9;&#9;assertEquals(&quot;thirdReading&quot;, aBill.getBillStateInHouseOfCommons());&#10;&#10;&#9;}&#10;&#9;&#10;&#9;@Test&#10;&#9;public void testcase25() {&#10;&#9;&#9;//Sneak Test&#10;&#9;&#9;CorrectedBill aBill = new CorrectedBill();&#10;&#9;&#9;aBill.setIsCommonsBill(false);&#10;&#9;&#9;assertEquals(&quot;inPreparation&quot;, aBill.getBillState());&#10;&#9;&#9;aBill.introduceInHouse();&#10;&#9;&#9;assertEquals(&quot;firstReading&quot;, aBill.getBillStateInHouseOfCommons());&#10;&#9;&#9;aBill.votePasses();&#10;&#9;&#9;assertEquals(&quot;secondReading&quot;, aBill.getBillStateInHouseOfCommons());&#10;&#9;&#9;aBill.votePasses();&#10;&#9;&#9;assertEquals(&quot;committeeConsideration&quot;, aBill.getBillStateInHouseOfCommons());&#10;&#9;&#9;aBill.votePasses();&#10;&#9;&#9;assertEquals(&quot;thirdReading&quot;, aBill.getBillStateInHouseOfCommons());&#10;&#9;&#9;aBill.votePasses();&#10;&#9;&#9;assertEquals(&quot;awaitingRoyalAssent&quot;, aBill.getBillState());&#10;&#10;&#9;&#9;aBill.votePasses();&#10;&#9;&#9;assertEquals(&quot;awaitingRoyalAssent&quot;, aBill.getBillState());&#10;&#9;&#9;&#10;&#9;&#9;aBill.voteFails();&#10;&#9;&#9;assertEquals(&quot;awaitingRoyalAssent&quot;, aBill.getBillState());&#10;&#10;&#9;&#9;aBill.withdraw();&#10;&#9;&#9;assertEquals(&quot;awaitingRoyalAssent&quot;, aBill.getBillState());&#10;&#10;&#9;&#9;aBill.introduceInHouse();&#10;&#9;&#9;assertEquals(&quot;awaitingRoyalAssent&quot;, aBill.getBillState());&#10;&#10;&#9;&#9;aBill.introduceInSenate();&#10;&#9;&#9;assertEquals(&quot;awaitingRoyalAssent&quot;, aBill.getBillState());&#10;&#10;&#9;&#9;aBill.modify();&#10;&#9;&#9;assertEquals(&quot;awaitingRoyalAssent&quot;, aBill.getBillState());&#10;&#10;&#9;}&#10;&#9;&#10;&#9;@Test&#10;&#9;public void testcase26() {&#10;&#9;&#9;//Sneak Test&#10;&#9;&#9;CorrectedBill aBill = new CorrectedBill();&#10;&#9;&#9;assertEquals(&quot;inPreparation&quot;, aBill.getBillState());&#10;&#9;&#9;aBill.introduceInSenate();&#10;&#9;&#9;assertEquals(&quot;firstReadingS&quot;, aBill.getBillStateInSenate());&#10;&#9;&#9;aBill.introduceInHouse();&#10;&#9;&#9;assertEquals(&quot;firstReadingS&quot;, aBill.getBillStateInSenate());&#10;&#10;&#9;&#9;aBill.introduceInSenate();&#10;&#9;&#9;assertEquals(&quot;firstReadingS&quot;, aBill.getBillStateInSenate());&#10;&#10;&#9;&#9;aBill.royalAssent();&#10;&#9;&#9;assertEquals(&quot;firstReadingS&quot;, aBill.getBillStateInSenate());&#10;&#10;&#9;&#9;aBill.modify();&#10;&#9;&#9;assertEquals(&quot;firstReadingS&quot;, aBill.getBillStateInSenate());&#10;&#10;&#9;&#9;&#10;&#9;}&#10;&#9;@Test&#10;&#9;public void testcase27() {&#10;&#9;&#9;//Sneak Test&#10;&#9;&#9;CorrectedBill aBill = new CorrectedBill();&#10;&#9;&#9;assertEquals(&quot;inPreparation&quot;, aBill.getBillState());&#10;&#9;&#9;aBill.introduceInSenate();&#10;&#9;&#9;assertEquals(&quot;firstReadingS&quot;, aBill.getBillStateInSenate());&#10;&#9;&#9;aBill.votePasses();&#10;&#9;&#9;assertEquals(&quot;secondReadingS&quot;, aBill.getBillStateInSenate());&#10;&#9;&#9;aBill.introduceInHouse();&#10;&#9;&#9;assertEquals(&quot;secondReadingS&quot;, aBill.getBillStateInSenate());&#10;&#10;&#9;&#9;aBill.introduceInSenate();&#10;&#9;&#9;assertEquals(&quot;secondReadingS&quot;, aBill.getBillStateInSenate());&#10;&#10;&#9;&#9;aBill.royalAssent();&#10;&#9;&#9;assertEquals(&quot;secondReadingS&quot;, aBill.getBillStateInSenate());&#10;&#10;&#9;&#9;aBill.modify();&#10;&#9;&#9;assertEquals(&quot;secondReadingS&quot;, aBill.getBillStateInSenate());&#10;&#10;&#9;}&#10;&#9;&#10;&#9;@Test&#10;&#9;public void testcase28() {&#10;&#9;&#9;//Sneak Test&#10;&#9;&#9;CorrectedBill aBill = new CorrectedBill();&#10;&#9;&#9;assertEquals(&quot;inPreparation&quot;, aBill.getBillState());&#10;&#9;&#9;aBill.introduceInSenate();&#10;&#9;&#9;assertEquals(&quot;firstReadingS&quot;, aBill.getBillStateInSenate());&#10;&#9;&#9;aBill.votePasses();&#10;&#9;&#9;assertEquals(&quot;secondReadingS&quot;, aBill.getBillStateInSenate());&#10;&#9;&#9;aBill.votePasses();&#10;&#9;&#9;assertEquals(&quot;committeeConsiderationS&quot;, aBill.getBillStateInSenate());&#10;&#9;&#9;aBill.introduceInHouse();&#10;&#9;&#9;assertEquals(&quot;committeeConsiderationS&quot;, aBill.getBillStateInSenate());&#10;&#10;&#9;&#9;aBill.introduceInSenate();&#10;&#9;&#9;assertEquals(&quot;committeeConsiderationS&quot;, aBill.getBillStateInSenate());&#10;&#10;&#9;&#9;aBill.royalAssent();&#10;&#9;&#9;assertEquals(&quot;committeeConsiderationS&quot;, aBill.getBillStateInSenate());&#10;&#10;&#9;&#9;aBill.modify();&#10;&#9;&#9;assertEquals(&quot;committeeConsiderationS&quot;, aBill.getBillStateInSenate());&#10;&#10;&#9;}&#10;&#9;&#10;&#9;@Test&#10;&#9;public void testcase29() {&#10;&#9;&#9;//Sneak Test&#10;&#9;&#9;CorrectedBill aBill = new CorrectedBill();&#10;&#9;&#9;assertEquals(&quot;inPreparation&quot;, aBill.getBillState());&#10;&#9;&#9;aBill.introduceInSenate();&#10;&#9;&#9;assertEquals(&quot;firstReadingS&quot;, aBill.getBillStateInSenate());&#10;&#9;&#9;aBill.votePasses();&#10;&#9;&#9;assertEquals(&quot;secondReadingS&quot;, aBill.getBillStateInSenate());&#10;&#9;&#9;aBill.votePasses();&#10;&#9;&#9;assertEquals(&quot;committeeConsiderationS&quot;, aBill.getBillStateInSenate());&#10;&#9;&#9;aBill.votePasses();&#10;&#9;&#9;assertEquals(&quot;thirdReadingS&quot;, aBill.getBillStateInSenate());&#10;&#9;&#9;aBill.introduceInHouse();&#10;&#9;&#9;assertEquals(&quot;thirdReadingS&quot;, aBill.getBillStateInSenate());&#10;&#10;&#9;&#9;&#10;&#9;&#9;aBill.introduceInSenate();&#10;&#9;&#9;assertEquals(&quot;thirdReadingS&quot;, aBill.getBillStateInSenate());&#10;&#10;&#9;&#9;aBill.royalAssent();&#10;&#9;&#9;assertEquals(&quot;thirdReadingS&quot;, aBill.getBillStateInSenate());&#10;&#10;&#9;&#9;aBill.modify();&#10;&#9;&#9;assertEquals(&quot;thirdReadingS&quot;, aBill.getBillStateInSenate());&#10;&#10;&#9;}&#10;&#9;&#10;&#9;&#10;}" Filename="BillTest.java" Intrnl_Id="1"/>
</SrcFileList>
<CritList>
<CritListEntry Name="org.codecover.model.utils.criteria.LoopCoverage" PluginName="org.codecover"/>
<CritListEntry Name="org.codecover.model.utils.criteria.BranchCoverage" PluginName="org.codecover"/>
<CritListEntry Name="org.codecover.model.utils.criteria.ConditionCoverage" PluginName="org.codecover"/>
<CritListEntry Name="org.codecover.model.utils.criteria.SynchronizedStatementCoverage" PluginName="org.codecover"/>
<CritListEntry Name="org.codecover.model.utils.criteria.QMOCoverage" PluginName="org.codecover"/>
<CritListEntry Name="org.codecover.model.utils.criteria.StatementCoverage" PluginName="org.codecover"/>
</CritList>
<BoolOpList/>
<HierarchyLvlTypeList>
<HierarchyLvlType EnglishName="package" IntrnlName="package" Intrnl_Id="2"/>
<HierarchyLvlType EnglishName="class" IntrnlName="class" Intrnl_Id="3"/>
<HierarchyLvlType EnglishName="method" IntrnlName="method" Intrnl_Id="4"/>
<HierarchyLvlType EnglishName="default package" IntrnlName="default package" Intrnl_Id="5"/>
</HierarchyLvlTypeList>
<MASTRoot>
<HierarchyLvl HierarchyLvlId="1068" HierarchyLvlTypeId="5" Intrnl_Id="6" Name="default package">
<Header/>
<LocList/>
<HierarchyLvl HierarchyLvlId="1067" HierarchyLvlTypeId="2" Intrnl_Id="7" Name="test">
<Header/>
<LocList/>
<HierarchyLvl HierarchyLvlId="1066" HierarchyLvlTypeId="3" Intrnl_Id="8" Name="BillTest">
<Header>
<Loc EndOffset="240" SrcFileId="1" StartOffset="219"/>
</Header>
<LocList>
<Loc EndOffset="18998" SrcFileId="1" StartOffset="219"/>
</LocList>
<HierarchyLvl HierarchyLvlId="1033" HierarchyLvlTypeId="4" Intrnl_Id="9" Name="setUpBeforeClass">
<Header>
<Loc EndOffset="313" SrcFileId="1" StartOffset="245"/>
</Header>
<LocList>
<Loc EndOffset="318" SrcFileId="1" StartOffset="245"/>
</LocList>
</HierarchyLvl>
<HierarchyLvl HierarchyLvlId="1034" HierarchyLvlTypeId="4" Intrnl_Id="10" Name="tearDownAfterClass">
<Header>
<Loc EndOffset="390" SrcFileId="1" StartOffset="321"/>
</Header>
<LocList>
<Loc EndOffset="395" SrcFileId="1" StartOffset="321"/>
</LocList>
</HierarchyLvl>
<HierarchyLvl HierarchyLvlId="1035" HierarchyLvlTypeId="4" Intrnl_Id="11" Name="setUp">
<Header>
<Loc EndOffset="443" SrcFileId="1" StartOffset="398"/>
</Header>
<LocList>
<Loc EndOffset="448" SrcFileId="1" StartOffset="398"/>
</LocList>
</HierarchyLvl>
<HierarchyLvl HierarchyLvlId="1036" HierarchyLvlTypeId="4" Intrnl_Id="12" Name="tearDown">
<Header>
<Loc EndOffset="498" SrcFileId="1" StartOffset="451"/>
</Header>
<LocList>
<Loc EndOffset="503" SrcFileId="1" StartOffset="451"/>
</LocList>
</HierarchyLvl>
<HierarchyLvl HierarchyLvlId="1037" HierarchyLvlTypeId="4" Intrnl_Id="13" Name="testcase1">
<Header>
<Loc EndOffset="537" SrcFileId="1" StartOffset="507"/>
</Header>
<LocList>
<Loc EndOffset="1399" SrcFileId="1" StartOffset="507"/>
</LocList>
<StmntSeq Intrnl_Id="14">
<LocList>
<Loc EndOffset="605" SrcFileId="1" StartOffset="563"/>
<Loc EndOffset="660" SrcFileId="1" StartOffset="608"/>
<Loc EndOffset="688" SrcFileId="1" StartOffset="663"/>
<Loc EndOffset="758" SrcFileId="1" StartOffset="691"/>
<Loc EndOffset="778" SrcFileId="1" StartOffset="761"/>
<Loc EndOffset="829" SrcFileId="1" StartOffset="781"/>
<Loc EndOffset="847" SrcFileId="1" StartOffset="832"/>
<Loc EndOffset="902" SrcFileId="1" StartOffset="850"/>
<Loc EndOffset="959" SrcFileId="1" StartOffset="940"/>
<Loc EndOffset="1014" SrcFileId="1" StartOffset="962"/>
<Loc EndOffset="1051" SrcFileId="1" StartOffset="1033"/>
<Loc EndOffset="1122" SrcFileId="1" StartOffset="1070"/>
<Loc EndOffset="1158" SrcFileId="1" StartOffset="1141"/>
<Loc EndOffset="1213" SrcFileId="1" StartOffset="1161"/>
<Loc EndOffset="1252" SrcFileId="1" StartOffset="1232"/>
<Loc EndOffset="1307" SrcFileId="1" StartOffset="1255"/>
<Loc EndOffset="1341" SrcFileId="1" StartOffset="1326"/>
<Loc EndOffset="1396" SrcFileId="1" StartOffset="1344"/>
</LocList>
<BasicStmnt CovItemId="S1" CovItemPrefix="test.BillTest.java" Intrnl_Id="15">
<LocList>
<Loc EndOffset="605" SrcFileId="1" StartOffset="563"/>
</LocList>
</BasicStmnt>
<BasicStmnt CovItemId="S2" CovItemPrefix="test.BillTest.java" Intrnl_Id="16">
<LocList>
<Loc EndOffset="660" SrcFileId="1" StartOffset="608"/>
</LocList>
</BasicStmnt>
<BasicStmnt CovItemId="S3" CovItemPrefix="test.BillTest.java" Intrnl_Id="17">
<LocList>
<Loc EndOffset="688" SrcFileId="1" StartOffset="663"/>
</LocList>
</BasicStmnt>
<BasicStmnt CovItemId="S4" CovItemPrefix="test.BillTest.java" Intrnl_Id="18">
<LocList>
<Loc EndOffset="758" SrcFileId="1" StartOffset="691"/>
</LocList>
</BasicStmnt>
<BasicStmnt CovItemId="S5" CovItemPrefix="test.BillTest.java" Intrnl_Id="19">
<LocList>
<Loc EndOffset="778" SrcFileId="1" StartOffset="761"/>
</LocList>
</BasicStmnt>
<BasicStmnt CovItemId="S6" CovItemPrefix="test.BillTest.java" Intrnl_Id="20">
<LocList>
<Loc EndOffset="829" SrcFileId="1" StartOffset="781"/>
</LocList>
</BasicStmnt>
<BasicStmnt CovItemId="S7" CovItemPrefix="test.BillTest.java" Intrnl_Id="21">
<LocList>
<Loc EndOffset="847" SrcFileId="1" StartOffset="832"/>
</LocList>
</BasicStmnt>
<BasicStmnt CovItemId="S8" CovItemPrefix="test.BillTest.java" Intrnl_Id="22">
<LocList>
<Loc EndOffset="902" SrcFileId="1" StartOffset="850"/>
</LocList>
</BasicStmnt>
<BasicStmnt CovItemId="S9" CovItemPrefix="test.BillTest.java" Intrnl_Id="23">
<LocList>
<Loc EndOffset="959" SrcFileId="1" StartOffset="940"/>
</LocList>
</BasicStmnt>
<BasicStmnt CovItemId="S10" CovItemPrefix="test.BillTest.java" Intrnl_Id="24">
<LocList>
<Loc EndOffset="1014" SrcFileId="1" StartOffset="962"/>
</LocList>
</BasicStmnt>
<BasicStmnt CovItemId="S11" CovItemPrefix="test.BillTest.java" Intrnl_Id="25">
<LocList>
<Loc EndOffset="1051" SrcFileId="1" StartOffset="1033"/>
</LocList>
</BasicStmnt>
<BasicStmnt CovItemId="S12" CovItemPrefix="test.BillTest.java" Intrnl_Id="26">
<LocList>
<Loc EndOffset="1122" SrcFileId="1" StartOffset="1070"/>
</LocList>
</BasicStmnt>
<BasicStmnt CovItemId="S13" CovItemPrefix="test.BillTest.java" Intrnl_Id="27">
<LocList>
<Loc EndOffset="1158" SrcFileId="1" StartOffset="1141"/>
</LocList>
</BasicStmnt>
<BasicStmnt CovItemId="S14" CovItemPrefix="test.BillTest.java" Intrnl_Id="28">
<LocList>
<Loc EndOffset="1213" SrcFileId="1" StartOffset="1161"/>
</LocList>
</BasicStmnt>
<BasicStmnt CovItemId="S15" CovItemPrefix="test.BillTest.java" Intrnl_Id="29">
<LocList>
<Loc EndOffset="1252" SrcFileId="1" StartOffset="1232"/>
</LocList>
</BasicStmnt>
<BasicStmnt CovItemId="S16" CovItemPrefix="test.BillTest.java" Intrnl_Id="30">
<LocList>
<Loc EndOffset="1307" SrcFileId="1" StartOffset="1255"/>
</LocList>
</BasicStmnt>
<BasicStmnt CovItemId="S17" CovItemPrefix="test.BillTest.java" Intrnl_Id="31">
<LocList>
<Loc EndOffset="1341" SrcFileId="1" StartOffset="1326"/>
</LocList>
</BasicStmnt>
<BasicStmnt CovItemId="S18" CovItemPrefix="test.BillTest.java" Intrnl_Id="32">
<LocList>
<Loc EndOffset="1396" SrcFileId="1" StartOffset="1344"/>
</LocList>
</BasicStmnt>
</StmntSeq>
</HierarchyLvl>
<HierarchyLvl HierarchyLvlId="1038" HierarchyLvlTypeId="4" Intrnl_Id="33" Name="testcase2">
<Header>
<Loc EndOffset="1433" SrcFileId="1" StartOffset="1403"/>
</Header>
<LocList>
<Loc EndOffset="2409" SrcFileId="1" StartOffset="1403"/>
</LocList>
<StmntSeq Intrnl_Id="34">
<LocList>
<Loc EndOffset="1501" SrcFileId="1" StartOffset="1459"/>
<Loc EndOffset="1556" SrcFileId="1" StartOffset="1504"/>
<Loc EndOffset="1584" SrcFileId="1" StartOffset="1559"/>
<Loc EndOffset="1654" SrcFileId="1" StartOffset="1587"/>
<Loc EndOffset="1698" SrcFileId="1" StartOffset="1657"/>
<Loc EndOffset="1719" SrcFileId="1" StartOffset="1701"/>
<Loc EndOffset="1844" SrcFileId="1" StartOffset="1796"/>
<Loc EndOffset="1899" SrcFileId="1" StartOffset="1880"/>
<Loc EndOffset="1950" SrcFileId="1" StartOffset="1902"/>
<Loc EndOffset="1987" SrcFileId="1" StartOffset="1969"/>
<Loc EndOffset="2038" SrcFileId="1" StartOffset="1990"/>
<Loc EndOffset="2074" SrcFileId="1" StartOffset="2057"/>
<Loc EndOffset="2125" SrcFileId="1" StartOffset="2077"/>
<Loc EndOffset="2169" SrcFileId="1" StartOffset="2144"/>
<Loc EndOffset="2220" SrcFileId="1" StartOffset="2172"/>
<Loc EndOffset="2265" SrcFileId="1" StartOffset="2239"/>
<Loc EndOffset="2316" SrcFileId="1" StartOffset="2268"/>
<Loc EndOffset="2355" SrcFileId="1" StartOffset="2335"/>
<Loc EndOffset="2406" SrcFileId="1" StartOffset="2358"/>
</LocList>
<BasicStmnt CovItemId="S19" CovItemPrefix="test.BillTest.java" Intrnl_Id="35">
<LocList>
<Loc EndOffset="1501" SrcFileId="1" StartOffset="1459"/>
</LocList>
</BasicStmnt>
<BasicStmnt CovItemId="S20" CovItemPrefix="test.BillTest.java" Intrnl_Id="36">
<LocList>
<Loc EndOffset="1556" SrcFileId="1" StartOffset="1504"/>
</LocList>
</BasicStmnt>
<BasicStmnt CovItemId="S21" CovItemPrefix="test.BillTest.java" Intrnl_Id="37">
<LocList>
<Loc EndOffset="1584" SrcFileId="1" StartOffset="1559"/>
</LocList>
</BasicStmnt>
<BasicStmnt CovItemId="S22" CovItemPrefix="test.BillTest.java" Intrnl_Id="38">
<LocList>
<Loc EndOffset="1654" SrcFileId="1" StartOffset="1587"/>
</LocList>
</BasicStmnt>
<BasicStmnt CovItemId="S23" CovItemPrefix="test.BillTest.java" Intrnl_Id="39">
<LocList>
<Loc EndOffset="1698" SrcFileId="1" StartOffset="1657"/>
</LocList>
</BasicStmnt>
<BasicStmnt CovItemId="S24" CovItemPrefix="test.BillTest.java" Intrnl_Id="40">
<LocList>
<Loc EndOffset="1719" SrcFileId="1" StartOffset="1701"/>
</LocList>
</BasicStmnt>
<BasicStmnt CovItemId="S25" CovItemPrefix="test.BillTest.java" Intrnl_Id="41">
<LocList>
<Loc EndOffset="1844" SrcFileId="1" StartOffset="1796"/>
</LocList>
</BasicStmnt>
<BasicStmnt CovItemId="S26" CovItemPrefix="test.BillTest.java" Intrnl_Id="42">
<LocList>
<Loc EndOffset="1899" SrcFileId="1" StartOffset="1880"/>
</LocList>
</BasicStmnt>
<BasicStmnt CovItemId="S27" CovItemPrefix="test.BillTest.java" Intrnl_Id="43">
<LocList>
<Loc EndOffset="1950" SrcFileId="1" StartOffset="1902"/>
</LocList>
</BasicStmnt>
<BasicStmnt CovItemId="S28" CovItemPrefix="test.BillTest.java" Intrnl_Id="44">
<LocList>
<Loc EndOffset="1987" SrcFileId="1" StartOffset="1969"/>
</LocList>
</BasicStmnt>
<BasicStmnt CovItemId="S29" CovItemPrefix="test.BillTest.java" Intrnl_Id="45">
<LocList>
<Loc EndOffset="2038" SrcFileId="1" StartOffset="1990"/>
</LocList>
</BasicStmnt>
<BasicStmnt CovItemId="S30" CovItemPrefix="test.BillTest.java" Intrnl_Id="46">
<LocList>
<Loc EndOffset="2074" SrcFileId="1" StartOffset="2057"/>
</LocList>
</BasicStmnt>
<BasicStmnt CovItemId="S31" CovItemPrefix="test.BillTest.java" Intrnl_Id="47">
<LocList>
<Loc EndOffset="2125" SrcFileId="1" StartOffset="2077"/>
</LocList>
</BasicStmnt>
<BasicStmnt CovItemId="S32" CovItemPrefix="test.BillTest.java" Intrnl_Id="48">
<LocList>
<Loc EndOffset="2169" SrcFileId="1" StartOffset="2144"/>
</LocList>
</BasicStmnt>
<BasicStmnt CovItemId="S33" CovItemPrefix="test.BillTest.java" Intrnl_Id="49">
<LocList>
<Loc EndOffset="2220" SrcFileId="1" StartOffset="2172"/>
</LocList>
</BasicStmnt>
<BasicStmnt CovItemId="S34" CovItemPrefix="test.BillTest.java" Intrnl_Id="50">
<LocList>
<Loc EndOffset="2265" SrcFileId="1" StartOffset="2239"/>
</LocList>
</BasicStmnt>
<BasicStmnt CovItemId="S35" CovItemPrefix="test.BillTest.java" Intrnl_Id="51">
<LocList>
<Loc EndOffset="2316" SrcFileId="1" StartOffset="2268"/>
</LocList>
</BasicStmnt>
<BasicStmnt CovItemId="S36" CovItemPrefix="test.BillTest.java" Intrnl_Id="52">
<LocList>
<Loc EndOffset="2355" SrcFileId="1" StartOffset="2335"/>
</LocList>
</BasicStmnt>
<BasicStmnt CovItemId="S37" CovItemPrefix="test.BillTest.java" Intrnl_Id="53">
<LocList>
<Loc EndOffset="2406" SrcFileId="1" StartOffset="2358"/>
</LocList>
</BasicStmnt>
</StmntSeq>
</HierarchyLvl>
<HierarchyLvl HierarchyLvlId="1039" HierarchyLvlTypeId="4" Intrnl_Id="54" Name="testcase3">
<Header>
<Loc EndOffset="2443" SrcFileId="1" StartOffset="2413"/>
</Header>
<LocList>
<Loc EndOffset="2831" SrcFileId="1" StartOffset="2413"/>
</LocList>
<StmntSeq Intrnl_Id="55">
<LocList>
<Loc EndOffset="2511" SrcFileId="1" StartOffset="2469"/>
<Loc EndOffset="2566" SrcFileId="1" StartOffset="2514"/>
<Loc EndOffset="2594" SrcFileId="1" StartOffset="2569"/>
<Loc EndOffset="2664" SrcFileId="1" StartOffset="2597"/>
<Loc EndOffset="2686" SrcFileId="1" StartOffset="2667"/>
<Loc EndOffset="2757" SrcFileId="1" StartOffset="2689"/>
<Loc EndOffset="2777" SrcFileId="1" StartOffset="2760"/>
<Loc EndOffset="2828" SrcFileId="1" StartOffset="2780"/>
</LocList>
<BasicStmnt CovItemId="S38" CovItemPrefix="test.BillTest.java" Intrnl_Id="56">
<LocList>
<Loc EndOffset="2511" SrcFileId="1" StartOffset="2469"/>
</LocList>
</BasicStmnt>
<BasicStmnt CovItemId="S39" CovItemPrefix="test.BillTest.java" Intrnl_Id="57">
<LocList>
<Loc EndOffset="2566" SrcFileId="1" StartOffset="2514"/>
</LocList>
</BasicStmnt>
<BasicStmnt CovItemId="S40" CovItemPrefix="test.BillTest.java" Intrnl_Id="58">
<LocList>
<Loc EndOffset="2594" SrcFileId="1" StartOffset="2569"/>
</LocList>
</BasicStmnt>
<BasicStmnt CovItemId="S41" CovItemPrefix="test.BillTest.java" Intrnl_Id="59">
<LocList>
<Loc EndOffset="2664" SrcFileId="1" StartOffset="2597"/>
</LocList>
</BasicStmnt>
<BasicStmnt CovItemId="S42" CovItemPrefix="test.BillTest.java" Intrnl_Id="60">
<LocList>
<Loc EndOffset="2686" SrcFileId="1" StartOffset="2667"/>
</LocList>
</BasicStmnt>
<BasicStmnt CovItemId="S43" CovItemPrefix="test.BillTest.java" Intrnl_Id="61">
<LocList>
<Loc EndOffset="2757" SrcFileId="1" StartOffset="2689"/>
</LocList>
</BasicStmnt>
<BasicStmnt CovItemId="S44" CovItemPrefix="test.BillTest.java" Intrnl_Id="62">
<LocList>
<Loc EndOffset="2777" SrcFileId="1" StartOffset="2760"/>
</LocList>
</BasicStmnt>
<BasicStmnt CovItemId="S45" CovItemPrefix="test.BillTest.java" Intrnl_Id="63">
<LocList>
<Loc EndOffset="2828" SrcFileId="1" StartOffset="2780"/>
</LocList>
</BasicStmnt>
</StmntSeq>
</HierarchyLvl>
<HierarchyLvl HierarchyLvlId="1040" HierarchyLvlTypeId="4" Intrnl_Id="64" Name="testcase4">
<Header>
<Loc EndOffset="2865" SrcFileId="1" StartOffset="2835"/>
</Header>
<LocList>
<Loc EndOffset="3264" SrcFileId="1" StartOffset="2835"/>
</LocList>
<StmntSeq Intrnl_Id="65">
<LocList>
<Loc EndOffset="2933" SrcFileId="1" StartOffset="2891"/>
<Loc EndOffset="2988" SrcFileId="1" StartOffset="2936"/>
<Loc EndOffset="3016" SrcFileId="1" StartOffset="2991"/>
<Loc EndOffset="3086" SrcFileId="1" StartOffset="3019"/>
<Loc EndOffset="3108" SrcFileId="1" StartOffset="3089"/>
<Loc EndOffset="3179" SrcFileId="1" StartOffset="3111"/>
<Loc EndOffset="3200" SrcFileId="1" StartOffset="3182"/>
<Loc EndOffset="3261" SrcFileId="1" StartOffset="3213"/>
</LocList>
<BasicStmnt CovItemId="S46" CovItemPrefix="test.BillTest.java" Intrnl_Id="66">
<LocList>
<Loc EndOffset="2933" SrcFileId="1" StartOffset="2891"/>
</LocList>
</BasicStmnt>
<BasicStmnt CovItemId="S47" CovItemPrefix="test.BillTest.java" Intrnl_Id="67">
<LocList>
<Loc EndOffset="2988" SrcFileId="1" StartOffset="2936"/>
</LocList>
</BasicStmnt>
<BasicStmnt CovItemId="S48" CovItemPrefix="test.BillTest.java" Intrnl_Id="68">
<LocList>
<Loc EndOffset="3016" SrcFileId="1" StartOffset="2991"/>
</LocList>
</BasicStmnt>
<BasicStmnt CovItemId="S49" CovItemPrefix="test.BillTest.java" Intrnl_Id="69">
<LocList>
<Loc EndOffset="3086" SrcFileId="1" StartOffset="3019"/>
</LocList>
</BasicStmnt>
<BasicStmnt CovItemId="S50" CovItemPrefix="test.BillTest.java" Intrnl_Id="70">
<LocList>
<Loc EndOffset="3108" SrcFileId="1" StartOffset="3089"/>
</LocList>
</BasicStmnt>
<BasicStmnt CovItemId="S51" CovItemPrefix="test.BillTest.java" Intrnl_Id="71">
<LocList>
<Loc EndOffset="3179" SrcFileId="1" StartOffset="3111"/>
</LocList>
</BasicStmnt>
<BasicStmnt CovItemId="S52" CovItemPrefix="test.BillTest.java" Intrnl_Id="72">
<LocList>
<Loc EndOffset="3200" SrcFileId="1" StartOffset="3182"/>
</LocList>
</BasicStmnt>
<BasicStmnt CovItemId="S53" CovItemPrefix="test.BillTest.java" Intrnl_Id="73">
<LocList>
<Loc EndOffset="3261" SrcFileId="1" StartOffset="3213"/>
</LocList>
</BasicStmnt>
</StmntSeq>
</HierarchyLvl>
<HierarchyLvl HierarchyLvlId="1041" HierarchyLvlTypeId="4" Intrnl_Id="74" Name="testcase5">
<Header>
<Loc EndOffset="3298" SrcFileId="1" StartOffset="3268"/>
</Header>
<LocList>
<Loc EndOffset="3788" SrcFileId="1" StartOffset="3268"/>
</LocList>
<StmntSeq Intrnl_Id="75">
<LocList>
<Loc EndOffset="3366" SrcFileId="1" StartOffset="3324"/>
<Loc EndOffset="3421" SrcFileId="1" StartOffset="3369"/>
<Loc EndOffset="3449" SrcFileId="1" StartOffset="3424"/>
<Loc EndOffset="3519" SrcFileId="1" StartOffset="3452"/>
<Loc EndOffset="3541" SrcFileId="1" StartOffset="3522"/>
<Loc EndOffset="3612" SrcFileId="1" StartOffset="3544"/>
<Loc EndOffset="3634" SrcFileId="1" StartOffset="3615"/>
<Loc EndOffset="3714" SrcFileId="1" StartOffset="3637"/>
<Loc EndOffset="3734" SrcFileId="1" StartOffset="3717"/>
<Loc EndOffset="3785" SrcFileId="1" StartOffset="3737"/>
</LocList>
<BasicStmnt CovItemId="S54" CovItemPrefix="test.BillTest.java" Intrnl_Id="76">
<LocList>
<Loc EndOffset="3366" SrcFileId="1" StartOffset="3324"/>
</LocList>
</BasicStmnt>
<BasicStmnt CovItemId="S55" CovItemPrefix="test.BillTest.java" Intrnl_Id="77">
<LocList>
<Loc EndOffset="3421" SrcFileId="1" StartOffset="3369"/>
</LocList>
</BasicStmnt>
<BasicStmnt CovItemId="S56" CovItemPrefix="test.BillTest.java" Intrnl_Id="78">
<LocList>
<Loc EndOffset="3449" SrcFileId="1" StartOffset="3424"/>
</LocList>
</BasicStmnt>
<BasicStmnt CovItemId="S57" CovItemPrefix="test.BillTest.java" Intrnl_Id="79">
<LocList>
<Loc EndOffset="3519" SrcFileId="1" StartOffset="3452"/>
</LocList>
</BasicStmnt>
<BasicStmnt CovItemId="S58" CovItemPrefix="test.BillTest.java" Intrnl_Id="80">
<LocList>
<Loc EndOffset="3541" SrcFileId="1" StartOffset="3522"/>
</LocList>
</BasicStmnt>
<BasicStmnt CovItemId="S59" CovItemPrefix="test.BillTest.java" Intrnl_Id="81">
<LocList>
<Loc EndOffset="3612" SrcFileId="1" StartOffset="3544"/>
</LocList>
</BasicStmnt>
<BasicStmnt CovItemId="S60" CovItemPrefix="test.BillTest.java" Intrnl_Id="82">
<LocList>
<Loc EndOffset="3634" SrcFileId="1" StartOffset="3615"/>
</LocList>
</BasicStmnt>
<BasicStmnt CovItemId="S61" CovItemPrefix="test.BillTest.java" Intrnl_Id="83">
<LocList>
<Loc EndOffset="3714" SrcFileId="1" StartOffset="3637"/>
</LocList>
</BasicStmnt>
<BasicStmnt CovItemId="S62" CovItemPrefix="test.BillTest.java" Intrnl_Id="84">
<LocList>
<Loc EndOffset="3734" SrcFileId="1" StartOffset="3717"/>
</LocList>
</BasicStmnt>
<BasicStmnt CovItemId="S63" CovItemPrefix="test.BillTest.java" Intrnl_Id="85">
<LocList>
<Loc EndOffset="3785" SrcFileId="1" StartOffset="3737"/>
</LocList>
</BasicStmnt>
</StmntSeq>
</HierarchyLvl>
<HierarchyLvl HierarchyLvlId="1042" HierarchyLvlTypeId="4" Intrnl_Id="86" Name="testcase6">
<Header>
<Loc EndOffset="3822" SrcFileId="1" StartOffset="3792"/>
</Header>
<LocList>
<Loc EndOffset="4323" SrcFileId="1" StartOffset="3792"/>
</LocList>
<StmntSeq Intrnl_Id="87">
<LocList>
<Loc EndOffset="3890" SrcFileId="1" StartOffset="3848"/>
<Loc EndOffset="3945" SrcFileId="1" StartOffset="3893"/>
<Loc EndOffset="3973" SrcFileId="1" StartOffset="3948"/>
<Loc EndOffset="4043" SrcFileId="1" StartOffset="3976"/>
<Loc EndOffset="4065" SrcFileId="1" StartOffset="4046"/>
<Loc EndOffset="4136" SrcFileId="1" StartOffset="4068"/>
<Loc EndOffset="4158" SrcFileId="1" StartOffset="4139"/>
<Loc EndOffset="4238" SrcFileId="1" StartOffset="4161"/>
<Loc EndOffset="4259" SrcFileId="1" StartOffset="4241"/>
<Loc EndOffset="4320" SrcFileId="1" StartOffset="4272"/>
</LocList>
<BasicStmnt CovItemId="S64" CovItemPrefix="test.BillTest.java" Intrnl_Id="88">
<LocList>
<Loc EndOffset="3890" SrcFileId="1" StartOffset="3848"/>
</LocList>
</BasicStmnt>
<BasicStmnt CovItemId="S65" CovItemPrefix="test.BillTest.java" Intrnl_Id="89">
<LocList>
<Loc EndOffset="3945" SrcFileId="1" StartOffset="3893"/>
</LocList>
</BasicStmnt>
<BasicStmnt CovItemId="S66" CovItemPrefix="test.BillTest.java" Intrnl_Id="90">
<LocList>
<Loc EndOffset="3973" SrcFileId="1" StartOffset="3948"/>
</LocList>
</BasicStmnt>
<BasicStmnt CovItemId="S67" CovItemPrefix="test.BillTest.java" Intrnl_Id="91">
<LocList>
<Loc EndOffset="4043" SrcFileId="1" StartOffset="3976"/>
</LocList>
</BasicStmnt>
<BasicStmnt CovItemId="S68" CovItemPrefix="test.BillTest.java" Intrnl_Id="92">
<LocList>
<Loc EndOffset="4065" SrcFileId="1" StartOffset="4046"/>
</LocList>
</BasicStmnt>
<BasicStmnt CovItemId="S69" CovItemPrefix="test.BillTest.java" Intrnl_Id="93">
<LocList>
<Loc EndOffset="4136" SrcFileId="1" StartOffset="4068"/>
</LocList>
</BasicStmnt>
<BasicStmnt CovItemId="S70" CovItemPrefix="test.BillTest.java" Intrnl_Id="94">
<LocList>
<Loc EndOffset="4158" SrcFileId="1" StartOffset="4139"/>
</LocList>
</BasicStmnt>
<BasicStmnt CovItemId="S71" CovItemPrefix="test.BillTest.java" Intrnl_Id="95">
<LocList>
<Loc EndOffset="4238" SrcFileId="1" StartOffset="4161"/>
</LocList>
</BasicStmnt>
<BasicStmnt CovItemId="S72" CovItemPrefix="test.BillTest.java" Intrnl_Id="96">
<LocList>
<Loc EndOffset="4259" SrcFileId="1" StartOffset="4241"/>
</LocList>
</BasicStmnt>
<BasicStmnt CovItemId="S73" CovItemPrefix="test.BillTest.java" Intrnl_Id="97">
<LocList>
<Loc EndOffset="4320" SrcFileId="1" StartOffset="4272"/>
</LocList>
</BasicStmnt>
</StmntSeq>
</HierarchyLvl>
<HierarchyLvl HierarchyLvlId="1043" HierarchyLvlTypeId="4" Intrnl_Id="98" Name="testcase7">
<Header>
<Loc EndOffset="4357" SrcFileId="1" StartOffset="4327"/>
</Header>
<LocList>
<Loc EndOffset="4939" SrcFileId="1" StartOffset="4327"/>
</LocList>
<StmntSeq Intrnl_Id="99">
<LocList>
<Loc EndOffset="4425" SrcFileId="1" StartOffset="4383"/>
<Loc EndOffset="4480" SrcFileId="1" StartOffset="4428"/>
<Loc EndOffset="4508" SrcFileId="1" StartOffset="4483"/>
<Loc EndOffset="4578" SrcFileId="1" StartOffset="4511"/>
<Loc EndOffset="4600" SrcFileId="1" StartOffset="4581"/>
<Loc EndOffset="4671" SrcFileId="1" StartOffset="4603"/>
<Loc EndOffset="4693" SrcFileId="1" StartOffset="4674"/>
<Loc EndOffset="4773" SrcFileId="1" StartOffset="4696"/>
<Loc EndOffset="4795" SrcFileId="1" StartOffset="4776"/>
<Loc EndOffset="4865" SrcFileId="1" StartOffset="4798"/>
<Loc EndOffset="4885" SrcFileId="1" StartOffset="4868"/>
<Loc EndOffset="4936" SrcFileId="1" StartOffset="4888"/>
</LocList>
<BasicStmnt CovItemId="S74" CovItemPrefix="test.BillTest.java" Intrnl_Id="100">
<LocList>
<Loc EndOffset="4425" SrcFileId="1" StartOffset="4383"/>
</LocList>
</BasicStmnt>
<BasicStmnt CovItemId="S75" CovItemPrefix="test.BillTest.java" Intrnl_Id="101">
<LocList>
<Loc EndOffset="4480" SrcFileId="1" StartOffset="4428"/>
</LocList>
</BasicStmnt>
<BasicStmnt CovItemId="S76" CovItemPrefix="test.BillTest.java" Intrnl_Id="102">
<LocList>
<Loc EndOffset="4508" SrcFileId="1" StartOffset="4483"/>
</LocList>
</BasicStmnt>
<BasicStmnt CovItemId="S77" CovItemPrefix="test.BillTest.java" Intrnl_Id="103">
<LocList>
<Loc EndOffset="4578" SrcFileId="1" StartOffset="4511"/>
</LocList>
</BasicStmnt>
<BasicStmnt CovItemId="S78" CovItemPrefix="test.BillTest.java" Intrnl_Id="104">
<LocList>
<Loc EndOffset="4600" SrcFileId="1" StartOffset="4581"/>
</LocList>
</BasicStmnt>
<BasicStmnt CovItemId="S79" CovItemPrefix="test.BillTest.java" Intrnl_Id="105">
<LocList>
<Loc EndOffset="4671" SrcFileId="1" StartOffset="4603"/>
</LocList>
</BasicStmnt>
<BasicStmnt CovItemId="S80" CovItemPrefix="test.BillTest.java" Intrnl_Id="106">
<LocList>
<Loc EndOffset="4693" SrcFileId="1" StartOffset="4674"/>
</LocList>
</BasicStmnt>
<BasicStmnt CovItemId="S81" CovItemPrefix="test.BillTest.java" Intrnl_Id="107">
<LocList>
<Loc EndOffset="4773" SrcFileId="1" StartOffset="4696"/>
</LocList>
</BasicStmnt>
<BasicStmnt CovItemId="S82" CovItemPrefix="test.BillTest.java" Intrnl_Id="108">
<LocList>
<Loc EndOffset="4795" SrcFileId="1" StartOffset="4776"/>
</LocList>
</BasicStmnt>
<BasicStmnt CovItemId="S83" CovItemPrefix="test.BillTest.java" Intrnl_Id="109">
<LocList>
<Loc EndOffset="4865" SrcFileId="1" StartOffset="4798"/>
</LocList>
</BasicStmnt>
<BasicStmnt CovItemId="S84" CovItemPrefix="test.BillTest.java" Intrnl_Id="110">
<LocList>
<Loc EndOffset="4885" SrcFileId="1" StartOffset="4868"/>
</LocList>
</BasicStmnt>
<BasicStmnt CovItemId="S85" CovItemPrefix="test.BillTest.java" Intrnl_Id="111">
<LocList>
<Loc EndOffset="4936" SrcFileId="1" StartOffset="4888"/>
</LocList>
</BasicStmnt>
</StmntSeq>
</HierarchyLvl>
<HierarchyLvl HierarchyLvlId="1044" HierarchyLvlTypeId="4" Intrnl_Id="112" Name="testcase8">
<Header>
<Loc EndOffset="4973" SrcFileId="1" StartOffset="4943"/>
</Header>
<LocList>
<Loc EndOffset="5566" SrcFileId="1" StartOffset="4943"/>
</LocList>
<StmntSeq Intrnl_Id="113">
<LocList>
<Loc EndOffset="5041" SrcFileId="1" StartOffset="4999"/>
<Loc EndOffset="5096" SrcFileId="1" StartOffset="5044"/>
<Loc EndOffset="5124" SrcFileId="1" StartOffset="5099"/>
<Loc EndOffset="5194" SrcFileId="1" StartOffset="5127"/>
<Loc EndOffset="5216" SrcFileId="1" StartOffset="5197"/>
<Loc EndOffset="5287" SrcFileId="1" StartOffset="5219"/>
<Loc EndOffset="5309" SrcFileId="1" StartOffset="5290"/>
<Loc EndOffset="5389" SrcFileId="1" StartOffset="5312"/>
<Loc EndOffset="5411" SrcFileId="1" StartOffset="5392"/>
<Loc EndOffset="5481" SrcFileId="1" StartOffset="5414"/>
<Loc EndOffset="5502" SrcFileId="1" StartOffset="5484"/>
<Loc EndOffset="5563" SrcFileId="1" StartOffset="5515"/>
</LocList>
<BasicStmnt CovItemId="S86" CovItemPrefix="test.BillTest.java" Intrnl_Id="114">
<LocList>
<Loc EndOffset="5041" SrcFileId="1" StartOffset="4999"/>
</LocList>
</BasicStmnt>
<BasicStmnt CovItemId="S87" CovItemPrefix="test.BillTest.java" Intrnl_Id="115">
<LocList>
<Loc EndOffset="5096" SrcFileId="1" StartOffset="5044"/>
</LocList>
</BasicStmnt>
<BasicStmnt CovItemId="S88" CovItemPrefix="test.BillTest.java" Intrnl_Id="116">
<LocList>
<Loc EndOffset="5124" SrcFileId="1" StartOffset="5099"/>
</LocList>
</BasicStmnt>
<BasicStmnt CovItemId="S89" CovItemPrefix="test.BillTest.java" Intrnl_Id="117">
<LocList>
<Loc EndOffset="5194" SrcFileId="1" StartOffset="5127"/>
</LocList>
</BasicStmnt>
<BasicStmnt CovItemId="S90" CovItemPrefix="test.BillTest.java" Intrnl_Id="118">
<LocList>
<Loc EndOffset="5216" SrcFileId="1" StartOffset="5197"/>
</LocList>
</BasicStmnt>
<BasicStmnt CovItemId="S91" CovItemPrefix="test.BillTest.java" Intrnl_Id="119">
<LocList>
<Loc EndOffset="5287" SrcFileId="1" StartOffset="5219"/>
</LocList>
</BasicStmnt>
<BasicStmnt CovItemId="S92" CovItemPrefix="test.BillTest.java" Intrnl_Id="120">
<LocList>
<Loc EndOffset="5309" SrcFileId="1" StartOffset="5290"/>
</LocList>
</BasicStmnt>
<BasicStmnt CovItemId="S93" CovItemPrefix="test.BillTest.java" Intrnl_Id="121">
<LocList>
<Loc EndOffset="5389" SrcFileId="1" StartOffset="5312"/>
</LocList>
</BasicStmnt>
<BasicStmnt CovItemId="S94" CovItemPrefix="test.BillTest.java" Intrnl_Id="122">
<LocList>
<Loc EndOffset="5411" SrcFileId="1" StartOffset="5392"/>
</LocList>
</BasicStmnt>
<BasicStmnt CovItemId="S95" CovItemPrefix="test.BillTest.java" Intrnl_Id="123">
<LocList>
<Loc EndOffset="5481" SrcFileId="1" StartOffset="5414"/>
</LocList>
</BasicStmnt>
<BasicStmnt CovItemId="S96" CovItemPrefix="test.BillTest.java" Intrnl_Id="124">
<LocList>
<Loc EndOffset="5502" SrcFileId="1" StartOffset="5484"/>
</LocList>
</BasicStmnt>
<BasicStmnt CovItemId="S97" CovItemPrefix="test.BillTest.java" Intrnl_Id="125">
<LocList>
<Loc EndOffset="5563" SrcFileId="1" StartOffset="5515"/>
</LocList>
</BasicStmnt>
</StmntSeq>
</HierarchyLvl>
<HierarchyLvl HierarchyLvlId="1045" HierarchyLvlTypeId="4" Intrnl_Id="126" Name="testcase9">
<Header>
<Loc EndOffset="5600" SrcFileId="1" StartOffset="5570"/>
</Header>
<LocList>
<Loc EndOffset="6196" SrcFileId="1" StartOffset="5570"/>
</LocList>
<StmntSeq Intrnl_Id="127">
<LocList>
<Loc EndOffset="5668" SrcFileId="1" StartOffset="5626"/>
<Loc EndOffset="5723" SrcFileId="1" StartOffset="5671"/>
<Loc EndOffset="5751" SrcFileId="1" StartOffset="5726"/>
<Loc EndOffset="5821" SrcFileId="1" StartOffset="5754"/>
<Loc EndOffset="5843" SrcFileId="1" StartOffset="5824"/>
<Loc EndOffset="5914" SrcFileId="1" StartOffset="5846"/>
<Loc EndOffset="5936" SrcFileId="1" StartOffset="5917"/>
<Loc EndOffset="6016" SrcFileId="1" StartOffset="5939"/>
<Loc EndOffset="6038" SrcFileId="1" StartOffset="6019"/>
<Loc EndOffset="6108" SrcFileId="1" StartOffset="6041"/>
<Loc EndOffset="6130" SrcFileId="1" StartOffset="6111"/>
<Loc EndOffset="6193" SrcFileId="1" StartOffset="6133"/>
</LocList>
<BasicStmnt CovItemId="S98" CovItemPrefix="test.BillTest.java" Intrnl_Id="128">
<LocList>
<Loc EndOffset="5668" SrcFileId="1" StartOffset="5626"/>
</LocList>
</BasicStmnt>
<BasicStmnt CovItemId="S99" CovItemPrefix="test.BillTest.java" Intrnl_Id="129">
<LocList>
<Loc EndOffset="5723" SrcFileId="1" StartOffset="5671"/>
</LocList>
</BasicStmnt>
<BasicStmnt CovItemId="S100" CovItemPrefix="test.BillTest.java" Intrnl_Id="130">
<LocList>
<Loc EndOffset="5751" SrcFileId="1" StartOffset="5726"/>
</LocList>
</BasicStmnt>
<BasicStmnt CovItemId="S101" CovItemPrefix="test.BillTest.java" Intrnl_Id="131">
<LocList>
<Loc EndOffset="5821" SrcFileId="1" StartOffset="5754"/>
</LocList>
</BasicStmnt>
<BasicStmnt CovItemId="S102" CovItemPrefix="test.BillTest.java" Intrnl_Id="132">
<LocList>
<Loc EndOffset="5843" SrcFileId="1" StartOffset="5824"/>
</LocList>
</BasicStmnt>
<BasicStmnt CovItemId="S103" CovItemPrefix="test.BillTest.java" Intrnl_Id="133">
<LocList>
<Loc EndOffset="5914" SrcFileId="1" StartOffset="5846"/>
</LocList>
</BasicStmnt>
<BasicStmnt CovItemId="S104" CovItemPrefix="test.BillTest.java" Intrnl_Id="134">
<LocList>
<Loc EndOffset="5936" SrcFileId="1" StartOffset="5917"/>
</LocList>
</BasicStmnt>
<BasicStmnt CovItemId="S105" CovItemPrefix="test.BillTest.java" Intrnl_Id="135">
<LocList>
<Loc EndOffset="6016" SrcFileId="1" StartOffset="5939"/>
</LocList>
</BasicStmnt>
<BasicStmnt CovItemId="S106" CovItemPrefix="test.BillTest.java" Intrnl_Id="136">
<LocList>
<Loc EndOffset="6038" SrcFileId="1" StartOffset="6019"/>
</LocList>
</BasicStmnt>
<BasicStmnt CovItemId="S107" CovItemPrefix="test.BillTest.java" Intrnl_Id="137">
<LocList>
<Loc EndOffset="6108" SrcFileId="1" StartOffset="6041"/>
</LocList>
</BasicStmnt>
<BasicStmnt CovItemId="S108" CovItemPrefix="test.BillTest.java" Intrnl_Id="138">
<LocList>
<Loc EndOffset="6130" SrcFileId="1" StartOffset="6111"/>
</LocList>
</BasicStmnt>
<BasicStmnt CovItemId="S109" CovItemPrefix="test.BillTest.java" Intrnl_Id="139">
<LocList>
<Loc EndOffset="6193" SrcFileId="1" StartOffset="6133"/>
</LocList>
</BasicStmnt>
</StmntSeq>
</HierarchyLvl>
<HierarchyLvl HierarchyLvlId="1046" HierarchyLvlTypeId="4" Intrnl_Id="140" Name="testcase10">
<Header>
<Loc EndOffset="6231" SrcFileId="1" StartOffset="6200"/>
</Header>
<LocList>
<Loc EndOffset="6948" SrcFileId="1" StartOffset="6200"/>
</LocList>
<StmntSeq Intrnl_Id="141">
<LocList>
<Loc EndOffset="6299" SrcFileId="1" StartOffset="6257"/>
<Loc EndOffset="6332" SrcFileId="1" StartOffset="6302"/>
<Loc EndOffset="6387" SrcFileId="1" StartOffset="6335"/>
<Loc EndOffset="6415" SrcFileId="1" StartOffset="6390"/>
<Loc EndOffset="6485" SrcFileId="1" StartOffset="6418"/>
<Loc EndOffset="6507" SrcFileId="1" StartOffset="6488"/>
<Loc EndOffset="6578" SrcFileId="1" StartOffset="6510"/>
<Loc EndOffset="6600" SrcFileId="1" StartOffset="6581"/>
<Loc EndOffset="6680" SrcFileId="1" StartOffset="6603"/>
<Loc EndOffset="6702" SrcFileId="1" StartOffset="6683"/>
<Loc EndOffset="6772" SrcFileId="1" StartOffset="6705"/>
<Loc EndOffset="6794" SrcFileId="1" StartOffset="6775"/>
<Loc EndOffset="6865" SrcFileId="1" StartOffset="6807"/>
<Loc EndOffset="6888" SrcFileId="1" StartOffset="6868"/>
<Loc EndOffset="6945" SrcFileId="1" StartOffset="6891"/>
</LocList>
<BasicStmnt CovItemId="S110" CovItemPrefix="test.BillTest.java" Intrnl_Id="142">
<LocList>
<Loc EndOffset="6299" SrcFileId="1" StartOffset="6257"/>
</LocList>
</BasicStmnt>
<BasicStmnt CovItemId="S111" CovItemPrefix="test.BillTest.java" Intrnl_Id="143">
<LocList>
<Loc EndOffset="6332" SrcFileId="1" StartOffset="6302"/>
</LocList>
</BasicStmnt>
<BasicStmnt CovItemId="S112" CovItemPrefix="test.BillTest.java" Intrnl_Id="144">
<LocList>
<Loc EndOffset="6387" SrcFileId="1" StartOffset="6335"/>
</LocList>
</BasicStmnt>
<BasicStmnt CovItemId="S113" CovItemPrefix="test.BillTest.java" Intrnl_Id="145">
<LocList>
<Loc EndOffset="6415" SrcFileId="1" StartOffset="6390"/>
</LocList>
</BasicStmnt>
<BasicStmnt CovItemId="S114" CovItemPrefix="test.BillTest.java" Intrnl_Id="146">
<LocList>
<Loc EndOffset="6485" SrcFileId="1" StartOffset="6418"/>
</LocList>
</BasicStmnt>
<BasicStmnt CovItemId="S115" CovItemPrefix="test.BillTest.java" Intrnl_Id="147">
<LocList>
<Loc EndOffset="6507" SrcFileId="1" StartOffset="6488"/>
</LocList>
</BasicStmnt>
<BasicStmnt CovItemId="S116" CovItemPrefix="test.BillTest.java" Intrnl_Id="148">
<LocList>
<Loc EndOffset="6578" SrcFileId="1" StartOffset="6510"/>
</LocList>
</BasicStmnt>
<BasicStmnt CovItemId="S117" CovItemPrefix="test.BillTest.java" Intrnl_Id="149">
<LocList>
<Loc EndOffset="6600" SrcFileId="1" StartOffset="6581"/>
</LocList>
</BasicStmnt>
<BasicStmnt CovItemId="S118" CovItemPrefix="test.BillTest.java" Intrnl_Id="150">
<LocList>
<Loc EndOffset="6680" SrcFileId="1" StartOffset="6603"/>
</LocList>
</BasicStmnt>
<BasicStmnt CovItemId="S119" CovItemPrefix="test.BillTest.java" Intrnl_Id="151">
<LocList>
<Loc EndOffset="6702" SrcFileId="1" StartOffset="6683"/>
</LocList>
</BasicStmnt>
<BasicStmnt CovItemId="S120" CovItemPrefix="test.BillTest.java" Intrnl_Id="152">
<LocList>
<Loc EndOffset="6772" SrcFileId="1" StartOffset="6705"/>
</LocList>
</BasicStmnt>
<BasicStmnt CovItemId="S121" CovItemPrefix="test.BillTest.java" Intrnl_Id="153">
<LocList>
<Loc EndOffset="6794" SrcFileId="1" StartOffset="6775"/>
</LocList>
</BasicStmnt>
<BasicStmnt CovItemId="S122" CovItemPrefix="test.BillTest.java" Intrnl_Id="154">
<LocList>
<Loc EndOffset="6865" SrcFileId="1" StartOffset="6807"/>
</LocList>
</BasicStmnt>
<BasicStmnt CovItemId="S123" CovItemPrefix="test.BillTest.java" Intrnl_Id="155">
<LocList>
<Loc EndOffset="6888" SrcFileId="1" StartOffset="6868"/>
</LocList>
</BasicStmnt>
<BasicStmnt CovItemId="S124" CovItemPrefix="test.BillTest.java" Intrnl_Id="156">
<LocList>
<Loc EndOffset="6945" SrcFileId="1" StartOffset="6891"/>
</LocList>
</BasicStmnt>
</StmntSeq>
</HierarchyLvl>
<HierarchyLvl HierarchyLvlId="1047" HierarchyLvlTypeId="4" Intrnl_Id="157" Name="testcase11">
<Header>
<Loc EndOffset="6983" SrcFileId="1" StartOffset="6952"/>
</Header>
<LocList>
<Loc EndOffset="7272" SrcFileId="1" StartOffset="6952"/>
</LocList>
<StmntSeq Intrnl_Id="158">
<LocList>
<Loc EndOffset="7051" SrcFileId="1" StartOffset="7009"/>
<Loc EndOffset="7106" SrcFileId="1" StartOffset="7054"/>
<Loc EndOffset="7135" SrcFileId="1" StartOffset="7109"/>
<Loc EndOffset="7198" SrcFileId="1" StartOffset="7138"/>
<Loc EndOffset="7218" SrcFileId="1" StartOffset="7201"/>
<Loc EndOffset="7269" SrcFileId="1" StartOffset="7221"/>
</LocList>
<BasicStmnt CovItemId="S125" CovItemPrefix="test.BillTest.java" Intrnl_Id="159">
<LocList>
<Loc EndOffset="7051" SrcFileId="1" StartOffset="7009"/>
</LocList>
</BasicStmnt>
<BasicStmnt CovItemId="S126" CovItemPrefix="test.BillTest.java" Intrnl_Id="160">
<LocList>
<Loc EndOffset="7106" SrcFileId="1" StartOffset="7054"/>
</LocList>
</BasicStmnt>
<BasicStmnt CovItemId="S127" CovItemPrefix="test.BillTest.java" Intrnl_Id="161">
<LocList>
<Loc EndOffset="7135" SrcFileId="1" StartOffset="7109"/>
</LocList>
</BasicStmnt>
<BasicStmnt CovItemId="S128" CovItemPrefix="test.BillTest.java" Intrnl_Id="162">
<LocList>
<Loc EndOffset="7198" SrcFileId="1" StartOffset="7138"/>
</LocList>
</BasicStmnt>
<BasicStmnt CovItemId="S129" CovItemPrefix="test.BillTest.java" Intrnl_Id="163">
<LocList>
<Loc EndOffset="7218" SrcFileId="1" StartOffset="7201"/>
</LocList>
</BasicStmnt>
<BasicStmnt CovItemId="S130" CovItemPrefix="test.BillTest.java" Intrnl_Id="164">
<LocList>
<Loc EndOffset="7269" SrcFileId="1" StartOffset="7221"/>
</LocList>
</BasicStmnt>
</StmntSeq>
</HierarchyLvl>
<HierarchyLvl HierarchyLvlId="1048" HierarchyLvlTypeId="4" Intrnl_Id="165" Name="testcase12">
<Header>
<Loc EndOffset="7307" SrcFileId="1" StartOffset="7276"/>
</Header>
<LocList>
<Loc EndOffset="7597" SrcFileId="1" StartOffset="7276"/>
</LocList>
<StmntSeq Intrnl_Id="166">
<LocList>
<Loc EndOffset="7375" SrcFileId="1" StartOffset="7333"/>
<Loc EndOffset="7430" SrcFileId="1" StartOffset="7378"/>
<Loc EndOffset="7459" SrcFileId="1" StartOffset="7433"/>
<Loc EndOffset="7522" SrcFileId="1" StartOffset="7462"/>
<Loc EndOffset="7543" SrcFileId="1" StartOffset="7525"/>
<Loc EndOffset="7594" SrcFileId="1" StartOffset="7546"/>
</LocList>
<BasicStmnt CovItemId="S131" CovItemPrefix="test.BillTest.java" Intrnl_Id="167">
<LocList>
<Loc EndOffset="7375" SrcFileId="1" StartOffset="7333"/>
</LocList>
</BasicStmnt>
<BasicStmnt CovItemId="S132" CovItemPrefix="test.BillTest.java" Intrnl_Id="168">
<LocList>
<Loc EndOffset="7430" SrcFileId="1" StartOffset="7378"/>
</LocList>
</BasicStmnt>
<BasicStmnt CovItemId="S133" CovItemPrefix="test.BillTest.java" Intrnl_Id="169">
<LocList>
<Loc EndOffset="7459" SrcFileId="1" StartOffset="7433"/>
</LocList>
</BasicStmnt>
<BasicStmnt CovItemId="S134" CovItemPrefix="test.BillTest.java" Intrnl_Id="170">
<LocList>
<Loc EndOffset="7522" SrcFileId="1" StartOffset="7462"/>
</LocList>
</BasicStmnt>
<BasicStmnt CovItemId="S135" CovItemPrefix="test.BillTest.java" Intrnl_Id="171">
<LocList>
<Loc EndOffset="7543" SrcFileId="1" StartOffset="7525"/>
</LocList>
</BasicStmnt>
<BasicStmnt CovItemId="S136" CovItemPrefix="test.BillTest.java" Intrnl_Id="172">
<LocList>
<Loc EndOffset="7594" SrcFileId="1" StartOffset="7546"/>
</LocList>
</BasicStmnt>
</StmntSeq>
</HierarchyLvl>
<HierarchyLvl HierarchyLvlId="1049" HierarchyLvlTypeId="4" Intrnl_Id="173" Name="testcase13">
<Header>
<Loc EndOffset="7632" SrcFileId="1" StartOffset="7601"/>
</Header>
<LocList>
<Loc EndOffset="8007" SrcFileId="1" StartOffset="7601"/>
</LocList>
<StmntSeq Intrnl_Id="174">
<LocList>
<Loc EndOffset="7700" SrcFileId="1" StartOffset="7658"/>
<Loc EndOffset="7755" SrcFileId="1" StartOffset="7703"/>
<Loc EndOffset="7784" SrcFileId="1" StartOffset="7758"/>
<Loc EndOffset="7847" SrcFileId="1" StartOffset="7787"/>
<Loc EndOffset="7869" SrcFileId="1" StartOffset="7850"/>
<Loc EndOffset="7933" SrcFileId="1" StartOffset="7872"/>
<Loc EndOffset="7953" SrcFileId="1" StartOffset="7936"/>
<Loc EndOffset="8004" SrcFileId="1" StartOffset="7956"/>
</LocList>
<BasicStmnt CovItemId="S137" CovItemPrefix="test.BillTest.java" Intrnl_Id="175">
<LocList>
<Loc EndOffset="7700" SrcFileId="1" StartOffset="7658"/>
</LocList>
</BasicStmnt>
<BasicStmnt CovItemId="S138" CovItemPrefix="test.BillTest.java" Intrnl_Id="176">
<LocList>
<Loc EndOffset="7755" SrcFileId="1" StartOffset="7703"/>
</LocList>
</BasicStmnt>
<BasicStmnt CovItemId="S139" CovItemPrefix="test.BillTest.java" Intrnl_Id="177">
<LocList>
<Loc EndOffset="7784" SrcFileId="1" StartOffset="7758"/>
</LocList>
</BasicStmnt>
<BasicStmnt CovItemId="S140" CovItemPrefix="test.BillTest.java" Intrnl_Id="178">
<LocList>
<Loc EndOffset="7847" SrcFileId="1" StartOffset="7787"/>
</LocList>
</BasicStmnt>
<BasicStmnt CovItemId="S141" CovItemPrefix="test.BillTest.java" Intrnl_Id="179">
<LocList>
<Loc EndOffset="7869" SrcFileId="1" StartOffset="7850"/>
</LocList>
</BasicStmnt>
<BasicStmnt CovItemId="S142" CovItemPrefix="test.BillTest.java" Intrnl_Id="180">
<LocList>
<Loc EndOffset="7933" SrcFileId="1" StartOffset="7872"/>
</LocList>
</BasicStmnt>
<BasicStmnt CovItemId="S143" CovItemPrefix="test.BillTest.java" Intrnl_Id="181">
<LocList>
<Loc EndOffset="7953" SrcFileId="1" StartOffset="7936"/>
</LocList>
</BasicStmnt>
<BasicStmnt CovItemId="S144" CovItemPrefix="test.BillTest.java" Intrnl_Id="182">
<LocList>
<Loc EndOffset="8004" SrcFileId="1" StartOffset="7956"/>
</LocList>
</BasicStmnt>
</StmntSeq>
</HierarchyLvl>
<HierarchyLvl HierarchyLvlId="1050" HierarchyLvlTypeId="4" Intrnl_Id="183" Name="testcase14">
<Header>
<Loc EndOffset="8042" SrcFileId="1" StartOffset="8011"/>
</Header>
<LocList>
<Loc EndOffset="8418" SrcFileId="1" StartOffset="8011"/>
</LocList>
<StmntSeq Intrnl_Id="184">
<LocList>
<Loc EndOffset="8110" SrcFileId="1" StartOffset="8068"/>
<Loc EndOffset="8165" SrcFileId="1" StartOffset="8113"/>
<Loc EndOffset="8194" SrcFileId="1" StartOffset="8168"/>
<Loc EndOffset="8257" SrcFileId="1" StartOffset="8197"/>
<Loc EndOffset="8279" SrcFileId="1" StartOffset="8260"/>
<Loc EndOffset="8343" SrcFileId="1" StartOffset="8282"/>
<Loc EndOffset="8364" SrcFileId="1" StartOffset="8346"/>
<Loc EndOffset="8415" SrcFileId="1" StartOffset="8367"/>
</LocList>
<BasicStmnt CovItemId="S145" CovItemPrefix="test.BillTest.java" Intrnl_Id="185">
<LocList>
<Loc EndOffset="8110" SrcFileId="1" StartOffset="8068"/>
</LocList>
</BasicStmnt>
<BasicStmnt CovItemId="S146" CovItemPrefix="test.BillTest.java" Intrnl_Id="186">
<LocList>
<Loc EndOffset="8165" SrcFileId="1" StartOffset="8113"/>
</LocList>
</BasicStmnt>
<BasicStmnt CovItemId="S147" CovItemPrefix="test.BillTest.java" Intrnl_Id="187">
<LocList>
<Loc EndOffset="8194" SrcFileId="1" StartOffset="8168"/>
</LocList>
</BasicStmnt>
<BasicStmnt CovItemId="S148" CovItemPrefix="test.BillTest.java" Intrnl_Id="188">
<LocList>
<Loc EndOffset="8257" SrcFileId="1" StartOffset="8197"/>
</LocList>
</BasicStmnt>
<BasicStmnt CovItemId="S149" CovItemPrefix="test.BillTest.java" Intrnl_Id="189">
<LocList>
<Loc EndOffset="8279" SrcFileId="1" StartOffset="8260"/>
</LocList>
</BasicStmnt>
<BasicStmnt CovItemId="S150" CovItemPrefix="test.BillTest.java" Intrnl_Id="190">
<LocList>
<Loc EndOffset="8343" SrcFileId="1" StartOffset="8282"/>
</LocList>
</BasicStmnt>
<BasicStmnt CovItemId="S151" CovItemPrefix="test.BillTest.java" Intrnl_Id="191">
<LocList>
<Loc EndOffset="8364" SrcFileId="1" StartOffset="8346"/>
</LocList>
</BasicStmnt>
<BasicStmnt CovItemId="S152" CovItemPrefix="test.BillTest.java" Intrnl_Id="192">
<LocList>
<Loc EndOffset="8415" SrcFileId="1" StartOffset="8367"/>
</LocList>
</BasicStmnt>
</StmntSeq>
</HierarchyLvl>
<HierarchyLvl HierarchyLvlId="1051" HierarchyLvlTypeId="4" Intrnl_Id="193" Name="testcase15">
<Header>
<Loc EndOffset="8453" SrcFileId="1" StartOffset="8422"/>
</Header>
<LocList>
<Loc EndOffset="8923" SrcFileId="1" StartOffset="8422"/>
</LocList>
<StmntSeq Intrnl_Id="194">
<LocList>
<Loc EndOffset="8521" SrcFileId="1" StartOffset="8479"/>
<Loc EndOffset="8576" SrcFileId="1" StartOffset="8524"/>
<Loc EndOffset="8605" SrcFileId="1" StartOffset="8579"/>
<Loc EndOffset="8668" SrcFileId="1" StartOffset="8608"/>
<Loc EndOffset="8690" SrcFileId="1" StartOffset="8671"/>
<Loc EndOffset="8754" SrcFileId="1" StartOffset="8693"/>
<Loc EndOffset="8776" SrcFileId="1" StartOffset="8757"/>
<Loc EndOffset="8849" SrcFileId="1" StartOffset="8779"/>
<Loc EndOffset="8869" SrcFileId="1" StartOffset="8852"/>
<Loc EndOffset="8920" SrcFileId="1" StartOffset="8872"/>
</LocList>
<BasicStmnt CovItemId="S153" CovItemPrefix="test.BillTest.java" Intrnl_Id="195">
<LocList>
<Loc EndOffset="8521" SrcFileId="1" StartOffset="8479"/>
</LocList>
</BasicStmnt>
<BasicStmnt CovItemId="S154" CovItemPrefix="test.BillTest.java" Intrnl_Id="196">
<LocList>
<Loc EndOffset="8576" SrcFileId="1" StartOffset="8524"/>
</LocList>
</BasicStmnt>
<BasicStmnt CovItemId="S155" CovItemPrefix="test.BillTest.java" Intrnl_Id="197">
<LocList>
<Loc EndOffset="8605" SrcFileId="1" StartOffset="8579"/>
</LocList>
</BasicStmnt>
<BasicStmnt CovItemId="S156" CovItemPrefix="test.BillTest.java" Intrnl_Id="198">
<LocList>
<Loc EndOffset="8668" SrcFileId="1" StartOffset="8608"/>
</LocList>
</BasicStmnt>
<BasicStmnt CovItemId="S157" CovItemPrefix="test.BillTest.java" Intrnl_Id="199">
<LocList>
<Loc EndOffset="8690" SrcFileId="1" StartOffset="8671"/>
</LocList>
</BasicStmnt>
<BasicStmnt CovItemId="S158" CovItemPrefix="test.BillTest.java" Intrnl_Id="200">
<LocList>
<Loc EndOffset="8754" SrcFileId="1" StartOffset="8693"/>
</LocList>
</BasicStmnt>
<BasicStmnt CovItemId="S159" CovItemPrefix="test.BillTest.java" Intrnl_Id="201">
<LocList>
<Loc EndOffset="8776" SrcFileId="1" StartOffset="8757"/>
</LocList>
</BasicStmnt>
<BasicStmnt CovItemId="S160" CovItemPrefix="test.BillTest.java" Intrnl_Id="202">
<LocList>
<Loc EndOffset="8849" SrcFileId="1" StartOffset="8779"/>
</LocList>
</BasicStmnt>
<BasicStmnt CovItemId="S161" CovItemPrefix="test.BillTest.java" Intrnl_Id="203">
<LocList>
<Loc EndOffset="8869" SrcFileId="1" StartOffset="8852"/>
</LocList>
</BasicStmnt>
<BasicStmnt CovItemId="S162" CovItemPrefix="test.BillTest.java" Intrnl_Id="204">
<LocList>
<Loc EndOffset="8920" SrcFileId="1" StartOffset="8872"/>
</LocList>
</BasicStmnt>
</StmntSeq>
</HierarchyLvl>
<HierarchyLvl HierarchyLvlId="1052" HierarchyLvlTypeId="4" Intrnl_Id="205" Name="testcase16">
<Header>
<Loc EndOffset="8956" SrcFileId="1" StartOffset="8925"/>
</Header>
<LocList>
<Loc EndOffset="9427" SrcFileId="1" StartOffset="8925"/>
</LocList>
<StmntSeq Intrnl_Id="206">
<LocList>
<Loc EndOffset="9024" SrcFileId="1" StartOffset="8982"/>
<Loc EndOffset="9079" SrcFileId="1" StartOffset="9027"/>
<Loc EndOffset="9108" SrcFileId="1" StartOffset="9082"/>
<Loc EndOffset="9171" SrcFileId="1" StartOffset="9111"/>
<Loc EndOffset="9193" SrcFileId="1" StartOffset="9174"/>
<Loc EndOffset="9257" SrcFileId="1" StartOffset="9196"/>
<Loc EndOffset="9279" SrcFileId="1" StartOffset="9260"/>
<Loc EndOffset="9352" SrcFileId="1" StartOffset="9282"/>
<Loc EndOffset="9373" SrcFileId="1" StartOffset="9355"/>
<Loc EndOffset="9424" SrcFileId="1" StartOffset="9376"/>
</LocList>
<BasicStmnt CovItemId="S163" CovItemPrefix="test.BillTest.java" Intrnl_Id="207">
<LocList>
<Loc EndOffset="9024" SrcFileId="1" StartOffset="8982"/>
</LocList>
</BasicStmnt>
<BasicStmnt CovItemId="S164" CovItemPrefix="test.BillTest.java" Intrnl_Id="208">
<LocList>
<Loc EndOffset="9079" SrcFileId="1" StartOffset="9027"/>
</LocList>
</BasicStmnt>
<BasicStmnt CovItemId="S165" CovItemPrefix="test.BillTest.java" Intrnl_Id="209">
<LocList>
<Loc EndOffset="9108" SrcFileId="1" StartOffset="9082"/>
</LocList>
</BasicStmnt>
<BasicStmnt CovItemId="S166" CovItemPrefix="test.BillTest.java" Intrnl_Id="210">
<LocList>
<Loc EndOffset="9171" SrcFileId="1" StartOffset="9111"/>
</LocList>
</BasicStmnt>
<BasicStmnt CovItemId="S167" CovItemPrefix="test.BillTest.java" Intrnl_Id="211">
<LocList>
<Loc EndOffset="9193" SrcFileId="1" StartOffset="9174"/>
</LocList>
</BasicStmnt>
<BasicStmnt CovItemId="S168" CovItemPrefix="test.BillTest.java" Intrnl_Id="212">
<LocList>
<Loc EndOffset="9257" SrcFileId="1" StartOffset="9196"/>
</LocList>
</BasicStmnt>
<BasicStmnt CovItemId="S169" CovItemPrefix="test.BillTest.java" Intrnl_Id="213">
<LocList>
<Loc EndOffset="9279" SrcFileId="1" StartOffset="9260"/>
</LocList>
</BasicStmnt>
<BasicStmnt CovItemId="S170" CovItemPrefix="test.BillTest.java" Intrnl_Id="214">
<LocList>
<Loc EndOffset="9352" SrcFileId="1" StartOffset="9282"/>
</LocList>
</BasicStmnt>
<BasicStmnt CovItemId="S171" CovItemPrefix="test.BillTest.java" Intrnl_Id="215">
<LocList>
<Loc EndOffset="9373" SrcFileId="1" StartOffset="9355"/>
</LocList>
</BasicStmnt>
<BasicStmnt CovItemId="S172" CovItemPrefix="test.BillTest.java" Intrnl_Id="216">
<LocList>
<Loc EndOffset="9424" SrcFileId="1" StartOffset="9376"/>
</LocList>
</BasicStmnt>
</StmntSeq>
</HierarchyLvl>
<HierarchyLvl HierarchyLvlId="1053" HierarchyLvlTypeId="4" Intrnl_Id="217" Name="testcase17">
<Header>
<Loc EndOffset="9460" SrcFileId="1" StartOffset="9429"/>
</Header>
<LocList>
<Loc EndOffset="10016" SrcFileId="1" StartOffset="9429"/>
</LocList>
<StmntSeq Intrnl_Id="218">
<LocList>
<Loc EndOffset="9528" SrcFileId="1" StartOffset="9486"/>
<Loc EndOffset="9583" SrcFileId="1" StartOffset="9531"/>
<Loc EndOffset="9612" SrcFileId="1" StartOffset="9586"/>
<Loc EndOffset="9675" SrcFileId="1" StartOffset="9615"/>
<Loc EndOffset="9697" SrcFileId="1" StartOffset="9678"/>
<Loc EndOffset="9761" SrcFileId="1" StartOffset="9700"/>
<Loc EndOffset="9783" SrcFileId="1" StartOffset="9764"/>
<Loc EndOffset="9856" SrcFileId="1" StartOffset="9786"/>
<Loc EndOffset="9878" SrcFileId="1" StartOffset="9859"/>
<Loc EndOffset="9941" SrcFileId="1" StartOffset="9881"/>
<Loc EndOffset="9961" SrcFileId="1" StartOffset="9944"/>
<Loc EndOffset="10012" SrcFileId="1" StartOffset="9964"/>
</LocList>
<BasicStmnt CovItemId="S173" CovItemPrefix="test.BillTest.java" Intrnl_Id="219">
<LocList>
<Loc EndOffset="9528" SrcFileId="1" StartOffset="9486"/>
</LocList>
</BasicStmnt>
<BasicStmnt CovItemId="S174" CovItemPrefix="test.BillTest.java" Intrnl_Id="220">
<LocList>
<Loc EndOffset="9583" SrcFileId="1" StartOffset="9531"/>
</LocList>
</BasicStmnt>
<BasicStmnt CovItemId="S175" CovItemPrefix="test.BillTest.java" Intrnl_Id="221">
<LocList>
<Loc EndOffset="9612" SrcFileId="1" StartOffset="9586"/>
</LocList>
</BasicStmnt>
<BasicStmnt CovItemId="S176" CovItemPrefix="test.BillTest.java" Intrnl_Id="222">
<LocList>
<Loc EndOffset="9675" SrcFileId="1" StartOffset="9615"/>
</LocList>
</BasicStmnt>
<BasicStmnt CovItemId="S177" CovItemPrefix="test.BillTest.java" Intrnl_Id="223">
<LocList>
<Loc EndOffset="9697" SrcFileId="1" StartOffset="9678"/>
</LocList>
</BasicStmnt>
<BasicStmnt CovItemId="S178" CovItemPrefix="test.BillTest.java" Intrnl_Id="224">
<LocList>
<Loc EndOffset="9761" SrcFileId="1" StartOffset="9700"/>
</LocList>
</BasicStmnt>
<BasicStmnt CovItemId="S179" CovItemPrefix="test.BillTest.java" Intrnl_Id="225">
<LocList>
<Loc EndOffset="9783" SrcFileId="1" StartOffset="9764"/>
</LocList>
</BasicStmnt>
<BasicStmnt CovItemId="S180" CovItemPrefix="test.BillTest.java" Intrnl_Id="226">
<LocList>
<Loc EndOffset="9856" SrcFileId="1" StartOffset="9786"/>
</LocList>
</BasicStmnt>
<BasicStmnt CovItemId="S181" CovItemPrefix="test.BillTest.java" Intrnl_Id="227">
<LocList>
<Loc EndOffset="9878" SrcFileId="1" StartOffset="9859"/>
</LocList>
</BasicStmnt>
<BasicStmnt CovItemId="S182" CovItemPrefix="test.BillTest.java" Intrnl_Id="228">
<LocList>
<Loc EndOffset="9941" SrcFileId="1" StartOffset="9881"/>
</LocList>
</BasicStmnt>
<BasicStmnt CovItemId="S183" CovItemPrefix="test.BillTest.java" Intrnl_Id="229">
<LocList>
<Loc EndOffset="9961" SrcFileId="1" StartOffset="9944"/>
</LocList>
</BasicStmnt>
<BasicStmnt CovItemId="S184" CovItemPrefix="test.BillTest.java" Intrnl_Id="230">
<LocList>
<Loc EndOffset="10012" SrcFileId="1" StartOffset="9964"/>
</LocList>
</BasicStmnt>
</StmntSeq>
</HierarchyLvl>
<HierarchyLvl HierarchyLvlId="1054" HierarchyLvlTypeId="4" Intrnl_Id="231" Name="testcase18">
<Header>
<Loc EndOffset="10051" SrcFileId="1" StartOffset="10020"/>
</Header>
<LocList>
<Loc EndOffset="10608" SrcFileId="1" StartOffset="10020"/>
</LocList>
<StmntSeq Intrnl_Id="232">
<LocList>
<Loc EndOffset="10119" SrcFileId="1" StartOffset="10077"/>
<Loc EndOffset="10174" SrcFileId="1" StartOffset="10122"/>
<Loc EndOffset="10203" SrcFileId="1" StartOffset="10177"/>
<Loc EndOffset="10266" SrcFileId="1" StartOffset="10206"/>
<Loc EndOffset="10288" SrcFileId="1" StartOffset="10269"/>
<Loc EndOffset="10352" SrcFileId="1" StartOffset="10291"/>
<Loc EndOffset="10374" SrcFileId="1" StartOffset="10355"/>
<Loc EndOffset="10447" SrcFileId="1" StartOffset="10377"/>
<Loc EndOffset="10469" SrcFileId="1" StartOffset="10450"/>
<Loc EndOffset="10532" SrcFileId="1" StartOffset="10472"/>
<Loc EndOffset="10553" SrcFileId="1" StartOffset="10535"/>
<Loc EndOffset="10604" SrcFileId="1" StartOffset="10556"/>
</LocList>
<BasicStmnt CovItemId="S185" CovItemPrefix="test.BillTest.java" Intrnl_Id="233">
<LocList>
<Loc EndOffset="10119" SrcFileId="1" StartOffset="10077"/>
</LocList>
</BasicStmnt>
<BasicStmnt CovItemId="S186" CovItemPrefix="test.BillTest.java" Intrnl_Id="234">
<LocList>
<Loc EndOffset="10174" SrcFileId="1" StartOffset="10122"/>
</LocList>
</BasicStmnt>
<BasicStmnt CovItemId="S187" CovItemPrefix="test.BillTest.java" Intrnl_Id="235">
<LocList>
<Loc EndOffset="10203" SrcFileId="1" StartOffset="10177"/>
</LocList>
</BasicStmnt>
<BasicStmnt CovItemId="S188" CovItemPrefix="test.BillTest.java" Intrnl_Id="236">
<LocList>
<Loc EndOffset="10266" SrcFileId="1" StartOffset="10206"/>
</LocList>
</BasicStmnt>
<BasicStmnt CovItemId="S189" CovItemPrefix="test.BillTest.java" Intrnl_Id="237">
<LocList>
<Loc EndOffset="10288" SrcFileId="1" StartOffset="10269"/>
</LocList>
</BasicStmnt>
<BasicStmnt CovItemId="S190" CovItemPrefix="test.BillTest.java" Intrnl_Id="238">
<LocList>
<Loc EndOffset="10352" SrcFileId="1" StartOffset="10291"/>
</LocList>
</BasicStmnt>
<BasicStmnt CovItemId="S191" CovItemPrefix="test.BillTest.java" Intrnl_Id="239">
<LocList>
<Loc EndOffset="10374" SrcFileId="1" StartOffset="10355"/>
</LocList>
</BasicStmnt>
<BasicStmnt CovItemId="S192" CovItemPrefix="test.BillTest.java" Intrnl_Id="240">
<LocList>
<Loc EndOffset="10447" SrcFileId="1" StartOffset="10377"/>
</LocList>
</BasicStmnt>
<BasicStmnt CovItemId="S193" CovItemPrefix="test.BillTest.java" Intrnl_Id="241">
<LocList>
<Loc EndOffset="10469" SrcFileId="1" StartOffset="10450"/>
</LocList>
</BasicStmnt>
<BasicStmnt CovItemId="S194" CovItemPrefix="test.BillTest.java" Intrnl_Id="242">
<LocList>
<Loc EndOffset="10532" SrcFileId="1" StartOffset="10472"/>
</LocList>
</BasicStmnt>
<BasicStmnt CovItemId="S195" CovItemPrefix="test.BillTest.java" Intrnl_Id="243">
<LocList>
<Loc EndOffset="10553" SrcFileId="1" StartOffset="10535"/>
</LocList>
</BasicStmnt>
<BasicStmnt CovItemId="S196" CovItemPrefix="test.BillTest.java" Intrnl_Id="244">
<LocList>
<Loc EndOffset="10604" SrcFileId="1" StartOffset="10556"/>
</LocList>
</BasicStmnt>
</StmntSeq>
</HierarchyLvl>
<HierarchyLvl HierarchyLvlId="1055" HierarchyLvlTypeId="4" Intrnl_Id="245" Name="testcase19">
<Header>
<Loc EndOffset="10641" SrcFileId="1" StartOffset="10610"/>
</Header>
<LocList>
<Loc EndOffset="11261" SrcFileId="1" StartOffset="10610"/>
</LocList>
<StmntSeq Intrnl_Id="246">
<LocList>
<Loc EndOffset="10709" SrcFileId="1" StartOffset="10667"/>
<Loc EndOffset="10742" SrcFileId="1" StartOffset="10712"/>
<Loc EndOffset="10797" SrcFileId="1" StartOffset="10745"/>
<Loc EndOffset="10826" SrcFileId="1" StartOffset="10800"/>
<Loc EndOffset="10889" SrcFileId="1" StartOffset="10829"/>
<Loc EndOffset="10911" SrcFileId="1" StartOffset="10892"/>
<Loc EndOffset="10975" SrcFileId="1" StartOffset="10914"/>
<Loc EndOffset="10997" SrcFileId="1" StartOffset="10978"/>
<Loc EndOffset="11070" SrcFileId="1" StartOffset="11000"/>
<Loc EndOffset="11092" SrcFileId="1" StartOffset="11073"/>
<Loc EndOffset="11155" SrcFileId="1" StartOffset="11095"/>
<Loc EndOffset="11177" SrcFileId="1" StartOffset="11158"/>
<Loc EndOffset="11257" SrcFileId="1" StartOffset="11190"/>
</LocList>
<BasicStmnt CovItemId="S197" CovItemPrefix="test.BillTest.java" Intrnl_Id="247">
<LocList>
<Loc EndOffset="10709" SrcFileId="1" StartOffset="10667"/>
</LocList>
</BasicStmnt>
<BasicStmnt CovItemId="S198" CovItemPrefix="test.BillTest.java" Intrnl_Id="248">
<LocList>
<Loc EndOffset="10742" SrcFileId="1" StartOffset="10712"/>
</LocList>
</BasicStmnt>
<BasicStmnt CovItemId="S199" CovItemPrefix="test.BillTest.java" Intrnl_Id="249">
<LocList>
<Loc EndOffset="10797" SrcFileId="1" StartOffset="10745"/>
</LocList>
</BasicStmnt>
<BasicStmnt CovItemId="S200" CovItemPrefix="test.BillTest.java" Intrnl_Id="250">
<LocList>
<Loc EndOffset="10826" SrcFileId="1" StartOffset="10800"/>
</LocList>
</BasicStmnt>
<BasicStmnt CovItemId="S201" CovItemPrefix="test.BillTest.java" Intrnl_Id="251">
<LocList>
<Loc EndOffset="10889" SrcFileId="1" StartOffset="10829"/>
</LocList>
</BasicStmnt>
<BasicStmnt CovItemId="S202" CovItemPrefix="test.BillTest.java" Intrnl_Id="252">
<LocList>
<Loc EndOffset="10911" SrcFileId="1" StartOffset="10892"/>
</LocList>
</BasicStmnt>
<BasicStmnt CovItemId="S203" CovItemPrefix="test.BillTest.java" Intrnl_Id="253">
<LocList>
<Loc EndOffset="10975" SrcFileId="1" StartOffset="10914"/>
</LocList>
</BasicStmnt>
<BasicStmnt CovItemId="S204" CovItemPrefix="test.BillTest.java" Intrnl_Id="254">
<LocList>
<Loc EndOffset="10997" SrcFileId="1" StartOffset="10978"/>
</LocList>
</BasicStmnt>
<BasicStmnt CovItemId="S205" CovItemPrefix="test.BillTest.java" Intrnl_Id="255">
<LocList>
<Loc EndOffset="11070" SrcFileId="1" StartOffset="11000"/>
</LocList>
</BasicStmnt>
<BasicStmnt CovItemId="S206" CovItemPrefix="test.BillTest.java" Intrnl_Id="256">
<LocList>
<Loc EndOffset="11092" SrcFileId="1" StartOffset="11073"/>
</LocList>
</BasicStmnt>
<BasicStmnt CovItemId="S207" CovItemPrefix="test.BillTest.java" Intrnl_Id="257">
<LocList>
<Loc EndOffset="11155" SrcFileId="1" StartOffset="11095"/>
</LocList>
</BasicStmnt>
<BasicStmnt CovItemId="S208" CovItemPrefix="test.BillTest.java" Intrnl_Id="258">
<LocList>
<Loc EndOffset="11177" SrcFileId="1" StartOffset="11158"/>
</LocList>
</BasicStmnt>
<BasicStmnt CovItemId="S209" CovItemPrefix="test.BillTest.java" Intrnl_Id="259">
<LocList>
<Loc EndOffset="11257" SrcFileId="1" StartOffset="11190"/>
</LocList>
</BasicStmnt>
</StmntSeq>
</HierarchyLvl>
<HierarchyLvl HierarchyLvlId="1056" HierarchyLvlTypeId="4" Intrnl_Id="260" Name="testcase20">
<Header>
<Loc EndOffset="11294" SrcFileId="1" StartOffset="11263"/>
</Header>
<LocList>
<Loc EndOffset="11872" SrcFileId="1" StartOffset="11263"/>
</LocList>
<StmntSeq Intrnl_Id="261">
<LocList>
<Loc EndOffset="11362" SrcFileId="1" StartOffset="11320"/>
<Loc EndOffset="11417" SrcFileId="1" StartOffset="11365"/>
<Loc EndOffset="11446" SrcFileId="1" StartOffset="11420"/>
<Loc EndOffset="11509" SrcFileId="1" StartOffset="11449"/>
<Loc EndOffset="11531" SrcFileId="1" StartOffset="11512"/>
<Loc EndOffset="11595" SrcFileId="1" StartOffset="11534"/>
<Loc EndOffset="11617" SrcFileId="1" StartOffset="11598"/>
<Loc EndOffset="11690" SrcFileId="1" StartOffset="11620"/>
<Loc EndOffset="11712" SrcFileId="1" StartOffset="11693"/>
<Loc EndOffset="11775" SrcFileId="1" StartOffset="11715"/>
<Loc EndOffset="11797" SrcFileId="1" StartOffset="11778"/>
<Loc EndOffset="11868" SrcFileId="1" StartOffset="11810"/>
</LocList>
<BasicStmnt CovItemId="S210" CovItemPrefix="test.BillTest.java" Intrnl_Id="262">
<LocList>
<Loc EndOffset="11362" SrcFileId="1" StartOffset="11320"/>
</LocList>
</BasicStmnt>
<BasicStmnt CovItemId="S211" CovItemPrefix="test.BillTest.java" Intrnl_Id="263">
<LocList>
<Loc EndOffset="11417" SrcFileId="1" StartOffset="11365"/>
</LocList>
</BasicStmnt>
<BasicStmnt CovItemId="S212" CovItemPrefix="test.BillTest.java" Intrnl_Id="264">
<LocList>
<Loc EndOffset="11446" SrcFileId="1" StartOffset="11420"/>
</LocList>
</BasicStmnt>
<BasicStmnt CovItemId="S213" CovItemPrefix="test.BillTest.java" Intrnl_Id="265">
<LocList>
<Loc EndOffset="11509" SrcFileId="1" StartOffset="11449"/>
</LocList>
</BasicStmnt>
<BasicStmnt CovItemId="S214" CovItemPrefix="test.BillTest.java" Intrnl_Id="266">
<LocList>
<Loc EndOffset="11531" SrcFileId="1" StartOffset="11512"/>
</LocList>
</BasicStmnt>
<BasicStmnt CovItemId="S215" CovItemPrefix="test.BillTest.java" Intrnl_Id="267">
<LocList>
<Loc EndOffset="11595" SrcFileId="1" StartOffset="11534"/>
</LocList>
</BasicStmnt>
<BasicStmnt CovItemId="S216" CovItemPrefix="test.BillTest.java" Intrnl_Id="268">
<LocList>
<Loc EndOffset="11617" SrcFileId="1" StartOffset="11598"/>
</LocList>
</BasicStmnt>
<BasicStmnt CovItemId="S217" CovItemPrefix="test.BillTest.java" Intrnl_Id="269">
<LocList>
<Loc EndOffset="11690" SrcFileId="1" StartOffset="11620"/>
</LocList>
</BasicStmnt>
<BasicStmnt CovItemId="S218" CovItemPrefix="test.BillTest.java" Intrnl_Id="270">
<LocList>
<Loc EndOffset="11712" SrcFileId="1" StartOffset="11693"/>
</LocList>
</BasicStmnt>
<BasicStmnt CovItemId="S219" CovItemPrefix="test.BillTest.java" Intrnl_Id="271">
<LocList>
<Loc EndOffset="11775" SrcFileId="1" StartOffset="11715"/>
</LocList>
</BasicStmnt>
<BasicStmnt CovItemId="S220" CovItemPrefix="test.BillTest.java" Intrnl_Id="272">
<LocList>
<Loc EndOffset="11797" SrcFileId="1" StartOffset="11778"/>
</LocList>
</BasicStmnt>
<BasicStmnt CovItemId="S221" CovItemPrefix="test.BillTest.java" Intrnl_Id="273">
<LocList>
<Loc EndOffset="11868" SrcFileId="1" StartOffset="11810"/>
</LocList>
</BasicStmnt>
</StmntSeq>
</HierarchyLvl>
<HierarchyLvl HierarchyLvlId="1057" HierarchyLvlTypeId="4" Intrnl_Id="274" Name="testcase21">
<Header>
<Loc EndOffset="11905" SrcFileId="1" StartOffset="11874"/>
</Header>
<LocList>
<Loc EndOffset="12512" SrcFileId="1" StartOffset="11874"/>
</LocList>
<StmntSeq Intrnl_Id="275">
<LocList>
<Loc EndOffset="11967" SrcFileId="1" StartOffset="11925"/>
<Loc EndOffset="12022" SrcFileId="1" StartOffset="11970"/>
<Loc EndOffset="12050" SrcFileId="1" StartOffset="12025"/>
<Loc EndOffset="12120" SrcFileId="1" StartOffset="12053"/>
<Loc EndOffset="12148" SrcFileId="1" StartOffset="12123"/>
<Loc EndOffset="12218" SrcFileId="1" StartOffset="12151"/>
<Loc EndOffset="12250" SrcFileId="1" StartOffset="12224"/>
<Loc EndOffset="12320" SrcFileId="1" StartOffset="12253"/>
<Loc EndOffset="12346" SrcFileId="1" StartOffset="12326"/>
<Loc EndOffset="12416" SrcFileId="1" StartOffset="12349"/>
<Loc EndOffset="12435" SrcFileId="1" StartOffset="12420"/>
<Loc EndOffset="12505" SrcFileId="1" StartOffset="12438"/>
</LocList>
<BasicStmnt CovItemId="S222" CovItemPrefix="test.BillTest.java" Intrnl_Id="276">
<LocList>
<Loc EndOffset="11967" SrcFileId="1" StartOffset="11925"/>
</LocList>
</BasicStmnt>
<BasicStmnt CovItemId="S223" CovItemPrefix="test.BillTest.java" Intrnl_Id="277">
<LocList>
<Loc EndOffset="12022" SrcFileId="1" StartOffset="11970"/>
</LocList>
</BasicStmnt>
<BasicStmnt CovItemId="S224" CovItemPrefix="test.BillTest.java" Intrnl_Id="278">
<LocList>
<Loc EndOffset="12050" SrcFileId="1" StartOffset="12025"/>
</LocList>
</BasicStmnt>
<BasicStmnt CovItemId="S225" CovItemPrefix="test.BillTest.java" Intrnl_Id="279">
<LocList>
<Loc EndOffset="12120" SrcFileId="1" StartOffset="12053"/>
</LocList>
</BasicStmnt>
<BasicStmnt CovItemId="S226" CovItemPrefix="test.BillTest.java" Intrnl_Id="280">
<LocList>
<Loc EndOffset="12148" SrcFileId="1" StartOffset="12123"/>
</LocList>
</BasicStmnt>
<BasicStmnt CovItemId="S227" CovItemPrefix="test.BillTest.java" Intrnl_Id="281">
<LocList>
<Loc EndOffset="12218" SrcFileId="1" StartOffset="12151"/>
</LocList>
</BasicStmnt>
<BasicStmnt CovItemId="S228" CovItemPrefix="test.BillTest.java" Intrnl_Id="282">
<LocList>
<Loc EndOffset="12250" SrcFileId="1" StartOffset="12224"/>
</LocList>
</BasicStmnt>
<BasicStmnt CovItemId="S229" CovItemPrefix="test.BillTest.java" Intrnl_Id="283">
<LocList>
<Loc EndOffset="12320" SrcFileId="1" StartOffset="12253"/>
</LocList>
</BasicStmnt>
<BasicStmnt CovItemId="S230" CovItemPrefix="test.BillTest.java" Intrnl_Id="284">
<LocList>
<Loc EndOffset="12346" SrcFileId="1" StartOffset="12326"/>
</LocList>
</BasicStmnt>
<BasicStmnt CovItemId="S231" CovItemPrefix="test.BillTest.java" Intrnl_Id="285">
<LocList>
<Loc EndOffset="12416" SrcFileId="1" StartOffset="12349"/>
</LocList>
</BasicStmnt>
<BasicStmnt CovItemId="S232" CovItemPrefix="test.BillTest.java" Intrnl_Id="286">
<LocList>
<Loc EndOffset="12435" SrcFileId="1" StartOffset="12420"/>
</LocList>
</BasicStmnt>
<BasicStmnt CovItemId="S233" CovItemPrefix="test.BillTest.java" Intrnl_Id="287">
<LocList>
<Loc EndOffset="12505" SrcFileId="1" StartOffset="12438"/>
</LocList>
</BasicStmnt>
</StmntSeq>
</HierarchyLvl>
<HierarchyLvl HierarchyLvlId="1058" HierarchyLvlTypeId="4" Intrnl_Id="288" Name="testcase22">
<Header>
<Loc EndOffset="12547" SrcFileId="1" StartOffset="12516"/>
</Header>
<LocList>
<Loc EndOffset="13248" SrcFileId="1" StartOffset="12516"/>
</LocList>
<StmntSeq Intrnl_Id="289">
<LocList>
<Loc EndOffset="12609" SrcFileId="1" StartOffset="12567"/>
<Loc EndOffset="12664" SrcFileId="1" StartOffset="12612"/>
<Loc EndOffset="12692" SrcFileId="1" StartOffset="12667"/>
<Loc EndOffset="12762" SrcFileId="1" StartOffset="12695"/>
<Loc EndOffset="12784" SrcFileId="1" StartOffset="12765"/>
<Loc EndOffset="12855" SrcFileId="1" StartOffset="12787"/>
<Loc EndOffset="12883" SrcFileId="1" StartOffset="12858"/>
<Loc EndOffset="12954" SrcFileId="1" StartOffset="12886"/>
<Loc EndOffset="12986" SrcFileId="1" StartOffset="12960"/>
<Loc EndOffset="13057" SrcFileId="1" StartOffset="12989"/>
<Loc EndOffset="13083" SrcFileId="1" StartOffset="13063"/>
<Loc EndOffset="13154" SrcFileId="1" StartOffset="13086"/>
<Loc EndOffset="13173" SrcFileId="1" StartOffset="13158"/>
<Loc EndOffset="13244" SrcFileId="1" StartOffset="13176"/>
</LocList>
<BasicStmnt CovItemId="S234" CovItemPrefix="test.BillTest.java" Intrnl_Id="290">
<LocList>
<Loc EndOffset="12609" SrcFileId="1" StartOffset="12567"/>
</LocList>
</BasicStmnt>
<BasicStmnt CovItemId="S235" CovItemPrefix="test.BillTest.java" Intrnl_Id="291">
<LocList>
<Loc EndOffset="12664" SrcFileId="1" StartOffset="12612"/>
</LocList>
</BasicStmnt>
<BasicStmnt CovItemId="S236" CovItemPrefix="test.BillTest.java" Intrnl_Id="292">
<LocList>
<Loc EndOffset="12692" SrcFileId="1" StartOffset="12667"/>
</LocList>
</BasicStmnt>
<BasicStmnt CovItemId="S237" CovItemPrefix="test.BillTest.java" Intrnl_Id="293">
<LocList>
<Loc EndOffset="12762" SrcFileId="1" StartOffset="12695"/>
</LocList>
</BasicStmnt>
<BasicStmnt CovItemId="S238" CovItemPrefix="test.BillTest.java" Intrnl_Id="294">
<LocList>
<Loc EndOffset="12784" SrcFileId="1" StartOffset="12765"/>
</LocList>
</BasicStmnt>
<BasicStmnt CovItemId="S239" CovItemPrefix="test.BillTest.java" Intrnl_Id="295">
<LocList>
<Loc EndOffset="12855" SrcFileId="1" StartOffset="12787"/>
</LocList>
</BasicStmnt>
<BasicStmnt CovItemId="S240" CovItemPrefix="test.BillTest.java" Intrnl_Id="296">
<LocList>
<Loc EndOffset="12883" SrcFileId="1" StartOffset="12858"/>
</LocList>
</BasicStmnt>
<BasicStmnt CovItemId="S241" CovItemPrefix="test.BillTest.java" Intrnl_Id="297">
<LocList>
<Loc EndOffset="12954" SrcFileId="1" StartOffset="12886"/>
</LocList>
</BasicStmnt>
<BasicStmnt CovItemId="S242" CovItemPrefix="test.BillTest.java" Intrnl_Id="298">
<LocList>
<Loc EndOffset="12986" SrcFileId="1" StartOffset="12960"/>
</LocList>
</BasicStmnt>
<BasicStmnt CovItemId="S243" CovItemPrefix="test.BillTest.java" Intrnl_Id="299">
<LocList>
<Loc EndOffset="13057" SrcFileId="1" StartOffset="12989"/>
</LocList>
</BasicStmnt>
<BasicStmnt CovItemId="S244" CovItemPrefix="test.BillTest.java" Intrnl_Id="300">
<LocList>
<Loc EndOffset="13083" SrcFileId="1" StartOffset="13063"/>
</LocList>
</BasicStmnt>
<BasicStmnt CovItemId="S245" CovItemPrefix="test.BillTest.java" Intrnl_Id="301">
<LocList>
<Loc EndOffset="13154" SrcFileId="1" StartOffset="13086"/>
</LocList>
</BasicStmnt>
<BasicStmnt CovItemId="S246" CovItemPrefix="test.BillTest.java" Intrnl_Id="302">
<LocList>
<Loc EndOffset="13173" SrcFileId="1" StartOffset="13158"/>
</LocList>
</BasicStmnt>
<BasicStmnt CovItemId="S247" CovItemPrefix="test.BillTest.java" Intrnl_Id="303">
<LocList>
<Loc EndOffset="13244" SrcFileId="1" StartOffset="13176"/>
</LocList>
</BasicStmnt>
</StmntSeq>
</HierarchyLvl>
<HierarchyLvl HierarchyLvlId="1059" HierarchyLvlTypeId="4" Intrnl_Id="304" Name="testcase23">
<Header>
<Loc EndOffset="13281" SrcFileId="1" StartOffset="13250"/>
</Header>
<LocList>
<Loc EndOffset="14012" SrcFileId="1" StartOffset="13250"/>
</LocList>
<StmntSeq Intrnl_Id="305">
<LocList>
<Loc EndOffset="13343" SrcFileId="1" StartOffset="13301"/>
<Loc EndOffset="13398" SrcFileId="1" StartOffset="13346"/>
<Loc EndOffset="13426" SrcFileId="1" StartOffset="13401"/>
<Loc EndOffset="13496" SrcFileId="1" StartOffset="13429"/>
<Loc EndOffset="13518" SrcFileId="1" StartOffset="13499"/>
<Loc EndOffset="13589" SrcFileId="1" StartOffset="13521"/>
<Loc EndOffset="13611" SrcFileId="1" StartOffset="13592"/>
<Loc EndOffset="13691" SrcFileId="1" StartOffset="13614"/>
<Loc EndOffset="13723" SrcFileId="1" StartOffset="13697"/>
<Loc EndOffset="13803" SrcFileId="1" StartOffset="13726"/>
<Loc EndOffset="13829" SrcFileId="1" StartOffset="13809"/>
<Loc EndOffset="13909" SrcFileId="1" StartOffset="13832"/>
<Loc EndOffset="13928" SrcFileId="1" StartOffset="13913"/>
<Loc EndOffset="14008" SrcFileId="1" StartOffset="13931"/>
</LocList>
<BasicStmnt CovItemId="S248" CovItemPrefix="test.BillTest.java" Intrnl_Id="306">
<LocList>
<Loc EndOffset="13343" SrcFileId="1" StartOffset="13301"/>
</LocList>
</BasicStmnt>
<BasicStmnt CovItemId="S249" CovItemPrefix="test.BillTest.java" Intrnl_Id="307">
<LocList>
<Loc EndOffset="13398" SrcFileId="1" StartOffset="13346"/>
</LocList>
</BasicStmnt>
<BasicStmnt CovItemId="S250" CovItemPrefix="test.BillTest.java" Intrnl_Id="308">
<LocList>
<Loc EndOffset="13426" SrcFileId="1" StartOffset="13401"/>
</LocList>
</BasicStmnt>
<BasicStmnt CovItemId="S251" CovItemPrefix="test.BillTest.java" Intrnl_Id="309">
<LocList>
<Loc EndOffset="13496" SrcFileId="1" StartOffset="13429"/>
</LocList>
</BasicStmnt>
<BasicStmnt CovItemId="S252" CovItemPrefix="test.BillTest.java" Intrnl_Id="310">
<LocList>
<Loc EndOffset="13518" SrcFileId="1" StartOffset="13499"/>
</LocList>
</BasicStmnt>
<BasicStmnt CovItemId="S253" CovItemPrefix="test.BillTest.java" Intrnl_Id="311">
<LocList>
<Loc EndOffset="13589" SrcFileId="1" StartOffset="13521"/>
</LocList>
</BasicStmnt>
<BasicStmnt CovItemId="S254" CovItemPrefix="test.BillTest.java" Intrnl_Id="312">
<LocList>
<Loc EndOffset="13611" SrcFileId="1" StartOffset="13592"/>
</LocList>
</BasicStmnt>
<BasicStmnt CovItemId="S255" CovItemPrefix="test.BillTest.java" Intrnl_Id="313">
<LocList>
<Loc EndOffset="13691" SrcFileId="1" StartOffset="13614"/>
</LocList>
</BasicStmnt>
<BasicStmnt CovItemId="S256" CovItemPrefix="test.BillTest.java" Intrnl_Id="314">
<LocList>
<Loc EndOffset="13723" SrcFileId="1" StartOffset="13697"/>
</LocList>
</BasicStmnt>
<BasicStmnt CovItemId="S257" CovItemPrefix="test.BillTest.java" Intrnl_Id="315">
<LocList>
<Loc EndOffset="13803" SrcFileId="1" StartOffset="13726"/>
</LocList>
</BasicStmnt>
<BasicStmnt CovItemId="S258" CovItemPrefix="test.BillTest.java" Intrnl_Id="316">
<LocList>
<Loc EndOffset="13829" SrcFileId="1" StartOffset="13809"/>
</LocList>
</BasicStmnt>
<BasicStmnt CovItemId="S259" CovItemPrefix="test.BillTest.java" Intrnl_Id="317">
<LocList>
<Loc EndOffset="13909" SrcFileId="1" StartOffset="13832"/>
</LocList>
</BasicStmnt>
<BasicStmnt CovItemId="S260" CovItemPrefix="test.BillTest.java" Intrnl_Id="318">
<LocList>
<Loc EndOffset="13928" SrcFileId="1" StartOffset="13913"/>
</LocList>
</BasicStmnt>
<BasicStmnt CovItemId="S261" CovItemPrefix="test.BillTest.java" Intrnl_Id="319">
<LocList>
<Loc EndOffset="14008" SrcFileId="1" StartOffset="13931"/>
</LocList>
</BasicStmnt>
</StmntSeq>
</HierarchyLvl>
<HierarchyLvl HierarchyLvlId="1060" HierarchyLvlTypeId="4" Intrnl_Id="320" Name="testcase24">
<Header>
<Loc EndOffset="14047" SrcFileId="1" StartOffset="14016"/>
</Header>
<LocList>
<Loc EndOffset="14838" SrcFileId="1" StartOffset="14016"/>
</LocList>
<StmntSeq Intrnl_Id="321">
<LocList>
<Loc EndOffset="14109" SrcFileId="1" StartOffset="14067"/>
<Loc EndOffset="14164" SrcFileId="1" StartOffset="14112"/>
<Loc EndOffset="14192" SrcFileId="1" StartOffset="14167"/>
<Loc EndOffset="14262" SrcFileId="1" StartOffset="14195"/>
<Loc EndOffset="14284" SrcFileId="1" StartOffset="14265"/>
<Loc EndOffset="14355" SrcFileId="1" StartOffset="14287"/>
<Loc EndOffset="14377" SrcFileId="1" StartOffset="14358"/>
<Loc EndOffset="14457" SrcFileId="1" StartOffset="14380"/>
<Loc EndOffset="14479" SrcFileId="1" StartOffset="14460"/>
<Loc EndOffset="14549" SrcFileId="1" StartOffset="14482"/>
<Loc EndOffset="14579" SrcFileId="1" StartOffset="14553"/>
<Loc EndOffset="14649" SrcFileId="1" StartOffset="14582"/>
<Loc EndOffset="14675" SrcFileId="1" StartOffset="14655"/>
<Loc EndOffset="14745" SrcFileId="1" StartOffset="14678"/>
<Loc EndOffset="14764" SrcFileId="1" StartOffset="14749"/>
<Loc EndOffset="14834" SrcFileId="1" StartOffset="14767"/>
</LocList>
<BasicStmnt CovItemId="S262" CovItemPrefix="test.BillTest.java" Intrnl_Id="322">
<LocList>
<Loc EndOffset="14109" SrcFileId="1" StartOffset="14067"/>
</LocList>
</BasicStmnt>
<BasicStmnt CovItemId="S263" CovItemPrefix="test.BillTest.java" Intrnl_Id="323">
<LocList>
<Loc EndOffset="14164" SrcFileId="1" StartOffset="14112"/>
</LocList>
</BasicStmnt>
<BasicStmnt CovItemId="S264" CovItemPrefix="test.BillTest.java" Intrnl_Id="324">
<LocList>
<Loc EndOffset="14192" SrcFileId="1" StartOffset="14167"/>
</LocList>
</BasicStmnt>
<BasicStmnt CovItemId="S265" CovItemPrefix="test.BillTest.java" Intrnl_Id="325">
<LocList>
<Loc EndOffset="14262" SrcFileId="1" StartOffset="14195"/>
</LocList>
</BasicStmnt>
<BasicStmnt CovItemId="S266" CovItemPrefix="test.BillTest.java" Intrnl_Id="326">
<LocList>
<Loc EndOffset="14284" SrcFileId="1" StartOffset="14265"/>
</LocList>
</BasicStmnt>
<BasicStmnt CovItemId="S267" CovItemPrefix="test.BillTest.java" Intrnl_Id="327">
<LocList>
<Loc EndOffset="14355" SrcFileId="1" StartOffset="14287"/>
</LocList>
</BasicStmnt>
<BasicStmnt CovItemId="S268" CovItemPrefix="test.BillTest.java" Intrnl_Id="328">
<LocList>
<Loc EndOffset="14377" SrcFileId="1" StartOffset="14358"/>
</LocList>
</BasicStmnt>
<BasicStmnt CovItemId="S269" CovItemPrefix="test.BillTest.java" Intrnl_Id="329">
<LocList>
<Loc EndOffset="14457" SrcFileId="1" StartOffset="14380"/>
</LocList>
</BasicStmnt>
<BasicStmnt CovItemId="S270" CovItemPrefix="test.BillTest.java" Intrnl_Id="330">
<LocList>
<Loc EndOffset="14479" SrcFileId="1" StartOffset="14460"/>
</LocList>
</BasicStmnt>
<BasicStmnt CovItemId="S271" CovItemPrefix="test.BillTest.java" Intrnl_Id="331">
<LocList>
<Loc EndOffset="14549" SrcFileId="1" StartOffset="14482"/>
</LocList>
</BasicStmnt>
<BasicStmnt CovItemId="S272" CovItemPrefix="test.BillTest.java" Intrnl_Id="332">
<LocList>
<Loc EndOffset="14579" SrcFileId="1" StartOffset="14553"/>
</LocList>
</BasicStmnt>
<BasicStmnt CovItemId="S273" CovItemPrefix="test.BillTest.java" Intrnl_Id="333">
<LocList>
<Loc EndOffset="14649" SrcFileId="1" StartOffset="14582"/>
</LocList>
</BasicStmnt>
<BasicStmnt CovItemId="S274" CovItemPrefix="test.BillTest.java" Intrnl_Id="334">
<LocList>
<Loc EndOffset="14675" SrcFileId="1" StartOffset="14655"/>
</LocList>
</BasicStmnt>
<BasicStmnt CovItemId="S275" CovItemPrefix="test.BillTest.java" Intrnl_Id="335">
<LocList>
<Loc EndOffset="14745" SrcFileId="1" StartOffset="14678"/>
</LocList>
</BasicStmnt>
<BasicStmnt CovItemId="S276" CovItemPrefix="test.BillTest.java" Intrnl_Id="336">
<LocList>
<Loc EndOffset="14764" SrcFileId="1" StartOffset="14749"/>
</LocList>
</BasicStmnt>
<BasicStmnt CovItemId="S277" CovItemPrefix="test.BillTest.java" Intrnl_Id="337">
<LocList>
<Loc EndOffset="14834" SrcFileId="1" StartOffset="14767"/>
</LocList>
</BasicStmnt>
</StmntSeq>
</HierarchyLvl>
<HierarchyLvl HierarchyLvlId="1061" HierarchyLvlTypeId="4" Intrnl_Id="338" Name="testcase25">
<Header>
<Loc EndOffset="14873" SrcFileId="1" StartOffset="14842"/>
</Header>
<LocList>
<Loc EndOffset="16007" SrcFileId="1" StartOffset="14842"/>
</LocList>
<StmntSeq Intrnl_Id="339">
<LocList>
<Loc EndOffset="14935" SrcFileId="1" StartOffset="14893"/>
<Loc EndOffset="14968" SrcFileId="1" StartOffset="14938"/>
<Loc EndOffset="15023" SrcFileId="1" StartOffset="14971"/>
<Loc EndOffset="15051" SrcFileId="1" StartOffset="15026"/>
<Loc EndOffset="15121" SrcFileId="1" StartOffset="15054"/>
<Loc EndOffset="15143" SrcFileId="1" StartOffset="15124"/>
<Loc EndOffset="15214" SrcFileId="1" StartOffset="15146"/>
<Loc EndOffset="15236" SrcFileId="1" StartOffset="15217"/>
<Loc EndOffset="15316" SrcFileId="1" StartOffset="15239"/>
<Loc EndOffset="15338" SrcFileId="1" StartOffset="15319"/>
<Loc EndOffset="15408" SrcFileId="1" StartOffset="15341"/>
<Loc EndOffset="15430" SrcFileId="1" StartOffset="15411"/>
<Loc EndOffset="15491" SrcFileId="1" StartOffset="15433"/>
<Loc EndOffset="15514" SrcFileId="1" StartOffset="15495"/>
<Loc EndOffset="15575" SrcFileId="1" StartOffset="15517"/>
<Loc EndOffset="15599" SrcFileId="1" StartOffset="15581"/>
<Loc EndOffset="15660" SrcFileId="1" StartOffset="15602"/>
<Loc EndOffset="15681" SrcFileId="1" StartOffset="15664"/>
<Loc EndOffset="15742" SrcFileId="1" StartOffset="15684"/>
<Loc EndOffset="15771" SrcFileId="1" StartOffset="15746"/>
<Loc EndOffset="15832" SrcFileId="1" StartOffset="15774"/>
<Loc EndOffset="15862" SrcFileId="1" StartOffset="15836"/>
<Loc EndOffset="15923" SrcFileId="1" StartOffset="15865"/>
<Loc EndOffset="15942" SrcFileId="1" StartOffset="15927"/>
<Loc EndOffset="16003" SrcFileId="1" StartOffset="15945"/>
</LocList>
<BasicStmnt CovItemId="S278" CovItemPrefix="test.BillTest.java" Intrnl_Id="340">
<LocList>
<Loc EndOffset="14935" SrcFileId="1" StartOffset="14893"/>
</LocList>
</BasicStmnt>
<BasicStmnt CovItemId="S279" CovItemPrefix="test.BillTest.java" Intrnl_Id="341">
<LocList>
<Loc EndOffset="14968" SrcFileId="1" StartOffset="14938"/>
</LocList>
</BasicStmnt>
<BasicStmnt CovItemId="S280" CovItemPrefix="test.BillTest.java" Intrnl_Id="342">
<LocList>
<Loc EndOffset="15023" SrcFileId="1" StartOffset="14971"/>
</LocList>
</BasicStmnt>
<BasicStmnt CovItemId="S281" CovItemPrefix="test.BillTest.java" Intrnl_Id="343">
<LocList>
<Loc EndOffset="15051" SrcFileId="1" StartOffset="15026"/>
</LocList>
</BasicStmnt>
<BasicStmnt CovItemId="S282" CovItemPrefix="test.BillTest.java" Intrnl_Id="344">
<LocList>
<Loc EndOffset="15121" SrcFileId="1" StartOffset="15054"/>
</LocList>
</BasicStmnt>
<BasicStmnt CovItemId="S283" CovItemPrefix="test.BillTest.java" Intrnl_Id="345">
<LocList>
<Loc EndOffset="15143" SrcFileId="1" StartOffset="15124"/>
</LocList>
</BasicStmnt>
<BasicStmnt CovItemId="S284" CovItemPrefix="test.BillTest.java" Intrnl_Id="346">
<LocList>
<Loc EndOffset="15214" SrcFileId="1" StartOffset="15146"/>
</LocList>
</BasicStmnt>
<BasicStmnt CovItemId="S285" CovItemPrefix="test.BillTest.java" Intrnl_Id="347">
<LocList>
<Loc EndOffset="15236" SrcFileId="1" StartOffset="15217"/>
</LocList>
</BasicStmnt>
<BasicStmnt CovItemId="S286" CovItemPrefix="test.BillTest.java" Intrnl_Id="348">
<LocList>
<Loc EndOffset="15316" SrcFileId="1" StartOffset="15239"/>
</LocList>
</BasicStmnt>
<BasicStmnt CovItemId="S287" CovItemPrefix="test.BillTest.java" Intrnl_Id="349">
<LocList>
<Loc EndOffset="15338" SrcFileId="1" StartOffset="15319"/>
</LocList>
</BasicStmnt>
<BasicStmnt CovItemId="S288" CovItemPrefix="test.BillTest.java" Intrnl_Id="350">
<LocList>
<Loc EndOffset="15408" SrcFileId="1" StartOffset="15341"/>
</LocList>
</BasicStmnt>
<BasicStmnt CovItemId="S289" CovItemPrefix="test.BillTest.java" Intrnl_Id="351">
<LocList>
<Loc EndOffset="15430" SrcFileId="1" StartOffset="15411"/>
</LocList>
</BasicStmnt>
<BasicStmnt CovItemId="S290" CovItemPrefix="test.BillTest.java" Intrnl_Id="352">
<LocList>
<Loc EndOffset="15491" SrcFileId="1" StartOffset="15433"/>
</LocList>
</BasicStmnt>
<BasicStmnt CovItemId="S291" CovItemPrefix="test.BillTest.java" Intrnl_Id="353">
<LocList>
<Loc EndOffset="15514" SrcFileId="1" StartOffset="15495"/>
</LocList>
</BasicStmnt>
<BasicStmnt CovItemId="S292" CovItemPrefix="test.BillTest.java" Intrnl_Id="354">
<LocList>
<Loc EndOffset="15575" SrcFileId="1" StartOffset="15517"/>
</LocList>
</BasicStmnt>
<BasicStmnt CovItemId="S293" CovItemPrefix="test.BillTest.java" Intrnl_Id="355">
<LocList>
<Loc EndOffset="15599" SrcFileId="1" StartOffset="15581"/>
</LocList>
</BasicStmnt>
<BasicStmnt CovItemId="S294" CovItemPrefix="test.BillTest.java" Intrnl_Id="356">
<LocList>
<Loc EndOffset="15660" SrcFileId="1" StartOffset="15602"/>
</LocList>
</BasicStmnt>
<BasicStmnt CovItemId="S295" CovItemPrefix="test.BillTest.java" Intrnl_Id="357">
<LocList>
<Loc EndOffset="15681" SrcFileId="1" StartOffset="15664"/>
</LocList>
</BasicStmnt>
<BasicStmnt CovItemId="S296" CovItemPrefix="test.BillTest.java" Intrnl_Id="358">
<LocList>
<Loc EndOffset="15742" SrcFileId="1" StartOffset="15684"/>
</LocList>
</BasicStmnt>
<BasicStmnt CovItemId="S297" CovItemPrefix="test.BillTest.java" Intrnl_Id="359">
<LocList>
<Loc EndOffset="15771" SrcFileId="1" StartOffset="15746"/>
</LocList>
</BasicStmnt>
<BasicStmnt CovItemId="S298" CovItemPrefix="test.BillTest.java" Intrnl_Id="360">
<LocList>
<Loc EndOffset="15832" SrcFileId="1" StartOffset="15774"/>
</LocList>
</BasicStmnt>
<BasicStmnt CovItemId="S299" CovItemPrefix="test.BillTest.java" Intrnl_Id="361">
<LocList>
<Loc EndOffset="15862" SrcFileId="1" StartOffset="15836"/>
</LocList>
</BasicStmnt>
<BasicStmnt CovItemId="S300" CovItemPrefix="test.BillTest.java" Intrnl_Id="362">
<LocList>
<Loc EndOffset="15923" SrcFileId="1" StartOffset="15865"/>
</LocList>
</BasicStmnt>
<BasicStmnt CovItemId="S301" CovItemPrefix="test.BillTest.java" Intrnl_Id="363">
<LocList>
<Loc EndOffset="15942" SrcFileId="1" StartOffset="15927"/>
</LocList>
</BasicStmnt>
<BasicStmnt CovItemId="S302" CovItemPrefix="test.BillTest.java" Intrnl_Id="364">
<LocList>
<Loc EndOffset="16003" SrcFileId="1" StartOffset="15945"/>
</LocList>
</BasicStmnt>
</StmntSeq>
</HierarchyLvl>
<HierarchyLvl HierarchyLvlId="1062" HierarchyLvlTypeId="4" Intrnl_Id="365" Name="testcase26">
<Header>
<Loc EndOffset="16042" SrcFileId="1" StartOffset="16011"/>
</Header>
<LocList>
<Loc EndOffset="16611" SrcFileId="1" StartOffset="16011"/>
</LocList>
<StmntSeq Intrnl_Id="366">
<LocList>
<Loc EndOffset="16104" SrcFileId="1" StartOffset="16062"/>
<Loc EndOffset="16159" SrcFileId="1" StartOffset="16107"/>
<Loc EndOffset="16188" SrcFileId="1" StartOffset="16162"/>
<Loc EndOffset="16251" SrcFileId="1" StartOffset="16191"/>
<Loc EndOffset="16279" SrcFileId="1" StartOffset="16254"/>
<Loc EndOffset="16342" SrcFileId="1" StartOffset="16282"/>
<Loc EndOffset="16372" SrcFileId="1" StartOffset="16346"/>
<Loc EndOffset="16435" SrcFileId="1" StartOffset="16375"/>
<Loc EndOffset="16459" SrcFileId="1" StartOffset="16439"/>
<Loc EndOffset="16522" SrcFileId="1" StartOffset="16462"/>
<Loc EndOffset="16541" SrcFileId="1" StartOffset="16526"/>
<Loc EndOffset="16604" SrcFileId="1" StartOffset="16544"/>
</LocList>
<BasicStmnt CovItemId="S303" CovItemPrefix="test.BillTest.java" Intrnl_Id="367">
<LocList>
<Loc EndOffset="16104" SrcFileId="1" StartOffset="16062"/>
</LocList>
</BasicStmnt>
<BasicStmnt CovItemId="S304" CovItemPrefix="test.BillTest.java" Intrnl_Id="368">
<LocList>
<Loc EndOffset="16159" SrcFileId="1" StartOffset="16107"/>
</LocList>
</BasicStmnt>
<BasicStmnt CovItemId="S305" CovItemPrefix="test.BillTest.java" Intrnl_Id="369">
<LocList>
<Loc EndOffset="16188" SrcFileId="1" StartOffset="16162"/>
</LocList>
</BasicStmnt>
<BasicStmnt CovItemId="S306" CovItemPrefix="test.BillTest.java" Intrnl_Id="370">
<LocList>
<Loc EndOffset="16251" SrcFileId="1" StartOffset="16191"/>
</LocList>
</BasicStmnt>
<BasicStmnt CovItemId="S307" CovItemPrefix="test.BillTest.java" Intrnl_Id="371">
<LocList>
<Loc EndOffset="16279" SrcFileId="1" StartOffset="16254"/>
</LocList>
</BasicStmnt>
<BasicStmnt CovItemId="S308" CovItemPrefix="test.BillTest.java" Intrnl_Id="372">
<LocList>
<Loc EndOffset="16342" SrcFileId="1" StartOffset="16282"/>
</LocList>
</BasicStmnt>
<BasicStmnt CovItemId="S309" CovItemPrefix="test.BillTest.java" Intrnl_Id="373">
<LocList>
<Loc EndOffset="16372" SrcFileId="1" StartOffset="16346"/>
</LocList>
</BasicStmnt>
<BasicStmnt CovItemId="S310" CovItemPrefix="test.BillTest.java" Intrnl_Id="374">
<LocList>
<Loc EndOffset="16435" SrcFileId="1" StartOffset="16375"/>
</LocList>
</BasicStmnt>
<BasicStmnt CovItemId="S311" CovItemPrefix="test.BillTest.java" Intrnl_Id="375">
<LocList>
<Loc EndOffset="16459" SrcFileId="1" StartOffset="16439"/>
</LocList>
</BasicStmnt>
<BasicStmnt CovItemId="S312" CovItemPrefix="test.BillTest.java" Intrnl_Id="376">
<LocList>
<Loc EndOffset="16522" SrcFileId="1" StartOffset="16462"/>
</LocList>
</BasicStmnt>
<BasicStmnt CovItemId="S313" CovItemPrefix="test.BillTest.java" Intrnl_Id="377">
<LocList>
<Loc EndOffset="16541" SrcFileId="1" StartOffset="16526"/>
</LocList>
</BasicStmnt>
<BasicStmnt CovItemId="S314" CovItemPrefix="test.BillTest.java" Intrnl_Id="378">
<LocList>
<Loc EndOffset="16604" SrcFileId="1" StartOffset="16544"/>
</LocList>
</BasicStmnt>
</StmntSeq>
</HierarchyLvl>
<HierarchyLvl HierarchyLvlId="1063" HierarchyLvlTypeId="4" Intrnl_Id="379" Name="testcase27">
<Header>
<Loc EndOffset="16644" SrcFileId="1" StartOffset="16613"/>
</Header>
<LocList>
<Loc EndOffset="17300" SrcFileId="1" StartOffset="16613"/>
</LocList>
<StmntSeq Intrnl_Id="380">
<LocList>
<Loc EndOffset="16706" SrcFileId="1" StartOffset="16664"/>
<Loc EndOffset="16761" SrcFileId="1" StartOffset="16709"/>
<Loc EndOffset="16790" SrcFileId="1" StartOffset="16764"/>
<Loc EndOffset="16853" SrcFileId="1" StartOffset="16793"/>
<Loc EndOffset="16875" SrcFileId="1" StartOffset="16856"/>
<Loc EndOffset="16939" SrcFileId="1" StartOffset="16878"/>
<Loc EndOffset="16967" SrcFileId="1" StartOffset="16942"/>
<Loc EndOffset="17031" SrcFileId="1" StartOffset="16970"/>
<Loc EndOffset="17061" SrcFileId="1" StartOffset="17035"/>
<Loc EndOffset="17125" SrcFileId="1" StartOffset="17064"/>
<Loc EndOffset="17149" SrcFileId="1" StartOffset="17129"/>
<Loc EndOffset="17213" SrcFileId="1" StartOffset="17152"/>
<Loc EndOffset="17232" SrcFileId="1" StartOffset="17217"/>
<Loc EndOffset="17296" SrcFileId="1" StartOffset="17235"/>
</LocList>
<BasicStmnt CovItemId="S315" CovItemPrefix="test.BillTest.java" Intrnl_Id="381">
<LocList>
<Loc EndOffset="16706" SrcFileId="1" StartOffset="16664"/>
</LocList>
</BasicStmnt>
<BasicStmnt CovItemId="S316" CovItemPrefix="test.BillTest.java" Intrnl_Id="382">
<LocList>
<Loc EndOffset="16761" SrcFileId="1" StartOffset="16709"/>
</LocList>
</BasicStmnt>
<BasicStmnt CovItemId="S317" CovItemPrefix="test.BillTest.java" Intrnl_Id="383">
<LocList>
<Loc EndOffset="16790" SrcFileId="1" StartOffset="16764"/>
</LocList>
</BasicStmnt>
<BasicStmnt CovItemId="S318" CovItemPrefix="test.BillTest.java" Intrnl_Id="384">
<LocList>
<Loc EndOffset="16853" SrcFileId="1" StartOffset="16793"/>
</LocList>
</BasicStmnt>
<BasicStmnt CovItemId="S319" CovItemPrefix="test.BillTest.java" Intrnl_Id="385">
<LocList>
<Loc EndOffset="16875" SrcFileId="1" StartOffset="16856"/>
</LocList>
</BasicStmnt>
<BasicStmnt CovItemId="S320" CovItemPrefix="test.BillTest.java" Intrnl_Id="386">
<LocList>
<Loc EndOffset="16939" SrcFileId="1" StartOffset="16878"/>
</LocList>
</BasicStmnt>
<BasicStmnt CovItemId="S321" CovItemPrefix="test.BillTest.java" Intrnl_Id="387">
<LocList>
<Loc EndOffset="16967" SrcFileId="1" StartOffset="16942"/>
</LocList>
</BasicStmnt>
<BasicStmnt CovItemId="S322" CovItemPrefix="test.BillTest.java" Intrnl_Id="388">
<LocList>
<Loc EndOffset="17031" SrcFileId="1" StartOffset="16970"/>
</LocList>
</BasicStmnt>
<BasicStmnt CovItemId="S323" CovItemPrefix="test.BillTest.java" Intrnl_Id="389">
<LocList>
<Loc EndOffset="17061" SrcFileId="1" StartOffset="17035"/>
</LocList>
</BasicStmnt>
<BasicStmnt CovItemId="S324" CovItemPrefix="test.BillTest.java" Intrnl_Id="390">
<LocList>
<Loc EndOffset="17125" SrcFileId="1" StartOffset="17064"/>
</LocList>
</BasicStmnt>
<BasicStmnt CovItemId="S325" CovItemPrefix="test.BillTest.java" Intrnl_Id="391">
<LocList>
<Loc EndOffset="17149" SrcFileId="1" StartOffset="17129"/>
</LocList>
</BasicStmnt>
<BasicStmnt CovItemId="S326" CovItemPrefix="test.BillTest.java" Intrnl_Id="392">
<LocList>
<Loc EndOffset="17213" SrcFileId="1" StartOffset="17152"/>
</LocList>
</BasicStmnt>
<BasicStmnt CovItemId="S327" CovItemPrefix="test.BillTest.java" Intrnl_Id="393">
<LocList>
<Loc EndOffset="17232" SrcFileId="1" StartOffset="17217"/>
</LocList>
</BasicStmnt>
<BasicStmnt CovItemId="S328" CovItemPrefix="test.BillTest.java" Intrnl_Id="394">
<LocList>
<Loc EndOffset="17296" SrcFileId="1" StartOffset="17235"/>
</LocList>
</BasicStmnt>
</StmntSeq>
</HierarchyLvl>
<HierarchyLvl HierarchyLvlId="1064" HierarchyLvlTypeId="4" Intrnl_Id="395" Name="testcase28">
<Header>
<Loc EndOffset="17335" SrcFileId="1" StartOffset="17304"/>
</Header>
<LocList>
<Loc EndOffset="18122" SrcFileId="1" StartOffset="17304"/>
</LocList>
<StmntSeq Intrnl_Id="396">
<LocList>
<Loc EndOffset="17397" SrcFileId="1" StartOffset="17355"/>
<Loc EndOffset="17452" SrcFileId="1" StartOffset="17400"/>
<Loc EndOffset="17481" SrcFileId="1" StartOffset="17455"/>
<Loc EndOffset="17544" SrcFileId="1" StartOffset="17484"/>
<Loc EndOffset="17566" SrcFileId="1" StartOffset="17547"/>
<Loc EndOffset="17630" SrcFileId="1" StartOffset="17569"/>
<Loc EndOffset="17652" SrcFileId="1" StartOffset="17633"/>
<Loc EndOffset="17725" SrcFileId="1" StartOffset="17655"/>
<Loc EndOffset="17753" SrcFileId="1" StartOffset="17728"/>
<Loc EndOffset="17826" SrcFileId="1" StartOffset="17756"/>
<Loc EndOffset="17856" SrcFileId="1" StartOffset="17830"/>
<Loc EndOffset="17929" SrcFileId="1" StartOffset="17859"/>
<Loc EndOffset="17953" SrcFileId="1" StartOffset="17933"/>
<Loc EndOffset="18026" SrcFileId="1" StartOffset="17956"/>
<Loc EndOffset="18045" SrcFileId="1" StartOffset="18030"/>
<Loc EndOffset="18118" SrcFileId="1" StartOffset="18048"/>
</LocList>
<BasicStmnt CovItemId="S329" CovItemPrefix="test.BillTest.java" Intrnl_Id="397">
<LocList>
<Loc EndOffset="17397" SrcFileId="1" StartOffset="17355"/>
</LocList>
</BasicStmnt>
<BasicStmnt CovItemId="S330" CovItemPrefix="test.BillTest.java" Intrnl_Id="398">
<LocList>
<Loc EndOffset="17452" SrcFileId="1" StartOffset="17400"/>
</LocList>
</BasicStmnt>
<BasicStmnt CovItemId="S331" CovItemPrefix="test.BillTest.java" Intrnl_Id="399">
<LocList>
<Loc EndOffset="17481" SrcFileId="1" StartOffset="17455"/>
</LocList>
</BasicStmnt>
<BasicStmnt CovItemId="S332" CovItemPrefix="test.BillTest.java" Intrnl_Id="400">
<LocList>
<Loc EndOffset="17544" SrcFileId="1" StartOffset="17484"/>
</LocList>
</BasicStmnt>
<BasicStmnt CovItemId="S333" CovItemPrefix="test.BillTest.java" Intrnl_Id="401">
<LocList>
<Loc EndOffset="17566" SrcFileId="1" StartOffset="17547"/>
</LocList>
</BasicStmnt>
<BasicStmnt CovItemId="S334" CovItemPrefix="test.BillTest.java" Intrnl_Id="402">
<LocList>
<Loc EndOffset="17630" SrcFileId="1" StartOffset="17569"/>
</LocList>
</BasicStmnt>
<BasicStmnt CovItemId="S335" CovItemPrefix="test.BillTest.java" Intrnl_Id="403">
<LocList>
<Loc EndOffset="17652" SrcFileId="1" StartOffset="17633"/>
</LocList>
</BasicStmnt>
<BasicStmnt CovItemId="S336" CovItemPrefix="test.BillTest.java" Intrnl_Id="404">
<LocList>
<Loc EndOffset="17725" SrcFileId="1" StartOffset="17655"/>
</LocList>
</BasicStmnt>
<BasicStmnt CovItemId="S337" CovItemPrefix="test.BillTest.java" Intrnl_Id="405">
<LocList>
<Loc EndOffset="17753" SrcFileId="1" StartOffset="17728"/>
</LocList>
</BasicStmnt>
<BasicStmnt CovItemId="S338" CovItemPrefix="test.BillTest.java" Intrnl_Id="406">
<LocList>
<Loc EndOffset="17826" SrcFileId="1" StartOffset="17756"/>
</LocList>
</BasicStmnt>
<BasicStmnt CovItemId="S339" CovItemPrefix="test.BillTest.java" Intrnl_Id="407">
<LocList>
<Loc EndOffset="17856" SrcFileId="1" StartOffset="17830"/>
</LocList>
</BasicStmnt>
<BasicStmnt CovItemId="S340" CovItemPrefix="test.BillTest.java" Intrnl_Id="408">
<LocList>
<Loc EndOffset="17929" SrcFileId="1" StartOffset="17859"/>
</LocList>
</BasicStmnt>
<BasicStmnt CovItemId="S341" CovItemPrefix="test.BillTest.java" Intrnl_Id="409">
<LocList>
<Loc EndOffset="17953" SrcFileId="1" StartOffset="17933"/>
</LocList>
</BasicStmnt>
<BasicStmnt CovItemId="S342" CovItemPrefix="test.BillTest.java" Intrnl_Id="410">
<LocList>
<Loc EndOffset="18026" SrcFileId="1" StartOffset="17956"/>
</LocList>
</BasicStmnt>
<BasicStmnt CovItemId="S343" CovItemPrefix="test.BillTest.java" Intrnl_Id="411">
<LocList>
<Loc EndOffset="18045" SrcFileId="1" StartOffset="18030"/>
</LocList>
</BasicStmnt>
<BasicStmnt CovItemId="S344" CovItemPrefix="test.BillTest.java" Intrnl_Id="412">
<LocList>
<Loc EndOffset="18118" SrcFileId="1" StartOffset="18048"/>
</LocList>
</BasicStmnt>
</StmntSeq>
</HierarchyLvl>
<HierarchyLvl HierarchyLvlId="1065" HierarchyLvlTypeId="4" Intrnl_Id="413" Name="testcase29">
<Header>
<Loc EndOffset="18157" SrcFileId="1" StartOffset="18126"/>
</Header>
<LocList>
<Loc EndOffset="18992" SrcFileId="1" StartOffset="18126"/>
</LocList>
<StmntSeq Intrnl_Id="414">
<LocList>
<Loc EndOffset="18219" SrcFileId="1" StartOffset="18177"/>
<Loc EndOffset="18274" SrcFileId="1" StartOffset="18222"/>
<Loc EndOffset="18303" SrcFileId="1" StartOffset="18277"/>
<Loc EndOffset="18366" SrcFileId="1" StartOffset="18306"/>
<Loc EndOffset="18388" SrcFileId="1" StartOffset="18369"/>
<Loc EndOffset="18452" SrcFileId="1" StartOffset="18391"/>
<Loc EndOffset="18474" SrcFileId="1" StartOffset="18455"/>
<Loc EndOffset="18547" SrcFileId="1" StartOffset="18477"/>
<Loc EndOffset="18569" SrcFileId="1" StartOffset="18550"/>
<Loc EndOffset="18632" SrcFileId="1" StartOffset="18572"/>
<Loc EndOffset="18660" SrcFileId="1" StartOffset="18635"/>
<Loc EndOffset="18723" SrcFileId="1" StartOffset="18663"/>
<Loc EndOffset="18756" SrcFileId="1" StartOffset="18730"/>
<Loc EndOffset="18819" SrcFileId="1" StartOffset="18759"/>
<Loc EndOffset="18843" SrcFileId="1" StartOffset="18823"/>
<Loc EndOffset="18906" SrcFileId="1" StartOffset="18846"/>
<Loc EndOffset="18925" SrcFileId="1" StartOffset="18910"/>
<Loc EndOffset="18988" SrcFileId="1" StartOffset="18928"/>
</LocList>
<BasicStmnt CovItemId="S345" CovItemPrefix="test.BillTest.java" Intrnl_Id="415">
<LocList>
<Loc EndOffset="18219" SrcFileId="1" StartOffset="18177"/>
</LocList>
</BasicStmnt>
<BasicStmnt CovItemId="S346" CovItemPrefix="test.BillTest.java" Intrnl_Id="416">
<LocList>
<Loc EndOffset="18274" SrcFileId="1" StartOffset="18222"/>
</LocList>
</BasicStmnt>
<BasicStmnt CovItemId="S347" CovItemPrefix="test.BillTest.java" Intrnl_Id="417">
<LocList>
<Loc EndOffset="18303" SrcFileId="1" StartOffset="18277"/>
</LocList>
</BasicStmnt>
<BasicStmnt CovItemId="S348" CovItemPrefix="test.BillTest.java" Intrnl_Id="418">
<LocList>
<Loc EndOffset="18366" SrcFileId="1" StartOffset="18306"/>
</LocList>
</BasicStmnt>
<BasicStmnt CovItemId="S349" CovItemPrefix="test.BillTest.java" Intrnl_Id="419">
<LocList>
<Loc EndOffset="18388" SrcFileId="1" StartOffset="18369"/>
</LocList>
</BasicStmnt>
<BasicStmnt CovItemId="S350" CovItemPrefix="test.BillTest.java" Intrnl_Id="420">
<LocList>
<Loc EndOffset="18452" SrcFileId="1" StartOffset="18391"/>
</LocList>
</BasicStmnt>
<BasicStmnt CovItemId="S351" CovItemPrefix="test.BillTest.java" Intrnl_Id="421">
<LocList>
<Loc EndOffset="18474" SrcFileId="1" StartOffset="18455"/>
</LocList>
</BasicStmnt>
<BasicStmnt CovItemId="S352" CovItemPrefix="test.BillTest.java" Intrnl_Id="422">
<LocList>
<Loc EndOffset="18547" SrcFileId="1" StartOffset="18477"/>
</LocList>
</BasicStmnt>
<BasicStmnt CovItemId="S353" CovItemPrefix="test.BillTest.java" Intrnl_Id="423">
<LocList>
<Loc EndOffset="18569" SrcFileId="1" StartOffset="18550"/>
</LocList>
</BasicStmnt>
<BasicStmnt CovItemId="S354" CovItemPrefix="test.BillTest.java" Intrnl_Id="424">
<LocList>
<Loc EndOffset="18632" SrcFileId="1" StartOffset="18572"/>
</LocList>
</BasicStmnt>
<BasicStmnt CovItemId="S355" CovItemPrefix="test.BillTest.java" Intrnl_Id="425">
<LocList>
<Loc EndOffset="18660" SrcFileId="1" StartOffset="18635"/>
</LocList>
</BasicStmnt>
<BasicStmnt CovItemId="S356" CovItemPrefix="test.BillTest.java" Intrnl_Id="426">
<LocList>
<Loc EndOffset="18723" SrcFileId="1" StartOffset="18663"/>
</LocList>
</BasicStmnt>
<BasicStmnt CovItemId="S357" CovItemPrefix="test.BillTest.java" Intrnl_Id="427">
<LocList>
<Loc EndOffset="18756" SrcFileId="1" StartOffset="18730"/>
</LocList>
</BasicStmnt>
<BasicStmnt CovItemId="S358" CovItemPrefix="test.BillTest.java" Intrnl_Id="428">
<LocList>
<Loc EndOffset="18819" SrcFileId="1" StartOffset="18759"/>
</LocList>
</BasicStmnt>
<BasicStmnt CovItemId="S359" CovItemPrefix="test.BillTest.java" Intrnl_Id="429">
<LocList>
<Loc EndOffset="18843" SrcFileId="1" StartOffset="18823"/>
</LocList>
</BasicStmnt>
<BasicStmnt CovItemId="S360" CovItemPrefix="test.BillTest.java" Intrnl_Id="430">
<LocList>
<Loc EndOffset="18906" SrcFileId="1" StartOffset="18846"/>
</LocList>
</BasicStmnt>
<BasicStmnt CovItemId="S361" CovItemPrefix="test.BillTest.java" Intrnl_Id="431">
<LocList>
<Loc EndOffset="18925" SrcFileId="1" StartOffset="18910"/>
</LocList>
</BasicStmnt>
<BasicStmnt CovItemId="S362" CovItemPrefix="test.BillTest.java" Intrnl_Id="432">
<LocList>
<Loc EndOffset="18988" SrcFileId="1" StartOffset="18928"/>
</LocList>
</BasicStmnt>
</StmntSeq>
</HierarchyLvl>
</HierarchyLvl>
</HierarchyLvl>
</HierarchyLvl>
</MASTRoot>
</TestSessionContainer>
