<?xml version="1.0" encoding="UTF-8"?><TestSessionContainer xmlns="http://www.codecover.org/xml/testsession-container" Date="1413832047152" TestSessionContainerId="8bdd7005-3c86-42c6-ba4a-ad004d8d45c1" version="1.0">
<SrcFileList>
<SrcFile Content="package test;&#10;&#10;import static org.junit.Assert.*;&#10;&#10;import org.junit.After;&#10;import org.junit.AfterClass;&#10;import org.junit.Before;&#10;import org.junit.BeforeClass;&#10;import org.junit.Test;&#10;&#10;import bill.Bill;&#10;&#10;public class BillTest {&#10;&#10;&#9;@BeforeClass&#10;&#9;public static void setUpBeforeClass() throws Exception {&#10;&#9;}&#10;&#10;&#9;@AfterClass&#10;&#9;public static void tearDownAfterClass() throws Exception {&#10;&#9;}&#10;&#10;&#9;@Before&#10;&#9;public void setUp() throws Exception {&#10;&#9;}&#10;&#10;&#9;@After&#10;&#9;public void tearDown() throws Exception {&#10;&#9;}&#10;&#9;&#10;&#9;@Test&#10;&#9;public void testcase1() {&#10;&#9;&#9;//Conformance Test&#10;&#9;&#9;Bill aBill = new Bill();&#10;&#9;&#9;assertEquals(&quot;inPreparation&quot;, aBill.getBillState());&#10;&#9;&#9;aBill.introduceInHouse();&#10;&#9;&#9;assertEquals(&quot;firstReading&quot;, aBill.getBillStateInHouseOfCommons());&#10;&#9;&#9;aBill.withdraw();&#10;&#9;&#9;assertEquals(&quot;withdrawn&quot;, aBill.getBillState());&#10;&#9;&#9;aBill.modify();&#10;&#9;&#9;assertEquals(&quot;inPreparation&quot;, aBill.getBillState());&#10;&#9;&#9;&#10;&#9;&#9;//Sneak Paths&#10;&#9;&#9;aBill.votePasses();&#10;&#9;&#9;assertEquals(&quot;inPreparation&quot;, aBill.getBillState());&#10;&#9;&#9;aBill.voteFails();&#10;&#9;&#9;assertEquals(&quot;inPreparation&quot;, aBill.getBillState());&#10;&#9;&#9;aBill.withdraw();&#10;&#9;&#9;assertEquals(&quot;inPreparation&quot;, aBill.getBillState());&#10;&#9;&#9;aBill.royalAssent();&#10;&#9;&#9;assertEquals(&quot;inPreparation&quot;, aBill.getBillState());&#10;&#9;&#9;aBill.modify();&#10;&#9;&#9;assertEquals(&quot;inPreparation&quot;, aBill.getBillState());&#10;&#9;}&#10;&#9;&#10;&#9;@Test&#10;&#9;public void testcase2() {&#10;&#9;&#9;//Conformance Test&#10;&#9;&#9;Bill aBill = new Bill();&#10;&#9;&#9;assertEquals(&quot;inPreparation&quot;, aBill.getBillState());&#10;&#9;&#9;aBill.introduceInHouse();&#10;&#9;&#9;assertEquals(&quot;firstReading&quot;, aBill.getBillStateInHouseOfCommons());&#10;&#9;&#9;System.out.println(aBill.getBillState());&#10;&#9;&#9;aBill.voteFails();&#10;&#9;&#9;//error: should go to withdrawn state, but enters secondReading instead&#10;&#9;&#9;assertEquals(&quot;withdrawn&quot;, aBill.getBillState());&#10;&#10;&#9;&#9;//Sneak Paths&#10;&#9;&#9;aBill.votePasses();&#10;&#9;&#9;assertEquals(&quot;withdrawn&quot;, aBill.getBillState());&#10;&#9;&#9;aBill.voteFails();&#10;&#9;&#9;assertEquals(&quot;withdrawn&quot;, aBill.getBillState());&#10;&#9;&#9;aBill.withdraw();&#10;&#9;&#9;assertEquals(&quot;withdrawn&quot;, aBill.getBillState());&#10;&#9;&#9;aBill.introduceInHouse();&#10;&#9;&#9;assertEquals(&quot;withdrawn&quot;, aBill.getBillState());&#10;&#9;&#9;aBill.introduceInSenate();&#10;&#9;&#9;assertEquals(&quot;withdrawn&quot;, aBill.getBillState());&#10;&#9;&#9;aBill.royalAssent();&#10;&#9;&#9;assertEquals(&quot;withdrawn&quot;, aBill.getBillState());&#10;&#9;}&#10;&#9;&#10;&#9;@Test&#10;&#9;public void testcase3() {&#10;&#9;&#9;//Conformance Test&#10;&#9;&#9;Bill aBill = new Bill();&#10;&#9;&#9;assertEquals(&quot;inPreparation&quot;, aBill.getBillState());&#10;&#9;&#9;aBill.introduceInHouse();&#10;&#9;&#9;assertEquals(&quot;firstReading&quot;, aBill.getBillStateInHouseOfCommons());&#10;&#9;&#9;aBill.votePasses();&#10;&#9;&#9;assertEquals(&quot;secondReading&quot;, aBill.getBillStateInHouseOfCommons());&#10;&#9;&#9;aBill.withdraw();&#10;&#9;&#9;assertEquals(&quot;withdrawn&quot;, aBill.getBillState());&#10;&#9;}&#10;&#9;&#10;&#9;@Test&#10;&#9;public void testcase4() {&#10;&#9;&#9;//Conformance Test&#10;&#9;&#9;Bill aBill = new Bill();&#10;&#9;&#9;assertEquals(&quot;inPreparation&quot;, aBill.getBillState());&#10;&#9;&#9;aBill.introduceInHouse();&#10;&#9;&#9;assertEquals(&quot;firstReading&quot;, aBill.getBillStateInHouseOfCommons());&#10;&#9;&#9;aBill.votePasses();&#10;&#9;&#9;assertEquals(&quot;secondReading&quot;, aBill.getBillStateInHouseOfCommons());&#10;&#9;&#9;aBill.voteFails();&#10;&#9;&#9;//error&#10;&#9;&#9;assertEquals(&quot;withdrawn&quot;, aBill.getBillState());&#10;&#9;}&#10;&#9;&#10;&#9;@Test&#10;&#9;public void testcase5() {&#10;&#9;&#9;//Conformance Test&#10;&#9;&#9;Bill aBill = new Bill();&#10;&#9;&#9;assertEquals(&quot;inPreparation&quot;, aBill.getBillState());&#10;&#9;&#9;aBill.introduceInHouse();&#10;&#9;&#9;assertEquals(&quot;firstReading&quot;, aBill.getBillStateInHouseOfCommons());&#10;&#9;&#9;aBill.votePasses();&#10;&#9;&#9;assertEquals(&quot;secondReading&quot;, aBill.getBillStateInHouseOfCommons());&#10;&#9;&#9;aBill.votePasses();&#10;&#9;&#9;assertEquals(&quot;committeeConsideration&quot;, aBill.getBillStateInHouseOfCommons());&#10;&#9;&#9;aBill.withdraw();&#10;&#9;&#9;assertEquals(&quot;withdrawn&quot;, aBill.getBillState());&#10;&#9;}&#10;&#9;&#10;&#9;@Test&#10;&#9;public void testcase6() {&#10;&#9;&#9;//Conformance Test&#10;&#9;&#9;Bill aBill = new Bill();&#10;&#9;&#9;assertEquals(&quot;inPreparation&quot;, aBill.getBillState());&#10;&#9;&#9;aBill.introduceInHouse();&#10;&#9;&#9;assertEquals(&quot;firstReading&quot;, aBill.getBillStateInHouseOfCommons());&#10;&#9;&#9;aBill.votePasses();&#10;&#9;&#9;assertEquals(&quot;secondReading&quot;, aBill.getBillStateInHouseOfCommons());&#10;&#9;&#9;aBill.votePasses();&#10;&#9;&#9;assertEquals(&quot;committeeConsideration&quot;, aBill.getBillStateInHouseOfCommons());&#10;&#9;&#9;aBill.voteFails();&#10;&#9;&#9;//error&#10;&#9;&#9;assertEquals(&quot;withdrawn&quot;, aBill.getBillState());&#10;&#9;}&#10;&#9;&#10;&#9;@Test&#10;&#9;public void testcase7() {&#10;&#9;&#9;//Conformance Test&#10;&#9;&#9;Bill aBill = new Bill();&#10;&#9;&#9;assertEquals(&quot;inPreparation&quot;, aBill.getBillState());&#10;&#9;&#9;aBill.introduceInHouse();&#10;&#9;&#9;assertEquals(&quot;firstReading&quot;, aBill.getBillStateInHouseOfCommons());&#10;&#9;&#9;aBill.votePasses();&#10;&#9;&#9;assertEquals(&quot;secondReading&quot;, aBill.getBillStateInHouseOfCommons());&#10;&#9;&#9;aBill.votePasses();&#10;&#9;&#9;assertEquals(&quot;committeeConsideration&quot;, aBill.getBillStateInHouseOfCommons());&#10;&#9;&#9;aBill.votePasses();&#10;&#9;&#9;assertEquals(&quot;thirdReading&quot;, aBill.getBillStateInHouseOfCommons());&#10;&#9;&#9;aBill.withdraw();&#10;&#9;&#9;assertEquals(&quot;withdrawn&quot;, aBill.getBillState());&#10;&#9;}&#10;&#9;&#10;&#9;@Test&#10;&#9;public void testcase8() {&#10;&#9;&#9;//Conformance Test&#10;&#9;&#9;Bill aBill = new Bill();&#10;&#9;&#9;assertEquals(&quot;inPreparation&quot;, aBill.getBillState());&#10;&#9;&#9;aBill.introduceInHouse();&#10;&#9;&#9;assertEquals(&quot;firstReading&quot;, aBill.getBillStateInHouseOfCommons());&#10;&#9;&#9;aBill.votePasses();&#10;&#9;&#9;assertEquals(&quot;secondReading&quot;, aBill.getBillStateInHouseOfCommons());&#10;&#9;&#9;aBill.votePasses();&#10;&#9;&#9;assertEquals(&quot;committeeConsideration&quot;, aBill.getBillStateInHouseOfCommons());&#10;&#9;&#9;aBill.votePasses();&#10;&#9;&#9;assertEquals(&quot;thirdReading&quot;, aBill.getBillStateInHouseOfCommons());&#10;&#9;&#9;aBill.voteFails();&#10;&#9;&#9;//error&#10;&#9;&#9;assertEquals(&quot;withdrawn&quot;, aBill.getBillState());&#10;&#9;}&#10;&#9;&#10;&#9;@Test&#10;&#9;public void testcase9() {&#10;&#9;&#9;//Conformance Test&#10;&#9;&#9;Bill aBill = new Bill();&#10;&#9;&#9;assertEquals(&quot;inPreparation&quot;, aBill.getBillState());&#10;&#9;&#9;aBill.introduceInHouse();&#10;&#9;&#9;assertEquals(&quot;firstReading&quot;, aBill.getBillStateInHouseOfCommons());&#10;&#9;&#9;aBill.votePasses();&#10;&#9;&#9;assertEquals(&quot;secondReading&quot;, aBill.getBillStateInHouseOfCommons());&#10;&#9;&#9;aBill.votePasses();&#10;&#9;&#9;assertEquals(&quot;committeeConsideration&quot;, aBill.getBillStateInHouseOfCommons());&#10;&#9;&#9;aBill.votePasses();&#10;&#9;&#9;assertEquals(&quot;thirdReading&quot;, aBill.getBillStateInHouseOfCommons());&#10;&#9;&#9;aBill.votePasses();&#10;&#9;&#9;assertEquals(&quot;firstReadingS&quot;, aBill.getBillStateInSenate());&#10;&#9;}&#10;&#9;&#10;&#9;@Test&#10;&#9;public void testcase10() {&#10;&#9;&#9;//Conformance Test&#10;&#9;&#9;Bill aBill = new Bill();&#10;&#9;&#9;assertEquals(&quot;inPreparation&quot;, aBill.getBillState());&#10;&#9;&#9;aBill.introduceInHouse();&#10;&#9;&#9;assertEquals(&quot;firstReading&quot;, aBill.getBillStateInHouseOfCommons());&#10;&#9;&#9;aBill.votePasses();&#10;&#9;&#9;assertEquals(&quot;secondReading&quot;, aBill.getBillStateInHouseOfCommons());&#10;&#9;&#9;aBill.votePasses();&#10;&#9;&#9;assertEquals(&quot;committeeConsideration&quot;, aBill.getBillStateInHouseOfCommons());&#10;&#9;&#9;aBill.votePasses();&#10;&#9;&#9;assertEquals(&quot;thirdReading&quot;, aBill.getBillStateInHouseOfCommons());&#10;&#9;&#9;aBill.votePasses();&#10;&#9;&#9;//error&#10;&#9;&#9;assertEquals(&quot;awaitingRoyalAssent&quot;, aBill.getBillState());&#10;&#9;&#9;aBill.royalAssent();&#10;&#9;&#9;assertEquals(&quot;actOfParliament&quot;, aBill.getBillState());&#10;&#9;}&#10;&#9;&#10;&#9;@Test&#10;&#9;public void testcase11() {&#10;&#9;&#9;//Conformance Test&#10;&#9;&#9;Bill aBill = new Bill();&#10;&#9;&#9;assertEquals(&quot;inPreparation&quot;, aBill.getBillState());&#10;&#9;&#9;aBill.introduceInSenate();&#10;&#9;&#9;assertEquals(&quot;firstReadingS&quot;, aBill.getBillStateInSenate());&#10;&#9;&#9;aBill.withdraw();&#10;&#9;&#9;assertEquals(&quot;withdrawn&quot;, aBill.getBillState());&#10;&#9;}&#10;&#9;&#10;&#9;@Test&#10;&#9;public void testcase12() {&#10;&#9;&#9;//Conformance Test&#10;&#9;&#9;Bill aBill = new Bill();&#10;&#9;&#9;assertEquals(&quot;inPreparation&quot;, aBill.getBillState());&#10;&#9;&#9;aBill.introduceInSenate();&#10;&#9;&#9;assertEquals(&quot;firstReadingS&quot;, aBill.getBillStateInSenate());&#10;&#9;&#9;aBill.voteFails();&#10;&#9;&#9;assertEquals(&quot;withdrawn&quot;, aBill.getBillState());&#10;&#9;}&#10;&#9;&#10;&#9;@Test&#10;&#9;public void testcase13() {&#10;&#9;&#9;//Conformance Test&#10;&#9;&#9;Bill aBill = new Bill();&#10;&#9;&#9;assertEquals(&quot;inPreparation&quot;, aBill.getBillState());&#10;&#9;&#9;aBill.introduceInSenate();&#10;&#9;&#9;assertEquals(&quot;firstReadingS&quot;, aBill.getBillStateInSenate());&#10;&#9;&#9;aBill.votePasses();&#10;&#9;&#9;assertEquals(&quot;secondReadingS&quot;, aBill.getBillStateInSenate());&#10;&#9;&#9;aBill.withdraw();&#10;&#9;&#9;assertEquals(&quot;withdrawn&quot;, aBill.getBillState());&#10;&#9;}&#10;&#9;&#10;&#9;@Test&#10;&#9;public void testcase14() {&#10;&#9;&#9;//Conformance Test&#10;&#9;&#9;Bill aBill = new Bill();&#10;&#9;&#9;assertEquals(&quot;inPreparation&quot;, aBill.getBillState());&#10;&#9;&#9;aBill.introduceInSenate();&#10;&#9;&#9;assertEquals(&quot;firstReadingS&quot;, aBill.getBillStateInSenate());&#10;&#9;&#9;aBill.votePasses();&#10;&#9;&#9;assertEquals(&quot;secondReadingS&quot;, aBill.getBillStateInSenate());&#10;&#9;&#9;aBill.voteFails();&#10;&#9;&#9;assertEquals(&quot;withdrawn&quot;, aBill.getBillState());&#10;&#9;}&#10;&#9;&#10;&#9;@Test&#10;&#9;public void testcase15() {&#10;&#9;&#9;//Conformance Test&#10;&#9;&#9;Bill aBill = new Bill();&#10;&#9;&#9;assertEquals(&quot;inPreparation&quot;, aBill.getBillState());&#10;&#9;&#9;aBill.introduceInSenate();&#10;&#9;&#9;assertEquals(&quot;firstReadingS&quot;, aBill.getBillStateInSenate());&#10;&#9;&#9;aBill.votePasses();&#10;&#9;&#9;assertEquals(&quot;secondReadingS&quot;, aBill.getBillStateInSenate());&#10;&#9;&#9;aBill.votePasses();&#10;&#9;&#9;assertEquals(&quot;committeeConsiderationS&quot;, aBill.getBillStateInSenate());&#10;&#9;&#9;aBill.withdraw();&#10;&#9;&#9;assertEquals(&quot;withdrawn&quot;, aBill.getBillState());&#10;&#9;}&#10;&#9;@Test&#10;&#9;public void testcase16() {&#10;&#9;&#9;//Conformance Test&#10;&#9;&#9;Bill aBill = new Bill();&#10;&#9;&#9;assertEquals(&quot;inPreparation&quot;, aBill.getBillState());&#10;&#9;&#9;aBill.introduceInSenate();&#10;&#9;&#9;assertEquals(&quot;firstReadingS&quot;, aBill.getBillStateInSenate());&#10;&#9;&#9;aBill.votePasses();&#10;&#9;&#9;assertEquals(&quot;secondReadingS&quot;, aBill.getBillStateInSenate());&#10;&#9;&#9;aBill.votePasses();&#10;&#9;&#9;assertEquals(&quot;committeeConsiderationS&quot;, aBill.getBillStateInSenate());&#10;&#9;&#9;aBill.voteFails();&#10;&#9;&#9;assertEquals(&quot;withdrawn&quot;, aBill.getBillState());&#10;&#9;}&#10;&#9;@Test&#10;&#9;public void testcase17() {&#10;&#9;&#9;//Conformance Test&#10;&#9;&#9;Bill aBill = new Bill();&#10;&#9;&#9;assertEquals(&quot;inPreparation&quot;, aBill.getBillState());&#10;&#9;&#9;aBill.introduceInSenate();&#10;&#9;&#9;assertEquals(&quot;firstReadingS&quot;, aBill.getBillStateInSenate());&#10;&#9;&#9;aBill.votePasses();&#10;&#9;&#9;assertEquals(&quot;secondReadingS&quot;, aBill.getBillStateInSenate());&#10;&#9;&#9;aBill.votePasses();&#10;&#9;&#9;assertEquals(&quot;committeeConsiderationS&quot;, aBill.getBillStateInSenate());&#10;&#9;&#9;aBill.votePasses();&#10;&#9;&#9;assertEquals(&quot;thirdReadingS&quot;, aBill.getBillStateInSenate());&#10;&#9;&#9;aBill.withdraw();&#10;&#9;&#9;assertEquals(&quot;withdrawn&quot;, aBill.getBillState());&#10;&#10;&#9;}&#10;&#9;&#10;&#9;@Test&#10;&#9;public void testcase18() {&#10;&#9;&#9;//Conformance Test&#10;&#9;&#9;Bill aBill = new Bill();&#10;&#9;&#9;assertEquals(&quot;inPreparation&quot;, aBill.getBillState());&#10;&#9;&#9;aBill.introduceInSenate();&#10;&#9;&#9;assertEquals(&quot;firstReadingS&quot;, aBill.getBillStateInSenate());&#10;&#9;&#9;aBill.votePasses();&#10;&#9;&#9;assertEquals(&quot;secondReadingS&quot;, aBill.getBillStateInSenate());&#10;&#9;&#9;aBill.votePasses();&#10;&#9;&#9;assertEquals(&quot;committeeConsiderationS&quot;, aBill.getBillStateInSenate());&#10;&#9;&#9;aBill.votePasses();&#10;&#9;&#9;assertEquals(&quot;thirdReadingS&quot;, aBill.getBillStateInSenate());&#10;&#9;&#9;aBill.voteFails();&#10;&#9;&#9;assertEquals(&quot;withdrawn&quot;, aBill.getBillState());&#10;&#10;&#9;}&#10;&#9;@Test&#10;&#9;public void testcase19() {&#10;&#9;&#9;//Conformance Test&#10;&#9;&#9;Bill aBill = new Bill();&#10;&#9;&#9;assertEquals(&quot;inPreparation&quot;, aBill.getBillState());&#10;&#9;&#9;aBill.introduceInSenate();&#10;&#9;&#9;assertEquals(&quot;firstReadingS&quot;, aBill.getBillStateInSenate());&#10;&#9;&#9;aBill.votePasses();&#10;&#9;&#9;assertEquals(&quot;secondReadingS&quot;, aBill.getBillStateInSenate());&#10;&#9;&#9;aBill.votePasses();&#10;&#9;&#9;assertEquals(&quot;committeeConsiderationS&quot;, aBill.getBillStateInSenate());&#10;&#9;&#9;aBill.votePasses();&#10;&#9;&#9;assertEquals(&quot;thirdReadingS&quot;, aBill.getBillStateInSenate());&#10;&#9;&#9;aBill.votePasses();&#10;&#9;&#9;//error&#10;&#9;&#9;assertEquals(&quot;firstReading&quot;, aBill.getBillState());&#10;&#10;&#9;}&#10;&#9;@Test&#10;&#9;public void testcase20() {&#10;&#9;&#9;//Conformance Test&#10;&#9;&#9;Bill aBill = new Bill();&#10;&#9;&#9;assertEquals(&quot;inPreparation&quot;, aBill.getBillState());&#10;&#9;&#9;aBill.introduceInSenate();&#10;&#9;&#9;assertEquals(&quot;firstReadingS&quot;, aBill.getBillStateInSenate());&#10;&#9;&#9;aBill.votePasses();&#10;&#9;&#9;assertEquals(&quot;secondReadingS&quot;, aBill.getBillStateInSenate());&#10;&#9;&#9;aBill.votePasses();&#10;&#9;&#9;assertEquals(&quot;committeeConsiderationS&quot;, aBill.getBillStateInSenate());&#10;&#9;&#9;aBill.votePasses();&#10;&#9;&#9;assertEquals(&quot;thirdReadingS&quot;, aBill.getBillStateInSenate());&#10;&#9;&#9;aBill.votePasses();&#10;&#9;&#9;//error&#10;&#9;&#9;assertEquals(&quot;awaitingRoyalAssent&quot;, aBill.getBillState());&#10;&#10;&#9;}&#10;&#9;@Test&#10;&#9;public void testcase21() {&#10;&#9;&#9;//Sneak Test&#10;&#9;&#9;Bill aBill = new Bill();&#10;&#9;&#9;assertEquals(&quot;inPreparation&quot;, aBill.getBillState());&#10;&#9;&#9;aBill.introduceInHouse();&#10;&#9;&#9;assertEquals(&quot;firstReading&quot;, aBill.getBillStateInHouseOfCommons());&#10;&#9;&#9;aBill.introduceInHouse();&#10;&#9;&#9;assertEquals(&quot;firstReading&quot;, aBill.getBillStateInHouseOfCommons());&#10;&#9;&#9;&#10;&#9;&#9;aBill.introduceInSenate();&#10;&#9;&#9;assertEquals(&quot;firstReading&quot;, aBill.getBillStateInHouseOfCommons());&#10;&#9;&#9;&#10;&#9;&#9;aBill.royalAssent();&#10;&#9;&#9;assertEquals(&quot;firstReading&quot;, aBill.getBillStateInHouseOfCommons());&#10;&#10;&#9;&#9;aBill.modify();&#10;&#9;&#9;assertEquals(&quot;firstReading&quot;, aBill.getBillStateInHouseOfCommons());&#10;&#10;&#9;&#9;&#10;&#9;}&#10;&#9;&#10;&#9;@Test&#10;&#9;public void testcase22() {&#10;&#9;&#9;//Sneak Test&#10;&#9;&#9;Bill aBill = new Bill();&#10;&#9;&#9;assertEquals(&quot;inPreparation&quot;, aBill.getBillState());&#10;&#9;&#9;aBill.introduceInHouse();&#10;&#9;&#9;assertEquals(&quot;firstReading&quot;, aBill.getBillStateInHouseOfCommons());&#10;&#9;&#9;aBill.votePasses();&#10;&#9;&#9;assertEquals(&quot;secondReading&quot;, aBill.getBillStateInHouseOfCommons());&#10;&#9;&#9;aBill.introduceInHouse();&#10;&#9;&#9;assertEquals(&quot;secondReading&quot;, aBill.getBillStateInHouseOfCommons());&#10;&#9;&#9;&#10;&#9;&#9;aBill.introduceInSenate();&#10;&#9;&#9;assertEquals(&quot;secondReading&quot;, aBill.getBillStateInHouseOfCommons());&#10;&#9;&#9;&#10;&#9;&#9;aBill.royalAssent();&#10;&#9;&#9;assertEquals(&quot;secondReading&quot;, aBill.getBillStateInHouseOfCommons());&#10;&#10;&#9;&#9;aBill.modify();&#10;&#9;&#9;assertEquals(&quot;secondReading&quot;, aBill.getBillStateInHouseOfCommons());&#10;&#10;&#9;}&#10;&#9;@Test&#10;&#9;public void testcase23() {&#10;&#9;&#9;//Sneak Test&#10;&#9;&#9;Bill aBill = new Bill();&#10;&#9;&#9;assertEquals(&quot;inPreparation&quot;, aBill.getBillState());&#10;&#9;&#9;aBill.introduceInHouse();&#10;&#9;&#9;assertEquals(&quot;firstReading&quot;, aBill.getBillStateInHouseOfCommons());&#10;&#9;&#9;aBill.votePasses();&#10;&#9;&#9;assertEquals(&quot;secondReading&quot;, aBill.getBillStateInHouseOfCommons());&#10;&#9;&#9;aBill.votePasses();&#10;&#9;&#9;assertEquals(&quot;committeeConsideration&quot;, aBill.getBillStateInHouseOfCommons());&#10;&#9;&#9;&#10;&#9;&#9;aBill.introduceInSenate();&#10;&#9;&#9;assertEquals(&quot;committeeConsideration&quot;, aBill.getBillStateInHouseOfCommons());&#10;&#9;&#9;&#10;&#9;&#9;aBill.royalAssent();&#10;&#9;&#9;assertEquals(&quot;committeeConsideration&quot;, aBill.getBillStateInHouseOfCommons());&#10;&#10;&#9;&#9;aBill.modify();&#10;&#9;&#9;assertEquals(&quot;committeeConsideration&quot;, aBill.getBillStateInHouseOfCommons());&#10;&#10;&#9;}&#10;&#9;&#10;&#9;@Test&#10;&#9;public void testcase24() {&#10;&#9;&#9;//Sneak Test&#10;&#9;&#9;Bill aBill = new Bill();&#10;&#9;&#9;assertEquals(&quot;inPreparation&quot;, aBill.getBillState());&#10;&#9;&#9;aBill.introduceInHouse();&#10;&#9;&#9;assertEquals(&quot;firstReading&quot;, aBill.getBillStateInHouseOfCommons());&#10;&#9;&#9;aBill.votePasses();&#10;&#9;&#9;assertEquals(&quot;secondReading&quot;, aBill.getBillStateInHouseOfCommons());&#10;&#9;&#9;aBill.votePasses();&#10;&#9;&#9;assertEquals(&quot;committeeConsideration&quot;, aBill.getBillStateInHouseOfCommons());&#10;&#9;&#9;aBill.votePasses();&#10;&#9;&#9;assertEquals(&quot;thirdReading&quot;, aBill.getBillStateInHouseOfCommons());&#10;&#10;&#9;&#9;aBill.introduceInSenate();&#10;&#9;&#9;assertEquals(&quot;thirdReading&quot;, aBill.getBillStateInHouseOfCommons());&#10;&#9;&#9;&#10;&#9;&#9;aBill.royalAssent();&#10;&#9;&#9;assertEquals(&quot;thirdReading&quot;, aBill.getBillStateInHouseOfCommons());&#10;&#10;&#9;&#9;aBill.modify();&#10;&#9;&#9;assertEquals(&quot;thirdReading&quot;, aBill.getBillStateInHouseOfCommons());&#10;&#10;&#9;}&#10;&#9;&#10;&#9;@Test&#10;&#9;public void testcase25() {&#10;&#9;&#9;//Sneak Test&#10;&#9;&#9;Bill aBill = new Bill();&#10;&#9;&#9;assertEquals(&quot;inPreparation&quot;, aBill.getBillState());&#10;&#9;&#9;aBill.introduceInHouse();&#10;&#9;&#9;assertEquals(&quot;firstReading&quot;, aBill.getBillStateInHouseOfCommons());&#10;&#9;&#9;aBill.votePasses();&#10;&#9;&#9;assertEquals(&quot;secondReading&quot;, aBill.getBillStateInHouseOfCommons());&#10;&#9;&#9;aBill.votePasses();&#10;&#9;&#9;assertEquals(&quot;committeeConsideration&quot;, aBill.getBillStateInHouseOfCommons());&#10;&#9;&#9;aBill.votePasses();&#10;&#9;&#9;assertEquals(&quot;thirdReading&quot;, aBill.getBillStateInHouseOfCommons());&#10;&#9;&#9;aBill.votePasses();&#10;&#9;&#9;assertEquals(&quot;awaitingRoyalAssent&quot;, aBill.getBillStateInHouseOfCommons());&#10;&#10;&#9;&#9;aBill.votePasses();&#10;&#9;&#9;assertEquals(&quot;awaitingRoyalAssent&quot;, aBill.getBillStateInHouseOfCommons());&#10;&#9;&#9;&#10;&#9;&#9;aBill.voteFails();&#10;&#9;&#9;assertEquals(&quot;awaitingRoyalAssent&quot;, aBill.getBillStateInHouseOfCommons());&#10;&#10;&#9;&#9;aBill.withdraw();&#10;&#9;&#9;assertEquals(&quot;awaitingRoyalAssent&quot;, aBill.getBillStateInHouseOfCommons());&#10;&#10;&#9;&#9;aBill.introduceInHouse();&#10;&#9;&#9;assertEquals(&quot;awaitingRoyalAssent&quot;, aBill.getBillStateInHouseOfCommons());&#10;&#10;&#9;&#9;aBill.introduceInSenate();&#10;&#9;&#9;assertEquals(&quot;awaitingRoyalAssent&quot;, aBill.getBillStateInHouseOfCommons());&#10;&#10;&#9;&#9;aBill.modify();&#10;&#9;&#9;assertEquals(&quot;awaitingRoyalAssent&quot;, aBill.getBillStateInHouseOfCommons());&#10;&#10;&#9;}&#10;&#9;&#10;&#9;@Test&#10;&#9;public void testcase26() {&#10;&#9;&#9;//Sneak Test&#10;&#9;&#9;Bill aBill = new Bill();&#10;&#9;&#9;assertEquals(&quot;inPreparation&quot;, aBill.getBillState());&#10;&#9;&#9;aBill.introduceInSenate();&#10;&#9;&#9;assertEquals(&quot;firstReadingS&quot;, aBill.getBillStateInSenate());&#10;&#9;&#9;aBill.introduceInHouse();&#10;&#9;&#9;assertEquals(&quot;firstReadingS&quot;, aBill.getBillStateInSenate());&#10;&#10;&#9;&#9;aBill.introduceInSenate();&#10;&#9;&#9;assertEquals(&quot;firstReadingS&quot;, aBill.getBillStateInSenate());&#10;&#10;&#9;&#9;aBill.royalAssent();&#10;&#9;&#9;assertEquals(&quot;firstReadingS&quot;, aBill.getBillStateInSenate());&#10;&#10;&#9;&#9;aBill.modify();&#10;&#9;&#9;assertEquals(&quot;firstReadingS&quot;, aBill.getBillStateInSenate());&#10;&#10;&#9;&#9;&#10;&#9;}&#10;&#9;@Test&#10;&#9;public void testcase27() {&#10;&#9;&#9;//Sneak Test&#10;&#9;&#9;Bill aBill = new Bill();&#10;&#9;&#9;assertEquals(&quot;inPreparation&quot;, aBill.getBillState());&#10;&#9;&#9;aBill.introduceInSenate();&#10;&#9;&#9;assertEquals(&quot;firstReadingS&quot;, aBill.getBillStateInSenate());&#10;&#9;&#9;aBill.votePasses();&#10;&#9;&#9;assertEquals(&quot;secondReadingS&quot;, aBill.getBillStateInSenate());&#10;&#9;&#9;aBill.introduceInHouse();&#10;&#9;&#9;assertEquals(&quot;secondReadingS&quot;, aBill.getBillStateInSenate());&#10;&#10;&#9;&#9;aBill.introduceInSenate();&#10;&#9;&#9;assertEquals(&quot;secondReadingS&quot;, aBill.getBillStateInSenate());&#10;&#10;&#9;&#9;aBill.royalAssent();&#10;&#9;&#9;assertEquals(&quot;secondReadingS&quot;, aBill.getBillStateInSenate());&#10;&#10;&#9;&#9;aBill.modify();&#10;&#9;&#9;assertEquals(&quot;secondReadingS&quot;, aBill.getBillStateInSenate());&#10;&#10;&#9;}&#10;&#9;&#10;&#9;@Test&#10;&#9;public void testcase28() {&#10;&#9;&#9;//Sneak Test&#10;&#9;&#9;Bill aBill = new Bill();&#10;&#9;&#9;assertEquals(&quot;inPreparation&quot;, aBill.getBillState());&#10;&#9;&#9;aBill.introduceInSenate();&#10;&#9;&#9;assertEquals(&quot;firstReadingS&quot;, aBill.getBillStateInSenate());&#10;&#9;&#9;aBill.votePasses();&#10;&#9;&#9;assertEquals(&quot;secondReadingS&quot;, aBill.getBillStateInSenate());&#10;&#9;&#9;aBill.votePasses();&#10;&#9;&#9;assertEquals(&quot;committeeConsiderationS&quot;, aBill.getBillStateInSenate());&#10;&#9;&#9;aBill.introduceInHouse();&#10;&#9;&#9;assertEquals(&quot;committeeConsiderationS&quot;, aBill.getBillStateInSenate());&#10;&#10;&#9;&#9;aBill.introduceInSenate();&#10;&#9;&#9;assertEquals(&quot;committeeConsiderationS&quot;, aBill.getBillStateInSenate());&#10;&#10;&#9;&#9;aBill.royalAssent();&#10;&#9;&#9;assertEquals(&quot;committeeConsiderationS&quot;, aBill.getBillStateInSenate());&#10;&#10;&#9;&#9;aBill.modify();&#10;&#9;&#9;assertEquals(&quot;committeeConsiderationS&quot;, aBill.getBillStateInSenate());&#10;&#10;&#9;}&#10;&#9;&#10;&#9;@Test&#10;&#9;public void testcase29() {&#10;&#9;&#9;//Sneak Test&#10;&#9;&#9;Bill aBill = new Bill();&#10;&#9;&#9;assertEquals(&quot;inPreparation&quot;, aBill.getBillState());&#10;&#9;&#9;aBill.introduceInSenate();&#10;&#9;&#9;assertEquals(&quot;firstReadingS&quot;, aBill.getBillStateInSenate());&#10;&#9;&#9;aBill.votePasses();&#10;&#9;&#9;assertEquals(&quot;secondReadingS&quot;, aBill.getBillStateInSenate());&#10;&#9;&#9;aBill.votePasses();&#10;&#9;&#9;assertEquals(&quot;committeeConsiderationS&quot;, aBill.getBillStateInSenate());&#10;&#9;&#9;aBill.votePasses();&#10;&#9;&#9;assertEquals(&quot;thirdReadingS&quot;, aBill.getBillStateInSenate());&#10;&#9;&#9;aBill.introduceInHouse();&#10;&#9;&#9;assertEquals(&quot;thirdReadingS&quot;, aBill.getBillStateInSenate());&#10;&#10;&#9;&#9;&#10;&#9;&#9;aBill.introduceInSenate();&#10;&#9;&#9;assertEquals(&quot;thirdReadingS&quot;, aBill.getBillStateInSenate());&#10;&#10;&#9;&#9;aBill.royalAssent();&#10;&#9;&#9;assertEquals(&quot;thirdReadingS&quot;, aBill.getBillStateInSenate());&#10;&#10;&#9;&#9;aBill.modify();&#10;&#9;&#9;assertEquals(&quot;thirdReadingS&quot;, aBill.getBillStateInSenate());&#10;&#10;&#9;}&#10;&#9;&#10;&#9;&#10;}" Filename="BillTest.java" Intrnl_Id="1"/>
<SrcFile Content="package bill;&#10;&#10;/**&#10; * State machine of a bill in Canadian parliament&#10; */&#10;public class Bill&#10;{&#10;&#10;  //------------------------&#10;  // MEMBER VARIABLES&#10;  //------------------------&#10;&#10;  //Bill Attributes&#10;  private boolean isCommonsBill;&#10;&#10;  //Bill State Machines&#10;  enum BillState { inPreparation, inHouseOfCommons, inSenate, awaitingRoyalAssent, actOfParliament, withdrawn }&#10;  enum BillStateInHouseOfCommons { Null, firstReading, secondReading, committeeConsideration, thirdReading, lastReading }&#10;  enum BillStateInSenate { Null, firstReadingS, secondReadingS, committeeConsiderationS, thirdReadingS }&#10;  private BillState billState;&#10;  private BillStateInHouseOfCommons billStateInHouseOfCommons;&#10;  private BillStateInSenate billStateInSenate;&#10;&#10;  //------------------------&#10;  // CONSTRUCTOR&#10;  //------------------------&#10;&#10;  public Bill()&#10;  {&#10;    isCommonsBill = true;&#10;    setBillStateInHouseOfCommons(BillStateInHouseOfCommons.Null);&#10;    setBillStateInSenate(BillStateInSenate.Null);&#10;    setBillState(BillState.inPreparation);&#10;  }&#10;&#10;  //------------------------&#10;  // INTERFACE&#10;  //------------------------&#10;&#10;  public boolean setIsCommonsBill(boolean aIsCommonsBill)&#10;  {&#10;    boolean wasSet = false;&#10;    isCommonsBill = aIsCommonsBill;&#10;    wasSet = true;&#10;    return wasSet;&#10;  }&#10;&#10;  public boolean getIsCommonsBill()&#10;  {&#10;    return isCommonsBill;&#10;  }&#10;&#10;  public boolean isIsCommonsBill()&#10;  {&#10;    return isCommonsBill;&#10;  }&#10;&#10;  public boolean introduceInHouse()&#10;  {&#10;    boolean wasEventProcessed = false;&#10;    &#10;    BillState aBillState = billState;&#10;    switch (aBillState)&#10;    {&#10;      case inPreparation:&#10;        setBillState(BillState.inHouseOfCommons);&#10;        wasEventProcessed = true;&#10;        break;&#10;      default:&#10;        // Other states do respond to this event&#10;    }&#10;&#10;    return wasEventProcessed;&#10;  }&#10;&#10;  public boolean introduceInSenate()&#10;  {&#10;    boolean wasEventProcessed = false;&#10;    &#10;    BillState aBillState = billState;&#10;    switch (aBillState)&#10;    {&#10;      case inPreparation:&#10;        isCommonsBill = false;&#10;        setBillState(BillState.inSenate);&#10;        wasEventProcessed = true;&#10;        break;&#10;      default:&#10;        // Other states do respond to this event&#10;    }&#10;&#10;    return wasEventProcessed;&#10;  }&#10;&#10;  public boolean withdraw()&#10;  {&#10;    boolean wasEventProcessed = false;&#10;    &#10;    BillState aBillState = billState;&#10;    switch (aBillState)&#10;    {&#10;      case inHouseOfCommons:&#10;        exitBillState();&#10;        setBillState(BillState.withdrawn);&#10;        wasEventProcessed = true;&#10;        break;&#10;      case inSenate:&#10;        exitBillState();&#10;        setBillState(BillState.withdrawn);&#10;        wasEventProcessed = true;&#10;        break;&#10;      default:&#10;        // Other states do respond to this event&#10;    }&#10;&#10;    return wasEventProcessed;&#10;  }&#10;&#10;  public boolean voteFails()&#10;  {&#10;    boolean wasEventProcessed = false;&#10;    &#10;    BillState aBillState = billState;&#10;    switch (aBillState)&#10;    {&#10;      case inHouseOfCommons:&#10;        setBillStateInHouseOfCommons(BillStateInHouseOfCommons.secondReading);&#10;        wasEventProcessed = true;&#10;        break;&#10;      case inSenate:&#10;        exitBillState();&#10;        setBillState(BillState.withdrawn);&#10;        wasEventProcessed = true;&#10;        break;&#10;      default:&#10;        // Other states do respond to this event&#10;    }&#10;&#10;    return wasEventProcessed;&#10;  }&#10;&#10;  public boolean royalAssent()&#10;  {&#10;    boolean wasEventProcessed = false;&#10;    &#10;    BillState aBillState = billState;&#10;    switch (aBillState)&#10;    {&#10;      case awaitingRoyalAssent:&#10;        setBillState(BillState.actOfParliament);&#10;        wasEventProcessed = true;&#10;        break;&#10;      default:&#10;        // Other states do respond to this event&#10;    }&#10;&#10;    return wasEventProcessed;&#10;  }&#10;&#10;  public boolean voteDenied()&#10;  {&#10;    boolean wasEventProcessed = false;&#10;    &#10;    BillState aBillState = billState;&#10;    switch (aBillState)&#10;    {&#10;      case inHouseOfCommons:    &#9;  &#10;        setBillStateInHouseOfCommons(BillStateInHouseOfCommons.lastReading);&#10;        wasEventProcessed = true;&#10;        break;&#10;      case inSenate:&#10;        setBillStateInSenate(BillStateInSenate.firstReadingS);&#10;        wasEventProcessed = true;&#10;        break;&#10;      default:&#10;        // Other states do respond to this event&#10;    }&#10;&#10;    return wasEventProcessed;&#10;  }&#10;  &#10;  public boolean modify()&#10;  {&#10;    boolean wasEventProcessed = false;&#10;    &#10;    BillState aBillState = billState;&#10;    switch (aBillState)&#10;    {&#10;      case withdrawn:&#10;        setBillState(BillState.inPreparation);&#10;        wasEventProcessed = true;&#10;        break;&#10;      default:&#10;        // Other states do respond to this event&#10;    }&#10;&#10;    return wasEventProcessed;&#10;  }&#10;&#10;  private boolean exitInHouseOfCommons()&#10;  {&#10;    boolean wasEventProcessed = false;&#10;    &#10;    BillStateInHouseOfCommons aBillStateInHouseOfCommons = billStateInHouseOfCommons;&#10;    switch (aBillStateInHouseOfCommons)&#10;    {&#10;      case firstReading:&#10;        setBillStateInHouseOfCommons(BillStateInHouseOfCommons.Null);&#10;        wasEventProcessed = true;&#10;        break;&#10;      case secondReading:&#10;        setBillStateInHouseOfCommons(BillStateInHouseOfCommons.Null);&#10;        wasEventProcessed = true;&#10;        break;&#10;      case committeeConsideration:&#10;        setBillStateInHouseOfCommons(BillStateInHouseOfCommons.Null);&#10;        wasEventProcessed = true;&#10;        break;&#10;      case thirdReading:&#10;        setBillStateInHouseOfCommons(BillStateInHouseOfCommons.Null);&#10;        wasEventProcessed = true;&#10;        break;&#10;      default:&#10;        // Other states do respond to this event&#10;    }&#10;&#10;    return wasEventProcessed;&#10;  }&#10;&#10;  public boolean votePasses()&#10;  {&#10;    boolean wasEventProcessed = false;&#10;    &#10;    BillStateInHouseOfCommons aBillStateInHouseOfCommons = billStateInHouseOfCommons;&#10;    BillStateInSenate aBillStateInSenate = billStateInSenate;&#10;    switch (aBillStateInHouseOfCommons)&#10;    {&#10;      case firstReading:&#10;        setBillStateInHouseOfCommons(BillStateInHouseOfCommons.secondReading);&#10;        wasEventProcessed = true;&#10;        break;&#10;      case secondReading:&#10;        setBillStateInHouseOfCommons(BillStateInHouseOfCommons.committeeConsideration);&#10;        wasEventProcessed = true;&#10;        break;&#10;      case committeeConsideration:&#10;        setBillStateInHouseOfCommons(BillStateInHouseOfCommons.thirdReading);&#10;        wasEventProcessed = true;&#10;        break;&#10;      case thirdReading:&#10;        if (getIsCommonsBill())&#10;        {&#10;          exitBillState();&#10;          setBillState(BillState.inSenate);&#10;          wasEventProcessed = true;&#10;          break;&#10;        }&#10;        if (!getIsCommonsBill())&#10;        {&#10;          exitBillState();&#10;          setBillState(BillState.awaitingRoyalAssent);&#10;          wasEventProcessed = true;&#10;          break;&#10;        }&#10;        break;&#10;      default:&#10;        // Other states do respond to this event&#10;    }&#10;&#10;    switch (aBillStateInSenate)&#10;    {&#10;      case firstReadingS:&#10;        setBillStateInSenate(BillStateInSenate.secondReadingS);&#10;        wasEventProcessed = true;&#10;        break;&#10;      case secondReadingS:&#10;        setBillStateInSenate(BillStateInSenate.committeeConsiderationS);&#10;        wasEventProcessed = true;&#10;        break;&#10;      case committeeConsiderationS:&#10;        setBillStateInSenate(BillStateInSenate.thirdReadingS);&#10;        isCommonsBill = true;&#10;        wasEventProcessed = true;&#10;        break;&#10;      case thirdReadingS:&#10;        if (getIsCommonsBill())&#10;        {&#10;          exitBillState();&#10;          setBillState(BillState.awaitingRoyalAssent);&#10;          wasEventProcessed = true;&#10;          break;&#10;        }&#10;        if (!getIsCommonsBill())&#10;        {&#10;          exitBillState();&#10;          setBillState(BillState.inHouseOfCommons);&#10;          wasEventProcessed = true;&#10;          break;&#10;        }&#10;        break;&#10;      default:&#10;        // Other states do respond to this event&#10;    }&#10;&#10;    return wasEventProcessed;&#10;  }&#10;&#10;  private boolean exitInSenate()&#10;  {&#10;    boolean wasEventProcessed = false;&#10;    &#10;    BillStateInSenate aBillStateInSenate = billStateInSenate;&#10;    switch (aBillStateInSenate)&#10;    {&#10;      case firstReadingS:&#10;        setBillStateInSenate(BillStateInSenate.Null);&#10;        wasEventProcessed = true;&#10;        break;&#10;      case secondReadingS:&#10;        setBillStateInSenate(BillStateInSenate.Null);&#10;        wasEventProcessed = true;&#10;        break;&#10;      case committeeConsiderationS:&#10;        setBillStateInSenate(BillStateInSenate.Null);&#10;        wasEventProcessed = true;&#10;        break;&#10;      case thirdReadingS:&#10;        setBillStateInSenate(BillStateInSenate.Null);&#10;        wasEventProcessed = true;&#10;        break;&#10;      default:&#10;        // Other states do respond to this event&#10;    }&#10;&#10;    return wasEventProcessed;&#10;  }&#10;&#10;  private void exitBillState()&#10;  {&#10;    switch(billState)&#10;    {&#10;      case inHouseOfCommons:&#10;        exitInHouseOfCommons();&#10;        break;&#10;      case inSenate:&#10;        exitInSenate();&#10;        break;&#10;    }&#10;  }&#10;&#10;  private void setBillState(BillState aBillState)&#10;  {&#10;    billState = aBillState;&#10;&#10;    // entry actions and do activities&#10;    switch(billState)&#10;    {&#10;      case inHouseOfCommons:&#10;        if (billStateInHouseOfCommons == BillStateInHouseOfCommons.Null) { setBillStateInHouseOfCommons(BillStateInHouseOfCommons.firstReading); }&#10;        break;&#10;      case inSenate:&#10;        if (billStateInSenate == BillStateInSenate.Null) { setBillStateInSenate(BillStateInSenate.firstReadingS); }&#10;        break;&#10;    }&#10;  }&#10;&#10;  private void setBillStateInHouseOfCommons(BillStateInHouseOfCommons aBillStateInHouseOfCommons)&#10;  {&#10;    billStateInHouseOfCommons = aBillStateInHouseOfCommons;&#10;    if (billState != BillState.inHouseOfCommons &amp;&amp; aBillStateInHouseOfCommons != BillStateInHouseOfCommons.Null) { setBillState(BillState.inHouseOfCommons); }&#10;  }&#10;&#10;  private void setBillStateInSenate(BillStateInSenate aBillStateInSenate)&#10;  {&#10;    billStateInSenate = aBillStateInSenate;&#10;    if (billState != BillState.inSenate &amp;&amp; aBillStateInSenate != BillStateInSenate.Null) { setBillState(BillState.inSenate); }&#10;  }&#10;&#10;  public void delete()&#10;  {}&#10;&#10;&#10;  public String toString()&#10;  {&#10;&#9;  String outputString = &quot;&quot;;&#10;    return super.toString() + &quot;[&quot;+&#10;            &quot;isCommonsBill&quot; + &quot;:&quot; + getIsCommonsBill()+ &quot;]&quot;&#10;     + outputString;&#10;  }&#10;  &#10;// Additional test support methods  &#10;//  enum BillState { inPreparation, inHouseOfCommons, inSenate, awaitingRoyalAssent, actOfParliament, withdrawn }&#10;//  enum BillStateInHouseOfCommons { Null, firstReading, secondReading, committeeConsideration, thirdReading, lastReading }&#10;//  enum BillStateInSenate { Null, firstReadingS, secondReadingS, committeeConsiderationS, thirdReadingS }&#10;//  private BillState billState;&#10;//  private BillStateInHouseOfCommons billStateInHouseOfCommons;&#10;//  private BillStateInSenate billStateInSenate;&#10;  &#10;  // Returns the BillState state as a string&#10;  public String getBillState()&#10;  {&#10;    return billState.toString();&#10;  }&#10;  &#10;  // Returns the BillStateInHouseOfCommons state as a string&#10;  public String getBillStateInHouseOfCommons()&#10;  {&#10;&#9;  return billStateInHouseOfCommons.toString();&#10;  }&#10;  &#10;  // Returns the BillStateInSenate state as a string&#10;  public String getBillStateInSenate()&#10;  {&#10;&#9;  return billStateInSenate.toString();&#10;  }&#10;&#10;  // main method&#10;//  public static void main(String[] args) {&#10;//&#9;Bill abill = new Bill();&#10;//&#9;System.out.println(abill.getBillState());&#10;//  }&#10;}" Filename="Bill.java" Intrnl_Id="2"/>
</SrcFileList>
<CritList>
<CritListEntry Name="org.codecover.model.utils.criteria.LoopCoverage" PluginName="org.codecover"/>
<CritListEntry Name="org.codecover.model.utils.criteria.BranchCoverage" PluginName="org.codecover"/>
<CritListEntry Name="org.codecover.model.utils.criteria.ConditionCoverage" PluginName="org.codecover"/>
<CritListEntry Name="org.codecover.model.utils.criteria.SynchronizedStatementCoverage" PluginName="org.codecover"/>
<CritListEntry Name="org.codecover.model.utils.criteria.QMOCoverage" PluginName="org.codecover"/>
<CritListEntry Name="org.codecover.model.utils.criteria.StatementCoverage" PluginName="org.codecover"/>
</CritList>
<BoolOpList>
<BoolOp Arity="1" Intrnl_Id="3" Name="not (!)">
<BoolAssgnmntBoolMapList>
<MapEntry BoolAssgnmnt="0" Value="true"/>
<MapEntry BoolAssgnmnt="1" Value="false"/>
</BoolAssgnmntBoolMapList>
</BoolOp>
<BoolOp Arity="2" Intrnl_Id="4" Name="conditional and (&amp;&amp;)">
<BoolAssgnmntBoolMapList>
<MapEntry BoolAssgnmnt="10" Value="false"/>
<MapEntry BoolAssgnmnt="02" Value="false"/>
<MapEntry BoolAssgnmnt="11" Value="true"/>
</BoolAssgnmntBoolMapList>
</BoolOp>
</BoolOpList>
<HierarchyLvlTypeList>
<HierarchyLvlType EnglishName="enumeration" IntrnlName="enum" Intrnl_Id="5"/>
<HierarchyLvlType EnglishName="package" IntrnlName="package" Intrnl_Id="6"/>
<HierarchyLvlType EnglishName="class" IntrnlName="class" Intrnl_Id="7"/>
<HierarchyLvlType EnglishName="method" IntrnlName="method" Intrnl_Id="8"/>
<HierarchyLvlType EnglishName="default package" IntrnlName="default package" Intrnl_Id="9"/>
</HierarchyLvlTypeList>
<MASTRoot>
<HierarchyLvl HierarchyLvlId="194" HierarchyLvlTypeId="9" Intrnl_Id="10" Name="default package">
<Header/>
<LocList/>
<HierarchyLvl HierarchyLvlId="192" HierarchyLvlTypeId="6" Intrnl_Id="11" Name="test">
<Header/>
<LocList/>
<HierarchyLvl HierarchyLvlId="164" HierarchyLvlTypeId="7" Intrnl_Id="12" Name="BillTest">
<Header>
<Loc EndOffset="222" SrcFileId="1" StartOffset="201"/>
</Header>
<LocList>
<Loc EndOffset="18263" SrcFileId="1" StartOffset="201"/>
</LocList>
<HierarchyLvl HierarchyLvlId="131" HierarchyLvlTypeId="8" Intrnl_Id="13" Name="setUpBeforeClass">
<Header>
<Loc EndOffset="295" SrcFileId="1" StartOffset="227"/>
</Header>
<LocList>
<Loc EndOffset="300" SrcFileId="1" StartOffset="227"/>
</LocList>
</HierarchyLvl>
<HierarchyLvl HierarchyLvlId="132" HierarchyLvlTypeId="8" Intrnl_Id="14" Name="tearDownAfterClass">
<Header>
<Loc EndOffset="372" SrcFileId="1" StartOffset="303"/>
</Header>
<LocList>
<Loc EndOffset="377" SrcFileId="1" StartOffset="303"/>
</LocList>
</HierarchyLvl>
<HierarchyLvl HierarchyLvlId="133" HierarchyLvlTypeId="8" Intrnl_Id="15" Name="setUp">
<Header>
<Loc EndOffset="425" SrcFileId="1" StartOffset="380"/>
</Header>
<LocList>
<Loc EndOffset="430" SrcFileId="1" StartOffset="380"/>
</LocList>
</HierarchyLvl>
<HierarchyLvl HierarchyLvlId="134" HierarchyLvlTypeId="8" Intrnl_Id="16" Name="tearDown">
<Header>
<Loc EndOffset="480" SrcFileId="1" StartOffset="433"/>
</Header>
<LocList>
<Loc EndOffset="485" SrcFileId="1" StartOffset="433"/>
</LocList>
</HierarchyLvl>
<HierarchyLvl HierarchyLvlId="135" HierarchyLvlTypeId="8" Intrnl_Id="17" Name="testcase1">
<Header>
<Loc EndOffset="519" SrcFileId="1" StartOffset="489"/>
</Header>
<LocList>
<Loc EndOffset="1267" SrcFileId="1" StartOffset="489"/>
</LocList>
<StmntSeq Intrnl_Id="18">
<LocList>
<Loc EndOffset="569" SrcFileId="1" StartOffset="545"/>
<Loc EndOffset="624" SrcFileId="1" StartOffset="572"/>
<Loc EndOffset="652" SrcFileId="1" StartOffset="627"/>
<Loc EndOffset="722" SrcFileId="1" StartOffset="655"/>
<Loc EndOffset="742" SrcFileId="1" StartOffset="725"/>
<Loc EndOffset="793" SrcFileId="1" StartOffset="745"/>
<Loc EndOffset="811" SrcFileId="1" StartOffset="796"/>
<Loc EndOffset="866" SrcFileId="1" StartOffset="814"/>
<Loc EndOffset="907" SrcFileId="1" StartOffset="888"/>
<Loc EndOffset="962" SrcFileId="1" StartOffset="910"/>
<Loc EndOffset="983" SrcFileId="1" StartOffset="965"/>
<Loc EndOffset="1038" SrcFileId="1" StartOffset="986"/>
<Loc EndOffset="1058" SrcFileId="1" StartOffset="1041"/>
<Loc EndOffset="1113" SrcFileId="1" StartOffset="1061"/>
<Loc EndOffset="1136" SrcFileId="1" StartOffset="1116"/>
<Loc EndOffset="1191" SrcFileId="1" StartOffset="1139"/>
<Loc EndOffset="1209" SrcFileId="1" StartOffset="1194"/>
<Loc EndOffset="1264" SrcFileId="1" StartOffset="1212"/>
</LocList>
<BasicStmnt CovItemId="S1" CovItemPrefix="test.BillTest.java" Intrnl_Id="19">
<LocList>
<Loc EndOffset="569" SrcFileId="1" StartOffset="545"/>
</LocList>
</BasicStmnt>
<BasicStmnt CovItemId="S2" CovItemPrefix="test.BillTest.java" Intrnl_Id="20">
<LocList>
<Loc EndOffset="624" SrcFileId="1" StartOffset="572"/>
</LocList>
</BasicStmnt>
<BasicStmnt CovItemId="S3" CovItemPrefix="test.BillTest.java" Intrnl_Id="21">
<LocList>
<Loc EndOffset="652" SrcFileId="1" StartOffset="627"/>
</LocList>
</BasicStmnt>
<BasicStmnt CovItemId="S4" CovItemPrefix="test.BillTest.java" Intrnl_Id="22">
<LocList>
<Loc EndOffset="722" SrcFileId="1" StartOffset="655"/>
</LocList>
</BasicStmnt>
<BasicStmnt CovItemId="S5" CovItemPrefix="test.BillTest.java" Intrnl_Id="23">
<LocList>
<Loc EndOffset="742" SrcFileId="1" StartOffset="725"/>
</LocList>
</BasicStmnt>
<BasicStmnt CovItemId="S6" CovItemPrefix="test.BillTest.java" Intrnl_Id="24">
<LocList>
<Loc EndOffset="793" SrcFileId="1" StartOffset="745"/>
</LocList>
</BasicStmnt>
<BasicStmnt CovItemId="S7" CovItemPrefix="test.BillTest.java" Intrnl_Id="25">
<LocList>
<Loc EndOffset="811" SrcFileId="1" StartOffset="796"/>
</LocList>
</BasicStmnt>
<BasicStmnt CovItemId="S8" CovItemPrefix="test.BillTest.java" Intrnl_Id="26">
<LocList>
<Loc EndOffset="866" SrcFileId="1" StartOffset="814"/>
</LocList>
</BasicStmnt>
<BasicStmnt CovItemId="S9" CovItemPrefix="test.BillTest.java" Intrnl_Id="27">
<LocList>
<Loc EndOffset="907" SrcFileId="1" StartOffset="888"/>
</LocList>
</BasicStmnt>
<BasicStmnt CovItemId="S10" CovItemPrefix="test.BillTest.java" Intrnl_Id="28">
<LocList>
<Loc EndOffset="962" SrcFileId="1" StartOffset="910"/>
</LocList>
</BasicStmnt>
<BasicStmnt CovItemId="S11" CovItemPrefix="test.BillTest.java" Intrnl_Id="29">
<LocList>
<Loc EndOffset="983" SrcFileId="1" StartOffset="965"/>
</LocList>
</BasicStmnt>
<BasicStmnt CovItemId="S12" CovItemPrefix="test.BillTest.java" Intrnl_Id="30">
<LocList>
<Loc EndOffset="1038" SrcFileId="1" StartOffset="986"/>
</LocList>
</BasicStmnt>
<BasicStmnt CovItemId="S13" CovItemPrefix="test.BillTest.java" Intrnl_Id="31">
<LocList>
<Loc EndOffset="1058" SrcFileId="1" StartOffset="1041"/>
</LocList>
</BasicStmnt>
<BasicStmnt CovItemId="S14" CovItemPrefix="test.BillTest.java" Intrnl_Id="32">
<LocList>
<Loc EndOffset="1113" SrcFileId="1" StartOffset="1061"/>
</LocList>
</BasicStmnt>
<BasicStmnt CovItemId="S15" CovItemPrefix="test.BillTest.java" Intrnl_Id="33">
<LocList>
<Loc EndOffset="1136" SrcFileId="1" StartOffset="1116"/>
</LocList>
</BasicStmnt>
<BasicStmnt CovItemId="S16" CovItemPrefix="test.BillTest.java" Intrnl_Id="34">
<LocList>
<Loc EndOffset="1191" SrcFileId="1" StartOffset="1139"/>
</LocList>
</BasicStmnt>
<BasicStmnt CovItemId="S17" CovItemPrefix="test.BillTest.java" Intrnl_Id="35">
<LocList>
<Loc EndOffset="1209" SrcFileId="1" StartOffset="1194"/>
</LocList>
</BasicStmnt>
<BasicStmnt CovItemId="S18" CovItemPrefix="test.BillTest.java" Intrnl_Id="36">
<LocList>
<Loc EndOffset="1264" SrcFileId="1" StartOffset="1212"/>
</LocList>
</BasicStmnt>
</StmntSeq>
</HierarchyLvl>
<HierarchyLvl HierarchyLvlId="136" HierarchyLvlTypeId="8" Intrnl_Id="37" Name="testcase2">
<Header>
<Loc EndOffset="1301" SrcFileId="1" StartOffset="1271"/>
</Header>
<LocList>
<Loc EndOffset="2163" SrcFileId="1" StartOffset="1271"/>
</LocList>
<StmntSeq Intrnl_Id="38">
<LocList>
<Loc EndOffset="1351" SrcFileId="1" StartOffset="1327"/>
<Loc EndOffset="1406" SrcFileId="1" StartOffset="1354"/>
<Loc EndOffset="1434" SrcFileId="1" StartOffset="1409"/>
<Loc EndOffset="1504" SrcFileId="1" StartOffset="1437"/>
<Loc EndOffset="1548" SrcFileId="1" StartOffset="1507"/>
<Loc EndOffset="1569" SrcFileId="1" StartOffset="1551"/>
<Loc EndOffset="1694" SrcFileId="1" StartOffset="1646"/>
<Loc EndOffset="1733" SrcFileId="1" StartOffset="1714"/>
<Loc EndOffset="1784" SrcFileId="1" StartOffset="1736"/>
<Loc EndOffset="1805" SrcFileId="1" StartOffset="1787"/>
<Loc EndOffset="1856" SrcFileId="1" StartOffset="1808"/>
<Loc EndOffset="1876" SrcFileId="1" StartOffset="1859"/>
<Loc EndOffset="1927" SrcFileId="1" StartOffset="1879"/>
<Loc EndOffset="1955" SrcFileId="1" StartOffset="1930"/>
<Loc EndOffset="2006" SrcFileId="1" StartOffset="1958"/>
<Loc EndOffset="2035" SrcFileId="1" StartOffset="2009"/>
<Loc EndOffset="2086" SrcFileId="1" StartOffset="2038"/>
<Loc EndOffset="2109" SrcFileId="1" StartOffset="2089"/>
<Loc EndOffset="2160" SrcFileId="1" StartOffset="2112"/>
</LocList>
<BasicStmnt CovItemId="S19" CovItemPrefix="test.BillTest.java" Intrnl_Id="39">
<LocList>
<Loc EndOffset="1351" SrcFileId="1" StartOffset="1327"/>
</LocList>
</BasicStmnt>
<BasicStmnt CovItemId="S20" CovItemPrefix="test.BillTest.java" Intrnl_Id="40">
<LocList>
<Loc EndOffset="1406" SrcFileId="1" StartOffset="1354"/>
</LocList>
</BasicStmnt>
<BasicStmnt CovItemId="S21" CovItemPrefix="test.BillTest.java" Intrnl_Id="41">
<LocList>
<Loc EndOffset="1434" SrcFileId="1" StartOffset="1409"/>
</LocList>
</BasicStmnt>
<BasicStmnt CovItemId="S22" CovItemPrefix="test.BillTest.java" Intrnl_Id="42">
<LocList>
<Loc EndOffset="1504" SrcFileId="1" StartOffset="1437"/>
</LocList>
</BasicStmnt>
<BasicStmnt CovItemId="S23" CovItemPrefix="test.BillTest.java" Intrnl_Id="43">
<LocList>
<Loc EndOffset="1548" SrcFileId="1" StartOffset="1507"/>
</LocList>
</BasicStmnt>
<BasicStmnt CovItemId="S24" CovItemPrefix="test.BillTest.java" Intrnl_Id="44">
<LocList>
<Loc EndOffset="1569" SrcFileId="1" StartOffset="1551"/>
</LocList>
</BasicStmnt>
<BasicStmnt CovItemId="S25" CovItemPrefix="test.BillTest.java" Intrnl_Id="45">
<LocList>
<Loc EndOffset="1694" SrcFileId="1" StartOffset="1646"/>
</LocList>
</BasicStmnt>
<BasicStmnt CovItemId="S26" CovItemPrefix="test.BillTest.java" Intrnl_Id="46">
<LocList>
<Loc EndOffset="1733" SrcFileId="1" StartOffset="1714"/>
</LocList>
</BasicStmnt>
<BasicStmnt CovItemId="S27" CovItemPrefix="test.BillTest.java" Intrnl_Id="47">
<LocList>
<Loc EndOffset="1784" SrcFileId="1" StartOffset="1736"/>
</LocList>
</BasicStmnt>
<BasicStmnt CovItemId="S28" CovItemPrefix="test.BillTest.java" Intrnl_Id="48">
<LocList>
<Loc EndOffset="1805" SrcFileId="1" StartOffset="1787"/>
</LocList>
</BasicStmnt>
<BasicStmnt CovItemId="S29" CovItemPrefix="test.BillTest.java" Intrnl_Id="49">
<LocList>
<Loc EndOffset="1856" SrcFileId="1" StartOffset="1808"/>
</LocList>
</BasicStmnt>
<BasicStmnt CovItemId="S30" CovItemPrefix="test.BillTest.java" Intrnl_Id="50">
<LocList>
<Loc EndOffset="1876" SrcFileId="1" StartOffset="1859"/>
</LocList>
</BasicStmnt>
<BasicStmnt CovItemId="S31" CovItemPrefix="test.BillTest.java" Intrnl_Id="51">
<LocList>
<Loc EndOffset="1927" SrcFileId="1" StartOffset="1879"/>
</LocList>
</BasicStmnt>
<BasicStmnt CovItemId="S32" CovItemPrefix="test.BillTest.java" Intrnl_Id="52">
<LocList>
<Loc EndOffset="1955" SrcFileId="1" StartOffset="1930"/>
</LocList>
</BasicStmnt>
<BasicStmnt CovItemId="S33" CovItemPrefix="test.BillTest.java" Intrnl_Id="53">
<LocList>
<Loc EndOffset="2006" SrcFileId="1" StartOffset="1958"/>
</LocList>
</BasicStmnt>
<BasicStmnt CovItemId="S34" CovItemPrefix="test.BillTest.java" Intrnl_Id="54">
<LocList>
<Loc EndOffset="2035" SrcFileId="1" StartOffset="2009"/>
</LocList>
</BasicStmnt>
<BasicStmnt CovItemId="S35" CovItemPrefix="test.BillTest.java" Intrnl_Id="55">
<LocList>
<Loc EndOffset="2086" SrcFileId="1" StartOffset="2038"/>
</LocList>
</BasicStmnt>
<BasicStmnt CovItemId="S36" CovItemPrefix="test.BillTest.java" Intrnl_Id="56">
<LocList>
<Loc EndOffset="2109" SrcFileId="1" StartOffset="2089"/>
</LocList>
</BasicStmnt>
<BasicStmnt CovItemId="S37" CovItemPrefix="test.BillTest.java" Intrnl_Id="57">
<LocList>
<Loc EndOffset="2160" SrcFileId="1" StartOffset="2112"/>
</LocList>
</BasicStmnt>
</StmntSeq>
</HierarchyLvl>
<HierarchyLvl HierarchyLvlId="137" HierarchyLvlTypeId="8" Intrnl_Id="58" Name="testcase3">
<Header>
<Loc EndOffset="2197" SrcFileId="1" StartOffset="2167"/>
</Header>
<LocList>
<Loc EndOffset="2567" SrcFileId="1" StartOffset="2167"/>
</LocList>
<StmntSeq Intrnl_Id="59">
<LocList>
<Loc EndOffset="2247" SrcFileId="1" StartOffset="2223"/>
<Loc EndOffset="2302" SrcFileId="1" StartOffset="2250"/>
<Loc EndOffset="2330" SrcFileId="1" StartOffset="2305"/>
<Loc EndOffset="2400" SrcFileId="1" StartOffset="2333"/>
<Loc EndOffset="2422" SrcFileId="1" StartOffset="2403"/>
<Loc EndOffset="2493" SrcFileId="1" StartOffset="2425"/>
<Loc EndOffset="2513" SrcFileId="1" StartOffset="2496"/>
<Loc EndOffset="2564" SrcFileId="1" StartOffset="2516"/>
</LocList>
<BasicStmnt CovItemId="S38" CovItemPrefix="test.BillTest.java" Intrnl_Id="60">
<LocList>
<Loc EndOffset="2247" SrcFileId="1" StartOffset="2223"/>
</LocList>
</BasicStmnt>
<BasicStmnt CovItemId="S39" CovItemPrefix="test.BillTest.java" Intrnl_Id="61">
<LocList>
<Loc EndOffset="2302" SrcFileId="1" StartOffset="2250"/>
</LocList>
</BasicStmnt>
<BasicStmnt CovItemId="S40" CovItemPrefix="test.BillTest.java" Intrnl_Id="62">
<LocList>
<Loc EndOffset="2330" SrcFileId="1" StartOffset="2305"/>
</LocList>
</BasicStmnt>
<BasicStmnt CovItemId="S41" CovItemPrefix="test.BillTest.java" Intrnl_Id="63">
<LocList>
<Loc EndOffset="2400" SrcFileId="1" StartOffset="2333"/>
</LocList>
</BasicStmnt>
<BasicStmnt CovItemId="S42" CovItemPrefix="test.BillTest.java" Intrnl_Id="64">
<LocList>
<Loc EndOffset="2422" SrcFileId="1" StartOffset="2403"/>
</LocList>
</BasicStmnt>
<BasicStmnt CovItemId="S43" CovItemPrefix="test.BillTest.java" Intrnl_Id="65">
<LocList>
<Loc EndOffset="2493" SrcFileId="1" StartOffset="2425"/>
</LocList>
</BasicStmnt>
<BasicStmnt CovItemId="S44" CovItemPrefix="test.BillTest.java" Intrnl_Id="66">
<LocList>
<Loc EndOffset="2513" SrcFileId="1" StartOffset="2496"/>
</LocList>
</BasicStmnt>
<BasicStmnt CovItemId="S45" CovItemPrefix="test.BillTest.java" Intrnl_Id="67">
<LocList>
<Loc EndOffset="2564" SrcFileId="1" StartOffset="2516"/>
</LocList>
</BasicStmnt>
</StmntSeq>
</HierarchyLvl>
<HierarchyLvl HierarchyLvlId="138" HierarchyLvlTypeId="8" Intrnl_Id="68" Name="testcase4">
<Header>
<Loc EndOffset="2601" SrcFileId="1" StartOffset="2571"/>
</Header>
<LocList>
<Loc EndOffset="2982" SrcFileId="1" StartOffset="2571"/>
</LocList>
<StmntSeq Intrnl_Id="69">
<LocList>
<Loc EndOffset="2651" SrcFileId="1" StartOffset="2627"/>
<Loc EndOffset="2706" SrcFileId="1" StartOffset="2654"/>
<Loc EndOffset="2734" SrcFileId="1" StartOffset="2709"/>
<Loc EndOffset="2804" SrcFileId="1" StartOffset="2737"/>
<Loc EndOffset="2826" SrcFileId="1" StartOffset="2807"/>
<Loc EndOffset="2897" SrcFileId="1" StartOffset="2829"/>
<Loc EndOffset="2918" SrcFileId="1" StartOffset="2900"/>
<Loc EndOffset="2979" SrcFileId="1" StartOffset="2931"/>
</LocList>
<BasicStmnt CovItemId="S46" CovItemPrefix="test.BillTest.java" Intrnl_Id="70">
<LocList>
<Loc EndOffset="2651" SrcFileId="1" StartOffset="2627"/>
</LocList>
</BasicStmnt>
<BasicStmnt CovItemId="S47" CovItemPrefix="test.BillTest.java" Intrnl_Id="71">
<LocList>
<Loc EndOffset="2706" SrcFileId="1" StartOffset="2654"/>
</LocList>
</BasicStmnt>
<BasicStmnt CovItemId="S48" CovItemPrefix="test.BillTest.java" Intrnl_Id="72">
<LocList>
<Loc EndOffset="2734" SrcFileId="1" StartOffset="2709"/>
</LocList>
</BasicStmnt>
<BasicStmnt CovItemId="S49" CovItemPrefix="test.BillTest.java" Intrnl_Id="73">
<LocList>
<Loc EndOffset="2804" SrcFileId="1" StartOffset="2737"/>
</LocList>
</BasicStmnt>
<BasicStmnt CovItemId="S50" CovItemPrefix="test.BillTest.java" Intrnl_Id="74">
<LocList>
<Loc EndOffset="2826" SrcFileId="1" StartOffset="2807"/>
</LocList>
</BasicStmnt>
<BasicStmnt CovItemId="S51" CovItemPrefix="test.BillTest.java" Intrnl_Id="75">
<LocList>
<Loc EndOffset="2897" SrcFileId="1" StartOffset="2829"/>
</LocList>
</BasicStmnt>
<BasicStmnt CovItemId="S52" CovItemPrefix="test.BillTest.java" Intrnl_Id="76">
<LocList>
<Loc EndOffset="2918" SrcFileId="1" StartOffset="2900"/>
</LocList>
</BasicStmnt>
<BasicStmnt CovItemId="S53" CovItemPrefix="test.BillTest.java" Intrnl_Id="77">
<LocList>
<Loc EndOffset="2979" SrcFileId="1" StartOffset="2931"/>
</LocList>
</BasicStmnt>
</StmntSeq>
</HierarchyLvl>
<HierarchyLvl HierarchyLvlId="139" HierarchyLvlTypeId="8" Intrnl_Id="78" Name="testcase5">
<Header>
<Loc EndOffset="3016" SrcFileId="1" StartOffset="2986"/>
</Header>
<LocList>
<Loc EndOffset="3488" SrcFileId="1" StartOffset="2986"/>
</LocList>
<StmntSeq Intrnl_Id="79">
<LocList>
<Loc EndOffset="3066" SrcFileId="1" StartOffset="3042"/>
<Loc EndOffset="3121" SrcFileId="1" StartOffset="3069"/>
<Loc EndOffset="3149" SrcFileId="1" StartOffset="3124"/>
<Loc EndOffset="3219" SrcFileId="1" StartOffset="3152"/>
<Loc EndOffset="3241" SrcFileId="1" StartOffset="3222"/>
<Loc EndOffset="3312" SrcFileId="1" StartOffset="3244"/>
<Loc EndOffset="3334" SrcFileId="1" StartOffset="3315"/>
<Loc EndOffset="3414" SrcFileId="1" StartOffset="3337"/>
<Loc EndOffset="3434" SrcFileId="1" StartOffset="3417"/>
<Loc EndOffset="3485" SrcFileId="1" StartOffset="3437"/>
</LocList>
<BasicStmnt CovItemId="S54" CovItemPrefix="test.BillTest.java" Intrnl_Id="80">
<LocList>
<Loc EndOffset="3066" SrcFileId="1" StartOffset="3042"/>
</LocList>
</BasicStmnt>
<BasicStmnt CovItemId="S55" CovItemPrefix="test.BillTest.java" Intrnl_Id="81">
<LocList>
<Loc EndOffset="3121" SrcFileId="1" StartOffset="3069"/>
</LocList>
</BasicStmnt>
<BasicStmnt CovItemId="S56" CovItemPrefix="test.BillTest.java" Intrnl_Id="82">
<LocList>
<Loc EndOffset="3149" SrcFileId="1" StartOffset="3124"/>
</LocList>
</BasicStmnt>
<BasicStmnt CovItemId="S57" CovItemPrefix="test.BillTest.java" Intrnl_Id="83">
<LocList>
<Loc EndOffset="3219" SrcFileId="1" StartOffset="3152"/>
</LocList>
</BasicStmnt>
<BasicStmnt CovItemId="S58" CovItemPrefix="test.BillTest.java" Intrnl_Id="84">
<LocList>
<Loc EndOffset="3241" SrcFileId="1" StartOffset="3222"/>
</LocList>
</BasicStmnt>
<BasicStmnt CovItemId="S59" CovItemPrefix="test.BillTest.java" Intrnl_Id="85">
<LocList>
<Loc EndOffset="3312" SrcFileId="1" StartOffset="3244"/>
</LocList>
</BasicStmnt>
<BasicStmnt CovItemId="S60" CovItemPrefix="test.BillTest.java" Intrnl_Id="86">
<LocList>
<Loc EndOffset="3334" SrcFileId="1" StartOffset="3315"/>
</LocList>
</BasicStmnt>
<BasicStmnt CovItemId="S61" CovItemPrefix="test.BillTest.java" Intrnl_Id="87">
<LocList>
<Loc EndOffset="3414" SrcFileId="1" StartOffset="3337"/>
</LocList>
</BasicStmnt>
<BasicStmnt CovItemId="S62" CovItemPrefix="test.BillTest.java" Intrnl_Id="88">
<LocList>
<Loc EndOffset="3434" SrcFileId="1" StartOffset="3417"/>
</LocList>
</BasicStmnt>
<BasicStmnt CovItemId="S63" CovItemPrefix="test.BillTest.java" Intrnl_Id="89">
<LocList>
<Loc EndOffset="3485" SrcFileId="1" StartOffset="3437"/>
</LocList>
</BasicStmnt>
</StmntSeq>
</HierarchyLvl>
<HierarchyLvl HierarchyLvlId="140" HierarchyLvlTypeId="8" Intrnl_Id="90" Name="testcase6">
<Header>
<Loc EndOffset="3522" SrcFileId="1" StartOffset="3492"/>
</Header>
<LocList>
<Loc EndOffset="4005" SrcFileId="1" StartOffset="3492"/>
</LocList>
<StmntSeq Intrnl_Id="91">
<LocList>
<Loc EndOffset="3572" SrcFileId="1" StartOffset="3548"/>
<Loc EndOffset="3627" SrcFileId="1" StartOffset="3575"/>
<Loc EndOffset="3655" SrcFileId="1" StartOffset="3630"/>
<Loc EndOffset="3725" SrcFileId="1" StartOffset="3658"/>
<Loc EndOffset="3747" SrcFileId="1" StartOffset="3728"/>
<Loc EndOffset="3818" SrcFileId="1" StartOffset="3750"/>
<Loc EndOffset="3840" SrcFileId="1" StartOffset="3821"/>
<Loc EndOffset="3920" SrcFileId="1" StartOffset="3843"/>
<Loc EndOffset="3941" SrcFileId="1" StartOffset="3923"/>
<Loc EndOffset="4002" SrcFileId="1" StartOffset="3954"/>
</LocList>
<BasicStmnt CovItemId="S64" CovItemPrefix="test.BillTest.java" Intrnl_Id="92">
<LocList>
<Loc EndOffset="3572" SrcFileId="1" StartOffset="3548"/>
</LocList>
</BasicStmnt>
<BasicStmnt CovItemId="S65" CovItemPrefix="test.BillTest.java" Intrnl_Id="93">
<LocList>
<Loc EndOffset="3627" SrcFileId="1" StartOffset="3575"/>
</LocList>
</BasicStmnt>
<BasicStmnt CovItemId="S66" CovItemPrefix="test.BillTest.java" Intrnl_Id="94">
<LocList>
<Loc EndOffset="3655" SrcFileId="1" StartOffset="3630"/>
</LocList>
</BasicStmnt>
<BasicStmnt CovItemId="S67" CovItemPrefix="test.BillTest.java" Intrnl_Id="95">
<LocList>
<Loc EndOffset="3725" SrcFileId="1" StartOffset="3658"/>
</LocList>
</BasicStmnt>
<BasicStmnt CovItemId="S68" CovItemPrefix="test.BillTest.java" Intrnl_Id="96">
<LocList>
<Loc EndOffset="3747" SrcFileId="1" StartOffset="3728"/>
</LocList>
</BasicStmnt>
<BasicStmnt CovItemId="S69" CovItemPrefix="test.BillTest.java" Intrnl_Id="97">
<LocList>
<Loc EndOffset="3818" SrcFileId="1" StartOffset="3750"/>
</LocList>
</BasicStmnt>
<BasicStmnt CovItemId="S70" CovItemPrefix="test.BillTest.java" Intrnl_Id="98">
<LocList>
<Loc EndOffset="3840" SrcFileId="1" StartOffset="3821"/>
</LocList>
</BasicStmnt>
<BasicStmnt CovItemId="S71" CovItemPrefix="test.BillTest.java" Intrnl_Id="99">
<LocList>
<Loc EndOffset="3920" SrcFileId="1" StartOffset="3843"/>
</LocList>
</BasicStmnt>
<BasicStmnt CovItemId="S72" CovItemPrefix="test.BillTest.java" Intrnl_Id="100">
<LocList>
<Loc EndOffset="3941" SrcFileId="1" StartOffset="3923"/>
</LocList>
</BasicStmnt>
<BasicStmnt CovItemId="S73" CovItemPrefix="test.BillTest.java" Intrnl_Id="101">
<LocList>
<Loc EndOffset="4002" SrcFileId="1" StartOffset="3954"/>
</LocList>
</BasicStmnt>
</StmntSeq>
</HierarchyLvl>
<HierarchyLvl HierarchyLvlId="141" HierarchyLvlTypeId="8" Intrnl_Id="102" Name="testcase7">
<Header>
<Loc EndOffset="4039" SrcFileId="1" StartOffset="4009"/>
</Header>
<LocList>
<Loc EndOffset="4603" SrcFileId="1" StartOffset="4009"/>
</LocList>
<StmntSeq Intrnl_Id="103">
<LocList>
<Loc EndOffset="4089" SrcFileId="1" StartOffset="4065"/>
<Loc EndOffset="4144" SrcFileId="1" StartOffset="4092"/>
<Loc EndOffset="4172" SrcFileId="1" StartOffset="4147"/>
<Loc EndOffset="4242" SrcFileId="1" StartOffset="4175"/>
<Loc EndOffset="4264" SrcFileId="1" StartOffset="4245"/>
<Loc EndOffset="4335" SrcFileId="1" StartOffset="4267"/>
<Loc EndOffset="4357" SrcFileId="1" StartOffset="4338"/>
<Loc EndOffset="4437" SrcFileId="1" StartOffset="4360"/>
<Loc EndOffset="4459" SrcFileId="1" StartOffset="4440"/>
<Loc EndOffset="4529" SrcFileId="1" StartOffset="4462"/>
<Loc EndOffset="4549" SrcFileId="1" StartOffset="4532"/>
<Loc EndOffset="4600" SrcFileId="1" StartOffset="4552"/>
</LocList>
<BasicStmnt CovItemId="S74" CovItemPrefix="test.BillTest.java" Intrnl_Id="104">
<LocList>
<Loc EndOffset="4089" SrcFileId="1" StartOffset="4065"/>
</LocList>
</BasicStmnt>
<BasicStmnt CovItemId="S75" CovItemPrefix="test.BillTest.java" Intrnl_Id="105">
<LocList>
<Loc EndOffset="4144" SrcFileId="1" StartOffset="4092"/>
</LocList>
</BasicStmnt>
<BasicStmnt CovItemId="S76" CovItemPrefix="test.BillTest.java" Intrnl_Id="106">
<LocList>
<Loc EndOffset="4172" SrcFileId="1" StartOffset="4147"/>
</LocList>
</BasicStmnt>
<BasicStmnt CovItemId="S77" CovItemPrefix="test.BillTest.java" Intrnl_Id="107">
<LocList>
<Loc EndOffset="4242" SrcFileId="1" StartOffset="4175"/>
</LocList>
</BasicStmnt>
<BasicStmnt CovItemId="S78" CovItemPrefix="test.BillTest.java" Intrnl_Id="108">
<LocList>
<Loc EndOffset="4264" SrcFileId="1" StartOffset="4245"/>
</LocList>
</BasicStmnt>
<BasicStmnt CovItemId="S79" CovItemPrefix="test.BillTest.java" Intrnl_Id="109">
<LocList>
<Loc EndOffset="4335" SrcFileId="1" StartOffset="4267"/>
</LocList>
</BasicStmnt>
<BasicStmnt CovItemId="S80" CovItemPrefix="test.BillTest.java" Intrnl_Id="110">
<LocList>
<Loc EndOffset="4357" SrcFileId="1" StartOffset="4338"/>
</LocList>
</BasicStmnt>
<BasicStmnt CovItemId="S81" CovItemPrefix="test.BillTest.java" Intrnl_Id="111">
<LocList>
<Loc EndOffset="4437" SrcFileId="1" StartOffset="4360"/>
</LocList>
</BasicStmnt>
<BasicStmnt CovItemId="S82" CovItemPrefix="test.BillTest.java" Intrnl_Id="112">
<LocList>
<Loc EndOffset="4459" SrcFileId="1" StartOffset="4440"/>
</LocList>
</BasicStmnt>
<BasicStmnt CovItemId="S83" CovItemPrefix="test.BillTest.java" Intrnl_Id="113">
<LocList>
<Loc EndOffset="4529" SrcFileId="1" StartOffset="4462"/>
</LocList>
</BasicStmnt>
<BasicStmnt CovItemId="S84" CovItemPrefix="test.BillTest.java" Intrnl_Id="114">
<LocList>
<Loc EndOffset="4549" SrcFileId="1" StartOffset="4532"/>
</LocList>
</BasicStmnt>
<BasicStmnt CovItemId="S85" CovItemPrefix="test.BillTest.java" Intrnl_Id="115">
<LocList>
<Loc EndOffset="4600" SrcFileId="1" StartOffset="4552"/>
</LocList>
</BasicStmnt>
</StmntSeq>
</HierarchyLvl>
<HierarchyLvl HierarchyLvlId="142" HierarchyLvlTypeId="8" Intrnl_Id="116" Name="testcase8">
<Header>
<Loc EndOffset="4637" SrcFileId="1" StartOffset="4607"/>
</Header>
<LocList>
<Loc EndOffset="5212" SrcFileId="1" StartOffset="4607"/>
</LocList>
<StmntSeq Intrnl_Id="117">
<LocList>
<Loc EndOffset="4687" SrcFileId="1" StartOffset="4663"/>
<Loc EndOffset="4742" SrcFileId="1" StartOffset="4690"/>
<Loc EndOffset="4770" SrcFileId="1" StartOffset="4745"/>
<Loc EndOffset="4840" SrcFileId="1" StartOffset="4773"/>
<Loc EndOffset="4862" SrcFileId="1" StartOffset="4843"/>
<Loc EndOffset="4933" SrcFileId="1" StartOffset="4865"/>
<Loc EndOffset="4955" SrcFileId="1" StartOffset="4936"/>
<Loc EndOffset="5035" SrcFileId="1" StartOffset="4958"/>
<Loc EndOffset="5057" SrcFileId="1" StartOffset="5038"/>
<Loc EndOffset="5127" SrcFileId="1" StartOffset="5060"/>
<Loc EndOffset="5148" SrcFileId="1" StartOffset="5130"/>
<Loc EndOffset="5209" SrcFileId="1" StartOffset="5161"/>
</LocList>
<BasicStmnt CovItemId="S86" CovItemPrefix="test.BillTest.java" Intrnl_Id="118">
<LocList>
<Loc EndOffset="4687" SrcFileId="1" StartOffset="4663"/>
</LocList>
</BasicStmnt>
<BasicStmnt CovItemId="S87" CovItemPrefix="test.BillTest.java" Intrnl_Id="119">
<LocList>
<Loc EndOffset="4742" SrcFileId="1" StartOffset="4690"/>
</LocList>
</BasicStmnt>
<BasicStmnt CovItemId="S88" CovItemPrefix="test.BillTest.java" Intrnl_Id="120">
<LocList>
<Loc EndOffset="4770" SrcFileId="1" StartOffset="4745"/>
</LocList>
</BasicStmnt>
<BasicStmnt CovItemId="S89" CovItemPrefix="test.BillTest.java" Intrnl_Id="121">
<LocList>
<Loc EndOffset="4840" SrcFileId="1" StartOffset="4773"/>
</LocList>
</BasicStmnt>
<BasicStmnt CovItemId="S90" CovItemPrefix="test.BillTest.java" Intrnl_Id="122">
<LocList>
<Loc EndOffset="4862" SrcFileId="1" StartOffset="4843"/>
</LocList>
</BasicStmnt>
<BasicStmnt CovItemId="S91" CovItemPrefix="test.BillTest.java" Intrnl_Id="123">
<LocList>
<Loc EndOffset="4933" SrcFileId="1" StartOffset="4865"/>
</LocList>
</BasicStmnt>
<BasicStmnt CovItemId="S92" CovItemPrefix="test.BillTest.java" Intrnl_Id="124">
<LocList>
<Loc EndOffset="4955" SrcFileId="1" StartOffset="4936"/>
</LocList>
</BasicStmnt>
<BasicStmnt CovItemId="S93" CovItemPrefix="test.BillTest.java" Intrnl_Id="125">
<LocList>
<Loc EndOffset="5035" SrcFileId="1" StartOffset="4958"/>
</LocList>
</BasicStmnt>
<BasicStmnt CovItemId="S94" CovItemPrefix="test.BillTest.java" Intrnl_Id="126">
<LocList>
<Loc EndOffset="5057" SrcFileId="1" StartOffset="5038"/>
</LocList>
</BasicStmnt>
<BasicStmnt CovItemId="S95" CovItemPrefix="test.BillTest.java" Intrnl_Id="127">
<LocList>
<Loc EndOffset="5127" SrcFileId="1" StartOffset="5060"/>
</LocList>
</BasicStmnt>
<BasicStmnt CovItemId="S96" CovItemPrefix="test.BillTest.java" Intrnl_Id="128">
<LocList>
<Loc EndOffset="5148" SrcFileId="1" StartOffset="5130"/>
</LocList>
</BasicStmnt>
<BasicStmnt CovItemId="S97" CovItemPrefix="test.BillTest.java" Intrnl_Id="129">
<LocList>
<Loc EndOffset="5209" SrcFileId="1" StartOffset="5161"/>
</LocList>
</BasicStmnt>
</StmntSeq>
</HierarchyLvl>
<HierarchyLvl HierarchyLvlId="143" HierarchyLvlTypeId="8" Intrnl_Id="130" Name="testcase9">
<Header>
<Loc EndOffset="5246" SrcFileId="1" StartOffset="5216"/>
</Header>
<LocList>
<Loc EndOffset="5824" SrcFileId="1" StartOffset="5216"/>
</LocList>
<StmntSeq Intrnl_Id="131">
<LocList>
<Loc EndOffset="5296" SrcFileId="1" StartOffset="5272"/>
<Loc EndOffset="5351" SrcFileId="1" StartOffset="5299"/>
<Loc EndOffset="5379" SrcFileId="1" StartOffset="5354"/>
<Loc EndOffset="5449" SrcFileId="1" StartOffset="5382"/>
<Loc EndOffset="5471" SrcFileId="1" StartOffset="5452"/>
<Loc EndOffset="5542" SrcFileId="1" StartOffset="5474"/>
<Loc EndOffset="5564" SrcFileId="1" StartOffset="5545"/>
<Loc EndOffset="5644" SrcFileId="1" StartOffset="5567"/>
<Loc EndOffset="5666" SrcFileId="1" StartOffset="5647"/>
<Loc EndOffset="5736" SrcFileId="1" StartOffset="5669"/>
<Loc EndOffset="5758" SrcFileId="1" StartOffset="5739"/>
<Loc EndOffset="5821" SrcFileId="1" StartOffset="5761"/>
</LocList>
<BasicStmnt CovItemId="S98" CovItemPrefix="test.BillTest.java" Intrnl_Id="132">
<LocList>
<Loc EndOffset="5296" SrcFileId="1" StartOffset="5272"/>
</LocList>
</BasicStmnt>
<BasicStmnt CovItemId="S99" CovItemPrefix="test.BillTest.java" Intrnl_Id="133">
<LocList>
<Loc EndOffset="5351" SrcFileId="1" StartOffset="5299"/>
</LocList>
</BasicStmnt>
<BasicStmnt CovItemId="S100" CovItemPrefix="test.BillTest.java" Intrnl_Id="134">
<LocList>
<Loc EndOffset="5379" SrcFileId="1" StartOffset="5354"/>
</LocList>
</BasicStmnt>
<BasicStmnt CovItemId="S101" CovItemPrefix="test.BillTest.java" Intrnl_Id="135">
<LocList>
<Loc EndOffset="5449" SrcFileId="1" StartOffset="5382"/>
</LocList>
</BasicStmnt>
<BasicStmnt CovItemId="S102" CovItemPrefix="test.BillTest.java" Intrnl_Id="136">
<LocList>
<Loc EndOffset="5471" SrcFileId="1" StartOffset="5452"/>
</LocList>
</BasicStmnt>
<BasicStmnt CovItemId="S103" CovItemPrefix="test.BillTest.java" Intrnl_Id="137">
<LocList>
<Loc EndOffset="5542" SrcFileId="1" StartOffset="5474"/>
</LocList>
</BasicStmnt>
<BasicStmnt CovItemId="S104" CovItemPrefix="test.BillTest.java" Intrnl_Id="138">
<LocList>
<Loc EndOffset="5564" SrcFileId="1" StartOffset="5545"/>
</LocList>
</BasicStmnt>
<BasicStmnt CovItemId="S105" CovItemPrefix="test.BillTest.java" Intrnl_Id="139">
<LocList>
<Loc EndOffset="5644" SrcFileId="1" StartOffset="5567"/>
</LocList>
</BasicStmnt>
<BasicStmnt CovItemId="S106" CovItemPrefix="test.BillTest.java" Intrnl_Id="140">
<LocList>
<Loc EndOffset="5666" SrcFileId="1" StartOffset="5647"/>
</LocList>
</BasicStmnt>
<BasicStmnt CovItemId="S107" CovItemPrefix="test.BillTest.java" Intrnl_Id="141">
<LocList>
<Loc EndOffset="5736" SrcFileId="1" StartOffset="5669"/>
</LocList>
</BasicStmnt>
<BasicStmnt CovItemId="S108" CovItemPrefix="test.BillTest.java" Intrnl_Id="142">
<LocList>
<Loc EndOffset="5758" SrcFileId="1" StartOffset="5739"/>
</LocList>
</BasicStmnt>
<BasicStmnt CovItemId="S109" CovItemPrefix="test.BillTest.java" Intrnl_Id="143">
<LocList>
<Loc EndOffset="5821" SrcFileId="1" StartOffset="5761"/>
</LocList>
</BasicStmnt>
</StmntSeq>
</HierarchyLvl>
<HierarchyLvl HierarchyLvlId="144" HierarchyLvlTypeId="8" Intrnl_Id="144" Name="testcase10">
<Header>
<Loc EndOffset="5859" SrcFileId="1" StartOffset="5828"/>
</Header>
<LocList>
<Loc EndOffset="6525" SrcFileId="1" StartOffset="5828"/>
</LocList>
<StmntSeq Intrnl_Id="145">
<LocList>
<Loc EndOffset="5909" SrcFileId="1" StartOffset="5885"/>
<Loc EndOffset="5964" SrcFileId="1" StartOffset="5912"/>
<Loc EndOffset="5992" SrcFileId="1" StartOffset="5967"/>
<Loc EndOffset="6062" SrcFileId="1" StartOffset="5995"/>
<Loc EndOffset="6084" SrcFileId="1" StartOffset="6065"/>
<Loc EndOffset="6155" SrcFileId="1" StartOffset="6087"/>
<Loc EndOffset="6177" SrcFileId="1" StartOffset="6158"/>
<Loc EndOffset="6257" SrcFileId="1" StartOffset="6180"/>
<Loc EndOffset="6279" SrcFileId="1" StartOffset="6260"/>
<Loc EndOffset="6349" SrcFileId="1" StartOffset="6282"/>
<Loc EndOffset="6371" SrcFileId="1" StartOffset="6352"/>
<Loc EndOffset="6442" SrcFileId="1" StartOffset="6384"/>
<Loc EndOffset="6465" SrcFileId="1" StartOffset="6445"/>
<Loc EndOffset="6522" SrcFileId="1" StartOffset="6468"/>
</LocList>
<BasicStmnt CovItemId="S110" CovItemPrefix="test.BillTest.java" Intrnl_Id="146">
<LocList>
<Loc EndOffset="5909" SrcFileId="1" StartOffset="5885"/>
</LocList>
</BasicStmnt>
<BasicStmnt CovItemId="S111" CovItemPrefix="test.BillTest.java" Intrnl_Id="147">
<LocList>
<Loc EndOffset="5964" SrcFileId="1" StartOffset="5912"/>
</LocList>
</BasicStmnt>
<BasicStmnt CovItemId="S112" CovItemPrefix="test.BillTest.java" Intrnl_Id="148">
<LocList>
<Loc EndOffset="5992" SrcFileId="1" StartOffset="5967"/>
</LocList>
</BasicStmnt>
<BasicStmnt CovItemId="S113" CovItemPrefix="test.BillTest.java" Intrnl_Id="149">
<LocList>
<Loc EndOffset="6062" SrcFileId="1" StartOffset="5995"/>
</LocList>
</BasicStmnt>
<BasicStmnt CovItemId="S114" CovItemPrefix="test.BillTest.java" Intrnl_Id="150">
<LocList>
<Loc EndOffset="6084" SrcFileId="1" StartOffset="6065"/>
</LocList>
</BasicStmnt>
<BasicStmnt CovItemId="S115" CovItemPrefix="test.BillTest.java" Intrnl_Id="151">
<LocList>
<Loc EndOffset="6155" SrcFileId="1" StartOffset="6087"/>
</LocList>
</BasicStmnt>
<BasicStmnt CovItemId="S116" CovItemPrefix="test.BillTest.java" Intrnl_Id="152">
<LocList>
<Loc EndOffset="6177" SrcFileId="1" StartOffset="6158"/>
</LocList>
</BasicStmnt>
<BasicStmnt CovItemId="S117" CovItemPrefix="test.BillTest.java" Intrnl_Id="153">
<LocList>
<Loc EndOffset="6257" SrcFileId="1" StartOffset="6180"/>
</LocList>
</BasicStmnt>
<BasicStmnt CovItemId="S118" CovItemPrefix="test.BillTest.java" Intrnl_Id="154">
<LocList>
<Loc EndOffset="6279" SrcFileId="1" StartOffset="6260"/>
</LocList>
</BasicStmnt>
<BasicStmnt CovItemId="S119" CovItemPrefix="test.BillTest.java" Intrnl_Id="155">
<LocList>
<Loc EndOffset="6349" SrcFileId="1" StartOffset="6282"/>
</LocList>
</BasicStmnt>
<BasicStmnt CovItemId="S120" CovItemPrefix="test.BillTest.java" Intrnl_Id="156">
<LocList>
<Loc EndOffset="6371" SrcFileId="1" StartOffset="6352"/>
</LocList>
</BasicStmnt>
<BasicStmnt CovItemId="S121" CovItemPrefix="test.BillTest.java" Intrnl_Id="157">
<LocList>
<Loc EndOffset="6442" SrcFileId="1" StartOffset="6384"/>
</LocList>
</BasicStmnt>
<BasicStmnt CovItemId="S122" CovItemPrefix="test.BillTest.java" Intrnl_Id="158">
<LocList>
<Loc EndOffset="6465" SrcFileId="1" StartOffset="6445"/>
</LocList>
</BasicStmnt>
<BasicStmnt CovItemId="S123" CovItemPrefix="test.BillTest.java" Intrnl_Id="159">
<LocList>
<Loc EndOffset="6522" SrcFileId="1" StartOffset="6468"/>
</LocList>
</BasicStmnt>
</StmntSeq>
</HierarchyLvl>
<HierarchyLvl HierarchyLvlId="145" HierarchyLvlTypeId="8" Intrnl_Id="160" Name="testcase11">
<Header>
<Loc EndOffset="6560" SrcFileId="1" StartOffset="6529"/>
</Header>
<LocList>
<Loc EndOffset="6831" SrcFileId="1" StartOffset="6529"/>
</LocList>
<StmntSeq Intrnl_Id="161">
<LocList>
<Loc EndOffset="6610" SrcFileId="1" StartOffset="6586"/>
<Loc EndOffset="6665" SrcFileId="1" StartOffset="6613"/>
<Loc EndOffset="6694" SrcFileId="1" StartOffset="6668"/>
<Loc EndOffset="6757" SrcFileId="1" StartOffset="6697"/>
<Loc EndOffset="6777" SrcFileId="1" StartOffset="6760"/>
<Loc EndOffset="6828" SrcFileId="1" StartOffset="6780"/>
</LocList>
<BasicStmnt CovItemId="S124" CovItemPrefix="test.BillTest.java" Intrnl_Id="162">
<LocList>
<Loc EndOffset="6610" SrcFileId="1" StartOffset="6586"/>
</LocList>
</BasicStmnt>
<BasicStmnt CovItemId="S125" CovItemPrefix="test.BillTest.java" Intrnl_Id="163">
<LocList>
<Loc EndOffset="6665" SrcFileId="1" StartOffset="6613"/>
</LocList>
</BasicStmnt>
<BasicStmnt CovItemId="S126" CovItemPrefix="test.BillTest.java" Intrnl_Id="164">
<LocList>
<Loc EndOffset="6694" SrcFileId="1" StartOffset="6668"/>
</LocList>
</BasicStmnt>
<BasicStmnt CovItemId="S127" CovItemPrefix="test.BillTest.java" Intrnl_Id="165">
<LocList>
<Loc EndOffset="6757" SrcFileId="1" StartOffset="6697"/>
</LocList>
</BasicStmnt>
<BasicStmnt CovItemId="S128" CovItemPrefix="test.BillTest.java" Intrnl_Id="166">
<LocList>
<Loc EndOffset="6777" SrcFileId="1" StartOffset="6760"/>
</LocList>
</BasicStmnt>
<BasicStmnt CovItemId="S129" CovItemPrefix="test.BillTest.java" Intrnl_Id="167">
<LocList>
<Loc EndOffset="6828" SrcFileId="1" StartOffset="6780"/>
</LocList>
</BasicStmnt>
</StmntSeq>
</HierarchyLvl>
<HierarchyLvl HierarchyLvlId="146" HierarchyLvlTypeId="8" Intrnl_Id="168" Name="testcase12">
<Header>
<Loc EndOffset="6866" SrcFileId="1" StartOffset="6835"/>
</Header>
<LocList>
<Loc EndOffset="7138" SrcFileId="1" StartOffset="6835"/>
</LocList>
<StmntSeq Intrnl_Id="169">
<LocList>
<Loc EndOffset="6916" SrcFileId="1" StartOffset="6892"/>
<Loc EndOffset="6971" SrcFileId="1" StartOffset="6919"/>
<Loc EndOffset="7000" SrcFileId="1" StartOffset="6974"/>
<Loc EndOffset="7063" SrcFileId="1" StartOffset="7003"/>
<Loc EndOffset="7084" SrcFileId="1" StartOffset="7066"/>
<Loc EndOffset="7135" SrcFileId="1" StartOffset="7087"/>
</LocList>
<BasicStmnt CovItemId="S130" CovItemPrefix="test.BillTest.java" Intrnl_Id="170">
<LocList>
<Loc EndOffset="6916" SrcFileId="1" StartOffset="6892"/>
</LocList>
</BasicStmnt>
<BasicStmnt CovItemId="S131" CovItemPrefix="test.BillTest.java" Intrnl_Id="171">
<LocList>
<Loc EndOffset="6971" SrcFileId="1" StartOffset="6919"/>
</LocList>
</BasicStmnt>
<BasicStmnt CovItemId="S132" CovItemPrefix="test.BillTest.java" Intrnl_Id="172">
<LocList>
<Loc EndOffset="7000" SrcFileId="1" StartOffset="6974"/>
</LocList>
</BasicStmnt>
<BasicStmnt CovItemId="S133" CovItemPrefix="test.BillTest.java" Intrnl_Id="173">
<LocList>
<Loc EndOffset="7063" SrcFileId="1" StartOffset="7003"/>
</LocList>
</BasicStmnt>
<BasicStmnt CovItemId="S134" CovItemPrefix="test.BillTest.java" Intrnl_Id="174">
<LocList>
<Loc EndOffset="7084" SrcFileId="1" StartOffset="7066"/>
</LocList>
</BasicStmnt>
<BasicStmnt CovItemId="S135" CovItemPrefix="test.BillTest.java" Intrnl_Id="175">
<LocList>
<Loc EndOffset="7135" SrcFileId="1" StartOffset="7087"/>
</LocList>
</BasicStmnt>
</StmntSeq>
</HierarchyLvl>
<HierarchyLvl HierarchyLvlId="147" HierarchyLvlTypeId="8" Intrnl_Id="176" Name="testcase13">
<Header>
<Loc EndOffset="7173" SrcFileId="1" StartOffset="7142"/>
</Header>
<LocList>
<Loc EndOffset="7530" SrcFileId="1" StartOffset="7142"/>
</LocList>
<StmntSeq Intrnl_Id="177">
<LocList>
<Loc EndOffset="7223" SrcFileId="1" StartOffset="7199"/>
<Loc EndOffset="7278" SrcFileId="1" StartOffset="7226"/>
<Loc EndOffset="7307" SrcFileId="1" StartOffset="7281"/>
<Loc EndOffset="7370" SrcFileId="1" StartOffset="7310"/>
<Loc EndOffset="7392" SrcFileId="1" StartOffset="7373"/>
<Loc EndOffset="7456" SrcFileId="1" StartOffset="7395"/>
<Loc EndOffset="7476" SrcFileId="1" StartOffset="7459"/>
<Loc EndOffset="7527" SrcFileId="1" StartOffset="7479"/>
</LocList>
<BasicStmnt CovItemId="S136" CovItemPrefix="test.BillTest.java" Intrnl_Id="178">
<LocList>
<Loc EndOffset="7223" SrcFileId="1" StartOffset="7199"/>
</LocList>
</BasicStmnt>
<BasicStmnt CovItemId="S137" CovItemPrefix="test.BillTest.java" Intrnl_Id="179">
<LocList>
<Loc EndOffset="7278" SrcFileId="1" StartOffset="7226"/>
</LocList>
</BasicStmnt>
<BasicStmnt CovItemId="S138" CovItemPrefix="test.BillTest.java" Intrnl_Id="180">
<LocList>
<Loc EndOffset="7307" SrcFileId="1" StartOffset="7281"/>
</LocList>
</BasicStmnt>
<BasicStmnt CovItemId="S139" CovItemPrefix="test.BillTest.java" Intrnl_Id="181">
<LocList>
<Loc EndOffset="7370" SrcFileId="1" StartOffset="7310"/>
</LocList>
</BasicStmnt>
<BasicStmnt CovItemId="S140" CovItemPrefix="test.BillTest.java" Intrnl_Id="182">
<LocList>
<Loc EndOffset="7392" SrcFileId="1" StartOffset="7373"/>
</LocList>
</BasicStmnt>
<BasicStmnt CovItemId="S141" CovItemPrefix="test.BillTest.java" Intrnl_Id="183">
<LocList>
<Loc EndOffset="7456" SrcFileId="1" StartOffset="7395"/>
</LocList>
</BasicStmnt>
<BasicStmnt CovItemId="S142" CovItemPrefix="test.BillTest.java" Intrnl_Id="184">
<LocList>
<Loc EndOffset="7476" SrcFileId="1" StartOffset="7459"/>
</LocList>
</BasicStmnt>
<BasicStmnt CovItemId="S143" CovItemPrefix="test.BillTest.java" Intrnl_Id="185">
<LocList>
<Loc EndOffset="7527" SrcFileId="1" StartOffset="7479"/>
</LocList>
</BasicStmnt>
</StmntSeq>
</HierarchyLvl>
<HierarchyLvl HierarchyLvlId="148" HierarchyLvlTypeId="8" Intrnl_Id="186" Name="testcase14">
<Header>
<Loc EndOffset="7565" SrcFileId="1" StartOffset="7534"/>
</Header>
<LocList>
<Loc EndOffset="7923" SrcFileId="1" StartOffset="7534"/>
</LocList>
<StmntSeq Intrnl_Id="187">
<LocList>
<Loc EndOffset="7615" SrcFileId="1" StartOffset="7591"/>
<Loc EndOffset="7670" SrcFileId="1" StartOffset="7618"/>
<Loc EndOffset="7699" SrcFileId="1" StartOffset="7673"/>
<Loc EndOffset="7762" SrcFileId="1" StartOffset="7702"/>
<Loc EndOffset="7784" SrcFileId="1" StartOffset="7765"/>
<Loc EndOffset="7848" SrcFileId="1" StartOffset="7787"/>
<Loc EndOffset="7869" SrcFileId="1" StartOffset="7851"/>
<Loc EndOffset="7920" SrcFileId="1" StartOffset="7872"/>
</LocList>
<BasicStmnt CovItemId="S144" CovItemPrefix="test.BillTest.java" Intrnl_Id="188">
<LocList>
<Loc EndOffset="7615" SrcFileId="1" StartOffset="7591"/>
</LocList>
</BasicStmnt>
<BasicStmnt CovItemId="S145" CovItemPrefix="test.BillTest.java" Intrnl_Id="189">
<LocList>
<Loc EndOffset="7670" SrcFileId="1" StartOffset="7618"/>
</LocList>
</BasicStmnt>
<BasicStmnt CovItemId="S146" CovItemPrefix="test.BillTest.java" Intrnl_Id="190">
<LocList>
<Loc EndOffset="7699" SrcFileId="1" StartOffset="7673"/>
</LocList>
</BasicStmnt>
<BasicStmnt CovItemId="S147" CovItemPrefix="test.BillTest.java" Intrnl_Id="191">
<LocList>
<Loc EndOffset="7762" SrcFileId="1" StartOffset="7702"/>
</LocList>
</BasicStmnt>
<BasicStmnt CovItemId="S148" CovItemPrefix="test.BillTest.java" Intrnl_Id="192">
<LocList>
<Loc EndOffset="7784" SrcFileId="1" StartOffset="7765"/>
</LocList>
</BasicStmnt>
<BasicStmnt CovItemId="S149" CovItemPrefix="test.BillTest.java" Intrnl_Id="193">
<LocList>
<Loc EndOffset="7848" SrcFileId="1" StartOffset="7787"/>
</LocList>
</BasicStmnt>
<BasicStmnt CovItemId="S150" CovItemPrefix="test.BillTest.java" Intrnl_Id="194">
<LocList>
<Loc EndOffset="7869" SrcFileId="1" StartOffset="7851"/>
</LocList>
</BasicStmnt>
<BasicStmnt CovItemId="S151" CovItemPrefix="test.BillTest.java" Intrnl_Id="195">
<LocList>
<Loc EndOffset="7920" SrcFileId="1" StartOffset="7872"/>
</LocList>
</BasicStmnt>
</StmntSeq>
</HierarchyLvl>
<HierarchyLvl HierarchyLvlId="149" HierarchyLvlTypeId="8" Intrnl_Id="196" Name="testcase15">
<Header>
<Loc EndOffset="7958" SrcFileId="1" StartOffset="7927"/>
</Header>
<LocList>
<Loc EndOffset="8410" SrcFileId="1" StartOffset="7927"/>
</LocList>
<StmntSeq Intrnl_Id="197">
<LocList>
<Loc EndOffset="8008" SrcFileId="1" StartOffset="7984"/>
<Loc EndOffset="8063" SrcFileId="1" StartOffset="8011"/>
<Loc EndOffset="8092" SrcFileId="1" StartOffset="8066"/>
<Loc EndOffset="8155" SrcFileId="1" StartOffset="8095"/>
<Loc EndOffset="8177" SrcFileId="1" StartOffset="8158"/>
<Loc EndOffset="8241" SrcFileId="1" StartOffset="8180"/>
<Loc EndOffset="8263" SrcFileId="1" StartOffset="8244"/>
<Loc EndOffset="8336" SrcFileId="1" StartOffset="8266"/>
<Loc EndOffset="8356" SrcFileId="1" StartOffset="8339"/>
<Loc EndOffset="8407" SrcFileId="1" StartOffset="8359"/>
</LocList>
<BasicStmnt CovItemId="S152" CovItemPrefix="test.BillTest.java" Intrnl_Id="198">
<LocList>
<Loc EndOffset="8008" SrcFileId="1" StartOffset="7984"/>
</LocList>
</BasicStmnt>
<BasicStmnt CovItemId="S153" CovItemPrefix="test.BillTest.java" Intrnl_Id="199">
<LocList>
<Loc EndOffset="8063" SrcFileId="1" StartOffset="8011"/>
</LocList>
</BasicStmnt>
<BasicStmnt CovItemId="S154" CovItemPrefix="test.BillTest.java" Intrnl_Id="200">
<LocList>
<Loc EndOffset="8092" SrcFileId="1" StartOffset="8066"/>
</LocList>
</BasicStmnt>
<BasicStmnt CovItemId="S155" CovItemPrefix="test.BillTest.java" Intrnl_Id="201">
<LocList>
<Loc EndOffset="8155" SrcFileId="1" StartOffset="8095"/>
</LocList>
</BasicStmnt>
<BasicStmnt CovItemId="S156" CovItemPrefix="test.BillTest.java" Intrnl_Id="202">
<LocList>
<Loc EndOffset="8177" SrcFileId="1" StartOffset="8158"/>
</LocList>
</BasicStmnt>
<BasicStmnt CovItemId="S157" CovItemPrefix="test.BillTest.java" Intrnl_Id="203">
<LocList>
<Loc EndOffset="8241" SrcFileId="1" StartOffset="8180"/>
</LocList>
</BasicStmnt>
<BasicStmnt CovItemId="S158" CovItemPrefix="test.BillTest.java" Intrnl_Id="204">
<LocList>
<Loc EndOffset="8263" SrcFileId="1" StartOffset="8244"/>
</LocList>
</BasicStmnt>
<BasicStmnt CovItemId="S159" CovItemPrefix="test.BillTest.java" Intrnl_Id="205">
<LocList>
<Loc EndOffset="8336" SrcFileId="1" StartOffset="8266"/>
</LocList>
</BasicStmnt>
<BasicStmnt CovItemId="S160" CovItemPrefix="test.BillTest.java" Intrnl_Id="206">
<LocList>
<Loc EndOffset="8356" SrcFileId="1" StartOffset="8339"/>
</LocList>
</BasicStmnt>
<BasicStmnt CovItemId="S161" CovItemPrefix="test.BillTest.java" Intrnl_Id="207">
<LocList>
<Loc EndOffset="8407" SrcFileId="1" StartOffset="8359"/>
</LocList>
</BasicStmnt>
</StmntSeq>
</HierarchyLvl>
<HierarchyLvl HierarchyLvlId="150" HierarchyLvlTypeId="8" Intrnl_Id="208" Name="testcase16">
<Header>
<Loc EndOffset="8443" SrcFileId="1" StartOffset="8412"/>
</Header>
<LocList>
<Loc EndOffset="8896" SrcFileId="1" StartOffset="8412"/>
</LocList>
<StmntSeq Intrnl_Id="209">
<LocList>
<Loc EndOffset="8493" SrcFileId="1" StartOffset="8469"/>
<Loc EndOffset="8548" SrcFileId="1" StartOffset="8496"/>
<Loc EndOffset="8577" SrcFileId="1" StartOffset="8551"/>
<Loc EndOffset="8640" SrcFileId="1" StartOffset="8580"/>
<Loc EndOffset="8662" SrcFileId="1" StartOffset="8643"/>
<Loc EndOffset="8726" SrcFileId="1" StartOffset="8665"/>
<Loc EndOffset="8748" SrcFileId="1" StartOffset="8729"/>
<Loc EndOffset="8821" SrcFileId="1" StartOffset="8751"/>
<Loc EndOffset="8842" SrcFileId="1" StartOffset="8824"/>
<Loc EndOffset="8893" SrcFileId="1" StartOffset="8845"/>
</LocList>
<BasicStmnt CovItemId="S162" CovItemPrefix="test.BillTest.java" Intrnl_Id="210">
<LocList>
<Loc EndOffset="8493" SrcFileId="1" StartOffset="8469"/>
</LocList>
</BasicStmnt>
<BasicStmnt CovItemId="S163" CovItemPrefix="test.BillTest.java" Intrnl_Id="211">
<LocList>
<Loc EndOffset="8548" SrcFileId="1" StartOffset="8496"/>
</LocList>
</BasicStmnt>
<BasicStmnt CovItemId="S164" CovItemPrefix="test.BillTest.java" Intrnl_Id="212">
<LocList>
<Loc EndOffset="8577" SrcFileId="1" StartOffset="8551"/>
</LocList>
</BasicStmnt>
<BasicStmnt CovItemId="S165" CovItemPrefix="test.BillTest.java" Intrnl_Id="213">
<LocList>
<Loc EndOffset="8640" SrcFileId="1" StartOffset="8580"/>
</LocList>
</BasicStmnt>
<BasicStmnt CovItemId="S166" CovItemPrefix="test.BillTest.java" Intrnl_Id="214">
<LocList>
<Loc EndOffset="8662" SrcFileId="1" StartOffset="8643"/>
</LocList>
</BasicStmnt>
<BasicStmnt CovItemId="S167" CovItemPrefix="test.BillTest.java" Intrnl_Id="215">
<LocList>
<Loc EndOffset="8726" SrcFileId="1" StartOffset="8665"/>
</LocList>
</BasicStmnt>
<BasicStmnt CovItemId="S168" CovItemPrefix="test.BillTest.java" Intrnl_Id="216">
<LocList>
<Loc EndOffset="8748" SrcFileId="1" StartOffset="8729"/>
</LocList>
</BasicStmnt>
<BasicStmnt CovItemId="S169" CovItemPrefix="test.BillTest.java" Intrnl_Id="217">
<LocList>
<Loc EndOffset="8821" SrcFileId="1" StartOffset="8751"/>
</LocList>
</BasicStmnt>
<BasicStmnt CovItemId="S170" CovItemPrefix="test.BillTest.java" Intrnl_Id="218">
<LocList>
<Loc EndOffset="8842" SrcFileId="1" StartOffset="8824"/>
</LocList>
</BasicStmnt>
<BasicStmnt CovItemId="S171" CovItemPrefix="test.BillTest.java" Intrnl_Id="219">
<LocList>
<Loc EndOffset="8893" SrcFileId="1" StartOffset="8845"/>
</LocList>
</BasicStmnt>
</StmntSeq>
</HierarchyLvl>
<HierarchyLvl HierarchyLvlId="151" HierarchyLvlTypeId="8" Intrnl_Id="220" Name="testcase17">
<Header>
<Loc EndOffset="8929" SrcFileId="1" StartOffset="8898"/>
</Header>
<LocList>
<Loc EndOffset="9467" SrcFileId="1" StartOffset="8898"/>
</LocList>
<StmntSeq Intrnl_Id="221">
<LocList>
<Loc EndOffset="8979" SrcFileId="1" StartOffset="8955"/>
<Loc EndOffset="9034" SrcFileId="1" StartOffset="8982"/>
<Loc EndOffset="9063" SrcFileId="1" StartOffset="9037"/>
<Loc EndOffset="9126" SrcFileId="1" StartOffset="9066"/>
<Loc EndOffset="9148" SrcFileId="1" StartOffset="9129"/>
<Loc EndOffset="9212" SrcFileId="1" StartOffset="9151"/>
<Loc EndOffset="9234" SrcFileId="1" StartOffset="9215"/>
<Loc EndOffset="9307" SrcFileId="1" StartOffset="9237"/>
<Loc EndOffset="9329" SrcFileId="1" StartOffset="9310"/>
<Loc EndOffset="9392" SrcFileId="1" StartOffset="9332"/>
<Loc EndOffset="9412" SrcFileId="1" StartOffset="9395"/>
<Loc EndOffset="9463" SrcFileId="1" StartOffset="9415"/>
</LocList>
<BasicStmnt CovItemId="S172" CovItemPrefix="test.BillTest.java" Intrnl_Id="222">
<LocList>
<Loc EndOffset="8979" SrcFileId="1" StartOffset="8955"/>
</LocList>
</BasicStmnt>
<BasicStmnt CovItemId="S173" CovItemPrefix="test.BillTest.java" Intrnl_Id="223">
<LocList>
<Loc EndOffset="9034" SrcFileId="1" StartOffset="8982"/>
</LocList>
</BasicStmnt>
<BasicStmnt CovItemId="S174" CovItemPrefix="test.BillTest.java" Intrnl_Id="224">
<LocList>
<Loc EndOffset="9063" SrcFileId="1" StartOffset="9037"/>
</LocList>
</BasicStmnt>
<BasicStmnt CovItemId="S175" CovItemPrefix="test.BillTest.java" Intrnl_Id="225">
<LocList>
<Loc EndOffset="9126" SrcFileId="1" StartOffset="9066"/>
</LocList>
</BasicStmnt>
<BasicStmnt CovItemId="S176" CovItemPrefix="test.BillTest.java" Intrnl_Id="226">
<LocList>
<Loc EndOffset="9148" SrcFileId="1" StartOffset="9129"/>
</LocList>
</BasicStmnt>
<BasicStmnt CovItemId="S177" CovItemPrefix="test.BillTest.java" Intrnl_Id="227">
<LocList>
<Loc EndOffset="9212" SrcFileId="1" StartOffset="9151"/>
</LocList>
</BasicStmnt>
<BasicStmnt CovItemId="S178" CovItemPrefix="test.BillTest.java" Intrnl_Id="228">
<LocList>
<Loc EndOffset="9234" SrcFileId="1" StartOffset="9215"/>
</LocList>
</BasicStmnt>
<BasicStmnt CovItemId="S179" CovItemPrefix="test.BillTest.java" Intrnl_Id="229">
<LocList>
<Loc EndOffset="9307" SrcFileId="1" StartOffset="9237"/>
</LocList>
</BasicStmnt>
<BasicStmnt CovItemId="S180" CovItemPrefix="test.BillTest.java" Intrnl_Id="230">
<LocList>
<Loc EndOffset="9329" SrcFileId="1" StartOffset="9310"/>
</LocList>
</BasicStmnt>
<BasicStmnt CovItemId="S181" CovItemPrefix="test.BillTest.java" Intrnl_Id="231">
<LocList>
<Loc EndOffset="9392" SrcFileId="1" StartOffset="9332"/>
</LocList>
</BasicStmnt>
<BasicStmnt CovItemId="S182" CovItemPrefix="test.BillTest.java" Intrnl_Id="232">
<LocList>
<Loc EndOffset="9412" SrcFileId="1" StartOffset="9395"/>
</LocList>
</BasicStmnt>
<BasicStmnt CovItemId="S183" CovItemPrefix="test.BillTest.java" Intrnl_Id="233">
<LocList>
<Loc EndOffset="9463" SrcFileId="1" StartOffset="9415"/>
</LocList>
</BasicStmnt>
</StmntSeq>
</HierarchyLvl>
<HierarchyLvl HierarchyLvlId="152" HierarchyLvlTypeId="8" Intrnl_Id="234" Name="testcase18">
<Header>
<Loc EndOffset="9502" SrcFileId="1" StartOffset="9471"/>
</Header>
<LocList>
<Loc EndOffset="10041" SrcFileId="1" StartOffset="9471"/>
</LocList>
<StmntSeq Intrnl_Id="235">
<LocList>
<Loc EndOffset="9552" SrcFileId="1" StartOffset="9528"/>
<Loc EndOffset="9607" SrcFileId="1" StartOffset="9555"/>
<Loc EndOffset="9636" SrcFileId="1" StartOffset="9610"/>
<Loc EndOffset="9699" SrcFileId="1" StartOffset="9639"/>
<Loc EndOffset="9721" SrcFileId="1" StartOffset="9702"/>
<Loc EndOffset="9785" SrcFileId="1" StartOffset="9724"/>
<Loc EndOffset="9807" SrcFileId="1" StartOffset="9788"/>
<Loc EndOffset="9880" SrcFileId="1" StartOffset="9810"/>
<Loc EndOffset="9902" SrcFileId="1" StartOffset="9883"/>
<Loc EndOffset="9965" SrcFileId="1" StartOffset="9905"/>
<Loc EndOffset="9986" SrcFileId="1" StartOffset="9968"/>
<Loc EndOffset="10037" SrcFileId="1" StartOffset="9989"/>
</LocList>
<BasicStmnt CovItemId="S184" CovItemPrefix="test.BillTest.java" Intrnl_Id="236">
<LocList>
<Loc EndOffset="9552" SrcFileId="1" StartOffset="9528"/>
</LocList>
</BasicStmnt>
<BasicStmnt CovItemId="S185" CovItemPrefix="test.BillTest.java" Intrnl_Id="237">
<LocList>
<Loc EndOffset="9607" SrcFileId="1" StartOffset="9555"/>
</LocList>
</BasicStmnt>
<BasicStmnt CovItemId="S186" CovItemPrefix="test.BillTest.java" Intrnl_Id="238">
<LocList>
<Loc EndOffset="9636" SrcFileId="1" StartOffset="9610"/>
</LocList>
</BasicStmnt>
<BasicStmnt CovItemId="S187" CovItemPrefix="test.BillTest.java" Intrnl_Id="239">
<LocList>
<Loc EndOffset="9699" SrcFileId="1" StartOffset="9639"/>
</LocList>
</BasicStmnt>
<BasicStmnt CovItemId="S188" CovItemPrefix="test.BillTest.java" Intrnl_Id="240">
<LocList>
<Loc EndOffset="9721" SrcFileId="1" StartOffset="9702"/>
</LocList>
</BasicStmnt>
<BasicStmnt CovItemId="S189" CovItemPrefix="test.BillTest.java" Intrnl_Id="241">
<LocList>
<Loc EndOffset="9785" SrcFileId="1" StartOffset="9724"/>
</LocList>
</BasicStmnt>
<BasicStmnt CovItemId="S190" CovItemPrefix="test.BillTest.java" Intrnl_Id="242">
<LocList>
<Loc EndOffset="9807" SrcFileId="1" StartOffset="9788"/>
</LocList>
</BasicStmnt>
<BasicStmnt CovItemId="S191" CovItemPrefix="test.BillTest.java" Intrnl_Id="243">
<LocList>
<Loc EndOffset="9880" SrcFileId="1" StartOffset="9810"/>
</LocList>
</BasicStmnt>
<BasicStmnt CovItemId="S192" CovItemPrefix="test.BillTest.java" Intrnl_Id="244">
<LocList>
<Loc EndOffset="9902" SrcFileId="1" StartOffset="9883"/>
</LocList>
</BasicStmnt>
<BasicStmnt CovItemId="S193" CovItemPrefix="test.BillTest.java" Intrnl_Id="245">
<LocList>
<Loc EndOffset="9965" SrcFileId="1" StartOffset="9905"/>
</LocList>
</BasicStmnt>
<BasicStmnt CovItemId="S194" CovItemPrefix="test.BillTest.java" Intrnl_Id="246">
<LocList>
<Loc EndOffset="9986" SrcFileId="1" StartOffset="9968"/>
</LocList>
</BasicStmnt>
<BasicStmnt CovItemId="S195" CovItemPrefix="test.BillTest.java" Intrnl_Id="247">
<LocList>
<Loc EndOffset="10037" SrcFileId="1" StartOffset="9989"/>
</LocList>
</BasicStmnt>
</StmntSeq>
</HierarchyLvl>
<HierarchyLvl HierarchyLvlId="153" HierarchyLvlTypeId="8" Intrnl_Id="248" Name="testcase19">
<Header>
<Loc EndOffset="10074" SrcFileId="1" StartOffset="10043"/>
</Header>
<LocList>
<Loc EndOffset="10627" SrcFileId="1" StartOffset="10043"/>
</LocList>
<StmntSeq Intrnl_Id="249">
<LocList>
<Loc EndOffset="10124" SrcFileId="1" StartOffset="10100"/>
<Loc EndOffset="10179" SrcFileId="1" StartOffset="10127"/>
<Loc EndOffset="10208" SrcFileId="1" StartOffset="10182"/>
<Loc EndOffset="10271" SrcFileId="1" StartOffset="10211"/>
<Loc EndOffset="10293" SrcFileId="1" StartOffset="10274"/>
<Loc EndOffset="10357" SrcFileId="1" StartOffset="10296"/>
<Loc EndOffset="10379" SrcFileId="1" StartOffset="10360"/>
<Loc EndOffset="10452" SrcFileId="1" StartOffset="10382"/>
<Loc EndOffset="10474" SrcFileId="1" StartOffset="10455"/>
<Loc EndOffset="10537" SrcFileId="1" StartOffset="10477"/>
<Loc EndOffset="10559" SrcFileId="1" StartOffset="10540"/>
<Loc EndOffset="10623" SrcFileId="1" StartOffset="10572"/>
</LocList>
<BasicStmnt CovItemId="S196" CovItemPrefix="test.BillTest.java" Intrnl_Id="250">
<LocList>
<Loc EndOffset="10124" SrcFileId="1" StartOffset="10100"/>
</LocList>
</BasicStmnt>
<BasicStmnt CovItemId="S197" CovItemPrefix="test.BillTest.java" Intrnl_Id="251">
<LocList>
<Loc EndOffset="10179" SrcFileId="1" StartOffset="10127"/>
</LocList>
</BasicStmnt>
<BasicStmnt CovItemId="S198" CovItemPrefix="test.BillTest.java" Intrnl_Id="252">
<LocList>
<Loc EndOffset="10208" SrcFileId="1" StartOffset="10182"/>
</LocList>
</BasicStmnt>
<BasicStmnt CovItemId="S199" CovItemPrefix="test.BillTest.java" Intrnl_Id="253">
<LocList>
<Loc EndOffset="10271" SrcFileId="1" StartOffset="10211"/>
</LocList>
</BasicStmnt>
<BasicStmnt CovItemId="S200" CovItemPrefix="test.BillTest.java" Intrnl_Id="254">
<LocList>
<Loc EndOffset="10293" SrcFileId="1" StartOffset="10274"/>
</LocList>
</BasicStmnt>
<BasicStmnt CovItemId="S201" CovItemPrefix="test.BillTest.java" Intrnl_Id="255">
<LocList>
<Loc EndOffset="10357" SrcFileId="1" StartOffset="10296"/>
</LocList>
</BasicStmnt>
<BasicStmnt CovItemId="S202" CovItemPrefix="test.BillTest.java" Intrnl_Id="256">
<LocList>
<Loc EndOffset="10379" SrcFileId="1" StartOffset="10360"/>
</LocList>
</BasicStmnt>
<BasicStmnt CovItemId="S203" CovItemPrefix="test.BillTest.java" Intrnl_Id="257">
<LocList>
<Loc EndOffset="10452" SrcFileId="1" StartOffset="10382"/>
</LocList>
</BasicStmnt>
<BasicStmnt CovItemId="S204" CovItemPrefix="test.BillTest.java" Intrnl_Id="258">
<LocList>
<Loc EndOffset="10474" SrcFileId="1" StartOffset="10455"/>
</LocList>
</BasicStmnt>
<BasicStmnt CovItemId="S205" CovItemPrefix="test.BillTest.java" Intrnl_Id="259">
<LocList>
<Loc EndOffset="10537" SrcFileId="1" StartOffset="10477"/>
</LocList>
</BasicStmnt>
<BasicStmnt CovItemId="S206" CovItemPrefix="test.BillTest.java" Intrnl_Id="260">
<LocList>
<Loc EndOffset="10559" SrcFileId="1" StartOffset="10540"/>
</LocList>
</BasicStmnt>
<BasicStmnt CovItemId="S207" CovItemPrefix="test.BillTest.java" Intrnl_Id="261">
<LocList>
<Loc EndOffset="10623" SrcFileId="1" StartOffset="10572"/>
</LocList>
</BasicStmnt>
</StmntSeq>
</HierarchyLvl>
<HierarchyLvl HierarchyLvlId="154" HierarchyLvlTypeId="8" Intrnl_Id="262" Name="testcase20">
<Header>
<Loc EndOffset="10660" SrcFileId="1" StartOffset="10629"/>
</Header>
<LocList>
<Loc EndOffset="11220" SrcFileId="1" StartOffset="10629"/>
</LocList>
<StmntSeq Intrnl_Id="263">
<LocList>
<Loc EndOffset="10710" SrcFileId="1" StartOffset="10686"/>
<Loc EndOffset="10765" SrcFileId="1" StartOffset="10713"/>
<Loc EndOffset="10794" SrcFileId="1" StartOffset="10768"/>
<Loc EndOffset="10857" SrcFileId="1" StartOffset="10797"/>
<Loc EndOffset="10879" SrcFileId="1" StartOffset="10860"/>
<Loc EndOffset="10943" SrcFileId="1" StartOffset="10882"/>
<Loc EndOffset="10965" SrcFileId="1" StartOffset="10946"/>
<Loc EndOffset="11038" SrcFileId="1" StartOffset="10968"/>
<Loc EndOffset="11060" SrcFileId="1" StartOffset="11041"/>
<Loc EndOffset="11123" SrcFileId="1" StartOffset="11063"/>
<Loc EndOffset="11145" SrcFileId="1" StartOffset="11126"/>
<Loc EndOffset="11216" SrcFileId="1" StartOffset="11158"/>
</LocList>
<BasicStmnt CovItemId="S208" CovItemPrefix="test.BillTest.java" Intrnl_Id="264">
<LocList>
<Loc EndOffset="10710" SrcFileId="1" StartOffset="10686"/>
</LocList>
</BasicStmnt>
<BasicStmnt CovItemId="S209" CovItemPrefix="test.BillTest.java" Intrnl_Id="265">
<LocList>
<Loc EndOffset="10765" SrcFileId="1" StartOffset="10713"/>
</LocList>
</BasicStmnt>
<BasicStmnt CovItemId="S210" CovItemPrefix="test.BillTest.java" Intrnl_Id="266">
<LocList>
<Loc EndOffset="10794" SrcFileId="1" StartOffset="10768"/>
</LocList>
</BasicStmnt>
<BasicStmnt CovItemId="S211" CovItemPrefix="test.BillTest.java" Intrnl_Id="267">
<LocList>
<Loc EndOffset="10857" SrcFileId="1" StartOffset="10797"/>
</LocList>
</BasicStmnt>
<BasicStmnt CovItemId="S212" CovItemPrefix="test.BillTest.java" Intrnl_Id="268">
<LocList>
<Loc EndOffset="10879" SrcFileId="1" StartOffset="10860"/>
</LocList>
</BasicStmnt>
<BasicStmnt CovItemId="S213" CovItemPrefix="test.BillTest.java" Intrnl_Id="269">
<LocList>
<Loc EndOffset="10943" SrcFileId="1" StartOffset="10882"/>
</LocList>
</BasicStmnt>
<BasicStmnt CovItemId="S214" CovItemPrefix="test.BillTest.java" Intrnl_Id="270">
<LocList>
<Loc EndOffset="10965" SrcFileId="1" StartOffset="10946"/>
</LocList>
</BasicStmnt>
<BasicStmnt CovItemId="S215" CovItemPrefix="test.BillTest.java" Intrnl_Id="271">
<LocList>
<Loc EndOffset="11038" SrcFileId="1" StartOffset="10968"/>
</LocList>
</BasicStmnt>
<BasicStmnt CovItemId="S216" CovItemPrefix="test.BillTest.java" Intrnl_Id="272">
<LocList>
<Loc EndOffset="11060" SrcFileId="1" StartOffset="11041"/>
</LocList>
</BasicStmnt>
<BasicStmnt CovItemId="S217" CovItemPrefix="test.BillTest.java" Intrnl_Id="273">
<LocList>
<Loc EndOffset="11123" SrcFileId="1" StartOffset="11063"/>
</LocList>
</BasicStmnt>
<BasicStmnt CovItemId="S218" CovItemPrefix="test.BillTest.java" Intrnl_Id="274">
<LocList>
<Loc EndOffset="11145" SrcFileId="1" StartOffset="11126"/>
</LocList>
</BasicStmnt>
<BasicStmnt CovItemId="S219" CovItemPrefix="test.BillTest.java" Intrnl_Id="275">
<LocList>
<Loc EndOffset="11216" SrcFileId="1" StartOffset="11158"/>
</LocList>
</BasicStmnt>
</StmntSeq>
</HierarchyLvl>
<HierarchyLvl HierarchyLvlId="155" HierarchyLvlTypeId="8" Intrnl_Id="276" Name="testcase21">
<Header>
<Loc EndOffset="11253" SrcFileId="1" StartOffset="11222"/>
</Header>
<LocList>
<Loc EndOffset="11842" SrcFileId="1" StartOffset="11222"/>
</LocList>
<StmntSeq Intrnl_Id="277">
<LocList>
<Loc EndOffset="11297" SrcFileId="1" StartOffset="11273"/>
<Loc EndOffset="11352" SrcFileId="1" StartOffset="11300"/>
<Loc EndOffset="11380" SrcFileId="1" StartOffset="11355"/>
<Loc EndOffset="11450" SrcFileId="1" StartOffset="11383"/>
<Loc EndOffset="11478" SrcFileId="1" StartOffset="11453"/>
<Loc EndOffset="11548" SrcFileId="1" StartOffset="11481"/>
<Loc EndOffset="11580" SrcFileId="1" StartOffset="11554"/>
<Loc EndOffset="11650" SrcFileId="1" StartOffset="11583"/>
<Loc EndOffset="11676" SrcFileId="1" StartOffset="11656"/>
<Loc EndOffset="11746" SrcFileId="1" StartOffset="11679"/>
<Loc EndOffset="11765" SrcFileId="1" StartOffset="11750"/>
<Loc EndOffset="11835" SrcFileId="1" StartOffset="11768"/>
</LocList>
<BasicStmnt CovItemId="S220" CovItemPrefix="test.BillTest.java" Intrnl_Id="278">
<LocList>
<Loc EndOffset="11297" SrcFileId="1" StartOffset="11273"/>
</LocList>
</BasicStmnt>
<BasicStmnt CovItemId="S221" CovItemPrefix="test.BillTest.java" Intrnl_Id="279">
<LocList>
<Loc EndOffset="11352" SrcFileId="1" StartOffset="11300"/>
</LocList>
</BasicStmnt>
<BasicStmnt CovItemId="S222" CovItemPrefix="test.BillTest.java" Intrnl_Id="280">
<LocList>
<Loc EndOffset="11380" SrcFileId="1" StartOffset="11355"/>
</LocList>
</BasicStmnt>
<BasicStmnt CovItemId="S223" CovItemPrefix="test.BillTest.java" Intrnl_Id="281">
<LocList>
<Loc EndOffset="11450" SrcFileId="1" StartOffset="11383"/>
</LocList>
</BasicStmnt>
<BasicStmnt CovItemId="S224" CovItemPrefix="test.BillTest.java" Intrnl_Id="282">
<LocList>
<Loc EndOffset="11478" SrcFileId="1" StartOffset="11453"/>
</LocList>
</BasicStmnt>
<BasicStmnt CovItemId="S225" CovItemPrefix="test.BillTest.java" Intrnl_Id="283">
<LocList>
<Loc EndOffset="11548" SrcFileId="1" StartOffset="11481"/>
</LocList>
</BasicStmnt>
<BasicStmnt CovItemId="S226" CovItemPrefix="test.BillTest.java" Intrnl_Id="284">
<LocList>
<Loc EndOffset="11580" SrcFileId="1" StartOffset="11554"/>
</LocList>
</BasicStmnt>
<BasicStmnt CovItemId="S227" CovItemPrefix="test.BillTest.java" Intrnl_Id="285">
<LocList>
<Loc EndOffset="11650" SrcFileId="1" StartOffset="11583"/>
</LocList>
</BasicStmnt>
<BasicStmnt CovItemId="S228" CovItemPrefix="test.BillTest.java" Intrnl_Id="286">
<LocList>
<Loc EndOffset="11676" SrcFileId="1" StartOffset="11656"/>
</LocList>
</BasicStmnt>
<BasicStmnt CovItemId="S229" CovItemPrefix="test.BillTest.java" Intrnl_Id="287">
<LocList>
<Loc EndOffset="11746" SrcFileId="1" StartOffset="11679"/>
</LocList>
</BasicStmnt>
<BasicStmnt CovItemId="S230" CovItemPrefix="test.BillTest.java" Intrnl_Id="288">
<LocList>
<Loc EndOffset="11765" SrcFileId="1" StartOffset="11750"/>
</LocList>
</BasicStmnt>
<BasicStmnt CovItemId="S231" CovItemPrefix="test.BillTest.java" Intrnl_Id="289">
<LocList>
<Loc EndOffset="11835" SrcFileId="1" StartOffset="11768"/>
</LocList>
</BasicStmnt>
</StmntSeq>
</HierarchyLvl>
<HierarchyLvl HierarchyLvlId="156" HierarchyLvlTypeId="8" Intrnl_Id="290" Name="testcase22">
<Header>
<Loc EndOffset="11877" SrcFileId="1" StartOffset="11846"/>
</Header>
<LocList>
<Loc EndOffset="12560" SrcFileId="1" StartOffset="11846"/>
</LocList>
<StmntSeq Intrnl_Id="291">
<LocList>
<Loc EndOffset="11921" SrcFileId="1" StartOffset="11897"/>
<Loc EndOffset="11976" SrcFileId="1" StartOffset="11924"/>
<Loc EndOffset="12004" SrcFileId="1" StartOffset="11979"/>
<Loc EndOffset="12074" SrcFileId="1" StartOffset="12007"/>
<Loc EndOffset="12096" SrcFileId="1" StartOffset="12077"/>
<Loc EndOffset="12167" SrcFileId="1" StartOffset="12099"/>
<Loc EndOffset="12195" SrcFileId="1" StartOffset="12170"/>
<Loc EndOffset="12266" SrcFileId="1" StartOffset="12198"/>
<Loc EndOffset="12298" SrcFileId="1" StartOffset="12272"/>
<Loc EndOffset="12369" SrcFileId="1" StartOffset="12301"/>
<Loc EndOffset="12395" SrcFileId="1" StartOffset="12375"/>
<Loc EndOffset="12466" SrcFileId="1" StartOffset="12398"/>
<Loc EndOffset="12485" SrcFileId="1" StartOffset="12470"/>
<Loc EndOffset="12556" SrcFileId="1" StartOffset="12488"/>
</LocList>
<BasicStmnt CovItemId="S232" CovItemPrefix="test.BillTest.java" Intrnl_Id="292">
<LocList>
<Loc EndOffset="11921" SrcFileId="1" StartOffset="11897"/>
</LocList>
</BasicStmnt>
<BasicStmnt CovItemId="S233" CovItemPrefix="test.BillTest.java" Intrnl_Id="293">
<LocList>
<Loc EndOffset="11976" SrcFileId="1" StartOffset="11924"/>
</LocList>
</BasicStmnt>
<BasicStmnt CovItemId="S234" CovItemPrefix="test.BillTest.java" Intrnl_Id="294">
<LocList>
<Loc EndOffset="12004" SrcFileId="1" StartOffset="11979"/>
</LocList>
</BasicStmnt>
<BasicStmnt CovItemId="S235" CovItemPrefix="test.BillTest.java" Intrnl_Id="295">
<LocList>
<Loc EndOffset="12074" SrcFileId="1" StartOffset="12007"/>
</LocList>
</BasicStmnt>
<BasicStmnt CovItemId="S236" CovItemPrefix="test.BillTest.java" Intrnl_Id="296">
<LocList>
<Loc EndOffset="12096" SrcFileId="1" StartOffset="12077"/>
</LocList>
</BasicStmnt>
<BasicStmnt CovItemId="S237" CovItemPrefix="test.BillTest.java" Intrnl_Id="297">
<LocList>
<Loc EndOffset="12167" SrcFileId="1" StartOffset="12099"/>
</LocList>
</BasicStmnt>
<BasicStmnt CovItemId="S238" CovItemPrefix="test.BillTest.java" Intrnl_Id="298">
<LocList>
<Loc EndOffset="12195" SrcFileId="1" StartOffset="12170"/>
</LocList>
</BasicStmnt>
<BasicStmnt CovItemId="S239" CovItemPrefix="test.BillTest.java" Intrnl_Id="299">
<LocList>
<Loc EndOffset="12266" SrcFileId="1" StartOffset="12198"/>
</LocList>
</BasicStmnt>
<BasicStmnt CovItemId="S240" CovItemPrefix="test.BillTest.java" Intrnl_Id="300">
<LocList>
<Loc EndOffset="12298" SrcFileId="1" StartOffset="12272"/>
</LocList>
</BasicStmnt>
<BasicStmnt CovItemId="S241" CovItemPrefix="test.BillTest.java" Intrnl_Id="301">
<LocList>
<Loc EndOffset="12369" SrcFileId="1" StartOffset="12301"/>
</LocList>
</BasicStmnt>
<BasicStmnt CovItemId="S242" CovItemPrefix="test.BillTest.java" Intrnl_Id="302">
<LocList>
<Loc EndOffset="12395" SrcFileId="1" StartOffset="12375"/>
</LocList>
</BasicStmnt>
<BasicStmnt CovItemId="S243" CovItemPrefix="test.BillTest.java" Intrnl_Id="303">
<LocList>
<Loc EndOffset="12466" SrcFileId="1" StartOffset="12398"/>
</LocList>
</BasicStmnt>
<BasicStmnt CovItemId="S244" CovItemPrefix="test.BillTest.java" Intrnl_Id="304">
<LocList>
<Loc EndOffset="12485" SrcFileId="1" StartOffset="12470"/>
</LocList>
</BasicStmnt>
<BasicStmnt CovItemId="S245" CovItemPrefix="test.BillTest.java" Intrnl_Id="305">
<LocList>
<Loc EndOffset="12556" SrcFileId="1" StartOffset="12488"/>
</LocList>
</BasicStmnt>
</StmntSeq>
</HierarchyLvl>
<HierarchyLvl HierarchyLvlId="157" HierarchyLvlTypeId="8" Intrnl_Id="306" Name="testcase23">
<Header>
<Loc EndOffset="12593" SrcFileId="1" StartOffset="12562"/>
</Header>
<LocList>
<Loc EndOffset="13306" SrcFileId="1" StartOffset="12562"/>
</LocList>
<StmntSeq Intrnl_Id="307">
<LocList>
<Loc EndOffset="12637" SrcFileId="1" StartOffset="12613"/>
<Loc EndOffset="12692" SrcFileId="1" StartOffset="12640"/>
<Loc EndOffset="12720" SrcFileId="1" StartOffset="12695"/>
<Loc EndOffset="12790" SrcFileId="1" StartOffset="12723"/>
<Loc EndOffset="12812" SrcFileId="1" StartOffset="12793"/>
<Loc EndOffset="12883" SrcFileId="1" StartOffset="12815"/>
<Loc EndOffset="12905" SrcFileId="1" StartOffset="12886"/>
<Loc EndOffset="12985" SrcFileId="1" StartOffset="12908"/>
<Loc EndOffset="13017" SrcFileId="1" StartOffset="12991"/>
<Loc EndOffset="13097" SrcFileId="1" StartOffset="13020"/>
<Loc EndOffset="13123" SrcFileId="1" StartOffset="13103"/>
<Loc EndOffset="13203" SrcFileId="1" StartOffset="13126"/>
<Loc EndOffset="13222" SrcFileId="1" StartOffset="13207"/>
<Loc EndOffset="13302" SrcFileId="1" StartOffset="13225"/>
</LocList>
<BasicStmnt CovItemId="S246" CovItemPrefix="test.BillTest.java" Intrnl_Id="308">
<LocList>
<Loc EndOffset="12637" SrcFileId="1" StartOffset="12613"/>
</LocList>
</BasicStmnt>
<BasicStmnt CovItemId="S247" CovItemPrefix="test.BillTest.java" Intrnl_Id="309">
<LocList>
<Loc EndOffset="12692" SrcFileId="1" StartOffset="12640"/>
</LocList>
</BasicStmnt>
<BasicStmnt CovItemId="S248" CovItemPrefix="test.BillTest.java" Intrnl_Id="310">
<LocList>
<Loc EndOffset="12720" SrcFileId="1" StartOffset="12695"/>
</LocList>
</BasicStmnt>
<BasicStmnt CovItemId="S249" CovItemPrefix="test.BillTest.java" Intrnl_Id="311">
<LocList>
<Loc EndOffset="12790" SrcFileId="1" StartOffset="12723"/>
</LocList>
</BasicStmnt>
<BasicStmnt CovItemId="S250" CovItemPrefix="test.BillTest.java" Intrnl_Id="312">
<LocList>
<Loc EndOffset="12812" SrcFileId="1" StartOffset="12793"/>
</LocList>
</BasicStmnt>
<BasicStmnt CovItemId="S251" CovItemPrefix="test.BillTest.java" Intrnl_Id="313">
<LocList>
<Loc EndOffset="12883" SrcFileId="1" StartOffset="12815"/>
</LocList>
</BasicStmnt>
<BasicStmnt CovItemId="S252" CovItemPrefix="test.BillTest.java" Intrnl_Id="314">
<LocList>
<Loc EndOffset="12905" SrcFileId="1" StartOffset="12886"/>
</LocList>
</BasicStmnt>
<BasicStmnt CovItemId="S253" CovItemPrefix="test.BillTest.java" Intrnl_Id="315">
<LocList>
<Loc EndOffset="12985" SrcFileId="1" StartOffset="12908"/>
</LocList>
</BasicStmnt>
<BasicStmnt CovItemId="S254" CovItemPrefix="test.BillTest.java" Intrnl_Id="316">
<LocList>
<Loc EndOffset="13017" SrcFileId="1" StartOffset="12991"/>
</LocList>
</BasicStmnt>
<BasicStmnt CovItemId="S255" CovItemPrefix="test.BillTest.java" Intrnl_Id="317">
<LocList>
<Loc EndOffset="13097" SrcFileId="1" StartOffset="13020"/>
</LocList>
</BasicStmnt>
<BasicStmnt CovItemId="S256" CovItemPrefix="test.BillTest.java" Intrnl_Id="318">
<LocList>
<Loc EndOffset="13123" SrcFileId="1" StartOffset="13103"/>
</LocList>
</BasicStmnt>
<BasicStmnt CovItemId="S257" CovItemPrefix="test.BillTest.java" Intrnl_Id="319">
<LocList>
<Loc EndOffset="13203" SrcFileId="1" StartOffset="13126"/>
</LocList>
</BasicStmnt>
<BasicStmnt CovItemId="S258" CovItemPrefix="test.BillTest.java" Intrnl_Id="320">
<LocList>
<Loc EndOffset="13222" SrcFileId="1" StartOffset="13207"/>
</LocList>
</BasicStmnt>
<BasicStmnt CovItemId="S259" CovItemPrefix="test.BillTest.java" Intrnl_Id="321">
<LocList>
<Loc EndOffset="13302" SrcFileId="1" StartOffset="13225"/>
</LocList>
</BasicStmnt>
</StmntSeq>
</HierarchyLvl>
<HierarchyLvl HierarchyLvlId="158" HierarchyLvlTypeId="8" Intrnl_Id="322" Name="testcase24">
<Header>
<Loc EndOffset="13341" SrcFileId="1" StartOffset="13310"/>
</Header>
<LocList>
<Loc EndOffset="14114" SrcFileId="1" StartOffset="13310"/>
</LocList>
<StmntSeq Intrnl_Id="323">
<LocList>
<Loc EndOffset="13385" SrcFileId="1" StartOffset="13361"/>
<Loc EndOffset="13440" SrcFileId="1" StartOffset="13388"/>
<Loc EndOffset="13468" SrcFileId="1" StartOffset="13443"/>
<Loc EndOffset="13538" SrcFileId="1" StartOffset="13471"/>
<Loc EndOffset="13560" SrcFileId="1" StartOffset="13541"/>
<Loc EndOffset="13631" SrcFileId="1" StartOffset="13563"/>
<Loc EndOffset="13653" SrcFileId="1" StartOffset="13634"/>
<Loc EndOffset="13733" SrcFileId="1" StartOffset="13656"/>
<Loc EndOffset="13755" SrcFileId="1" StartOffset="13736"/>
<Loc EndOffset="13825" SrcFileId="1" StartOffset="13758"/>
<Loc EndOffset="13855" SrcFileId="1" StartOffset="13829"/>
<Loc EndOffset="13925" SrcFileId="1" StartOffset="13858"/>
<Loc EndOffset="13951" SrcFileId="1" StartOffset="13931"/>
<Loc EndOffset="14021" SrcFileId="1" StartOffset="13954"/>
<Loc EndOffset="14040" SrcFileId="1" StartOffset="14025"/>
<Loc EndOffset="14110" SrcFileId="1" StartOffset="14043"/>
</LocList>
<BasicStmnt CovItemId="S260" CovItemPrefix="test.BillTest.java" Intrnl_Id="324">
<LocList>
<Loc EndOffset="13385" SrcFileId="1" StartOffset="13361"/>
</LocList>
</BasicStmnt>
<BasicStmnt CovItemId="S261" CovItemPrefix="test.BillTest.java" Intrnl_Id="325">
<LocList>
<Loc EndOffset="13440" SrcFileId="1" StartOffset="13388"/>
</LocList>
</BasicStmnt>
<BasicStmnt CovItemId="S262" CovItemPrefix="test.BillTest.java" Intrnl_Id="326">
<LocList>
<Loc EndOffset="13468" SrcFileId="1" StartOffset="13443"/>
</LocList>
</BasicStmnt>
<BasicStmnt CovItemId="S263" CovItemPrefix="test.BillTest.java" Intrnl_Id="327">
<LocList>
<Loc EndOffset="13538" SrcFileId="1" StartOffset="13471"/>
</LocList>
</BasicStmnt>
<BasicStmnt CovItemId="S264" CovItemPrefix="test.BillTest.java" Intrnl_Id="328">
<LocList>
<Loc EndOffset="13560" SrcFileId="1" StartOffset="13541"/>
</LocList>
</BasicStmnt>
<BasicStmnt CovItemId="S265" CovItemPrefix="test.BillTest.java" Intrnl_Id="329">
<LocList>
<Loc EndOffset="13631" SrcFileId="1" StartOffset="13563"/>
</LocList>
</BasicStmnt>
<BasicStmnt CovItemId="S266" CovItemPrefix="test.BillTest.java" Intrnl_Id="330">
<LocList>
<Loc EndOffset="13653" SrcFileId="1" StartOffset="13634"/>
</LocList>
</BasicStmnt>
<BasicStmnt CovItemId="S267" CovItemPrefix="test.BillTest.java" Intrnl_Id="331">
<LocList>
<Loc EndOffset="13733" SrcFileId="1" StartOffset="13656"/>
</LocList>
</BasicStmnt>
<BasicStmnt CovItemId="S268" CovItemPrefix="test.BillTest.java" Intrnl_Id="332">
<LocList>
<Loc EndOffset="13755" SrcFileId="1" StartOffset="13736"/>
</LocList>
</BasicStmnt>
<BasicStmnt CovItemId="S269" CovItemPrefix="test.BillTest.java" Intrnl_Id="333">
<LocList>
<Loc EndOffset="13825" SrcFileId="1" StartOffset="13758"/>
</LocList>
</BasicStmnt>
<BasicStmnt CovItemId="S270" CovItemPrefix="test.BillTest.java" Intrnl_Id="334">
<LocList>
<Loc EndOffset="13855" SrcFileId="1" StartOffset="13829"/>
</LocList>
</BasicStmnt>
<BasicStmnt CovItemId="S271" CovItemPrefix="test.BillTest.java" Intrnl_Id="335">
<LocList>
<Loc EndOffset="13925" SrcFileId="1" StartOffset="13858"/>
</LocList>
</BasicStmnt>
<BasicStmnt CovItemId="S272" CovItemPrefix="test.BillTest.java" Intrnl_Id="336">
<LocList>
<Loc EndOffset="13951" SrcFileId="1" StartOffset="13931"/>
</LocList>
</BasicStmnt>
<BasicStmnt CovItemId="S273" CovItemPrefix="test.BillTest.java" Intrnl_Id="337">
<LocList>
<Loc EndOffset="14021" SrcFileId="1" StartOffset="13954"/>
</LocList>
</BasicStmnt>
<BasicStmnt CovItemId="S274" CovItemPrefix="test.BillTest.java" Intrnl_Id="338">
<LocList>
<Loc EndOffset="14040" SrcFileId="1" StartOffset="14025"/>
</LocList>
</BasicStmnt>
<BasicStmnt CovItemId="S275" CovItemPrefix="test.BillTest.java" Intrnl_Id="339">
<LocList>
<Loc EndOffset="14110" SrcFileId="1" StartOffset="14043"/>
</LocList>
</BasicStmnt>
</StmntSeq>
</HierarchyLvl>
<HierarchyLvl HierarchyLvlId="159" HierarchyLvlTypeId="8" Intrnl_Id="340" Name="testcase25">
<Header>
<Loc EndOffset="14149" SrcFileId="1" StartOffset="14118"/>
</Header>
<LocList>
<Loc EndOffset="15344" SrcFileId="1" StartOffset="14118"/>
</LocList>
<StmntSeq Intrnl_Id="341">
<LocList>
<Loc EndOffset="14193" SrcFileId="1" StartOffset="14169"/>
<Loc EndOffset="14248" SrcFileId="1" StartOffset="14196"/>
<Loc EndOffset="14276" SrcFileId="1" StartOffset="14251"/>
<Loc EndOffset="14346" SrcFileId="1" StartOffset="14279"/>
<Loc EndOffset="14368" SrcFileId="1" StartOffset="14349"/>
<Loc EndOffset="14439" SrcFileId="1" StartOffset="14371"/>
<Loc EndOffset="14461" SrcFileId="1" StartOffset="14442"/>
<Loc EndOffset="14541" SrcFileId="1" StartOffset="14464"/>
<Loc EndOffset="14563" SrcFileId="1" StartOffset="14544"/>
<Loc EndOffset="14633" SrcFileId="1" StartOffset="14566"/>
<Loc EndOffset="14655" SrcFileId="1" StartOffset="14636"/>
<Loc EndOffset="14732" SrcFileId="1" StartOffset="14658"/>
<Loc EndOffset="14755" SrcFileId="1" StartOffset="14736"/>
<Loc EndOffset="14832" SrcFileId="1" StartOffset="14758"/>
<Loc EndOffset="14856" SrcFileId="1" StartOffset="14838"/>
<Loc EndOffset="14933" SrcFileId="1" StartOffset="14859"/>
<Loc EndOffset="14954" SrcFileId="1" StartOffset="14937"/>
<Loc EndOffset="15031" SrcFileId="1" StartOffset="14957"/>
<Loc EndOffset="15060" SrcFileId="1" StartOffset="15035"/>
<Loc EndOffset="15137" SrcFileId="1" StartOffset="15063"/>
<Loc EndOffset="15167" SrcFileId="1" StartOffset="15141"/>
<Loc EndOffset="15244" SrcFileId="1" StartOffset="15170"/>
<Loc EndOffset="15263" SrcFileId="1" StartOffset="15248"/>
<Loc EndOffset="15340" SrcFileId="1" StartOffset="15266"/>
</LocList>
<BasicStmnt CovItemId="S276" CovItemPrefix="test.BillTest.java" Intrnl_Id="342">
<LocList>
<Loc EndOffset="14193" SrcFileId="1" StartOffset="14169"/>
</LocList>
</BasicStmnt>
<BasicStmnt CovItemId="S277" CovItemPrefix="test.BillTest.java" Intrnl_Id="343">
<LocList>
<Loc EndOffset="14248" SrcFileId="1" StartOffset="14196"/>
</LocList>
</BasicStmnt>
<BasicStmnt CovItemId="S278" CovItemPrefix="test.BillTest.java" Intrnl_Id="344">
<LocList>
<Loc EndOffset="14276" SrcFileId="1" StartOffset="14251"/>
</LocList>
</BasicStmnt>
<BasicStmnt CovItemId="S279" CovItemPrefix="test.BillTest.java" Intrnl_Id="345">
<LocList>
<Loc EndOffset="14346" SrcFileId="1" StartOffset="14279"/>
</LocList>
</BasicStmnt>
<BasicStmnt CovItemId="S280" CovItemPrefix="test.BillTest.java" Intrnl_Id="346">
<LocList>
<Loc EndOffset="14368" SrcFileId="1" StartOffset="14349"/>
</LocList>
</BasicStmnt>
<BasicStmnt CovItemId="S281" CovItemPrefix="test.BillTest.java" Intrnl_Id="347">
<LocList>
<Loc EndOffset="14439" SrcFileId="1" StartOffset="14371"/>
</LocList>
</BasicStmnt>
<BasicStmnt CovItemId="S282" CovItemPrefix="test.BillTest.java" Intrnl_Id="348">
<LocList>
<Loc EndOffset="14461" SrcFileId="1" StartOffset="14442"/>
</LocList>
</BasicStmnt>
<BasicStmnt CovItemId="S283" CovItemPrefix="test.BillTest.java" Intrnl_Id="349">
<LocList>
<Loc EndOffset="14541" SrcFileId="1" StartOffset="14464"/>
</LocList>
</BasicStmnt>
<BasicStmnt CovItemId="S284" CovItemPrefix="test.BillTest.java" Intrnl_Id="350">
<LocList>
<Loc EndOffset="14563" SrcFileId="1" StartOffset="14544"/>
</LocList>
</BasicStmnt>
<BasicStmnt CovItemId="S285" CovItemPrefix="test.BillTest.java" Intrnl_Id="351">
<LocList>
<Loc EndOffset="14633" SrcFileId="1" StartOffset="14566"/>
</LocList>
</BasicStmnt>
<BasicStmnt CovItemId="S286" CovItemPrefix="test.BillTest.java" Intrnl_Id="352">
<LocList>
<Loc EndOffset="14655" SrcFileId="1" StartOffset="14636"/>
</LocList>
</BasicStmnt>
<BasicStmnt CovItemId="S287" CovItemPrefix="test.BillTest.java" Intrnl_Id="353">
<LocList>
<Loc EndOffset="14732" SrcFileId="1" StartOffset="14658"/>
</LocList>
</BasicStmnt>
<BasicStmnt CovItemId="S288" CovItemPrefix="test.BillTest.java" Intrnl_Id="354">
<LocList>
<Loc EndOffset="14755" SrcFileId="1" StartOffset="14736"/>
</LocList>
</BasicStmnt>
<BasicStmnt CovItemId="S289" CovItemPrefix="test.BillTest.java" Intrnl_Id="355">
<LocList>
<Loc EndOffset="14832" SrcFileId="1" StartOffset="14758"/>
</LocList>
</BasicStmnt>
<BasicStmnt CovItemId="S290" CovItemPrefix="test.BillTest.java" Intrnl_Id="356">
<LocList>
<Loc EndOffset="14856" SrcFileId="1" StartOffset="14838"/>
</LocList>
</BasicStmnt>
<BasicStmnt CovItemId="S291" CovItemPrefix="test.BillTest.java" Intrnl_Id="357">
<LocList>
<Loc EndOffset="14933" SrcFileId="1" StartOffset="14859"/>
</LocList>
</BasicStmnt>
<BasicStmnt CovItemId="S292" CovItemPrefix="test.BillTest.java" Intrnl_Id="358">
<LocList>
<Loc EndOffset="14954" SrcFileId="1" StartOffset="14937"/>
</LocList>
</BasicStmnt>
<BasicStmnt CovItemId="S293" CovItemPrefix="test.BillTest.java" Intrnl_Id="359">
<LocList>
<Loc EndOffset="15031" SrcFileId="1" StartOffset="14957"/>
</LocList>
</BasicStmnt>
<BasicStmnt CovItemId="S294" CovItemPrefix="test.BillTest.java" Intrnl_Id="360">
<LocList>
<Loc EndOffset="15060" SrcFileId="1" StartOffset="15035"/>
</LocList>
</BasicStmnt>
<BasicStmnt CovItemId="S295" CovItemPrefix="test.BillTest.java" Intrnl_Id="361">
<LocList>
<Loc EndOffset="15137" SrcFileId="1" StartOffset="15063"/>
</LocList>
</BasicStmnt>
<BasicStmnt CovItemId="S296" CovItemPrefix="test.BillTest.java" Intrnl_Id="362">
<LocList>
<Loc EndOffset="15167" SrcFileId="1" StartOffset="15141"/>
</LocList>
</BasicStmnt>
<BasicStmnt CovItemId="S297" CovItemPrefix="test.BillTest.java" Intrnl_Id="363">
<LocList>
<Loc EndOffset="15244" SrcFileId="1" StartOffset="15170"/>
</LocList>
</BasicStmnt>
<BasicStmnt CovItemId="S298" CovItemPrefix="test.BillTest.java" Intrnl_Id="364">
<LocList>
<Loc EndOffset="15263" SrcFileId="1" StartOffset="15248"/>
</LocList>
</BasicStmnt>
<BasicStmnt CovItemId="S299" CovItemPrefix="test.BillTest.java" Intrnl_Id="365">
<LocList>
<Loc EndOffset="15340" SrcFileId="1" StartOffset="15266"/>
</LocList>
</BasicStmnt>
</StmntSeq>
</HierarchyLvl>
<HierarchyLvl HierarchyLvlId="160" HierarchyLvlTypeId="8" Intrnl_Id="366" Name="testcase26">
<Header>
<Loc EndOffset="15379" SrcFileId="1" StartOffset="15348"/>
</Header>
<LocList>
<Loc EndOffset="15930" SrcFileId="1" StartOffset="15348"/>
</LocList>
<StmntSeq Intrnl_Id="367">
<LocList>
<Loc EndOffset="15423" SrcFileId="1" StartOffset="15399"/>
<Loc EndOffset="15478" SrcFileId="1" StartOffset="15426"/>
<Loc EndOffset="15507" SrcFileId="1" StartOffset="15481"/>
<Loc EndOffset="15570" SrcFileId="1" StartOffset="15510"/>
<Loc EndOffset="15598" SrcFileId="1" StartOffset="15573"/>
<Loc EndOffset="15661" SrcFileId="1" StartOffset="15601"/>
<Loc EndOffset="15691" SrcFileId="1" StartOffset="15665"/>
<Loc EndOffset="15754" SrcFileId="1" StartOffset="15694"/>
<Loc EndOffset="15778" SrcFileId="1" StartOffset="15758"/>
<Loc EndOffset="15841" SrcFileId="1" StartOffset="15781"/>
<Loc EndOffset="15860" SrcFileId="1" StartOffset="15845"/>
<Loc EndOffset="15923" SrcFileId="1" StartOffset="15863"/>
</LocList>
<BasicStmnt CovItemId="S300" CovItemPrefix="test.BillTest.java" Intrnl_Id="368">
<LocList>
<Loc EndOffset="15423" SrcFileId="1" StartOffset="15399"/>
</LocList>
</BasicStmnt>
<BasicStmnt CovItemId="S301" CovItemPrefix="test.BillTest.java" Intrnl_Id="369">
<LocList>
<Loc EndOffset="15478" SrcFileId="1" StartOffset="15426"/>
</LocList>
</BasicStmnt>
<BasicStmnt CovItemId="S302" CovItemPrefix="test.BillTest.java" Intrnl_Id="370">
<LocList>
<Loc EndOffset="15507" SrcFileId="1" StartOffset="15481"/>
</LocList>
</BasicStmnt>
<BasicStmnt CovItemId="S303" CovItemPrefix="test.BillTest.java" Intrnl_Id="371">
<LocList>
<Loc EndOffset="15570" SrcFileId="1" StartOffset="15510"/>
</LocList>
</BasicStmnt>
<BasicStmnt CovItemId="S304" CovItemPrefix="test.BillTest.java" Intrnl_Id="372">
<LocList>
<Loc EndOffset="15598" SrcFileId="1" StartOffset="15573"/>
</LocList>
</BasicStmnt>
<BasicStmnt CovItemId="S305" CovItemPrefix="test.BillTest.java" Intrnl_Id="373">
<LocList>
<Loc EndOffset="15661" SrcFileId="1" StartOffset="15601"/>
</LocList>
</BasicStmnt>
<BasicStmnt CovItemId="S306" CovItemPrefix="test.BillTest.java" Intrnl_Id="374">
<LocList>
<Loc EndOffset="15691" SrcFileId="1" StartOffset="15665"/>
</LocList>
</BasicStmnt>
<BasicStmnt CovItemId="S307" CovItemPrefix="test.BillTest.java" Intrnl_Id="375">
<LocList>
<Loc EndOffset="15754" SrcFileId="1" StartOffset="15694"/>
</LocList>
</BasicStmnt>
<BasicStmnt CovItemId="S308" CovItemPrefix="test.BillTest.java" Intrnl_Id="376">
<LocList>
<Loc EndOffset="15778" SrcFileId="1" StartOffset="15758"/>
</LocList>
</BasicStmnt>
<BasicStmnt CovItemId="S309" CovItemPrefix="test.BillTest.java" Intrnl_Id="377">
<LocList>
<Loc EndOffset="15841" SrcFileId="1" StartOffset="15781"/>
</LocList>
</BasicStmnt>
<BasicStmnt CovItemId="S310" CovItemPrefix="test.BillTest.java" Intrnl_Id="378">
<LocList>
<Loc EndOffset="15860" SrcFileId="1" StartOffset="15845"/>
</LocList>
</BasicStmnt>
<BasicStmnt CovItemId="S311" CovItemPrefix="test.BillTest.java" Intrnl_Id="379">
<LocList>
<Loc EndOffset="15923" SrcFileId="1" StartOffset="15863"/>
</LocList>
</BasicStmnt>
</StmntSeq>
</HierarchyLvl>
<HierarchyLvl HierarchyLvlId="161" HierarchyLvlTypeId="8" Intrnl_Id="380" Name="testcase27">
<Header>
<Loc EndOffset="15963" SrcFileId="1" StartOffset="15932"/>
</Header>
<LocList>
<Loc EndOffset="16601" SrcFileId="1" StartOffset="15932"/>
</LocList>
<StmntSeq Intrnl_Id="381">
<LocList>
<Loc EndOffset="16007" SrcFileId="1" StartOffset="15983"/>
<Loc EndOffset="16062" SrcFileId="1" StartOffset="16010"/>
<Loc EndOffset="16091" SrcFileId="1" StartOffset="16065"/>
<Loc EndOffset="16154" SrcFileId="1" StartOffset="16094"/>
<Loc EndOffset="16176" SrcFileId="1" StartOffset="16157"/>
<Loc EndOffset="16240" SrcFileId="1" StartOffset="16179"/>
<Loc EndOffset="16268" SrcFileId="1" StartOffset="16243"/>
<Loc EndOffset="16332" SrcFileId="1" StartOffset="16271"/>
<Loc EndOffset="16362" SrcFileId="1" StartOffset="16336"/>
<Loc EndOffset="16426" SrcFileId="1" StartOffset="16365"/>
<Loc EndOffset="16450" SrcFileId="1" StartOffset="16430"/>
<Loc EndOffset="16514" SrcFileId="1" StartOffset="16453"/>
<Loc EndOffset="16533" SrcFileId="1" StartOffset="16518"/>
<Loc EndOffset="16597" SrcFileId="1" StartOffset="16536"/>
</LocList>
<BasicStmnt CovItemId="S312" CovItemPrefix="test.BillTest.java" Intrnl_Id="382">
<LocList>
<Loc EndOffset="16007" SrcFileId="1" StartOffset="15983"/>
</LocList>
</BasicStmnt>
<BasicStmnt CovItemId="S313" CovItemPrefix="test.BillTest.java" Intrnl_Id="383">
<LocList>
<Loc EndOffset="16062" SrcFileId="1" StartOffset="16010"/>
</LocList>
</BasicStmnt>
<BasicStmnt CovItemId="S314" CovItemPrefix="test.BillTest.java" Intrnl_Id="384">
<LocList>
<Loc EndOffset="16091" SrcFileId="1" StartOffset="16065"/>
</LocList>
</BasicStmnt>
<BasicStmnt CovItemId="S315" CovItemPrefix="test.BillTest.java" Intrnl_Id="385">
<LocList>
<Loc EndOffset="16154" SrcFileId="1" StartOffset="16094"/>
</LocList>
</BasicStmnt>
<BasicStmnt CovItemId="S316" CovItemPrefix="test.BillTest.java" Intrnl_Id="386">
<LocList>
<Loc EndOffset="16176" SrcFileId="1" StartOffset="16157"/>
</LocList>
</BasicStmnt>
<BasicStmnt CovItemId="S317" CovItemPrefix="test.BillTest.java" Intrnl_Id="387">
<LocList>
<Loc EndOffset="16240" SrcFileId="1" StartOffset="16179"/>
</LocList>
</BasicStmnt>
<BasicStmnt CovItemId="S318" CovItemPrefix="test.BillTest.java" Intrnl_Id="388">
<LocList>
<Loc EndOffset="16268" SrcFileId="1" StartOffset="16243"/>
</LocList>
</BasicStmnt>
<BasicStmnt CovItemId="S319" CovItemPrefix="test.BillTest.java" Intrnl_Id="389">
<LocList>
<Loc EndOffset="16332" SrcFileId="1" StartOffset="16271"/>
</LocList>
</BasicStmnt>
<BasicStmnt CovItemId="S320" CovItemPrefix="test.BillTest.java" Intrnl_Id="390">
<LocList>
<Loc EndOffset="16362" SrcFileId="1" StartOffset="16336"/>
</LocList>
</BasicStmnt>
<BasicStmnt CovItemId="S321" CovItemPrefix="test.BillTest.java" Intrnl_Id="391">
<LocList>
<Loc EndOffset="16426" SrcFileId="1" StartOffset="16365"/>
</LocList>
</BasicStmnt>
<BasicStmnt CovItemId="S322" CovItemPrefix="test.BillTest.java" Intrnl_Id="392">
<LocList>
<Loc EndOffset="16450" SrcFileId="1" StartOffset="16430"/>
</LocList>
</BasicStmnt>
<BasicStmnt CovItemId="S323" CovItemPrefix="test.BillTest.java" Intrnl_Id="393">
<LocList>
<Loc EndOffset="16514" SrcFileId="1" StartOffset="16453"/>
</LocList>
</BasicStmnt>
<BasicStmnt CovItemId="S324" CovItemPrefix="test.BillTest.java" Intrnl_Id="394">
<LocList>
<Loc EndOffset="16533" SrcFileId="1" StartOffset="16518"/>
</LocList>
</BasicStmnt>
<BasicStmnt CovItemId="S325" CovItemPrefix="test.BillTest.java" Intrnl_Id="395">
<LocList>
<Loc EndOffset="16597" SrcFileId="1" StartOffset="16536"/>
</LocList>
</BasicStmnt>
</StmntSeq>
</HierarchyLvl>
<HierarchyLvl HierarchyLvlId="162" HierarchyLvlTypeId="8" Intrnl_Id="396" Name="testcase28">
<Header>
<Loc EndOffset="16636" SrcFileId="1" StartOffset="16605"/>
</Header>
<LocList>
<Loc EndOffset="17405" SrcFileId="1" StartOffset="16605"/>
</LocList>
<StmntSeq Intrnl_Id="397">
<LocList>
<Loc EndOffset="16680" SrcFileId="1" StartOffset="16656"/>
<Loc EndOffset="16735" SrcFileId="1" StartOffset="16683"/>
<Loc EndOffset="16764" SrcFileId="1" StartOffset="16738"/>
<Loc EndOffset="16827" SrcFileId="1" StartOffset="16767"/>
<Loc EndOffset="16849" SrcFileId="1" StartOffset="16830"/>
<Loc EndOffset="16913" SrcFileId="1" StartOffset="16852"/>
<Loc EndOffset="16935" SrcFileId="1" StartOffset="16916"/>
<Loc EndOffset="17008" SrcFileId="1" StartOffset="16938"/>
<Loc EndOffset="17036" SrcFileId="1" StartOffset="17011"/>
<Loc EndOffset="17109" SrcFileId="1" StartOffset="17039"/>
<Loc EndOffset="17139" SrcFileId="1" StartOffset="17113"/>
<Loc EndOffset="17212" SrcFileId="1" StartOffset="17142"/>
<Loc EndOffset="17236" SrcFileId="1" StartOffset="17216"/>
<Loc EndOffset="17309" SrcFileId="1" StartOffset="17239"/>
<Loc EndOffset="17328" SrcFileId="1" StartOffset="17313"/>
<Loc EndOffset="17401" SrcFileId="1" StartOffset="17331"/>
</LocList>
<BasicStmnt CovItemId="S326" CovItemPrefix="test.BillTest.java" Intrnl_Id="398">
<LocList>
<Loc EndOffset="16680" SrcFileId="1" StartOffset="16656"/>
</LocList>
</BasicStmnt>
<BasicStmnt CovItemId="S327" CovItemPrefix="test.BillTest.java" Intrnl_Id="399">
<LocList>
<Loc EndOffset="16735" SrcFileId="1" StartOffset="16683"/>
</LocList>
</BasicStmnt>
<BasicStmnt CovItemId="S328" CovItemPrefix="test.BillTest.java" Intrnl_Id="400">
<LocList>
<Loc EndOffset="16764" SrcFileId="1" StartOffset="16738"/>
</LocList>
</BasicStmnt>
<BasicStmnt CovItemId="S329" CovItemPrefix="test.BillTest.java" Intrnl_Id="401">
<LocList>
<Loc EndOffset="16827" SrcFileId="1" StartOffset="16767"/>
</LocList>
</BasicStmnt>
<BasicStmnt CovItemId="S330" CovItemPrefix="test.BillTest.java" Intrnl_Id="402">
<LocList>
<Loc EndOffset="16849" SrcFileId="1" StartOffset="16830"/>
</LocList>
</BasicStmnt>
<BasicStmnt CovItemId="S331" CovItemPrefix="test.BillTest.java" Intrnl_Id="403">
<LocList>
<Loc EndOffset="16913" SrcFileId="1" StartOffset="16852"/>
</LocList>
</BasicStmnt>
<BasicStmnt CovItemId="S332" CovItemPrefix="test.BillTest.java" Intrnl_Id="404">
<LocList>
<Loc EndOffset="16935" SrcFileId="1" StartOffset="16916"/>
</LocList>
</BasicStmnt>
<BasicStmnt CovItemId="S333" CovItemPrefix="test.BillTest.java" Intrnl_Id="405">
<LocList>
<Loc EndOffset="17008" SrcFileId="1" StartOffset="16938"/>
</LocList>
</BasicStmnt>
<BasicStmnt CovItemId="S334" CovItemPrefix="test.BillTest.java" Intrnl_Id="406">
<LocList>
<Loc EndOffset="17036" SrcFileId="1" StartOffset="17011"/>
</LocList>
</BasicStmnt>
<BasicStmnt CovItemId="S335" CovItemPrefix="test.BillTest.java" Intrnl_Id="407">
<LocList>
<Loc EndOffset="17109" SrcFileId="1" StartOffset="17039"/>
</LocList>
</BasicStmnt>
<BasicStmnt CovItemId="S336" CovItemPrefix="test.BillTest.java" Intrnl_Id="408">
<LocList>
<Loc EndOffset="17139" SrcFileId="1" StartOffset="17113"/>
</LocList>
</BasicStmnt>
<BasicStmnt CovItemId="S337" CovItemPrefix="test.BillTest.java" Intrnl_Id="409">
<LocList>
<Loc EndOffset="17212" SrcFileId="1" StartOffset="17142"/>
</LocList>
</BasicStmnt>
<BasicStmnt CovItemId="S338" CovItemPrefix="test.BillTest.java" Intrnl_Id="410">
<LocList>
<Loc EndOffset="17236" SrcFileId="1" StartOffset="17216"/>
</LocList>
</BasicStmnt>
<BasicStmnt CovItemId="S339" CovItemPrefix="test.BillTest.java" Intrnl_Id="411">
<LocList>
<Loc EndOffset="17309" SrcFileId="1" StartOffset="17239"/>
</LocList>
</BasicStmnt>
<BasicStmnt CovItemId="S340" CovItemPrefix="test.BillTest.java" Intrnl_Id="412">
<LocList>
<Loc EndOffset="17328" SrcFileId="1" StartOffset="17313"/>
</LocList>
</BasicStmnt>
<BasicStmnt CovItemId="S341" CovItemPrefix="test.BillTest.java" Intrnl_Id="413">
<LocList>
<Loc EndOffset="17401" SrcFileId="1" StartOffset="17331"/>
</LocList>
</BasicStmnt>
</StmntSeq>
</HierarchyLvl>
<HierarchyLvl HierarchyLvlId="163" HierarchyLvlTypeId="8" Intrnl_Id="414" Name="testcase29">
<Header>
<Loc EndOffset="17440" SrcFileId="1" StartOffset="17409"/>
</Header>
<LocList>
<Loc EndOffset="18257" SrcFileId="1" StartOffset="17409"/>
</LocList>
<StmntSeq Intrnl_Id="415">
<LocList>
<Loc EndOffset="17484" SrcFileId="1" StartOffset="17460"/>
<Loc EndOffset="17539" SrcFileId="1" StartOffset="17487"/>
<Loc EndOffset="17568" SrcFileId="1" StartOffset="17542"/>
<Loc EndOffset="17631" SrcFileId="1" StartOffset="17571"/>
<Loc EndOffset="17653" SrcFileId="1" StartOffset="17634"/>
<Loc EndOffset="17717" SrcFileId="1" StartOffset="17656"/>
<Loc EndOffset="17739" SrcFileId="1" StartOffset="17720"/>
<Loc EndOffset="17812" SrcFileId="1" StartOffset="17742"/>
<Loc EndOffset="17834" SrcFileId="1" StartOffset="17815"/>
<Loc EndOffset="17897" SrcFileId="1" StartOffset="17837"/>
<Loc EndOffset="17925" SrcFileId="1" StartOffset="17900"/>
<Loc EndOffset="17988" SrcFileId="1" StartOffset="17928"/>
<Loc EndOffset="18021" SrcFileId="1" StartOffset="17995"/>
<Loc EndOffset="18084" SrcFileId="1" StartOffset="18024"/>
<Loc EndOffset="18108" SrcFileId="1" StartOffset="18088"/>
<Loc EndOffset="18171" SrcFileId="1" StartOffset="18111"/>
<Loc EndOffset="18190" SrcFileId="1" StartOffset="18175"/>
<Loc EndOffset="18253" SrcFileId="1" StartOffset="18193"/>
</LocList>
<BasicStmnt CovItemId="S342" CovItemPrefix="test.BillTest.java" Intrnl_Id="416">
<LocList>
<Loc EndOffset="17484" SrcFileId="1" StartOffset="17460"/>
</LocList>
</BasicStmnt>
<BasicStmnt CovItemId="S343" CovItemPrefix="test.BillTest.java" Intrnl_Id="417">
<LocList>
<Loc EndOffset="17539" SrcFileId="1" StartOffset="17487"/>
</LocList>
</BasicStmnt>
<BasicStmnt CovItemId="S344" CovItemPrefix="test.BillTest.java" Intrnl_Id="418">
<LocList>
<Loc EndOffset="17568" SrcFileId="1" StartOffset="17542"/>
</LocList>
</BasicStmnt>
<BasicStmnt CovItemId="S345" CovItemPrefix="test.BillTest.java" Intrnl_Id="419">
<LocList>
<Loc EndOffset="17631" SrcFileId="1" StartOffset="17571"/>
</LocList>
</BasicStmnt>
<BasicStmnt CovItemId="S346" CovItemPrefix="test.BillTest.java" Intrnl_Id="420">
<LocList>
<Loc EndOffset="17653" SrcFileId="1" StartOffset="17634"/>
</LocList>
</BasicStmnt>
<BasicStmnt CovItemId="S347" CovItemPrefix="test.BillTest.java" Intrnl_Id="421">
<LocList>
<Loc EndOffset="17717" SrcFileId="1" StartOffset="17656"/>
</LocList>
</BasicStmnt>
<BasicStmnt CovItemId="S348" CovItemPrefix="test.BillTest.java" Intrnl_Id="422">
<LocList>
<Loc EndOffset="17739" SrcFileId="1" StartOffset="17720"/>
</LocList>
</BasicStmnt>
<BasicStmnt CovItemId="S349" CovItemPrefix="test.BillTest.java" Intrnl_Id="423">
<LocList>
<Loc EndOffset="17812" SrcFileId="1" StartOffset="17742"/>
</LocList>
</BasicStmnt>
<BasicStmnt CovItemId="S350" CovItemPrefix="test.BillTest.java" Intrnl_Id="424">
<LocList>
<Loc EndOffset="17834" SrcFileId="1" StartOffset="17815"/>
</LocList>
</BasicStmnt>
<BasicStmnt CovItemId="S351" CovItemPrefix="test.BillTest.java" Intrnl_Id="425">
<LocList>
<Loc EndOffset="17897" SrcFileId="1" StartOffset="17837"/>
</LocList>
</BasicStmnt>
<BasicStmnt CovItemId="S352" CovItemPrefix="test.BillTest.java" Intrnl_Id="426">
<LocList>
<Loc EndOffset="17925" SrcFileId="1" StartOffset="17900"/>
</LocList>
</BasicStmnt>
<BasicStmnt CovItemId="S353" CovItemPrefix="test.BillTest.java" Intrnl_Id="427">
<LocList>
<Loc EndOffset="17988" SrcFileId="1" StartOffset="17928"/>
</LocList>
</BasicStmnt>
<BasicStmnt CovItemId="S354" CovItemPrefix="test.BillTest.java" Intrnl_Id="428">
<LocList>
<Loc EndOffset="18021" SrcFileId="1" StartOffset="17995"/>
</LocList>
</BasicStmnt>
<BasicStmnt CovItemId="S355" CovItemPrefix="test.BillTest.java" Intrnl_Id="429">
<LocList>
<Loc EndOffset="18084" SrcFileId="1" StartOffset="18024"/>
</LocList>
</BasicStmnt>
<BasicStmnt CovItemId="S356" CovItemPrefix="test.BillTest.java" Intrnl_Id="430">
<LocList>
<Loc EndOffset="18108" SrcFileId="1" StartOffset="18088"/>
</LocList>
</BasicStmnt>
<BasicStmnt CovItemId="S357" CovItemPrefix="test.BillTest.java" Intrnl_Id="431">
<LocList>
<Loc EndOffset="18171" SrcFileId="1" StartOffset="18111"/>
</LocList>
</BasicStmnt>
<BasicStmnt CovItemId="S358" CovItemPrefix="test.BillTest.java" Intrnl_Id="432">
<LocList>
<Loc EndOffset="18190" SrcFileId="1" StartOffset="18175"/>
</LocList>
</BasicStmnt>
<BasicStmnt CovItemId="S359" CovItemPrefix="test.BillTest.java" Intrnl_Id="433">
<LocList>
<Loc EndOffset="18253" SrcFileId="1" StartOffset="18193"/>
</LocList>
</BasicStmnt>
</StmntSeq>
</HierarchyLvl>
</HierarchyLvl>
</HierarchyLvl>
<HierarchyLvl HierarchyLvlId="193" HierarchyLvlTypeId="6" Intrnl_Id="434" Name="bill">
<Header/>
<LocList/>
<HierarchyLvl HierarchyLvlId="191" HierarchyLvlTypeId="7" Intrnl_Id="435" Name="Bill">
<Header>
<Loc EndOffset="90" SrcFileId="2" StartOffset="73"/>
</Header>
<LocList>
<Loc EndOffset="255" SrcFileId="2" StartOffset="73"/>
<Loc EndOffset="367" SrcFileId="2" StartOffset="364"/>
<Loc EndOffset="489" SrcFileId="2" StartOffset="486"/>
<Loc EndOffset="11157" SrcFileId="2" StartOffset="591"/>
</LocList>
<HierarchyLvl HierarchyLvlId="165" HierarchyLvlTypeId="5" Intrnl_Id="436" Name="BillState">
<Header>
<Loc EndOffset="269" SrcFileId="2" StartOffset="255"/>
</Header>
<LocList>
<Loc EndOffset="364" SrcFileId="2" StartOffset="255"/>
</LocList>
</HierarchyLvl>
<HierarchyLvl HierarchyLvlId="166" HierarchyLvlTypeId="5" Intrnl_Id="437" Name="BillStateInHouseOfCommons">
<Header>
<Loc EndOffset="397" SrcFileId="2" StartOffset="367"/>
</Header>
<LocList>
<Loc EndOffset="486" SrcFileId="2" StartOffset="367"/>
</LocList>
</HierarchyLvl>
<HierarchyLvl HierarchyLvlId="167" HierarchyLvlTypeId="5" Intrnl_Id="438" Name="BillStateInSenate">
<Header>
<Loc EndOffset="511" SrcFileId="2" StartOffset="489"/>
</Header>
<LocList>
<Loc EndOffset="591" SrcFileId="2" StartOffset="489"/>
</LocList>
</HierarchyLvl>
<HierarchyLvl HierarchyLvlId="168" HierarchyLvlTypeId="8" Intrnl_Id="439" Name="Bill">
<Header>
<Loc EndOffset="825" SrcFileId="2" StartOffset="812"/>
</Header>
<LocList>
<Loc EndOffset="1018" SrcFileId="2" StartOffset="812"/>
</LocList>
<StmntSeq Intrnl_Id="440">
<LocList>
<Loc EndOffset="855" SrcFileId="2" StartOffset="834"/>
<Loc EndOffset="921" SrcFileId="2" StartOffset="860"/>
<Loc EndOffset="971" SrcFileId="2" StartOffset="926"/>
<Loc EndOffset="1014" SrcFileId="2" StartOffset="976"/>
</LocList>
<BasicStmnt CovItemId="S1" CovItemPrefix="bill.Bill.java" Intrnl_Id="441">
<LocList>
<Loc EndOffset="855" SrcFileId="2" StartOffset="834"/>
</LocList>
</BasicStmnt>
<BasicStmnt CovItemId="S2" CovItemPrefix="bill.Bill.java" Intrnl_Id="442">
<LocList>
<Loc EndOffset="921" SrcFileId="2" StartOffset="860"/>
</LocList>
</BasicStmnt>
<BasicStmnt CovItemId="S3" CovItemPrefix="bill.Bill.java" Intrnl_Id="443">
<LocList>
<Loc EndOffset="971" SrcFileId="2" StartOffset="926"/>
</LocList>
</BasicStmnt>
<BasicStmnt CovItemId="S4" CovItemPrefix="bill.Bill.java" Intrnl_Id="444">
<LocList>
<Loc EndOffset="1014" SrcFileId="2" StartOffset="976"/>
</LocList>
</BasicStmnt>
</StmntSeq>
</HierarchyLvl>
<HierarchyLvl HierarchyLvlId="169" HierarchyLvlTypeId="8" Intrnl_Id="445" Name="setIsCommonsBill">
<Header>
<Loc EndOffset="1151" SrcFileId="2" StartOffset="1096"/>
</Header>
<LocList>
<Loc EndOffset="1261" SrcFileId="2" StartOffset="1096"/>
</LocList>
<StmntSeq Intrnl_Id="446">
<LocList>
<Loc EndOffset="1183" SrcFileId="2" StartOffset="1160"/>
<Loc EndOffset="1219" SrcFileId="2" StartOffset="1188"/>
<Loc EndOffset="1238" SrcFileId="2" StartOffset="1224"/>
<Loc EndOffset="1257" SrcFileId="2" StartOffset="1243"/>
</LocList>
<BasicStmnt CovItemId="S5" CovItemPrefix="bill.Bill.java" Intrnl_Id="447">
<LocList>
<Loc EndOffset="1183" SrcFileId="2" StartOffset="1160"/>
</LocList>
</BasicStmnt>
<BasicStmnt CovItemId="S6" CovItemPrefix="bill.Bill.java" Intrnl_Id="448">
<LocList>
<Loc EndOffset="1219" SrcFileId="2" StartOffset="1188"/>
</LocList>
</BasicStmnt>
<BasicStmnt CovItemId="S7" CovItemPrefix="bill.Bill.java" Intrnl_Id="449">
<LocList>
<Loc EndOffset="1238" SrcFileId="2" StartOffset="1224"/>
</LocList>
</BasicStmnt>
<BasicStmnt CovItemId="S8" CovItemPrefix="bill.Bill.java" Intrnl_Id="450">
<LocList>
<Loc EndOffset="1257" SrcFileId="2" StartOffset="1243"/>
</LocList>
</BasicStmnt>
</StmntSeq>
</HierarchyLvl>
<HierarchyLvl HierarchyLvlId="170" HierarchyLvlTypeId="8" Intrnl_Id="451" Name="getIsCommonsBill">
<Header>
<Loc EndOffset="1298" SrcFileId="2" StartOffset="1265"/>
</Header>
<LocList>
<Loc EndOffset="1332" SrcFileId="2" StartOffset="1265"/>
</LocList>
<StmntSeq Intrnl_Id="452">
<LocList>
<Loc EndOffset="1328" SrcFileId="2" StartOffset="1307"/>
</LocList>
<BasicStmnt CovItemId="S9" CovItemPrefix="bill.Bill.java" Intrnl_Id="453">
<LocList>
<Loc EndOffset="1328" SrcFileId="2" StartOffset="1307"/>
</LocList>
</BasicStmnt>
</StmntSeq>
</HierarchyLvl>
<HierarchyLvl HierarchyLvlId="171" HierarchyLvlTypeId="8" Intrnl_Id="454" Name="isIsCommonsBill">
<Header>
<Loc EndOffset="1368" SrcFileId="2" StartOffset="1336"/>
</Header>
<LocList>
<Loc EndOffset="1402" SrcFileId="2" StartOffset="1336"/>
</LocList>
<StmntSeq Intrnl_Id="455">
<LocList>
<Loc EndOffset="1398" SrcFileId="2" StartOffset="1377"/>
</LocList>
<BasicStmnt CovItemId="S10" CovItemPrefix="bill.Bill.java" Intrnl_Id="456">
<LocList>
<Loc EndOffset="1398" SrcFileId="2" StartOffset="1377"/>
</LocList>
</BasicStmnt>
</StmntSeq>
</HierarchyLvl>
<HierarchyLvl HierarchyLvlId="172" HierarchyLvlTypeId="8" Intrnl_Id="457" Name="introduceInHouse">
<Header>
<Loc EndOffset="1439" SrcFileId="2" StartOffset="1406"/>
</Header>
<LocList>
<Loc EndOffset="1785" SrcFileId="2" StartOffset="1406"/>
</LocList>
<StmntSeq Intrnl_Id="458">
<LocList>
<Loc EndOffset="1482" SrcFileId="2" StartOffset="1448"/>
<Loc EndOffset="1525" SrcFileId="2" StartOffset="1492"/>
<Loc EndOffset="1750" SrcFileId="2" StartOffset="1530"/>
<Loc EndOffset="1781" SrcFileId="2" StartOffset="1756"/>
</LocList>
<BasicStmnt CovItemId="S11" CovItemPrefix="bill.Bill.java" Intrnl_Id="459">
<LocList>
<Loc EndOffset="1482" SrcFileId="2" StartOffset="1448"/>
</LocList>
</BasicStmnt>
<BasicStmnt CovItemId="S12" CovItemPrefix="bill.Bill.java" Intrnl_Id="460">
<LocList>
<Loc EndOffset="1525" SrcFileId="2" StartOffset="1492"/>
</LocList>
</BasicStmnt>
<CondStmnt CovItemId="S13" CovItemPrefix="bill.Bill.java" Intrnl_Id="461">
<Branch CovItemId="B1" CovItemPrefix="bill.Bill.java" Implct="false" Intrnl_Id="462">
<Cond>
<Loc EndOffset="1580" SrcFileId="2" StartOffset="1562"/>
</Cond>
<LocList>
<Loc EndOffset="1680" SrcFileId="2" StartOffset="1590"/>
</LocList>
<StmntSeq Intrnl_Id="463">
<LocList>
<Loc EndOffset="1631" SrcFileId="2" StartOffset="1590"/>
<Loc EndOffset="1665" SrcFileId="2" StartOffset="1640"/>
<Loc EndOffset="1680" SrcFileId="2" StartOffset="1674"/>
</LocList>
<BasicStmnt CovItemId="S14" CovItemPrefix="bill.Bill.java" Intrnl_Id="464">
<LocList>
<Loc EndOffset="1631" SrcFileId="2" StartOffset="1590"/>
</LocList>
</BasicStmnt>
<BasicStmnt CovItemId="S15" CovItemPrefix="bill.Bill.java" Intrnl_Id="465">
<LocList>
<Loc EndOffset="1665" SrcFileId="2" StartOffset="1640"/>
</LocList>
</BasicStmnt>
<BasicStmnt CovItemId="S16" CovItemPrefix="bill.Bill.java" Intrnl_Id="466">
<LocList>
<Loc EndOffset="1680" SrcFileId="2" StartOffset="1674"/>
</LocList>
</BasicStmnt>
</StmntSeq>
</Branch>
<Branch CovItemId="B2" CovItemPrefix="bill.Bill.java" Implct="false" Intrnl_Id="467">
<Cond>
<Loc EndOffset="1694" SrcFileId="2" StartOffset="1687"/>
</Cond>
<LocList/>
<StmntSeq Intrnl_Id="468">
<LocList/>
</StmntSeq>
</Branch>
<Keyword EndOffset="1536" SrcFileId="2" StartOffset="1530"/>
<LocList>
<Loc EndOffset="1750" SrcFileId="2" StartOffset="1530"/>
</LocList>
</CondStmnt>
<BasicStmnt CovItemId="S17" CovItemPrefix="bill.Bill.java" Intrnl_Id="469">
<LocList>
<Loc EndOffset="1781" SrcFileId="2" StartOffset="1756"/>
</LocList>
</BasicStmnt>
</StmntSeq>
</HierarchyLvl>
<HierarchyLvl HierarchyLvlId="173" HierarchyLvlTypeId="8" Intrnl_Id="470" Name="introduceInSenate">
<Header>
<Loc EndOffset="1823" SrcFileId="2" StartOffset="1789"/>
</Header>
<LocList>
<Loc EndOffset="2192" SrcFileId="2" StartOffset="1789"/>
</LocList>
<StmntSeq Intrnl_Id="471">
<LocList>
<Loc EndOffset="1866" SrcFileId="2" StartOffset="1832"/>
<Loc EndOffset="1909" SrcFileId="2" StartOffset="1876"/>
<Loc EndOffset="2157" SrcFileId="2" StartOffset="1914"/>
<Loc EndOffset="2188" SrcFileId="2" StartOffset="2163"/>
</LocList>
<BasicStmnt CovItemId="S18" CovItemPrefix="bill.Bill.java" Intrnl_Id="472">
<LocList>
<Loc EndOffset="1866" SrcFileId="2" StartOffset="1832"/>
</LocList>
</BasicStmnt>
<BasicStmnt CovItemId="S19" CovItemPrefix="bill.Bill.java" Intrnl_Id="473">
<LocList>
<Loc EndOffset="1909" SrcFileId="2" StartOffset="1876"/>
</LocList>
</BasicStmnt>
<CondStmnt CovItemId="S20" CovItemPrefix="bill.Bill.java" Intrnl_Id="474">
<Branch CovItemId="B3" CovItemPrefix="bill.Bill.java" Implct="false" Intrnl_Id="475">
<Cond>
<Loc EndOffset="1964" SrcFileId="2" StartOffset="1946"/>
</Cond>
<LocList>
<Loc EndOffset="2087" SrcFileId="2" StartOffset="1974"/>
</LocList>
<StmntSeq Intrnl_Id="476">
<LocList>
<Loc EndOffset="1996" SrcFileId="2" StartOffset="1974"/>
<Loc EndOffset="2038" SrcFileId="2" StartOffset="2005"/>
<Loc EndOffset="2072" SrcFileId="2" StartOffset="2047"/>
<Loc EndOffset="2087" SrcFileId="2" StartOffset="2081"/>
</LocList>
<BasicStmnt CovItemId="S21" CovItemPrefix="bill.Bill.java" Intrnl_Id="477">
<LocList>
<Loc EndOffset="1996" SrcFileId="2" StartOffset="1974"/>
</LocList>
</BasicStmnt>
<BasicStmnt CovItemId="S22" CovItemPrefix="bill.Bill.java" Intrnl_Id="478">
<LocList>
<Loc EndOffset="2038" SrcFileId="2" StartOffset="2005"/>
</LocList>
</BasicStmnt>
<BasicStmnt CovItemId="S23" CovItemPrefix="bill.Bill.java" Intrnl_Id="479">
<LocList>
<Loc EndOffset="2072" SrcFileId="2" StartOffset="2047"/>
</LocList>
</BasicStmnt>
<BasicStmnt CovItemId="S24" CovItemPrefix="bill.Bill.java" Intrnl_Id="480">
<LocList>
<Loc EndOffset="2087" SrcFileId="2" StartOffset="2081"/>
</LocList>
</BasicStmnt>
</StmntSeq>
</Branch>
<Branch CovItemId="B4" CovItemPrefix="bill.Bill.java" Implct="false" Intrnl_Id="481">
<Cond>
<Loc EndOffset="2101" SrcFileId="2" StartOffset="2094"/>
</Cond>
<LocList/>
<StmntSeq Intrnl_Id="482">
<LocList/>
</StmntSeq>
</Branch>
<Keyword EndOffset="1920" SrcFileId="2" StartOffset="1914"/>
<LocList>
<Loc EndOffset="2157" SrcFileId="2" StartOffset="1914"/>
</LocList>
</CondStmnt>
<BasicStmnt CovItemId="S25" CovItemPrefix="bill.Bill.java" Intrnl_Id="483">
<LocList>
<Loc EndOffset="2188" SrcFileId="2" StartOffset="2163"/>
</LocList>
</BasicStmnt>
</StmntSeq>
</HierarchyLvl>
<HierarchyLvl HierarchyLvlId="174" HierarchyLvlTypeId="8" Intrnl_Id="484" Name="withdraw">
<Header>
<Loc EndOffset="2221" SrcFileId="2" StartOffset="2196"/>
</Header>
<LocList>
<Loc EndOffset="2726" SrcFileId="2" StartOffset="2196"/>
</LocList>
<StmntSeq Intrnl_Id="485">
<LocList>
<Loc EndOffset="2264" SrcFileId="2" StartOffset="2230"/>
<Loc EndOffset="2307" SrcFileId="2" StartOffset="2274"/>
<Loc EndOffset="2691" SrcFileId="2" StartOffset="2312"/>
<Loc EndOffset="2722" SrcFileId="2" StartOffset="2697"/>
</LocList>
<BasicStmnt CovItemId="S26" CovItemPrefix="bill.Bill.java" Intrnl_Id="486">
<LocList>
<Loc EndOffset="2264" SrcFileId="2" StartOffset="2230"/>
</LocList>
</BasicStmnt>
<BasicStmnt CovItemId="S27" CovItemPrefix="bill.Bill.java" Intrnl_Id="487">
<LocList>
<Loc EndOffset="2307" SrcFileId="2" StartOffset="2274"/>
</LocList>
</BasicStmnt>
<CondStmnt CovItemId="S28" CovItemPrefix="bill.Bill.java" Intrnl_Id="488">
<Branch CovItemId="B5" CovItemPrefix="bill.Bill.java" Implct="false" Intrnl_Id="489">
<Cond>
<Loc EndOffset="2365" SrcFileId="2" StartOffset="2344"/>
</Cond>
<LocList>
<Loc EndOffset="2483" SrcFileId="2" StartOffset="2375"/>
</LocList>
<StmntSeq Intrnl_Id="490">
<LocList>
<Loc EndOffset="2391" SrcFileId="2" StartOffset="2375"/>
<Loc EndOffset="2434" SrcFileId="2" StartOffset="2400"/>
<Loc EndOffset="2468" SrcFileId="2" StartOffset="2443"/>
<Loc EndOffset="2483" SrcFileId="2" StartOffset="2477"/>
</LocList>
<BasicStmnt CovItemId="S29" CovItemPrefix="bill.Bill.java" Intrnl_Id="491">
<LocList>
<Loc EndOffset="2391" SrcFileId="2" StartOffset="2375"/>
</LocList>
</BasicStmnt>
<BasicStmnt CovItemId="S30" CovItemPrefix="bill.Bill.java" Intrnl_Id="492">
<LocList>
<Loc EndOffset="2434" SrcFileId="2" StartOffset="2400"/>
</LocList>
</BasicStmnt>
<BasicStmnt CovItemId="S31" CovItemPrefix="bill.Bill.java" Intrnl_Id="493">
<LocList>
<Loc EndOffset="2468" SrcFileId="2" StartOffset="2443"/>
</LocList>
</BasicStmnt>
<BasicStmnt CovItemId="S32" CovItemPrefix="bill.Bill.java" Intrnl_Id="494">
<LocList>
<Loc EndOffset="2483" SrcFileId="2" StartOffset="2477"/>
</LocList>
</BasicStmnt>
</StmntSeq>
</Branch>
<Branch CovItemId="B6" CovItemPrefix="bill.Bill.java" Implct="false" Intrnl_Id="495">
<Cond>
<Loc EndOffset="2503" SrcFileId="2" StartOffset="2490"/>
</Cond>
<LocList>
<Loc EndOffset="2621" SrcFileId="2" StartOffset="2513"/>
</LocList>
<StmntSeq Intrnl_Id="496">
<LocList>
<Loc EndOffset="2529" SrcFileId="2" StartOffset="2513"/>
<Loc EndOffset="2572" SrcFileId="2" StartOffset="2538"/>
<Loc EndOffset="2606" SrcFileId="2" StartOffset="2581"/>
<Loc EndOffset="2621" SrcFileId="2" StartOffset="2615"/>
</LocList>
<BasicStmnt CovItemId="S33" CovItemPrefix="bill.Bill.java" Intrnl_Id="497">
<LocList>
<Loc EndOffset="2529" SrcFileId="2" StartOffset="2513"/>
</LocList>
</BasicStmnt>
<BasicStmnt CovItemId="S34" CovItemPrefix="bill.Bill.java" Intrnl_Id="498">
<LocList>
<Loc EndOffset="2572" SrcFileId="2" StartOffset="2538"/>
</LocList>
</BasicStmnt>
<BasicStmnt CovItemId="S35" CovItemPrefix="bill.Bill.java" Intrnl_Id="499">
<LocList>
<Loc EndOffset="2606" SrcFileId="2" StartOffset="2581"/>
</LocList>
</BasicStmnt>
<BasicStmnt CovItemId="S36" CovItemPrefix="bill.Bill.java" Intrnl_Id="500">
<LocList>
<Loc EndOffset="2621" SrcFileId="2" StartOffset="2615"/>
</LocList>
</BasicStmnt>
</StmntSeq>
</Branch>
<Branch CovItemId="B7" CovItemPrefix="bill.Bill.java" Implct="false" Intrnl_Id="501">
<Cond>
<Loc EndOffset="2635" SrcFileId="2" StartOffset="2628"/>
</Cond>
<LocList/>
<StmntSeq Intrnl_Id="502">
<LocList/>
</StmntSeq>
</Branch>
<Keyword EndOffset="2318" SrcFileId="2" StartOffset="2312"/>
<LocList>
<Loc EndOffset="2691" SrcFileId="2" StartOffset="2312"/>
</LocList>
</CondStmnt>
<BasicStmnt CovItemId="S37" CovItemPrefix="bill.Bill.java" Intrnl_Id="503">
<LocList>
<Loc EndOffset="2722" SrcFileId="2" StartOffset="2697"/>
</LocList>
</BasicStmnt>
</StmntSeq>
</HierarchyLvl>
<HierarchyLvl HierarchyLvlId="175" HierarchyLvlTypeId="8" Intrnl_Id="504" Name="voteFails">
<Header>
<Loc EndOffset="2756" SrcFileId="2" StartOffset="2730"/>
</Header>
<LocList>
<Loc EndOffset="3272" SrcFileId="2" StartOffset="2730"/>
</LocList>
<StmntSeq Intrnl_Id="505">
<LocList>
<Loc EndOffset="2799" SrcFileId="2" StartOffset="2765"/>
<Loc EndOffset="2842" SrcFileId="2" StartOffset="2809"/>
<Loc EndOffset="3237" SrcFileId="2" StartOffset="2847"/>
<Loc EndOffset="3268" SrcFileId="2" StartOffset="3243"/>
</LocList>
<BasicStmnt CovItemId="S38" CovItemPrefix="bill.Bill.java" Intrnl_Id="506">
<LocList>
<Loc EndOffset="2799" SrcFileId="2" StartOffset="2765"/>
</LocList>
</BasicStmnt>
<BasicStmnt CovItemId="S39" CovItemPrefix="bill.Bill.java" Intrnl_Id="507">
<LocList>
<Loc EndOffset="2842" SrcFileId="2" StartOffset="2809"/>
</LocList>
</BasicStmnt>
<CondStmnt CovItemId="S40" CovItemPrefix="bill.Bill.java" Intrnl_Id="508">
<Branch CovItemId="B8" CovItemPrefix="bill.Bill.java" Implct="false" Intrnl_Id="509">
<Cond>
<Loc EndOffset="2900" SrcFileId="2" StartOffset="2879"/>
</Cond>
<LocList>
<Loc EndOffset="3029" SrcFileId="2" StartOffset="2910"/>
</LocList>
<StmntSeq Intrnl_Id="510">
<LocList>
<Loc EndOffset="2980" SrcFileId="2" StartOffset="2910"/>
<Loc EndOffset="3014" SrcFileId="2" StartOffset="2989"/>
<Loc EndOffset="3029" SrcFileId="2" StartOffset="3023"/>
</LocList>
<BasicStmnt CovItemId="S41" CovItemPrefix="bill.Bill.java" Intrnl_Id="511">
<LocList>
<Loc EndOffset="2980" SrcFileId="2" StartOffset="2910"/>
</LocList>
</BasicStmnt>
<BasicStmnt CovItemId="S42" CovItemPrefix="bill.Bill.java" Intrnl_Id="512">
<LocList>
<Loc EndOffset="3014" SrcFileId="2" StartOffset="2989"/>
</LocList>
</BasicStmnt>
<BasicStmnt CovItemId="S43" CovItemPrefix="bill.Bill.java" Intrnl_Id="513">
<LocList>
<Loc EndOffset="3029" SrcFileId="2" StartOffset="3023"/>
</LocList>
</BasicStmnt>
</StmntSeq>
</Branch>
<Branch CovItemId="B9" CovItemPrefix="bill.Bill.java" Implct="false" Intrnl_Id="514">
<Cond>
<Loc EndOffset="3049" SrcFileId="2" StartOffset="3036"/>
</Cond>
<LocList>
<Loc EndOffset="3167" SrcFileId="2" StartOffset="3059"/>
</LocList>
<StmntSeq Intrnl_Id="515">
<LocList>
<Loc EndOffset="3075" SrcFileId="2" StartOffset="3059"/>
<Loc EndOffset="3118" SrcFileId="2" StartOffset="3084"/>
<Loc EndOffset="3152" SrcFileId="2" StartOffset="3127"/>
<Loc EndOffset="3167" SrcFileId="2" StartOffset="3161"/>
</LocList>
<BasicStmnt CovItemId="S44" CovItemPrefix="bill.Bill.java" Intrnl_Id="516">
<LocList>
<Loc EndOffset="3075" SrcFileId="2" StartOffset="3059"/>
</LocList>
</BasicStmnt>
<BasicStmnt CovItemId="S45" CovItemPrefix="bill.Bill.java" Intrnl_Id="517">
<LocList>
<Loc EndOffset="3118" SrcFileId="2" StartOffset="3084"/>
</LocList>
</BasicStmnt>
<BasicStmnt CovItemId="S46" CovItemPrefix="bill.Bill.java" Intrnl_Id="518">
<LocList>
<Loc EndOffset="3152" SrcFileId="2" StartOffset="3127"/>
</LocList>
</BasicStmnt>
<BasicStmnt CovItemId="S47" CovItemPrefix="bill.Bill.java" Intrnl_Id="519">
<LocList>
<Loc EndOffset="3167" SrcFileId="2" StartOffset="3161"/>
</LocList>
</BasicStmnt>
</StmntSeq>
</Branch>
<Branch CovItemId="B10" CovItemPrefix="bill.Bill.java" Implct="false" Intrnl_Id="520">
<Cond>
<Loc EndOffset="3181" SrcFileId="2" StartOffset="3174"/>
</Cond>
<LocList/>
<StmntSeq Intrnl_Id="521">
<LocList/>
</StmntSeq>
</Branch>
<Keyword EndOffset="2853" SrcFileId="2" StartOffset="2847"/>
<LocList>
<Loc EndOffset="3237" SrcFileId="2" StartOffset="2847"/>
</LocList>
</CondStmnt>
<BasicStmnt CovItemId="S48" CovItemPrefix="bill.Bill.java" Intrnl_Id="522">
<LocList>
<Loc EndOffset="3268" SrcFileId="2" StartOffset="3243"/>
</LocList>
</BasicStmnt>
</StmntSeq>
</HierarchyLvl>
<HierarchyLvl HierarchyLvlId="176" HierarchyLvlTypeId="8" Intrnl_Id="523" Name="royalAssent">
<Header>
<Loc EndOffset="3304" SrcFileId="2" StartOffset="3276"/>
</Header>
<LocList>
<Loc EndOffset="3655" SrcFileId="2" StartOffset="3276"/>
</LocList>
<StmntSeq Intrnl_Id="524">
<LocList>
<Loc EndOffset="3347" SrcFileId="2" StartOffset="3313"/>
<Loc EndOffset="3390" SrcFileId="2" StartOffset="3357"/>
<Loc EndOffset="3620" SrcFileId="2" StartOffset="3395"/>
<Loc EndOffset="3651" SrcFileId="2" StartOffset="3626"/>
</LocList>
<BasicStmnt CovItemId="S49" CovItemPrefix="bill.Bill.java" Intrnl_Id="525">
<LocList>
<Loc EndOffset="3347" SrcFileId="2" StartOffset="3313"/>
</LocList>
</BasicStmnt>
<BasicStmnt CovItemId="S50" CovItemPrefix="bill.Bill.java" Intrnl_Id="526">
<LocList>
<Loc EndOffset="3390" SrcFileId="2" StartOffset="3357"/>
</LocList>
</BasicStmnt>
<CondStmnt CovItemId="S51" CovItemPrefix="bill.Bill.java" Intrnl_Id="527">
<Branch CovItemId="B11" CovItemPrefix="bill.Bill.java" Implct="false" Intrnl_Id="528">
<Cond>
<Loc EndOffset="3451" SrcFileId="2" StartOffset="3427"/>
</Cond>
<LocList>
<Loc EndOffset="3550" SrcFileId="2" StartOffset="3461"/>
</LocList>
<StmntSeq Intrnl_Id="529">
<LocList>
<Loc EndOffset="3501" SrcFileId="2" StartOffset="3461"/>
<Loc EndOffset="3535" SrcFileId="2" StartOffset="3510"/>
<Loc EndOffset="3550" SrcFileId="2" StartOffset="3544"/>
</LocList>
<BasicStmnt CovItemId="S52" CovItemPrefix="bill.Bill.java" Intrnl_Id="530">
<LocList>
<Loc EndOffset="3501" SrcFileId="2" StartOffset="3461"/>
</LocList>
</BasicStmnt>
<BasicStmnt CovItemId="S53" CovItemPrefix="bill.Bill.java" Intrnl_Id="531">
<LocList>
<Loc EndOffset="3535" SrcFileId="2" StartOffset="3510"/>
</LocList>
</BasicStmnt>
<BasicStmnt CovItemId="S54" CovItemPrefix="bill.Bill.java" Intrnl_Id="532">
<LocList>
<Loc EndOffset="3550" SrcFileId="2" StartOffset="3544"/>
</LocList>
</BasicStmnt>
</StmntSeq>
</Branch>
<Branch CovItemId="B12" CovItemPrefix="bill.Bill.java" Implct="false" Intrnl_Id="533">
<Cond>
<Loc EndOffset="3564" SrcFileId="2" StartOffset="3557"/>
</Cond>
<LocList/>
<StmntSeq Intrnl_Id="534">
<LocList/>
</StmntSeq>
</Branch>
<Keyword EndOffset="3401" SrcFileId="2" StartOffset="3395"/>
<LocList>
<Loc EndOffset="3620" SrcFileId="2" StartOffset="3395"/>
</LocList>
</CondStmnt>
<BasicStmnt CovItemId="S55" CovItemPrefix="bill.Bill.java" Intrnl_Id="535">
<LocList>
<Loc EndOffset="3651" SrcFileId="2" StartOffset="3626"/>
</LocList>
</BasicStmnt>
</StmntSeq>
</HierarchyLvl>
<HierarchyLvl HierarchyLvlId="177" HierarchyLvlTypeId="8" Intrnl_Id="536" Name="voteDenied">
<Header>
<Loc EndOffset="3686" SrcFileId="2" StartOffset="3659"/>
</Header>
<LocList>
<Loc EndOffset="4202" SrcFileId="2" StartOffset="3659"/>
</LocList>
<StmntSeq Intrnl_Id="537">
<LocList>
<Loc EndOffset="3729" SrcFileId="2" StartOffset="3695"/>
<Loc EndOffset="3772" SrcFileId="2" StartOffset="3739"/>
<Loc EndOffset="4167" SrcFileId="2" StartOffset="3777"/>
<Loc EndOffset="4198" SrcFileId="2" StartOffset="4173"/>
</LocList>
<BasicStmnt CovItemId="S56" CovItemPrefix="bill.Bill.java" Intrnl_Id="538">
<LocList>
<Loc EndOffset="3729" SrcFileId="2" StartOffset="3695"/>
</LocList>
</BasicStmnt>
<BasicStmnt CovItemId="S57" CovItemPrefix="bill.Bill.java" Intrnl_Id="539">
<LocList>
<Loc EndOffset="3772" SrcFileId="2" StartOffset="3739"/>
</LocList>
</BasicStmnt>
<CondStmnt CovItemId="S58" CovItemPrefix="bill.Bill.java" Intrnl_Id="540">
<Branch CovItemId="B13" CovItemPrefix="bill.Bill.java" Implct="false" Intrnl_Id="541">
<Cond>
<Loc EndOffset="3830" SrcFileId="2" StartOffset="3809"/>
</Cond>
<LocList>
<Loc EndOffset="3964" SrcFileId="2" StartOffset="3847"/>
</LocList>
<StmntSeq Intrnl_Id="542">
<LocList>
<Loc EndOffset="3915" SrcFileId="2" StartOffset="3847"/>
<Loc EndOffset="3949" SrcFileId="2" StartOffset="3924"/>
<Loc EndOffset="3964" SrcFileId="2" StartOffset="3958"/>
</LocList>
<BasicStmnt CovItemId="S59" CovItemPrefix="bill.Bill.java" Intrnl_Id="543">
<LocList>
<Loc EndOffset="3915" SrcFileId="2" StartOffset="3847"/>
</LocList>
</BasicStmnt>
<BasicStmnt CovItemId="S60" CovItemPrefix="bill.Bill.java" Intrnl_Id="544">
<LocList>
<Loc EndOffset="3949" SrcFileId="2" StartOffset="3924"/>
</LocList>
</BasicStmnt>
<BasicStmnt CovItemId="S61" CovItemPrefix="bill.Bill.java" Intrnl_Id="545">
<LocList>
<Loc EndOffset="3964" SrcFileId="2" StartOffset="3958"/>
</LocList>
</BasicStmnt>
</StmntSeq>
</Branch>
<Branch CovItemId="B14" CovItemPrefix="bill.Bill.java" Implct="false" Intrnl_Id="546">
<Cond>
<Loc EndOffset="3984" SrcFileId="2" StartOffset="3971"/>
</Cond>
<LocList>
<Loc EndOffset="4097" SrcFileId="2" StartOffset="3994"/>
</LocList>
<StmntSeq Intrnl_Id="547">
<LocList>
<Loc EndOffset="4048" SrcFileId="2" StartOffset="3994"/>
<Loc EndOffset="4082" SrcFileId="2" StartOffset="4057"/>
<Loc EndOffset="4097" SrcFileId="2" StartOffset="4091"/>
</LocList>
<BasicStmnt CovItemId="S62" CovItemPrefix="bill.Bill.java" Intrnl_Id="548">
<LocList>
<Loc EndOffset="4048" SrcFileId="2" StartOffset="3994"/>
</LocList>
</BasicStmnt>
<BasicStmnt CovItemId="S63" CovItemPrefix="bill.Bill.java" Intrnl_Id="549">
<LocList>
<Loc EndOffset="4082" SrcFileId="2" StartOffset="4057"/>
</LocList>
</BasicStmnt>
<BasicStmnt CovItemId="S64" CovItemPrefix="bill.Bill.java" Intrnl_Id="550">
<LocList>
<Loc EndOffset="4097" SrcFileId="2" StartOffset="4091"/>
</LocList>
</BasicStmnt>
</StmntSeq>
</Branch>
<Branch CovItemId="B15" CovItemPrefix="bill.Bill.java" Implct="false" Intrnl_Id="551">
<Cond>
<Loc EndOffset="4111" SrcFileId="2" StartOffset="4104"/>
</Cond>
<LocList/>
<StmntSeq Intrnl_Id="552">
<LocList/>
</StmntSeq>
</Branch>
<Keyword EndOffset="3783" SrcFileId="2" StartOffset="3777"/>
<LocList>
<Loc EndOffset="4167" SrcFileId="2" StartOffset="3777"/>
</LocList>
</CondStmnt>
<BasicStmnt CovItemId="S65" CovItemPrefix="bill.Bill.java" Intrnl_Id="553">
<LocList>
<Loc EndOffset="4198" SrcFileId="2" StartOffset="4173"/>
</LocList>
</BasicStmnt>
</StmntSeq>
</HierarchyLvl>
<HierarchyLvl HierarchyLvlId="178" HierarchyLvlTypeId="8" Intrnl_Id="554" Name="modify">
<Header>
<Loc EndOffset="4231" SrcFileId="2" StartOffset="4208"/>
</Header>
<LocList>
<Loc EndOffset="4570" SrcFileId="2" StartOffset="4208"/>
</LocList>
<StmntSeq Intrnl_Id="555">
<LocList>
<Loc EndOffset="4274" SrcFileId="2" StartOffset="4240"/>
<Loc EndOffset="4317" SrcFileId="2" StartOffset="4284"/>
<Loc EndOffset="4535" SrcFileId="2" StartOffset="4322"/>
<Loc EndOffset="4566" SrcFileId="2" StartOffset="4541"/>
</LocList>
<BasicStmnt CovItemId="S66" CovItemPrefix="bill.Bill.java" Intrnl_Id="556">
<LocList>
<Loc EndOffset="4274" SrcFileId="2" StartOffset="4240"/>
</LocList>
</BasicStmnt>
<BasicStmnt CovItemId="S67" CovItemPrefix="bill.Bill.java" Intrnl_Id="557">
<LocList>
<Loc EndOffset="4317" SrcFileId="2" StartOffset="4284"/>
</LocList>
</BasicStmnt>
<CondStmnt CovItemId="S68" CovItemPrefix="bill.Bill.java" Intrnl_Id="558">
<Branch CovItemId="B16" CovItemPrefix="bill.Bill.java" Implct="false" Intrnl_Id="559">
<Cond>
<Loc EndOffset="4368" SrcFileId="2" StartOffset="4354"/>
</Cond>
<LocList>
<Loc EndOffset="4465" SrcFileId="2" StartOffset="4378"/>
</LocList>
<StmntSeq Intrnl_Id="560">
<LocList>
<Loc EndOffset="4416" SrcFileId="2" StartOffset="4378"/>
<Loc EndOffset="4450" SrcFileId="2" StartOffset="4425"/>
<Loc EndOffset="4465" SrcFileId="2" StartOffset="4459"/>
</LocList>
<BasicStmnt CovItemId="S69" CovItemPrefix="bill.Bill.java" Intrnl_Id="561">
<LocList>
<Loc EndOffset="4416" SrcFileId="2" StartOffset="4378"/>
</LocList>
</BasicStmnt>
<BasicStmnt CovItemId="S70" CovItemPrefix="bill.Bill.java" Intrnl_Id="562">
<LocList>
<Loc EndOffset="4450" SrcFileId="2" StartOffset="4425"/>
</LocList>
</BasicStmnt>
<BasicStmnt CovItemId="S71" CovItemPrefix="bill.Bill.java" Intrnl_Id="563">
<LocList>
<Loc EndOffset="4465" SrcFileId="2" StartOffset="4459"/>
</LocList>
</BasicStmnt>
</StmntSeq>
</Branch>
<Branch CovItemId="B17" CovItemPrefix="bill.Bill.java" Implct="false" Intrnl_Id="564">
<Cond>
<Loc EndOffset="4479" SrcFileId="2" StartOffset="4472"/>
</Cond>
<LocList/>
<StmntSeq Intrnl_Id="565">
<LocList/>
</StmntSeq>
</Branch>
<Keyword EndOffset="4328" SrcFileId="2" StartOffset="4322"/>
<LocList>
<Loc EndOffset="4535" SrcFileId="2" StartOffset="4322"/>
</LocList>
</CondStmnt>
<BasicStmnt CovItemId="S72" CovItemPrefix="bill.Bill.java" Intrnl_Id="566">
<LocList>
<Loc EndOffset="4566" SrcFileId="2" StartOffset="4541"/>
</LocList>
</BasicStmnt>
</StmntSeq>
</HierarchyLvl>
<HierarchyLvl HierarchyLvlId="179" HierarchyLvlTypeId="8" Intrnl_Id="567" Name="exitInHouseOfCommons">
<Header>
<Loc EndOffset="4612" SrcFileId="2" StartOffset="4574"/>
</Header>
<LocList>
<Loc EndOffset="5484" SrcFileId="2" StartOffset="4574"/>
</LocList>
<StmntSeq Intrnl_Id="568">
<LocList>
<Loc EndOffset="4655" SrcFileId="2" StartOffset="4621"/>
<Loc EndOffset="4746" SrcFileId="2" StartOffset="4665"/>
<Loc EndOffset="5449" SrcFileId="2" StartOffset="4751"/>
<Loc EndOffset="5480" SrcFileId="2" StartOffset="5455"/>
</LocList>
<BasicStmnt CovItemId="S73" CovItemPrefix="bill.Bill.java" Intrnl_Id="569">
<LocList>
<Loc EndOffset="4655" SrcFileId="2" StartOffset="4621"/>
</LocList>
</BasicStmnt>
<BasicStmnt CovItemId="S74" CovItemPrefix="bill.Bill.java" Intrnl_Id="570">
<LocList>
<Loc EndOffset="4746" SrcFileId="2" StartOffset="4665"/>
</LocList>
</BasicStmnt>
<CondStmnt CovItemId="S75" CovItemPrefix="bill.Bill.java" Intrnl_Id="571">
<Branch CovItemId="B18" CovItemPrefix="bill.Bill.java" Implct="false" Intrnl_Id="572">
<Cond>
<Loc EndOffset="4816" SrcFileId="2" StartOffset="4799"/>
</Cond>
<LocList>
<Loc EndOffset="4936" SrcFileId="2" StartOffset="4826"/>
</LocList>
<StmntSeq Intrnl_Id="573">
<LocList>
<Loc EndOffset="4887" SrcFileId="2" StartOffset="4826"/>
<Loc EndOffset="4921" SrcFileId="2" StartOffset="4896"/>
<Loc EndOffset="4936" SrcFileId="2" StartOffset="4930"/>
</LocList>
<BasicStmnt CovItemId="S76" CovItemPrefix="bill.Bill.java" Intrnl_Id="574">
<LocList>
<Loc EndOffset="4887" SrcFileId="2" StartOffset="4826"/>
</LocList>
</BasicStmnt>
<BasicStmnt CovItemId="S77" CovItemPrefix="bill.Bill.java" Intrnl_Id="575">
<LocList>
<Loc EndOffset="4921" SrcFileId="2" StartOffset="4896"/>
</LocList>
</BasicStmnt>
<BasicStmnt CovItemId="S78" CovItemPrefix="bill.Bill.java" Intrnl_Id="576">
<LocList>
<Loc EndOffset="4936" SrcFileId="2" StartOffset="4930"/>
</LocList>
</BasicStmnt>
</StmntSeq>
</Branch>
<Branch CovItemId="B19" CovItemPrefix="bill.Bill.java" Implct="false" Intrnl_Id="577">
<Cond>
<Loc EndOffset="4961" SrcFileId="2" StartOffset="4943"/>
</Cond>
<LocList>
<Loc EndOffset="5081" SrcFileId="2" StartOffset="4971"/>
</LocList>
<StmntSeq Intrnl_Id="578">
<LocList>
<Loc EndOffset="5032" SrcFileId="2" StartOffset="4971"/>
<Loc EndOffset="5066" SrcFileId="2" StartOffset="5041"/>
<Loc EndOffset="5081" SrcFileId="2" StartOffset="5075"/>
</LocList>
<BasicStmnt CovItemId="S79" CovItemPrefix="bill.Bill.java" Intrnl_Id="579">
<LocList>
<Loc EndOffset="5032" SrcFileId="2" StartOffset="4971"/>
</LocList>
</BasicStmnt>
<BasicStmnt CovItemId="S80" CovItemPrefix="bill.Bill.java" Intrnl_Id="580">
<LocList>
<Loc EndOffset="5066" SrcFileId="2" StartOffset="5041"/>
</LocList>
</BasicStmnt>
<BasicStmnt CovItemId="S81" CovItemPrefix="bill.Bill.java" Intrnl_Id="581">
<LocList>
<Loc EndOffset="5081" SrcFileId="2" StartOffset="5075"/>
</LocList>
</BasicStmnt>
</StmntSeq>
</Branch>
<Branch CovItemId="B20" CovItemPrefix="bill.Bill.java" Implct="false" Intrnl_Id="582">
<Cond>
<Loc EndOffset="5115" SrcFileId="2" StartOffset="5088"/>
</Cond>
<LocList>
<Loc EndOffset="5235" SrcFileId="2" StartOffset="5125"/>
</LocList>
<StmntSeq Intrnl_Id="583">
<LocList>
<Loc EndOffset="5186" SrcFileId="2" StartOffset="5125"/>
<Loc EndOffset="5220" SrcFileId="2" StartOffset="5195"/>
<Loc EndOffset="5235" SrcFileId="2" StartOffset="5229"/>
</LocList>
<BasicStmnt CovItemId="S82" CovItemPrefix="bill.Bill.java" Intrnl_Id="584">
<LocList>
<Loc EndOffset="5186" SrcFileId="2" StartOffset="5125"/>
</LocList>
</BasicStmnt>
<BasicStmnt CovItemId="S83" CovItemPrefix="bill.Bill.java" Intrnl_Id="585">
<LocList>
<Loc EndOffset="5220" SrcFileId="2" StartOffset="5195"/>
</LocList>
</BasicStmnt>
<BasicStmnt CovItemId="S84" CovItemPrefix="bill.Bill.java" Intrnl_Id="586">
<LocList>
<Loc EndOffset="5235" SrcFileId="2" StartOffset="5229"/>
</LocList>
</BasicStmnt>
</StmntSeq>
</Branch>
<Branch CovItemId="B21" CovItemPrefix="bill.Bill.java" Implct="false" Intrnl_Id="587">
<Cond>
<Loc EndOffset="5259" SrcFileId="2" StartOffset="5242"/>
</Cond>
<LocList>
<Loc EndOffset="5379" SrcFileId="2" StartOffset="5269"/>
</LocList>
<StmntSeq Intrnl_Id="588">
<LocList>
<Loc EndOffset="5330" SrcFileId="2" StartOffset="5269"/>
<Loc EndOffset="5364" SrcFileId="2" StartOffset="5339"/>
<Loc EndOffset="5379" SrcFileId="2" StartOffset="5373"/>
</LocList>
<BasicStmnt CovItemId="S85" CovItemPrefix="bill.Bill.java" Intrnl_Id="589">
<LocList>
<Loc EndOffset="5330" SrcFileId="2" StartOffset="5269"/>
</LocList>
</BasicStmnt>
<BasicStmnt CovItemId="S86" CovItemPrefix="bill.Bill.java" Intrnl_Id="590">
<LocList>
<Loc EndOffset="5364" SrcFileId="2" StartOffset="5339"/>
</LocList>
</BasicStmnt>
<BasicStmnt CovItemId="S87" CovItemPrefix="bill.Bill.java" Intrnl_Id="591">
<LocList>
<Loc EndOffset="5379" SrcFileId="2" StartOffset="5373"/>
</LocList>
</BasicStmnt>
</StmntSeq>
</Branch>
<Branch CovItemId="B22" CovItemPrefix="bill.Bill.java" Implct="false" Intrnl_Id="592">
<Cond>
<Loc EndOffset="5393" SrcFileId="2" StartOffset="5386"/>
</Cond>
<LocList/>
<StmntSeq Intrnl_Id="593">
<LocList/>
</StmntSeq>
</Branch>
<Keyword EndOffset="4757" SrcFileId="2" StartOffset="4751"/>
<LocList>
<Loc EndOffset="5449" SrcFileId="2" StartOffset="4751"/>
</LocList>
</CondStmnt>
<BasicStmnt CovItemId="S88" CovItemPrefix="bill.Bill.java" Intrnl_Id="594">
<LocList>
<Loc EndOffset="5480" SrcFileId="2" StartOffset="5455"/>
</LocList>
</BasicStmnt>
</StmntSeq>
</HierarchyLvl>
<HierarchyLvl HierarchyLvlId="180" HierarchyLvlTypeId="8" Intrnl_Id="595" Name="votePasses">
<Header>
<Loc EndOffset="5515" SrcFileId="2" StartOffset="5488"/>
</Header>
<LocList>
<Loc EndOffset="7732" SrcFileId="2" StartOffset="5488"/>
</LocList>
<StmntSeq Intrnl_Id="596">
<LocList>
<Loc EndOffset="5558" SrcFileId="2" StartOffset="5524"/>
<Loc EndOffset="5649" SrcFileId="2" StartOffset="5568"/>
<Loc EndOffset="5711" SrcFileId="2" StartOffset="5654"/>
<Loc EndOffset="6709" SrcFileId="2" StartOffset="5716"/>
<Loc EndOffset="7697" SrcFileId="2" StartOffset="6715"/>
<Loc EndOffset="7728" SrcFileId="2" StartOffset="7703"/>
</LocList>
<BasicStmnt CovItemId="S89" CovItemPrefix="bill.Bill.java" Intrnl_Id="597">
<LocList>
<Loc EndOffset="5558" SrcFileId="2" StartOffset="5524"/>
</LocList>
</BasicStmnt>
<BasicStmnt CovItemId="S90" CovItemPrefix="bill.Bill.java" Intrnl_Id="598">
<LocList>
<Loc EndOffset="5649" SrcFileId="2" StartOffset="5568"/>
</LocList>
</BasicStmnt>
<BasicStmnt CovItemId="S91" CovItemPrefix="bill.Bill.java" Intrnl_Id="599">
<LocList>
<Loc EndOffset="5711" SrcFileId="2" StartOffset="5654"/>
</LocList>
</BasicStmnt>
<CondStmnt CovItemId="S92" CovItemPrefix="bill.Bill.java" Intrnl_Id="600">
<Branch CovItemId="B23" CovItemPrefix="bill.Bill.java" Implct="false" Intrnl_Id="601">
<Cond>
<Loc EndOffset="5781" SrcFileId="2" StartOffset="5764"/>
</Cond>
<LocList>
<Loc EndOffset="5910" SrcFileId="2" StartOffset="5791"/>
</LocList>
<StmntSeq Intrnl_Id="602">
<LocList>
<Loc EndOffset="5861" SrcFileId="2" StartOffset="5791"/>
<Loc EndOffset="5895" SrcFileId="2" StartOffset="5870"/>
<Loc EndOffset="5910" SrcFileId="2" StartOffset="5904"/>
</LocList>
<BasicStmnt CovItemId="S93" CovItemPrefix="bill.Bill.java" Intrnl_Id="603">
<LocList>
<Loc EndOffset="5861" SrcFileId="2" StartOffset="5791"/>
</LocList>
</BasicStmnt>
<BasicStmnt CovItemId="S94" CovItemPrefix="bill.Bill.java" Intrnl_Id="604">
<LocList>
<Loc EndOffset="5895" SrcFileId="2" StartOffset="5870"/>
</LocList>
</BasicStmnt>
<BasicStmnt CovItemId="S95" CovItemPrefix="bill.Bill.java" Intrnl_Id="605">
<LocList>
<Loc EndOffset="5910" SrcFileId="2" StartOffset="5904"/>
</LocList>
</BasicStmnt>
</StmntSeq>
</Branch>
<Branch CovItemId="B24" CovItemPrefix="bill.Bill.java" Implct="false" Intrnl_Id="606">
<Cond>
<Loc EndOffset="5935" SrcFileId="2" StartOffset="5917"/>
</Cond>
<LocList>
<Loc EndOffset="6073" SrcFileId="2" StartOffset="5945"/>
</LocList>
<StmntSeq Intrnl_Id="607">
<LocList>
<Loc EndOffset="6024" SrcFileId="2" StartOffset="5945"/>
<Loc EndOffset="6058" SrcFileId="2" StartOffset="6033"/>
<Loc EndOffset="6073" SrcFileId="2" StartOffset="6067"/>
</LocList>
<BasicStmnt CovItemId="S96" CovItemPrefix="bill.Bill.java" Intrnl_Id="608">
<LocList>
<Loc EndOffset="6024" SrcFileId="2" StartOffset="5945"/>
</LocList>
</BasicStmnt>
<BasicStmnt CovItemId="S97" CovItemPrefix="bill.Bill.java" Intrnl_Id="609">
<LocList>
<Loc EndOffset="6058" SrcFileId="2" StartOffset="6033"/>
</LocList>
</BasicStmnt>
<BasicStmnt CovItemId="S98" CovItemPrefix="bill.Bill.java" Intrnl_Id="610">
<LocList>
<Loc EndOffset="6073" SrcFileId="2" StartOffset="6067"/>
</LocList>
</BasicStmnt>
</StmntSeq>
</Branch>
<Branch CovItemId="B25" CovItemPrefix="bill.Bill.java" Implct="false" Intrnl_Id="611">
<Cond>
<Loc EndOffset="6107" SrcFileId="2" StartOffset="6080"/>
</Cond>
<LocList>
<Loc EndOffset="6235" SrcFileId="2" StartOffset="6117"/>
</LocList>
<StmntSeq Intrnl_Id="612">
<LocList>
<Loc EndOffset="6186" SrcFileId="2" StartOffset="6117"/>
<Loc EndOffset="6220" SrcFileId="2" StartOffset="6195"/>
<Loc EndOffset="6235" SrcFileId="2" StartOffset="6229"/>
</LocList>
<BasicStmnt CovItemId="S99" CovItemPrefix="bill.Bill.java" Intrnl_Id="613">
<LocList>
<Loc EndOffset="6186" SrcFileId="2" StartOffset="6117"/>
</LocList>
</BasicStmnt>
<BasicStmnt CovItemId="S100" CovItemPrefix="bill.Bill.java" Intrnl_Id="614">
<LocList>
<Loc EndOffset="6220" SrcFileId="2" StartOffset="6195"/>
</LocList>
</BasicStmnt>
<BasicStmnt CovItemId="S101" CovItemPrefix="bill.Bill.java" Intrnl_Id="615">
<LocList>
<Loc EndOffset="6235" SrcFileId="2" StartOffset="6229"/>
</LocList>
</BasicStmnt>
</StmntSeq>
</Branch>
<Branch CovItemId="B26" CovItemPrefix="bill.Bill.java" Implct="false" Intrnl_Id="616">
<Cond>
<Loc EndOffset="6259" SrcFileId="2" StartOffset="6242"/>
</Cond>
<LocList>
<Loc EndOffset="6639" SrcFileId="2" StartOffset="6269"/>
</LocList>
<StmntSeq Intrnl_Id="617">
<LocList>
<Loc EndOffset="6436" SrcFileId="2" StartOffset="6269"/>
<Loc EndOffset="6624" SrcFileId="2" StartOffset="6445"/>
<Loc EndOffset="6639" SrcFileId="2" StartOffset="6633"/>
</LocList>
<CondStmnt CovItemId="S102" CovItemPrefix="bill.Bill.java" Intrnl_Id="618">
<Branch CovItemId="B27" CovItemPrefix="bill.Bill.java" Implct="false" Intrnl_Id="619">
<Cond/>
<LocList>
<Loc EndOffset="6436" SrcFileId="2" StartOffset="6301"/>
</LocList>
<StmntSeq Intrnl_Id="620">
<LocList>
<Loc EndOffset="6329" SrcFileId="2" StartOffset="6313"/>
<Loc EndOffset="6373" SrcFileId="2" StartOffset="6340"/>
<Loc EndOffset="6409" SrcFileId="2" StartOffset="6384"/>
<Loc EndOffset="6426" SrcFileId="2" StartOffset="6420"/>
</LocList>
<BasicStmnt CovItemId="S103" CovItemPrefix="bill.Bill.java" Intrnl_Id="621">
<LocList>
<Loc EndOffset="6329" SrcFileId="2" StartOffset="6313"/>
</LocList>
</BasicStmnt>
<BasicStmnt CovItemId="S104" CovItemPrefix="bill.Bill.java" Intrnl_Id="622">
<LocList>
<Loc EndOffset="6373" SrcFileId="2" StartOffset="6340"/>
</LocList>
</BasicStmnt>
<BasicStmnt CovItemId="S105" CovItemPrefix="bill.Bill.java" Intrnl_Id="623">
<LocList>
<Loc EndOffset="6409" SrcFileId="2" StartOffset="6384"/>
</LocList>
</BasicStmnt>
<BasicStmnt CovItemId="S106" CovItemPrefix="bill.Bill.java" Intrnl_Id="624">
<LocList>
<Loc EndOffset="6426" SrcFileId="2" StartOffset="6420"/>
</LocList>
</BasicStmnt>
</StmntSeq>
</Branch>
<Branch CovItemId="B28" CovItemPrefix="bill.Bill.java" Implct="true" Intrnl_Id="625">
<Cond/>
<LocList/>
<StmntSeq Intrnl_Id="626">
<LocList/>
</StmntSeq>
</Branch>
<Keyword EndOffset="6271" SrcFileId="2" StartOffset="6269"/>
<LocList>
<Loc EndOffset="6436" SrcFileId="2" StartOffset="6269"/>
</LocList>
<RootTerm CovItemId="C1" CovItemPrefix="bill.Bill.java" Intrnl_Id="627">
<BasicBoolTerm Intrnl_Id="628">
<LocList>
<Loc EndOffset="6291" SrcFileId="2" StartOffset="6273"/>
</LocList>
</BasicBoolTerm>
</RootTerm>
</CondStmnt>
<CondStmnt CovItemId="S107" CovItemPrefix="bill.Bill.java" Intrnl_Id="629">
<Branch CovItemId="B29" CovItemPrefix="bill.Bill.java" Implct="false" Intrnl_Id="630">
<Cond/>
<LocList>
<Loc EndOffset="6624" SrcFileId="2" StartOffset="6478"/>
</LocList>
<StmntSeq Intrnl_Id="631">
<LocList>
<Loc EndOffset="6506" SrcFileId="2" StartOffset="6490"/>
<Loc EndOffset="6561" SrcFileId="2" StartOffset="6517"/>
<Loc EndOffset="6597" SrcFileId="2" StartOffset="6572"/>
<Loc EndOffset="6614" SrcFileId="2" StartOffset="6608"/>
</LocList>
<BasicStmnt CovItemId="S108" CovItemPrefix="bill.Bill.java" Intrnl_Id="632">
<LocList>
<Loc EndOffset="6506" SrcFileId="2" StartOffset="6490"/>
</LocList>
</BasicStmnt>
<BasicStmnt CovItemId="S109" CovItemPrefix="bill.Bill.java" Intrnl_Id="633">
<LocList>
<Loc EndOffset="6561" SrcFileId="2" StartOffset="6517"/>
</LocList>
</BasicStmnt>
<BasicStmnt CovItemId="S110" CovItemPrefix="bill.Bill.java" Intrnl_Id="634">
<LocList>
<Loc EndOffset="6597" SrcFileId="2" StartOffset="6572"/>
</LocList>
</BasicStmnt>
<BasicStmnt CovItemId="S111" CovItemPrefix="bill.Bill.java" Intrnl_Id="635">
<LocList>
<Loc EndOffset="6614" SrcFileId="2" StartOffset="6608"/>
</LocList>
</BasicStmnt>
</StmntSeq>
</Branch>
<Branch CovItemId="B30" CovItemPrefix="bill.Bill.java" Implct="true" Intrnl_Id="636">
<Cond/>
<LocList/>
<StmntSeq Intrnl_Id="637">
<LocList/>
</StmntSeq>
</Branch>
<Keyword EndOffset="6447" SrcFileId="2" StartOffset="6445"/>
<LocList>
<Loc EndOffset="6624" SrcFileId="2" StartOffset="6445"/>
</LocList>
<RootTerm CovItemId="C2" CovItemPrefix="bill.Bill.java" Intrnl_Id="638">
<OpTerm BooleanOpId="3" Intrnl_Id="639">
<BasicBoolTerm Intrnl_Id="640">
<LocList>
<Loc EndOffset="6468" SrcFileId="2" StartOffset="6450"/>
</LocList>
</BasicBoolTerm>
<LocList>
<Loc EndOffset="6450" SrcFileId="2" StartOffset="6449"/>
</LocList>
</OpTerm>
</RootTerm>
</CondStmnt>
<BasicStmnt CovItemId="S112" CovItemPrefix="bill.Bill.java" Intrnl_Id="641">
<LocList>
<Loc EndOffset="6639" SrcFileId="2" StartOffset="6633"/>
</LocList>
</BasicStmnt>
</StmntSeq>
</Branch>
<Branch CovItemId="B31" CovItemPrefix="bill.Bill.java" Implct="false" Intrnl_Id="642">
<Cond>
<Loc EndOffset="6653" SrcFileId="2" StartOffset="6646"/>
</Cond>
<LocList/>
<StmntSeq Intrnl_Id="643">
<LocList/>
</StmntSeq>
</Branch>
<Keyword EndOffset="5722" SrcFileId="2" StartOffset="5716"/>
<LocList>
<Loc EndOffset="6709" SrcFileId="2" StartOffset="5716"/>
</LocList>
</CondStmnt>
<CondStmnt CovItemId="S113" CovItemPrefix="bill.Bill.java" Intrnl_Id="644">
<Branch CovItemId="B32" CovItemPrefix="bill.Bill.java" Implct="false" Intrnl_Id="645">
<Cond>
<Loc EndOffset="6773" SrcFileId="2" StartOffset="6755"/>
</Cond>
<LocList>
<Loc EndOffset="6887" SrcFileId="2" StartOffset="6783"/>
</LocList>
<StmntSeq Intrnl_Id="646">
<LocList>
<Loc EndOffset="6838" SrcFileId="2" StartOffset="6783"/>
<Loc EndOffset="6872" SrcFileId="2" StartOffset="6847"/>
<Loc EndOffset="6887" SrcFileId="2" StartOffset="6881"/>
</LocList>
<BasicStmnt CovItemId="S114" CovItemPrefix="bill.Bill.java" Intrnl_Id="647">
<LocList>
<Loc EndOffset="6838" SrcFileId="2" StartOffset="6783"/>
</LocList>
</BasicStmnt>
<BasicStmnt CovItemId="S115" CovItemPrefix="bill.Bill.java" Intrnl_Id="648">
<LocList>
<Loc EndOffset="6872" SrcFileId="2" StartOffset="6847"/>
</LocList>
</BasicStmnt>
<BasicStmnt CovItemId="S116" CovItemPrefix="bill.Bill.java" Intrnl_Id="649">
<LocList>
<Loc EndOffset="6887" SrcFileId="2" StartOffset="6881"/>
</LocList>
</BasicStmnt>
</StmntSeq>
</Branch>
<Branch CovItemId="B33" CovItemPrefix="bill.Bill.java" Implct="false" Intrnl_Id="650">
<Cond>
<Loc EndOffset="6913" SrcFileId="2" StartOffset="6894"/>
</Cond>
<LocList>
<Loc EndOffset="7036" SrcFileId="2" StartOffset="6923"/>
</LocList>
<StmntSeq Intrnl_Id="651">
<LocList>
<Loc EndOffset="6987" SrcFileId="2" StartOffset="6923"/>
<Loc EndOffset="7021" SrcFileId="2" StartOffset="6996"/>
<Loc EndOffset="7036" SrcFileId="2" StartOffset="7030"/>
</LocList>
<BasicStmnt CovItemId="S117" CovItemPrefix="bill.Bill.java" Intrnl_Id="652">
<LocList>
<Loc EndOffset="6987" SrcFileId="2" StartOffset="6923"/>
</LocList>
</BasicStmnt>
<BasicStmnt CovItemId="S118" CovItemPrefix="bill.Bill.java" Intrnl_Id="653">
<LocList>
<Loc EndOffset="7021" SrcFileId="2" StartOffset="6996"/>
</LocList>
</BasicStmnt>
<BasicStmnt CovItemId="S119" CovItemPrefix="bill.Bill.java" Intrnl_Id="654">
<LocList>
<Loc EndOffset="7036" SrcFileId="2" StartOffset="7030"/>
</LocList>
</BasicStmnt>
</StmntSeq>
</Branch>
<Branch CovItemId="B34" CovItemPrefix="bill.Bill.java" Implct="false" Intrnl_Id="655">
<Cond>
<Loc EndOffset="7071" SrcFileId="2" StartOffset="7043"/>
</Cond>
<LocList>
<Loc EndOffset="7214" SrcFileId="2" StartOffset="7081"/>
</LocList>
<StmntSeq Intrnl_Id="656">
<LocList>
<Loc EndOffset="7135" SrcFileId="2" StartOffset="7081"/>
<Loc EndOffset="7165" SrcFileId="2" StartOffset="7144"/>
<Loc EndOffset="7199" SrcFileId="2" StartOffset="7174"/>
<Loc EndOffset="7214" SrcFileId="2" StartOffset="7208"/>
</LocList>
<BasicStmnt CovItemId="S120" CovItemPrefix="bill.Bill.java" Intrnl_Id="657">
<LocList>
<Loc EndOffset="7135" SrcFileId="2" StartOffset="7081"/>
</LocList>
</BasicStmnt>
<BasicStmnt CovItemId="S121" CovItemPrefix="bill.Bill.java" Intrnl_Id="658">
<LocList>
<Loc EndOffset="7165" SrcFileId="2" StartOffset="7144"/>
</LocList>
</BasicStmnt>
<BasicStmnt CovItemId="S122" CovItemPrefix="bill.Bill.java" Intrnl_Id="659">
<LocList>
<Loc EndOffset="7199" SrcFileId="2" StartOffset="7174"/>
</LocList>
</BasicStmnt>
<BasicStmnt CovItemId="S123" CovItemPrefix="bill.Bill.java" Intrnl_Id="660">
<LocList>
<Loc EndOffset="7214" SrcFileId="2" StartOffset="7208"/>
</LocList>
</BasicStmnt>
</StmntSeq>
</Branch>
<Branch CovItemId="B35" CovItemPrefix="bill.Bill.java" Implct="false" Intrnl_Id="661">
<Cond>
<Loc EndOffset="7239" SrcFileId="2" StartOffset="7221"/>
</Cond>
<LocList>
<Loc EndOffset="7627" SrcFileId="2" StartOffset="7249"/>
</LocList>
<StmntSeq Intrnl_Id="662">
<LocList>
<Loc EndOffset="7427" SrcFileId="2" StartOffset="7249"/>
<Loc EndOffset="7612" SrcFileId="2" StartOffset="7436"/>
<Loc EndOffset="7627" SrcFileId="2" StartOffset="7621"/>
</LocList>
<CondStmnt CovItemId="S124" CovItemPrefix="bill.Bill.java" Intrnl_Id="663">
<Branch CovItemId="B36" CovItemPrefix="bill.Bill.java" Implct="false" Intrnl_Id="664">
<Cond/>
<LocList>
<Loc EndOffset="7427" SrcFileId="2" StartOffset="7281"/>
</LocList>
<StmntSeq Intrnl_Id="665">
<LocList>
<Loc EndOffset="7309" SrcFileId="2" StartOffset="7293"/>
<Loc EndOffset="7364" SrcFileId="2" StartOffset="7320"/>
<Loc EndOffset="7400" SrcFileId="2" StartOffset="7375"/>
<Loc EndOffset="7417" SrcFileId="2" StartOffset="7411"/>
</LocList>
<BasicStmnt CovItemId="S125" CovItemPrefix="bill.Bill.java" Intrnl_Id="666">
<LocList>
<Loc EndOffset="7309" SrcFileId="2" StartOffset="7293"/>
</LocList>
</BasicStmnt>
<BasicStmnt CovItemId="S126" CovItemPrefix="bill.Bill.java" Intrnl_Id="667">
<LocList>
<Loc EndOffset="7364" SrcFileId="2" StartOffset="7320"/>
</LocList>
</BasicStmnt>
<BasicStmnt CovItemId="S127" CovItemPrefix="bill.Bill.java" Intrnl_Id="668">
<LocList>
<Loc EndOffset="7400" SrcFileId="2" StartOffset="7375"/>
</LocList>
</BasicStmnt>
<BasicStmnt CovItemId="S128" CovItemPrefix="bill.Bill.java" Intrnl_Id="669">
<LocList>
<Loc EndOffset="7417" SrcFileId="2" StartOffset="7411"/>
</LocList>
</BasicStmnt>
</StmntSeq>
</Branch>
<Branch CovItemId="B37" CovItemPrefix="bill.Bill.java" Implct="true" Intrnl_Id="670">
<Cond/>
<LocList/>
<StmntSeq Intrnl_Id="671">
<LocList/>
</StmntSeq>
</Branch>
<Keyword EndOffset="7251" SrcFileId="2" StartOffset="7249"/>
<LocList>
<Loc EndOffset="7427" SrcFileId="2" StartOffset="7249"/>
</LocList>
<RootTerm CovItemId="C3" CovItemPrefix="bill.Bill.java" Intrnl_Id="672">
<BasicBoolTerm Intrnl_Id="673">
<LocList>
<Loc EndOffset="7271" SrcFileId="2" StartOffset="7253"/>
</LocList>
</BasicBoolTerm>
</RootTerm>
</CondStmnt>
<CondStmnt CovItemId="S129" CovItemPrefix="bill.Bill.java" Intrnl_Id="674">
<Branch CovItemId="B38" CovItemPrefix="bill.Bill.java" Implct="false" Intrnl_Id="675">
<Cond/>
<LocList>
<Loc EndOffset="7612" SrcFileId="2" StartOffset="7469"/>
</LocList>
<StmntSeq Intrnl_Id="676">
<LocList>
<Loc EndOffset="7497" SrcFileId="2" StartOffset="7481"/>
<Loc EndOffset="7549" SrcFileId="2" StartOffset="7508"/>
<Loc EndOffset="7585" SrcFileId="2" StartOffset="7560"/>
<Loc EndOffset="7602" SrcFileId="2" StartOffset="7596"/>
</LocList>
<BasicStmnt CovItemId="S130" CovItemPrefix="bill.Bill.java" Intrnl_Id="677">
<LocList>
<Loc EndOffset="7497" SrcFileId="2" StartOffset="7481"/>
</LocList>
</BasicStmnt>
<BasicStmnt CovItemId="S131" CovItemPrefix="bill.Bill.java" Intrnl_Id="678">
<LocList>
<Loc EndOffset="7549" SrcFileId="2" StartOffset="7508"/>
</LocList>
</BasicStmnt>
<BasicStmnt CovItemId="S132" CovItemPrefix="bill.Bill.java" Intrnl_Id="679">
<LocList>
<Loc EndOffset="7585" SrcFileId="2" StartOffset="7560"/>
</LocList>
</BasicStmnt>
<BasicStmnt CovItemId="S133" CovItemPrefix="bill.Bill.java" Intrnl_Id="680">
<LocList>
<Loc EndOffset="7602" SrcFileId="2" StartOffset="7596"/>
</LocList>
</BasicStmnt>
</StmntSeq>
</Branch>
<Branch CovItemId="B39" CovItemPrefix="bill.Bill.java" Implct="true" Intrnl_Id="681">
<Cond/>
<LocList/>
<StmntSeq Intrnl_Id="682">
<LocList/>
</StmntSeq>
</Branch>
<Keyword EndOffset="7438" SrcFileId="2" StartOffset="7436"/>
<LocList>
<Loc EndOffset="7612" SrcFileId="2" StartOffset="7436"/>
</LocList>
<RootTerm CovItemId="C4" CovItemPrefix="bill.Bill.java" Intrnl_Id="683">
<OpTerm BooleanOpId="3" Intrnl_Id="684">
<BasicBoolTerm Intrnl_Id="685">
<LocList>
<Loc EndOffset="7459" SrcFileId="2" StartOffset="7441"/>
</LocList>
</BasicBoolTerm>
<LocList>
<Loc EndOffset="7441" SrcFileId="2" StartOffset="7440"/>
</LocList>
</OpTerm>
</RootTerm>
</CondStmnt>
<BasicStmnt CovItemId="S134" CovItemPrefix="bill.Bill.java" Intrnl_Id="686">
<LocList>
<Loc EndOffset="7627" SrcFileId="2" StartOffset="7621"/>
</LocList>
</BasicStmnt>
</StmntSeq>
</Branch>
<Branch CovItemId="B40" CovItemPrefix="bill.Bill.java" Implct="false" Intrnl_Id="687">
<Cond>
<Loc EndOffset="7641" SrcFileId="2" StartOffset="7634"/>
</Cond>
<LocList/>
<StmntSeq Intrnl_Id="688">
<LocList/>
</StmntSeq>
</Branch>
<Keyword EndOffset="6721" SrcFileId="2" StartOffset="6715"/>
<LocList>
<Loc EndOffset="7697" SrcFileId="2" StartOffset="6715"/>
</LocList>
</CondStmnt>
<BasicStmnt CovItemId="S135" CovItemPrefix="bill.Bill.java" Intrnl_Id="689">
<LocList>
<Loc EndOffset="7728" SrcFileId="2" StartOffset="7703"/>
</LocList>
</BasicStmnt>
</StmntSeq>
</HierarchyLvl>
<HierarchyLvl HierarchyLvlId="181" HierarchyLvlTypeId="8" Intrnl_Id="690" Name="exitInSenate">
<Header>
<Loc EndOffset="7766" SrcFileId="2" StartOffset="7736"/>
</Header>
<LocList>
<Loc EndOffset="8546" SrcFileId="2" StartOffset="7736"/>
</LocList>
<StmntSeq Intrnl_Id="691">
<LocList>
<Loc EndOffset="7809" SrcFileId="2" StartOffset="7775"/>
<Loc EndOffset="7876" SrcFileId="2" StartOffset="7819"/>
<Loc EndOffset="8511" SrcFileId="2" StartOffset="7881"/>
<Loc EndOffset="8542" SrcFileId="2" StartOffset="8517"/>
</LocList>
<BasicStmnt CovItemId="S136" CovItemPrefix="bill.Bill.java" Intrnl_Id="692">
<LocList>
<Loc EndOffset="7809" SrcFileId="2" StartOffset="7775"/>
</LocList>
</BasicStmnt>
<BasicStmnt CovItemId="S137" CovItemPrefix="bill.Bill.java" Intrnl_Id="693">
<LocList>
<Loc EndOffset="7876" SrcFileId="2" StartOffset="7819"/>
</LocList>
</BasicStmnt>
<CondStmnt CovItemId="S138" CovItemPrefix="bill.Bill.java" Intrnl_Id="694">
<Branch CovItemId="B41" CovItemPrefix="bill.Bill.java" Implct="false" Intrnl_Id="695">
<Cond>
<Loc EndOffset="7939" SrcFileId="2" StartOffset="7921"/>
</Cond>
<LocList>
<Loc EndOffset="8043" SrcFileId="2" StartOffset="7949"/>
</LocList>
<StmntSeq Intrnl_Id="696">
<LocList>
<Loc EndOffset="7994" SrcFileId="2" StartOffset="7949"/>
<Loc EndOffset="8028" SrcFileId="2" StartOffset="8003"/>
<Loc EndOffset="8043" SrcFileId="2" StartOffset="8037"/>
</LocList>
<BasicStmnt CovItemId="S139" CovItemPrefix="bill.Bill.java" Intrnl_Id="697">
<LocList>
<Loc EndOffset="7994" SrcFileId="2" StartOffset="7949"/>
</LocList>
</BasicStmnt>
<BasicStmnt CovItemId="S140" CovItemPrefix="bill.Bill.java" Intrnl_Id="698">
<LocList>
<Loc EndOffset="8028" SrcFileId="2" StartOffset="8003"/>
</LocList>
</BasicStmnt>
<BasicStmnt CovItemId="S141" CovItemPrefix="bill.Bill.java" Intrnl_Id="699">
<LocList>
<Loc EndOffset="8043" SrcFileId="2" StartOffset="8037"/>
</LocList>
</BasicStmnt>
</StmntSeq>
</Branch>
<Branch CovItemId="B42" CovItemPrefix="bill.Bill.java" Implct="false" Intrnl_Id="700">
<Cond>
<Loc EndOffset="8069" SrcFileId="2" StartOffset="8050"/>
</Cond>
<LocList>
<Loc EndOffset="8173" SrcFileId="2" StartOffset="8079"/>
</LocList>
<StmntSeq Intrnl_Id="701">
<LocList>
<Loc EndOffset="8124" SrcFileId="2" StartOffset="8079"/>
<Loc EndOffset="8158" SrcFileId="2" StartOffset="8133"/>
<Loc EndOffset="8173" SrcFileId="2" StartOffset="8167"/>
</LocList>
<BasicStmnt CovItemId="S142" CovItemPrefix="bill.Bill.java" Intrnl_Id="702">
<LocList>
<Loc EndOffset="8124" SrcFileId="2" StartOffset="8079"/>
</LocList>
</BasicStmnt>
<BasicStmnt CovItemId="S143" CovItemPrefix="bill.Bill.java" Intrnl_Id="703">
<LocList>
<Loc EndOffset="8158" SrcFileId="2" StartOffset="8133"/>
</LocList>
</BasicStmnt>
<BasicStmnt CovItemId="S144" CovItemPrefix="bill.Bill.java" Intrnl_Id="704">
<LocList>
<Loc EndOffset="8173" SrcFileId="2" StartOffset="8167"/>
</LocList>
</BasicStmnt>
</StmntSeq>
</Branch>
<Branch CovItemId="B43" CovItemPrefix="bill.Bill.java" Implct="false" Intrnl_Id="705">
<Cond>
<Loc EndOffset="8208" SrcFileId="2" StartOffset="8180"/>
</Cond>
<LocList>
<Loc EndOffset="8312" SrcFileId="2" StartOffset="8218"/>
</LocList>
<StmntSeq Intrnl_Id="706">
<LocList>
<Loc EndOffset="8263" SrcFileId="2" StartOffset="8218"/>
<Loc EndOffset="8297" SrcFileId="2" StartOffset="8272"/>
<Loc EndOffset="8312" SrcFileId="2" StartOffset="8306"/>
</LocList>
<BasicStmnt CovItemId="S145" CovItemPrefix="bill.Bill.java" Intrnl_Id="707">
<LocList>
<Loc EndOffset="8263" SrcFileId="2" StartOffset="8218"/>
</LocList>
</BasicStmnt>
<BasicStmnt CovItemId="S146" CovItemPrefix="bill.Bill.java" Intrnl_Id="708">
<LocList>
<Loc EndOffset="8297" SrcFileId="2" StartOffset="8272"/>
</LocList>
</BasicStmnt>
<BasicStmnt CovItemId="S147" CovItemPrefix="bill.Bill.java" Intrnl_Id="709">
<LocList>
<Loc EndOffset="8312" SrcFileId="2" StartOffset="8306"/>
</LocList>
</BasicStmnt>
</StmntSeq>
</Branch>
<Branch CovItemId="B44" CovItemPrefix="bill.Bill.java" Implct="false" Intrnl_Id="710">
<Cond>
<Loc EndOffset="8337" SrcFileId="2" StartOffset="8319"/>
</Cond>
<LocList>
<Loc EndOffset="8441" SrcFileId="2" StartOffset="8347"/>
</LocList>
<StmntSeq Intrnl_Id="711">
<LocList>
<Loc EndOffset="8392" SrcFileId="2" StartOffset="8347"/>
<Loc EndOffset="8426" SrcFileId="2" StartOffset="8401"/>
<Loc EndOffset="8441" SrcFileId="2" StartOffset="8435"/>
</LocList>
<BasicStmnt CovItemId="S148" CovItemPrefix="bill.Bill.java" Intrnl_Id="712">
<LocList>
<Loc EndOffset="8392" SrcFileId="2" StartOffset="8347"/>
</LocList>
</BasicStmnt>
<BasicStmnt CovItemId="S149" CovItemPrefix="bill.Bill.java" Intrnl_Id="713">
<LocList>
<Loc EndOffset="8426" SrcFileId="2" StartOffset="8401"/>
</LocList>
</BasicStmnt>
<BasicStmnt CovItemId="S150" CovItemPrefix="bill.Bill.java" Intrnl_Id="714">
<LocList>
<Loc EndOffset="8441" SrcFileId="2" StartOffset="8435"/>
</LocList>
</BasicStmnt>
</StmntSeq>
</Branch>
<Branch CovItemId="B45" CovItemPrefix="bill.Bill.java" Implct="false" Intrnl_Id="715">
<Cond>
<Loc EndOffset="8455" SrcFileId="2" StartOffset="8448"/>
</Cond>
<LocList/>
<StmntSeq Intrnl_Id="716">
<LocList/>
</StmntSeq>
</Branch>
<Keyword EndOffset="7887" SrcFileId="2" StartOffset="7881"/>
<LocList>
<Loc EndOffset="8511" SrcFileId="2" StartOffset="7881"/>
</LocList>
</CondStmnt>
<BasicStmnt CovItemId="S151" CovItemPrefix="bill.Bill.java" Intrnl_Id="717">
<LocList>
<Loc EndOffset="8542" SrcFileId="2" StartOffset="8517"/>
</LocList>
</BasicStmnt>
</StmntSeq>
</HierarchyLvl>
<HierarchyLvl HierarchyLvlId="182" HierarchyLvlTypeId="8" Intrnl_Id="718" Name="exitBillState">
<Header>
<Loc EndOffset="8578" SrcFileId="2" StartOffset="8550"/>
</Header>
<LocList>
<Loc EndOffset="8756" SrcFileId="2" StartOffset="8550"/>
</LocList>
<StmntSeq Intrnl_Id="719">
<LocList>
<Loc EndOffset="8752" SrcFileId="2" StartOffset="8587"/>
</LocList>
<CondStmnt CovItemId="S152" CovItemPrefix="bill.Bill.java" Intrnl_Id="720">
<Branch CovItemId="B46" CovItemPrefix="bill.Bill.java" Implct="false" Intrnl_Id="721">
<Cond>
<Loc EndOffset="8638" SrcFileId="2" StartOffset="8617"/>
</Cond>
<LocList>
<Loc EndOffset="8686" SrcFileId="2" StartOffset="8648"/>
</LocList>
<StmntSeq Intrnl_Id="722">
<LocList>
<Loc EndOffset="8671" SrcFileId="2" StartOffset="8648"/>
<Loc EndOffset="8686" SrcFileId="2" StartOffset="8680"/>
</LocList>
<BasicStmnt CovItemId="S153" CovItemPrefix="bill.Bill.java" Intrnl_Id="723">
<LocList>
<Loc EndOffset="8671" SrcFileId="2" StartOffset="8648"/>
</LocList>
</BasicStmnt>
<BasicStmnt CovItemId="S154" CovItemPrefix="bill.Bill.java" Intrnl_Id="724">
<LocList>
<Loc EndOffset="8686" SrcFileId="2" StartOffset="8680"/>
</LocList>
</BasicStmnt>
</StmntSeq>
</Branch>
<Branch CovItemId="B47" CovItemPrefix="bill.Bill.java" Implct="false" Intrnl_Id="725">
<Cond>
<Loc EndOffset="8706" SrcFileId="2" StartOffset="8693"/>
</Cond>
<LocList>
<Loc EndOffset="8746" SrcFileId="2" StartOffset="8716"/>
</LocList>
<StmntSeq Intrnl_Id="726">
<LocList>
<Loc EndOffset="8731" SrcFileId="2" StartOffset="8716"/>
<Loc EndOffset="8746" SrcFileId="2" StartOffset="8740"/>
</LocList>
<BasicStmnt CovItemId="S155" CovItemPrefix="bill.Bill.java" Intrnl_Id="727">
<LocList>
<Loc EndOffset="8731" SrcFileId="2" StartOffset="8716"/>
</LocList>
</BasicStmnt>
<BasicStmnt CovItemId="S156" CovItemPrefix="bill.Bill.java" Intrnl_Id="728">
<LocList>
<Loc EndOffset="8746" SrcFileId="2" StartOffset="8740"/>
</LocList>
</BasicStmnt>
</StmntSeq>
</Branch>
<Branch CovItemId="B48" CovItemPrefix="bill.Bill.java" Implct="true" Intrnl_Id="729">
<Cond/>
<LocList/>
<StmntSeq Intrnl_Id="730">
<LocList/>
</StmntSeq>
</Branch>
<Keyword EndOffset="8593" SrcFileId="2" StartOffset="8587"/>
<LocList>
<Loc EndOffset="8752" SrcFileId="2" StartOffset="8587"/>
</LocList>
</CondStmnt>
</StmntSeq>
</HierarchyLvl>
<HierarchyLvl HierarchyLvlId="183" HierarchyLvlTypeId="8" Intrnl_Id="731" Name="setBillState">
<Header>
<Loc EndOffset="8807" SrcFileId="2" StartOffset="8760"/>
</Header>
<LocList>
<Loc EndOffset="9260" SrcFileId="2" StartOffset="8760"/>
</LocList>
<StmntSeq Intrnl_Id="732">
<LocList>
<Loc EndOffset="8839" SrcFileId="2" StartOffset="8816"/>
<Loc EndOffset="9256" SrcFileId="2" StartOffset="8884"/>
</LocList>
<BasicStmnt CovItemId="S157" CovItemPrefix="bill.Bill.java" Intrnl_Id="733">
<LocList>
<Loc EndOffset="8839" SrcFileId="2" StartOffset="8816"/>
</LocList>
</BasicStmnt>
<CondStmnt CovItemId="S158" CovItemPrefix="bill.Bill.java" Intrnl_Id="734">
<Branch CovItemId="B49" CovItemPrefix="bill.Bill.java" Implct="false" Intrnl_Id="735">
<Cond>
<Loc EndOffset="8935" SrcFileId="2" StartOffset="8914"/>
</Cond>
<LocList>
<Loc EndOffset="9098" SrcFileId="2" StartOffset="8945"/>
</LocList>
<StmntSeq Intrnl_Id="736">
<LocList>
<Loc EndOffset="9083" SrcFileId="2" StartOffset="8945"/>
<Loc EndOffset="9098" SrcFileId="2" StartOffset="9092"/>
</LocList>
<CondStmnt CovItemId="S159" CovItemPrefix="bill.Bill.java" Intrnl_Id="737">
<Branch CovItemId="B50" CovItemPrefix="bill.Bill.java" Implct="false" Intrnl_Id="738">
<Cond/>
<LocList>
<Loc EndOffset="9083" SrcFileId="2" StartOffset="9010"/>
</LocList>
<StmntSeq Intrnl_Id="739">
<LocList>
<Loc EndOffset="9081" SrcFileId="2" StartOffset="9012"/>
</LocList>
<BasicStmnt CovItemId="S160" CovItemPrefix="bill.Bill.java" Intrnl_Id="740">
<LocList>
<Loc EndOffset="9081" SrcFileId="2" StartOffset="9012"/>
</LocList>
</BasicStmnt>
</StmntSeq>
</Branch>
<Branch CovItemId="B51" CovItemPrefix="bill.Bill.java" Implct="true" Intrnl_Id="741">
<Cond/>
<LocList/>
<StmntSeq Intrnl_Id="742">
<LocList/>
</StmntSeq>
</Branch>
<Keyword EndOffset="8947" SrcFileId="2" StartOffset="8945"/>
<LocList>
<Loc EndOffset="9083" SrcFileId="2" StartOffset="8945"/>
</LocList>
<RootTerm CovItemId="C5" CovItemPrefix="bill.Bill.java" Intrnl_Id="743">
<BasicBoolTerm Intrnl_Id="744">
<LocList>
<Loc EndOffset="9008" SrcFileId="2" StartOffset="8949"/>
</LocList>
</BasicBoolTerm>
</RootTerm>
</CondStmnt>
<BasicStmnt CovItemId="S161" CovItemPrefix="bill.Bill.java" Intrnl_Id="745">
<LocList>
<Loc EndOffset="9098" SrcFileId="2" StartOffset="9092"/>
</LocList>
</BasicStmnt>
</StmntSeq>
</Branch>
<Branch CovItemId="B52" CovItemPrefix="bill.Bill.java" Implct="false" Intrnl_Id="746">
<Cond>
<Loc EndOffset="9118" SrcFileId="2" StartOffset="9105"/>
</Cond>
<LocList>
<Loc EndOffset="9250" SrcFileId="2" StartOffset="9128"/>
</LocList>
<StmntSeq Intrnl_Id="747">
<LocList>
<Loc EndOffset="9235" SrcFileId="2" StartOffset="9128"/>
<Loc EndOffset="9250" SrcFileId="2" StartOffset="9244"/>
</LocList>
<CondStmnt CovItemId="S162" CovItemPrefix="bill.Bill.java" Intrnl_Id="748">
<Branch CovItemId="B53" CovItemPrefix="bill.Bill.java" Implct="false" Intrnl_Id="749">
<Cond/>
<LocList>
<Loc EndOffset="9235" SrcFileId="2" StartOffset="9177"/>
</LocList>
<StmntSeq Intrnl_Id="750">
<LocList>
<Loc EndOffset="9233" SrcFileId="2" StartOffset="9179"/>
</LocList>
<BasicStmnt CovItemId="S163" CovItemPrefix="bill.Bill.java" Intrnl_Id="751">
<LocList>
<Loc EndOffset="9233" SrcFileId="2" StartOffset="9179"/>
</LocList>
</BasicStmnt>
</StmntSeq>
</Branch>
<Branch CovItemId="B54" CovItemPrefix="bill.Bill.java" Implct="true" Intrnl_Id="752">
<Cond/>
<LocList/>
<StmntSeq Intrnl_Id="753">
<LocList/>
</StmntSeq>
</Branch>
<Keyword EndOffset="9130" SrcFileId="2" StartOffset="9128"/>
<LocList>
<Loc EndOffset="9235" SrcFileId="2" StartOffset="9128"/>
</LocList>
<RootTerm CovItemId="C6" CovItemPrefix="bill.Bill.java" Intrnl_Id="754">
<BasicBoolTerm Intrnl_Id="755">
<LocList>
<Loc EndOffset="9175" SrcFileId="2" StartOffset="9132"/>
</LocList>
</BasicBoolTerm>
</RootTerm>
</CondStmnt>
<BasicStmnt CovItemId="S164" CovItemPrefix="bill.Bill.java" Intrnl_Id="756">
<LocList>
<Loc EndOffset="9250" SrcFileId="2" StartOffset="9244"/>
</LocList>
</BasicStmnt>
</StmntSeq>
</Branch>
<Branch CovItemId="B55" CovItemPrefix="bill.Bill.java" Implct="true" Intrnl_Id="757">
<Cond/>
<LocList/>
<StmntSeq Intrnl_Id="758">
<LocList/>
</StmntSeq>
</Branch>
<Keyword EndOffset="8890" SrcFileId="2" StartOffset="8884"/>
<LocList>
<Loc EndOffset="9256" SrcFileId="2" StartOffset="8884"/>
</LocList>
</CondStmnt>
</StmntSeq>
</HierarchyLvl>
<HierarchyLvl HierarchyLvlId="184" HierarchyLvlTypeId="8" Intrnl_Id="759" Name="setBillStateInHouseOfCommons">
<Header>
<Loc EndOffset="9359" SrcFileId="2" StartOffset="9264"/>
</Header>
<LocList>
<Loc EndOffset="9586" SrcFileId="2" StartOffset="9264"/>
</LocList>
<StmntSeq Intrnl_Id="760">
<LocList>
<Loc EndOffset="9423" SrcFileId="2" StartOffset="9368"/>
<Loc EndOffset="9582" SrcFileId="2" StartOffset="9428"/>
</LocList>
<BasicStmnt CovItemId="S165" CovItemPrefix="bill.Bill.java" Intrnl_Id="761">
<LocList>
<Loc EndOffset="9423" SrcFileId="2" StartOffset="9368"/>
</LocList>
</BasicStmnt>
<CondStmnt CovItemId="S166" CovItemPrefix="bill.Bill.java" Intrnl_Id="762">
<Branch CovItemId="B56" CovItemPrefix="bill.Bill.java" Implct="false" Intrnl_Id="763">
<Cond/>
<LocList>
<Loc EndOffset="9582" SrcFileId="2" StartOffset="9537"/>
</LocList>
<StmntSeq Intrnl_Id="764">
<LocList>
<Loc EndOffset="9580" SrcFileId="2" StartOffset="9539"/>
</LocList>
<BasicStmnt CovItemId="S167" CovItemPrefix="bill.Bill.java" Intrnl_Id="765">
<LocList>
<Loc EndOffset="9580" SrcFileId="2" StartOffset="9539"/>
</LocList>
</BasicStmnt>
</StmntSeq>
</Branch>
<Branch CovItemId="B57" CovItemPrefix="bill.Bill.java" Implct="true" Intrnl_Id="766">
<Cond/>
<LocList/>
<StmntSeq Intrnl_Id="767">
<LocList/>
</StmntSeq>
</Branch>
<Keyword EndOffset="9430" SrcFileId="2" StartOffset="9428"/>
<LocList>
<Loc EndOffset="9582" SrcFileId="2" StartOffset="9428"/>
</LocList>
<RootTerm CovItemId="C7" CovItemPrefix="bill.Bill.java" Intrnl_Id="768">
<OpTerm BooleanOpId="4" Intrnl_Id="769">
<BasicBoolTerm Intrnl_Id="770">
<LocList>
<Loc EndOffset="9471" SrcFileId="2" StartOffset="9432"/>
</LocList>
</BasicBoolTerm>
<BasicBoolTerm Intrnl_Id="771">
<LocList>
<Loc EndOffset="9535" SrcFileId="2" StartOffset="9475"/>
</LocList>
</BasicBoolTerm>
<LocList>
<Loc EndOffset="9474" SrcFileId="2" StartOffset="9472"/>
</LocList>
</OpTerm>
</RootTerm>
</CondStmnt>
</StmntSeq>
</HierarchyLvl>
<HierarchyLvl HierarchyLvlId="185" HierarchyLvlTypeId="8" Intrnl_Id="772" Name="setBillStateInSenate">
<Header>
<Loc EndOffset="9661" SrcFileId="2" StartOffset="9590"/>
</Header>
<LocList>
<Loc EndOffset="9840" SrcFileId="2" StartOffset="9590"/>
</LocList>
<StmntSeq Intrnl_Id="773">
<LocList>
<Loc EndOffset="9709" SrcFileId="2" StartOffset="9670"/>
<Loc EndOffset="9836" SrcFileId="2" StartOffset="9714"/>
</LocList>
<BasicStmnt CovItemId="S168" CovItemPrefix="bill.Bill.java" Intrnl_Id="774">
<LocList>
<Loc EndOffset="9709" SrcFileId="2" StartOffset="9670"/>
</LocList>
</BasicStmnt>
<CondStmnt CovItemId="S169" CovItemPrefix="bill.Bill.java" Intrnl_Id="775">
<Branch CovItemId="B58" CovItemPrefix="bill.Bill.java" Implct="false" Intrnl_Id="776">
<Cond/>
<LocList>
<Loc EndOffset="9836" SrcFileId="2" StartOffset="9799"/>
</LocList>
<StmntSeq Intrnl_Id="777">
<LocList>
<Loc EndOffset="9834" SrcFileId="2" StartOffset="9801"/>
</LocList>
<BasicStmnt CovItemId="S170" CovItemPrefix="bill.Bill.java" Intrnl_Id="778">
<LocList>
<Loc EndOffset="9834" SrcFileId="2" StartOffset="9801"/>
</LocList>
</BasicStmnt>
</StmntSeq>
</Branch>
<Branch CovItemId="B59" CovItemPrefix="bill.Bill.java" Implct="true" Intrnl_Id="779">
<Cond/>
<LocList/>
<StmntSeq Intrnl_Id="780">
<LocList/>
</StmntSeq>
</Branch>
<Keyword EndOffset="9716" SrcFileId="2" StartOffset="9714"/>
<LocList>
<Loc EndOffset="9836" SrcFileId="2" StartOffset="9714"/>
</LocList>
<RootTerm CovItemId="C8" CovItemPrefix="bill.Bill.java" Intrnl_Id="781">
<OpTerm BooleanOpId="4" Intrnl_Id="782">
<BasicBoolTerm Intrnl_Id="783">
<LocList>
<Loc EndOffset="9749" SrcFileId="2" StartOffset="9718"/>
</LocList>
</BasicBoolTerm>
<BasicBoolTerm Intrnl_Id="784">
<LocList>
<Loc EndOffset="9797" SrcFileId="2" StartOffset="9753"/>
</LocList>
</BasicBoolTerm>
<LocList>
<Loc EndOffset="9752" SrcFileId="2" StartOffset="9750"/>
</LocList>
</OpTerm>
</RootTerm>
</CondStmnt>
</StmntSeq>
</HierarchyLvl>
<HierarchyLvl HierarchyLvlId="186" HierarchyLvlTypeId="8" Intrnl_Id="785" Name="delete">
<Header>
<Loc EndOffset="9864" SrcFileId="2" StartOffset="9844"/>
</Header>
<LocList>
<Loc EndOffset="9869" SrcFileId="2" StartOffset="9844"/>
</LocList>
</HierarchyLvl>
<HierarchyLvl HierarchyLvlId="187" HierarchyLvlTypeId="8" Intrnl_Id="786" Name="toString">
<Header>
<Loc EndOffset="9898" SrcFileId="2" StartOffset="9874"/>
</Header>
<LocList>
<Loc EndOffset="10051" SrcFileId="2" StartOffset="9874"/>
</LocList>
<StmntSeq Intrnl_Id="787">
<LocList>
<Loc EndOffset="9931" SrcFileId="2" StartOffset="9906"/>
<Loc EndOffset="10047" SrcFileId="2" StartOffset="9936"/>
</LocList>
<BasicStmnt CovItemId="S171" CovItemPrefix="bill.Bill.java" Intrnl_Id="788">
<LocList>
<Loc EndOffset="9931" SrcFileId="2" StartOffset="9906"/>
</LocList>
</BasicStmnt>
<BasicStmnt CovItemId="S172" CovItemPrefix="bill.Bill.java" Intrnl_Id="789">
<LocList>
<Loc EndOffset="10047" SrcFileId="2" StartOffset="9936"/>
</LocList>
</BasicStmnt>
</StmntSeq>
</HierarchyLvl>
<HierarchyLvl HierarchyLvlId="188" HierarchyLvlTypeId="8" Intrnl_Id="790" Name="getBillState">
<Header>
<Loc EndOffset="10662" SrcFileId="2" StartOffset="10634"/>
</Header>
<LocList>
<Loc EndOffset="10703" SrcFileId="2" StartOffset="10634"/>
</LocList>
<StmntSeq Intrnl_Id="791">
<LocList>
<Loc EndOffset="10699" SrcFileId="2" StartOffset="10671"/>
</LocList>
<BasicStmnt CovItemId="S173" CovItemPrefix="bill.Bill.java" Intrnl_Id="792">
<LocList>
<Loc EndOffset="10699" SrcFileId="2" StartOffset="10671"/>
</LocList>
</BasicStmnt>
</StmntSeq>
</HierarchyLvl>
<HierarchyLvl HierarchyLvlId="189" HierarchyLvlTypeId="8" Intrnl_Id="793" Name="getBillStateInHouseOfCommons">
<Header>
<Loc EndOffset="10814" SrcFileId="2" StartOffset="10770"/>
</Header>
<LocList>
<Loc EndOffset="10870" SrcFileId="2" StartOffset="10770"/>
</LocList>
<StmntSeq Intrnl_Id="794">
<LocList>
<Loc EndOffset="10866" SrcFileId="2" StartOffset="10822"/>
</LocList>
<BasicStmnt CovItemId="S174" CovItemPrefix="bill.Bill.java" Intrnl_Id="795">
<LocList>
<Loc EndOffset="10866" SrcFileId="2" StartOffset="10822"/>
</LocList>
</BasicStmnt>
</StmntSeq>
</HierarchyLvl>
<HierarchyLvl HierarchyLvlId="190" HierarchyLvlTypeId="8" Intrnl_Id="796" Name="getBillStateInSenate">
<Header>
<Loc EndOffset="10965" SrcFileId="2" StartOffset="10929"/>
</Header>
<LocList>
<Loc EndOffset="11013" SrcFileId="2" StartOffset="10929"/>
</LocList>
<StmntSeq Intrnl_Id="797">
<LocList>
<Loc EndOffset="11009" SrcFileId="2" StartOffset="10973"/>
</LocList>
<BasicStmnt CovItemId="S175" CovItemPrefix="bill.Bill.java" Intrnl_Id="798">
<LocList>
<Loc EndOffset="11009" SrcFileId="2" StartOffset="10973"/>
</LocList>
</BasicStmnt>
</StmntSeq>
</HierarchyLvl>
</HierarchyLvl>
</HierarchyLvl>
</HierarchyLvl>
</MASTRoot>
</TestSessionContainer>
