<?xml version="1.0" encoding="UTF-8"?><TestSessionContainer xmlns="http://www.codecover.org/xml/testsession-container" Date="1413999314769" TestSessionContainerId="8d415aac-b18f-4e92-95f4-d440e14d6d53" version="1.0">
<SrcFileList>
<SrcFile Content="package test;&#10;&#10;import static org.junit.Assert.*;&#10;&#10;import org.junit.After;&#10;import org.junit.AfterClass;&#10;import org.junit.Before;&#10;import org.junit.BeforeClass;&#10;import org.junit.Test;&#10;&#10;import bill.Bill;&#10;&#10;public class BillTest {&#10;&#10;&#9;@BeforeClass&#10;&#9;public static void setUpBeforeClass() throws Exception {&#10;&#9;}&#10;&#10;&#9;@AfterClass&#10;&#9;public static void tearDownAfterClass() throws Exception {&#10;&#9;}&#10;&#10;&#9;@Before&#10;&#9;public void setUp() throws Exception {&#10;&#9;}&#10;&#10;&#9;@After&#10;&#9;public void tearDown() throws Exception {&#10;&#9;}&#10;&#9;&#10;&#9;@Test&#10;&#9;public void testcase1() {&#10;&#9;&#9;//Conformance Test&#10;&#9;&#9;Bill aBill = new Bill();&#10;&#9;&#9;assertEquals(&quot;inPreparation&quot;, aBill.getBillState());&#10;&#9;&#9;aBill.introduceInHouse();&#10;&#9;&#9;assertEquals(&quot;firstReading&quot;, aBill.getBillStateInHouseOfCommons());&#10;&#9;&#9;aBill.withdraw();&#10;&#9;&#9;assertEquals(&quot;withdrawn&quot;, aBill.getBillState());&#10;&#9;&#9;aBill.modify();&#10;&#9;&#9;assertEquals(&quot;inPreparation&quot;, aBill.getBillState());&#10;&#9;&#9;&#10;&#9;&#9;//Sneak Paths&#10;&#9;&#9;//Test ID 1.1&#10;&#9;&#9;aBill.votePasses();&#10;&#9;&#9;assertEquals(&quot;inPreparation&quot;, aBill.getBillState());&#10;&#9;&#9;//Test ID 1.2&#10;&#9;&#9;aBill.voteFails();&#10;&#9;&#9;//Test ID 1.3&#10;&#9;&#9;assertEquals(&quot;inPreparation&quot;, aBill.getBillState());&#10;&#9;&#9;//Test ID 1.4&#10;&#9;&#9;aBill.withdraw();&#10;&#9;&#9;assertEquals(&quot;inPreparation&quot;, aBill.getBillState());&#10;&#9;&#9;//Test ID 1.5&#10;&#9;&#9;aBill.royalAssent();&#10;&#9;&#9;assertEquals(&quot;inPreparation&quot;, aBill.getBillState());&#10;&#9;&#9;//Test ID 1.6&#10;&#9;&#9;aBill.modify();&#10;&#9;&#9;assertEquals(&quot;inPreparation&quot;, aBill.getBillState());&#10;&#9;}&#10;&#9;&#10;&#9;@Test&#10;&#9;public void testcase2() {&#10;&#9;&#9;//Conformance Test&#10;&#9;&#9;Bill aBill = new Bill();&#10;&#9;&#9;assertEquals(&quot;inPreparation&quot;, aBill.getBillState());&#10;&#9;&#9;aBill.introduceInHouse();&#10;&#9;&#9;assertEquals(&quot;firstReading&quot;, aBill.getBillStateInHouseOfCommons());&#10;&#9;&#9;System.out.println(aBill.getBillState());&#10;&#9;&#9;aBill.voteFails();&#10;&#9;&#9;//error: should go to withdrawn state, but enters secondReading instead&#10;&#9;&#9;assertEquals(&quot;withdrawn&quot;, aBill.getBillState());&#10;&#10;&#9;&#9;//Sneak Paths&#10;&#9;&#9;//Test ID 2.1&#10;&#9;&#9;aBill.votePasses();&#10;&#9;&#9;assertEquals(&quot;withdrawn&quot;, aBill.getBillState());&#10;&#9;&#9;//Test ID 2.2&#10;&#9;&#9;aBill.voteFails();&#10;&#9;&#9;assertEquals(&quot;withdrawn&quot;, aBill.getBillState());&#10;&#9;&#9;//Test ID 2.3&#10;&#9;&#9;aBill.withdraw();&#10;&#9;&#9;assertEquals(&quot;withdrawn&quot;, aBill.getBillState());&#10;&#9;&#9;//Test ID 2.4&#10;&#9;&#9;aBill.introduceInHouse();&#10;&#9;&#9;assertEquals(&quot;withdrawn&quot;, aBill.getBillState());&#10;&#9;&#9;//Test ID 2.5&#10;&#9;&#9;aBill.introduceInSenate();&#10;&#9;&#9;assertEquals(&quot;withdrawn&quot;, aBill.getBillState());&#10;&#9;&#9;//Test ID 2.6&#10;&#9;&#9;aBill.royalAssent();&#10;&#9;&#9;assertEquals(&quot;withdrawn&quot;, aBill.getBillState());&#10;&#9;}&#10;&#9;&#10;&#9;@Test&#10;&#9;public void testcase3() {&#10;&#9;&#9;//Conformance Test&#10;&#9;&#9;Bill aBill = new Bill();&#10;&#9;&#9;assertEquals(&quot;inPreparation&quot;, aBill.getBillState());&#10;&#9;&#9;aBill.introduceInHouse();&#10;&#9;&#9;assertEquals(&quot;firstReading&quot;, aBill.getBillStateInHouseOfCommons());&#10;&#9;&#9;aBill.votePasses();&#10;&#9;&#9;assertEquals(&quot;secondReading&quot;, aBill.getBillStateInHouseOfCommons());&#10;&#9;&#9;aBill.withdraw();&#10;&#9;&#9;assertEquals(&quot;withdrawn&quot;, aBill.getBillState());&#10;&#9;}&#10;&#9;&#10;&#9;@Test&#10;&#9;public void testcase4() {&#10;&#9;&#9;//Conformance Test&#10;&#9;&#9;Bill aBill = new Bill();&#10;&#9;&#9;assertEquals(&quot;inPreparation&quot;, aBill.getBillState());&#10;&#9;&#9;aBill.introduceInHouse();&#10;&#9;&#9;assertEquals(&quot;firstReading&quot;, aBill.getBillStateInHouseOfCommons());&#10;&#9;&#9;aBill.votePasses();&#10;&#9;&#9;assertEquals(&quot;secondReading&quot;, aBill.getBillStateInHouseOfCommons());&#10;&#9;&#9;aBill.voteFails();&#10;&#9;&#9;//error&#10;&#9;&#9;assertEquals(&quot;withdrawn&quot;, aBill.getBillState());&#10;&#9;}&#10;&#9;&#10;&#9;@Test&#10;&#9;public void testcase5() {&#10;&#9;&#9;//Conformance Test&#10;&#9;&#9;Bill aBill = new Bill();&#10;&#9;&#9;assertEquals(&quot;inPreparation&quot;, aBill.getBillState());&#10;&#9;&#9;aBill.introduceInHouse();&#10;&#9;&#9;assertEquals(&quot;firstReading&quot;, aBill.getBillStateInHouseOfCommons());&#10;&#9;&#9;aBill.votePasses();&#10;&#9;&#9;assertEquals(&quot;secondReading&quot;, aBill.getBillStateInHouseOfCommons());&#10;&#9;&#9;aBill.votePasses();&#10;&#9;&#9;assertEquals(&quot;committeeConsideration&quot;, aBill.getBillStateInHouseOfCommons());&#10;&#9;&#9;aBill.withdraw();&#10;&#9;&#9;assertEquals(&quot;withdrawn&quot;, aBill.getBillState());&#10;&#9;}&#10;&#9;&#10;&#9;@Test&#10;&#9;public void testcase6() {&#10;&#9;&#9;//Conformance Test&#10;&#9;&#9;Bill aBill = new Bill();&#10;&#9;&#9;assertEquals(&quot;inPreparation&quot;, aBill.getBillState());&#10;&#9;&#9;aBill.introduceInHouse();&#10;&#9;&#9;assertEquals(&quot;firstReading&quot;, aBill.getBillStateInHouseOfCommons());&#10;&#9;&#9;aBill.votePasses();&#10;&#9;&#9;assertEquals(&quot;secondReading&quot;, aBill.getBillStateInHouseOfCommons());&#10;&#9;&#9;aBill.votePasses();&#10;&#9;&#9;assertEquals(&quot;committeeConsideration&quot;, aBill.getBillStateInHouseOfCommons());&#10;&#9;&#9;aBill.voteFails();&#10;&#9;&#9;//error&#10;&#9;&#9;assertEquals(&quot;withdrawn&quot;, aBill.getBillState());&#10;&#9;}&#10;&#9;&#10;&#9;@Test&#10;&#9;public void testcase7() {&#10;&#9;&#9;//Conformance Test&#10;&#9;&#9;Bill aBill = new Bill();&#10;&#9;&#9;assertEquals(&quot;inPreparation&quot;, aBill.getBillState());&#10;&#9;&#9;aBill.introduceInHouse();&#10;&#9;&#9;assertEquals(&quot;firstReading&quot;, aBill.getBillStateInHouseOfCommons());&#10;&#9;&#9;aBill.votePasses();&#10;&#9;&#9;assertEquals(&quot;secondReading&quot;, aBill.getBillStateInHouseOfCommons());&#10;&#9;&#9;aBill.votePasses();&#10;&#9;&#9;assertEquals(&quot;committeeConsideration&quot;, aBill.getBillStateInHouseOfCommons());&#10;&#9;&#9;aBill.votePasses();&#10;&#9;&#9;assertEquals(&quot;thirdReading&quot;, aBill.getBillStateInHouseOfCommons());&#10;&#9;&#9;aBill.withdraw();&#10;&#9;&#9;assertEquals(&quot;withdrawn&quot;, aBill.getBillState());&#10;&#9;}&#10;&#9;&#10;&#9;@Test&#10;&#9;public void testcase8() {&#10;&#9;&#9;//Conformance Test&#10;&#9;&#9;Bill aBill = new Bill();&#10;&#9;&#9;assertEquals(&quot;inPreparation&quot;, aBill.getBillState());&#10;&#9;&#9;aBill.introduceInHouse();&#10;&#9;&#9;assertEquals(&quot;firstReading&quot;, aBill.getBillStateInHouseOfCommons());&#10;&#9;&#9;aBill.votePasses();&#10;&#9;&#9;assertEquals(&quot;secondReading&quot;, aBill.getBillStateInHouseOfCommons());&#10;&#9;&#9;aBill.votePasses();&#10;&#9;&#9;assertEquals(&quot;committeeConsideration&quot;, aBill.getBillStateInHouseOfCommons());&#10;&#9;&#9;aBill.votePasses();&#10;&#9;&#9;assertEquals(&quot;thirdReading&quot;, aBill.getBillStateInHouseOfCommons());&#10;&#9;&#9;aBill.voteFails();&#10;&#9;&#9;//error&#10;&#9;&#9;assertEquals(&quot;withdrawn&quot;, aBill.getBillState());&#10;&#9;}&#10;&#9;&#10;&#9;@Test&#10;&#9;public void testcase9() {&#10;&#9;&#9;//Conformance Test&#10;&#9;&#9;Bill aBill = new Bill();&#10;&#9;&#9;assertEquals(&quot;inPreparation&quot;, aBill.getBillState());&#10;&#9;&#9;aBill.introduceInHouse();&#10;&#9;&#9;assertEquals(&quot;firstReading&quot;, aBill.getBillStateInHouseOfCommons());&#10;&#9;&#9;aBill.votePasses();&#10;&#9;&#9;assertEquals(&quot;secondReading&quot;, aBill.getBillStateInHouseOfCommons());&#10;&#9;&#9;aBill.votePasses();&#10;&#9;&#9;assertEquals(&quot;committeeConsideration&quot;, aBill.getBillStateInHouseOfCommons());&#10;&#9;&#9;aBill.votePasses();&#10;&#9;&#9;assertEquals(&quot;thirdReading&quot;, aBill.getBillStateInHouseOfCommons());&#10;&#9;&#9;aBill.votePasses();&#10;&#9;&#9;assertEquals(&quot;firstReadingS&quot;, aBill.getBillStateInSenate());&#10;&#9;}&#10;&#9;&#10;&#9;@Test&#10;&#9;public void testcase10() {&#10;&#9;&#9;//Conformance Test&#10;&#9;&#9;Bill aBill = new Bill();&#10;&#9;&#9;assertEquals(&quot;inPreparation&quot;, aBill.getBillState());&#10;&#9;&#9;aBill.introduceInHouse();&#10;&#9;&#9;assertEquals(&quot;firstReading&quot;, aBill.getBillStateInHouseOfCommons());&#10;&#9;&#9;aBill.votePasses();&#10;&#9;&#9;assertEquals(&quot;secondReading&quot;, aBill.getBillStateInHouseOfCommons());&#10;&#9;&#9;aBill.votePasses();&#10;&#9;&#9;assertEquals(&quot;committeeConsideration&quot;, aBill.getBillStateInHouseOfCommons());&#10;&#9;&#9;aBill.votePasses();&#10;&#9;&#9;assertEquals(&quot;thirdReading&quot;, aBill.getBillStateInHouseOfCommons());&#10;&#9;&#9;aBill.votePasses();&#10;&#9;&#9;//error&#10;&#9;&#9;assertEquals(&quot;awaitingRoyalAssent&quot;, aBill.getBillState());&#10;&#9;&#9;aBill.royalAssent();&#10;&#9;&#9;assertEquals(&quot;actOfParliament&quot;, aBill.getBillState());&#10;&#9;}&#10;&#9;&#10;&#9;@Test&#10;&#9;public void testcase11() {&#10;&#9;&#9;//Conformance Test&#10;&#9;&#9;Bill aBill = new Bill();&#10;&#9;&#9;assertEquals(&quot;inPreparation&quot;, aBill.getBillState());&#10;&#9;&#9;aBill.introduceInSenate();&#10;&#9;&#9;assertEquals(&quot;firstReadingS&quot;, aBill.getBillStateInSenate());&#10;&#9;&#9;aBill.withdraw();&#10;&#9;&#9;assertEquals(&quot;withdrawn&quot;, aBill.getBillState());&#10;&#9;}&#10;&#9;&#10;&#9;@Test&#10;&#9;public void testcase12() {&#10;&#9;&#9;//Conformance Test&#10;&#9;&#9;Bill aBill = new Bill();&#10;&#9;&#9;assertEquals(&quot;inPreparation&quot;, aBill.getBillState());&#10;&#9;&#9;aBill.introduceInSenate();&#10;&#9;&#9;assertEquals(&quot;firstReadingS&quot;, aBill.getBillStateInSenate());&#10;&#9;&#9;aBill.voteFails();&#10;&#9;&#9;assertEquals(&quot;withdrawn&quot;, aBill.getBillState());&#10;&#9;}&#10;&#9;&#10;&#9;@Test&#10;&#9;public void testcase13() {&#10;&#9;&#9;//Conformance Test&#10;&#9;&#9;Bill aBill = new Bill();&#10;&#9;&#9;assertEquals(&quot;inPreparation&quot;, aBill.getBillState());&#10;&#9;&#9;aBill.introduceInSenate();&#10;&#9;&#9;assertEquals(&quot;firstReadingS&quot;, aBill.getBillStateInSenate());&#10;&#9;&#9;aBill.votePasses();&#10;&#9;&#9;assertEquals(&quot;secondReadingS&quot;, aBill.getBillStateInSenate());&#10;&#9;&#9;aBill.withdraw();&#10;&#9;&#9;assertEquals(&quot;withdrawn&quot;, aBill.getBillState());&#10;&#9;}&#10;&#9;&#10;&#9;@Test&#10;&#9;public void testcase14() {&#10;&#9;&#9;//Conformance Test&#10;&#9;&#9;Bill aBill = new Bill();&#10;&#9;&#9;assertEquals(&quot;inPreparation&quot;, aBill.getBillState());&#10;&#9;&#9;aBill.introduceInSenate();&#10;&#9;&#9;assertEquals(&quot;firstReadingS&quot;, aBill.getBillStateInSenate());&#10;&#9;&#9;aBill.votePasses();&#10;&#9;&#9;assertEquals(&quot;secondReadingS&quot;, aBill.getBillStateInSenate());&#10;&#9;&#9;aBill.voteFails();&#10;&#9;&#9;assertEquals(&quot;withdrawn&quot;, aBill.getBillState());&#10;&#9;}&#10;&#9;&#10;&#9;@Test&#10;&#9;public void testcase15() {&#10;&#9;&#9;//Conformance Test&#10;&#9;&#9;Bill aBill = new Bill();&#10;&#9;&#9;assertEquals(&quot;inPreparation&quot;, aBill.getBillState());&#10;&#9;&#9;aBill.introduceInSenate();&#10;&#9;&#9;assertEquals(&quot;firstReadingS&quot;, aBill.getBillStateInSenate());&#10;&#9;&#9;aBill.votePasses();&#10;&#9;&#9;assertEquals(&quot;secondReadingS&quot;, aBill.getBillStateInSenate());&#10;&#9;&#9;aBill.votePasses();&#10;&#9;&#9;assertEquals(&quot;committeeConsiderationS&quot;, aBill.getBillStateInSenate());&#10;&#9;&#9;aBill.withdraw();&#10;&#9;&#9;assertEquals(&quot;withdrawn&quot;, aBill.getBillState());&#10;&#9;}&#10;&#9;@Test&#10;&#9;public void testcase16() {&#10;&#9;&#9;//Conformance Test&#10;&#9;&#9;Bill aBill = new Bill();&#10;&#9;&#9;assertEquals(&quot;inPreparation&quot;, aBill.getBillState());&#10;&#9;&#9;aBill.introduceInSenate();&#10;&#9;&#9;assertEquals(&quot;firstReadingS&quot;, aBill.getBillStateInSenate());&#10;&#9;&#9;aBill.votePasses();&#10;&#9;&#9;assertEquals(&quot;secondReadingS&quot;, aBill.getBillStateInSenate());&#10;&#9;&#9;aBill.votePasses();&#10;&#9;&#9;assertEquals(&quot;committeeConsiderationS&quot;, aBill.getBillStateInSenate());&#10;&#9;&#9;aBill.voteFails();&#10;&#9;&#9;assertEquals(&quot;withdrawn&quot;, aBill.getBillState());&#10;&#9;}&#10;&#9;@Test&#10;&#9;public void testcase17() {&#10;&#9;&#9;//Conformance Test&#10;&#9;&#9;Bill aBill = new Bill();&#10;&#9;&#9;assertEquals(&quot;inPreparation&quot;, aBill.getBillState());&#10;&#9;&#9;aBill.introduceInSenate();&#10;&#9;&#9;assertEquals(&quot;firstReadingS&quot;, aBill.getBillStateInSenate());&#10;&#9;&#9;aBill.votePasses();&#10;&#9;&#9;assertEquals(&quot;secondReadingS&quot;, aBill.getBillStateInSenate());&#10;&#9;&#9;aBill.votePasses();&#10;&#9;&#9;assertEquals(&quot;committeeConsiderationS&quot;, aBill.getBillStateInSenate());&#10;&#9;&#9;aBill.votePasses();&#10;&#9;&#9;assertEquals(&quot;thirdReadingS&quot;, aBill.getBillStateInSenate());&#10;&#9;&#9;aBill.withdraw();&#10;&#9;&#9;assertEquals(&quot;withdrawn&quot;, aBill.getBillState());&#10;&#10;&#9;}&#10;&#9;&#10;&#9;@Test&#10;&#9;public void testcase18() {&#10;&#9;&#9;//Conformance Test&#10;&#9;&#9;Bill aBill = new Bill();&#10;&#9;&#9;assertEquals(&quot;inPreparation&quot;, aBill.getBillState());&#10;&#9;&#9;aBill.introduceInSenate();&#10;&#9;&#9;assertEquals(&quot;firstReadingS&quot;, aBill.getBillStateInSenate());&#10;&#9;&#9;aBill.votePasses();&#10;&#9;&#9;assertEquals(&quot;secondReadingS&quot;, aBill.getBillStateInSenate());&#10;&#9;&#9;aBill.votePasses();&#10;&#9;&#9;assertEquals(&quot;committeeConsiderationS&quot;, aBill.getBillStateInSenate());&#10;&#9;&#9;aBill.votePasses();&#10;&#9;&#9;assertEquals(&quot;thirdReadingS&quot;, aBill.getBillStateInSenate());&#10;&#9;&#9;aBill.voteFails();&#10;&#9;&#9;assertEquals(&quot;withdrawn&quot;, aBill.getBillState());&#10;&#10;&#9;}&#10;&#9;@Test&#10;&#9;public void testcase19() {&#10;&#9;&#9;//Conformance Test&#10;&#9;&#9;Bill aBill = new Bill();&#10;&#9;&#9;assertEquals(&quot;inPreparation&quot;, aBill.getBillState());&#10;&#9;&#9;aBill.introduceInSenate();&#10;&#9;&#9;assertEquals(&quot;firstReadingS&quot;, aBill.getBillStateInSenate());&#10;&#9;&#9;aBill.votePasses();&#10;&#9;&#9;assertEquals(&quot;secondReadingS&quot;, aBill.getBillStateInSenate());&#10;&#9;&#9;aBill.votePasses();&#10;&#9;&#9;assertEquals(&quot;committeeConsiderationS&quot;, aBill.getBillStateInSenate());&#10;&#9;&#9;aBill.votePasses();&#10;&#9;&#9;assertEquals(&quot;thirdReadingS&quot;, aBill.getBillStateInSenate());&#10;&#9;&#9;aBill.votePasses();&#10;&#9;&#9;//error&#10;&#9;&#9;assertEquals(&quot;firstReading&quot;, aBill.getBillState());&#10;&#10;&#9;}&#10;&#9;@Test&#10;&#9;public void testcase20() {&#10;&#9;&#9;//Conformance Test&#10;&#9;&#9;Bill aBill = new Bill();&#10;&#9;&#9;assertEquals(&quot;inPreparation&quot;, aBill.getBillState());&#10;&#9;&#9;aBill.introduceInSenate();&#10;&#9;&#9;assertEquals(&quot;firstReadingS&quot;, aBill.getBillStateInSenate());&#10;&#9;&#9;aBill.votePasses();&#10;&#9;&#9;assertEquals(&quot;secondReadingS&quot;, aBill.getBillStateInSenate());&#10;&#9;&#9;aBill.votePasses();&#10;&#9;&#9;assertEquals(&quot;committeeConsiderationS&quot;, aBill.getBillStateInSenate());&#10;&#9;&#9;aBill.votePasses();&#10;&#9;&#9;assertEquals(&quot;thirdReadingS&quot;, aBill.getBillStateInSenate());&#10;&#9;&#9;aBill.votePasses();&#10;&#9;&#9;//error&#10;&#9;&#9;assertEquals(&quot;awaitingRoyalAssent&quot;, aBill.getBillState());&#10;&#10;&#9;}&#10;&#9;@Test&#10;&#9;public void testcase21() {&#10;&#9;&#9;//Sneak Test&#10;&#9;&#9;Bill aBill = new Bill();&#10;&#9;&#9;assertEquals(&quot;inPreparation&quot;, aBill.getBillState());&#10;&#9;&#9;aBill.introduceInHouse();&#10;&#9;&#9;assertEquals(&quot;firstReading&quot;, aBill.getBillStateInHouseOfCommons());&#10;&#9;&#9;aBill.introduceInHouse();&#10;&#9;&#9;assertEquals(&quot;firstReading&quot;, aBill.getBillStateInHouseOfCommons());&#10;&#9;&#9;&#10;&#9;&#9;aBill.introduceInSenate();&#10;&#9;&#9;assertEquals(&quot;firstReading&quot;, aBill.getBillStateInHouseOfCommons());&#10;&#9;&#9;&#10;&#9;&#9;aBill.royalAssent();&#10;&#9;&#9;assertEquals(&quot;firstReading&quot;, aBill.getBillStateInHouseOfCommons());&#10;&#10;&#9;&#9;aBill.modify();&#10;&#9;&#9;assertEquals(&quot;firstReading&quot;, aBill.getBillStateInHouseOfCommons());&#10;&#10;&#9;&#9;&#10;&#9;}&#10;&#9;&#10;&#9;@Test&#10;&#9;public void testcase22() {&#10;&#9;&#9;//Sneak Test&#10;&#9;&#9;Bill aBill = new Bill();&#10;&#9;&#9;assertEquals(&quot;inPreparation&quot;, aBill.getBillState());&#10;&#9;&#9;aBill.introduceInHouse();&#10;&#9;&#9;assertEquals(&quot;firstReading&quot;, aBill.getBillStateInHouseOfCommons());&#10;&#9;&#9;aBill.votePasses();&#10;&#9;&#9;assertEquals(&quot;secondReading&quot;, aBill.getBillStateInHouseOfCommons());&#10;&#9;&#9;aBill.introduceInHouse();&#10;&#9;&#9;assertEquals(&quot;secondReading&quot;, aBill.getBillStateInHouseOfCommons());&#10;&#9;&#9;&#10;&#9;&#9;aBill.introduceInSenate();&#10;&#9;&#9;assertEquals(&quot;secondReading&quot;, aBill.getBillStateInHouseOfCommons());&#10;&#9;&#9;&#10;&#9;&#9;aBill.royalAssent();&#10;&#9;&#9;assertEquals(&quot;secondReading&quot;, aBill.getBillStateInHouseOfCommons());&#10;&#10;&#9;&#9;aBill.modify();&#10;&#9;&#9;assertEquals(&quot;secondReading&quot;, aBill.getBillStateInHouseOfCommons());&#10;&#10;&#9;}&#10;&#9;@Test&#10;&#9;public void testcase23() {&#10;&#9;&#9;//Sneak Test&#10;&#9;&#9;Bill aBill = new Bill();&#10;&#9;&#9;assertEquals(&quot;inPreparation&quot;, aBill.getBillState());&#10;&#9;&#9;aBill.introduceInHouse();&#10;&#9;&#9;assertEquals(&quot;firstReading&quot;, aBill.getBillStateInHouseOfCommons());&#10;&#9;&#9;aBill.votePasses();&#10;&#9;&#9;assertEquals(&quot;secondReading&quot;, aBill.getBillStateInHouseOfCommons());&#10;&#9;&#9;aBill.votePasses();&#10;&#9;&#9;assertEquals(&quot;committeeConsideration&quot;, aBill.getBillStateInHouseOfCommons());&#10;&#9;&#9;&#10;&#9;&#9;aBill.introduceInSenate();&#10;&#9;&#9;assertEquals(&quot;committeeConsideration&quot;, aBill.getBillStateInHouseOfCommons());&#10;&#9;&#9;&#10;&#9;&#9;aBill.royalAssent();&#10;&#9;&#9;assertEquals(&quot;committeeConsideration&quot;, aBill.getBillStateInHouseOfCommons());&#10;&#10;&#9;&#9;aBill.modify();&#10;&#9;&#9;assertEquals(&quot;committeeConsideration&quot;, aBill.getBillStateInHouseOfCommons());&#10;&#10;&#9;}&#10;&#9;&#10;&#9;@Test&#10;&#9;public void testcase24() {&#10;&#9;&#9;//Sneak Test&#10;&#9;&#9;Bill aBill = new Bill();&#10;&#9;&#9;assertEquals(&quot;inPreparation&quot;, aBill.getBillState());&#10;&#9;&#9;aBill.introduceInHouse();&#10;&#9;&#9;assertEquals(&quot;firstReading&quot;, aBill.getBillStateInHouseOfCommons());&#10;&#9;&#9;aBill.votePasses();&#10;&#9;&#9;assertEquals(&quot;secondReading&quot;, aBill.getBillStateInHouseOfCommons());&#10;&#9;&#9;aBill.votePasses();&#10;&#9;&#9;assertEquals(&quot;committeeConsideration&quot;, aBill.getBillStateInHouseOfCommons());&#10;&#9;&#9;aBill.votePasses();&#10;&#9;&#9;assertEquals(&quot;thirdReading&quot;, aBill.getBillStateInHouseOfCommons());&#10;&#10;&#9;&#9;aBill.introduceInSenate();&#10;&#9;&#9;assertEquals(&quot;thirdReading&quot;, aBill.getBillStateInHouseOfCommons());&#10;&#9;&#9;&#10;&#9;&#9;aBill.royalAssent();&#10;&#9;&#9;assertEquals(&quot;thirdReading&quot;, aBill.getBillStateInHouseOfCommons());&#10;&#10;&#9;&#9;aBill.modify();&#10;&#9;&#9;assertEquals(&quot;thirdReading&quot;, aBill.getBillStateInHouseOfCommons());&#10;&#10;&#9;}&#10;&#9;&#10;&#9;@Test&#10;&#9;public void testcase25() {&#10;&#9;&#9;//Sneak Test&#10;&#9;&#9;Bill aBill = new Bill();&#10;&#9;&#9;assertEquals(&quot;inPreparation&quot;, aBill.getBillState());&#10;&#9;&#9;aBill.introduceInHouse();&#10;&#9;&#9;assertEquals(&quot;firstReading&quot;, aBill.getBillStateInHouseOfCommons());&#10;&#9;&#9;aBill.votePasses();&#10;&#9;&#9;assertEquals(&quot;secondReading&quot;, aBill.getBillStateInHouseOfCommons());&#10;&#9;&#9;aBill.votePasses();&#10;&#9;&#9;assertEquals(&quot;committeeConsideration&quot;, aBill.getBillStateInHouseOfCommons());&#10;&#9;&#9;aBill.votePasses();&#10;&#9;&#9;assertEquals(&quot;thirdReading&quot;, aBill.getBillStateInHouseOfCommons());&#10;&#9;&#9;aBill.votePasses();&#10;&#9;&#9;assertEquals(&quot;awaitingRoyalAssent&quot;, aBill.getBillStateInHouseOfCommons());&#10;&#10;&#9;&#9;aBill.votePasses();&#10;&#9;&#9;assertEquals(&quot;awaitingRoyalAssent&quot;, aBill.getBillStateInHouseOfCommons());&#10;&#9;&#9;&#10;&#9;&#9;aBill.voteFails();&#10;&#9;&#9;assertEquals(&quot;awaitingRoyalAssent&quot;, aBill.getBillStateInHouseOfCommons());&#10;&#10;&#9;&#9;aBill.withdraw();&#10;&#9;&#9;assertEquals(&quot;awaitingRoyalAssent&quot;, aBill.getBillStateInHouseOfCommons());&#10;&#10;&#9;&#9;aBill.introduceInHouse();&#10;&#9;&#9;assertEquals(&quot;awaitingRoyalAssent&quot;, aBill.getBillStateInHouseOfCommons());&#10;&#10;&#9;&#9;aBill.introduceInSenate();&#10;&#9;&#9;assertEquals(&quot;awaitingRoyalAssent&quot;, aBill.getBillStateInHouseOfCommons());&#10;&#10;&#9;&#9;aBill.modify();&#10;&#9;&#9;assertEquals(&quot;awaitingRoyalAssent&quot;, aBill.getBillStateInHouseOfCommons());&#10;&#10;&#9;}&#10;&#9;&#10;&#9;@Test&#10;&#9;public void testcase26() {&#10;&#9;&#9;//Sneak Test&#10;&#9;&#9;Bill aBill = new Bill();&#10;&#9;&#9;assertEquals(&quot;inPreparation&quot;, aBill.getBillState());&#10;&#9;&#9;aBill.introduceInSenate();&#10;&#9;&#9;assertEquals(&quot;firstReadingS&quot;, aBill.getBillStateInSenate());&#10;&#9;&#9;aBill.introduceInHouse();&#10;&#9;&#9;assertEquals(&quot;firstReadingS&quot;, aBill.getBillStateInSenate());&#10;&#10;&#9;&#9;aBill.introduceInSenate();&#10;&#9;&#9;assertEquals(&quot;firstReadingS&quot;, aBill.getBillStateInSenate());&#10;&#10;&#9;&#9;aBill.royalAssent();&#10;&#9;&#9;assertEquals(&quot;firstReadingS&quot;, aBill.getBillStateInSenate());&#10;&#10;&#9;&#9;aBill.modify();&#10;&#9;&#9;assertEquals(&quot;firstReadingS&quot;, aBill.getBillStateInSenate());&#10;&#10;&#9;&#9;&#10;&#9;}&#10;&#9;@Test&#10;&#9;public void testcase27() {&#10;&#9;&#9;//Sneak Test&#10;&#9;&#9;Bill aBill = new Bill();&#10;&#9;&#9;assertEquals(&quot;inPreparation&quot;, aBill.getBillState());&#10;&#9;&#9;aBill.introduceInSenate();&#10;&#9;&#9;assertEquals(&quot;firstReadingS&quot;, aBill.getBillStateInSenate());&#10;&#9;&#9;aBill.votePasses();&#10;&#9;&#9;assertEquals(&quot;secondReadingS&quot;, aBill.getBillStateInSenate());&#10;&#9;&#9;aBill.introduceInHouse();&#10;&#9;&#9;assertEquals(&quot;secondReadingS&quot;, aBill.getBillStateInSenate());&#10;&#10;&#9;&#9;aBill.introduceInSenate();&#10;&#9;&#9;assertEquals(&quot;secondReadingS&quot;, aBill.getBillStateInSenate());&#10;&#10;&#9;&#9;aBill.royalAssent();&#10;&#9;&#9;assertEquals(&quot;secondReadingS&quot;, aBill.getBillStateInSenate());&#10;&#10;&#9;&#9;aBill.modify();&#10;&#9;&#9;assertEquals(&quot;secondReadingS&quot;, aBill.getBillStateInSenate());&#10;&#10;&#9;}&#10;&#9;&#10;&#9;@Test&#10;&#9;public void testcase28() {&#10;&#9;&#9;//Sneak Test&#10;&#9;&#9;Bill aBill = new Bill();&#10;&#9;&#9;assertEquals(&quot;inPreparation&quot;, aBill.getBillState());&#10;&#9;&#9;aBill.introduceInSenate();&#10;&#9;&#9;assertEquals(&quot;firstReadingS&quot;, aBill.getBillStateInSenate());&#10;&#9;&#9;aBill.votePasses();&#10;&#9;&#9;assertEquals(&quot;secondReadingS&quot;, aBill.getBillStateInSenate());&#10;&#9;&#9;aBill.votePasses();&#10;&#9;&#9;assertEquals(&quot;committeeConsiderationS&quot;, aBill.getBillStateInSenate());&#10;&#9;&#9;aBill.introduceInHouse();&#10;&#9;&#9;assertEquals(&quot;committeeConsiderationS&quot;, aBill.getBillStateInSenate());&#10;&#10;&#9;&#9;aBill.introduceInSenate();&#10;&#9;&#9;assertEquals(&quot;committeeConsiderationS&quot;, aBill.getBillStateInSenate());&#10;&#10;&#9;&#9;aBill.royalAssent();&#10;&#9;&#9;assertEquals(&quot;committeeConsiderationS&quot;, aBill.getBillStateInSenate());&#10;&#10;&#9;&#9;aBill.modify();&#10;&#9;&#9;assertEquals(&quot;committeeConsiderationS&quot;, aBill.getBillStateInSenate());&#10;&#10;&#9;}&#10;&#9;&#10;&#9;@Test&#10;&#9;public void testcase29() {&#10;&#9;&#9;//Sneak Test&#10;&#9;&#9;Bill aBill = new Bill();&#10;&#9;&#9;assertEquals(&quot;inPreparation&quot;, aBill.getBillState());&#10;&#9;&#9;aBill.introduceInSenate();&#10;&#9;&#9;assertEquals(&quot;firstReadingS&quot;, aBill.getBillStateInSenate());&#10;&#9;&#9;aBill.votePasses();&#10;&#9;&#9;assertEquals(&quot;secondReadingS&quot;, aBill.getBillStateInSenate());&#10;&#9;&#9;aBill.votePasses();&#10;&#9;&#9;assertEquals(&quot;committeeConsiderationS&quot;, aBill.getBillStateInSenate());&#10;&#9;&#9;aBill.votePasses();&#10;&#9;&#9;assertEquals(&quot;thirdReadingS&quot;, aBill.getBillStateInSenate());&#10;&#9;&#9;aBill.introduceInHouse();&#10;&#9;&#9;assertEquals(&quot;thirdReadingS&quot;, aBill.getBillStateInSenate());&#10;&#10;&#9;&#9;&#10;&#9;&#9;aBill.introduceInSenate();&#10;&#9;&#9;assertEquals(&quot;thirdReadingS&quot;, aBill.getBillStateInSenate());&#10;&#10;&#9;&#9;aBill.royalAssent();&#10;&#9;&#9;assertEquals(&quot;thirdReadingS&quot;, aBill.getBillStateInSenate());&#10;&#10;&#9;&#9;aBill.modify();&#10;&#9;&#9;assertEquals(&quot;thirdReadingS&quot;, aBill.getBillStateInSenate());&#10;&#10;&#9;}&#10;&#9;&#10;&#9;&#10;}" Filename="BillTest.java" Intrnl_Id="1"/>
<SrcFile Content="package bill;&#10;&#10;/**&#10; * State machine of a bill in Canadian parliament&#10; */&#10;public class Bill&#10;{&#10;&#10;  //------------------------&#10;  // MEMBER VARIABLES&#10;  //------------------------&#10;&#10;  //Bill Attributes&#10;  private boolean isCommonsBill;&#10;&#10;  //Bill State Machines&#10;  enum BillState { inPreparation, inHouseOfCommons, inSenate, awaitingRoyalAssent, actOfParliament, withdrawn }&#10;  enum BillStateInHouseOfCommons { Null, firstReading, secondReading, committeeConsideration, thirdReading, lastReading }&#10;  enum BillStateInSenate { Null, firstReadingS, secondReadingS, committeeConsiderationS, thirdReadingS }&#10;  private BillState billState;&#10;  private BillStateInHouseOfCommons billStateInHouseOfCommons;&#10;  private BillStateInSenate billStateInSenate;&#10;&#10;  //------------------------&#10;  // CONSTRUCTOR&#10;  //------------------------&#10;&#10;  public Bill()&#10;  {&#10;    isCommonsBill = true;&#10;    setBillStateInHouseOfCommons(BillStateInHouseOfCommons.Null);&#10;    setBillStateInSenate(BillStateInSenate.Null);&#10;    setBillState(BillState.inPreparation);&#10;  }&#10;&#10;  //------------------------&#10;  // INTERFACE&#10;  //------------------------&#10;&#10;  public boolean setIsCommonsBill(boolean aIsCommonsBill)&#10;  {&#10;    boolean wasSet = false;&#10;    isCommonsBill = aIsCommonsBill;&#10;    wasSet = true;&#10;    return wasSet;&#10;  }&#10;&#10;  public boolean getIsCommonsBill()&#10;  {&#10;    return isCommonsBill;&#10;  }&#10;&#10;  public boolean isIsCommonsBill()&#10;  {&#10;    return isCommonsBill;&#10;  }&#10;&#10;  public boolean introduceInHouse()&#10;  {&#10;    boolean wasEventProcessed = false;&#10;    &#10;    BillState aBillState = billState;&#10;    switch (aBillState)&#10;    {&#10;      case inPreparation:&#10;        setBillState(BillState.inHouseOfCommons);&#10;        wasEventProcessed = true;&#10;        break;&#10;      default:&#10;        // Other states do respond to this event&#10;    }&#10;&#10;    return wasEventProcessed;&#10;  }&#10;&#10;  public boolean introduceInSenate()&#10;  {&#10;    boolean wasEventProcessed = false;&#10;    &#10;    BillState aBillState = billState;&#10;    switch (aBillState)&#10;    {&#10;      case inPreparation:&#10;        isCommonsBill = false;&#10;        setBillState(BillState.inSenate);&#10;        wasEventProcessed = true;&#10;        break;&#10;      default:&#10;        // Other states do respond to this event&#10;    }&#10;&#10;    return wasEventProcessed;&#10;  }&#10;&#10;  public boolean withdraw()&#10;  {&#10;    boolean wasEventProcessed = false;&#10;    &#10;    BillState aBillState = billState;&#10;    switch (aBillState)&#10;    {&#10;      case inHouseOfCommons:&#10;        exitBillState();&#10;        setBillState(BillState.withdrawn);&#10;        wasEventProcessed = true;&#10;        break;&#10;      case inSenate:&#10;        exitBillState();&#10;        setBillState(BillState.withdrawn);&#10;        wasEventProcessed = true;&#10;        break;&#10;      default:&#10;        // Other states do respond to this event&#10;    }&#10;&#10;    return wasEventProcessed;&#10;  }&#10;&#10;  public boolean voteFails()&#10;  {&#10;    boolean wasEventProcessed = false;&#10;    &#10;    BillState aBillState = billState;&#10;    switch (aBillState)&#10;    {&#10;      case inHouseOfCommons:&#10;//        setBillStateInHouseOfCommons(BillStateInHouseOfCommons.secondReading);&#10;        setBillState(BillState.withdrawn);&#10;        wasEventProcessed = true;&#10;        break;&#10;      case inSenate:&#10;        exitBillState();&#10;        setBillState(BillState.withdrawn);&#10;        wasEventProcessed = true;&#10;        break;&#10;      default:&#10;        // Other states do respond to this event&#10;    }&#10;&#10;    return wasEventProcessed;&#10;  }&#10;&#10;  public boolean royalAssent()&#10;  {&#10;    boolean wasEventProcessed = false;&#10;    &#10;    BillState aBillState = billState;&#10;    switch (aBillState)&#10;    {&#10;      case awaitingRoyalAssent:&#10;        setBillState(BillState.actOfParliament);&#10;        wasEventProcessed = true;&#10;        break;&#10;      default:&#10;        // Other states do respond to this event&#10;    }&#10;&#10;    return wasEventProcessed;&#10;  }&#10;&#10;  public boolean voteDenied()&#10;  {&#10;    boolean wasEventProcessed = false;&#10;    &#10;    BillState aBillState = billState;&#10;    switch (aBillState)&#10;    {&#10;      case inHouseOfCommons:    &#9;  &#10;        setBillStateInHouseOfCommons(BillStateInHouseOfCommons.lastReading);&#10;        wasEventProcessed = true;&#10;        break;&#10;      case inSenate:&#10;        setBillStateInSenate(BillStateInSenate.firstReadingS);&#10;        wasEventProcessed = true;&#10;        break;&#10;      default:&#10;        // Other states do respond to this event&#10;    }&#10;&#10;    return wasEventProcessed;&#10;  }&#10;  &#10;  public boolean modify()&#10;  {&#10;    boolean wasEventProcessed = false;&#10;    &#10;    BillState aBillState = billState;&#10;    switch (aBillState)&#10;    {&#10;      case withdrawn:&#10;        setBillState(BillState.inPreparation);&#10;        wasEventProcessed = true;&#10;        break;&#10;      default:&#10;        // Other states do respond to this event&#10;    }&#10;&#10;    return wasEventProcessed;&#10;  }&#10;&#10;  private boolean exitInHouseOfCommons()&#10;  {&#10;    boolean wasEventProcessed = false;&#10;    &#10;    BillStateInHouseOfCommons aBillStateInHouseOfCommons = billStateInHouseOfCommons;&#10;    switch (aBillStateInHouseOfCommons)&#10;    {&#10;      case firstReading:&#10;        setBillStateInHouseOfCommons(BillStateInHouseOfCommons.Null);&#10;        wasEventProcessed = true;&#10;        break;&#10;      case secondReading:&#10;        setBillStateInHouseOfCommons(BillStateInHouseOfCommons.Null);&#10;        wasEventProcessed = true;&#10;        break;&#10;      case committeeConsideration:&#10;        setBillStateInHouseOfCommons(BillStateInHouseOfCommons.Null);&#10;        wasEventProcessed = true;&#10;        break;&#10;      case thirdReading:&#10;        setBillStateInHouseOfCommons(BillStateInHouseOfCommons.Null);&#10;        wasEventProcessed = true;&#10;        break;&#10;      default:&#10;        // Other states do respond to this event&#10;    }&#10;&#10;    return wasEventProcessed;&#10;  }&#10;&#10;  public boolean votePasses()&#10;  {&#10;    boolean wasEventProcessed = false;&#10;    &#10;    BillStateInHouseOfCommons aBillStateInHouseOfCommons = billStateInHouseOfCommons;&#10;    BillStateInSenate aBillStateInSenate = billStateInSenate;&#10;    switch (aBillStateInHouseOfCommons)&#10;    {&#10;      case firstReading:&#10;        setBillStateInHouseOfCommons(BillStateInHouseOfCommons.secondReading);&#10;        wasEventProcessed = true;&#10;        break;&#10;      case secondReading:&#10;        setBillStateInHouseOfCommons(BillStateInHouseOfCommons.committeeConsideration);&#10;        wasEventProcessed = true;&#10;        break;&#10;      case committeeConsideration:&#10;        setBillStateInHouseOfCommons(BillStateInHouseOfCommons.thirdReading);&#10;        wasEventProcessed = true;&#10;        break;&#10;      case thirdReading:&#10;        if (getIsCommonsBill())&#10;        {&#10;          exitBillState();&#10;          setBillState(BillState.inSenate);&#10;          wasEventProcessed = true;&#10;          break;&#10;        }&#10;        if (!getIsCommonsBill())&#10;        {&#10;          exitBillState();&#10;          setBillState(BillState.awaitingRoyalAssent);&#10;          wasEventProcessed = true;&#10;          break;&#10;        }&#10;        break;&#10;      default:&#10;        // Other states do respond to this event&#10;    }&#10;&#10;    switch (aBillStateInSenate)&#10;    {&#10;      case firstReadingS:&#10;        setBillStateInSenate(BillStateInSenate.secondReadingS);&#10;        wasEventProcessed = true;&#10;        break;&#10;      case secondReadingS:&#10;        setBillStateInSenate(BillStateInSenate.committeeConsiderationS);&#10;        wasEventProcessed = true;&#10;        break;&#10;      case committeeConsiderationS:&#10;        setBillStateInSenate(BillStateInSenate.thirdReadingS);&#10;        isCommonsBill = true;&#10;        wasEventProcessed = true;&#10;        break;&#10;      case thirdReadingS:&#10;        if (getIsCommonsBill())&#10;        {&#10;          exitBillState();&#10;          setBillState(BillState.awaitingRoyalAssent);&#10;          wasEventProcessed = true;&#10;          break;&#10;        }&#10;        if (!getIsCommonsBill())&#10;        {&#10;          exitBillState();&#10;          setBillState(BillState.inHouseOfCommons);&#10;          wasEventProcessed = true;&#10;          break;&#10;        }&#10;        break;&#10;      default:&#10;        // Other states do respond to this event&#10;    }&#10;&#10;    return wasEventProcessed;&#10;  }&#10;&#10;  private boolean exitInSenate()&#10;  {&#10;    boolean wasEventProcessed = false;&#10;    &#10;    BillStateInSenate aBillStateInSenate = billStateInSenate;&#10;    switch (aBillStateInSenate)&#10;    {&#10;      case firstReadingS:&#10;        setBillStateInSenate(BillStateInSenate.Null);&#10;        wasEventProcessed = true;&#10;        break;&#10;      case secondReadingS:&#10;        setBillStateInSenate(BillStateInSenate.Null);&#10;        wasEventProcessed = true;&#10;        break;&#10;      case committeeConsiderationS:&#10;        setBillStateInSenate(BillStateInSenate.Null);&#10;        wasEventProcessed = true;&#10;        break;&#10;      case thirdReadingS:&#10;        setBillStateInSenate(BillStateInSenate.Null);&#10;        wasEventProcessed = true;&#10;        break;&#10;      default:&#10;        // Other states do respond to this event&#10;    }&#10;&#10;    return wasEventProcessed;&#10;  }&#10;&#10;  private void exitBillState()&#10;  {&#10;    switch(billState)&#10;    {&#10;      case inHouseOfCommons:&#10;        exitInHouseOfCommons();&#10;        break;&#10;      case inSenate:&#10;        exitInSenate();&#10;        break;&#10;    }&#10;  }&#10;&#10;  private void setBillState(BillState aBillState)&#10;  {&#10;    billState = aBillState;&#10;&#10;    // entry actions and do activities&#10;    switch(billState)&#10;    {&#10;      case inHouseOfCommons:&#10;        if (billStateInHouseOfCommons == BillStateInHouseOfCommons.Null) { setBillStateInHouseOfCommons(BillStateInHouseOfCommons.firstReading); }&#10;        break;&#10;      case inSenate:&#10;        if (billStateInSenate == BillStateInSenate.Null) { setBillStateInSenate(BillStateInSenate.firstReadingS); }&#10;        break;&#10;    }&#10;  }&#10;&#10;  private void setBillStateInHouseOfCommons(BillStateInHouseOfCommons aBillStateInHouseOfCommons)&#10;  {&#10;    billStateInHouseOfCommons = aBillStateInHouseOfCommons;&#10;    if (billState != BillState.inHouseOfCommons &amp;&amp; aBillStateInHouseOfCommons != BillStateInHouseOfCommons.Null) { setBillState(BillState.inHouseOfCommons); }&#10;  }&#10;&#10;  private void setBillStateInSenate(BillStateInSenate aBillStateInSenate)&#10;  {&#10;    billStateInSenate = aBillStateInSenate;&#10;    if (billState != BillState.inSenate &amp;&amp; aBillStateInSenate != BillStateInSenate.Null) { setBillState(BillState.inSenate); }&#10;  }&#10;&#10;  public void delete()&#10;  {}&#10;&#10;&#10;  public String toString()&#10;  {&#10;&#9;  String outputString = &quot;&quot;;&#10;    return super.toString() + &quot;[&quot;+&#10;            &quot;isCommonsBill&quot; + &quot;:&quot; + getIsCommonsBill()+ &quot;]&quot;&#10;     + outputString;&#10;  }&#10;  &#10;// Additional test support methods  &#10;//  enum BillState { inPreparation, inHouseOfCommons, inSenate, awaitingRoyalAssent, actOfParliament, withdrawn }&#10;//  enum BillStateInHouseOfCommons { Null, firstReading, secondReading, committeeConsideration, thirdReading, lastReading }&#10;//  enum BillStateInSenate { Null, firstReadingS, secondReadingS, committeeConsiderationS, thirdReadingS }&#10;//  private BillState billState;&#10;//  private BillStateInHouseOfCommons billStateInHouseOfCommons;&#10;//  private BillStateInSenate billStateInSenate;&#10;  &#10;  // Returns the BillState state as a string&#10;  public String getBillState()&#10;  {&#10;    return billState.toString();&#10;  }&#10;  &#10;  // Returns the BillStateInHouseOfCommons state as a string&#10;  public String getBillStateInHouseOfCommons()&#10;  {&#10;&#9;  return billStateInHouseOfCommons.toString();&#10;  }&#10;  &#10;  // Returns the BillStateInSenate state as a string&#10;  public String getBillStateInSenate()&#10;  {&#10;&#9;  return billStateInSenate.toString();&#10;  }&#10;&#10;  // main method&#10;//  public static void main(String[] args) {&#10;//&#9;Bill abill = new Bill();&#10;//&#9;System.out.println(abill.getBillState());&#10;//  }&#10;}" Filename="Bill.java" Intrnl_Id="2"/>
</SrcFileList>
<CritList>
<CritListEntry Name="org.codecover.model.utils.criteria.LoopCoverage" PluginName="org.codecover"/>
<CritListEntry Name="org.codecover.model.utils.criteria.BranchCoverage" PluginName="org.codecover"/>
<CritListEntry Name="org.codecover.model.utils.criteria.ConditionCoverage" PluginName="org.codecover"/>
<CritListEntry Name="org.codecover.model.utils.criteria.SynchronizedStatementCoverage" PluginName="org.codecover"/>
<CritListEntry Name="org.codecover.model.utils.criteria.QMOCoverage" PluginName="org.codecover"/>
<CritListEntry Name="org.codecover.model.utils.criteria.StatementCoverage" PluginName="org.codecover"/>
</CritList>
<BoolOpList>
<BoolOp Arity="1" Intrnl_Id="3" Name="not (!)">
<BoolAssgnmntBoolMapList>
<MapEntry BoolAssgnmnt="0" Value="true"/>
<MapEntry BoolAssgnmnt="1" Value="false"/>
</BoolAssgnmntBoolMapList>
</BoolOp>
<BoolOp Arity="2" Intrnl_Id="4" Name="conditional and (&amp;&amp;)">
<BoolAssgnmntBoolMapList>
<MapEntry BoolAssgnmnt="10" Value="false"/>
<MapEntry BoolAssgnmnt="02" Value="false"/>
<MapEntry BoolAssgnmnt="11" Value="true"/>
</BoolAssgnmntBoolMapList>
</BoolOp>
</BoolOpList>
<HierarchyLvlTypeList>
<HierarchyLvlType EnglishName="enumeration" IntrnlName="enum" Intrnl_Id="5"/>
<HierarchyLvlType EnglishName="package" IntrnlName="package" Intrnl_Id="6"/>
<HierarchyLvlType EnglishName="class" IntrnlName="class" Intrnl_Id="7"/>
<HierarchyLvlType EnglishName="method" IntrnlName="method" Intrnl_Id="8"/>
<HierarchyLvlType EnglishName="default package" IntrnlName="default package" Intrnl_Id="9"/>
</HierarchyLvlTypeList>
<MASTRoot>
<HierarchyLvl HierarchyLvlId="192" HierarchyLvlTypeId="9" Intrnl_Id="10" Name="default package">
<Header/>
<LocList/>
<HierarchyLvl HierarchyLvlId="190" HierarchyLvlTypeId="6" Intrnl_Id="11" Name="test">
<Header/>
<LocList/>
<HierarchyLvl HierarchyLvlId="162" HierarchyLvlTypeId="7" Intrnl_Id="12" Name="BillTest">
<Header>
<Loc EndOffset="222" SrcFileId="1" StartOffset="201"/>
</Header>
<LocList>
<Loc EndOffset="18455" SrcFileId="1" StartOffset="201"/>
</LocList>
<HierarchyLvl HierarchyLvlId="129" HierarchyLvlTypeId="8" Intrnl_Id="13" Name="setUpBeforeClass">
<Header>
<Loc EndOffset="295" SrcFileId="1" StartOffset="227"/>
</Header>
<LocList>
<Loc EndOffset="300" SrcFileId="1" StartOffset="227"/>
</LocList>
</HierarchyLvl>
<HierarchyLvl HierarchyLvlId="130" HierarchyLvlTypeId="8" Intrnl_Id="14" Name="tearDownAfterClass">
<Header>
<Loc EndOffset="372" SrcFileId="1" StartOffset="303"/>
</Header>
<LocList>
<Loc EndOffset="377" SrcFileId="1" StartOffset="303"/>
</LocList>
</HierarchyLvl>
<HierarchyLvl HierarchyLvlId="131" HierarchyLvlTypeId="8" Intrnl_Id="15" Name="setUp">
<Header>
<Loc EndOffset="425" SrcFileId="1" StartOffset="380"/>
</Header>
<LocList>
<Loc EndOffset="430" SrcFileId="1" StartOffset="380"/>
</LocList>
</HierarchyLvl>
<HierarchyLvl HierarchyLvlId="132" HierarchyLvlTypeId="8" Intrnl_Id="16" Name="tearDown">
<Header>
<Loc EndOffset="480" SrcFileId="1" StartOffset="433"/>
</Header>
<LocList>
<Loc EndOffset="485" SrcFileId="1" StartOffset="433"/>
</LocList>
</HierarchyLvl>
<HierarchyLvl HierarchyLvlId="133" HierarchyLvlTypeId="8" Intrnl_Id="17" Name="testcase1">
<Header>
<Loc EndOffset="519" SrcFileId="1" StartOffset="489"/>
</Header>
<LocList>
<Loc EndOffset="1363" SrcFileId="1" StartOffset="489"/>
</LocList>
<StmntSeq Intrnl_Id="18">
<LocList>
<Loc EndOffset="569" SrcFileId="1" StartOffset="545"/>
<Loc EndOffset="624" SrcFileId="1" StartOffset="572"/>
<Loc EndOffset="652" SrcFileId="1" StartOffset="627"/>
<Loc EndOffset="722" SrcFileId="1" StartOffset="655"/>
<Loc EndOffset="742" SrcFileId="1" StartOffset="725"/>
<Loc EndOffset="793" SrcFileId="1" StartOffset="745"/>
<Loc EndOffset="811" SrcFileId="1" StartOffset="796"/>
<Loc EndOffset="866" SrcFileId="1" StartOffset="814"/>
<Loc EndOffset="923" SrcFileId="1" StartOffset="904"/>
<Loc EndOffset="978" SrcFileId="1" StartOffset="926"/>
<Loc EndOffset="1015" SrcFileId="1" StartOffset="997"/>
<Loc EndOffset="1086" SrcFileId="1" StartOffset="1034"/>
<Loc EndOffset="1122" SrcFileId="1" StartOffset="1105"/>
<Loc EndOffset="1177" SrcFileId="1" StartOffset="1125"/>
<Loc EndOffset="1216" SrcFileId="1" StartOffset="1196"/>
<Loc EndOffset="1271" SrcFileId="1" StartOffset="1219"/>
<Loc EndOffset="1305" SrcFileId="1" StartOffset="1290"/>
<Loc EndOffset="1360" SrcFileId="1" StartOffset="1308"/>
</LocList>
<BasicStmnt CovItemId="S1" CovItemPrefix="test.BillTest.java" Intrnl_Id="19">
<LocList>
<Loc EndOffset="569" SrcFileId="1" StartOffset="545"/>
</LocList>
</BasicStmnt>
<BasicStmnt CovItemId="S2" CovItemPrefix="test.BillTest.java" Intrnl_Id="20">
<LocList>
<Loc EndOffset="624" SrcFileId="1" StartOffset="572"/>
</LocList>
</BasicStmnt>
<BasicStmnt CovItemId="S3" CovItemPrefix="test.BillTest.java" Intrnl_Id="21">
<LocList>
<Loc EndOffset="652" SrcFileId="1" StartOffset="627"/>
</LocList>
</BasicStmnt>
<BasicStmnt CovItemId="S4" CovItemPrefix="test.BillTest.java" Intrnl_Id="22">
<LocList>
<Loc EndOffset="722" SrcFileId="1" StartOffset="655"/>
</LocList>
</BasicStmnt>
<BasicStmnt CovItemId="S5" CovItemPrefix="test.BillTest.java" Intrnl_Id="23">
<LocList>
<Loc EndOffset="742" SrcFileId="1" StartOffset="725"/>
</LocList>
</BasicStmnt>
<BasicStmnt CovItemId="S6" CovItemPrefix="test.BillTest.java" Intrnl_Id="24">
<LocList>
<Loc EndOffset="793" SrcFileId="1" StartOffset="745"/>
</LocList>
</BasicStmnt>
<BasicStmnt CovItemId="S7" CovItemPrefix="test.BillTest.java" Intrnl_Id="25">
<LocList>
<Loc EndOffset="811" SrcFileId="1" StartOffset="796"/>
</LocList>
</BasicStmnt>
<BasicStmnt CovItemId="S8" CovItemPrefix="test.BillTest.java" Intrnl_Id="26">
<LocList>
<Loc EndOffset="866" SrcFileId="1" StartOffset="814"/>
</LocList>
</BasicStmnt>
<BasicStmnt CovItemId="S9" CovItemPrefix="test.BillTest.java" Intrnl_Id="27">
<LocList>
<Loc EndOffset="923" SrcFileId="1" StartOffset="904"/>
</LocList>
</BasicStmnt>
<BasicStmnt CovItemId="S10" CovItemPrefix="test.BillTest.java" Intrnl_Id="28">
<LocList>
<Loc EndOffset="978" SrcFileId="1" StartOffset="926"/>
</LocList>
</BasicStmnt>
<BasicStmnt CovItemId="S11" CovItemPrefix="test.BillTest.java" Intrnl_Id="29">
<LocList>
<Loc EndOffset="1015" SrcFileId="1" StartOffset="997"/>
</LocList>
</BasicStmnt>
<BasicStmnt CovItemId="S12" CovItemPrefix="test.BillTest.java" Intrnl_Id="30">
<LocList>
<Loc EndOffset="1086" SrcFileId="1" StartOffset="1034"/>
</LocList>
</BasicStmnt>
<BasicStmnt CovItemId="S13" CovItemPrefix="test.BillTest.java" Intrnl_Id="31">
<LocList>
<Loc EndOffset="1122" SrcFileId="1" StartOffset="1105"/>
</LocList>
</BasicStmnt>
<BasicStmnt CovItemId="S14" CovItemPrefix="test.BillTest.java" Intrnl_Id="32">
<LocList>
<Loc EndOffset="1177" SrcFileId="1" StartOffset="1125"/>
</LocList>
</BasicStmnt>
<BasicStmnt CovItemId="S15" CovItemPrefix="test.BillTest.java" Intrnl_Id="33">
<LocList>
<Loc EndOffset="1216" SrcFileId="1" StartOffset="1196"/>
</LocList>
</BasicStmnt>
<BasicStmnt CovItemId="S16" CovItemPrefix="test.BillTest.java" Intrnl_Id="34">
<LocList>
<Loc EndOffset="1271" SrcFileId="1" StartOffset="1219"/>
</LocList>
</BasicStmnt>
<BasicStmnt CovItemId="S17" CovItemPrefix="test.BillTest.java" Intrnl_Id="35">
<LocList>
<Loc EndOffset="1305" SrcFileId="1" StartOffset="1290"/>
</LocList>
</BasicStmnt>
<BasicStmnt CovItemId="S18" CovItemPrefix="test.BillTest.java" Intrnl_Id="36">
<LocList>
<Loc EndOffset="1360" SrcFileId="1" StartOffset="1308"/>
</LocList>
</BasicStmnt>
</StmntSeq>
</HierarchyLvl>
<HierarchyLvl HierarchyLvlId="134" HierarchyLvlTypeId="8" Intrnl_Id="37" Name="testcase2">
<Header>
<Loc EndOffset="1397" SrcFileId="1" StartOffset="1367"/>
</Header>
<LocList>
<Loc EndOffset="2355" SrcFileId="1" StartOffset="1367"/>
</LocList>
<StmntSeq Intrnl_Id="38">
<LocList>
<Loc EndOffset="1447" SrcFileId="1" StartOffset="1423"/>
<Loc EndOffset="1502" SrcFileId="1" StartOffset="1450"/>
<Loc EndOffset="1530" SrcFileId="1" StartOffset="1505"/>
<Loc EndOffset="1600" SrcFileId="1" StartOffset="1533"/>
<Loc EndOffset="1644" SrcFileId="1" StartOffset="1603"/>
<Loc EndOffset="1665" SrcFileId="1" StartOffset="1647"/>
<Loc EndOffset="1790" SrcFileId="1" StartOffset="1742"/>
<Loc EndOffset="1845" SrcFileId="1" StartOffset="1826"/>
<Loc EndOffset="1896" SrcFileId="1" StartOffset="1848"/>
<Loc EndOffset="1933" SrcFileId="1" StartOffset="1915"/>
<Loc EndOffset="1984" SrcFileId="1" StartOffset="1936"/>
<Loc EndOffset="2020" SrcFileId="1" StartOffset="2003"/>
<Loc EndOffset="2071" SrcFileId="1" StartOffset="2023"/>
<Loc EndOffset="2115" SrcFileId="1" StartOffset="2090"/>
<Loc EndOffset="2166" SrcFileId="1" StartOffset="2118"/>
<Loc EndOffset="2211" SrcFileId="1" StartOffset="2185"/>
<Loc EndOffset="2262" SrcFileId="1" StartOffset="2214"/>
<Loc EndOffset="2301" SrcFileId="1" StartOffset="2281"/>
<Loc EndOffset="2352" SrcFileId="1" StartOffset="2304"/>
</LocList>
<BasicStmnt CovItemId="S19" CovItemPrefix="test.BillTest.java" Intrnl_Id="39">
<LocList>
<Loc EndOffset="1447" SrcFileId="1" StartOffset="1423"/>
</LocList>
</BasicStmnt>
<BasicStmnt CovItemId="S20" CovItemPrefix="test.BillTest.java" Intrnl_Id="40">
<LocList>
<Loc EndOffset="1502" SrcFileId="1" StartOffset="1450"/>
</LocList>
</BasicStmnt>
<BasicStmnt CovItemId="S21" CovItemPrefix="test.BillTest.java" Intrnl_Id="41">
<LocList>
<Loc EndOffset="1530" SrcFileId="1" StartOffset="1505"/>
</LocList>
</BasicStmnt>
<BasicStmnt CovItemId="S22" CovItemPrefix="test.BillTest.java" Intrnl_Id="42">
<LocList>
<Loc EndOffset="1600" SrcFileId="1" StartOffset="1533"/>
</LocList>
</BasicStmnt>
<BasicStmnt CovItemId="S23" CovItemPrefix="test.BillTest.java" Intrnl_Id="43">
<LocList>
<Loc EndOffset="1644" SrcFileId="1" StartOffset="1603"/>
</LocList>
</BasicStmnt>
<BasicStmnt CovItemId="S24" CovItemPrefix="test.BillTest.java" Intrnl_Id="44">
<LocList>
<Loc EndOffset="1665" SrcFileId="1" StartOffset="1647"/>
</LocList>
</BasicStmnt>
<BasicStmnt CovItemId="S25" CovItemPrefix="test.BillTest.java" Intrnl_Id="45">
<LocList>
<Loc EndOffset="1790" SrcFileId="1" StartOffset="1742"/>
</LocList>
</BasicStmnt>
<BasicStmnt CovItemId="S26" CovItemPrefix="test.BillTest.java" Intrnl_Id="46">
<LocList>
<Loc EndOffset="1845" SrcFileId="1" StartOffset="1826"/>
</LocList>
</BasicStmnt>
<BasicStmnt CovItemId="S27" CovItemPrefix="test.BillTest.java" Intrnl_Id="47">
<LocList>
<Loc EndOffset="1896" SrcFileId="1" StartOffset="1848"/>
</LocList>
</BasicStmnt>
<BasicStmnt CovItemId="S28" CovItemPrefix="test.BillTest.java" Intrnl_Id="48">
<LocList>
<Loc EndOffset="1933" SrcFileId="1" StartOffset="1915"/>
</LocList>
</BasicStmnt>
<BasicStmnt CovItemId="S29" CovItemPrefix="test.BillTest.java" Intrnl_Id="49">
<LocList>
<Loc EndOffset="1984" SrcFileId="1" StartOffset="1936"/>
</LocList>
</BasicStmnt>
<BasicStmnt CovItemId="S30" CovItemPrefix="test.BillTest.java" Intrnl_Id="50">
<LocList>
<Loc EndOffset="2020" SrcFileId="1" StartOffset="2003"/>
</LocList>
</BasicStmnt>
<BasicStmnt CovItemId="S31" CovItemPrefix="test.BillTest.java" Intrnl_Id="51">
<LocList>
<Loc EndOffset="2071" SrcFileId="1" StartOffset="2023"/>
</LocList>
</BasicStmnt>
<BasicStmnt CovItemId="S32" CovItemPrefix="test.BillTest.java" Intrnl_Id="52">
<LocList>
<Loc EndOffset="2115" SrcFileId="1" StartOffset="2090"/>
</LocList>
</BasicStmnt>
<BasicStmnt CovItemId="S33" CovItemPrefix="test.BillTest.java" Intrnl_Id="53">
<LocList>
<Loc EndOffset="2166" SrcFileId="1" StartOffset="2118"/>
</LocList>
</BasicStmnt>
<BasicStmnt CovItemId="S34" CovItemPrefix="test.BillTest.java" Intrnl_Id="54">
<LocList>
<Loc EndOffset="2211" SrcFileId="1" StartOffset="2185"/>
</LocList>
</BasicStmnt>
<BasicStmnt CovItemId="S35" CovItemPrefix="test.BillTest.java" Intrnl_Id="55">
<LocList>
<Loc EndOffset="2262" SrcFileId="1" StartOffset="2214"/>
</LocList>
</BasicStmnt>
<BasicStmnt CovItemId="S36" CovItemPrefix="test.BillTest.java" Intrnl_Id="56">
<LocList>
<Loc EndOffset="2301" SrcFileId="1" StartOffset="2281"/>
</LocList>
</BasicStmnt>
<BasicStmnt CovItemId="S37" CovItemPrefix="test.BillTest.java" Intrnl_Id="57">
<LocList>
<Loc EndOffset="2352" SrcFileId="1" StartOffset="2304"/>
</LocList>
</BasicStmnt>
</StmntSeq>
</HierarchyLvl>
<HierarchyLvl HierarchyLvlId="135" HierarchyLvlTypeId="8" Intrnl_Id="58" Name="testcase3">
<Header>
<Loc EndOffset="2389" SrcFileId="1" StartOffset="2359"/>
</Header>
<LocList>
<Loc EndOffset="2759" SrcFileId="1" StartOffset="2359"/>
</LocList>
<StmntSeq Intrnl_Id="59">
<LocList>
<Loc EndOffset="2439" SrcFileId="1" StartOffset="2415"/>
<Loc EndOffset="2494" SrcFileId="1" StartOffset="2442"/>
<Loc EndOffset="2522" SrcFileId="1" StartOffset="2497"/>
<Loc EndOffset="2592" SrcFileId="1" StartOffset="2525"/>
<Loc EndOffset="2614" SrcFileId="1" StartOffset="2595"/>
<Loc EndOffset="2685" SrcFileId="1" StartOffset="2617"/>
<Loc EndOffset="2705" SrcFileId="1" StartOffset="2688"/>
<Loc EndOffset="2756" SrcFileId="1" StartOffset="2708"/>
</LocList>
<BasicStmnt CovItemId="S38" CovItemPrefix="test.BillTest.java" Intrnl_Id="60">
<LocList>
<Loc EndOffset="2439" SrcFileId="1" StartOffset="2415"/>
</LocList>
</BasicStmnt>
<BasicStmnt CovItemId="S39" CovItemPrefix="test.BillTest.java" Intrnl_Id="61">
<LocList>
<Loc EndOffset="2494" SrcFileId="1" StartOffset="2442"/>
</LocList>
</BasicStmnt>
<BasicStmnt CovItemId="S40" CovItemPrefix="test.BillTest.java" Intrnl_Id="62">
<LocList>
<Loc EndOffset="2522" SrcFileId="1" StartOffset="2497"/>
</LocList>
</BasicStmnt>
<BasicStmnt CovItemId="S41" CovItemPrefix="test.BillTest.java" Intrnl_Id="63">
<LocList>
<Loc EndOffset="2592" SrcFileId="1" StartOffset="2525"/>
</LocList>
</BasicStmnt>
<BasicStmnt CovItemId="S42" CovItemPrefix="test.BillTest.java" Intrnl_Id="64">
<LocList>
<Loc EndOffset="2614" SrcFileId="1" StartOffset="2595"/>
</LocList>
</BasicStmnt>
<BasicStmnt CovItemId="S43" CovItemPrefix="test.BillTest.java" Intrnl_Id="65">
<LocList>
<Loc EndOffset="2685" SrcFileId="1" StartOffset="2617"/>
</LocList>
</BasicStmnt>
<BasicStmnt CovItemId="S44" CovItemPrefix="test.BillTest.java" Intrnl_Id="66">
<LocList>
<Loc EndOffset="2705" SrcFileId="1" StartOffset="2688"/>
</LocList>
</BasicStmnt>
<BasicStmnt CovItemId="S45" CovItemPrefix="test.BillTest.java" Intrnl_Id="67">
<LocList>
<Loc EndOffset="2756" SrcFileId="1" StartOffset="2708"/>
</LocList>
</BasicStmnt>
</StmntSeq>
</HierarchyLvl>
<HierarchyLvl HierarchyLvlId="136" HierarchyLvlTypeId="8" Intrnl_Id="68" Name="testcase4">
<Header>
<Loc EndOffset="2793" SrcFileId="1" StartOffset="2763"/>
</Header>
<LocList>
<Loc EndOffset="3174" SrcFileId="1" StartOffset="2763"/>
</LocList>
<StmntSeq Intrnl_Id="69">
<LocList>
<Loc EndOffset="2843" SrcFileId="1" StartOffset="2819"/>
<Loc EndOffset="2898" SrcFileId="1" StartOffset="2846"/>
<Loc EndOffset="2926" SrcFileId="1" StartOffset="2901"/>
<Loc EndOffset="2996" SrcFileId="1" StartOffset="2929"/>
<Loc EndOffset="3018" SrcFileId="1" StartOffset="2999"/>
<Loc EndOffset="3089" SrcFileId="1" StartOffset="3021"/>
<Loc EndOffset="3110" SrcFileId="1" StartOffset="3092"/>
<Loc EndOffset="3171" SrcFileId="1" StartOffset="3123"/>
</LocList>
<BasicStmnt CovItemId="S46" CovItemPrefix="test.BillTest.java" Intrnl_Id="70">
<LocList>
<Loc EndOffset="2843" SrcFileId="1" StartOffset="2819"/>
</LocList>
</BasicStmnt>
<BasicStmnt CovItemId="S47" CovItemPrefix="test.BillTest.java" Intrnl_Id="71">
<LocList>
<Loc EndOffset="2898" SrcFileId="1" StartOffset="2846"/>
</LocList>
</BasicStmnt>
<BasicStmnt CovItemId="S48" CovItemPrefix="test.BillTest.java" Intrnl_Id="72">
<LocList>
<Loc EndOffset="2926" SrcFileId="1" StartOffset="2901"/>
</LocList>
</BasicStmnt>
<BasicStmnt CovItemId="S49" CovItemPrefix="test.BillTest.java" Intrnl_Id="73">
<LocList>
<Loc EndOffset="2996" SrcFileId="1" StartOffset="2929"/>
</LocList>
</BasicStmnt>
<BasicStmnt CovItemId="S50" CovItemPrefix="test.BillTest.java" Intrnl_Id="74">
<LocList>
<Loc EndOffset="3018" SrcFileId="1" StartOffset="2999"/>
</LocList>
</BasicStmnt>
<BasicStmnt CovItemId="S51" CovItemPrefix="test.BillTest.java" Intrnl_Id="75">
<LocList>
<Loc EndOffset="3089" SrcFileId="1" StartOffset="3021"/>
</LocList>
</BasicStmnt>
<BasicStmnt CovItemId="S52" CovItemPrefix="test.BillTest.java" Intrnl_Id="76">
<LocList>
<Loc EndOffset="3110" SrcFileId="1" StartOffset="3092"/>
</LocList>
</BasicStmnt>
<BasicStmnt CovItemId="S53" CovItemPrefix="test.BillTest.java" Intrnl_Id="77">
<LocList>
<Loc EndOffset="3171" SrcFileId="1" StartOffset="3123"/>
</LocList>
</BasicStmnt>
</StmntSeq>
</HierarchyLvl>
<HierarchyLvl HierarchyLvlId="137" HierarchyLvlTypeId="8" Intrnl_Id="78" Name="testcase5">
<Header>
<Loc EndOffset="3208" SrcFileId="1" StartOffset="3178"/>
</Header>
<LocList>
<Loc EndOffset="3680" SrcFileId="1" StartOffset="3178"/>
</LocList>
<StmntSeq Intrnl_Id="79">
<LocList>
<Loc EndOffset="3258" SrcFileId="1" StartOffset="3234"/>
<Loc EndOffset="3313" SrcFileId="1" StartOffset="3261"/>
<Loc EndOffset="3341" SrcFileId="1" StartOffset="3316"/>
<Loc EndOffset="3411" SrcFileId="1" StartOffset="3344"/>
<Loc EndOffset="3433" SrcFileId="1" StartOffset="3414"/>
<Loc EndOffset="3504" SrcFileId="1" StartOffset="3436"/>
<Loc EndOffset="3526" SrcFileId="1" StartOffset="3507"/>
<Loc EndOffset="3606" SrcFileId="1" StartOffset="3529"/>
<Loc EndOffset="3626" SrcFileId="1" StartOffset="3609"/>
<Loc EndOffset="3677" SrcFileId="1" StartOffset="3629"/>
</LocList>
<BasicStmnt CovItemId="S54" CovItemPrefix="test.BillTest.java" Intrnl_Id="80">
<LocList>
<Loc EndOffset="3258" SrcFileId="1" StartOffset="3234"/>
</LocList>
</BasicStmnt>
<BasicStmnt CovItemId="S55" CovItemPrefix="test.BillTest.java" Intrnl_Id="81">
<LocList>
<Loc EndOffset="3313" SrcFileId="1" StartOffset="3261"/>
</LocList>
</BasicStmnt>
<BasicStmnt CovItemId="S56" CovItemPrefix="test.BillTest.java" Intrnl_Id="82">
<LocList>
<Loc EndOffset="3341" SrcFileId="1" StartOffset="3316"/>
</LocList>
</BasicStmnt>
<BasicStmnt CovItemId="S57" CovItemPrefix="test.BillTest.java" Intrnl_Id="83">
<LocList>
<Loc EndOffset="3411" SrcFileId="1" StartOffset="3344"/>
</LocList>
</BasicStmnt>
<BasicStmnt CovItemId="S58" CovItemPrefix="test.BillTest.java" Intrnl_Id="84">
<LocList>
<Loc EndOffset="3433" SrcFileId="1" StartOffset="3414"/>
</LocList>
</BasicStmnt>
<BasicStmnt CovItemId="S59" CovItemPrefix="test.BillTest.java" Intrnl_Id="85">
<LocList>
<Loc EndOffset="3504" SrcFileId="1" StartOffset="3436"/>
</LocList>
</BasicStmnt>
<BasicStmnt CovItemId="S60" CovItemPrefix="test.BillTest.java" Intrnl_Id="86">
<LocList>
<Loc EndOffset="3526" SrcFileId="1" StartOffset="3507"/>
</LocList>
</BasicStmnt>
<BasicStmnt CovItemId="S61" CovItemPrefix="test.BillTest.java" Intrnl_Id="87">
<LocList>
<Loc EndOffset="3606" SrcFileId="1" StartOffset="3529"/>
</LocList>
</BasicStmnt>
<BasicStmnt CovItemId="S62" CovItemPrefix="test.BillTest.java" Intrnl_Id="88">
<LocList>
<Loc EndOffset="3626" SrcFileId="1" StartOffset="3609"/>
</LocList>
</BasicStmnt>
<BasicStmnt CovItemId="S63" CovItemPrefix="test.BillTest.java" Intrnl_Id="89">
<LocList>
<Loc EndOffset="3677" SrcFileId="1" StartOffset="3629"/>
</LocList>
</BasicStmnt>
</StmntSeq>
</HierarchyLvl>
<HierarchyLvl HierarchyLvlId="138" HierarchyLvlTypeId="8" Intrnl_Id="90" Name="testcase6">
<Header>
<Loc EndOffset="3714" SrcFileId="1" StartOffset="3684"/>
</Header>
<LocList>
<Loc EndOffset="4197" SrcFileId="1" StartOffset="3684"/>
</LocList>
<StmntSeq Intrnl_Id="91">
<LocList>
<Loc EndOffset="3764" SrcFileId="1" StartOffset="3740"/>
<Loc EndOffset="3819" SrcFileId="1" StartOffset="3767"/>
<Loc EndOffset="3847" SrcFileId="1" StartOffset="3822"/>
<Loc EndOffset="3917" SrcFileId="1" StartOffset="3850"/>
<Loc EndOffset="3939" SrcFileId="1" StartOffset="3920"/>
<Loc EndOffset="4010" SrcFileId="1" StartOffset="3942"/>
<Loc EndOffset="4032" SrcFileId="1" StartOffset="4013"/>
<Loc EndOffset="4112" SrcFileId="1" StartOffset="4035"/>
<Loc EndOffset="4133" SrcFileId="1" StartOffset="4115"/>
<Loc EndOffset="4194" SrcFileId="1" StartOffset="4146"/>
</LocList>
<BasicStmnt CovItemId="S64" CovItemPrefix="test.BillTest.java" Intrnl_Id="92">
<LocList>
<Loc EndOffset="3764" SrcFileId="1" StartOffset="3740"/>
</LocList>
</BasicStmnt>
<BasicStmnt CovItemId="S65" CovItemPrefix="test.BillTest.java" Intrnl_Id="93">
<LocList>
<Loc EndOffset="3819" SrcFileId="1" StartOffset="3767"/>
</LocList>
</BasicStmnt>
<BasicStmnt CovItemId="S66" CovItemPrefix="test.BillTest.java" Intrnl_Id="94">
<LocList>
<Loc EndOffset="3847" SrcFileId="1" StartOffset="3822"/>
</LocList>
</BasicStmnt>
<BasicStmnt CovItemId="S67" CovItemPrefix="test.BillTest.java" Intrnl_Id="95">
<LocList>
<Loc EndOffset="3917" SrcFileId="1" StartOffset="3850"/>
</LocList>
</BasicStmnt>
<BasicStmnt CovItemId="S68" CovItemPrefix="test.BillTest.java" Intrnl_Id="96">
<LocList>
<Loc EndOffset="3939" SrcFileId="1" StartOffset="3920"/>
</LocList>
</BasicStmnt>
<BasicStmnt CovItemId="S69" CovItemPrefix="test.BillTest.java" Intrnl_Id="97">
<LocList>
<Loc EndOffset="4010" SrcFileId="1" StartOffset="3942"/>
</LocList>
</BasicStmnt>
<BasicStmnt CovItemId="S70" CovItemPrefix="test.BillTest.java" Intrnl_Id="98">
<LocList>
<Loc EndOffset="4032" SrcFileId="1" StartOffset="4013"/>
</LocList>
</BasicStmnt>
<BasicStmnt CovItemId="S71" CovItemPrefix="test.BillTest.java" Intrnl_Id="99">
<LocList>
<Loc EndOffset="4112" SrcFileId="1" StartOffset="4035"/>
</LocList>
</BasicStmnt>
<BasicStmnt CovItemId="S72" CovItemPrefix="test.BillTest.java" Intrnl_Id="100">
<LocList>
<Loc EndOffset="4133" SrcFileId="1" StartOffset="4115"/>
</LocList>
</BasicStmnt>
<BasicStmnt CovItemId="S73" CovItemPrefix="test.BillTest.java" Intrnl_Id="101">
<LocList>
<Loc EndOffset="4194" SrcFileId="1" StartOffset="4146"/>
</LocList>
</BasicStmnt>
</StmntSeq>
</HierarchyLvl>
<HierarchyLvl HierarchyLvlId="139" HierarchyLvlTypeId="8" Intrnl_Id="102" Name="testcase7">
<Header>
<Loc EndOffset="4231" SrcFileId="1" StartOffset="4201"/>
</Header>
<LocList>
<Loc EndOffset="4795" SrcFileId="1" StartOffset="4201"/>
</LocList>
<StmntSeq Intrnl_Id="103">
<LocList>
<Loc EndOffset="4281" SrcFileId="1" StartOffset="4257"/>
<Loc EndOffset="4336" SrcFileId="1" StartOffset="4284"/>
<Loc EndOffset="4364" SrcFileId="1" StartOffset="4339"/>
<Loc EndOffset="4434" SrcFileId="1" StartOffset="4367"/>
<Loc EndOffset="4456" SrcFileId="1" StartOffset="4437"/>
<Loc EndOffset="4527" SrcFileId="1" StartOffset="4459"/>
<Loc EndOffset="4549" SrcFileId="1" StartOffset="4530"/>
<Loc EndOffset="4629" SrcFileId="1" StartOffset="4552"/>
<Loc EndOffset="4651" SrcFileId="1" StartOffset="4632"/>
<Loc EndOffset="4721" SrcFileId="1" StartOffset="4654"/>
<Loc EndOffset="4741" SrcFileId="1" StartOffset="4724"/>
<Loc EndOffset="4792" SrcFileId="1" StartOffset="4744"/>
</LocList>
<BasicStmnt CovItemId="S74" CovItemPrefix="test.BillTest.java" Intrnl_Id="104">
<LocList>
<Loc EndOffset="4281" SrcFileId="1" StartOffset="4257"/>
</LocList>
</BasicStmnt>
<BasicStmnt CovItemId="S75" CovItemPrefix="test.BillTest.java" Intrnl_Id="105">
<LocList>
<Loc EndOffset="4336" SrcFileId="1" StartOffset="4284"/>
</LocList>
</BasicStmnt>
<BasicStmnt CovItemId="S76" CovItemPrefix="test.BillTest.java" Intrnl_Id="106">
<LocList>
<Loc EndOffset="4364" SrcFileId="1" StartOffset="4339"/>
</LocList>
</BasicStmnt>
<BasicStmnt CovItemId="S77" CovItemPrefix="test.BillTest.java" Intrnl_Id="107">
<LocList>
<Loc EndOffset="4434" SrcFileId="1" StartOffset="4367"/>
</LocList>
</BasicStmnt>
<BasicStmnt CovItemId="S78" CovItemPrefix="test.BillTest.java" Intrnl_Id="108">
<LocList>
<Loc EndOffset="4456" SrcFileId="1" StartOffset="4437"/>
</LocList>
</BasicStmnt>
<BasicStmnt CovItemId="S79" CovItemPrefix="test.BillTest.java" Intrnl_Id="109">
<LocList>
<Loc EndOffset="4527" SrcFileId="1" StartOffset="4459"/>
</LocList>
</BasicStmnt>
<BasicStmnt CovItemId="S80" CovItemPrefix="test.BillTest.java" Intrnl_Id="110">
<LocList>
<Loc EndOffset="4549" SrcFileId="1" StartOffset="4530"/>
</LocList>
</BasicStmnt>
<BasicStmnt CovItemId="S81" CovItemPrefix="test.BillTest.java" Intrnl_Id="111">
<LocList>
<Loc EndOffset="4629" SrcFileId="1" StartOffset="4552"/>
</LocList>
</BasicStmnt>
<BasicStmnt CovItemId="S82" CovItemPrefix="test.BillTest.java" Intrnl_Id="112">
<LocList>
<Loc EndOffset="4651" SrcFileId="1" StartOffset="4632"/>
</LocList>
</BasicStmnt>
<BasicStmnt CovItemId="S83" CovItemPrefix="test.BillTest.java" Intrnl_Id="113">
<LocList>
<Loc EndOffset="4721" SrcFileId="1" StartOffset="4654"/>
</LocList>
</BasicStmnt>
<BasicStmnt CovItemId="S84" CovItemPrefix="test.BillTest.java" Intrnl_Id="114">
<LocList>
<Loc EndOffset="4741" SrcFileId="1" StartOffset="4724"/>
</LocList>
</BasicStmnt>
<BasicStmnt CovItemId="S85" CovItemPrefix="test.BillTest.java" Intrnl_Id="115">
<LocList>
<Loc EndOffset="4792" SrcFileId="1" StartOffset="4744"/>
</LocList>
</BasicStmnt>
</StmntSeq>
</HierarchyLvl>
<HierarchyLvl HierarchyLvlId="140" HierarchyLvlTypeId="8" Intrnl_Id="116" Name="testcase8">
<Header>
<Loc EndOffset="4829" SrcFileId="1" StartOffset="4799"/>
</Header>
<LocList>
<Loc EndOffset="5404" SrcFileId="1" StartOffset="4799"/>
</LocList>
<StmntSeq Intrnl_Id="117">
<LocList>
<Loc EndOffset="4879" SrcFileId="1" StartOffset="4855"/>
<Loc EndOffset="4934" SrcFileId="1" StartOffset="4882"/>
<Loc EndOffset="4962" SrcFileId="1" StartOffset="4937"/>
<Loc EndOffset="5032" SrcFileId="1" StartOffset="4965"/>
<Loc EndOffset="5054" SrcFileId="1" StartOffset="5035"/>
<Loc EndOffset="5125" SrcFileId="1" StartOffset="5057"/>
<Loc EndOffset="5147" SrcFileId="1" StartOffset="5128"/>
<Loc EndOffset="5227" SrcFileId="1" StartOffset="5150"/>
<Loc EndOffset="5249" SrcFileId="1" StartOffset="5230"/>
<Loc EndOffset="5319" SrcFileId="1" StartOffset="5252"/>
<Loc EndOffset="5340" SrcFileId="1" StartOffset="5322"/>
<Loc EndOffset="5401" SrcFileId="1" StartOffset="5353"/>
</LocList>
<BasicStmnt CovItemId="S86" CovItemPrefix="test.BillTest.java" Intrnl_Id="118">
<LocList>
<Loc EndOffset="4879" SrcFileId="1" StartOffset="4855"/>
</LocList>
</BasicStmnt>
<BasicStmnt CovItemId="S87" CovItemPrefix="test.BillTest.java" Intrnl_Id="119">
<LocList>
<Loc EndOffset="4934" SrcFileId="1" StartOffset="4882"/>
</LocList>
</BasicStmnt>
<BasicStmnt CovItemId="S88" CovItemPrefix="test.BillTest.java" Intrnl_Id="120">
<LocList>
<Loc EndOffset="4962" SrcFileId="1" StartOffset="4937"/>
</LocList>
</BasicStmnt>
<BasicStmnt CovItemId="S89" CovItemPrefix="test.BillTest.java" Intrnl_Id="121">
<LocList>
<Loc EndOffset="5032" SrcFileId="1" StartOffset="4965"/>
</LocList>
</BasicStmnt>
<BasicStmnt CovItemId="S90" CovItemPrefix="test.BillTest.java" Intrnl_Id="122">
<LocList>
<Loc EndOffset="5054" SrcFileId="1" StartOffset="5035"/>
</LocList>
</BasicStmnt>
<BasicStmnt CovItemId="S91" CovItemPrefix="test.BillTest.java" Intrnl_Id="123">
<LocList>
<Loc EndOffset="5125" SrcFileId="1" StartOffset="5057"/>
</LocList>
</BasicStmnt>
<BasicStmnt CovItemId="S92" CovItemPrefix="test.BillTest.java" Intrnl_Id="124">
<LocList>
<Loc EndOffset="5147" SrcFileId="1" StartOffset="5128"/>
</LocList>
</BasicStmnt>
<BasicStmnt CovItemId="S93" CovItemPrefix="test.BillTest.java" Intrnl_Id="125">
<LocList>
<Loc EndOffset="5227" SrcFileId="1" StartOffset="5150"/>
</LocList>
</BasicStmnt>
<BasicStmnt CovItemId="S94" CovItemPrefix="test.BillTest.java" Intrnl_Id="126">
<LocList>
<Loc EndOffset="5249" SrcFileId="1" StartOffset="5230"/>
</LocList>
</BasicStmnt>
<BasicStmnt CovItemId="S95" CovItemPrefix="test.BillTest.java" Intrnl_Id="127">
<LocList>
<Loc EndOffset="5319" SrcFileId="1" StartOffset="5252"/>
</LocList>
</BasicStmnt>
<BasicStmnt CovItemId="S96" CovItemPrefix="test.BillTest.java" Intrnl_Id="128">
<LocList>
<Loc EndOffset="5340" SrcFileId="1" StartOffset="5322"/>
</LocList>
</BasicStmnt>
<BasicStmnt CovItemId="S97" CovItemPrefix="test.BillTest.java" Intrnl_Id="129">
<LocList>
<Loc EndOffset="5401" SrcFileId="1" StartOffset="5353"/>
</LocList>
</BasicStmnt>
</StmntSeq>
</HierarchyLvl>
<HierarchyLvl HierarchyLvlId="141" HierarchyLvlTypeId="8" Intrnl_Id="130" Name="testcase9">
<Header>
<Loc EndOffset="5438" SrcFileId="1" StartOffset="5408"/>
</Header>
<LocList>
<Loc EndOffset="6016" SrcFileId="1" StartOffset="5408"/>
</LocList>
<StmntSeq Intrnl_Id="131">
<LocList>
<Loc EndOffset="5488" SrcFileId="1" StartOffset="5464"/>
<Loc EndOffset="5543" SrcFileId="1" StartOffset="5491"/>
<Loc EndOffset="5571" SrcFileId="1" StartOffset="5546"/>
<Loc EndOffset="5641" SrcFileId="1" StartOffset="5574"/>
<Loc EndOffset="5663" SrcFileId="1" StartOffset="5644"/>
<Loc EndOffset="5734" SrcFileId="1" StartOffset="5666"/>
<Loc EndOffset="5756" SrcFileId="1" StartOffset="5737"/>
<Loc EndOffset="5836" SrcFileId="1" StartOffset="5759"/>
<Loc EndOffset="5858" SrcFileId="1" StartOffset="5839"/>
<Loc EndOffset="5928" SrcFileId="1" StartOffset="5861"/>
<Loc EndOffset="5950" SrcFileId="1" StartOffset="5931"/>
<Loc EndOffset="6013" SrcFileId="1" StartOffset="5953"/>
</LocList>
<BasicStmnt CovItemId="S98" CovItemPrefix="test.BillTest.java" Intrnl_Id="132">
<LocList>
<Loc EndOffset="5488" SrcFileId="1" StartOffset="5464"/>
</LocList>
</BasicStmnt>
<BasicStmnt CovItemId="S99" CovItemPrefix="test.BillTest.java" Intrnl_Id="133">
<LocList>
<Loc EndOffset="5543" SrcFileId="1" StartOffset="5491"/>
</LocList>
</BasicStmnt>
<BasicStmnt CovItemId="S100" CovItemPrefix="test.BillTest.java" Intrnl_Id="134">
<LocList>
<Loc EndOffset="5571" SrcFileId="1" StartOffset="5546"/>
</LocList>
</BasicStmnt>
<BasicStmnt CovItemId="S101" CovItemPrefix="test.BillTest.java" Intrnl_Id="135">
<LocList>
<Loc EndOffset="5641" SrcFileId="1" StartOffset="5574"/>
</LocList>
</BasicStmnt>
<BasicStmnt CovItemId="S102" CovItemPrefix="test.BillTest.java" Intrnl_Id="136">
<LocList>
<Loc EndOffset="5663" SrcFileId="1" StartOffset="5644"/>
</LocList>
</BasicStmnt>
<BasicStmnt CovItemId="S103" CovItemPrefix="test.BillTest.java" Intrnl_Id="137">
<LocList>
<Loc EndOffset="5734" SrcFileId="1" StartOffset="5666"/>
</LocList>
</BasicStmnt>
<BasicStmnt CovItemId="S104" CovItemPrefix="test.BillTest.java" Intrnl_Id="138">
<LocList>
<Loc EndOffset="5756" SrcFileId="1" StartOffset="5737"/>
</LocList>
</BasicStmnt>
<BasicStmnt CovItemId="S105" CovItemPrefix="test.BillTest.java" Intrnl_Id="139">
<LocList>
<Loc EndOffset="5836" SrcFileId="1" StartOffset="5759"/>
</LocList>
</BasicStmnt>
<BasicStmnt CovItemId="S106" CovItemPrefix="test.BillTest.java" Intrnl_Id="140">
<LocList>
<Loc EndOffset="5858" SrcFileId="1" StartOffset="5839"/>
</LocList>
</BasicStmnt>
<BasicStmnt CovItemId="S107" CovItemPrefix="test.BillTest.java" Intrnl_Id="141">
<LocList>
<Loc EndOffset="5928" SrcFileId="1" StartOffset="5861"/>
</LocList>
</BasicStmnt>
<BasicStmnt CovItemId="S108" CovItemPrefix="test.BillTest.java" Intrnl_Id="142">
<LocList>
<Loc EndOffset="5950" SrcFileId="1" StartOffset="5931"/>
</LocList>
</BasicStmnt>
<BasicStmnt CovItemId="S109" CovItemPrefix="test.BillTest.java" Intrnl_Id="143">
<LocList>
<Loc EndOffset="6013" SrcFileId="1" StartOffset="5953"/>
</LocList>
</BasicStmnt>
</StmntSeq>
</HierarchyLvl>
<HierarchyLvl HierarchyLvlId="142" HierarchyLvlTypeId="8" Intrnl_Id="144" Name="testcase10">
<Header>
<Loc EndOffset="6051" SrcFileId="1" StartOffset="6020"/>
</Header>
<LocList>
<Loc EndOffset="6717" SrcFileId="1" StartOffset="6020"/>
</LocList>
<StmntSeq Intrnl_Id="145">
<LocList>
<Loc EndOffset="6101" SrcFileId="1" StartOffset="6077"/>
<Loc EndOffset="6156" SrcFileId="1" StartOffset="6104"/>
<Loc EndOffset="6184" SrcFileId="1" StartOffset="6159"/>
<Loc EndOffset="6254" SrcFileId="1" StartOffset="6187"/>
<Loc EndOffset="6276" SrcFileId="1" StartOffset="6257"/>
<Loc EndOffset="6347" SrcFileId="1" StartOffset="6279"/>
<Loc EndOffset="6369" SrcFileId="1" StartOffset="6350"/>
<Loc EndOffset="6449" SrcFileId="1" StartOffset="6372"/>
<Loc EndOffset="6471" SrcFileId="1" StartOffset="6452"/>
<Loc EndOffset="6541" SrcFileId="1" StartOffset="6474"/>
<Loc EndOffset="6563" SrcFileId="1" StartOffset="6544"/>
<Loc EndOffset="6634" SrcFileId="1" StartOffset="6576"/>
<Loc EndOffset="6657" SrcFileId="1" StartOffset="6637"/>
<Loc EndOffset="6714" SrcFileId="1" StartOffset="6660"/>
</LocList>
<BasicStmnt CovItemId="S110" CovItemPrefix="test.BillTest.java" Intrnl_Id="146">
<LocList>
<Loc EndOffset="6101" SrcFileId="1" StartOffset="6077"/>
</LocList>
</BasicStmnt>
<BasicStmnt CovItemId="S111" CovItemPrefix="test.BillTest.java" Intrnl_Id="147">
<LocList>
<Loc EndOffset="6156" SrcFileId="1" StartOffset="6104"/>
</LocList>
</BasicStmnt>
<BasicStmnt CovItemId="S112" CovItemPrefix="test.BillTest.java" Intrnl_Id="148">
<LocList>
<Loc EndOffset="6184" SrcFileId="1" StartOffset="6159"/>
</LocList>
</BasicStmnt>
<BasicStmnt CovItemId="S113" CovItemPrefix="test.BillTest.java" Intrnl_Id="149">
<LocList>
<Loc EndOffset="6254" SrcFileId="1" StartOffset="6187"/>
</LocList>
</BasicStmnt>
<BasicStmnt CovItemId="S114" CovItemPrefix="test.BillTest.java" Intrnl_Id="150">
<LocList>
<Loc EndOffset="6276" SrcFileId="1" StartOffset="6257"/>
</LocList>
</BasicStmnt>
<BasicStmnt CovItemId="S115" CovItemPrefix="test.BillTest.java" Intrnl_Id="151">
<LocList>
<Loc EndOffset="6347" SrcFileId="1" StartOffset="6279"/>
</LocList>
</BasicStmnt>
<BasicStmnt CovItemId="S116" CovItemPrefix="test.BillTest.java" Intrnl_Id="152">
<LocList>
<Loc EndOffset="6369" SrcFileId="1" StartOffset="6350"/>
</LocList>
</BasicStmnt>
<BasicStmnt CovItemId="S117" CovItemPrefix="test.BillTest.java" Intrnl_Id="153">
<LocList>
<Loc EndOffset="6449" SrcFileId="1" StartOffset="6372"/>
</LocList>
</BasicStmnt>
<BasicStmnt CovItemId="S118" CovItemPrefix="test.BillTest.java" Intrnl_Id="154">
<LocList>
<Loc EndOffset="6471" SrcFileId="1" StartOffset="6452"/>
</LocList>
</BasicStmnt>
<BasicStmnt CovItemId="S119" CovItemPrefix="test.BillTest.java" Intrnl_Id="155">
<LocList>
<Loc EndOffset="6541" SrcFileId="1" StartOffset="6474"/>
</LocList>
</BasicStmnt>
<BasicStmnt CovItemId="S120" CovItemPrefix="test.BillTest.java" Intrnl_Id="156">
<LocList>
<Loc EndOffset="6563" SrcFileId="1" StartOffset="6544"/>
</LocList>
</BasicStmnt>
<BasicStmnt CovItemId="S121" CovItemPrefix="test.BillTest.java" Intrnl_Id="157">
<LocList>
<Loc EndOffset="6634" SrcFileId="1" StartOffset="6576"/>
</LocList>
</BasicStmnt>
<BasicStmnt CovItemId="S122" CovItemPrefix="test.BillTest.java" Intrnl_Id="158">
<LocList>
<Loc EndOffset="6657" SrcFileId="1" StartOffset="6637"/>
</LocList>
</BasicStmnt>
<BasicStmnt CovItemId="S123" CovItemPrefix="test.BillTest.java" Intrnl_Id="159">
<LocList>
<Loc EndOffset="6714" SrcFileId="1" StartOffset="6660"/>
</LocList>
</BasicStmnt>
</StmntSeq>
</HierarchyLvl>
<HierarchyLvl HierarchyLvlId="143" HierarchyLvlTypeId="8" Intrnl_Id="160" Name="testcase11">
<Header>
<Loc EndOffset="6752" SrcFileId="1" StartOffset="6721"/>
</Header>
<LocList>
<Loc EndOffset="7023" SrcFileId="1" StartOffset="6721"/>
</LocList>
<StmntSeq Intrnl_Id="161">
<LocList>
<Loc EndOffset="6802" SrcFileId="1" StartOffset="6778"/>
<Loc EndOffset="6857" SrcFileId="1" StartOffset="6805"/>
<Loc EndOffset="6886" SrcFileId="1" StartOffset="6860"/>
<Loc EndOffset="6949" SrcFileId="1" StartOffset="6889"/>
<Loc EndOffset="6969" SrcFileId="1" StartOffset="6952"/>
<Loc EndOffset="7020" SrcFileId="1" StartOffset="6972"/>
</LocList>
<BasicStmnt CovItemId="S124" CovItemPrefix="test.BillTest.java" Intrnl_Id="162">
<LocList>
<Loc EndOffset="6802" SrcFileId="1" StartOffset="6778"/>
</LocList>
</BasicStmnt>
<BasicStmnt CovItemId="S125" CovItemPrefix="test.BillTest.java" Intrnl_Id="163">
<LocList>
<Loc EndOffset="6857" SrcFileId="1" StartOffset="6805"/>
</LocList>
</BasicStmnt>
<BasicStmnt CovItemId="S126" CovItemPrefix="test.BillTest.java" Intrnl_Id="164">
<LocList>
<Loc EndOffset="6886" SrcFileId="1" StartOffset="6860"/>
</LocList>
</BasicStmnt>
<BasicStmnt CovItemId="S127" CovItemPrefix="test.BillTest.java" Intrnl_Id="165">
<LocList>
<Loc EndOffset="6949" SrcFileId="1" StartOffset="6889"/>
</LocList>
</BasicStmnt>
<BasicStmnt CovItemId="S128" CovItemPrefix="test.BillTest.java" Intrnl_Id="166">
<LocList>
<Loc EndOffset="6969" SrcFileId="1" StartOffset="6952"/>
</LocList>
</BasicStmnt>
<BasicStmnt CovItemId="S129" CovItemPrefix="test.BillTest.java" Intrnl_Id="167">
<LocList>
<Loc EndOffset="7020" SrcFileId="1" StartOffset="6972"/>
</LocList>
</BasicStmnt>
</StmntSeq>
</HierarchyLvl>
<HierarchyLvl HierarchyLvlId="144" HierarchyLvlTypeId="8" Intrnl_Id="168" Name="testcase12">
<Header>
<Loc EndOffset="7058" SrcFileId="1" StartOffset="7027"/>
</Header>
<LocList>
<Loc EndOffset="7330" SrcFileId="1" StartOffset="7027"/>
</LocList>
<StmntSeq Intrnl_Id="169">
<LocList>
<Loc EndOffset="7108" SrcFileId="1" StartOffset="7084"/>
<Loc EndOffset="7163" SrcFileId="1" StartOffset="7111"/>
<Loc EndOffset="7192" SrcFileId="1" StartOffset="7166"/>
<Loc EndOffset="7255" SrcFileId="1" StartOffset="7195"/>
<Loc EndOffset="7276" SrcFileId="1" StartOffset="7258"/>
<Loc EndOffset="7327" SrcFileId="1" StartOffset="7279"/>
</LocList>
<BasicStmnt CovItemId="S130" CovItemPrefix="test.BillTest.java" Intrnl_Id="170">
<LocList>
<Loc EndOffset="7108" SrcFileId="1" StartOffset="7084"/>
</LocList>
</BasicStmnt>
<BasicStmnt CovItemId="S131" CovItemPrefix="test.BillTest.java" Intrnl_Id="171">
<LocList>
<Loc EndOffset="7163" SrcFileId="1" StartOffset="7111"/>
</LocList>
</BasicStmnt>
<BasicStmnt CovItemId="S132" CovItemPrefix="test.BillTest.java" Intrnl_Id="172">
<LocList>
<Loc EndOffset="7192" SrcFileId="1" StartOffset="7166"/>
</LocList>
</BasicStmnt>
<BasicStmnt CovItemId="S133" CovItemPrefix="test.BillTest.java" Intrnl_Id="173">
<LocList>
<Loc EndOffset="7255" SrcFileId="1" StartOffset="7195"/>
</LocList>
</BasicStmnt>
<BasicStmnt CovItemId="S134" CovItemPrefix="test.BillTest.java" Intrnl_Id="174">
<LocList>
<Loc EndOffset="7276" SrcFileId="1" StartOffset="7258"/>
</LocList>
</BasicStmnt>
<BasicStmnt CovItemId="S135" CovItemPrefix="test.BillTest.java" Intrnl_Id="175">
<LocList>
<Loc EndOffset="7327" SrcFileId="1" StartOffset="7279"/>
</LocList>
</BasicStmnt>
</StmntSeq>
</HierarchyLvl>
<HierarchyLvl HierarchyLvlId="145" HierarchyLvlTypeId="8" Intrnl_Id="176" Name="testcase13">
<Header>
<Loc EndOffset="7365" SrcFileId="1" StartOffset="7334"/>
</Header>
<LocList>
<Loc EndOffset="7722" SrcFileId="1" StartOffset="7334"/>
</LocList>
<StmntSeq Intrnl_Id="177">
<LocList>
<Loc EndOffset="7415" SrcFileId="1" StartOffset="7391"/>
<Loc EndOffset="7470" SrcFileId="1" StartOffset="7418"/>
<Loc EndOffset="7499" SrcFileId="1" StartOffset="7473"/>
<Loc EndOffset="7562" SrcFileId="1" StartOffset="7502"/>
<Loc EndOffset="7584" SrcFileId="1" StartOffset="7565"/>
<Loc EndOffset="7648" SrcFileId="1" StartOffset="7587"/>
<Loc EndOffset="7668" SrcFileId="1" StartOffset="7651"/>
<Loc EndOffset="7719" SrcFileId="1" StartOffset="7671"/>
</LocList>
<BasicStmnt CovItemId="S136" CovItemPrefix="test.BillTest.java" Intrnl_Id="178">
<LocList>
<Loc EndOffset="7415" SrcFileId="1" StartOffset="7391"/>
</LocList>
</BasicStmnt>
<BasicStmnt CovItemId="S137" CovItemPrefix="test.BillTest.java" Intrnl_Id="179">
<LocList>
<Loc EndOffset="7470" SrcFileId="1" StartOffset="7418"/>
</LocList>
</BasicStmnt>
<BasicStmnt CovItemId="S138" CovItemPrefix="test.BillTest.java" Intrnl_Id="180">
<LocList>
<Loc EndOffset="7499" SrcFileId="1" StartOffset="7473"/>
</LocList>
</BasicStmnt>
<BasicStmnt CovItemId="S139" CovItemPrefix="test.BillTest.java" Intrnl_Id="181">
<LocList>
<Loc EndOffset="7562" SrcFileId="1" StartOffset="7502"/>
</LocList>
</BasicStmnt>
<BasicStmnt CovItemId="S140" CovItemPrefix="test.BillTest.java" Intrnl_Id="182">
<LocList>
<Loc EndOffset="7584" SrcFileId="1" StartOffset="7565"/>
</LocList>
</BasicStmnt>
<BasicStmnt CovItemId="S141" CovItemPrefix="test.BillTest.java" Intrnl_Id="183">
<LocList>
<Loc EndOffset="7648" SrcFileId="1" StartOffset="7587"/>
</LocList>
</BasicStmnt>
<BasicStmnt CovItemId="S142" CovItemPrefix="test.BillTest.java" Intrnl_Id="184">
<LocList>
<Loc EndOffset="7668" SrcFileId="1" StartOffset="7651"/>
</LocList>
</BasicStmnt>
<BasicStmnt CovItemId="S143" CovItemPrefix="test.BillTest.java" Intrnl_Id="185">
<LocList>
<Loc EndOffset="7719" SrcFileId="1" StartOffset="7671"/>
</LocList>
</BasicStmnt>
</StmntSeq>
</HierarchyLvl>
<HierarchyLvl HierarchyLvlId="146" HierarchyLvlTypeId="8" Intrnl_Id="186" Name="testcase14">
<Header>
<Loc EndOffset="7757" SrcFileId="1" StartOffset="7726"/>
</Header>
<LocList>
<Loc EndOffset="8115" SrcFileId="1" StartOffset="7726"/>
</LocList>
<StmntSeq Intrnl_Id="187">
<LocList>
<Loc EndOffset="7807" SrcFileId="1" StartOffset="7783"/>
<Loc EndOffset="7862" SrcFileId="1" StartOffset="7810"/>
<Loc EndOffset="7891" SrcFileId="1" StartOffset="7865"/>
<Loc EndOffset="7954" SrcFileId="1" StartOffset="7894"/>
<Loc EndOffset="7976" SrcFileId="1" StartOffset="7957"/>
<Loc EndOffset="8040" SrcFileId="1" StartOffset="7979"/>
<Loc EndOffset="8061" SrcFileId="1" StartOffset="8043"/>
<Loc EndOffset="8112" SrcFileId="1" StartOffset="8064"/>
</LocList>
<BasicStmnt CovItemId="S144" CovItemPrefix="test.BillTest.java" Intrnl_Id="188">
<LocList>
<Loc EndOffset="7807" SrcFileId="1" StartOffset="7783"/>
</LocList>
</BasicStmnt>
<BasicStmnt CovItemId="S145" CovItemPrefix="test.BillTest.java" Intrnl_Id="189">
<LocList>
<Loc EndOffset="7862" SrcFileId="1" StartOffset="7810"/>
</LocList>
</BasicStmnt>
<BasicStmnt CovItemId="S146" CovItemPrefix="test.BillTest.java" Intrnl_Id="190">
<LocList>
<Loc EndOffset="7891" SrcFileId="1" StartOffset="7865"/>
</LocList>
</BasicStmnt>
<BasicStmnt CovItemId="S147" CovItemPrefix="test.BillTest.java" Intrnl_Id="191">
<LocList>
<Loc EndOffset="7954" SrcFileId="1" StartOffset="7894"/>
</LocList>
</BasicStmnt>
<BasicStmnt CovItemId="S148" CovItemPrefix="test.BillTest.java" Intrnl_Id="192">
<LocList>
<Loc EndOffset="7976" SrcFileId="1" StartOffset="7957"/>
</LocList>
</BasicStmnt>
<BasicStmnt CovItemId="S149" CovItemPrefix="test.BillTest.java" Intrnl_Id="193">
<LocList>
<Loc EndOffset="8040" SrcFileId="1" StartOffset="7979"/>
</LocList>
</BasicStmnt>
<BasicStmnt CovItemId="S150" CovItemPrefix="test.BillTest.java" Intrnl_Id="194">
<LocList>
<Loc EndOffset="8061" SrcFileId="1" StartOffset="8043"/>
</LocList>
</BasicStmnt>
<BasicStmnt CovItemId="S151" CovItemPrefix="test.BillTest.java" Intrnl_Id="195">
<LocList>
<Loc EndOffset="8112" SrcFileId="1" StartOffset="8064"/>
</LocList>
</BasicStmnt>
</StmntSeq>
</HierarchyLvl>
<HierarchyLvl HierarchyLvlId="147" HierarchyLvlTypeId="8" Intrnl_Id="196" Name="testcase15">
<Header>
<Loc EndOffset="8150" SrcFileId="1" StartOffset="8119"/>
</Header>
<LocList>
<Loc EndOffset="8602" SrcFileId="1" StartOffset="8119"/>
</LocList>
<StmntSeq Intrnl_Id="197">
<LocList>
<Loc EndOffset="8200" SrcFileId="1" StartOffset="8176"/>
<Loc EndOffset="8255" SrcFileId="1" StartOffset="8203"/>
<Loc EndOffset="8284" SrcFileId="1" StartOffset="8258"/>
<Loc EndOffset="8347" SrcFileId="1" StartOffset="8287"/>
<Loc EndOffset="8369" SrcFileId="1" StartOffset="8350"/>
<Loc EndOffset="8433" SrcFileId="1" StartOffset="8372"/>
<Loc EndOffset="8455" SrcFileId="1" StartOffset="8436"/>
<Loc EndOffset="8528" SrcFileId="1" StartOffset="8458"/>
<Loc EndOffset="8548" SrcFileId="1" StartOffset="8531"/>
<Loc EndOffset="8599" SrcFileId="1" StartOffset="8551"/>
</LocList>
<BasicStmnt CovItemId="S152" CovItemPrefix="test.BillTest.java" Intrnl_Id="198">
<LocList>
<Loc EndOffset="8200" SrcFileId="1" StartOffset="8176"/>
</LocList>
</BasicStmnt>
<BasicStmnt CovItemId="S153" CovItemPrefix="test.BillTest.java" Intrnl_Id="199">
<LocList>
<Loc EndOffset="8255" SrcFileId="1" StartOffset="8203"/>
</LocList>
</BasicStmnt>
<BasicStmnt CovItemId="S154" CovItemPrefix="test.BillTest.java" Intrnl_Id="200">
<LocList>
<Loc EndOffset="8284" SrcFileId="1" StartOffset="8258"/>
</LocList>
</BasicStmnt>
<BasicStmnt CovItemId="S155" CovItemPrefix="test.BillTest.java" Intrnl_Id="201">
<LocList>
<Loc EndOffset="8347" SrcFileId="1" StartOffset="8287"/>
</LocList>
</BasicStmnt>
<BasicStmnt CovItemId="S156" CovItemPrefix="test.BillTest.java" Intrnl_Id="202">
<LocList>
<Loc EndOffset="8369" SrcFileId="1" StartOffset="8350"/>
</LocList>
</BasicStmnt>
<BasicStmnt CovItemId="S157" CovItemPrefix="test.BillTest.java" Intrnl_Id="203">
<LocList>
<Loc EndOffset="8433" SrcFileId="1" StartOffset="8372"/>
</LocList>
</BasicStmnt>
<BasicStmnt CovItemId="S158" CovItemPrefix="test.BillTest.java" Intrnl_Id="204">
<LocList>
<Loc EndOffset="8455" SrcFileId="1" StartOffset="8436"/>
</LocList>
</BasicStmnt>
<BasicStmnt CovItemId="S159" CovItemPrefix="test.BillTest.java" Intrnl_Id="205">
<LocList>
<Loc EndOffset="8528" SrcFileId="1" StartOffset="8458"/>
</LocList>
</BasicStmnt>
<BasicStmnt CovItemId="S160" CovItemPrefix="test.BillTest.java" Intrnl_Id="206">
<LocList>
<Loc EndOffset="8548" SrcFileId="1" StartOffset="8531"/>
</LocList>
</BasicStmnt>
<BasicStmnt CovItemId="S161" CovItemPrefix="test.BillTest.java" Intrnl_Id="207">
<LocList>
<Loc EndOffset="8599" SrcFileId="1" StartOffset="8551"/>
</LocList>
</BasicStmnt>
</StmntSeq>
</HierarchyLvl>
<HierarchyLvl HierarchyLvlId="148" HierarchyLvlTypeId="8" Intrnl_Id="208" Name="testcase16">
<Header>
<Loc EndOffset="8635" SrcFileId="1" StartOffset="8604"/>
</Header>
<LocList>
<Loc EndOffset="9088" SrcFileId="1" StartOffset="8604"/>
</LocList>
<StmntSeq Intrnl_Id="209">
<LocList>
<Loc EndOffset="8685" SrcFileId="1" StartOffset="8661"/>
<Loc EndOffset="8740" SrcFileId="1" StartOffset="8688"/>
<Loc EndOffset="8769" SrcFileId="1" StartOffset="8743"/>
<Loc EndOffset="8832" SrcFileId="1" StartOffset="8772"/>
<Loc EndOffset="8854" SrcFileId="1" StartOffset="8835"/>
<Loc EndOffset="8918" SrcFileId="1" StartOffset="8857"/>
<Loc EndOffset="8940" SrcFileId="1" StartOffset="8921"/>
<Loc EndOffset="9013" SrcFileId="1" StartOffset="8943"/>
<Loc EndOffset="9034" SrcFileId="1" StartOffset="9016"/>
<Loc EndOffset="9085" SrcFileId="1" StartOffset="9037"/>
</LocList>
<BasicStmnt CovItemId="S162" CovItemPrefix="test.BillTest.java" Intrnl_Id="210">
<LocList>
<Loc EndOffset="8685" SrcFileId="1" StartOffset="8661"/>
</LocList>
</BasicStmnt>
<BasicStmnt CovItemId="S163" CovItemPrefix="test.BillTest.java" Intrnl_Id="211">
<LocList>
<Loc EndOffset="8740" SrcFileId="1" StartOffset="8688"/>
</LocList>
</BasicStmnt>
<BasicStmnt CovItemId="S164" CovItemPrefix="test.BillTest.java" Intrnl_Id="212">
<LocList>
<Loc EndOffset="8769" SrcFileId="1" StartOffset="8743"/>
</LocList>
</BasicStmnt>
<BasicStmnt CovItemId="S165" CovItemPrefix="test.BillTest.java" Intrnl_Id="213">
<LocList>
<Loc EndOffset="8832" SrcFileId="1" StartOffset="8772"/>
</LocList>
</BasicStmnt>
<BasicStmnt CovItemId="S166" CovItemPrefix="test.BillTest.java" Intrnl_Id="214">
<LocList>
<Loc EndOffset="8854" SrcFileId="1" StartOffset="8835"/>
</LocList>
</BasicStmnt>
<BasicStmnt CovItemId="S167" CovItemPrefix="test.BillTest.java" Intrnl_Id="215">
<LocList>
<Loc EndOffset="8918" SrcFileId="1" StartOffset="8857"/>
</LocList>
</BasicStmnt>
<BasicStmnt CovItemId="S168" CovItemPrefix="test.BillTest.java" Intrnl_Id="216">
<LocList>
<Loc EndOffset="8940" SrcFileId="1" StartOffset="8921"/>
</LocList>
</BasicStmnt>
<BasicStmnt CovItemId="S169" CovItemPrefix="test.BillTest.java" Intrnl_Id="217">
<LocList>
<Loc EndOffset="9013" SrcFileId="1" StartOffset="8943"/>
</LocList>
</BasicStmnt>
<BasicStmnt CovItemId="S170" CovItemPrefix="test.BillTest.java" Intrnl_Id="218">
<LocList>
<Loc EndOffset="9034" SrcFileId="1" StartOffset="9016"/>
</LocList>
</BasicStmnt>
<BasicStmnt CovItemId="S171" CovItemPrefix="test.BillTest.java" Intrnl_Id="219">
<LocList>
<Loc EndOffset="9085" SrcFileId="1" StartOffset="9037"/>
</LocList>
</BasicStmnt>
</StmntSeq>
</HierarchyLvl>
<HierarchyLvl HierarchyLvlId="149" HierarchyLvlTypeId="8" Intrnl_Id="220" Name="testcase17">
<Header>
<Loc EndOffset="9121" SrcFileId="1" StartOffset="9090"/>
</Header>
<LocList>
<Loc EndOffset="9659" SrcFileId="1" StartOffset="9090"/>
</LocList>
<StmntSeq Intrnl_Id="221">
<LocList>
<Loc EndOffset="9171" SrcFileId="1" StartOffset="9147"/>
<Loc EndOffset="9226" SrcFileId="1" StartOffset="9174"/>
<Loc EndOffset="9255" SrcFileId="1" StartOffset="9229"/>
<Loc EndOffset="9318" SrcFileId="1" StartOffset="9258"/>
<Loc EndOffset="9340" SrcFileId="1" StartOffset="9321"/>
<Loc EndOffset="9404" SrcFileId="1" StartOffset="9343"/>
<Loc EndOffset="9426" SrcFileId="1" StartOffset="9407"/>
<Loc EndOffset="9499" SrcFileId="1" StartOffset="9429"/>
<Loc EndOffset="9521" SrcFileId="1" StartOffset="9502"/>
<Loc EndOffset="9584" SrcFileId="1" StartOffset="9524"/>
<Loc EndOffset="9604" SrcFileId="1" StartOffset="9587"/>
<Loc EndOffset="9655" SrcFileId="1" StartOffset="9607"/>
</LocList>
<BasicStmnt CovItemId="S172" CovItemPrefix="test.BillTest.java" Intrnl_Id="222">
<LocList>
<Loc EndOffset="9171" SrcFileId="1" StartOffset="9147"/>
</LocList>
</BasicStmnt>
<BasicStmnt CovItemId="S173" CovItemPrefix="test.BillTest.java" Intrnl_Id="223">
<LocList>
<Loc EndOffset="9226" SrcFileId="1" StartOffset="9174"/>
</LocList>
</BasicStmnt>
<BasicStmnt CovItemId="S174" CovItemPrefix="test.BillTest.java" Intrnl_Id="224">
<LocList>
<Loc EndOffset="9255" SrcFileId="1" StartOffset="9229"/>
</LocList>
</BasicStmnt>
<BasicStmnt CovItemId="S175" CovItemPrefix="test.BillTest.java" Intrnl_Id="225">
<LocList>
<Loc EndOffset="9318" SrcFileId="1" StartOffset="9258"/>
</LocList>
</BasicStmnt>
<BasicStmnt CovItemId="S176" CovItemPrefix="test.BillTest.java" Intrnl_Id="226">
<LocList>
<Loc EndOffset="9340" SrcFileId="1" StartOffset="9321"/>
</LocList>
</BasicStmnt>
<BasicStmnt CovItemId="S177" CovItemPrefix="test.BillTest.java" Intrnl_Id="227">
<LocList>
<Loc EndOffset="9404" SrcFileId="1" StartOffset="9343"/>
</LocList>
</BasicStmnt>
<BasicStmnt CovItemId="S178" CovItemPrefix="test.BillTest.java" Intrnl_Id="228">
<LocList>
<Loc EndOffset="9426" SrcFileId="1" StartOffset="9407"/>
</LocList>
</BasicStmnt>
<BasicStmnt CovItemId="S179" CovItemPrefix="test.BillTest.java" Intrnl_Id="229">
<LocList>
<Loc EndOffset="9499" SrcFileId="1" StartOffset="9429"/>
</LocList>
</BasicStmnt>
<BasicStmnt CovItemId="S180" CovItemPrefix="test.BillTest.java" Intrnl_Id="230">
<LocList>
<Loc EndOffset="9521" SrcFileId="1" StartOffset="9502"/>
</LocList>
</BasicStmnt>
<BasicStmnt CovItemId="S181" CovItemPrefix="test.BillTest.java" Intrnl_Id="231">
<LocList>
<Loc EndOffset="9584" SrcFileId="1" StartOffset="9524"/>
</LocList>
</BasicStmnt>
<BasicStmnt CovItemId="S182" CovItemPrefix="test.BillTest.java" Intrnl_Id="232">
<LocList>
<Loc EndOffset="9604" SrcFileId="1" StartOffset="9587"/>
</LocList>
</BasicStmnt>
<BasicStmnt CovItemId="S183" CovItemPrefix="test.BillTest.java" Intrnl_Id="233">
<LocList>
<Loc EndOffset="9655" SrcFileId="1" StartOffset="9607"/>
</LocList>
</BasicStmnt>
</StmntSeq>
</HierarchyLvl>
<HierarchyLvl HierarchyLvlId="150" HierarchyLvlTypeId="8" Intrnl_Id="234" Name="testcase18">
<Header>
<Loc EndOffset="9694" SrcFileId="1" StartOffset="9663"/>
</Header>
<LocList>
<Loc EndOffset="10233" SrcFileId="1" StartOffset="9663"/>
</LocList>
<StmntSeq Intrnl_Id="235">
<LocList>
<Loc EndOffset="9744" SrcFileId="1" StartOffset="9720"/>
<Loc EndOffset="9799" SrcFileId="1" StartOffset="9747"/>
<Loc EndOffset="9828" SrcFileId="1" StartOffset="9802"/>
<Loc EndOffset="9891" SrcFileId="1" StartOffset="9831"/>
<Loc EndOffset="9913" SrcFileId="1" StartOffset="9894"/>
<Loc EndOffset="9977" SrcFileId="1" StartOffset="9916"/>
<Loc EndOffset="9999" SrcFileId="1" StartOffset="9980"/>
<Loc EndOffset="10072" SrcFileId="1" StartOffset="10002"/>
<Loc EndOffset="10094" SrcFileId="1" StartOffset="10075"/>
<Loc EndOffset="10157" SrcFileId="1" StartOffset="10097"/>
<Loc EndOffset="10178" SrcFileId="1" StartOffset="10160"/>
<Loc EndOffset="10229" SrcFileId="1" StartOffset="10181"/>
</LocList>
<BasicStmnt CovItemId="S184" CovItemPrefix="test.BillTest.java" Intrnl_Id="236">
<LocList>
<Loc EndOffset="9744" SrcFileId="1" StartOffset="9720"/>
</LocList>
</BasicStmnt>
<BasicStmnt CovItemId="S185" CovItemPrefix="test.BillTest.java" Intrnl_Id="237">
<LocList>
<Loc EndOffset="9799" SrcFileId="1" StartOffset="9747"/>
</LocList>
</BasicStmnt>
<BasicStmnt CovItemId="S186" CovItemPrefix="test.BillTest.java" Intrnl_Id="238">
<LocList>
<Loc EndOffset="9828" SrcFileId="1" StartOffset="9802"/>
</LocList>
</BasicStmnt>
<BasicStmnt CovItemId="S187" CovItemPrefix="test.BillTest.java" Intrnl_Id="239">
<LocList>
<Loc EndOffset="9891" SrcFileId="1" StartOffset="9831"/>
</LocList>
</BasicStmnt>
<BasicStmnt CovItemId="S188" CovItemPrefix="test.BillTest.java" Intrnl_Id="240">
<LocList>
<Loc EndOffset="9913" SrcFileId="1" StartOffset="9894"/>
</LocList>
</BasicStmnt>
<BasicStmnt CovItemId="S189" CovItemPrefix="test.BillTest.java" Intrnl_Id="241">
<LocList>
<Loc EndOffset="9977" SrcFileId="1" StartOffset="9916"/>
</LocList>
</BasicStmnt>
<BasicStmnt CovItemId="S190" CovItemPrefix="test.BillTest.java" Intrnl_Id="242">
<LocList>
<Loc EndOffset="9999" SrcFileId="1" StartOffset="9980"/>
</LocList>
</BasicStmnt>
<BasicStmnt CovItemId="S191" CovItemPrefix="test.BillTest.java" Intrnl_Id="243">
<LocList>
<Loc EndOffset="10072" SrcFileId="1" StartOffset="10002"/>
</LocList>
</BasicStmnt>
<BasicStmnt CovItemId="S192" CovItemPrefix="test.BillTest.java" Intrnl_Id="244">
<LocList>
<Loc EndOffset="10094" SrcFileId="1" StartOffset="10075"/>
</LocList>
</BasicStmnt>
<BasicStmnt CovItemId="S193" CovItemPrefix="test.BillTest.java" Intrnl_Id="245">
<LocList>
<Loc EndOffset="10157" SrcFileId="1" StartOffset="10097"/>
</LocList>
</BasicStmnt>
<BasicStmnt CovItemId="S194" CovItemPrefix="test.BillTest.java" Intrnl_Id="246">
<LocList>
<Loc EndOffset="10178" SrcFileId="1" StartOffset="10160"/>
</LocList>
</BasicStmnt>
<BasicStmnt CovItemId="S195" CovItemPrefix="test.BillTest.java" Intrnl_Id="247">
<LocList>
<Loc EndOffset="10229" SrcFileId="1" StartOffset="10181"/>
</LocList>
</BasicStmnt>
</StmntSeq>
</HierarchyLvl>
<HierarchyLvl HierarchyLvlId="151" HierarchyLvlTypeId="8" Intrnl_Id="248" Name="testcase19">
<Header>
<Loc EndOffset="10266" SrcFileId="1" StartOffset="10235"/>
</Header>
<LocList>
<Loc EndOffset="10819" SrcFileId="1" StartOffset="10235"/>
</LocList>
<StmntSeq Intrnl_Id="249">
<LocList>
<Loc EndOffset="10316" SrcFileId="1" StartOffset="10292"/>
<Loc EndOffset="10371" SrcFileId="1" StartOffset="10319"/>
<Loc EndOffset="10400" SrcFileId="1" StartOffset="10374"/>
<Loc EndOffset="10463" SrcFileId="1" StartOffset="10403"/>
<Loc EndOffset="10485" SrcFileId="1" StartOffset="10466"/>
<Loc EndOffset="10549" SrcFileId="1" StartOffset="10488"/>
<Loc EndOffset="10571" SrcFileId="1" StartOffset="10552"/>
<Loc EndOffset="10644" SrcFileId="1" StartOffset="10574"/>
<Loc EndOffset="10666" SrcFileId="1" StartOffset="10647"/>
<Loc EndOffset="10729" SrcFileId="1" StartOffset="10669"/>
<Loc EndOffset="10751" SrcFileId="1" StartOffset="10732"/>
<Loc EndOffset="10815" SrcFileId="1" StartOffset="10764"/>
</LocList>
<BasicStmnt CovItemId="S196" CovItemPrefix="test.BillTest.java" Intrnl_Id="250">
<LocList>
<Loc EndOffset="10316" SrcFileId="1" StartOffset="10292"/>
</LocList>
</BasicStmnt>
<BasicStmnt CovItemId="S197" CovItemPrefix="test.BillTest.java" Intrnl_Id="251">
<LocList>
<Loc EndOffset="10371" SrcFileId="1" StartOffset="10319"/>
</LocList>
</BasicStmnt>
<BasicStmnt CovItemId="S198" CovItemPrefix="test.BillTest.java" Intrnl_Id="252">
<LocList>
<Loc EndOffset="10400" SrcFileId="1" StartOffset="10374"/>
</LocList>
</BasicStmnt>
<BasicStmnt CovItemId="S199" CovItemPrefix="test.BillTest.java" Intrnl_Id="253">
<LocList>
<Loc EndOffset="10463" SrcFileId="1" StartOffset="10403"/>
</LocList>
</BasicStmnt>
<BasicStmnt CovItemId="S200" CovItemPrefix="test.BillTest.java" Intrnl_Id="254">
<LocList>
<Loc EndOffset="10485" SrcFileId="1" StartOffset="10466"/>
</LocList>
</BasicStmnt>
<BasicStmnt CovItemId="S201" CovItemPrefix="test.BillTest.java" Intrnl_Id="255">
<LocList>
<Loc EndOffset="10549" SrcFileId="1" StartOffset="10488"/>
</LocList>
</BasicStmnt>
<BasicStmnt CovItemId="S202" CovItemPrefix="test.BillTest.java" Intrnl_Id="256">
<LocList>
<Loc EndOffset="10571" SrcFileId="1" StartOffset="10552"/>
</LocList>
</BasicStmnt>
<BasicStmnt CovItemId="S203" CovItemPrefix="test.BillTest.java" Intrnl_Id="257">
<LocList>
<Loc EndOffset="10644" SrcFileId="1" StartOffset="10574"/>
</LocList>
</BasicStmnt>
<BasicStmnt CovItemId="S204" CovItemPrefix="test.BillTest.java" Intrnl_Id="258">
<LocList>
<Loc EndOffset="10666" SrcFileId="1" StartOffset="10647"/>
</LocList>
</BasicStmnt>
<BasicStmnt CovItemId="S205" CovItemPrefix="test.BillTest.java" Intrnl_Id="259">
<LocList>
<Loc EndOffset="10729" SrcFileId="1" StartOffset="10669"/>
</LocList>
</BasicStmnt>
<BasicStmnt CovItemId="S206" CovItemPrefix="test.BillTest.java" Intrnl_Id="260">
<LocList>
<Loc EndOffset="10751" SrcFileId="1" StartOffset="10732"/>
</LocList>
</BasicStmnt>
<BasicStmnt CovItemId="S207" CovItemPrefix="test.BillTest.java" Intrnl_Id="261">
<LocList>
<Loc EndOffset="10815" SrcFileId="1" StartOffset="10764"/>
</LocList>
</BasicStmnt>
</StmntSeq>
</HierarchyLvl>
<HierarchyLvl HierarchyLvlId="152" HierarchyLvlTypeId="8" Intrnl_Id="262" Name="testcase20">
<Header>
<Loc EndOffset="10852" SrcFileId="1" StartOffset="10821"/>
</Header>
<LocList>
<Loc EndOffset="11412" SrcFileId="1" StartOffset="10821"/>
</LocList>
<StmntSeq Intrnl_Id="263">
<LocList>
<Loc EndOffset="10902" SrcFileId="1" StartOffset="10878"/>
<Loc EndOffset="10957" SrcFileId="1" StartOffset="10905"/>
<Loc EndOffset="10986" SrcFileId="1" StartOffset="10960"/>
<Loc EndOffset="11049" SrcFileId="1" StartOffset="10989"/>
<Loc EndOffset="11071" SrcFileId="1" StartOffset="11052"/>
<Loc EndOffset="11135" SrcFileId="1" StartOffset="11074"/>
<Loc EndOffset="11157" SrcFileId="1" StartOffset="11138"/>
<Loc EndOffset="11230" SrcFileId="1" StartOffset="11160"/>
<Loc EndOffset="11252" SrcFileId="1" StartOffset="11233"/>
<Loc EndOffset="11315" SrcFileId="1" StartOffset="11255"/>
<Loc EndOffset="11337" SrcFileId="1" StartOffset="11318"/>
<Loc EndOffset="11408" SrcFileId="1" StartOffset="11350"/>
</LocList>
<BasicStmnt CovItemId="S208" CovItemPrefix="test.BillTest.java" Intrnl_Id="264">
<LocList>
<Loc EndOffset="10902" SrcFileId="1" StartOffset="10878"/>
</LocList>
</BasicStmnt>
<BasicStmnt CovItemId="S209" CovItemPrefix="test.BillTest.java" Intrnl_Id="265">
<LocList>
<Loc EndOffset="10957" SrcFileId="1" StartOffset="10905"/>
</LocList>
</BasicStmnt>
<BasicStmnt CovItemId="S210" CovItemPrefix="test.BillTest.java" Intrnl_Id="266">
<LocList>
<Loc EndOffset="10986" SrcFileId="1" StartOffset="10960"/>
</LocList>
</BasicStmnt>
<BasicStmnt CovItemId="S211" CovItemPrefix="test.BillTest.java" Intrnl_Id="267">
<LocList>
<Loc EndOffset="11049" SrcFileId="1" StartOffset="10989"/>
</LocList>
</BasicStmnt>
<BasicStmnt CovItemId="S212" CovItemPrefix="test.BillTest.java" Intrnl_Id="268">
<LocList>
<Loc EndOffset="11071" SrcFileId="1" StartOffset="11052"/>
</LocList>
</BasicStmnt>
<BasicStmnt CovItemId="S213" CovItemPrefix="test.BillTest.java" Intrnl_Id="269">
<LocList>
<Loc EndOffset="11135" SrcFileId="1" StartOffset="11074"/>
</LocList>
</BasicStmnt>
<BasicStmnt CovItemId="S214" CovItemPrefix="test.BillTest.java" Intrnl_Id="270">
<LocList>
<Loc EndOffset="11157" SrcFileId="1" StartOffset="11138"/>
</LocList>
</BasicStmnt>
<BasicStmnt CovItemId="S215" CovItemPrefix="test.BillTest.java" Intrnl_Id="271">
<LocList>
<Loc EndOffset="11230" SrcFileId="1" StartOffset="11160"/>
</LocList>
</BasicStmnt>
<BasicStmnt CovItemId="S216" CovItemPrefix="test.BillTest.java" Intrnl_Id="272">
<LocList>
<Loc EndOffset="11252" SrcFileId="1" StartOffset="11233"/>
</LocList>
</BasicStmnt>
<BasicStmnt CovItemId="S217" CovItemPrefix="test.BillTest.java" Intrnl_Id="273">
<LocList>
<Loc EndOffset="11315" SrcFileId="1" StartOffset="11255"/>
</LocList>
</BasicStmnt>
<BasicStmnt CovItemId="S218" CovItemPrefix="test.BillTest.java" Intrnl_Id="274">
<LocList>
<Loc EndOffset="11337" SrcFileId="1" StartOffset="11318"/>
</LocList>
</BasicStmnt>
<BasicStmnt CovItemId="S219" CovItemPrefix="test.BillTest.java" Intrnl_Id="275">
<LocList>
<Loc EndOffset="11408" SrcFileId="1" StartOffset="11350"/>
</LocList>
</BasicStmnt>
</StmntSeq>
</HierarchyLvl>
<HierarchyLvl HierarchyLvlId="153" HierarchyLvlTypeId="8" Intrnl_Id="276" Name="testcase21">
<Header>
<Loc EndOffset="11445" SrcFileId="1" StartOffset="11414"/>
</Header>
<LocList>
<Loc EndOffset="12034" SrcFileId="1" StartOffset="11414"/>
</LocList>
<StmntSeq Intrnl_Id="277">
<LocList>
<Loc EndOffset="11489" SrcFileId="1" StartOffset="11465"/>
<Loc EndOffset="11544" SrcFileId="1" StartOffset="11492"/>
<Loc EndOffset="11572" SrcFileId="1" StartOffset="11547"/>
<Loc EndOffset="11642" SrcFileId="1" StartOffset="11575"/>
<Loc EndOffset="11670" SrcFileId="1" StartOffset="11645"/>
<Loc EndOffset="11740" SrcFileId="1" StartOffset="11673"/>
<Loc EndOffset="11772" SrcFileId="1" StartOffset="11746"/>
<Loc EndOffset="11842" SrcFileId="1" StartOffset="11775"/>
<Loc EndOffset="11868" SrcFileId="1" StartOffset="11848"/>
<Loc EndOffset="11938" SrcFileId="1" StartOffset="11871"/>
<Loc EndOffset="11957" SrcFileId="1" StartOffset="11942"/>
<Loc EndOffset="12027" SrcFileId="1" StartOffset="11960"/>
</LocList>
<BasicStmnt CovItemId="S220" CovItemPrefix="test.BillTest.java" Intrnl_Id="278">
<LocList>
<Loc EndOffset="11489" SrcFileId="1" StartOffset="11465"/>
</LocList>
</BasicStmnt>
<BasicStmnt CovItemId="S221" CovItemPrefix="test.BillTest.java" Intrnl_Id="279">
<LocList>
<Loc EndOffset="11544" SrcFileId="1" StartOffset="11492"/>
</LocList>
</BasicStmnt>
<BasicStmnt CovItemId="S222" CovItemPrefix="test.BillTest.java" Intrnl_Id="280">
<LocList>
<Loc EndOffset="11572" SrcFileId="1" StartOffset="11547"/>
</LocList>
</BasicStmnt>
<BasicStmnt CovItemId="S223" CovItemPrefix="test.BillTest.java" Intrnl_Id="281">
<LocList>
<Loc EndOffset="11642" SrcFileId="1" StartOffset="11575"/>
</LocList>
</BasicStmnt>
<BasicStmnt CovItemId="S224" CovItemPrefix="test.BillTest.java" Intrnl_Id="282">
<LocList>
<Loc EndOffset="11670" SrcFileId="1" StartOffset="11645"/>
</LocList>
</BasicStmnt>
<BasicStmnt CovItemId="S225" CovItemPrefix="test.BillTest.java" Intrnl_Id="283">
<LocList>
<Loc EndOffset="11740" SrcFileId="1" StartOffset="11673"/>
</LocList>
</BasicStmnt>
<BasicStmnt CovItemId="S226" CovItemPrefix="test.BillTest.java" Intrnl_Id="284">
<LocList>
<Loc EndOffset="11772" SrcFileId="1" StartOffset="11746"/>
</LocList>
</BasicStmnt>
<BasicStmnt CovItemId="S227" CovItemPrefix="test.BillTest.java" Intrnl_Id="285">
<LocList>
<Loc EndOffset="11842" SrcFileId="1" StartOffset="11775"/>
</LocList>
</BasicStmnt>
<BasicStmnt CovItemId="S228" CovItemPrefix="test.BillTest.java" Intrnl_Id="286">
<LocList>
<Loc EndOffset="11868" SrcFileId="1" StartOffset="11848"/>
</LocList>
</BasicStmnt>
<BasicStmnt CovItemId="S229" CovItemPrefix="test.BillTest.java" Intrnl_Id="287">
<LocList>
<Loc EndOffset="11938" SrcFileId="1" StartOffset="11871"/>
</LocList>
</BasicStmnt>
<BasicStmnt CovItemId="S230" CovItemPrefix="test.BillTest.java" Intrnl_Id="288">
<LocList>
<Loc EndOffset="11957" SrcFileId="1" StartOffset="11942"/>
</LocList>
</BasicStmnt>
<BasicStmnt CovItemId="S231" CovItemPrefix="test.BillTest.java" Intrnl_Id="289">
<LocList>
<Loc EndOffset="12027" SrcFileId="1" StartOffset="11960"/>
</LocList>
</BasicStmnt>
</StmntSeq>
</HierarchyLvl>
<HierarchyLvl HierarchyLvlId="154" HierarchyLvlTypeId="8" Intrnl_Id="290" Name="testcase22">
<Header>
<Loc EndOffset="12069" SrcFileId="1" StartOffset="12038"/>
</Header>
<LocList>
<Loc EndOffset="12752" SrcFileId="1" StartOffset="12038"/>
</LocList>
<StmntSeq Intrnl_Id="291">
<LocList>
<Loc EndOffset="12113" SrcFileId="1" StartOffset="12089"/>
<Loc EndOffset="12168" SrcFileId="1" StartOffset="12116"/>
<Loc EndOffset="12196" SrcFileId="1" StartOffset="12171"/>
<Loc EndOffset="12266" SrcFileId="1" StartOffset="12199"/>
<Loc EndOffset="12288" SrcFileId="1" StartOffset="12269"/>
<Loc EndOffset="12359" SrcFileId="1" StartOffset="12291"/>
<Loc EndOffset="12387" SrcFileId="1" StartOffset="12362"/>
<Loc EndOffset="12458" SrcFileId="1" StartOffset="12390"/>
<Loc EndOffset="12490" SrcFileId="1" StartOffset="12464"/>
<Loc EndOffset="12561" SrcFileId="1" StartOffset="12493"/>
<Loc EndOffset="12587" SrcFileId="1" StartOffset="12567"/>
<Loc EndOffset="12658" SrcFileId="1" StartOffset="12590"/>
<Loc EndOffset="12677" SrcFileId="1" StartOffset="12662"/>
<Loc EndOffset="12748" SrcFileId="1" StartOffset="12680"/>
</LocList>
<BasicStmnt CovItemId="S232" CovItemPrefix="test.BillTest.java" Intrnl_Id="292">
<LocList>
<Loc EndOffset="12113" SrcFileId="1" StartOffset="12089"/>
</LocList>
</BasicStmnt>
<BasicStmnt CovItemId="S233" CovItemPrefix="test.BillTest.java" Intrnl_Id="293">
<LocList>
<Loc EndOffset="12168" SrcFileId="1" StartOffset="12116"/>
</LocList>
</BasicStmnt>
<BasicStmnt CovItemId="S234" CovItemPrefix="test.BillTest.java" Intrnl_Id="294">
<LocList>
<Loc EndOffset="12196" SrcFileId="1" StartOffset="12171"/>
</LocList>
</BasicStmnt>
<BasicStmnt CovItemId="S235" CovItemPrefix="test.BillTest.java" Intrnl_Id="295">
<LocList>
<Loc EndOffset="12266" SrcFileId="1" StartOffset="12199"/>
</LocList>
</BasicStmnt>
<BasicStmnt CovItemId="S236" CovItemPrefix="test.BillTest.java" Intrnl_Id="296">
<LocList>
<Loc EndOffset="12288" SrcFileId="1" StartOffset="12269"/>
</LocList>
</BasicStmnt>
<BasicStmnt CovItemId="S237" CovItemPrefix="test.BillTest.java" Intrnl_Id="297">
<LocList>
<Loc EndOffset="12359" SrcFileId="1" StartOffset="12291"/>
</LocList>
</BasicStmnt>
<BasicStmnt CovItemId="S238" CovItemPrefix="test.BillTest.java" Intrnl_Id="298">
<LocList>
<Loc EndOffset="12387" SrcFileId="1" StartOffset="12362"/>
</LocList>
</BasicStmnt>
<BasicStmnt CovItemId="S239" CovItemPrefix="test.BillTest.java" Intrnl_Id="299">
<LocList>
<Loc EndOffset="12458" SrcFileId="1" StartOffset="12390"/>
</LocList>
</BasicStmnt>
<BasicStmnt CovItemId="S240" CovItemPrefix="test.BillTest.java" Intrnl_Id="300">
<LocList>
<Loc EndOffset="12490" SrcFileId="1" StartOffset="12464"/>
</LocList>
</BasicStmnt>
<BasicStmnt CovItemId="S241" CovItemPrefix="test.BillTest.java" Intrnl_Id="301">
<LocList>
<Loc EndOffset="12561" SrcFileId="1" StartOffset="12493"/>
</LocList>
</BasicStmnt>
<BasicStmnt CovItemId="S242" CovItemPrefix="test.BillTest.java" Intrnl_Id="302">
<LocList>
<Loc EndOffset="12587" SrcFileId="1" StartOffset="12567"/>
</LocList>
</BasicStmnt>
<BasicStmnt CovItemId="S243" CovItemPrefix="test.BillTest.java" Intrnl_Id="303">
<LocList>
<Loc EndOffset="12658" SrcFileId="1" StartOffset="12590"/>
</LocList>
</BasicStmnt>
<BasicStmnt CovItemId="S244" CovItemPrefix="test.BillTest.java" Intrnl_Id="304">
<LocList>
<Loc EndOffset="12677" SrcFileId="1" StartOffset="12662"/>
</LocList>
</BasicStmnt>
<BasicStmnt CovItemId="S245" CovItemPrefix="test.BillTest.java" Intrnl_Id="305">
<LocList>
<Loc EndOffset="12748" SrcFileId="1" StartOffset="12680"/>
</LocList>
</BasicStmnt>
</StmntSeq>
</HierarchyLvl>
<HierarchyLvl HierarchyLvlId="155" HierarchyLvlTypeId="8" Intrnl_Id="306" Name="testcase23">
<Header>
<Loc EndOffset="12785" SrcFileId="1" StartOffset="12754"/>
</Header>
<LocList>
<Loc EndOffset="13498" SrcFileId="1" StartOffset="12754"/>
</LocList>
<StmntSeq Intrnl_Id="307">
<LocList>
<Loc EndOffset="12829" SrcFileId="1" StartOffset="12805"/>
<Loc EndOffset="12884" SrcFileId="1" StartOffset="12832"/>
<Loc EndOffset="12912" SrcFileId="1" StartOffset="12887"/>
<Loc EndOffset="12982" SrcFileId="1" StartOffset="12915"/>
<Loc EndOffset="13004" SrcFileId="1" StartOffset="12985"/>
<Loc EndOffset="13075" SrcFileId="1" StartOffset="13007"/>
<Loc EndOffset="13097" SrcFileId="1" StartOffset="13078"/>
<Loc EndOffset="13177" SrcFileId="1" StartOffset="13100"/>
<Loc EndOffset="13209" SrcFileId="1" StartOffset="13183"/>
<Loc EndOffset="13289" SrcFileId="1" StartOffset="13212"/>
<Loc EndOffset="13315" SrcFileId="1" StartOffset="13295"/>
<Loc EndOffset="13395" SrcFileId="1" StartOffset="13318"/>
<Loc EndOffset="13414" SrcFileId="1" StartOffset="13399"/>
<Loc EndOffset="13494" SrcFileId="1" StartOffset="13417"/>
</LocList>
<BasicStmnt CovItemId="S246" CovItemPrefix="test.BillTest.java" Intrnl_Id="308">
<LocList>
<Loc EndOffset="12829" SrcFileId="1" StartOffset="12805"/>
</LocList>
</BasicStmnt>
<BasicStmnt CovItemId="S247" CovItemPrefix="test.BillTest.java" Intrnl_Id="309">
<LocList>
<Loc EndOffset="12884" SrcFileId="1" StartOffset="12832"/>
</LocList>
</BasicStmnt>
<BasicStmnt CovItemId="S248" CovItemPrefix="test.BillTest.java" Intrnl_Id="310">
<LocList>
<Loc EndOffset="12912" SrcFileId="1" StartOffset="12887"/>
</LocList>
</BasicStmnt>
<BasicStmnt CovItemId="S249" CovItemPrefix="test.BillTest.java" Intrnl_Id="311">
<LocList>
<Loc EndOffset="12982" SrcFileId="1" StartOffset="12915"/>
</LocList>
</BasicStmnt>
<BasicStmnt CovItemId="S250" CovItemPrefix="test.BillTest.java" Intrnl_Id="312">
<LocList>
<Loc EndOffset="13004" SrcFileId="1" StartOffset="12985"/>
</LocList>
</BasicStmnt>
<BasicStmnt CovItemId="S251" CovItemPrefix="test.BillTest.java" Intrnl_Id="313">
<LocList>
<Loc EndOffset="13075" SrcFileId="1" StartOffset="13007"/>
</LocList>
</BasicStmnt>
<BasicStmnt CovItemId="S252" CovItemPrefix="test.BillTest.java" Intrnl_Id="314">
<LocList>
<Loc EndOffset="13097" SrcFileId="1" StartOffset="13078"/>
</LocList>
</BasicStmnt>
<BasicStmnt CovItemId="S253" CovItemPrefix="test.BillTest.java" Intrnl_Id="315">
<LocList>
<Loc EndOffset="13177" SrcFileId="1" StartOffset="13100"/>
</LocList>
</BasicStmnt>
<BasicStmnt CovItemId="S254" CovItemPrefix="test.BillTest.java" Intrnl_Id="316">
<LocList>
<Loc EndOffset="13209" SrcFileId="1" StartOffset="13183"/>
</LocList>
</BasicStmnt>
<BasicStmnt CovItemId="S255" CovItemPrefix="test.BillTest.java" Intrnl_Id="317">
<LocList>
<Loc EndOffset="13289" SrcFileId="1" StartOffset="13212"/>
</LocList>
</BasicStmnt>
<BasicStmnt CovItemId="S256" CovItemPrefix="test.BillTest.java" Intrnl_Id="318">
<LocList>
<Loc EndOffset="13315" SrcFileId="1" StartOffset="13295"/>
</LocList>
</BasicStmnt>
<BasicStmnt CovItemId="S257" CovItemPrefix="test.BillTest.java" Intrnl_Id="319">
<LocList>
<Loc EndOffset="13395" SrcFileId="1" StartOffset="13318"/>
</LocList>
</BasicStmnt>
<BasicStmnt CovItemId="S258" CovItemPrefix="test.BillTest.java" Intrnl_Id="320">
<LocList>
<Loc EndOffset="13414" SrcFileId="1" StartOffset="13399"/>
</LocList>
</BasicStmnt>
<BasicStmnt CovItemId="S259" CovItemPrefix="test.BillTest.java" Intrnl_Id="321">
<LocList>
<Loc EndOffset="13494" SrcFileId="1" StartOffset="13417"/>
</LocList>
</BasicStmnt>
</StmntSeq>
</HierarchyLvl>
<HierarchyLvl HierarchyLvlId="156" HierarchyLvlTypeId="8" Intrnl_Id="322" Name="testcase24">
<Header>
<Loc EndOffset="13533" SrcFileId="1" StartOffset="13502"/>
</Header>
<LocList>
<Loc EndOffset="14306" SrcFileId="1" StartOffset="13502"/>
</LocList>
<StmntSeq Intrnl_Id="323">
<LocList>
<Loc EndOffset="13577" SrcFileId="1" StartOffset="13553"/>
<Loc EndOffset="13632" SrcFileId="1" StartOffset="13580"/>
<Loc EndOffset="13660" SrcFileId="1" StartOffset="13635"/>
<Loc EndOffset="13730" SrcFileId="1" StartOffset="13663"/>
<Loc EndOffset="13752" SrcFileId="1" StartOffset="13733"/>
<Loc EndOffset="13823" SrcFileId="1" StartOffset="13755"/>
<Loc EndOffset="13845" SrcFileId="1" StartOffset="13826"/>
<Loc EndOffset="13925" SrcFileId="1" StartOffset="13848"/>
<Loc EndOffset="13947" SrcFileId="1" StartOffset="13928"/>
<Loc EndOffset="14017" SrcFileId="1" StartOffset="13950"/>
<Loc EndOffset="14047" SrcFileId="1" StartOffset="14021"/>
<Loc EndOffset="14117" SrcFileId="1" StartOffset="14050"/>
<Loc EndOffset="14143" SrcFileId="1" StartOffset="14123"/>
<Loc EndOffset="14213" SrcFileId="1" StartOffset="14146"/>
<Loc EndOffset="14232" SrcFileId="1" StartOffset="14217"/>
<Loc EndOffset="14302" SrcFileId="1" StartOffset="14235"/>
</LocList>
<BasicStmnt CovItemId="S260" CovItemPrefix="test.BillTest.java" Intrnl_Id="324">
<LocList>
<Loc EndOffset="13577" SrcFileId="1" StartOffset="13553"/>
</LocList>
</BasicStmnt>
<BasicStmnt CovItemId="S261" CovItemPrefix="test.BillTest.java" Intrnl_Id="325">
<LocList>
<Loc EndOffset="13632" SrcFileId="1" StartOffset="13580"/>
</LocList>
</BasicStmnt>
<BasicStmnt CovItemId="S262" CovItemPrefix="test.BillTest.java" Intrnl_Id="326">
<LocList>
<Loc EndOffset="13660" SrcFileId="1" StartOffset="13635"/>
</LocList>
</BasicStmnt>
<BasicStmnt CovItemId="S263" CovItemPrefix="test.BillTest.java" Intrnl_Id="327">
<LocList>
<Loc EndOffset="13730" SrcFileId="1" StartOffset="13663"/>
</LocList>
</BasicStmnt>
<BasicStmnt CovItemId="S264" CovItemPrefix="test.BillTest.java" Intrnl_Id="328">
<LocList>
<Loc EndOffset="13752" SrcFileId="1" StartOffset="13733"/>
</LocList>
</BasicStmnt>
<BasicStmnt CovItemId="S265" CovItemPrefix="test.BillTest.java" Intrnl_Id="329">
<LocList>
<Loc EndOffset="13823" SrcFileId="1" StartOffset="13755"/>
</LocList>
</BasicStmnt>
<BasicStmnt CovItemId="S266" CovItemPrefix="test.BillTest.java" Intrnl_Id="330">
<LocList>
<Loc EndOffset="13845" SrcFileId="1" StartOffset="13826"/>
</LocList>
</BasicStmnt>
<BasicStmnt CovItemId="S267" CovItemPrefix="test.BillTest.java" Intrnl_Id="331">
<LocList>
<Loc EndOffset="13925" SrcFileId="1" StartOffset="13848"/>
</LocList>
</BasicStmnt>
<BasicStmnt CovItemId="S268" CovItemPrefix="test.BillTest.java" Intrnl_Id="332">
<LocList>
<Loc EndOffset="13947" SrcFileId="1" StartOffset="13928"/>
</LocList>
</BasicStmnt>
<BasicStmnt CovItemId="S269" CovItemPrefix="test.BillTest.java" Intrnl_Id="333">
<LocList>
<Loc EndOffset="14017" SrcFileId="1" StartOffset="13950"/>
</LocList>
</BasicStmnt>
<BasicStmnt CovItemId="S270" CovItemPrefix="test.BillTest.java" Intrnl_Id="334">
<LocList>
<Loc EndOffset="14047" SrcFileId="1" StartOffset="14021"/>
</LocList>
</BasicStmnt>
<BasicStmnt CovItemId="S271" CovItemPrefix="test.BillTest.java" Intrnl_Id="335">
<LocList>
<Loc EndOffset="14117" SrcFileId="1" StartOffset="14050"/>
</LocList>
</BasicStmnt>
<BasicStmnt CovItemId="S272" CovItemPrefix="test.BillTest.java" Intrnl_Id="336">
<LocList>
<Loc EndOffset="14143" SrcFileId="1" StartOffset="14123"/>
</LocList>
</BasicStmnt>
<BasicStmnt CovItemId="S273" CovItemPrefix="test.BillTest.java" Intrnl_Id="337">
<LocList>
<Loc EndOffset="14213" SrcFileId="1" StartOffset="14146"/>
</LocList>
</BasicStmnt>
<BasicStmnt CovItemId="S274" CovItemPrefix="test.BillTest.java" Intrnl_Id="338">
<LocList>
<Loc EndOffset="14232" SrcFileId="1" StartOffset="14217"/>
</LocList>
</BasicStmnt>
<BasicStmnt CovItemId="S275" CovItemPrefix="test.BillTest.java" Intrnl_Id="339">
<LocList>
<Loc EndOffset="14302" SrcFileId="1" StartOffset="14235"/>
</LocList>
</BasicStmnt>
</StmntSeq>
</HierarchyLvl>
<HierarchyLvl HierarchyLvlId="157" HierarchyLvlTypeId="8" Intrnl_Id="340" Name="testcase25">
<Header>
<Loc EndOffset="14341" SrcFileId="1" StartOffset="14310"/>
</Header>
<LocList>
<Loc EndOffset="15536" SrcFileId="1" StartOffset="14310"/>
</LocList>
<StmntSeq Intrnl_Id="341">
<LocList>
<Loc EndOffset="14385" SrcFileId="1" StartOffset="14361"/>
<Loc EndOffset="14440" SrcFileId="1" StartOffset="14388"/>
<Loc EndOffset="14468" SrcFileId="1" StartOffset="14443"/>
<Loc EndOffset="14538" SrcFileId="1" StartOffset="14471"/>
<Loc EndOffset="14560" SrcFileId="1" StartOffset="14541"/>
<Loc EndOffset="14631" SrcFileId="1" StartOffset="14563"/>
<Loc EndOffset="14653" SrcFileId="1" StartOffset="14634"/>
<Loc EndOffset="14733" SrcFileId="1" StartOffset="14656"/>
<Loc EndOffset="14755" SrcFileId="1" StartOffset="14736"/>
<Loc EndOffset="14825" SrcFileId="1" StartOffset="14758"/>
<Loc EndOffset="14847" SrcFileId="1" StartOffset="14828"/>
<Loc EndOffset="14924" SrcFileId="1" StartOffset="14850"/>
<Loc EndOffset="14947" SrcFileId="1" StartOffset="14928"/>
<Loc EndOffset="15024" SrcFileId="1" StartOffset="14950"/>
<Loc EndOffset="15048" SrcFileId="1" StartOffset="15030"/>
<Loc EndOffset="15125" SrcFileId="1" StartOffset="15051"/>
<Loc EndOffset="15146" SrcFileId="1" StartOffset="15129"/>
<Loc EndOffset="15223" SrcFileId="1" StartOffset="15149"/>
<Loc EndOffset="15252" SrcFileId="1" StartOffset="15227"/>
<Loc EndOffset="15329" SrcFileId="1" StartOffset="15255"/>
<Loc EndOffset="15359" SrcFileId="1" StartOffset="15333"/>
<Loc EndOffset="15436" SrcFileId="1" StartOffset="15362"/>
<Loc EndOffset="15455" SrcFileId="1" StartOffset="15440"/>
<Loc EndOffset="15532" SrcFileId="1" StartOffset="15458"/>
</LocList>
<BasicStmnt CovItemId="S276" CovItemPrefix="test.BillTest.java" Intrnl_Id="342">
<LocList>
<Loc EndOffset="14385" SrcFileId="1" StartOffset="14361"/>
</LocList>
</BasicStmnt>
<BasicStmnt CovItemId="S277" CovItemPrefix="test.BillTest.java" Intrnl_Id="343">
<LocList>
<Loc EndOffset="14440" SrcFileId="1" StartOffset="14388"/>
</LocList>
</BasicStmnt>
<BasicStmnt CovItemId="S278" CovItemPrefix="test.BillTest.java" Intrnl_Id="344">
<LocList>
<Loc EndOffset="14468" SrcFileId="1" StartOffset="14443"/>
</LocList>
</BasicStmnt>
<BasicStmnt CovItemId="S279" CovItemPrefix="test.BillTest.java" Intrnl_Id="345">
<LocList>
<Loc EndOffset="14538" SrcFileId="1" StartOffset="14471"/>
</LocList>
</BasicStmnt>
<BasicStmnt CovItemId="S280" CovItemPrefix="test.BillTest.java" Intrnl_Id="346">
<LocList>
<Loc EndOffset="14560" SrcFileId="1" StartOffset="14541"/>
</LocList>
</BasicStmnt>
<BasicStmnt CovItemId="S281" CovItemPrefix="test.BillTest.java" Intrnl_Id="347">
<LocList>
<Loc EndOffset="14631" SrcFileId="1" StartOffset="14563"/>
</LocList>
</BasicStmnt>
<BasicStmnt CovItemId="S282" CovItemPrefix="test.BillTest.java" Intrnl_Id="348">
<LocList>
<Loc EndOffset="14653" SrcFileId="1" StartOffset="14634"/>
</LocList>
</BasicStmnt>
<BasicStmnt CovItemId="S283" CovItemPrefix="test.BillTest.java" Intrnl_Id="349">
<LocList>
<Loc EndOffset="14733" SrcFileId="1" StartOffset="14656"/>
</LocList>
</BasicStmnt>
<BasicStmnt CovItemId="S284" CovItemPrefix="test.BillTest.java" Intrnl_Id="350">
<LocList>
<Loc EndOffset="14755" SrcFileId="1" StartOffset="14736"/>
</LocList>
</BasicStmnt>
<BasicStmnt CovItemId="S285" CovItemPrefix="test.BillTest.java" Intrnl_Id="351">
<LocList>
<Loc EndOffset="14825" SrcFileId="1" StartOffset="14758"/>
</LocList>
</BasicStmnt>
<BasicStmnt CovItemId="S286" CovItemPrefix="test.BillTest.java" Intrnl_Id="352">
<LocList>
<Loc EndOffset="14847" SrcFileId="1" StartOffset="14828"/>
</LocList>
</BasicStmnt>
<BasicStmnt CovItemId="S287" CovItemPrefix="test.BillTest.java" Intrnl_Id="353">
<LocList>
<Loc EndOffset="14924" SrcFileId="1" StartOffset="14850"/>
</LocList>
</BasicStmnt>
<BasicStmnt CovItemId="S288" CovItemPrefix="test.BillTest.java" Intrnl_Id="354">
<LocList>
<Loc EndOffset="14947" SrcFileId="1" StartOffset="14928"/>
</LocList>
</BasicStmnt>
<BasicStmnt CovItemId="S289" CovItemPrefix="test.BillTest.java" Intrnl_Id="355">
<LocList>
<Loc EndOffset="15024" SrcFileId="1" StartOffset="14950"/>
</LocList>
</BasicStmnt>
<BasicStmnt CovItemId="S290" CovItemPrefix="test.BillTest.java" Intrnl_Id="356">
<LocList>
<Loc EndOffset="15048" SrcFileId="1" StartOffset="15030"/>
</LocList>
</BasicStmnt>
<BasicStmnt CovItemId="S291" CovItemPrefix="test.BillTest.java" Intrnl_Id="357">
<LocList>
<Loc EndOffset="15125" SrcFileId="1" StartOffset="15051"/>
</LocList>
</BasicStmnt>
<BasicStmnt CovItemId="S292" CovItemPrefix="test.BillTest.java" Intrnl_Id="358">
<LocList>
<Loc EndOffset="15146" SrcFileId="1" StartOffset="15129"/>
</LocList>
</BasicStmnt>
<BasicStmnt CovItemId="S293" CovItemPrefix="test.BillTest.java" Intrnl_Id="359">
<LocList>
<Loc EndOffset="15223" SrcFileId="1" StartOffset="15149"/>
</LocList>
</BasicStmnt>
<BasicStmnt CovItemId="S294" CovItemPrefix="test.BillTest.java" Intrnl_Id="360">
<LocList>
<Loc EndOffset="15252" SrcFileId="1" StartOffset="15227"/>
</LocList>
</BasicStmnt>
<BasicStmnt CovItemId="S295" CovItemPrefix="test.BillTest.java" Intrnl_Id="361">
<LocList>
<Loc EndOffset="15329" SrcFileId="1" StartOffset="15255"/>
</LocList>
</BasicStmnt>
<BasicStmnt CovItemId="S296" CovItemPrefix="test.BillTest.java" Intrnl_Id="362">
<LocList>
<Loc EndOffset="15359" SrcFileId="1" StartOffset="15333"/>
</LocList>
</BasicStmnt>
<BasicStmnt CovItemId="S297" CovItemPrefix="test.BillTest.java" Intrnl_Id="363">
<LocList>
<Loc EndOffset="15436" SrcFileId="1" StartOffset="15362"/>
</LocList>
</BasicStmnt>
<BasicStmnt CovItemId="S298" CovItemPrefix="test.BillTest.java" Intrnl_Id="364">
<LocList>
<Loc EndOffset="15455" SrcFileId="1" StartOffset="15440"/>
</LocList>
</BasicStmnt>
<BasicStmnt CovItemId="S299" CovItemPrefix="test.BillTest.java" Intrnl_Id="365">
<LocList>
<Loc EndOffset="15532" SrcFileId="1" StartOffset="15458"/>
</LocList>
</BasicStmnt>
</StmntSeq>
</HierarchyLvl>
<HierarchyLvl HierarchyLvlId="158" HierarchyLvlTypeId="8" Intrnl_Id="366" Name="testcase26">
<Header>
<Loc EndOffset="15571" SrcFileId="1" StartOffset="15540"/>
</Header>
<LocList>
<Loc EndOffset="16122" SrcFileId="1" StartOffset="15540"/>
</LocList>
<StmntSeq Intrnl_Id="367">
<LocList>
<Loc EndOffset="15615" SrcFileId="1" StartOffset="15591"/>
<Loc EndOffset="15670" SrcFileId="1" StartOffset="15618"/>
<Loc EndOffset="15699" SrcFileId="1" StartOffset="15673"/>
<Loc EndOffset="15762" SrcFileId="1" StartOffset="15702"/>
<Loc EndOffset="15790" SrcFileId="1" StartOffset="15765"/>
<Loc EndOffset="15853" SrcFileId="1" StartOffset="15793"/>
<Loc EndOffset="15883" SrcFileId="1" StartOffset="15857"/>
<Loc EndOffset="15946" SrcFileId="1" StartOffset="15886"/>
<Loc EndOffset="15970" SrcFileId="1" StartOffset="15950"/>
<Loc EndOffset="16033" SrcFileId="1" StartOffset="15973"/>
<Loc EndOffset="16052" SrcFileId="1" StartOffset="16037"/>
<Loc EndOffset="16115" SrcFileId="1" StartOffset="16055"/>
</LocList>
<BasicStmnt CovItemId="S300" CovItemPrefix="test.BillTest.java" Intrnl_Id="368">
<LocList>
<Loc EndOffset="15615" SrcFileId="1" StartOffset="15591"/>
</LocList>
</BasicStmnt>
<BasicStmnt CovItemId="S301" CovItemPrefix="test.BillTest.java" Intrnl_Id="369">
<LocList>
<Loc EndOffset="15670" SrcFileId="1" StartOffset="15618"/>
</LocList>
</BasicStmnt>
<BasicStmnt CovItemId="S302" CovItemPrefix="test.BillTest.java" Intrnl_Id="370">
<LocList>
<Loc EndOffset="15699" SrcFileId="1" StartOffset="15673"/>
</LocList>
</BasicStmnt>
<BasicStmnt CovItemId="S303" CovItemPrefix="test.BillTest.java" Intrnl_Id="371">
<LocList>
<Loc EndOffset="15762" SrcFileId="1" StartOffset="15702"/>
</LocList>
</BasicStmnt>
<BasicStmnt CovItemId="S304" CovItemPrefix="test.BillTest.java" Intrnl_Id="372">
<LocList>
<Loc EndOffset="15790" SrcFileId="1" StartOffset="15765"/>
</LocList>
</BasicStmnt>
<BasicStmnt CovItemId="S305" CovItemPrefix="test.BillTest.java" Intrnl_Id="373">
<LocList>
<Loc EndOffset="15853" SrcFileId="1" StartOffset="15793"/>
</LocList>
</BasicStmnt>
<BasicStmnt CovItemId="S306" CovItemPrefix="test.BillTest.java" Intrnl_Id="374">
<LocList>
<Loc EndOffset="15883" SrcFileId="1" StartOffset="15857"/>
</LocList>
</BasicStmnt>
<BasicStmnt CovItemId="S307" CovItemPrefix="test.BillTest.java" Intrnl_Id="375">
<LocList>
<Loc EndOffset="15946" SrcFileId="1" StartOffset="15886"/>
</LocList>
</BasicStmnt>
<BasicStmnt CovItemId="S308" CovItemPrefix="test.BillTest.java" Intrnl_Id="376">
<LocList>
<Loc EndOffset="15970" SrcFileId="1" StartOffset="15950"/>
</LocList>
</BasicStmnt>
<BasicStmnt CovItemId="S309" CovItemPrefix="test.BillTest.java" Intrnl_Id="377">
<LocList>
<Loc EndOffset="16033" SrcFileId="1" StartOffset="15973"/>
</LocList>
</BasicStmnt>
<BasicStmnt CovItemId="S310" CovItemPrefix="test.BillTest.java" Intrnl_Id="378">
<LocList>
<Loc EndOffset="16052" SrcFileId="1" StartOffset="16037"/>
</LocList>
</BasicStmnt>
<BasicStmnt CovItemId="S311" CovItemPrefix="test.BillTest.java" Intrnl_Id="379">
<LocList>
<Loc EndOffset="16115" SrcFileId="1" StartOffset="16055"/>
</LocList>
</BasicStmnt>
</StmntSeq>
</HierarchyLvl>
<HierarchyLvl HierarchyLvlId="159" HierarchyLvlTypeId="8" Intrnl_Id="380" Name="testcase27">
<Header>
<Loc EndOffset="16155" SrcFileId="1" StartOffset="16124"/>
</Header>
<LocList>
<Loc EndOffset="16793" SrcFileId="1" StartOffset="16124"/>
</LocList>
<StmntSeq Intrnl_Id="381">
<LocList>
<Loc EndOffset="16199" SrcFileId="1" StartOffset="16175"/>
<Loc EndOffset="16254" SrcFileId="1" StartOffset="16202"/>
<Loc EndOffset="16283" SrcFileId="1" StartOffset="16257"/>
<Loc EndOffset="16346" SrcFileId="1" StartOffset="16286"/>
<Loc EndOffset="16368" SrcFileId="1" StartOffset="16349"/>
<Loc EndOffset="16432" SrcFileId="1" StartOffset="16371"/>
<Loc EndOffset="16460" SrcFileId="1" StartOffset="16435"/>
<Loc EndOffset="16524" SrcFileId="1" StartOffset="16463"/>
<Loc EndOffset="16554" SrcFileId="1" StartOffset="16528"/>
<Loc EndOffset="16618" SrcFileId="1" StartOffset="16557"/>
<Loc EndOffset="16642" SrcFileId="1" StartOffset="16622"/>
<Loc EndOffset="16706" SrcFileId="1" StartOffset="16645"/>
<Loc EndOffset="16725" SrcFileId="1" StartOffset="16710"/>
<Loc EndOffset="16789" SrcFileId="1" StartOffset="16728"/>
</LocList>
<BasicStmnt CovItemId="S312" CovItemPrefix="test.BillTest.java" Intrnl_Id="382">
<LocList>
<Loc EndOffset="16199" SrcFileId="1" StartOffset="16175"/>
</LocList>
</BasicStmnt>
<BasicStmnt CovItemId="S313" CovItemPrefix="test.BillTest.java" Intrnl_Id="383">
<LocList>
<Loc EndOffset="16254" SrcFileId="1" StartOffset="16202"/>
</LocList>
</BasicStmnt>
<BasicStmnt CovItemId="S314" CovItemPrefix="test.BillTest.java" Intrnl_Id="384">
<LocList>
<Loc EndOffset="16283" SrcFileId="1" StartOffset="16257"/>
</LocList>
</BasicStmnt>
<BasicStmnt CovItemId="S315" CovItemPrefix="test.BillTest.java" Intrnl_Id="385">
<LocList>
<Loc EndOffset="16346" SrcFileId="1" StartOffset="16286"/>
</LocList>
</BasicStmnt>
<BasicStmnt CovItemId="S316" CovItemPrefix="test.BillTest.java" Intrnl_Id="386">
<LocList>
<Loc EndOffset="16368" SrcFileId="1" StartOffset="16349"/>
</LocList>
</BasicStmnt>
<BasicStmnt CovItemId="S317" CovItemPrefix="test.BillTest.java" Intrnl_Id="387">
<LocList>
<Loc EndOffset="16432" SrcFileId="1" StartOffset="16371"/>
</LocList>
</BasicStmnt>
<BasicStmnt CovItemId="S318" CovItemPrefix="test.BillTest.java" Intrnl_Id="388">
<LocList>
<Loc EndOffset="16460" SrcFileId="1" StartOffset="16435"/>
</LocList>
</BasicStmnt>
<BasicStmnt CovItemId="S319" CovItemPrefix="test.BillTest.java" Intrnl_Id="389">
<LocList>
<Loc EndOffset="16524" SrcFileId="1" StartOffset="16463"/>
</LocList>
</BasicStmnt>
<BasicStmnt CovItemId="S320" CovItemPrefix="test.BillTest.java" Intrnl_Id="390">
<LocList>
<Loc EndOffset="16554" SrcFileId="1" StartOffset="16528"/>
</LocList>
</BasicStmnt>
<BasicStmnt CovItemId="S321" CovItemPrefix="test.BillTest.java" Intrnl_Id="391">
<LocList>
<Loc EndOffset="16618" SrcFileId="1" StartOffset="16557"/>
</LocList>
</BasicStmnt>
<BasicStmnt CovItemId="S322" CovItemPrefix="test.BillTest.java" Intrnl_Id="392">
<LocList>
<Loc EndOffset="16642" SrcFileId="1" StartOffset="16622"/>
</LocList>
</BasicStmnt>
<BasicStmnt CovItemId="S323" CovItemPrefix="test.BillTest.java" Intrnl_Id="393">
<LocList>
<Loc EndOffset="16706" SrcFileId="1" StartOffset="16645"/>
</LocList>
</BasicStmnt>
<BasicStmnt CovItemId="S324" CovItemPrefix="test.BillTest.java" Intrnl_Id="394">
<LocList>
<Loc EndOffset="16725" SrcFileId="1" StartOffset="16710"/>
</LocList>
</BasicStmnt>
<BasicStmnt CovItemId="S325" CovItemPrefix="test.BillTest.java" Intrnl_Id="395">
<LocList>
<Loc EndOffset="16789" SrcFileId="1" StartOffset="16728"/>
</LocList>
</BasicStmnt>
</StmntSeq>
</HierarchyLvl>
<HierarchyLvl HierarchyLvlId="160" HierarchyLvlTypeId="8" Intrnl_Id="396" Name="testcase28">
<Header>
<Loc EndOffset="16828" SrcFileId="1" StartOffset="16797"/>
</Header>
<LocList>
<Loc EndOffset="17597" SrcFileId="1" StartOffset="16797"/>
</LocList>
<StmntSeq Intrnl_Id="397">
<LocList>
<Loc EndOffset="16872" SrcFileId="1" StartOffset="16848"/>
<Loc EndOffset="16927" SrcFileId="1" StartOffset="16875"/>
<Loc EndOffset="16956" SrcFileId="1" StartOffset="16930"/>
<Loc EndOffset="17019" SrcFileId="1" StartOffset="16959"/>
<Loc EndOffset="17041" SrcFileId="1" StartOffset="17022"/>
<Loc EndOffset="17105" SrcFileId="1" StartOffset="17044"/>
<Loc EndOffset="17127" SrcFileId="1" StartOffset="17108"/>
<Loc EndOffset="17200" SrcFileId="1" StartOffset="17130"/>
<Loc EndOffset="17228" SrcFileId="1" StartOffset="17203"/>
<Loc EndOffset="17301" SrcFileId="1" StartOffset="17231"/>
<Loc EndOffset="17331" SrcFileId="1" StartOffset="17305"/>
<Loc EndOffset="17404" SrcFileId="1" StartOffset="17334"/>
<Loc EndOffset="17428" SrcFileId="1" StartOffset="17408"/>
<Loc EndOffset="17501" SrcFileId="1" StartOffset="17431"/>
<Loc EndOffset="17520" SrcFileId="1" StartOffset="17505"/>
<Loc EndOffset="17593" SrcFileId="1" StartOffset="17523"/>
</LocList>
<BasicStmnt CovItemId="S326" CovItemPrefix="test.BillTest.java" Intrnl_Id="398">
<LocList>
<Loc EndOffset="16872" SrcFileId="1" StartOffset="16848"/>
</LocList>
</BasicStmnt>
<BasicStmnt CovItemId="S327" CovItemPrefix="test.BillTest.java" Intrnl_Id="399">
<LocList>
<Loc EndOffset="16927" SrcFileId="1" StartOffset="16875"/>
</LocList>
</BasicStmnt>
<BasicStmnt CovItemId="S328" CovItemPrefix="test.BillTest.java" Intrnl_Id="400">
<LocList>
<Loc EndOffset="16956" SrcFileId="1" StartOffset="16930"/>
</LocList>
</BasicStmnt>
<BasicStmnt CovItemId="S329" CovItemPrefix="test.BillTest.java" Intrnl_Id="401">
<LocList>
<Loc EndOffset="17019" SrcFileId="1" StartOffset="16959"/>
</LocList>
</BasicStmnt>
<BasicStmnt CovItemId="S330" CovItemPrefix="test.BillTest.java" Intrnl_Id="402">
<LocList>
<Loc EndOffset="17041" SrcFileId="1" StartOffset="17022"/>
</LocList>
</BasicStmnt>
<BasicStmnt CovItemId="S331" CovItemPrefix="test.BillTest.java" Intrnl_Id="403">
<LocList>
<Loc EndOffset="17105" SrcFileId="1" StartOffset="17044"/>
</LocList>
</BasicStmnt>
<BasicStmnt CovItemId="S332" CovItemPrefix="test.BillTest.java" Intrnl_Id="404">
<LocList>
<Loc EndOffset="17127" SrcFileId="1" StartOffset="17108"/>
</LocList>
</BasicStmnt>
<BasicStmnt CovItemId="S333" CovItemPrefix="test.BillTest.java" Intrnl_Id="405">
<LocList>
<Loc EndOffset="17200" SrcFileId="1" StartOffset="17130"/>
</LocList>
</BasicStmnt>
<BasicStmnt CovItemId="S334" CovItemPrefix="test.BillTest.java" Intrnl_Id="406">
<LocList>
<Loc EndOffset="17228" SrcFileId="1" StartOffset="17203"/>
</LocList>
</BasicStmnt>
<BasicStmnt CovItemId="S335" CovItemPrefix="test.BillTest.java" Intrnl_Id="407">
<LocList>
<Loc EndOffset="17301" SrcFileId="1" StartOffset="17231"/>
</LocList>
</BasicStmnt>
<BasicStmnt CovItemId="S336" CovItemPrefix="test.BillTest.java" Intrnl_Id="408">
<LocList>
<Loc EndOffset="17331" SrcFileId="1" StartOffset="17305"/>
</LocList>
</BasicStmnt>
<BasicStmnt CovItemId="S337" CovItemPrefix="test.BillTest.java" Intrnl_Id="409">
<LocList>
<Loc EndOffset="17404" SrcFileId="1" StartOffset="17334"/>
</LocList>
</BasicStmnt>
<BasicStmnt CovItemId="S338" CovItemPrefix="test.BillTest.java" Intrnl_Id="410">
<LocList>
<Loc EndOffset="17428" SrcFileId="1" StartOffset="17408"/>
</LocList>
</BasicStmnt>
<BasicStmnt CovItemId="S339" CovItemPrefix="test.BillTest.java" Intrnl_Id="411">
<LocList>
<Loc EndOffset="17501" SrcFileId="1" StartOffset="17431"/>
</LocList>
</BasicStmnt>
<BasicStmnt CovItemId="S340" CovItemPrefix="test.BillTest.java" Intrnl_Id="412">
<LocList>
<Loc EndOffset="17520" SrcFileId="1" StartOffset="17505"/>
</LocList>
</BasicStmnt>
<BasicStmnt CovItemId="S341" CovItemPrefix="test.BillTest.java" Intrnl_Id="413">
<LocList>
<Loc EndOffset="17593" SrcFileId="1" StartOffset="17523"/>
</LocList>
</BasicStmnt>
</StmntSeq>
</HierarchyLvl>
<HierarchyLvl HierarchyLvlId="161" HierarchyLvlTypeId="8" Intrnl_Id="414" Name="testcase29">
<Header>
<Loc EndOffset="17632" SrcFileId="1" StartOffset="17601"/>
</Header>
<LocList>
<Loc EndOffset="18449" SrcFileId="1" StartOffset="17601"/>
</LocList>
<StmntSeq Intrnl_Id="415">
<LocList>
<Loc EndOffset="17676" SrcFileId="1" StartOffset="17652"/>
<Loc EndOffset="17731" SrcFileId="1" StartOffset="17679"/>
<Loc EndOffset="17760" SrcFileId="1" StartOffset="17734"/>
<Loc EndOffset="17823" SrcFileId="1" StartOffset="17763"/>
<Loc EndOffset="17845" SrcFileId="1" StartOffset="17826"/>
<Loc EndOffset="17909" SrcFileId="1" StartOffset="17848"/>
<Loc EndOffset="17931" SrcFileId="1" StartOffset="17912"/>
<Loc EndOffset="18004" SrcFileId="1" StartOffset="17934"/>
<Loc EndOffset="18026" SrcFileId="1" StartOffset="18007"/>
<Loc EndOffset="18089" SrcFileId="1" StartOffset="18029"/>
<Loc EndOffset="18117" SrcFileId="1" StartOffset="18092"/>
<Loc EndOffset="18180" SrcFileId="1" StartOffset="18120"/>
<Loc EndOffset="18213" SrcFileId="1" StartOffset="18187"/>
<Loc EndOffset="18276" SrcFileId="1" StartOffset="18216"/>
<Loc EndOffset="18300" SrcFileId="1" StartOffset="18280"/>
<Loc EndOffset="18363" SrcFileId="1" StartOffset="18303"/>
<Loc EndOffset="18382" SrcFileId="1" StartOffset="18367"/>
<Loc EndOffset="18445" SrcFileId="1" StartOffset="18385"/>
</LocList>
<BasicStmnt CovItemId="S342" CovItemPrefix="test.BillTest.java" Intrnl_Id="416">
<LocList>
<Loc EndOffset="17676" SrcFileId="1" StartOffset="17652"/>
</LocList>
</BasicStmnt>
<BasicStmnt CovItemId="S343" CovItemPrefix="test.BillTest.java" Intrnl_Id="417">
<LocList>
<Loc EndOffset="17731" SrcFileId="1" StartOffset="17679"/>
</LocList>
</BasicStmnt>
<BasicStmnt CovItemId="S344" CovItemPrefix="test.BillTest.java" Intrnl_Id="418">
<LocList>
<Loc EndOffset="17760" SrcFileId="1" StartOffset="17734"/>
</LocList>
</BasicStmnt>
<BasicStmnt CovItemId="S345" CovItemPrefix="test.BillTest.java" Intrnl_Id="419">
<LocList>
<Loc EndOffset="17823" SrcFileId="1" StartOffset="17763"/>
</LocList>
</BasicStmnt>
<BasicStmnt CovItemId="S346" CovItemPrefix="test.BillTest.java" Intrnl_Id="420">
<LocList>
<Loc EndOffset="17845" SrcFileId="1" StartOffset="17826"/>
</LocList>
</BasicStmnt>
<BasicStmnt CovItemId="S347" CovItemPrefix="test.BillTest.java" Intrnl_Id="421">
<LocList>
<Loc EndOffset="17909" SrcFileId="1" StartOffset="17848"/>
</LocList>
</BasicStmnt>
<BasicStmnt CovItemId="S348" CovItemPrefix="test.BillTest.java" Intrnl_Id="422">
<LocList>
<Loc EndOffset="17931" SrcFileId="1" StartOffset="17912"/>
</LocList>
</BasicStmnt>
<BasicStmnt CovItemId="S349" CovItemPrefix="test.BillTest.java" Intrnl_Id="423">
<LocList>
<Loc EndOffset="18004" SrcFileId="1" StartOffset="17934"/>
</LocList>
</BasicStmnt>
<BasicStmnt CovItemId="S350" CovItemPrefix="test.BillTest.java" Intrnl_Id="424">
<LocList>
<Loc EndOffset="18026" SrcFileId="1" StartOffset="18007"/>
</LocList>
</BasicStmnt>
<BasicStmnt CovItemId="S351" CovItemPrefix="test.BillTest.java" Intrnl_Id="425">
<LocList>
<Loc EndOffset="18089" SrcFileId="1" StartOffset="18029"/>
</LocList>
</BasicStmnt>
<BasicStmnt CovItemId="S352" CovItemPrefix="test.BillTest.java" Intrnl_Id="426">
<LocList>
<Loc EndOffset="18117" SrcFileId="1" StartOffset="18092"/>
</LocList>
</BasicStmnt>
<BasicStmnt CovItemId="S353" CovItemPrefix="test.BillTest.java" Intrnl_Id="427">
<LocList>
<Loc EndOffset="18180" SrcFileId="1" StartOffset="18120"/>
</LocList>
</BasicStmnt>
<BasicStmnt CovItemId="S354" CovItemPrefix="test.BillTest.java" Intrnl_Id="428">
<LocList>
<Loc EndOffset="18213" SrcFileId="1" StartOffset="18187"/>
</LocList>
</BasicStmnt>
<BasicStmnt CovItemId="S355" CovItemPrefix="test.BillTest.java" Intrnl_Id="429">
<LocList>
<Loc EndOffset="18276" SrcFileId="1" StartOffset="18216"/>
</LocList>
</BasicStmnt>
<BasicStmnt CovItemId="S356" CovItemPrefix="test.BillTest.java" Intrnl_Id="430">
<LocList>
<Loc EndOffset="18300" SrcFileId="1" StartOffset="18280"/>
</LocList>
</BasicStmnt>
<BasicStmnt CovItemId="S357" CovItemPrefix="test.BillTest.java" Intrnl_Id="431">
<LocList>
<Loc EndOffset="18363" SrcFileId="1" StartOffset="18303"/>
</LocList>
</BasicStmnt>
<BasicStmnt CovItemId="S358" CovItemPrefix="test.BillTest.java" Intrnl_Id="432">
<LocList>
<Loc EndOffset="18382" SrcFileId="1" StartOffset="18367"/>
</LocList>
</BasicStmnt>
<BasicStmnt CovItemId="S359" CovItemPrefix="test.BillTest.java" Intrnl_Id="433">
<LocList>
<Loc EndOffset="18445" SrcFileId="1" StartOffset="18385"/>
</LocList>
</BasicStmnt>
</StmntSeq>
</HierarchyLvl>
</HierarchyLvl>
</HierarchyLvl>
<HierarchyLvl HierarchyLvlId="191" HierarchyLvlTypeId="6" Intrnl_Id="434" Name="bill">
<Header/>
<LocList/>
<HierarchyLvl HierarchyLvlId="189" HierarchyLvlTypeId="7" Intrnl_Id="435" Name="Bill">
<Header>
<Loc EndOffset="90" SrcFileId="2" StartOffset="73"/>
</Header>
<LocList>
<Loc EndOffset="255" SrcFileId="2" StartOffset="73"/>
<Loc EndOffset="367" SrcFileId="2" StartOffset="364"/>
<Loc EndOffset="489" SrcFileId="2" StartOffset="486"/>
<Loc EndOffset="11202" SrcFileId="2" StartOffset="591"/>
</LocList>
<HierarchyLvl HierarchyLvlId="163" HierarchyLvlTypeId="5" Intrnl_Id="436" Name="BillState">
<Header>
<Loc EndOffset="269" SrcFileId="2" StartOffset="255"/>
</Header>
<LocList>
<Loc EndOffset="364" SrcFileId="2" StartOffset="255"/>
</LocList>
</HierarchyLvl>
<HierarchyLvl HierarchyLvlId="164" HierarchyLvlTypeId="5" Intrnl_Id="437" Name="BillStateInHouseOfCommons">
<Header>
<Loc EndOffset="397" SrcFileId="2" StartOffset="367"/>
</Header>
<LocList>
<Loc EndOffset="486" SrcFileId="2" StartOffset="367"/>
</LocList>
</HierarchyLvl>
<HierarchyLvl HierarchyLvlId="165" HierarchyLvlTypeId="5" Intrnl_Id="438" Name="BillStateInSenate">
<Header>
<Loc EndOffset="511" SrcFileId="2" StartOffset="489"/>
</Header>
<LocList>
<Loc EndOffset="591" SrcFileId="2" StartOffset="489"/>
</LocList>
</HierarchyLvl>
<HierarchyLvl HierarchyLvlId="166" HierarchyLvlTypeId="8" Intrnl_Id="439" Name="Bill">
<Header>
<Loc EndOffset="825" SrcFileId="2" StartOffset="812"/>
</Header>
<LocList>
<Loc EndOffset="1018" SrcFileId="2" StartOffset="812"/>
</LocList>
<StmntSeq Intrnl_Id="440">
<LocList>
<Loc EndOffset="855" SrcFileId="2" StartOffset="834"/>
<Loc EndOffset="921" SrcFileId="2" StartOffset="860"/>
<Loc EndOffset="971" SrcFileId="2" StartOffset="926"/>
<Loc EndOffset="1014" SrcFileId="2" StartOffset="976"/>
</LocList>
<BasicStmnt CovItemId="S1" CovItemPrefix="bill.Bill.java" Intrnl_Id="441">
<LocList>
<Loc EndOffset="855" SrcFileId="2" StartOffset="834"/>
</LocList>
</BasicStmnt>
<BasicStmnt CovItemId="S2" CovItemPrefix="bill.Bill.java" Intrnl_Id="442">
<LocList>
<Loc EndOffset="921" SrcFileId="2" StartOffset="860"/>
</LocList>
</BasicStmnt>
<BasicStmnt CovItemId="S3" CovItemPrefix="bill.Bill.java" Intrnl_Id="443">
<LocList>
<Loc EndOffset="971" SrcFileId="2" StartOffset="926"/>
</LocList>
</BasicStmnt>
<BasicStmnt CovItemId="S4" CovItemPrefix="bill.Bill.java" Intrnl_Id="444">
<LocList>
<Loc EndOffset="1014" SrcFileId="2" StartOffset="976"/>
</LocList>
</BasicStmnt>
</StmntSeq>
</HierarchyLvl>
<HierarchyLvl HierarchyLvlId="167" HierarchyLvlTypeId="8" Intrnl_Id="445" Name="setIsCommonsBill">
<Header>
<Loc EndOffset="1151" SrcFileId="2" StartOffset="1096"/>
</Header>
<LocList>
<Loc EndOffset="1261" SrcFileId="2" StartOffset="1096"/>
</LocList>
<StmntSeq Intrnl_Id="446">
<LocList>
<Loc EndOffset="1183" SrcFileId="2" StartOffset="1160"/>
<Loc EndOffset="1219" SrcFileId="2" StartOffset="1188"/>
<Loc EndOffset="1238" SrcFileId="2" StartOffset="1224"/>
<Loc EndOffset="1257" SrcFileId="2" StartOffset="1243"/>
</LocList>
<BasicStmnt CovItemId="S5" CovItemPrefix="bill.Bill.java" Intrnl_Id="447">
<LocList>
<Loc EndOffset="1183" SrcFileId="2" StartOffset="1160"/>
</LocList>
</BasicStmnt>
<BasicStmnt CovItemId="S6" CovItemPrefix="bill.Bill.java" Intrnl_Id="448">
<LocList>
<Loc EndOffset="1219" SrcFileId="2" StartOffset="1188"/>
</LocList>
</BasicStmnt>
<BasicStmnt CovItemId="S7" CovItemPrefix="bill.Bill.java" Intrnl_Id="449">
<LocList>
<Loc EndOffset="1238" SrcFileId="2" StartOffset="1224"/>
</LocList>
</BasicStmnt>
<BasicStmnt CovItemId="S8" CovItemPrefix="bill.Bill.java" Intrnl_Id="450">
<LocList>
<Loc EndOffset="1257" SrcFileId="2" StartOffset="1243"/>
</LocList>
</BasicStmnt>
</StmntSeq>
</HierarchyLvl>
<HierarchyLvl HierarchyLvlId="168" HierarchyLvlTypeId="8" Intrnl_Id="451" Name="getIsCommonsBill">
<Header>
<Loc EndOffset="1298" SrcFileId="2" StartOffset="1265"/>
</Header>
<LocList>
<Loc EndOffset="1332" SrcFileId="2" StartOffset="1265"/>
</LocList>
<StmntSeq Intrnl_Id="452">
<LocList>
<Loc EndOffset="1328" SrcFileId="2" StartOffset="1307"/>
</LocList>
<BasicStmnt CovItemId="S9" CovItemPrefix="bill.Bill.java" Intrnl_Id="453">
<LocList>
<Loc EndOffset="1328" SrcFileId="2" StartOffset="1307"/>
</LocList>
</BasicStmnt>
</StmntSeq>
</HierarchyLvl>
<HierarchyLvl HierarchyLvlId="169" HierarchyLvlTypeId="8" Intrnl_Id="454" Name="isIsCommonsBill">
<Header>
<Loc EndOffset="1368" SrcFileId="2" StartOffset="1336"/>
</Header>
<LocList>
<Loc EndOffset="1402" SrcFileId="2" StartOffset="1336"/>
</LocList>
<StmntSeq Intrnl_Id="455">
<LocList>
<Loc EndOffset="1398" SrcFileId="2" StartOffset="1377"/>
</LocList>
<BasicStmnt CovItemId="S10" CovItemPrefix="bill.Bill.java" Intrnl_Id="456">
<LocList>
<Loc EndOffset="1398" SrcFileId="2" StartOffset="1377"/>
</LocList>
</BasicStmnt>
</StmntSeq>
</HierarchyLvl>
<HierarchyLvl HierarchyLvlId="170" HierarchyLvlTypeId="8" Intrnl_Id="457" Name="introduceInHouse">
<Header>
<Loc EndOffset="1439" SrcFileId="2" StartOffset="1406"/>
</Header>
<LocList>
<Loc EndOffset="1785" SrcFileId="2" StartOffset="1406"/>
</LocList>
<StmntSeq Intrnl_Id="458">
<LocList>
<Loc EndOffset="1482" SrcFileId="2" StartOffset="1448"/>
<Loc EndOffset="1525" SrcFileId="2" StartOffset="1492"/>
<Loc EndOffset="1750" SrcFileId="2" StartOffset="1530"/>
<Loc EndOffset="1781" SrcFileId="2" StartOffset="1756"/>
</LocList>
<BasicStmnt CovItemId="S11" CovItemPrefix="bill.Bill.java" Intrnl_Id="459">
<LocList>
<Loc EndOffset="1482" SrcFileId="2" StartOffset="1448"/>
</LocList>
</BasicStmnt>
<BasicStmnt CovItemId="S12" CovItemPrefix="bill.Bill.java" Intrnl_Id="460">
<LocList>
<Loc EndOffset="1525" SrcFileId="2" StartOffset="1492"/>
</LocList>
</BasicStmnt>
<CondStmnt CovItemId="S13" CovItemPrefix="bill.Bill.java" Intrnl_Id="461">
<Branch CovItemId="B1" CovItemPrefix="bill.Bill.java" Implct="false" Intrnl_Id="462">
<Cond>
<Loc EndOffset="1580" SrcFileId="2" StartOffset="1562"/>
</Cond>
<LocList>
<Loc EndOffset="1680" SrcFileId="2" StartOffset="1590"/>
</LocList>
<StmntSeq Intrnl_Id="463">
<LocList>
<Loc EndOffset="1631" SrcFileId="2" StartOffset="1590"/>
<Loc EndOffset="1665" SrcFileId="2" StartOffset="1640"/>
<Loc EndOffset="1680" SrcFileId="2" StartOffset="1674"/>
</LocList>
<BasicStmnt CovItemId="S14" CovItemPrefix="bill.Bill.java" Intrnl_Id="464">
<LocList>
<Loc EndOffset="1631" SrcFileId="2" StartOffset="1590"/>
</LocList>
</BasicStmnt>
<BasicStmnt CovItemId="S15" CovItemPrefix="bill.Bill.java" Intrnl_Id="465">
<LocList>
<Loc EndOffset="1665" SrcFileId="2" StartOffset="1640"/>
</LocList>
</BasicStmnt>
<BasicStmnt CovItemId="S16" CovItemPrefix="bill.Bill.java" Intrnl_Id="466">
<LocList>
<Loc EndOffset="1680" SrcFileId="2" StartOffset="1674"/>
</LocList>
</BasicStmnt>
</StmntSeq>
</Branch>
<Branch CovItemId="B2" CovItemPrefix="bill.Bill.java" Implct="false" Intrnl_Id="467">
<Cond>
<Loc EndOffset="1694" SrcFileId="2" StartOffset="1687"/>
</Cond>
<LocList/>
<StmntSeq Intrnl_Id="468">
<LocList/>
</StmntSeq>
</Branch>
<Keyword EndOffset="1536" SrcFileId="2" StartOffset="1530"/>
<LocList>
<Loc EndOffset="1750" SrcFileId="2" StartOffset="1530"/>
</LocList>
</CondStmnt>
<BasicStmnt CovItemId="S17" CovItemPrefix="bill.Bill.java" Intrnl_Id="469">
<LocList>
<Loc EndOffset="1781" SrcFileId="2" StartOffset="1756"/>
</LocList>
</BasicStmnt>
</StmntSeq>
</HierarchyLvl>
<HierarchyLvl HierarchyLvlId="171" HierarchyLvlTypeId="8" Intrnl_Id="470" Name="introduceInSenate">
<Header>
<Loc EndOffset="1823" SrcFileId="2" StartOffset="1789"/>
</Header>
<LocList>
<Loc EndOffset="2192" SrcFileId="2" StartOffset="1789"/>
</LocList>
<StmntSeq Intrnl_Id="471">
<LocList>
<Loc EndOffset="1866" SrcFileId="2" StartOffset="1832"/>
<Loc EndOffset="1909" SrcFileId="2" StartOffset="1876"/>
<Loc EndOffset="2157" SrcFileId="2" StartOffset="1914"/>
<Loc EndOffset="2188" SrcFileId="2" StartOffset="2163"/>
</LocList>
<BasicStmnt CovItemId="S18" CovItemPrefix="bill.Bill.java" Intrnl_Id="472">
<LocList>
<Loc EndOffset="1866" SrcFileId="2" StartOffset="1832"/>
</LocList>
</BasicStmnt>
<BasicStmnt CovItemId="S19" CovItemPrefix="bill.Bill.java" Intrnl_Id="473">
<LocList>
<Loc EndOffset="1909" SrcFileId="2" StartOffset="1876"/>
</LocList>
</BasicStmnt>
<CondStmnt CovItemId="S20" CovItemPrefix="bill.Bill.java" Intrnl_Id="474">
<Branch CovItemId="B3" CovItemPrefix="bill.Bill.java" Implct="false" Intrnl_Id="475">
<Cond>
<Loc EndOffset="1964" SrcFileId="2" StartOffset="1946"/>
</Cond>
<LocList>
<Loc EndOffset="2087" SrcFileId="2" StartOffset="1974"/>
</LocList>
<StmntSeq Intrnl_Id="476">
<LocList>
<Loc EndOffset="1996" SrcFileId="2" StartOffset="1974"/>
<Loc EndOffset="2038" SrcFileId="2" StartOffset="2005"/>
<Loc EndOffset="2072" SrcFileId="2" StartOffset="2047"/>
<Loc EndOffset="2087" SrcFileId="2" StartOffset="2081"/>
</LocList>
<BasicStmnt CovItemId="S21" CovItemPrefix="bill.Bill.java" Intrnl_Id="477">
<LocList>
<Loc EndOffset="1996" SrcFileId="2" StartOffset="1974"/>
</LocList>
</BasicStmnt>
<BasicStmnt CovItemId="S22" CovItemPrefix="bill.Bill.java" Intrnl_Id="478">
<LocList>
<Loc EndOffset="2038" SrcFileId="2" StartOffset="2005"/>
</LocList>
</BasicStmnt>
<BasicStmnt CovItemId="S23" CovItemPrefix="bill.Bill.java" Intrnl_Id="479">
<LocList>
<Loc EndOffset="2072" SrcFileId="2" StartOffset="2047"/>
</LocList>
</BasicStmnt>
<BasicStmnt CovItemId="S24" CovItemPrefix="bill.Bill.java" Intrnl_Id="480">
<LocList>
<Loc EndOffset="2087" SrcFileId="2" StartOffset="2081"/>
</LocList>
</BasicStmnt>
</StmntSeq>
</Branch>
<Branch CovItemId="B4" CovItemPrefix="bill.Bill.java" Implct="false" Intrnl_Id="481">
<Cond>
<Loc EndOffset="2101" SrcFileId="2" StartOffset="2094"/>
</Cond>
<LocList/>
<StmntSeq Intrnl_Id="482">
<LocList/>
</StmntSeq>
</Branch>
<Keyword EndOffset="1920" SrcFileId="2" StartOffset="1914"/>
<LocList>
<Loc EndOffset="2157" SrcFileId="2" StartOffset="1914"/>
</LocList>
</CondStmnt>
<BasicStmnt CovItemId="S25" CovItemPrefix="bill.Bill.java" Intrnl_Id="483">
<LocList>
<Loc EndOffset="2188" SrcFileId="2" StartOffset="2163"/>
</LocList>
</BasicStmnt>
</StmntSeq>
</HierarchyLvl>
<HierarchyLvl HierarchyLvlId="172" HierarchyLvlTypeId="8" Intrnl_Id="484" Name="withdraw">
<Header>
<Loc EndOffset="2221" SrcFileId="2" StartOffset="2196"/>
</Header>
<LocList>
<Loc EndOffset="2726" SrcFileId="2" StartOffset="2196"/>
</LocList>
<StmntSeq Intrnl_Id="485">
<LocList>
<Loc EndOffset="2264" SrcFileId="2" StartOffset="2230"/>
<Loc EndOffset="2307" SrcFileId="2" StartOffset="2274"/>
<Loc EndOffset="2691" SrcFileId="2" StartOffset="2312"/>
<Loc EndOffset="2722" SrcFileId="2" StartOffset="2697"/>
</LocList>
<BasicStmnt CovItemId="S26" CovItemPrefix="bill.Bill.java" Intrnl_Id="486">
<LocList>
<Loc EndOffset="2264" SrcFileId="2" StartOffset="2230"/>
</LocList>
</BasicStmnt>
<BasicStmnt CovItemId="S27" CovItemPrefix="bill.Bill.java" Intrnl_Id="487">
<LocList>
<Loc EndOffset="2307" SrcFileId="2" StartOffset="2274"/>
</LocList>
</BasicStmnt>
<CondStmnt CovItemId="S28" CovItemPrefix="bill.Bill.java" Intrnl_Id="488">
<Branch CovItemId="B5" CovItemPrefix="bill.Bill.java" Implct="false" Intrnl_Id="489">
<Cond>
<Loc EndOffset="2365" SrcFileId="2" StartOffset="2344"/>
</Cond>
<LocList>
<Loc EndOffset="2483" SrcFileId="2" StartOffset="2375"/>
</LocList>
<StmntSeq Intrnl_Id="490">
<LocList>
<Loc EndOffset="2391" SrcFileId="2" StartOffset="2375"/>
<Loc EndOffset="2434" SrcFileId="2" StartOffset="2400"/>
<Loc EndOffset="2468" SrcFileId="2" StartOffset="2443"/>
<Loc EndOffset="2483" SrcFileId="2" StartOffset="2477"/>
</LocList>
<BasicStmnt CovItemId="S29" CovItemPrefix="bill.Bill.java" Intrnl_Id="491">
<LocList>
<Loc EndOffset="2391" SrcFileId="2" StartOffset="2375"/>
</LocList>
</BasicStmnt>
<BasicStmnt CovItemId="S30" CovItemPrefix="bill.Bill.java" Intrnl_Id="492">
<LocList>
<Loc EndOffset="2434" SrcFileId="2" StartOffset="2400"/>
</LocList>
</BasicStmnt>
<BasicStmnt CovItemId="S31" CovItemPrefix="bill.Bill.java" Intrnl_Id="493">
<LocList>
<Loc EndOffset="2468" SrcFileId="2" StartOffset="2443"/>
</LocList>
</BasicStmnt>
<BasicStmnt CovItemId="S32" CovItemPrefix="bill.Bill.java" Intrnl_Id="494">
<LocList>
<Loc EndOffset="2483" SrcFileId="2" StartOffset="2477"/>
</LocList>
</BasicStmnt>
</StmntSeq>
</Branch>
<Branch CovItemId="B6" CovItemPrefix="bill.Bill.java" Implct="false" Intrnl_Id="495">
<Cond>
<Loc EndOffset="2503" SrcFileId="2" StartOffset="2490"/>
</Cond>
<LocList>
<Loc EndOffset="2621" SrcFileId="2" StartOffset="2513"/>
</LocList>
<StmntSeq Intrnl_Id="496">
<LocList>
<Loc EndOffset="2529" SrcFileId="2" StartOffset="2513"/>
<Loc EndOffset="2572" SrcFileId="2" StartOffset="2538"/>
<Loc EndOffset="2606" SrcFileId="2" StartOffset="2581"/>
<Loc EndOffset="2621" SrcFileId="2" StartOffset="2615"/>
</LocList>
<BasicStmnt CovItemId="S33" CovItemPrefix="bill.Bill.java" Intrnl_Id="497">
<LocList>
<Loc EndOffset="2529" SrcFileId="2" StartOffset="2513"/>
</LocList>
</BasicStmnt>
<BasicStmnt CovItemId="S34" CovItemPrefix="bill.Bill.java" Intrnl_Id="498">
<LocList>
<Loc EndOffset="2572" SrcFileId="2" StartOffset="2538"/>
</LocList>
</BasicStmnt>
<BasicStmnt CovItemId="S35" CovItemPrefix="bill.Bill.java" Intrnl_Id="499">
<LocList>
<Loc EndOffset="2606" SrcFileId="2" StartOffset="2581"/>
</LocList>
</BasicStmnt>
<BasicStmnt CovItemId="S36" CovItemPrefix="bill.Bill.java" Intrnl_Id="500">
<LocList>
<Loc EndOffset="2621" SrcFileId="2" StartOffset="2615"/>
</LocList>
</BasicStmnt>
</StmntSeq>
</Branch>
<Branch CovItemId="B7" CovItemPrefix="bill.Bill.java" Implct="false" Intrnl_Id="501">
<Cond>
<Loc EndOffset="2635" SrcFileId="2" StartOffset="2628"/>
</Cond>
<LocList/>
<StmntSeq Intrnl_Id="502">
<LocList/>
</StmntSeq>
</Branch>
<Keyword EndOffset="2318" SrcFileId="2" StartOffset="2312"/>
<LocList>
<Loc EndOffset="2691" SrcFileId="2" StartOffset="2312"/>
</LocList>
</CondStmnt>
<BasicStmnt CovItemId="S37" CovItemPrefix="bill.Bill.java" Intrnl_Id="503">
<LocList>
<Loc EndOffset="2722" SrcFileId="2" StartOffset="2697"/>
</LocList>
</BasicStmnt>
</StmntSeq>
</HierarchyLvl>
<HierarchyLvl HierarchyLvlId="173" HierarchyLvlTypeId="8" Intrnl_Id="504" Name="voteFails">
<Header>
<Loc EndOffset="2756" SrcFileId="2" StartOffset="2730"/>
</Header>
<LocList>
<Loc EndOffset="3317" SrcFileId="2" StartOffset="2730"/>
</LocList>
<StmntSeq Intrnl_Id="505">
<LocList>
<Loc EndOffset="2799" SrcFileId="2" StartOffset="2765"/>
<Loc EndOffset="2842" SrcFileId="2" StartOffset="2809"/>
<Loc EndOffset="3282" SrcFileId="2" StartOffset="2847"/>
<Loc EndOffset="3313" SrcFileId="2" StartOffset="3288"/>
</LocList>
<BasicStmnt CovItemId="S38" CovItemPrefix="bill.Bill.java" Intrnl_Id="506">
<LocList>
<Loc EndOffset="2799" SrcFileId="2" StartOffset="2765"/>
</LocList>
</BasicStmnt>
<BasicStmnt CovItemId="S39" CovItemPrefix="bill.Bill.java" Intrnl_Id="507">
<LocList>
<Loc EndOffset="2842" SrcFileId="2" StartOffset="2809"/>
</LocList>
</BasicStmnt>
<CondStmnt CovItemId="S40" CovItemPrefix="bill.Bill.java" Intrnl_Id="508">
<Branch CovItemId="B8" CovItemPrefix="bill.Bill.java" Implct="false" Intrnl_Id="509">
<Cond>
<Loc EndOffset="2900" SrcFileId="2" StartOffset="2879"/>
</Cond>
<LocList>
<Loc EndOffset="3074" SrcFileId="2" StartOffset="2991"/>
</LocList>
<StmntSeq Intrnl_Id="510">
<LocList>
<Loc EndOffset="3025" SrcFileId="2" StartOffset="2991"/>
<Loc EndOffset="3059" SrcFileId="2" StartOffset="3034"/>
<Loc EndOffset="3074" SrcFileId="2" StartOffset="3068"/>
</LocList>
<BasicStmnt CovItemId="S41" CovItemPrefix="bill.Bill.java" Intrnl_Id="511">
<LocList>
<Loc EndOffset="3025" SrcFileId="2" StartOffset="2991"/>
</LocList>
</BasicStmnt>
<BasicStmnt CovItemId="S42" CovItemPrefix="bill.Bill.java" Intrnl_Id="512">
<LocList>
<Loc EndOffset="3059" SrcFileId="2" StartOffset="3034"/>
</LocList>
</BasicStmnt>
<BasicStmnt CovItemId="S43" CovItemPrefix="bill.Bill.java" Intrnl_Id="513">
<LocList>
<Loc EndOffset="3074" SrcFileId="2" StartOffset="3068"/>
</LocList>
</BasicStmnt>
</StmntSeq>
</Branch>
<Branch CovItemId="B9" CovItemPrefix="bill.Bill.java" Implct="false" Intrnl_Id="514">
<Cond>
<Loc EndOffset="3094" SrcFileId="2" StartOffset="3081"/>
</Cond>
<LocList>
<Loc EndOffset="3212" SrcFileId="2" StartOffset="3104"/>
</LocList>
<StmntSeq Intrnl_Id="515">
<LocList>
<Loc EndOffset="3120" SrcFileId="2" StartOffset="3104"/>
<Loc EndOffset="3163" SrcFileId="2" StartOffset="3129"/>
<Loc EndOffset="3197" SrcFileId="2" StartOffset="3172"/>
<Loc EndOffset="3212" SrcFileId="2" StartOffset="3206"/>
</LocList>
<BasicStmnt CovItemId="S44" CovItemPrefix="bill.Bill.java" Intrnl_Id="516">
<LocList>
<Loc EndOffset="3120" SrcFileId="2" StartOffset="3104"/>
</LocList>
</BasicStmnt>
<BasicStmnt CovItemId="S45" CovItemPrefix="bill.Bill.java" Intrnl_Id="517">
<LocList>
<Loc EndOffset="3163" SrcFileId="2" StartOffset="3129"/>
</LocList>
</BasicStmnt>
<BasicStmnt CovItemId="S46" CovItemPrefix="bill.Bill.java" Intrnl_Id="518">
<LocList>
<Loc EndOffset="3197" SrcFileId="2" StartOffset="3172"/>
</LocList>
</BasicStmnt>
<BasicStmnt CovItemId="S47" CovItemPrefix="bill.Bill.java" Intrnl_Id="519">
<LocList>
<Loc EndOffset="3212" SrcFileId="2" StartOffset="3206"/>
</LocList>
</BasicStmnt>
</StmntSeq>
</Branch>
<Branch CovItemId="B10" CovItemPrefix="bill.Bill.java" Implct="false" Intrnl_Id="520">
<Cond>
<Loc EndOffset="3226" SrcFileId="2" StartOffset="3219"/>
</Cond>
<LocList/>
<StmntSeq Intrnl_Id="521">
<LocList/>
</StmntSeq>
</Branch>
<Keyword EndOffset="2853" SrcFileId="2" StartOffset="2847"/>
<LocList>
<Loc EndOffset="3282" SrcFileId="2" StartOffset="2847"/>
</LocList>
</CondStmnt>
<BasicStmnt CovItemId="S48" CovItemPrefix="bill.Bill.java" Intrnl_Id="522">
<LocList>
<Loc EndOffset="3313" SrcFileId="2" StartOffset="3288"/>
</LocList>
</BasicStmnt>
</StmntSeq>
</HierarchyLvl>
<HierarchyLvl HierarchyLvlId="174" HierarchyLvlTypeId="8" Intrnl_Id="523" Name="royalAssent">
<Header>
<Loc EndOffset="3349" SrcFileId="2" StartOffset="3321"/>
</Header>
<LocList>
<Loc EndOffset="3700" SrcFileId="2" StartOffset="3321"/>
</LocList>
<StmntSeq Intrnl_Id="524">
<LocList>
<Loc EndOffset="3392" SrcFileId="2" StartOffset="3358"/>
<Loc EndOffset="3435" SrcFileId="2" StartOffset="3402"/>
<Loc EndOffset="3665" SrcFileId="2" StartOffset="3440"/>
<Loc EndOffset="3696" SrcFileId="2" StartOffset="3671"/>
</LocList>
<BasicStmnt CovItemId="S49" CovItemPrefix="bill.Bill.java" Intrnl_Id="525">
<LocList>
<Loc EndOffset="3392" SrcFileId="2" StartOffset="3358"/>
</LocList>
</BasicStmnt>
<BasicStmnt CovItemId="S50" CovItemPrefix="bill.Bill.java" Intrnl_Id="526">
<LocList>
<Loc EndOffset="3435" SrcFileId="2" StartOffset="3402"/>
</LocList>
</BasicStmnt>
<CondStmnt CovItemId="S51" CovItemPrefix="bill.Bill.java" Intrnl_Id="527">
<Branch CovItemId="B11" CovItemPrefix="bill.Bill.java" Implct="false" Intrnl_Id="528">
<Cond>
<Loc EndOffset="3496" SrcFileId="2" StartOffset="3472"/>
</Cond>
<LocList>
<Loc EndOffset="3595" SrcFileId="2" StartOffset="3506"/>
</LocList>
<StmntSeq Intrnl_Id="529">
<LocList>
<Loc EndOffset="3546" SrcFileId="2" StartOffset="3506"/>
<Loc EndOffset="3580" SrcFileId="2" StartOffset="3555"/>
<Loc EndOffset="3595" SrcFileId="2" StartOffset="3589"/>
</LocList>
<BasicStmnt CovItemId="S52" CovItemPrefix="bill.Bill.java" Intrnl_Id="530">
<LocList>
<Loc EndOffset="3546" SrcFileId="2" StartOffset="3506"/>
</LocList>
</BasicStmnt>
<BasicStmnt CovItemId="S53" CovItemPrefix="bill.Bill.java" Intrnl_Id="531">
<LocList>
<Loc EndOffset="3580" SrcFileId="2" StartOffset="3555"/>
</LocList>
</BasicStmnt>
<BasicStmnt CovItemId="S54" CovItemPrefix="bill.Bill.java" Intrnl_Id="532">
<LocList>
<Loc EndOffset="3595" SrcFileId="2" StartOffset="3589"/>
</LocList>
</BasicStmnt>
</StmntSeq>
</Branch>
<Branch CovItemId="B12" CovItemPrefix="bill.Bill.java" Implct="false" Intrnl_Id="533">
<Cond>
<Loc EndOffset="3609" SrcFileId="2" StartOffset="3602"/>
</Cond>
<LocList/>
<StmntSeq Intrnl_Id="534">
<LocList/>
</StmntSeq>
</Branch>
<Keyword EndOffset="3446" SrcFileId="2" StartOffset="3440"/>
<LocList>
<Loc EndOffset="3665" SrcFileId="2" StartOffset="3440"/>
</LocList>
</CondStmnt>
<BasicStmnt CovItemId="S55" CovItemPrefix="bill.Bill.java" Intrnl_Id="535">
<LocList>
<Loc EndOffset="3696" SrcFileId="2" StartOffset="3671"/>
</LocList>
</BasicStmnt>
</StmntSeq>
</HierarchyLvl>
<HierarchyLvl HierarchyLvlId="175" HierarchyLvlTypeId="8" Intrnl_Id="536" Name="voteDenied">
<Header>
<Loc EndOffset="3731" SrcFileId="2" StartOffset="3704"/>
</Header>
<LocList>
<Loc EndOffset="4247" SrcFileId="2" StartOffset="3704"/>
</LocList>
<StmntSeq Intrnl_Id="537">
<LocList>
<Loc EndOffset="3774" SrcFileId="2" StartOffset="3740"/>
<Loc EndOffset="3817" SrcFileId="2" StartOffset="3784"/>
<Loc EndOffset="4212" SrcFileId="2" StartOffset="3822"/>
<Loc EndOffset="4243" SrcFileId="2" StartOffset="4218"/>
</LocList>
<BasicStmnt CovItemId="S56" CovItemPrefix="bill.Bill.java" Intrnl_Id="538">
<LocList>
<Loc EndOffset="3774" SrcFileId="2" StartOffset="3740"/>
</LocList>
</BasicStmnt>
<BasicStmnt CovItemId="S57" CovItemPrefix="bill.Bill.java" Intrnl_Id="539">
<LocList>
<Loc EndOffset="3817" SrcFileId="2" StartOffset="3784"/>
</LocList>
</BasicStmnt>
<CondStmnt CovItemId="S58" CovItemPrefix="bill.Bill.java" Intrnl_Id="540">
<Branch CovItemId="B13" CovItemPrefix="bill.Bill.java" Implct="false" Intrnl_Id="541">
<Cond>
<Loc EndOffset="3875" SrcFileId="2" StartOffset="3854"/>
</Cond>
<LocList>
<Loc EndOffset="4009" SrcFileId="2" StartOffset="3892"/>
</LocList>
<StmntSeq Intrnl_Id="542">
<LocList>
<Loc EndOffset="3960" SrcFileId="2" StartOffset="3892"/>
<Loc EndOffset="3994" SrcFileId="2" StartOffset="3969"/>
<Loc EndOffset="4009" SrcFileId="2" StartOffset="4003"/>
</LocList>
<BasicStmnt CovItemId="S59" CovItemPrefix="bill.Bill.java" Intrnl_Id="543">
<LocList>
<Loc EndOffset="3960" SrcFileId="2" StartOffset="3892"/>
</LocList>
</BasicStmnt>
<BasicStmnt CovItemId="S60" CovItemPrefix="bill.Bill.java" Intrnl_Id="544">
<LocList>
<Loc EndOffset="3994" SrcFileId="2" StartOffset="3969"/>
</LocList>
</BasicStmnt>
<BasicStmnt CovItemId="S61" CovItemPrefix="bill.Bill.java" Intrnl_Id="545">
<LocList>
<Loc EndOffset="4009" SrcFileId="2" StartOffset="4003"/>
</LocList>
</BasicStmnt>
</StmntSeq>
</Branch>
<Branch CovItemId="B14" CovItemPrefix="bill.Bill.java" Implct="false" Intrnl_Id="546">
<Cond>
<Loc EndOffset="4029" SrcFileId="2" StartOffset="4016"/>
</Cond>
<LocList>
<Loc EndOffset="4142" SrcFileId="2" StartOffset="4039"/>
</LocList>
<StmntSeq Intrnl_Id="547">
<LocList>
<Loc EndOffset="4093" SrcFileId="2" StartOffset="4039"/>
<Loc EndOffset="4127" SrcFileId="2" StartOffset="4102"/>
<Loc EndOffset="4142" SrcFileId="2" StartOffset="4136"/>
</LocList>
<BasicStmnt CovItemId="S62" CovItemPrefix="bill.Bill.java" Intrnl_Id="548">
<LocList>
<Loc EndOffset="4093" SrcFileId="2" StartOffset="4039"/>
</LocList>
</BasicStmnt>
<BasicStmnt CovItemId="S63" CovItemPrefix="bill.Bill.java" Intrnl_Id="549">
<LocList>
<Loc EndOffset="4127" SrcFileId="2" StartOffset="4102"/>
</LocList>
</BasicStmnt>
<BasicStmnt CovItemId="S64" CovItemPrefix="bill.Bill.java" Intrnl_Id="550">
<LocList>
<Loc EndOffset="4142" SrcFileId="2" StartOffset="4136"/>
</LocList>
</BasicStmnt>
</StmntSeq>
</Branch>
<Branch CovItemId="B15" CovItemPrefix="bill.Bill.java" Implct="false" Intrnl_Id="551">
<Cond>
<Loc EndOffset="4156" SrcFileId="2" StartOffset="4149"/>
</Cond>
<LocList/>
<StmntSeq Intrnl_Id="552">
<LocList/>
</StmntSeq>
</Branch>
<Keyword EndOffset="3828" SrcFileId="2" StartOffset="3822"/>
<LocList>
<Loc EndOffset="4212" SrcFileId="2" StartOffset="3822"/>
</LocList>
</CondStmnt>
<BasicStmnt CovItemId="S65" CovItemPrefix="bill.Bill.java" Intrnl_Id="553">
<LocList>
<Loc EndOffset="4243" SrcFileId="2" StartOffset="4218"/>
</LocList>
</BasicStmnt>
</StmntSeq>
</HierarchyLvl>
<HierarchyLvl HierarchyLvlId="176" HierarchyLvlTypeId="8" Intrnl_Id="554" Name="modify">
<Header>
<Loc EndOffset="4276" SrcFileId="2" StartOffset="4253"/>
</Header>
<LocList>
<Loc EndOffset="4615" SrcFileId="2" StartOffset="4253"/>
</LocList>
<StmntSeq Intrnl_Id="555">
<LocList>
<Loc EndOffset="4319" SrcFileId="2" StartOffset="4285"/>
<Loc EndOffset="4362" SrcFileId="2" StartOffset="4329"/>
<Loc EndOffset="4580" SrcFileId="2" StartOffset="4367"/>
<Loc EndOffset="4611" SrcFileId="2" StartOffset="4586"/>
</LocList>
<BasicStmnt CovItemId="S66" CovItemPrefix="bill.Bill.java" Intrnl_Id="556">
<LocList>
<Loc EndOffset="4319" SrcFileId="2" StartOffset="4285"/>
</LocList>
</BasicStmnt>
<BasicStmnt CovItemId="S67" CovItemPrefix="bill.Bill.java" Intrnl_Id="557">
<LocList>
<Loc EndOffset="4362" SrcFileId="2" StartOffset="4329"/>
</LocList>
</BasicStmnt>
<CondStmnt CovItemId="S68" CovItemPrefix="bill.Bill.java" Intrnl_Id="558">
<Branch CovItemId="B16" CovItemPrefix="bill.Bill.java" Implct="false" Intrnl_Id="559">
<Cond>
<Loc EndOffset="4413" SrcFileId="2" StartOffset="4399"/>
</Cond>
<LocList>
<Loc EndOffset="4510" SrcFileId="2" StartOffset="4423"/>
</LocList>
<StmntSeq Intrnl_Id="560">
<LocList>
<Loc EndOffset="4461" SrcFileId="2" StartOffset="4423"/>
<Loc EndOffset="4495" SrcFileId="2" StartOffset="4470"/>
<Loc EndOffset="4510" SrcFileId="2" StartOffset="4504"/>
</LocList>
<BasicStmnt CovItemId="S69" CovItemPrefix="bill.Bill.java" Intrnl_Id="561">
<LocList>
<Loc EndOffset="4461" SrcFileId="2" StartOffset="4423"/>
</LocList>
</BasicStmnt>
<BasicStmnt CovItemId="S70" CovItemPrefix="bill.Bill.java" Intrnl_Id="562">
<LocList>
<Loc EndOffset="4495" SrcFileId="2" StartOffset="4470"/>
</LocList>
</BasicStmnt>
<BasicStmnt CovItemId="S71" CovItemPrefix="bill.Bill.java" Intrnl_Id="563">
<LocList>
<Loc EndOffset="4510" SrcFileId="2" StartOffset="4504"/>
</LocList>
</BasicStmnt>
</StmntSeq>
</Branch>
<Branch CovItemId="B17" CovItemPrefix="bill.Bill.java" Implct="false" Intrnl_Id="564">
<Cond>
<Loc EndOffset="4524" SrcFileId="2" StartOffset="4517"/>
</Cond>
<LocList/>
<StmntSeq Intrnl_Id="565">
<LocList/>
</StmntSeq>
</Branch>
<Keyword EndOffset="4373" SrcFileId="2" StartOffset="4367"/>
<LocList>
<Loc EndOffset="4580" SrcFileId="2" StartOffset="4367"/>
</LocList>
</CondStmnt>
<BasicStmnt CovItemId="S72" CovItemPrefix="bill.Bill.java" Intrnl_Id="566">
<LocList>
<Loc EndOffset="4611" SrcFileId="2" StartOffset="4586"/>
</LocList>
</BasicStmnt>
</StmntSeq>
</HierarchyLvl>
<HierarchyLvl HierarchyLvlId="177" HierarchyLvlTypeId="8" Intrnl_Id="567" Name="exitInHouseOfCommons">
<Header>
<Loc EndOffset="4657" SrcFileId="2" StartOffset="4619"/>
</Header>
<LocList>
<Loc EndOffset="5529" SrcFileId="2" StartOffset="4619"/>
</LocList>
<StmntSeq Intrnl_Id="568">
<LocList>
<Loc EndOffset="4700" SrcFileId="2" StartOffset="4666"/>
<Loc EndOffset="4791" SrcFileId="2" StartOffset="4710"/>
<Loc EndOffset="5494" SrcFileId="2" StartOffset="4796"/>
<Loc EndOffset="5525" SrcFileId="2" StartOffset="5500"/>
</LocList>
<BasicStmnt CovItemId="S73" CovItemPrefix="bill.Bill.java" Intrnl_Id="569">
<LocList>
<Loc EndOffset="4700" SrcFileId="2" StartOffset="4666"/>
</LocList>
</BasicStmnt>
<BasicStmnt CovItemId="S74" CovItemPrefix="bill.Bill.java" Intrnl_Id="570">
<LocList>
<Loc EndOffset="4791" SrcFileId="2" StartOffset="4710"/>
</LocList>
</BasicStmnt>
<CondStmnt CovItemId="S75" CovItemPrefix="bill.Bill.java" Intrnl_Id="571">
<Branch CovItemId="B18" CovItemPrefix="bill.Bill.java" Implct="false" Intrnl_Id="572">
<Cond>
<Loc EndOffset="4861" SrcFileId="2" StartOffset="4844"/>
</Cond>
<LocList>
<Loc EndOffset="4981" SrcFileId="2" StartOffset="4871"/>
</LocList>
<StmntSeq Intrnl_Id="573">
<LocList>
<Loc EndOffset="4932" SrcFileId="2" StartOffset="4871"/>
<Loc EndOffset="4966" SrcFileId="2" StartOffset="4941"/>
<Loc EndOffset="4981" SrcFileId="2" StartOffset="4975"/>
</LocList>
<BasicStmnt CovItemId="S76" CovItemPrefix="bill.Bill.java" Intrnl_Id="574">
<LocList>
<Loc EndOffset="4932" SrcFileId="2" StartOffset="4871"/>
</LocList>
</BasicStmnt>
<BasicStmnt CovItemId="S77" CovItemPrefix="bill.Bill.java" Intrnl_Id="575">
<LocList>
<Loc EndOffset="4966" SrcFileId="2" StartOffset="4941"/>
</LocList>
</BasicStmnt>
<BasicStmnt CovItemId="S78" CovItemPrefix="bill.Bill.java" Intrnl_Id="576">
<LocList>
<Loc EndOffset="4981" SrcFileId="2" StartOffset="4975"/>
</LocList>
</BasicStmnt>
</StmntSeq>
</Branch>
<Branch CovItemId="B19" CovItemPrefix="bill.Bill.java" Implct="false" Intrnl_Id="577">
<Cond>
<Loc EndOffset="5006" SrcFileId="2" StartOffset="4988"/>
</Cond>
<LocList>
<Loc EndOffset="5126" SrcFileId="2" StartOffset="5016"/>
</LocList>
<StmntSeq Intrnl_Id="578">
<LocList>
<Loc EndOffset="5077" SrcFileId="2" StartOffset="5016"/>
<Loc EndOffset="5111" SrcFileId="2" StartOffset="5086"/>
<Loc EndOffset="5126" SrcFileId="2" StartOffset="5120"/>
</LocList>
<BasicStmnt CovItemId="S79" CovItemPrefix="bill.Bill.java" Intrnl_Id="579">
<LocList>
<Loc EndOffset="5077" SrcFileId="2" StartOffset="5016"/>
</LocList>
</BasicStmnt>
<BasicStmnt CovItemId="S80" CovItemPrefix="bill.Bill.java" Intrnl_Id="580">
<LocList>
<Loc EndOffset="5111" SrcFileId="2" StartOffset="5086"/>
</LocList>
</BasicStmnt>
<BasicStmnt CovItemId="S81" CovItemPrefix="bill.Bill.java" Intrnl_Id="581">
<LocList>
<Loc EndOffset="5126" SrcFileId="2" StartOffset="5120"/>
</LocList>
</BasicStmnt>
</StmntSeq>
</Branch>
<Branch CovItemId="B20" CovItemPrefix="bill.Bill.java" Implct="false" Intrnl_Id="582">
<Cond>
<Loc EndOffset="5160" SrcFileId="2" StartOffset="5133"/>
</Cond>
<LocList>
<Loc EndOffset="5280" SrcFileId="2" StartOffset="5170"/>
</LocList>
<StmntSeq Intrnl_Id="583">
<LocList>
<Loc EndOffset="5231" SrcFileId="2" StartOffset="5170"/>
<Loc EndOffset="5265" SrcFileId="2" StartOffset="5240"/>
<Loc EndOffset="5280" SrcFileId="2" StartOffset="5274"/>
</LocList>
<BasicStmnt CovItemId="S82" CovItemPrefix="bill.Bill.java" Intrnl_Id="584">
<LocList>
<Loc EndOffset="5231" SrcFileId="2" StartOffset="5170"/>
</LocList>
</BasicStmnt>
<BasicStmnt CovItemId="S83" CovItemPrefix="bill.Bill.java" Intrnl_Id="585">
<LocList>
<Loc EndOffset="5265" SrcFileId="2" StartOffset="5240"/>
</LocList>
</BasicStmnt>
<BasicStmnt CovItemId="S84" CovItemPrefix="bill.Bill.java" Intrnl_Id="586">
<LocList>
<Loc EndOffset="5280" SrcFileId="2" StartOffset="5274"/>
</LocList>
</BasicStmnt>
</StmntSeq>
</Branch>
<Branch CovItemId="B21" CovItemPrefix="bill.Bill.java" Implct="false" Intrnl_Id="587">
<Cond>
<Loc EndOffset="5304" SrcFileId="2" StartOffset="5287"/>
</Cond>
<LocList>
<Loc EndOffset="5424" SrcFileId="2" StartOffset="5314"/>
</LocList>
<StmntSeq Intrnl_Id="588">
<LocList>
<Loc EndOffset="5375" SrcFileId="2" StartOffset="5314"/>
<Loc EndOffset="5409" SrcFileId="2" StartOffset="5384"/>
<Loc EndOffset="5424" SrcFileId="2" StartOffset="5418"/>
</LocList>
<BasicStmnt CovItemId="S85" CovItemPrefix="bill.Bill.java" Intrnl_Id="589">
<LocList>
<Loc EndOffset="5375" SrcFileId="2" StartOffset="5314"/>
</LocList>
</BasicStmnt>
<BasicStmnt CovItemId="S86" CovItemPrefix="bill.Bill.java" Intrnl_Id="590">
<LocList>
<Loc EndOffset="5409" SrcFileId="2" StartOffset="5384"/>
</LocList>
</BasicStmnt>
<BasicStmnt CovItemId="S87" CovItemPrefix="bill.Bill.java" Intrnl_Id="591">
<LocList>
<Loc EndOffset="5424" SrcFileId="2" StartOffset="5418"/>
</LocList>
</BasicStmnt>
</StmntSeq>
</Branch>
<Branch CovItemId="B22" CovItemPrefix="bill.Bill.java" Implct="false" Intrnl_Id="592">
<Cond>
<Loc EndOffset="5438" SrcFileId="2" StartOffset="5431"/>
</Cond>
<LocList/>
<StmntSeq Intrnl_Id="593">
<LocList/>
</StmntSeq>
</Branch>
<Keyword EndOffset="4802" SrcFileId="2" StartOffset="4796"/>
<LocList>
<Loc EndOffset="5494" SrcFileId="2" StartOffset="4796"/>
</LocList>
</CondStmnt>
<BasicStmnt CovItemId="S88" CovItemPrefix="bill.Bill.java" Intrnl_Id="594">
<LocList>
<Loc EndOffset="5525" SrcFileId="2" StartOffset="5500"/>
</LocList>
</BasicStmnt>
</StmntSeq>
</HierarchyLvl>
<HierarchyLvl HierarchyLvlId="178" HierarchyLvlTypeId="8" Intrnl_Id="595" Name="votePasses">
<Header>
<Loc EndOffset="5560" SrcFileId="2" StartOffset="5533"/>
</Header>
<LocList>
<Loc EndOffset="7777" SrcFileId="2" StartOffset="5533"/>
</LocList>
<StmntSeq Intrnl_Id="596">
<LocList>
<Loc EndOffset="5603" SrcFileId="2" StartOffset="5569"/>
<Loc EndOffset="5694" SrcFileId="2" StartOffset="5613"/>
<Loc EndOffset="5756" SrcFileId="2" StartOffset="5699"/>
<Loc EndOffset="6754" SrcFileId="2" StartOffset="5761"/>
<Loc EndOffset="7742" SrcFileId="2" StartOffset="6760"/>
<Loc EndOffset="7773" SrcFileId="2" StartOffset="7748"/>
</LocList>
<BasicStmnt CovItemId="S89" CovItemPrefix="bill.Bill.java" Intrnl_Id="597">
<LocList>
<Loc EndOffset="5603" SrcFileId="2" StartOffset="5569"/>
</LocList>
</BasicStmnt>
<BasicStmnt CovItemId="S90" CovItemPrefix="bill.Bill.java" Intrnl_Id="598">
<LocList>
<Loc EndOffset="5694" SrcFileId="2" StartOffset="5613"/>
</LocList>
</BasicStmnt>
<BasicStmnt CovItemId="S91" CovItemPrefix="bill.Bill.java" Intrnl_Id="599">
<LocList>
<Loc EndOffset="5756" SrcFileId="2" StartOffset="5699"/>
</LocList>
</BasicStmnt>
<CondStmnt CovItemId="S92" CovItemPrefix="bill.Bill.java" Intrnl_Id="600">
<Branch CovItemId="B23" CovItemPrefix="bill.Bill.java" Implct="false" Intrnl_Id="601">
<Cond>
<Loc EndOffset="5826" SrcFileId="2" StartOffset="5809"/>
</Cond>
<LocList>
<Loc EndOffset="5955" SrcFileId="2" StartOffset="5836"/>
</LocList>
<StmntSeq Intrnl_Id="602">
<LocList>
<Loc EndOffset="5906" SrcFileId="2" StartOffset="5836"/>
<Loc EndOffset="5940" SrcFileId="2" StartOffset="5915"/>
<Loc EndOffset="5955" SrcFileId="2" StartOffset="5949"/>
</LocList>
<BasicStmnt CovItemId="S93" CovItemPrefix="bill.Bill.java" Intrnl_Id="603">
<LocList>
<Loc EndOffset="5906" SrcFileId="2" StartOffset="5836"/>
</LocList>
</BasicStmnt>
<BasicStmnt CovItemId="S94" CovItemPrefix="bill.Bill.java" Intrnl_Id="604">
<LocList>
<Loc EndOffset="5940" SrcFileId="2" StartOffset="5915"/>
</LocList>
</BasicStmnt>
<BasicStmnt CovItemId="S95" CovItemPrefix="bill.Bill.java" Intrnl_Id="605">
<LocList>
<Loc EndOffset="5955" SrcFileId="2" StartOffset="5949"/>
</LocList>
</BasicStmnt>
</StmntSeq>
</Branch>
<Branch CovItemId="B24" CovItemPrefix="bill.Bill.java" Implct="false" Intrnl_Id="606">
<Cond>
<Loc EndOffset="5980" SrcFileId="2" StartOffset="5962"/>
</Cond>
<LocList>
<Loc EndOffset="6118" SrcFileId="2" StartOffset="5990"/>
</LocList>
<StmntSeq Intrnl_Id="607">
<LocList>
<Loc EndOffset="6069" SrcFileId="2" StartOffset="5990"/>
<Loc EndOffset="6103" SrcFileId="2" StartOffset="6078"/>
<Loc EndOffset="6118" SrcFileId="2" StartOffset="6112"/>
</LocList>
<BasicStmnt CovItemId="S96" CovItemPrefix="bill.Bill.java" Intrnl_Id="608">
<LocList>
<Loc EndOffset="6069" SrcFileId="2" StartOffset="5990"/>
</LocList>
</BasicStmnt>
<BasicStmnt CovItemId="S97" CovItemPrefix="bill.Bill.java" Intrnl_Id="609">
<LocList>
<Loc EndOffset="6103" SrcFileId="2" StartOffset="6078"/>
</LocList>
</BasicStmnt>
<BasicStmnt CovItemId="S98" CovItemPrefix="bill.Bill.java" Intrnl_Id="610">
<LocList>
<Loc EndOffset="6118" SrcFileId="2" StartOffset="6112"/>
</LocList>
</BasicStmnt>
</StmntSeq>
</Branch>
<Branch CovItemId="B25" CovItemPrefix="bill.Bill.java" Implct="false" Intrnl_Id="611">
<Cond>
<Loc EndOffset="6152" SrcFileId="2" StartOffset="6125"/>
</Cond>
<LocList>
<Loc EndOffset="6280" SrcFileId="2" StartOffset="6162"/>
</LocList>
<StmntSeq Intrnl_Id="612">
<LocList>
<Loc EndOffset="6231" SrcFileId="2" StartOffset="6162"/>
<Loc EndOffset="6265" SrcFileId="2" StartOffset="6240"/>
<Loc EndOffset="6280" SrcFileId="2" StartOffset="6274"/>
</LocList>
<BasicStmnt CovItemId="S99" CovItemPrefix="bill.Bill.java" Intrnl_Id="613">
<LocList>
<Loc EndOffset="6231" SrcFileId="2" StartOffset="6162"/>
</LocList>
</BasicStmnt>
<BasicStmnt CovItemId="S100" CovItemPrefix="bill.Bill.java" Intrnl_Id="614">
<LocList>
<Loc EndOffset="6265" SrcFileId="2" StartOffset="6240"/>
</LocList>
</BasicStmnt>
<BasicStmnt CovItemId="S101" CovItemPrefix="bill.Bill.java" Intrnl_Id="615">
<LocList>
<Loc EndOffset="6280" SrcFileId="2" StartOffset="6274"/>
</LocList>
</BasicStmnt>
</StmntSeq>
</Branch>
<Branch CovItemId="B26" CovItemPrefix="bill.Bill.java" Implct="false" Intrnl_Id="616">
<Cond>
<Loc EndOffset="6304" SrcFileId="2" StartOffset="6287"/>
</Cond>
<LocList>
<Loc EndOffset="6684" SrcFileId="2" StartOffset="6314"/>
</LocList>
<StmntSeq Intrnl_Id="617">
<LocList>
<Loc EndOffset="6481" SrcFileId="2" StartOffset="6314"/>
<Loc EndOffset="6669" SrcFileId="2" StartOffset="6490"/>
<Loc EndOffset="6684" SrcFileId="2" StartOffset="6678"/>
</LocList>
<CondStmnt CovItemId="S102" CovItemPrefix="bill.Bill.java" Intrnl_Id="618">
<Branch CovItemId="B27" CovItemPrefix="bill.Bill.java" Implct="false" Intrnl_Id="619">
<Cond/>
<LocList>
<Loc EndOffset="6481" SrcFileId="2" StartOffset="6346"/>
</LocList>
<StmntSeq Intrnl_Id="620">
<LocList>
<Loc EndOffset="6374" SrcFileId="2" StartOffset="6358"/>
<Loc EndOffset="6418" SrcFileId="2" StartOffset="6385"/>
<Loc EndOffset="6454" SrcFileId="2" StartOffset="6429"/>
<Loc EndOffset="6471" SrcFileId="2" StartOffset="6465"/>
</LocList>
<BasicStmnt CovItemId="S103" CovItemPrefix="bill.Bill.java" Intrnl_Id="621">
<LocList>
<Loc EndOffset="6374" SrcFileId="2" StartOffset="6358"/>
</LocList>
</BasicStmnt>
<BasicStmnt CovItemId="S104" CovItemPrefix="bill.Bill.java" Intrnl_Id="622">
<LocList>
<Loc EndOffset="6418" SrcFileId="2" StartOffset="6385"/>
</LocList>
</BasicStmnt>
<BasicStmnt CovItemId="S105" CovItemPrefix="bill.Bill.java" Intrnl_Id="623">
<LocList>
<Loc EndOffset="6454" SrcFileId="2" StartOffset="6429"/>
</LocList>
</BasicStmnt>
<BasicStmnt CovItemId="S106" CovItemPrefix="bill.Bill.java" Intrnl_Id="624">
<LocList>
<Loc EndOffset="6471" SrcFileId="2" StartOffset="6465"/>
</LocList>
</BasicStmnt>
</StmntSeq>
</Branch>
<Branch CovItemId="B28" CovItemPrefix="bill.Bill.java" Implct="true" Intrnl_Id="625">
<Cond/>
<LocList/>
<StmntSeq Intrnl_Id="626">
<LocList/>
</StmntSeq>
</Branch>
<Keyword EndOffset="6316" SrcFileId="2" StartOffset="6314"/>
<LocList>
<Loc EndOffset="6481" SrcFileId="2" StartOffset="6314"/>
</LocList>
<RootTerm CovItemId="C1" CovItemPrefix="bill.Bill.java" Intrnl_Id="627">
<BasicBoolTerm Intrnl_Id="628">
<LocList>
<Loc EndOffset="6336" SrcFileId="2" StartOffset="6318"/>
</LocList>
</BasicBoolTerm>
</RootTerm>
</CondStmnt>
<CondStmnt CovItemId="S107" CovItemPrefix="bill.Bill.java" Intrnl_Id="629">
<Branch CovItemId="B29" CovItemPrefix="bill.Bill.java" Implct="false" Intrnl_Id="630">
<Cond/>
<LocList>
<Loc EndOffset="6669" SrcFileId="2" StartOffset="6523"/>
</LocList>
<StmntSeq Intrnl_Id="631">
<LocList>
<Loc EndOffset="6551" SrcFileId="2" StartOffset="6535"/>
<Loc EndOffset="6606" SrcFileId="2" StartOffset="6562"/>
<Loc EndOffset="6642" SrcFileId="2" StartOffset="6617"/>
<Loc EndOffset="6659" SrcFileId="2" StartOffset="6653"/>
</LocList>
<BasicStmnt CovItemId="S108" CovItemPrefix="bill.Bill.java" Intrnl_Id="632">
<LocList>
<Loc EndOffset="6551" SrcFileId="2" StartOffset="6535"/>
</LocList>
</BasicStmnt>
<BasicStmnt CovItemId="S109" CovItemPrefix="bill.Bill.java" Intrnl_Id="633">
<LocList>
<Loc EndOffset="6606" SrcFileId="2" StartOffset="6562"/>
</LocList>
</BasicStmnt>
<BasicStmnt CovItemId="S110" CovItemPrefix="bill.Bill.java" Intrnl_Id="634">
<LocList>
<Loc EndOffset="6642" SrcFileId="2" StartOffset="6617"/>
</LocList>
</BasicStmnt>
<BasicStmnt CovItemId="S111" CovItemPrefix="bill.Bill.java" Intrnl_Id="635">
<LocList>
<Loc EndOffset="6659" SrcFileId="2" StartOffset="6653"/>
</LocList>
</BasicStmnt>
</StmntSeq>
</Branch>
<Branch CovItemId="B30" CovItemPrefix="bill.Bill.java" Implct="true" Intrnl_Id="636">
<Cond/>
<LocList/>
<StmntSeq Intrnl_Id="637">
<LocList/>
</StmntSeq>
</Branch>
<Keyword EndOffset="6492" SrcFileId="2" StartOffset="6490"/>
<LocList>
<Loc EndOffset="6669" SrcFileId="2" StartOffset="6490"/>
</LocList>
<RootTerm CovItemId="C2" CovItemPrefix="bill.Bill.java" Intrnl_Id="638">
<OpTerm BooleanOpId="3" Intrnl_Id="639">
<BasicBoolTerm Intrnl_Id="640">
<LocList>
<Loc EndOffset="6513" SrcFileId="2" StartOffset="6495"/>
</LocList>
</BasicBoolTerm>
<LocList>
<Loc EndOffset="6495" SrcFileId="2" StartOffset="6494"/>
</LocList>
</OpTerm>
</RootTerm>
</CondStmnt>
<BasicStmnt CovItemId="S112" CovItemPrefix="bill.Bill.java" Intrnl_Id="641">
<LocList>
<Loc EndOffset="6684" SrcFileId="2" StartOffset="6678"/>
</LocList>
</BasicStmnt>
</StmntSeq>
</Branch>
<Branch CovItemId="B31" CovItemPrefix="bill.Bill.java" Implct="false" Intrnl_Id="642">
<Cond>
<Loc EndOffset="6698" SrcFileId="2" StartOffset="6691"/>
</Cond>
<LocList/>
<StmntSeq Intrnl_Id="643">
<LocList/>
</StmntSeq>
</Branch>
<Keyword EndOffset="5767" SrcFileId="2" StartOffset="5761"/>
<LocList>
<Loc EndOffset="6754" SrcFileId="2" StartOffset="5761"/>
</LocList>
</CondStmnt>
<CondStmnt CovItemId="S113" CovItemPrefix="bill.Bill.java" Intrnl_Id="644">
<Branch CovItemId="B32" CovItemPrefix="bill.Bill.java" Implct="false" Intrnl_Id="645">
<Cond>
<Loc EndOffset="6818" SrcFileId="2" StartOffset="6800"/>
</Cond>
<LocList>
<Loc EndOffset="6932" SrcFileId="2" StartOffset="6828"/>
</LocList>
<StmntSeq Intrnl_Id="646">
<LocList>
<Loc EndOffset="6883" SrcFileId="2" StartOffset="6828"/>
<Loc EndOffset="6917" SrcFileId="2" StartOffset="6892"/>
<Loc EndOffset="6932" SrcFileId="2" StartOffset="6926"/>
</LocList>
<BasicStmnt CovItemId="S114" CovItemPrefix="bill.Bill.java" Intrnl_Id="647">
<LocList>
<Loc EndOffset="6883" SrcFileId="2" StartOffset="6828"/>
</LocList>
</BasicStmnt>
<BasicStmnt CovItemId="S115" CovItemPrefix="bill.Bill.java" Intrnl_Id="648">
<LocList>
<Loc EndOffset="6917" SrcFileId="2" StartOffset="6892"/>
</LocList>
</BasicStmnt>
<BasicStmnt CovItemId="S116" CovItemPrefix="bill.Bill.java" Intrnl_Id="649">
<LocList>
<Loc EndOffset="6932" SrcFileId="2" StartOffset="6926"/>
</LocList>
</BasicStmnt>
</StmntSeq>
</Branch>
<Branch CovItemId="B33" CovItemPrefix="bill.Bill.java" Implct="false" Intrnl_Id="650">
<Cond>
<Loc EndOffset="6958" SrcFileId="2" StartOffset="6939"/>
</Cond>
<LocList>
<Loc EndOffset="7081" SrcFileId="2" StartOffset="6968"/>
</LocList>
<StmntSeq Intrnl_Id="651">
<LocList>
<Loc EndOffset="7032" SrcFileId="2" StartOffset="6968"/>
<Loc EndOffset="7066" SrcFileId="2" StartOffset="7041"/>
<Loc EndOffset="7081" SrcFileId="2" StartOffset="7075"/>
</LocList>
<BasicStmnt CovItemId="S117" CovItemPrefix="bill.Bill.java" Intrnl_Id="652">
<LocList>
<Loc EndOffset="7032" SrcFileId="2" StartOffset="6968"/>
</LocList>
</BasicStmnt>
<BasicStmnt CovItemId="S118" CovItemPrefix="bill.Bill.java" Intrnl_Id="653">
<LocList>
<Loc EndOffset="7066" SrcFileId="2" StartOffset="7041"/>
</LocList>
</BasicStmnt>
<BasicStmnt CovItemId="S119" CovItemPrefix="bill.Bill.java" Intrnl_Id="654">
<LocList>
<Loc EndOffset="7081" SrcFileId="2" StartOffset="7075"/>
</LocList>
</BasicStmnt>
</StmntSeq>
</Branch>
<Branch CovItemId="B34" CovItemPrefix="bill.Bill.java" Implct="false" Intrnl_Id="655">
<Cond>
<Loc EndOffset="7116" SrcFileId="2" StartOffset="7088"/>
</Cond>
<LocList>
<Loc EndOffset="7259" SrcFileId="2" StartOffset="7126"/>
</LocList>
<StmntSeq Intrnl_Id="656">
<LocList>
<Loc EndOffset="7180" SrcFileId="2" StartOffset="7126"/>
<Loc EndOffset="7210" SrcFileId="2" StartOffset="7189"/>
<Loc EndOffset="7244" SrcFileId="2" StartOffset="7219"/>
<Loc EndOffset="7259" SrcFileId="2" StartOffset="7253"/>
</LocList>
<BasicStmnt CovItemId="S120" CovItemPrefix="bill.Bill.java" Intrnl_Id="657">
<LocList>
<Loc EndOffset="7180" SrcFileId="2" StartOffset="7126"/>
</LocList>
</BasicStmnt>
<BasicStmnt CovItemId="S121" CovItemPrefix="bill.Bill.java" Intrnl_Id="658">
<LocList>
<Loc EndOffset="7210" SrcFileId="2" StartOffset="7189"/>
</LocList>
</BasicStmnt>
<BasicStmnt CovItemId="S122" CovItemPrefix="bill.Bill.java" Intrnl_Id="659">
<LocList>
<Loc EndOffset="7244" SrcFileId="2" StartOffset="7219"/>
</LocList>
</BasicStmnt>
<BasicStmnt CovItemId="S123" CovItemPrefix="bill.Bill.java" Intrnl_Id="660">
<LocList>
<Loc EndOffset="7259" SrcFileId="2" StartOffset="7253"/>
</LocList>
</BasicStmnt>
</StmntSeq>
</Branch>
<Branch CovItemId="B35" CovItemPrefix="bill.Bill.java" Implct="false" Intrnl_Id="661">
<Cond>
<Loc EndOffset="7284" SrcFileId="2" StartOffset="7266"/>
</Cond>
<LocList>
<Loc EndOffset="7672" SrcFileId="2" StartOffset="7294"/>
</LocList>
<StmntSeq Intrnl_Id="662">
<LocList>
<Loc EndOffset="7472" SrcFileId="2" StartOffset="7294"/>
<Loc EndOffset="7657" SrcFileId="2" StartOffset="7481"/>
<Loc EndOffset="7672" SrcFileId="2" StartOffset="7666"/>
</LocList>
<CondStmnt CovItemId="S124" CovItemPrefix="bill.Bill.java" Intrnl_Id="663">
<Branch CovItemId="B36" CovItemPrefix="bill.Bill.java" Implct="false" Intrnl_Id="664">
<Cond/>
<LocList>
<Loc EndOffset="7472" SrcFileId="2" StartOffset="7326"/>
</LocList>
<StmntSeq Intrnl_Id="665">
<LocList>
<Loc EndOffset="7354" SrcFileId="2" StartOffset="7338"/>
<Loc EndOffset="7409" SrcFileId="2" StartOffset="7365"/>
<Loc EndOffset="7445" SrcFileId="2" StartOffset="7420"/>
<Loc EndOffset="7462" SrcFileId="2" StartOffset="7456"/>
</LocList>
<BasicStmnt CovItemId="S125" CovItemPrefix="bill.Bill.java" Intrnl_Id="666">
<LocList>
<Loc EndOffset="7354" SrcFileId="2" StartOffset="7338"/>
</LocList>
</BasicStmnt>
<BasicStmnt CovItemId="S126" CovItemPrefix="bill.Bill.java" Intrnl_Id="667">
<LocList>
<Loc EndOffset="7409" SrcFileId="2" StartOffset="7365"/>
</LocList>
</BasicStmnt>
<BasicStmnt CovItemId="S127" CovItemPrefix="bill.Bill.java" Intrnl_Id="668">
<LocList>
<Loc EndOffset="7445" SrcFileId="2" StartOffset="7420"/>
</LocList>
</BasicStmnt>
<BasicStmnt CovItemId="S128" CovItemPrefix="bill.Bill.java" Intrnl_Id="669">
<LocList>
<Loc EndOffset="7462" SrcFileId="2" StartOffset="7456"/>
</LocList>
</BasicStmnt>
</StmntSeq>
</Branch>
<Branch CovItemId="B37" CovItemPrefix="bill.Bill.java" Implct="true" Intrnl_Id="670">
<Cond/>
<LocList/>
<StmntSeq Intrnl_Id="671">
<LocList/>
</StmntSeq>
</Branch>
<Keyword EndOffset="7296" SrcFileId="2" StartOffset="7294"/>
<LocList>
<Loc EndOffset="7472" SrcFileId="2" StartOffset="7294"/>
</LocList>
<RootTerm CovItemId="C3" CovItemPrefix="bill.Bill.java" Intrnl_Id="672">
<BasicBoolTerm Intrnl_Id="673">
<LocList>
<Loc EndOffset="7316" SrcFileId="2" StartOffset="7298"/>
</LocList>
</BasicBoolTerm>
</RootTerm>
</CondStmnt>
<CondStmnt CovItemId="S129" CovItemPrefix="bill.Bill.java" Intrnl_Id="674">
<Branch CovItemId="B38" CovItemPrefix="bill.Bill.java" Implct="false" Intrnl_Id="675">
<Cond/>
<LocList>
<Loc EndOffset="7657" SrcFileId="2" StartOffset="7514"/>
</LocList>
<StmntSeq Intrnl_Id="676">
<LocList>
<Loc EndOffset="7542" SrcFileId="2" StartOffset="7526"/>
<Loc EndOffset="7594" SrcFileId="2" StartOffset="7553"/>
<Loc EndOffset="7630" SrcFileId="2" StartOffset="7605"/>
<Loc EndOffset="7647" SrcFileId="2" StartOffset="7641"/>
</LocList>
<BasicStmnt CovItemId="S130" CovItemPrefix="bill.Bill.java" Intrnl_Id="677">
<LocList>
<Loc EndOffset="7542" SrcFileId="2" StartOffset="7526"/>
</LocList>
</BasicStmnt>
<BasicStmnt CovItemId="S131" CovItemPrefix="bill.Bill.java" Intrnl_Id="678">
<LocList>
<Loc EndOffset="7594" SrcFileId="2" StartOffset="7553"/>
</LocList>
</BasicStmnt>
<BasicStmnt CovItemId="S132" CovItemPrefix="bill.Bill.java" Intrnl_Id="679">
<LocList>
<Loc EndOffset="7630" SrcFileId="2" StartOffset="7605"/>
</LocList>
</BasicStmnt>
<BasicStmnt CovItemId="S133" CovItemPrefix="bill.Bill.java" Intrnl_Id="680">
<LocList>
<Loc EndOffset="7647" SrcFileId="2" StartOffset="7641"/>
</LocList>
</BasicStmnt>
</StmntSeq>
</Branch>
<Branch CovItemId="B39" CovItemPrefix="bill.Bill.java" Implct="true" Intrnl_Id="681">
<Cond/>
<LocList/>
<StmntSeq Intrnl_Id="682">
<LocList/>
</StmntSeq>
</Branch>
<Keyword EndOffset="7483" SrcFileId="2" StartOffset="7481"/>
<LocList>
<Loc EndOffset="7657" SrcFileId="2" StartOffset="7481"/>
</LocList>
<RootTerm CovItemId="C4" CovItemPrefix="bill.Bill.java" Intrnl_Id="683">
<OpTerm BooleanOpId="3" Intrnl_Id="684">
<BasicBoolTerm Intrnl_Id="685">
<LocList>
<Loc EndOffset="7504" SrcFileId="2" StartOffset="7486"/>
</LocList>
</BasicBoolTerm>
<LocList>
<Loc EndOffset="7486" SrcFileId="2" StartOffset="7485"/>
</LocList>
</OpTerm>
</RootTerm>
</CondStmnt>
<BasicStmnt CovItemId="S134" CovItemPrefix="bill.Bill.java" Intrnl_Id="686">
<LocList>
<Loc EndOffset="7672" SrcFileId="2" StartOffset="7666"/>
</LocList>
</BasicStmnt>
</StmntSeq>
</Branch>
<Branch CovItemId="B40" CovItemPrefix="bill.Bill.java" Implct="false" Intrnl_Id="687">
<Cond>
<Loc EndOffset="7686" SrcFileId="2" StartOffset="7679"/>
</Cond>
<LocList/>
<StmntSeq Intrnl_Id="688">
<LocList/>
</StmntSeq>
</Branch>
<Keyword EndOffset="6766" SrcFileId="2" StartOffset="6760"/>
<LocList>
<Loc EndOffset="7742" SrcFileId="2" StartOffset="6760"/>
</LocList>
</CondStmnt>
<BasicStmnt CovItemId="S135" CovItemPrefix="bill.Bill.java" Intrnl_Id="689">
<LocList>
<Loc EndOffset="7773" SrcFileId="2" StartOffset="7748"/>
</LocList>
</BasicStmnt>
</StmntSeq>
</HierarchyLvl>
<HierarchyLvl HierarchyLvlId="179" HierarchyLvlTypeId="8" Intrnl_Id="690" Name="exitInSenate">
<Header>
<Loc EndOffset="7811" SrcFileId="2" StartOffset="7781"/>
</Header>
<LocList>
<Loc EndOffset="8591" SrcFileId="2" StartOffset="7781"/>
</LocList>
<StmntSeq Intrnl_Id="691">
<LocList>
<Loc EndOffset="7854" SrcFileId="2" StartOffset="7820"/>
<Loc EndOffset="7921" SrcFileId="2" StartOffset="7864"/>
<Loc EndOffset="8556" SrcFileId="2" StartOffset="7926"/>
<Loc EndOffset="8587" SrcFileId="2" StartOffset="8562"/>
</LocList>
<BasicStmnt CovItemId="S136" CovItemPrefix="bill.Bill.java" Intrnl_Id="692">
<LocList>
<Loc EndOffset="7854" SrcFileId="2" StartOffset="7820"/>
</LocList>
</BasicStmnt>
<BasicStmnt CovItemId="S137" CovItemPrefix="bill.Bill.java" Intrnl_Id="693">
<LocList>
<Loc EndOffset="7921" SrcFileId="2" StartOffset="7864"/>
</LocList>
</BasicStmnt>
<CondStmnt CovItemId="S138" CovItemPrefix="bill.Bill.java" Intrnl_Id="694">
<Branch CovItemId="B41" CovItemPrefix="bill.Bill.java" Implct="false" Intrnl_Id="695">
<Cond>
<Loc EndOffset="7984" SrcFileId="2" StartOffset="7966"/>
</Cond>
<LocList>
<Loc EndOffset="8088" SrcFileId="2" StartOffset="7994"/>
</LocList>
<StmntSeq Intrnl_Id="696">
<LocList>
<Loc EndOffset="8039" SrcFileId="2" StartOffset="7994"/>
<Loc EndOffset="8073" SrcFileId="2" StartOffset="8048"/>
<Loc EndOffset="8088" SrcFileId="2" StartOffset="8082"/>
</LocList>
<BasicStmnt CovItemId="S139" CovItemPrefix="bill.Bill.java" Intrnl_Id="697">
<LocList>
<Loc EndOffset="8039" SrcFileId="2" StartOffset="7994"/>
</LocList>
</BasicStmnt>
<BasicStmnt CovItemId="S140" CovItemPrefix="bill.Bill.java" Intrnl_Id="698">
<LocList>
<Loc EndOffset="8073" SrcFileId="2" StartOffset="8048"/>
</LocList>
</BasicStmnt>
<BasicStmnt CovItemId="S141" CovItemPrefix="bill.Bill.java" Intrnl_Id="699">
<LocList>
<Loc EndOffset="8088" SrcFileId="2" StartOffset="8082"/>
</LocList>
</BasicStmnt>
</StmntSeq>
</Branch>
<Branch CovItemId="B42" CovItemPrefix="bill.Bill.java" Implct="false" Intrnl_Id="700">
<Cond>
<Loc EndOffset="8114" SrcFileId="2" StartOffset="8095"/>
</Cond>
<LocList>
<Loc EndOffset="8218" SrcFileId="2" StartOffset="8124"/>
</LocList>
<StmntSeq Intrnl_Id="701">
<LocList>
<Loc EndOffset="8169" SrcFileId="2" StartOffset="8124"/>
<Loc EndOffset="8203" SrcFileId="2" StartOffset="8178"/>
<Loc EndOffset="8218" SrcFileId="2" StartOffset="8212"/>
</LocList>
<BasicStmnt CovItemId="S142" CovItemPrefix="bill.Bill.java" Intrnl_Id="702">
<LocList>
<Loc EndOffset="8169" SrcFileId="2" StartOffset="8124"/>
</LocList>
</BasicStmnt>
<BasicStmnt CovItemId="S143" CovItemPrefix="bill.Bill.java" Intrnl_Id="703">
<LocList>
<Loc EndOffset="8203" SrcFileId="2" StartOffset="8178"/>
</LocList>
</BasicStmnt>
<BasicStmnt CovItemId="S144" CovItemPrefix="bill.Bill.java" Intrnl_Id="704">
<LocList>
<Loc EndOffset="8218" SrcFileId="2" StartOffset="8212"/>
</LocList>
</BasicStmnt>
</StmntSeq>
</Branch>
<Branch CovItemId="B43" CovItemPrefix="bill.Bill.java" Implct="false" Intrnl_Id="705">
<Cond>
<Loc EndOffset="8253" SrcFileId="2" StartOffset="8225"/>
</Cond>
<LocList>
<Loc EndOffset="8357" SrcFileId="2" StartOffset="8263"/>
</LocList>
<StmntSeq Intrnl_Id="706">
<LocList>
<Loc EndOffset="8308" SrcFileId="2" StartOffset="8263"/>
<Loc EndOffset="8342" SrcFileId="2" StartOffset="8317"/>
<Loc EndOffset="8357" SrcFileId="2" StartOffset="8351"/>
</LocList>
<BasicStmnt CovItemId="S145" CovItemPrefix="bill.Bill.java" Intrnl_Id="707">
<LocList>
<Loc EndOffset="8308" SrcFileId="2" StartOffset="8263"/>
</LocList>
</BasicStmnt>
<BasicStmnt CovItemId="S146" CovItemPrefix="bill.Bill.java" Intrnl_Id="708">
<LocList>
<Loc EndOffset="8342" SrcFileId="2" StartOffset="8317"/>
</LocList>
</BasicStmnt>
<BasicStmnt CovItemId="S147" CovItemPrefix="bill.Bill.java" Intrnl_Id="709">
<LocList>
<Loc EndOffset="8357" SrcFileId="2" StartOffset="8351"/>
</LocList>
</BasicStmnt>
</StmntSeq>
</Branch>
<Branch CovItemId="B44" CovItemPrefix="bill.Bill.java" Implct="false" Intrnl_Id="710">
<Cond>
<Loc EndOffset="8382" SrcFileId="2" StartOffset="8364"/>
</Cond>
<LocList>
<Loc EndOffset="8486" SrcFileId="2" StartOffset="8392"/>
</LocList>
<StmntSeq Intrnl_Id="711">
<LocList>
<Loc EndOffset="8437" SrcFileId="2" StartOffset="8392"/>
<Loc EndOffset="8471" SrcFileId="2" StartOffset="8446"/>
<Loc EndOffset="8486" SrcFileId="2" StartOffset="8480"/>
</LocList>
<BasicStmnt CovItemId="S148" CovItemPrefix="bill.Bill.java" Intrnl_Id="712">
<LocList>
<Loc EndOffset="8437" SrcFileId="2" StartOffset="8392"/>
</LocList>
</BasicStmnt>
<BasicStmnt CovItemId="S149" CovItemPrefix="bill.Bill.java" Intrnl_Id="713">
<LocList>
<Loc EndOffset="8471" SrcFileId="2" StartOffset="8446"/>
</LocList>
</BasicStmnt>
<BasicStmnt CovItemId="S150" CovItemPrefix="bill.Bill.java" Intrnl_Id="714">
<LocList>
<Loc EndOffset="8486" SrcFileId="2" StartOffset="8480"/>
</LocList>
</BasicStmnt>
</StmntSeq>
</Branch>
<Branch CovItemId="B45" CovItemPrefix="bill.Bill.java" Implct="false" Intrnl_Id="715">
<Cond>
<Loc EndOffset="8500" SrcFileId="2" StartOffset="8493"/>
</Cond>
<LocList/>
<StmntSeq Intrnl_Id="716">
<LocList/>
</StmntSeq>
</Branch>
<Keyword EndOffset="7932" SrcFileId="2" StartOffset="7926"/>
<LocList>
<Loc EndOffset="8556" SrcFileId="2" StartOffset="7926"/>
</LocList>
</CondStmnt>
<BasicStmnt CovItemId="S151" CovItemPrefix="bill.Bill.java" Intrnl_Id="717">
<LocList>
<Loc EndOffset="8587" SrcFileId="2" StartOffset="8562"/>
</LocList>
</BasicStmnt>
</StmntSeq>
</HierarchyLvl>
<HierarchyLvl HierarchyLvlId="180" HierarchyLvlTypeId="8" Intrnl_Id="718" Name="exitBillState">
<Header>
<Loc EndOffset="8623" SrcFileId="2" StartOffset="8595"/>
</Header>
<LocList>
<Loc EndOffset="8801" SrcFileId="2" StartOffset="8595"/>
</LocList>
<StmntSeq Intrnl_Id="719">
<LocList>
<Loc EndOffset="8797" SrcFileId="2" StartOffset="8632"/>
</LocList>
<CondStmnt CovItemId="S152" CovItemPrefix="bill.Bill.java" Intrnl_Id="720">
<Branch CovItemId="B46" CovItemPrefix="bill.Bill.java" Implct="false" Intrnl_Id="721">
<Cond>
<Loc EndOffset="8683" SrcFileId="2" StartOffset="8662"/>
</Cond>
<LocList>
<Loc EndOffset="8731" SrcFileId="2" StartOffset="8693"/>
</LocList>
<StmntSeq Intrnl_Id="722">
<LocList>
<Loc EndOffset="8716" SrcFileId="2" StartOffset="8693"/>
<Loc EndOffset="8731" SrcFileId="2" StartOffset="8725"/>
</LocList>
<BasicStmnt CovItemId="S153" CovItemPrefix="bill.Bill.java" Intrnl_Id="723">
<LocList>
<Loc EndOffset="8716" SrcFileId="2" StartOffset="8693"/>
</LocList>
</BasicStmnt>
<BasicStmnt CovItemId="S154" CovItemPrefix="bill.Bill.java" Intrnl_Id="724">
<LocList>
<Loc EndOffset="8731" SrcFileId="2" StartOffset="8725"/>
</LocList>
</BasicStmnt>
</StmntSeq>
</Branch>
<Branch CovItemId="B47" CovItemPrefix="bill.Bill.java" Implct="false" Intrnl_Id="725">
<Cond>
<Loc EndOffset="8751" SrcFileId="2" StartOffset="8738"/>
</Cond>
<LocList>
<Loc EndOffset="8791" SrcFileId="2" StartOffset="8761"/>
</LocList>
<StmntSeq Intrnl_Id="726">
<LocList>
<Loc EndOffset="8776" SrcFileId="2" StartOffset="8761"/>
<Loc EndOffset="8791" SrcFileId="2" StartOffset="8785"/>
</LocList>
<BasicStmnt CovItemId="S155" CovItemPrefix="bill.Bill.java" Intrnl_Id="727">
<LocList>
<Loc EndOffset="8776" SrcFileId="2" StartOffset="8761"/>
</LocList>
</BasicStmnt>
<BasicStmnt CovItemId="S156" CovItemPrefix="bill.Bill.java" Intrnl_Id="728">
<LocList>
<Loc EndOffset="8791" SrcFileId="2" StartOffset="8785"/>
</LocList>
</BasicStmnt>
</StmntSeq>
</Branch>
<Branch CovItemId="B48" CovItemPrefix="bill.Bill.java" Implct="true" Intrnl_Id="729">
<Cond/>
<LocList/>
<StmntSeq Intrnl_Id="730">
<LocList/>
</StmntSeq>
</Branch>
<Keyword EndOffset="8638" SrcFileId="2" StartOffset="8632"/>
<LocList>
<Loc EndOffset="8797" SrcFileId="2" StartOffset="8632"/>
</LocList>
</CondStmnt>
</StmntSeq>
</HierarchyLvl>
<HierarchyLvl HierarchyLvlId="181" HierarchyLvlTypeId="8" Intrnl_Id="731" Name="setBillState">
<Header>
<Loc EndOffset="8852" SrcFileId="2" StartOffset="8805"/>
</Header>
<LocList>
<Loc EndOffset="9305" SrcFileId="2" StartOffset="8805"/>
</LocList>
<StmntSeq Intrnl_Id="732">
<LocList>
<Loc EndOffset="8884" SrcFileId="2" StartOffset="8861"/>
<Loc EndOffset="9301" SrcFileId="2" StartOffset="8929"/>
</LocList>
<BasicStmnt CovItemId="S157" CovItemPrefix="bill.Bill.java" Intrnl_Id="733">
<LocList>
<Loc EndOffset="8884" SrcFileId="2" StartOffset="8861"/>
</LocList>
</BasicStmnt>
<CondStmnt CovItemId="S158" CovItemPrefix="bill.Bill.java" Intrnl_Id="734">
<Branch CovItemId="B49" CovItemPrefix="bill.Bill.java" Implct="false" Intrnl_Id="735">
<Cond>
<Loc EndOffset="8980" SrcFileId="2" StartOffset="8959"/>
</Cond>
<LocList>
<Loc EndOffset="9143" SrcFileId="2" StartOffset="8990"/>
</LocList>
<StmntSeq Intrnl_Id="736">
<LocList>
<Loc EndOffset="9128" SrcFileId="2" StartOffset="8990"/>
<Loc EndOffset="9143" SrcFileId="2" StartOffset="9137"/>
</LocList>
<CondStmnt CovItemId="S159" CovItemPrefix="bill.Bill.java" Intrnl_Id="737">
<Branch CovItemId="B50" CovItemPrefix="bill.Bill.java" Implct="false" Intrnl_Id="738">
<Cond/>
<LocList>
<Loc EndOffset="9128" SrcFileId="2" StartOffset="9055"/>
</LocList>
<StmntSeq Intrnl_Id="739">
<LocList>
<Loc EndOffset="9126" SrcFileId="2" StartOffset="9057"/>
</LocList>
<BasicStmnt CovItemId="S160" CovItemPrefix="bill.Bill.java" Intrnl_Id="740">
<LocList>
<Loc EndOffset="9126" SrcFileId="2" StartOffset="9057"/>
</LocList>
</BasicStmnt>
</StmntSeq>
</Branch>
<Branch CovItemId="B51" CovItemPrefix="bill.Bill.java" Implct="true" Intrnl_Id="741">
<Cond/>
<LocList/>
<StmntSeq Intrnl_Id="742">
<LocList/>
</StmntSeq>
</Branch>
<Keyword EndOffset="8992" SrcFileId="2" StartOffset="8990"/>
<LocList>
<Loc EndOffset="9128" SrcFileId="2" StartOffset="8990"/>
</LocList>
<RootTerm CovItemId="C5" CovItemPrefix="bill.Bill.java" Intrnl_Id="743">
<BasicBoolTerm Intrnl_Id="744">
<LocList>
<Loc EndOffset="9053" SrcFileId="2" StartOffset="8994"/>
</LocList>
</BasicBoolTerm>
</RootTerm>
</CondStmnt>
<BasicStmnt CovItemId="S161" CovItemPrefix="bill.Bill.java" Intrnl_Id="745">
<LocList>
<Loc EndOffset="9143" SrcFileId="2" StartOffset="9137"/>
</LocList>
</BasicStmnt>
</StmntSeq>
</Branch>
<Branch CovItemId="B52" CovItemPrefix="bill.Bill.java" Implct="false" Intrnl_Id="746">
<Cond>
<Loc EndOffset="9163" SrcFileId="2" StartOffset="9150"/>
</Cond>
<LocList>
<Loc EndOffset="9295" SrcFileId="2" StartOffset="9173"/>
</LocList>
<StmntSeq Intrnl_Id="747">
<LocList>
<Loc EndOffset="9280" SrcFileId="2" StartOffset="9173"/>
<Loc EndOffset="9295" SrcFileId="2" StartOffset="9289"/>
</LocList>
<CondStmnt CovItemId="S162" CovItemPrefix="bill.Bill.java" Intrnl_Id="748">
<Branch CovItemId="B53" CovItemPrefix="bill.Bill.java" Implct="false" Intrnl_Id="749">
<Cond/>
<LocList>
<Loc EndOffset="9280" SrcFileId="2" StartOffset="9222"/>
</LocList>
<StmntSeq Intrnl_Id="750">
<LocList>
<Loc EndOffset="9278" SrcFileId="2" StartOffset="9224"/>
</LocList>
<BasicStmnt CovItemId="S163" CovItemPrefix="bill.Bill.java" Intrnl_Id="751">
<LocList>
<Loc EndOffset="9278" SrcFileId="2" StartOffset="9224"/>
</LocList>
</BasicStmnt>
</StmntSeq>
</Branch>
<Branch CovItemId="B54" CovItemPrefix="bill.Bill.java" Implct="true" Intrnl_Id="752">
<Cond/>
<LocList/>
<StmntSeq Intrnl_Id="753">
<LocList/>
</StmntSeq>
</Branch>
<Keyword EndOffset="9175" SrcFileId="2" StartOffset="9173"/>
<LocList>
<Loc EndOffset="9280" SrcFileId="2" StartOffset="9173"/>
</LocList>
<RootTerm CovItemId="C6" CovItemPrefix="bill.Bill.java" Intrnl_Id="754">
<BasicBoolTerm Intrnl_Id="755">
<LocList>
<Loc EndOffset="9220" SrcFileId="2" StartOffset="9177"/>
</LocList>
</BasicBoolTerm>
</RootTerm>
</CondStmnt>
<BasicStmnt CovItemId="S164" CovItemPrefix="bill.Bill.java" Intrnl_Id="756">
<LocList>
<Loc EndOffset="9295" SrcFileId="2" StartOffset="9289"/>
</LocList>
</BasicStmnt>
</StmntSeq>
</Branch>
<Branch CovItemId="B55" CovItemPrefix="bill.Bill.java" Implct="true" Intrnl_Id="757">
<Cond/>
<LocList/>
<StmntSeq Intrnl_Id="758">
<LocList/>
</StmntSeq>
</Branch>
<Keyword EndOffset="8935" SrcFileId="2" StartOffset="8929"/>
<LocList>
<Loc EndOffset="9301" SrcFileId="2" StartOffset="8929"/>
</LocList>
</CondStmnt>
</StmntSeq>
</HierarchyLvl>
<HierarchyLvl HierarchyLvlId="182" HierarchyLvlTypeId="8" Intrnl_Id="759" Name="setBillStateInHouseOfCommons">
<Header>
<Loc EndOffset="9404" SrcFileId="2" StartOffset="9309"/>
</Header>
<LocList>
<Loc EndOffset="9631" SrcFileId="2" StartOffset="9309"/>
</LocList>
<StmntSeq Intrnl_Id="760">
<LocList>
<Loc EndOffset="9468" SrcFileId="2" StartOffset="9413"/>
<Loc EndOffset="9627" SrcFileId="2" StartOffset="9473"/>
</LocList>
<BasicStmnt CovItemId="S165" CovItemPrefix="bill.Bill.java" Intrnl_Id="761">
<LocList>
<Loc EndOffset="9468" SrcFileId="2" StartOffset="9413"/>
</LocList>
</BasicStmnt>
<CondStmnt CovItemId="S166" CovItemPrefix="bill.Bill.java" Intrnl_Id="762">
<Branch CovItemId="B56" CovItemPrefix="bill.Bill.java" Implct="false" Intrnl_Id="763">
<Cond/>
<LocList>
<Loc EndOffset="9627" SrcFileId="2" StartOffset="9582"/>
</LocList>
<StmntSeq Intrnl_Id="764">
<LocList>
<Loc EndOffset="9625" SrcFileId="2" StartOffset="9584"/>
</LocList>
<BasicStmnt CovItemId="S167" CovItemPrefix="bill.Bill.java" Intrnl_Id="765">
<LocList>
<Loc EndOffset="9625" SrcFileId="2" StartOffset="9584"/>
</LocList>
</BasicStmnt>
</StmntSeq>
</Branch>
<Branch CovItemId="B57" CovItemPrefix="bill.Bill.java" Implct="true" Intrnl_Id="766">
<Cond/>
<LocList/>
<StmntSeq Intrnl_Id="767">
<LocList/>
</StmntSeq>
</Branch>
<Keyword EndOffset="9475" SrcFileId="2" StartOffset="9473"/>
<LocList>
<Loc EndOffset="9627" SrcFileId="2" StartOffset="9473"/>
</LocList>
<RootTerm CovItemId="C7" CovItemPrefix="bill.Bill.java" Intrnl_Id="768">
<OpTerm BooleanOpId="4" Intrnl_Id="769">
<BasicBoolTerm Intrnl_Id="770">
<LocList>
<Loc EndOffset="9516" SrcFileId="2" StartOffset="9477"/>
</LocList>
</BasicBoolTerm>
<BasicBoolTerm Intrnl_Id="771">
<LocList>
<Loc EndOffset="9580" SrcFileId="2" StartOffset="9520"/>
</LocList>
</BasicBoolTerm>
<LocList>
<Loc EndOffset="9519" SrcFileId="2" StartOffset="9517"/>
</LocList>
</OpTerm>
</RootTerm>
</CondStmnt>
</StmntSeq>
</HierarchyLvl>
<HierarchyLvl HierarchyLvlId="183" HierarchyLvlTypeId="8" Intrnl_Id="772" Name="setBillStateInSenate">
<Header>
<Loc EndOffset="9706" SrcFileId="2" StartOffset="9635"/>
</Header>
<LocList>
<Loc EndOffset="9885" SrcFileId="2" StartOffset="9635"/>
</LocList>
<StmntSeq Intrnl_Id="773">
<LocList>
<Loc EndOffset="9754" SrcFileId="2" StartOffset="9715"/>
<Loc EndOffset="9881" SrcFileId="2" StartOffset="9759"/>
</LocList>
<BasicStmnt CovItemId="S168" CovItemPrefix="bill.Bill.java" Intrnl_Id="774">
<LocList>
<Loc EndOffset="9754" SrcFileId="2" StartOffset="9715"/>
</LocList>
</BasicStmnt>
<CondStmnt CovItemId="S169" CovItemPrefix="bill.Bill.java" Intrnl_Id="775">
<Branch CovItemId="B58" CovItemPrefix="bill.Bill.java" Implct="false" Intrnl_Id="776">
<Cond/>
<LocList>
<Loc EndOffset="9881" SrcFileId="2" StartOffset="9844"/>
</LocList>
<StmntSeq Intrnl_Id="777">
<LocList>
<Loc EndOffset="9879" SrcFileId="2" StartOffset="9846"/>
</LocList>
<BasicStmnt CovItemId="S170" CovItemPrefix="bill.Bill.java" Intrnl_Id="778">
<LocList>
<Loc EndOffset="9879" SrcFileId="2" StartOffset="9846"/>
</LocList>
</BasicStmnt>
</StmntSeq>
</Branch>
<Branch CovItemId="B59" CovItemPrefix="bill.Bill.java" Implct="true" Intrnl_Id="779">
<Cond/>
<LocList/>
<StmntSeq Intrnl_Id="780">
<LocList/>
</StmntSeq>
</Branch>
<Keyword EndOffset="9761" SrcFileId="2" StartOffset="9759"/>
<LocList>
<Loc EndOffset="9881" SrcFileId="2" StartOffset="9759"/>
</LocList>
<RootTerm CovItemId="C8" CovItemPrefix="bill.Bill.java" Intrnl_Id="781">
<OpTerm BooleanOpId="4" Intrnl_Id="782">
<BasicBoolTerm Intrnl_Id="783">
<LocList>
<Loc EndOffset="9794" SrcFileId="2" StartOffset="9763"/>
</LocList>
</BasicBoolTerm>
<BasicBoolTerm Intrnl_Id="784">
<LocList>
<Loc EndOffset="9842" SrcFileId="2" StartOffset="9798"/>
</LocList>
</BasicBoolTerm>
<LocList>
<Loc EndOffset="9797" SrcFileId="2" StartOffset="9795"/>
</LocList>
</OpTerm>
</RootTerm>
</CondStmnt>
</StmntSeq>
</HierarchyLvl>
<HierarchyLvl HierarchyLvlId="184" HierarchyLvlTypeId="8" Intrnl_Id="785" Name="delete">
<Header>
<Loc EndOffset="9909" SrcFileId="2" StartOffset="9889"/>
</Header>
<LocList>
<Loc EndOffset="9914" SrcFileId="2" StartOffset="9889"/>
</LocList>
</HierarchyLvl>
<HierarchyLvl HierarchyLvlId="185" HierarchyLvlTypeId="8" Intrnl_Id="786" Name="toString">
<Header>
<Loc EndOffset="9943" SrcFileId="2" StartOffset="9919"/>
</Header>
<LocList>
<Loc EndOffset="10096" SrcFileId="2" StartOffset="9919"/>
</LocList>
<StmntSeq Intrnl_Id="787">
<LocList>
<Loc EndOffset="9976" SrcFileId="2" StartOffset="9951"/>
<Loc EndOffset="10092" SrcFileId="2" StartOffset="9981"/>
</LocList>
<BasicStmnt CovItemId="S171" CovItemPrefix="bill.Bill.java" Intrnl_Id="788">
<LocList>
<Loc EndOffset="9976" SrcFileId="2" StartOffset="9951"/>
</LocList>
</BasicStmnt>
<BasicStmnt CovItemId="S172" CovItemPrefix="bill.Bill.java" Intrnl_Id="789">
<LocList>
<Loc EndOffset="10092" SrcFileId="2" StartOffset="9981"/>
</LocList>
</BasicStmnt>
</StmntSeq>
</HierarchyLvl>
<HierarchyLvl HierarchyLvlId="186" HierarchyLvlTypeId="8" Intrnl_Id="790" Name="getBillState">
<Header>
<Loc EndOffset="10707" SrcFileId="2" StartOffset="10679"/>
</Header>
<LocList>
<Loc EndOffset="10748" SrcFileId="2" StartOffset="10679"/>
</LocList>
<StmntSeq Intrnl_Id="791">
<LocList>
<Loc EndOffset="10744" SrcFileId="2" StartOffset="10716"/>
</LocList>
<BasicStmnt CovItemId="S173" CovItemPrefix="bill.Bill.java" Intrnl_Id="792">
<LocList>
<Loc EndOffset="10744" SrcFileId="2" StartOffset="10716"/>
</LocList>
</BasicStmnt>
</StmntSeq>
</HierarchyLvl>
<HierarchyLvl HierarchyLvlId="187" HierarchyLvlTypeId="8" Intrnl_Id="793" Name="getBillStateInHouseOfCommons">
<Header>
<Loc EndOffset="10859" SrcFileId="2" StartOffset="10815"/>
</Header>
<LocList>
<Loc EndOffset="10915" SrcFileId="2" StartOffset="10815"/>
</LocList>
<StmntSeq Intrnl_Id="794">
<LocList>
<Loc EndOffset="10911" SrcFileId="2" StartOffset="10867"/>
</LocList>
<BasicStmnt CovItemId="S174" CovItemPrefix="bill.Bill.java" Intrnl_Id="795">
<LocList>
<Loc EndOffset="10911" SrcFileId="2" StartOffset="10867"/>
</LocList>
</BasicStmnt>
</StmntSeq>
</HierarchyLvl>
<HierarchyLvl HierarchyLvlId="188" HierarchyLvlTypeId="8" Intrnl_Id="796" Name="getBillStateInSenate">
<Header>
<Loc EndOffset="11010" SrcFileId="2" StartOffset="10974"/>
</Header>
<LocList>
<Loc EndOffset="11058" SrcFileId="2" StartOffset="10974"/>
</LocList>
<StmntSeq Intrnl_Id="797">
<LocList>
<Loc EndOffset="11054" SrcFileId="2" StartOffset="11018"/>
</LocList>
<BasicStmnt CovItemId="S175" CovItemPrefix="bill.Bill.java" Intrnl_Id="798">
<LocList>
<Loc EndOffset="11054" SrcFileId="2" StartOffset="11018"/>
</LocList>
</BasicStmnt>
</StmntSeq>
</HierarchyLvl>
</HierarchyLvl>
</HierarchyLvl>
</HierarchyLvl>
</MASTRoot>
</TestSessionContainer>
